0,0.2,10.4,0.2,0.1
0,0.2,0.1,0.1,0.2
0,0.2,0.1,0.1,0.2
0,0.2,0.1,0.2,0.1
0,0.1,0.2,0.1,0.1
0,0.1,0.2,0.1,0.1
0,0.1,0.1,0.1,0.1
0,0.1,0.1,0.1,0.2
0,0.1,0.1,0.1,0.2
0,0.1,0.1,0.1,0.1
0,0.1,0.2,0.1,0.1
0,0.1,0.2,0.1,0.1
0,0.1,0.1,0.1,0.2
0,0.1,0.1,0.2,0.1
0,0.1,0.2,0.2,0.1
0,0.1,0.1,0.1,0.2
0,0.1,0.1,0.2,0.1
0,0.1,0.1,0.1,0.1
0,0.1,0.1,0.1,0.1
0,0.2,0.1,0.2,0.1
0,0.1,0.1,0.1,0.2
0,0.1,0.1,0.2,0.1
0,0.1,0.1,0.2,0.1
0,0.2,0.1,0.1,0.1
0,0.2,0.1,0.1,0.2
0,0.2,0.1,0.2,0.1
0,0.2,0.1,0.1,0.2
0,0.1,0.1,0.1,0.2
0,0.2,0.1,0.1,0.2
0,0.1,0.1,0.1,0.1
0,0.2,0.1,0.2,0.1
0,0.2,0.2,0.1,0.1
0,0.1,0.1,0.1,0.1
0,0.1,0.1,0.1,0.1
0,0.1,0.1,0.1,0.2
0,0.2,0.1,0.2,0.1
0,0.1,0.1,0.1,0.1
0,0.1,0.2,0.1,0.1
0,0.1,0.1,0.1,0.2
0,0.1,0.1,0.2,0.1
0,0.1,0.1,0.1,0.1
0,0.1,0.2,0.2,0.1
0,0.2,0.1,0.1,0.2
0,0.1,0.1,0.2,0.1
0,0.1,0.2,0.2,0.1
0,0.2,0.1,0.1,0.2
0,0.1,0.1,0.2,0.1
0,0.1,0.1,0.1,0.1
0,0.1,0.2,0.2,0.1
0,0.1,0.1,0.2,0.1
0,0.1,0.1,0.2,0.1
0,0.1,0.1,0.1,0.2
0,0.1,0.2,0.2,10.2
0,0.2,0.1,0.2,0.1
0,0.1,0.1,0.1,0.2
0,0.1,0.1,0.1,0.1
0,0.1,0.1,0.1,0.1
0,0.2,0.1,0.2,0.1
0,0.1,0.1,0.1,0.2
0,0.1,0.1,0.1,0.1
0,0.2,0.1,0.1,0.1
0,0.2,0.2,0.2,0.1
0,0.2,0.1,0.2,0.1
0,0.1,0.1,0.1,0.2
0,0.1,0.1,0.2,0.1
0,0.1,0.1,0.1,0.1
0,0.1,0.2,0.1,0.1
0,0.1,0.1,0.1,0.2
0,0.2,0.1,0.1,0.1
0,0.2,0.1,0.2,0.1
0,0.1,0.1,0.1,0.1
0,0.2,0.2,0.2,0.2
0,0.2,0.1,0.1,0.1
0,0.1,0.1,0.2,0.1
0,0.1,0.1,0.3,0.1
0,0.1,0.1,0.2,0.1
0,0.1,0.1,0.2,0.1
0,0.1,0.4,0.1,0.2
0,0.1,0.1,0.2,0.1
0,0.1,0.1,0.1,0.2
0,0.1,0.1,0.2,0.1
0,0.2,0.1,0.1,0.1
0,0.1,0.1,0.1,0.2
0,0.2,0.2,0.2,0.1
0,0.1,0.2,0.1,0.1
0,0.2,0.2,0.1,0.1
0,0.2,0.1,0.2,0.1
0,0.1,0.1,0.2,0.1
0,0.1,0.1,0.1,0.2
0,0.1,0.2,0.2,0.1
0,0.1,0.1,0.1,0.1
0,0.2,0.2,0.1,0.1
0,0.1,0.1,0.1,0.1
0,0.2,0.1,0.2,0.1
0,0.2,0.1,0.2,0.1
0,0.1,0.1,0.1,0.1
0,0.1,0.1,0.2,0.1
0,0.1,0.1,0.1,0.1
0,0.1,0.1,0.2,0.2
0,0.1,0.1,0.2,0.1
0,0.3,0.2,0.3,0.3
0,0.1,0.2,0.2,0.1
0,0.1,0.1,0.1,0.2
0,0.1,0.1,0.2,0.1
0,0.1,0.1,0.1,0.2
0,0.1,0.1,0.1,0.2
0,0.1,0.2,0.2,0.1
0,0.2,0.1,0.1,0.2
0,0.1,0.1,0.1,0.1
0,0.2,0.1,0.1,0.2
0,0.1,0.1,0.1,0.1
0,0.2,0.1,0.1,0.1
0,0.1,0.1,0.1,0.2
0,0.1,0.1,0.2,0.1
0,0.1,0.1,0.1,0.2
0,0.2,0.1,0.2,0.1
0,0.1,0.1,0.1,0.2
0,0.1,0.1,0.1,0.1
0,0.1,0.1,0.1,0.1
0,0.2,0.1,0.1,0.2
0,0.1,0.1,0.1,0.2
0,0.1,0.1,0.2,0.1
0,0.1,0.2,0.1,0.1
0,0.1,0.1,0.2,0.1
0,0.2,0.2,0.1,0.1
0,0.2,0.1,0.1,0.1
0,0.2,0.1,0.1,0.2
0,0.1,0.1,0.1,0.2
0,0.2,0.1,0.2,0.1
0,0.1,0.1,0.2,0.1
0,0.1,0.2,0.1,0.1
0,0.1,0.1,0.2,0.1
0,0.1,0.2,0.1,0.1
0,0.1,0.1,0.1,0.2
0,0.1,0.1,0.2,0.1
0,0.1,0.2,0.1,0.1
0,0.1,0.1,0.1,0.2
0,0.1,0.1,0.1,0.2
0,0.1,0.1,0.1,0.1
0,0.1,0.1,0.2,0.1
0,0.1,0.1,0.1,0.2
0,0.2,0.2,0.1,0.1
0,0.1,0.1,0.1,0.1
0,0.1,0.1,0.1,0.2
0,0.1,0.1,0.1,0.2
0,0.2,0.2,0.1,0.1
0,0.1,0.1,0.2,0.1
0,0.1,0.1,0.2,0.1
0,0.1,0.2,0.2,0.1
0,0.2,0.2,0.2,0.1
0,0.1,0.1,0.1,0.2
0,0.1,0.1,0.1,0.2
0,0.1,0.2,0.2,0.1
0,0.1,0.1,0.1,0.1
0,0.1,0.2,0.1,0.1
0,0.1,0.1,0.1,0.2
0,0.1,0.1,0.1,0.1
0,0.2,0.1,0.1,0.1
0,0.1,0.1,0.2,0.1
0,0.1,0.1,0.1,0.1
0,0.1,0.1,0.1,0.2
0,0.1,0.1,0.1,0.2
0,0.1,0.1,0.2,0.1
0,0.1,0.1,0.2,0.1
0,0.1,0.1,0.1,0.2
0,0.1,0.1,0.1,0.2
0,0.1,0.1,0.2,0.1
0,0.2,0.1,0.2,0.1
0,0.2,0.2,0.2,0.1
0,0.1,0.1,0.1,0.2
0,0.2,0.1,0.2,0.1
0,0.1,0.1,0.2,0.1
0,0.1,0.1,0.1,0.1
0,0.1,0.1,0.1,0.1
0,0.1,0.2,0.1,0.1
0,0.2,0.1,0.2,0.1
0,0.1,0.1,0.1,0.1
0,0.1,0.1,0.1,0.2
0,0.1,0.1,0.2,0.1
0,0.1,0.2,0.2,0.1
0,0.1,0.1,0.1,0.2
0,0.1,0.1,0.1,0.2
0,0.1,0.2,0.2,0.1
0,0.1,0.1,0.2,0.1
0,0.1,0.1,0.1,0.2
0,0.1,0.1,0.1,0.2
0,0.1,0.1,0.1,0.2
0,0.1,0.2,0.1,0.1
0,0.2,0.1,0.2,0.1
0,0.1,0.1,0.1,0.1
0,0.1,0.1,0.1,0.2
0,0.1,0.1,0.2,0.1
0,0.1,0.1,0.1,0.1
0,0.2,0.2,0.2,0.1
0,0.1,0.1,0.2,0.1
0,0.1,0.1,0.1,0.2
0,0.1,0.1,0.1,0.2
0,0.1,0.1,0.2,0.1
0,0.2,0.1,0.2,0.1
0,0.1,0.1,0.1,0.1
0,0.2,0.1,0.2,0.1
0,0.1,0.2,0.1,0.1
0,0.1,0.1,0.2,0.1
0,0.1,0.1,0.2,0.2
0,0.2,0.1,0.2,0.1
0,0.1,0.1,0.2,0.1
0,0.1,0.1,0.1,0.1
0,0.2,0.1,0.1,0.1
0,0.1,0.2,0.1,0.1
0,0.1,0.1,0.1,0.1
0,0.1,0.1,0.1,0.2
0,0.2,0.1,0.1,0.2
0,0.1,0.1,0.1,0.2
0,0.1,0.1,0.1,0.1
0,0.2,0.1,0.2,0.1
0,0.1,0.1,0.1,0.2
0,0.2,0.1,0.2,0.1
0,0.1,0.1,0.3,0.1
0,0.2,0.2,0.1,0.1
0,0.1,0.2,0.2,0.1
0,0.1,0.1,0.1,0.2
0,0.2,0.1,0.1,0.2
0,0.2,0.2,0.2,0.1
0,0.1,0.1,0.1,0.2
0,0.1,0.1,0.1,0.2
0,0.1,0.1,0.1,0.1
0,0.1,0.1,0.2,0.1
0,0.1,0.1,0.1,0.2
0,0.1,0.1,0.2,0.1
0,0.2,0.2,0.1,0.1
0,0.2,0.1,0.2,0.1
0,0.1,0.1,0.1,0.2
0,0.1,0.1,0.1,0.2
0,0.1,0.1,0.2,0.2
0,0.1,0.1,0.1,0.1
0,0.1,0.1,0.2,0.1
0,0.1,0.2,0.1,0.1
0,0.1,0.1,0.1,0.2
0,0.1,0.1,0.2,0.1
0,0.1,0.1,0.1,0.2
0,0.1,0.1,0.2,0.1
0,0.1,0.1,0.1,0.2
0,0.1,0.2,0.1,0.1
0,0.1,0.1,0.2,0.1
0,0.1,0.1,0.2,0.1
0,0.1,0.1,0.2,0.1
0,0.1,0.1,0.2,0.1
0,0.1,0.1,0.1,0.2
0,0.2,0.1,0.1,0.2
0,0.1,0.1,0.1,0.1
0,0.1,0.1,0.1,0.2
0,0.1,0.1,0.2,0.1
0,0.2,0.2,0.1,0.2
0,0.1,0.1,0.1,0.2
0,0.1,0.2,0.2,0.1
0,0.1,0.1,0.2,0.1
0,0.1,0.1,0.2,0.1
0,0.2,0.2,0.2,0.1
0,0.1,0.1,0.2,0.1
0,0.1,0.1,0.2,0.1
0,0.1,0.1,0.2,0.1
0,0.2,0.1,0.1,0.1
0,0.1,0.1,0.2,0.1
0,0.1,0.2,0.2,0.2
0,0.1,0.2,0.2,0.2
0,0.1,0.1,0.1,0.2
0,0.3,0.2,0.4,0.3
0,0.2,0.1,0.3,0.2
0,0.2,0.2,0.3,0.2
0,0.1,0.2,0.2,0.1
0,0.2,0.1,0.1,0.1
0,0.2,0.3,0.6,0.2
0,0.1,0.1,0.2,0.1
0,0.2,0.1,0.2,0.1
0,0.1,0.1,0.1,0.2
0,0.2,0.1,0.1,0.1
0,0.1,0.2,0.2,0.1
0,0.2,0.1,0.1,0.2
0,0.1,0.1,0.2,0.1
0,0.1,0.2,0.2,0.1
0,0.1,0.1,0.2,0.1
0,0.1,0.1,0.1,0.1
0,0.1,0.1,0.1,0.2
0,0.4,0.3,0.3,0.3
0,0.1,0.2,0.2,0.1
0,0.1,0.2,0.2,0.1
0,0.2,0.1,0.1,0.1
0,0.2,0.3,0.2,0.3
0,0.1,0.1,0.1,0.1
0,0.2,0.1,0.1,0.1
0,0.2,0.1,0.1,0.1
0,0.2,0.1,0.1,0.2
0,0.2,0.1,0.1,0.1
0,0.1,0.2,0.2,0.1
0,0.3,0.3,0.3,0.3
0,0.2,0.1,0.1,0.1
0,0.1,0.2,0.2,0.1
0,0.4,0.3,0.3,0.2
0,0.2,0.1,0.1,0.2
0,0.2,0.2,0.2,0.1
0,0.1,0.1,0.2,0.2
0,0.1,0.2,0.1,0.1
0,0.1,0.2,0.2,0.1
0,0.2,0.1,0.1,0.1
0,0.1,0.1,0.2,0.2
0,0.1,0.1,0.2,0.1
0,0.1,0.1,0.1,0.2
0,0.2,0.1,0.1,0.1
0,0.2,0.1,0.1,0.1
0,0.2,0.1,0.1,0.1
0,0.2,0.1,0.1,0.1
0,0.2,0.9,1,0.4
0,0.3,0.4,0.4,0.3
0,0.2,0.1,0.1,0.1
0,0.1,0.1,0.1,0.2
0,0.2,0.2,0.2,0.1
0,0.2,0.1,0.1,0.2
0,0.2,0.1,0.2,0.1
0,0.1,0.1,0.1,0.2
0,0.1,0.1,0.2,0.1
0,0.1,0.1,0.1,0.1
0,0.2,0.1,0.1,0.1
0,0.2,0.2,0.1,0.1
0,0.2,0.1,0.2,0.1
0,0.1,0.2,0.1,0.1
0,0.1,0.1,0.2,0.1
0,0.1,0.1,0.1,0.1
0,0.1,0.1,0.1,0.2
0,0.1,0.1,0.1,0.2
0,0.1,0.1,0.1,0.1
0,0.1,0.1,0.1,0.2
0,0.1,0.2,0.1,0.1
0,0.1,0.1,0.1,0.2
0,0.1,0.2,0.1,0.1
0,0.2,0.1,0.2,0.1
0,0.2,0.1,0.2,0.1
0,0.2,0.1,0.2,0.1
0,0.1,0.1,0.2,0.1
0,0.1,0.1,0.1,0.2
0,0.2,0.2,0.1,0.1
0,0.1,0.2,0.1,0.1
0,0.1,0.1,0.1,0.1
0,0.1,0.2,0.1,0.1
0,0.1,0.1,0.2,0.1
0,0.1,0.1,0.1,0.1
0,0.1,0.2,0.1,0.1
0,0.1,0.1,0.1,0.1
0,0.1,0.1,0.1,0.2
0,0.2,0.2,0.2,0.1
0,0.1,0.1,0.1,0.1
0,0.2,0.1,0.2,0.1
0,0.1,0.1,0.1,0.1
0,0.1,0.1,0.2,0.1
0,0.1,0.1,0.1,0.1
0,0.1,0.1,0.2,0.1
0,0.1,0.1,0.2,0.1
0,0.2,0.1,0.1,0.2
0,0.1,0.2,0.2,0.1
0,0.1,0.1,0.2,0.1
0,0.1,0.2,0.2,0.1
0,0.2,0.1,0.1,0.2
0,0.2,0.1,0.1,0.2
0,0.2,0.1,0.1,0.2
0,0.1,0.1,0.2,0.1
0,0.1,0.1,0.1,0.1
0,0.1,0.1,0.2,0.1
0,0.2,0.1,0.1,0.1
0,0.1,0.2,0.1,0.1
0,0.1,0.1,0.1,0.1
0,0.1,0.1,0.2,0.1
0,0.1,0.1,0.1,0.2
0,0.1,0.1,0.2,0.1
0,0.2,0.1,0.1,0.2
0,0.1,0.1,0.2,0.1
0,0.1,0.1,0.2,0.1
0,0.2,0.2,0.2,0.1
0,0.1,0.1,0.1,0.2
0,0.1,0.1,0.1,0.2
0,0.2,0.2,0.1,0.1
0,0.2,0.2,0.1,0.1
0,0.1,0.1,0.2,0.1
0,0.2,0.1,0.1,0.2
0,0.2,0.2,0.3,0.3
0,0.2,0.2,0.2,0.2
0,0.2,0.1,0.2,0.1
0,0.1,0.1,0.2,0.1
0,0.1,0.1,0.1,0.2
0,0.1,0.2,0.1,0.1
0,0.1,0.1,0.2,0.1
0,0.2,0.2,0.2,0.1
0,0.1,0.1,0.1,0.1
0,0.1,0.1,0.2,0.1
0,0.1,0.1,0.1,0.1
0,0.1,0.2,0.2,0.1
0,0.2,0.2,0.2,0.2
0,0.1,0.2,0.2,0.1
0,0.2,0.1,0.1,0.2
0,0.2,0.2,0.2,0.1
0,0.2,0.1,0.1,0.1
0,0.1,0.1,0.1,0.2
0,0.1,0.1,0.2,0.1
0,0.2,0.2,0.2,0.1
0,0.1,0.2,0.1,0.1
0,0.1,0.2,0.2,0.1
0,0.1,0.1,0.2,0.1
0,0.1,0.2,0.1,0.1
0,0.2,0.2,0.2,0.1
0,0.1,0.1,0.2,0.1
0,0.1,0.2,0.1,0.2
0,0.2,0.1,0.2,0.1
0,0.1,0.1,0.1,0.2
0,0.2,0.2,0.2,0.1
0,0.1,0.1,0.1,0.1
0,0.1,0.1,0.2,0.1
0,0.1,0.2,0.1,0.1
0,0.1,0.1,0.1,0.1
0,0.1,0.1,0.2,0.2
0,0.1,0.1,0.1,0.1
0,0.2,0.2,0.1,0.1
0,0.2,0.1,0.1,0.2
0,0.1,0.1,0.2,0.1
0,0.2,0.1,0.1,0.1
0,0.1,0.1,0.1,0.2
0,0.1,0.1,0.1,0.2
0,0.2,0.1,0.1,0.1
0,0.1,0.1,0.1,0.2
0,0.2,0.1,0.2,0.1
0,0.1,0.1,0.1,0.2
0,0.2,0.2,0.2,0.1
0,0.2,0.1,0.2,0.1
0,0.1,0.1,0.1,0.1
0,0.2,0.1,0.2,0.1
0,0.2,0.1,0.1,0.1
0,0.1,0.1,0.1,0.2
0,0.1,0.1,0.2,0.1
0,0.1,0.1,0.1,0.1
0,0.2,0.2,0.1,0.1
0,0.1,0.2,0.2,0.1
0,0.1,0.1,0.2,0.1
0,0.1,0.1,0.2,0.1
0,0.1,0.1,0.2,0.1
0,0.1,0.1,0.1,0.2
0,0.1,0.1,0.1,0.2
0,0.2,0.1,0.2,0.1
0,0.2,0.1,0.1,0.2
0,0.1,0.1,0.1,0.2
0,0.1,0.1,0.2,0.1
0,0.2,0.2,0.1,0.1
0,0.2,0.1,0.1,0.2
0,0.1,0.1,0.1,0.1
0,0.2,0.1,0.2,0.1
0,0.1,0.2,0.1,0.1
0,0.1,0.1,0.2,0.1
0,0.1,0.1,0.1,0.1
0,0.1,0.1,0.2,0.1
0,0.1,0.2,0.2,0.2
0,0.1,0.1,0.2,0.1
0,0.1,0.1,0.1,0.2
0,0.2,0.2,0.1,0.1
0,0.1,0.2,0.2,0.1
0,0.1,0.2,0.2,0.1
0,0.1,0.1,0.2,0.1
0,0.2,0.2,0.2,0.1
0,0.2,0.1,0.1,0.2
0,0.1,0.1,0.1,0.1
0,0.2,0.1,0.2,0.1
0,0.1,0.2,0.2,0.1
0,0.1,0.1,0.1,0.1
0,0.1,0.1,0.2,0.1
0,0.1,0.2,0.1,0.1
0,0.2,0.2,0.1,0.1
0,0.1,0.2,0.1,0.2
0,0.1,0.1,0.1,0.2
0,0.1,0.1,0.2,0.1
0,0.1,0.2,0.2,0.1
0,0.1,0.1,0.1,0.1
0,0.1,0.1,0.1,0.1
0,0.2,0.1,0.1,0.1
0,0.1,0.1,0.1,0.1
0,0.1,0.2,0.2,0.1
0,0.1,0.1,0.1,0.1
0,0.1,0.1,0.1,0.2
0,0.1,0.1,0.1,0.2
0,0.1,0.1,0.1,0.2
0,0.2,0.2,0.2,0.1
0,0.3,0.1,0.2,0.2
0,0.1,0.2,0.1,0.1
0,0.2,0.1,0.1,0.2
0,0.1,0.1,0.2,0.1
0,0.1,0.1,0.1,0.1
0,0.1,0.1,0.1,0.1
0,0.1,0.1,0.1,0.1
0,0.2,0.1,0.1,0.1
0,0.2,0.2,0.1,0.1
0,0.1,0.1,0.2,0.2
0,0.2,0.1,0.2,0.1
0,0.2,0.1,0.1,0.2
0,0.2,0.1,0.1,0.1
0,0.1,0.2,0.2,0.1
0,0.2,0.2,0.2,0.1
0,0.1,0.1,0.1,0.1
0,0.2,0.2,0.2,0.2
0,0.1,0.2,0.2,0.1
0,0.1,0.1,0.2,0.1
0,0.1,0.1,0.2,0.1
0,0.2,0.2,0.1,0.1
0,0.1,0.1,0.2,0.1
0,0.1,0.1,0.2,0.1
0,0.2,0.1,0.1,0.2
0,0.1,0.1,0.2,0.1
0,0.1,0.1,0.1,0.2
0,0.1,0.1,0.2,0.1
0,0.1,0.1,0.1,0.2
0,0.2,0.1,0.1,0.2
0,0.1,0.2,0.1,0.2
0,0.2,0.2,0.3,0.2
0,0.1,0.1,0.2,0.1
0,0.1,0.1,0.2,0.2
0,0.1,0.1,0.2,0.1
0,0.1,0.2,0.2,0.1
0,0.2,0.1,0.1,0.1
0,0.3,0.3,0.3,0.3
0,0.1,0.2,0.2,0.1
0,0.1,0.2,0.1,0.1
0,0.1,0.1,0.2,0.1
0,0.1,0.2,0.1,0.1
0,0.3,0.2,0.3,0.3
0,0.1,0.1,0.3,0.1
0,0.2,0.1,0.1,0.1
0,0.1,0.1,0.4,0.1
0,0.2,0.1,0.1,0.2
0,0.1,0.1,0.1,0.1
0,0.2,0.1,0.2,0.1
0,0.2,0.1,0.1,0.2
0,0.1,0.1,0.1,0.2
0,0.1,0.1,0.1,0.2
0,0.1,0.1,0.2,0.1
0,0.1,0.1,0.1,0.1
0,0.1,0.1,0.2,0.1
0,0.1,0.2,0.2,0.1
0,0.1,0.2,0.2,0.2
0,0.1,0.1,0.1,0.1
0,0.2,0.2,0.7,0.4
0,0.1,0.3,0.2,0.1
0,0.1,0.2,0.2,0.2
0,0.2,0.2,0.2,0.1
0,0.1,0.1,0.1,0.2
0,0.1,0.1,0.1,0.1
0,0.1,0.1,0.1,0.2
0,0.2,0.1,0.2,0.1
0,0.3,0.3,0.3,0.3
0,0.2,0.1,0.1,0.2
0,0.2,0.1,0.1,0.2
0,0.2,0.1,0.2,0.1
0,0.1,0.2,0.2,0.1
0,0.1,0.1,0.2,0.1
0,0.2,0.1,0.2,0.1
0,0.2,0.2,0.3,0.2
0,0.1,0.1,0.1,0.2
0,0.1,0.1,0.2,0.1
0,0.1,0.1,0.2,0.1
0,0.1,0.2,0.3,0.2
0,0.2,0.1,0.1,0.1
0,0.2,0.1,0.2,0.2
0,0.1,0.2,0.2,0.2
0,0.2,0.2,0.2,0.1
0,0.3,0.3,0.3,0.3
0,0.1,0.1,0.2,0.1
0,0.1,0.1,0.1,0.1
0,0.1,0.2,2,0.1
0,0.2,0.1,0.1,0.2
0,0.1,0.2,0.2,0.1
0,0.1,0.1,0.1,0.1
0,0.1,0.2,0.3,0.2
0,0.1,0.1,0.1,0.1
0,0.1,0.1,0.2,0.1
0,0.2,0.1,0.1,0.1
0,0.1,0.1,0.2,0.1
0,0.1,0.1,0.1,0.1
0,0.2,0.1,0.1,0.2
0,0.2,0.2,1.1,0.2
0,0.2,0.1,0.1,0.1
0,0.2,0.1,0.2,0.1
0,0.1,0.1,0.2,0.1
0,0.1,0.1,0.1,0.2
0,0.1,0.1,0.1,0.2
0,0.1,0.1,0.1,0.2
0,0.1,0.2,0.2,0.1
0,0.2,0.1,0.1,0.1
0,0.1,0.1,0.1,0.2
0,0.1,0.1,0.1,0.1
0,0.2,0.2,0.1,0.1
0,0.2,0.1,0.2,0.1
0,0.2,0.2,0.2,0.3
0,0.1,0.1,0.1,0.2
0,0.2,0.1,0.2,0.1
0,0.1,0.2,0.1,0.1
0,0.2,0.1,0.1,0.2
0,0.1,0.2,0.4,0.3
0,0.1,0.2,0.2,0.1
0,0.2,0.1,0.1,0.2
0,0.1,0.2,0.2,0.1
0,0.1,0.1,0.1,0.1
0,0.1,0.1,0.1,0.1
0,0.2,0.1,0.1,0.1
0,0.1,0.1,0.1,0.1
0,0.1,0.2,0.2,0.1
0,0.2,0.1,0.1,0.1
0,0.1,0.1,0.2,0.1
0,0.1,0.2,0.2,0.1
0,0.2,0.2,0.2,0.1
0,0.2,0.1,0.2,0.1
0,0.1,0.1,0.1,0.2
0,0.1,0.1,0.2,0.1
0,0.1,0.1,0.1,0.2
0,0.1,0.1,0.1,0.1
0,0.1,0.1,0.1,0.2
0,0.2,0.1,0.1,0.2
0,0.2,0.2,0.1,0.1
0,0.1,0.2,0.2,0.1
0,0.1,0.1,0.1,0.2
0,0.1,0.1,0.2,0.1
0,0.1,0.1,0.2,0.1
0,0.1,0.2,0.2,0.1
0,0.1,0.1,0.1,0.2
0,0.1,0.1,0.2,0.2
0,0.1,0.1,0.2,0.1
0,0.1,0.1,0.1,0.2
0,0.1,0.1,0.1,0.1
0,0.1,0.2,0.1,0.1
0,0.1,0.2,0.1,0.1
0,0.1,0.1,0.1,0.1
0,0.1,0.2,0.2,0.1
0,0.2,0.1,0.1,0.2
0,0.1,0.1,0.1,0.1
0,0.2,0.1,0.1,0.2
0,0.1,0.1,0.1,0.2
0,0.1,0.2,0.1,0.1
0,0.2,0.1,0.1,0.1
0,0.2,0.2,0.1,0.1
0,0.1,0.1,0.1,0.2
0,0.1,0.1,0.2,0.1
0,0.2,0.1,0.1,0.1
0,0.1,0.1,0.1,0.2
0,0.1,0.1,0.1,0.1
0,0.1,0.1,0.1,0.2
0,0.1,0.1,0.2,0.1
0,0.2,0.1,0.1,0.2
0,0.1,0.1,0.1,0.2
0,0.2,0.1,0.2,0.1
0,0.1,0.2,0.2,0.2
0,0.1,0.2,0.2,0.1
0,0.2,0.1,0.1,0.2
0,0.1,0.1,0.1,0.2
0,0.1,0.2,0.1,0.1
0,0.1,0.1,0.1,0.1
0,0.1,0.1,0.1,0.1
0,0.2,0.1,0.1,0.1
0,0.2,0.2,0.1,0.1
0,0.1,0.1,0.1,0.1
0,0.1,0.2,0.1,0.1
0,0.2,0.2,0.1,0.1
0,0.1,0.1,0.1,0.2
0,0.2,0.1,0.1,0.2
0,0.2,0.2,0.1,0.1
0,0.1,0.1,0.1,0.2
0,0.2,0.1,0.1,0.1
0,0.1,0.1,0.1,0.2
0,0.1,0.2,0.1,0.1
0,0.2,0.1,0.2,0.1
0,0.1,0.1,0.1,0.2
0,0.1,0.1,0.1,0.2
0,0.1,0.1,0.1,0.1
0,0.1,0.1,0.2,0.1
0,0.1,0.2,0.1,0.1
0,0.2,0.1,0.2,0.1
0,0.1,0.1,0.2,0.1
0,0.1,0.1,0.2,0.1
0,0.1,0.2,0.1,0.2
0,0.2,0.1,0.2,0.1
0,0.2,0.1,0.1,0.1
0,0.1,0.1,0.2,0.1
0,0.2,0.1,0.1,0.1
0,0.1,0.1,0.1,0.2
0,0.1,0.1,0.1,0.1
0,0.2,0.1,0.1,0.2
0,0.1,0.1,0.1,0.2
0,0.1,0.1,0.1,0.1
0,0.1,0.1,0.2,0.1
0,0.1,0.1,0.2,0.1
0,0.1,0.2,0.1,0.1
0,0.2,0.1,0.1,0.1
0,0.2,0.1,0.2,0.1
0,0.2,0.1,0.2,0.1
0,0.1,0.1,0.1,0.1
0,0.2,0.1,0.1,0.1
0,0.1,0.1,0.1,0.1
0,0.2,0.2,0.2,0.1
0,0.1,0.1,0.1,0.2
0,0.2,0.2,0.1,0.1
0,0.1,0.1,0.1,0.2
0,0.2,0.2,0.2,0.3
0,0.1,0.1,0.1,0.2
0,0.1,0.1,0.1,0.2
0,0.1,0.1,0.2,0.1
0,0.1,0.1,0.1,0.1
0,0.2,0.2,0.1,0.1
0,0.2,0.1,0.2,0.1
0,0.1,0.1,0.2,0.1
0,0.1,0.1,0.1,0.2
0,0.2,0.1,0.1,0.2
0,0.1,0.2,0.1,0.1
0,0.1,0.1,0.1,0.2
0,0.1,0.1,0.1,0.2
0,0.1,0.1,0.1,0.2
0,0.1,0.1,0.1,0.1
0,0.1,0.1,0.1,0.2
0,0.2,0.1,0.2,0.1
0,0.1,0.1,0.2,0.1
0,0.2,0.2,0.1,0.1
0,0.1,0.1,0.2,0.1
0,0.2,0.1,0.2,0.1
0,0.1,0.1,0.2,0.1
0,0.1,0.1,0.1,0.2
0,0.1,0.1,0.2,0.1
0,0.1,0.1,0.1,0.2
0,0.1,0.2,0.1,0.1
0,0.1,0.1,0.2,0.1
0,0.2,0.2,0.1,0.1
0,0.1,0.2,0.1,0.1
0,0.1,0.1,0.1,0.1
0,0.1,0.1,0.1,0.2
0,0.1,0.1,0.1,0.2
0,0.1,0.1,0.1,0.2
0,0.2,0.1,0.1,0.2
0,0.2,0.2,0.1,0.1
0,0.1,0.1,0.2,0.1
0,0.1,0.1,0.1,0.2
0,0.2,0.1,0.2,0.1
0,0.1,0.1,0.1,0.1
0,0.1,0.1,0.2,0.1
0,0.2,0.1,0.1,0.1
0,0.1,0.1,0.1,0.1
0,0.2,0.1,0.2,0.1
0,0.1,0.1,0.1,0.2
0,0.3,0.2,0.3,0.3
0,0.2,0.1,0.2,0.1
0,0.1,0.1,0.1,0.2
0,0.1,0.1,0.1,0.2
0,0.1,0.1,0.1,0.2
0,0.2,0.1,0.1,0.2
0,0.1,0.1,0.2,0.1
0,0.1,0.1,0.1,0.1
0,0.1,0.3,0.2,0.3
0,0.2,0.1,0.1,0.1
0,0.1,0.2,0.1,0.1
0,0.1,0.1,0.2,0.1
0,0.1,0.2,0.1,0.1
0,0.1,0.1,0.2,0.1
0,0.1,0.1,0.2,0.2
0,0.1,0.1,0.1,0.1
0,0.2,0.1,0.2,0.2
0,0.2,0.2,0.1,0.1
0,0.2,0.1,0.1,0.2
0,0.1,0.2,0.2,0.1
0,0.2,0.2,0.2,0.1
0,0.1,0.2,0.2,0.2
0,0.2,0.1,0.1,0.1
0,0.2,0.2,0.5,0.2
0,0.1,0.1,0.2,0.1
0,0.1,0.2,0.1,0.1
0,0.2,0.1,0.1,0.1
0,0.2,0.1,0.1,0.2
0,0.1,0.1,0.1,0.2
0,0.2,0.1,0.1,0.1
0,0.2,0.1,0.1,0.2
0,0.1,0.1,0.1,0.1
0,0.1,0.1,0.1,0.1
0,0.1,0.1,0.1,0.1
0,0.1,0.1,0.1,0.2
0,0.2,0.1,0.1,0.2
0,0.2,0.2,0.3,0.1
0,0.1,0.2,0.2,0.1
0,0.2,0.1,0.2,0.1
0,0.2,0.1,0.1,0.2
0,0.2,0.1,0.1,0.2
0,0.2,0.1,0.1,0.1
0,0.1,0.2,0.2,0.1
0,0.1,0.2,0.2,0.1
0,0.1,0.1,0.1,0.1
0,0.1,0.1,0.1,0.1
0,0.1,0.1,0.1,0.2
0,0.2,0.1,0.1,0.1
0,0.1,0.1,0.2,0.1
0,0.1,0.1,0.1,0.2
0,0.1,0.1,0.2,0.1
0,0.2,0.1,0.2,0.1
0,0.1,0.1,0.2,0.1
0,0.2,0.1,0.2,0.1
0,0.1,0.1,0.2,0.1
0,0.1,0.1,0.1,0.2
0,0.2,0.1,0.1,0.2
0,0.1,0.1,0.2,0.1
0,0.1,0.2,0.1,0.1
0,0.1,0.2,0.2,0.1
0,0.2,0.1,0.1,0.1
0,0.2,0.2,0.2,0.2
0,0.1,0.1,0.2,0.1
0,0.2,0.2,0.1,0.1
0,0.1,0.1,0.2,0.1
0,0.1,0.2,0.2,0.1
0,0.1,0.1,0.1,0.1
0,0.1,0.1,0.1,0.2
0,0.1,0.1,0.1,0.2
0,0.1,0.2,0.1,0.1
0,0.1,0.1,0.2,0.1
0,0.1,0.1,0.1,0.2
0,0.1,0.1,0.1,0.2
0,0.1,0.1,0.2,0.1
0,0.2,0.1,0.1,0.2
0,0.1,0.2,0.2,0.2
0,0.3,0.3,0.3,0.3
0,0.2,0.1,0.1,0.1
0,0.1,0.2,0.1,0.1
0,0.1,0.1,0.2,0.1
0,0.1,0.2,0.2,0.1
0,0.1,0.1,0.1,0.1
0,0.1,0.1,0.1,0.2
0,0.1,0.2,0.2,0.1
0,1.1,1.1,1.1,1.1
0,0.2,0.1,0.1,0.2
0,0.1,0.1,0.1,0.1
0,0.2,0.1,0.2,0.1
0,0.1,0.2,0.2,0.1
0,0.1,0.1,0.2,0.1
0,0.3,0.3,0.3,0.3
0,0.2,0.1,0.1,0.2
0,0.1,0.1,0.1,0.2
0,0.1,0.1,0.1,0.1
0,0.1,0.1,0.1,0.1
0,0.1,0.1,0.1,0.2
0,0.1,0.2,0.2,0.1
0,0.2,0.1,0.1,0.2
0,0.2,0.1,0.1,0.1
0,0.1,0.2,0.2,0.1
0,0.1,0.2,0.2,0.1
0,0.2,0.1,0.1,0.2
0,0.1,0.1,0.1,0.1
0,0.1,0.1,0.2,0.1
0,0.1,0.3,0.2,0.2
0,0.1,0.1,0.2,0.1
0,0.1,0.1,0.1,0.2
0,0.2,0.2,0.1,0.1
0,0.2,0.1,0.1,0.2
0,0.1,0.2,0.2,0.1
0,0.1,0.2,0.2,0.1
0,0.2,0.2,0.2,0.2
0,0.1,0.2,0.2,0.1
0,0.1,0.1,0.1,0.1
0,0.2,0.1,0.1,0.2
0,0.1,0.2,0.2,0.1
0,0.1,0.1,0.2,0.1
0,0.2,0.2,0.1,0.2
0,0.1,0.1,0.1,0.2
0,0.1,0.1,0.2,0.2
0,0.1,0.2,0.1,0.1
0,0.1,0.1,0.2,0.1
0,0.2,0.1,0.1,0.2
0,0.1,0.1,0.2,0.1
0,0.1,0.1,0.1,0.2
0,0.1,0.1,0.2,0.1
0,0.2,0.2,0.2,0.2
0,0.1,0.2,0.2,10.5
0,2.5,0.3,0.3,0.3
0,0.2,0.1,0.1,0.1
0,0.1,0.2,0.2,0.1
0,0.2,0.2,0.2,0.1
0,0.2,0.1,0.3,0.1
0,0.1,0.2,0.2,0.2
0,0.2,0.1,0.2,0.1
0,0.1,0.2,0.2,0.1
0,0.3,0.2,0.3,0.4
0,0.1,0.1,0.2,0.1
0,0.1,0.2,0.3,0.1
0,0.1,0.1,0.2,0.1
0,0.1,0.1,0.1,0.1
0,0.2,0.1,0.1,0.2
0,0.1,0.1,0.1,0.1
0,0.2,0.2,0.1,0.1
0,0.2,0.1,0.1,0.1
0,0.1,0.1,0.1,0.2
0,1.7,0.1,0.1,0.2
0,0.2,0.2,0.1,0.1
0,0.1,0.1,0.1,0.2
0,0.2,0.1,0.1,0.2
0,0.1,0.2,0.2,0.1
0,0.1,0.1,0.1,0.2
0,0.1,0.1,0.1,0.1
0,0.1,0.1,0.1,0.2
0,0.1,0.1,0.1,0.2
0,0.2,0.1,0.2,0.1
0,0.1,0.1,0.1,0.2
0,0.2,0.1,0.2,0.2
0,0.1,0.1,0.1,0.2
0,0.1,0.1,0.1,0.1
0,0.1,0.1,0.1,0.2
0,0.1,0.1,0.1,0.1
0,0.1,0.1,0.1,0.2
0,0.2,0.1,0.2,0.1
0,0.1,0.1,0.2,0.1
0,0.2,0.2,0.1,0.1
0,0.1,0.2,0.1,0.1
0,0.1,0.1,0.1,0.1
0,0.1,0.2,0.1,0.1
0,0.2,0.1,0.2,0.1
0,0.1,0.1,0.1,0.1
0,0.1,0.1,0.1,0.1
0,0.2,0.1,0.2,0.1
0,0.2,0.1,0.2,0.1
0,0.2,0.1,0.1,0.2
0,0.1,0.1,0.2,0.1
0,0.1,0.1,0.1,0.2
0,0.1,0.1,0.1,0.2
0,0.1,0.1,0.1,0.2
0,0.1,0.2,0.2,0.1
0,0.1,0.1,0.1,0.2
0,0.2,0.2,0.1,0.1
0,0.2,0.1,0.1,0.2
0,0.1,0.1,0.2,0.1
0,0.1,0.1,0.2,0.1
0,0.1,0.1,0.1,0.1
0,0.1,0.1,0.1,0.1
0,0.2,0.1,0.2,0.1
0,0.2,0.1,0.2,0.1
0,0.1,0.1,0.1,0.2
0,0.1,0.1,0.2,0.1
0,0.2,0.2,0.2,0.1
0,0.2,0.2,0.2,0.1
0,0.2,0.2,0.1,0.1
0,0.1,0.1,0.2,0.1
0,0.2,0.1,0.1,0.2
0,0.1,0.1,0.1,0.1
0,0.2,0.1,0.1,0.1
0,0.1,0.1,0.1,0.1
0,0.1,0.1,0.1,0.2
0,0.2,0.1,0.2,0.1
0,0.2,0.2,0.2,0.1
0,0.1,0.2,0.2,0.1
0,0.1,0.1,0.1,0.1
0,0.2,0.2,0.1,0.1
0,0.1,0.1,0.1,0.2
0,0.2,0.2,0.1,0.1
0,0.1,0.1,0.2,0.1
0,0.1,0.1,0.2,0.1
0,0.1,0.1,0.1,0.1
0,0.1,0.2,0.2,0.1
0,0.1,0.2,0.1,0.1
0,0.1,0.2,0.1,0.1
0,0.1,0.1,0.1,0.2
0,0.2,0.2,0.1,0.1
0,0.2,0.1,0.2,0.2
0,0.1,0.2,0.1,0.1
0,0.2,0.1,0.2,0.2
0,0.1,0.1,0.1,0.2
0,0.1,0.1,0.2,0.1
0,0.1,0.1,0.2,0.1
0,0.1,0.1,0.1,0.2
0,0.1,0.2,0.1,0.1
0,0.2,0.1,0.2,0.1
0,0.2,0.1,0.2,0.1
0,0.1,0.1,0.1,0.1
0,0.1,0.1,0.1,0.2
0,0.1,0.1,0.2,0.1
0,0.1,0.1,0.2,0.1
0,0.1,0.1,0.1,0.2
0,0.1,0.2,0.1,0.1
0,0.1,0.1,0.2,0.1
0,0.2,0.2,0.1,0.1
0,0.1,0.1,0.1,0.1
0,0.1,0.1,0.1,0.2
0,0.1,0.1,0.1,0.1
0,0.1,0.1,0.1,0.1
0,0.2,0.1,0.1,0.2
0,0.2,0.1,0.1,0.1
0,0.1,0.1,0.2,0.1
0,0.1,0.1,0.1,0.2
0,0.1,0.1,0.1,0.1
0,0.2,0.1,0.2,0.1
0,0.1,0.1,0.1,0.1
0,0.2,0.1,0.1,0.1
0,0.1,0.1,0.1,0.1
0,0.2,0.1,0.2,0.1
0,0.2,0.1,0.2,0.1
0,0.2,0.2,0.2,0.2
0,0.1,0.1,0.1,0.1
0,0.1,0.2,0.1,0.1
0,0.1,0.1,0.1,0.2
0,0.1,0.1,0.2,0.1
0,0.1,0.2,0.1,0.1
0,0.2,0.1,0.1,0.1
0,0.1,0.1,0.2,0.1
0,0.2,0.1,0.1,0.1
0,0.1,0.1,0.1,0.2
0,0.1,0.2,0.2,0.1
0,0.2,0.1,0.1,0.2
0,0.2,0.1,0.1,0.2
0,0.1,0.1,0.2,0.2
0,0.1,0.1,0.2,0.1
0,0.1,0.1,0.2,0.1
0,0.1,0.1,0.1,0.2
0,0.1,0.1,0.2,0.1
0,0.1,0.1,0.2,0.1
0,0.1,0.1,0.1,0.1
0,0.2,0.1,0.2,0.1
0,0.2,0.1,0.2,0.1
0,0.2,0.1,0.2,0.1
0,0.1,0.1,0.2,0.1
0,0.1,0.1,0.1,0.2
0,0.2,0.1,0.2,0.1
0,0.1,0.1,0.1,0.2
0,0.2,0.1,0.2,0.1
0,0.2,0.2,0.1,0.1
0,0.2,0.2,0.1,0.1
0,0.1,0.1,0.1,0.1
0,0.2,0.1,0.2,0.1
0,0.1,0.1,0.1,0.2
0,0.1,0.1,0.2,0.1
0,0.1,0.1,0.1,0.2
0,0.2,0.1,0.2,0.1
0,0.1,0.1,0.1,0.1
0,0.1,0.2,0.1,0.1
0,0.1,0.1,0.1,0.1
0,0.2,0.1,0.2,0.1
0,0.2,0.2,0.2,0.1
0,0.3,0.3,0.3,0.3
0,0.3,0.2,0.3,0.4
0,0.2,0.1,0.1,0.2
0,0.2,0.1,0.1,0.1
0,0.1,0.1,0.1,0.1
0,0.1,0.1,0.1,0.1
0,0.1,0.2,0.1,0.1
0,0.2,0.1,0.2,0.1
0,0.2,0.2,0.2,0.1
0,0.1,0.1,0.1,0.1
0,0.2,0.1,0.1,0.2
0,0.1,0.1,0.2,0.1
0,0.2,0.1,0.1,0.2
0,0.2,0.2,0.1,0.2
0,0.5,0.3,0.3,1.1
0,0.1,0.1,0.2,0.1
0,0.1,0.2,0.2,0.1
0,0.1,0.1,0.2,0.1
0,0.1,0.1,0.2,0.1
0,0.1,0.2,0.1,0.2
0,0.1,0.1,0.2,0.2
0,0.3,0.3,0.2,0.2
0,0.1,0.2,0.2,0.1
0,0.2,0.1,0.2,0.1
0,1.1,1.1,1.1,1.1
0,0.1,0.1,0.2,0.1
0,0.2,0.1,0.1,0.2
0,0.2,0.1,0.2,0.2
0,0.1,0.2,0.2,0.1
0,0.1,0.1,0.1,0.1
0,0.3,0.2,0.3,0.2
0,0.1,0.2,0.2,0.1
0,0.2,0.1,0.1,0.1
0,0.1,0.1,0.1,0.1
0,0.1,0.1,0.1,0.2
0,0.1,0.1,0.2,0.1
0,0.2,0.1,0.1,0.1
0,0.1,0.1,0.2,0.1
0,0.1,0.1,0.2,0.1
0,0.2,0.1,0.1,0.1
0,0.1,0.1,0.1,0.2
0,0.2,0.1,0.1,0.2
0,0.1,0.1,0.1,0.1
0,0.1,0.1,0.2,0.1
0,0.1,0.2,0.1,0.1
0,0.2,0.1,0.2,0.1
0,0.1,0.1,0.2,0.1
0,0.1,0.1,0.2,0.1
0,0.2,0.2,0.1,0.1
0,0.1,0.2,0.2,0.2
0,0.2,0.1,0.1,0.1
0,0.1,0.1,0.2,0.1
0,0.1,0.1,0.1,0.2
0,0.2,0.1,0.1,0.2
0,0.2,0.1,0.1,0.1
0,0.1,0.1,0.2,0.1
0,0.2,0.1,0.1,0.2
0,0.1,0.2,0.2,0.1
0,0.2,0.1,0.1,0.2
0,0.2,0.2,0.2,0.1
0,0.2,0.1,0.1,0.1
0,0.2,0.1,0.1,0.1
0,0.1,0.1,0.1,0.2
0,0.1,0.1,0.1,0.1
0,0.1,0.1,0.1,0.2
0,0.1,0.2,0.2,0.2
0,0.1,0.1,0.1,0.2
0,0.1,0.1,0.1,0.2
0,0.1,0.1,0.1,0.2
0,1,1.2,1.2,1.2
0,0.3,0.3,0.3,0.3
0,0.2,0.1,0.1,0.2
0,0.1,0.1,0.1,0.1
0,0.1,0.1,0.2,0.1
0,0.2,0.2,0.1,0.1
0,0.1,0.1,0.2,0.1
0,0.2,0.1,0.2,0.1
0,0.1,0.1,0.1,0.2
0,0.2,0.1,0.1,0.1
0,0.1,0.1,0.1,0.2
0,0.2,0.1,0.2,0.1
0,0.1,0.2,0.2,0.1
0,0.2,0.1,0.1,0.1
0,0.1,0.1,0.1,0.2
0,0.4,0.4,0.3,0.3
0,0.2,0.1,0.1,0.1
0,0.1,0.1,0.1,0.1
0,0.1,0.1,0.1,0.2
0,0.1,0.1,0.1,0.2
0,0.1,0.1,0.2,0.1
0,0.1,0.2,0.2,0.1
0,0.2,0.4,0.2,0.2
0,0.1,0.1,58.9,0.2
0,0.2,0.1,0.2,0.1
0,0.1,0.1,0.2,0.1
0,0.2,0.1,0.2,0.1
0,0.2,0.2,0.1,0.1
0,0.2,0.3,0.2,0.3
0,0.1,0.1,0.2,0.1
0,0.2,0.2,0.1,0.1
0,0.2,0.1,0.2,0.1
0,0.1,0.1,0.1,0.1
0,0.2,0.1,0.2,0.1
0,0.1,0.2,0.2,0.1
0,0.1,0.1,0.1,0.2
0,0.1,0.1,0.2,0.1
0,0.3,1,1.1,1
0,0.1,0.1,0.2,0.1
0,0.1,0.1,0.1,0.2
0,0.2,0.3,0.3,0.3
0,0.1,0.1,0.1,0.2
0,0.1,0.1,0.1,0.2
0,0.1,0.1,0.2,0.1
0,0.1,0.1,0.1,0.1
0,0.1,0.1,0.1,0.2
0,0.2,0.1,0.2,0.1
0,0.1,0.1,0.1,0.2
0,0.2,0.1,0.2,0.2
0,0.2,0.1,0.1,0.1
0,0.2,0.2,0.2,0.1
0,0.1,0.1,0.2,0.1
0,0.1,0.2,0.2,0.1
0,0.2,0.1,0.1,0.2
0,0.2,0.1,0.1,0.2
0,0.2,0.2,0.2,0.1
0,0.1,0.1,0.1,0.1
0,0.1,0.1,0.1,0.2
0,0.1,0.1,0.1,0.1
0,0.2,0.2,0.2,0.1
0,0.1,0.1,0.1,0.2
0,0.2,0.1,0.1,0.2
0,0.2,0.1,0.2,0.2
0,0.1,0.1,0.1,0.1
0,0.1,0.2,0.2,0.2
0,0.2,0.2,0.1,0.1
0,0.1,0.1,0.1,0.2
0,0.1,0.2,0.2,0.1
0,0.2,0.2,0.1,0.1
0,0.1,0.1,0.1,0.1
0,0.1,0.1,0.2,0.1
0,0.1,0.1,0.2,0.2
0,0.1,0.1,0.1,0.2
0,0.1,0.1,0.1,0.2
0,0.2,0.1,0.2,0.1
0,0.1,0.1,0.1,0.2
0,0.1,0.1,0.2,0.1
0,0.1,0.2,0.1,0.1
0,0.2,0.1,0.1,0.2
0,0.1,0.2,0.1,0.1
0,0.1,0.2,0.1,0.1
0,0.1,0.1,0.2,0.1
0,0.1,0.1,0.1,0.2
0,0.2,0.2,0.1,0.1
0,0.1,0.1,0.2,0.1
0,0.2,0.2,0.1,0.1
0,0.1,0.1,0.2,0.1
0,0.2,0.1,0.1,0.1
0,0.2,0.1,0.1,0.1
0,0.1,0.1,0.2,0.1
0,0.1,0.1,0.2,0.1
0,0.1,0.1,0.1,0.1
0,0.1,0.1,0.1,0.2
0,0.2,0.1,0.2,0.1
0,0.2,0.1,0.2,0.1
0,0.2,0.1,0.1,0.2
0,0.1,0.1,0.2,0.1
0,0.2,0.2,0.1,0.1
0,0.2,0.1,0.1,0.2
0,0.1,0.1,0.1,0.2
0,0.1,0.2,0.2,0.2
0,0.1,0.1,0.2,0.1
0,0.1,0.1,0.2,0.1
0,0.1,0.2,0.2,0.1
0,0.1,0.2,0.2,0.2
0,0.1,0.1,0.1,0.2
0,0.1,0.1,0.1,0.2
0,0.1,0.1,0.1,0.1
0,0.1,0.2,0.2,0.1
0,0.1,0.2,0.2,0.1
0,0.1,0.2,0.1,0.1
0,0.1,0.1,0.1,0.1
0,0.1,0.1,0.1,0.2
0,0.2,0.2,0.2,0.1
0,0.2,0.2,0.2,0.1
0,0.1,0.2,0.1,0.1
0,0.1,0.1,0.1,0.2
0,0.1,0.1,0.1,0.2
0,0.1,0.1,0.1,0.1
0,0.1,0.1,0.1,0.2
0,0.1,0.1,0.2,0.2
0,0.1,0.1,0.2,0.1
0,0.1,0.1,0.1,0.1
0,0.2,0.1,0.2,0.1
0,0.1,0.1,0.2,0.1
0,0.1,0.1,0.1,0.1
0,0.1,0.1,0.2,0.1
0,0.1,0.1,0.1,0.2
0,0.2,0.1,0.2,0.2
0,0.1,0.1,0.1,0.2
0,0.1,0.2,0.2,0.1
0,0.2,0.1,0.2,0.1
0,0.1,0.1,0.1,0.1
0,0.2,0.1,0.2,0.1
0,0.2,0.1,0.2,0.1
0,0.1,0.1,0.1,0.2
0,0.1,0.1,0.2,0.1
0,0.1,0.1,0.2,0.1
0,0.2,0.1,0.2,0.1
0,0.1,0.1,0.2,0.1
0,0.1,0.1,0.1,0.1
0,0.1,0.1,0.2,0.1
0,0.1,0.1,0.1,0.1
0,0.1,0.2,0.2,0.1
0,0.1,0.1,0.1,0.2
0,0.1,0.1,0.1,0.2
0,0.1,0.1,0.1,0.2
0,0.1,0.1,0.1,0.2
0,0.3,0.2,0.2,0.2
0,0.1,0.1,0.1,0.2
0,0.1,0.1,0.2,0.1
0,0.1,0.1,0.2,0.1
0,0.1,0.2,0.1,0.1
0,0.1,0.2,0.1,0.1
0,0.1,0.1,0.2,0.1
0,0.1,0.1,0.1,0.2
0,0.1,0.1,0.2,0.1
0,0.1,0.1,0.1,0.2
0,0.1,0.2,0.1,0.1
0,0.1,0.1,0.2,0.1
0,0.2,0.1,0.2,0.1
0,0.1,0.1,0.2,0.1
0,0.2,0.1,0.1,0.1
0,0.2,0.1,0.2,0.1
0,0.1,0.2,0.1,0.1
0,0.1,0.1,0.1,0.1
0,0.2,0.2,0.2,0.1
0,0.3,0.1,0.1,0.2
0,0.1,0.1,0.1,0.1
0,0.2,0.1,0.1,0.1
0,0.1,0.1,0.1,0.2
0,0.1,0.1,0.1,0.1
0,0.1,0.1,0.1,0.2
0,0.2,0.2,0.1,0.1
0,0.2,0.1,0.1,0.2
0,0.3,0.2,0.3,0.2
0,0.1,0.1,0.2,0.1
0,0.2,0.2,0.1,0.2
0,0.2,0.2,0.2,0.1
0,0.1,0.2,0.2,0.2
0,0.2,0.2,0.1,0.1
0,0.1,0.1,0.2,0.1
0,0.2,0.1,0.2,0.1
0,0.1,0.1,0.2,0.1
0,0.2,0.1,0.2,0.1
0,0.1,0.1,0.1,0.2
0,0.1,0.1,0.2,0.1
0,0.1,0.2,0.2,0.1
0,0.1,0.1,0.1,0.1
0,0.1,0.1,0.2,0.1
0,0.1,0.1,0.1,0.1
0,0.1,0.1,0.1,0.2
0,0.2,0.1,0.1,0.2
0,0.1,0.2,0.2,0.1
0,0.1,0.1,0.2,0.1
0,0.2,0.2,0.2,0.1
0,0.1,0.1,0.1,0.2
0,0.1,0.2,0.2,0.1
0,0.2,0.2,0.1,0.1
0,0.2,0.1,0.1,0.1
0,0.1,0.1,0.1,0.2
0,0.2,0.2,0.1,0.2
0,0.1,0.2,0.2,0.2
0,1.1,1.1,1.1,0.6
0,0.2,0.1,0.1,0.1
0,0.1,0.2,0.1,0.1
0,0.2,0.1,0.1,0.1
0,0.2,0.1,0.1,0.2
0,0.2,0.2,0.1,0.1
0,0.1,0.1,0.1,0.1
0,0.1,0.1,0.2,0.1
0,0.1,0.1,0.2,0.1
0,0.2,0.1,0.1,0.2
0,0.2,0.1,0.2,0.1
0,0.2,0.1,0.1,0.2
0,0.1,0.2,0.1,0.1
0,0.3,0.2,0.3,0.2
0,0.1,0.1,0.1,0.1
0,0.1,0.1,0.2,0.1
0,0.1,0.1,0.1,0.2
0,0.1,0.1,0.1,0.1
0,0.1,0.2,0.2,0.1
0,0.1,0.1,0.2,0.1
0,0.1,0.1,0.2,0.1
0,0.2,0.1,0.1,0.2
0,0.2,0.2,0.2,0.1
0,0.2,0.2,0.2,0.2
0,0.1,0.2,0.2,0.1
0,0.1,0.2,0.2,0.1
0,0.1,0.2,0.1,0.2
0,0.1,0.2,0.2,0.1
0,0.1,0.1,0.1,0.1
0,0.1,0.1,0.2,0.1
0,0.1,0.2,0.1,0.1
0,0.1,0.2,0.1,0.2
0,0.1,0.1,0.2,0.1
0,0.2,0.2,0.2,0.1
0,0.1,0.1,0.1,0.1
0,0.1,0.1,0.2,0.1
0,0.3,0.4,0.3,0.3
0,0.2,0.1,0.1,0.1
0,0.1,0.1,0.2,0.1
0,0.1,0.1,0.1,0.2
0,0.1,0.2,0.2,0.1
0,0.1,0.2,0.2,0.1
0,0.2,0.2,0.1,0.1
0,0.2,0.2,0.2,0.1
0,0.2,0.1,0.1,0.2
0,0.1,0.1,0.2,0.1
0,0.2,0.2,0.2,0.1
0,0.1,0.2,0.1,0.1
0,0.2,0.2,0.2,0.1
0,0.1,0.1,0.1,0.2
0,0.1,0.1,0.1,0.2
0,0.1,0.1,0.2,0.1
0,0.1,0.1,0.2,0.1
0,0.1,0.1,0.1,0.2
0,0.1,0.1,0.2,0.1
0,0.1,0.1,0.1,0.2
0,0.3,0.1,0.1,0.2
0,0.1,0.2,0.2,0.1
0,0.2,0.1,0.1,0.1
0,0.2,0.1,0.1,0.2
0,0.2,0.1,0.1,0.2
0,0.1,0.2,0.2,0.1
0,0.1,0.1,0.1,0.1
0,0.2,0.1,0.1,0.2
0,0.2,0.1,0.1,0.1
0,0.1,0.1,0.1,0.1
0,0.1,0.1,0.2,0.1
0,0.1,0.1,0.1,0.2
0,0.1,0.1,0.1,0.2
0,0.1,0.2,0.2,0.1
0,0.3,0.3,0.5,0.2
0,0.2,0.1,0.1,0.2
0,0.2,0.1,0.1,0.2
0,0.2,0.1,0.2,0.1
0,0.1,0.1,0.1,0.2
0,0.1,0.1,0.2,0.1
0,0.2,0.1,0.1,0.2
0,0.2,0.2,0.2,0.1
0,0.1,0.1,0.2,0.1
0,0.1,0.1,0.1,0.2
0,0.1,0.1,0.2,0.1
0,0.2,0.2,0.2,0.1
0,0.1,0.2,0.2,0.1
0,0.1,0.1,0.2,0.1
0,0.2,0.2,0.1,0.1
0,0.2,0.2,0.2,0.1
0,0.1,0.1,0.1,0.1
0,0.3,0.2,0.2,0.3
0,0.1,0.1,0.2,0.1
0,0.1,0.1,0.1,0.2
0,0.2,0.1,0.1,0.2
0,0.1,0.2,0.2,0.1
0,0.2,0.1,0.1,0.2
0,0.2,0.2,0.2,0.1
0,0.1,0.2,0.2,0.1
0,0.2,0.1,0.1,0.2
0,0.2,0.1,0.1,0.1
0,0.3,0.1,0.2,0.1
0,0.1,0.2,0.1,0.1
0,0.2,0.1,0.1,0.2
0,0.1,0.1,0.2,0.1
0,0.1,0.1,0.1,0.2
0,0.1,0.1,0.2,0.1
0,0.1,0.1,0.2,0.1
0,0.1,0.2,0.2,0.1
0,0.1,0.1,0.2,0.1
0,0.1,0.1,0.2,0.1
0,0.2,0.2,0.1,0.1
0,0.1,0.1,0.2,0.1
0,0.1,0.1,0.2,0.1
0,0.1,0.1,0.2,0.1
0,0.1,0.1,0.2,0.1
0,0.3,0.3,0.3,0.3
0,0.1,0.2,0.2,0.1
0,0.2,0.2,0.2,0.1
0,0.1,0.1,0.1,0.1
0,0.1,0.1,0.2,0.1
0,0.2,0.2,0.2,0.1
0,0.2,0.2,0.1,0.1
0,0.2,0.2,0.1,0.2
0,0.1,0.2,0.2,0.1
0,0.1,0.1,0.2,0.1
0,0.2,0.1,0.2,0.1
0,0.1,0.2,0.1,0.1
0,0.1,0.1,0.2,0.2
0,0.1,0.1,0.2,0.1
0,0.1,0.1,0.2,0.1
0,0.2,0.1,0.1,0.2
0,0.1,0.2,0.2,0.1
0,0.1,0.1,0.2,0.1
0,0.3,0.3,0.2,0.3
0,0.2,0.2,0.1,0.1
0,0.1,0.1,0.1,0.2
0,0.1,0.1,0.1,0.1
0,0.1,0.1,0.2,0.1
0,0.1,0.1,0.1,0.2
0,0.1,0.2,0.1,0.1
0,0.1,0.1,0.2,0.1
0,0.2,0.2,0.2,0.1
0,0.2,0.1,0.2,0.1
0,0.2,0.2,0.1,0.1
0,0.2,0.1,0.2,0.1
0,0.1,0.2,0.1,0.1
0,0.1,0.1,0.1,0.2
0,0.2,0.2,0.2,0.1
0,0.2,0.2,0.2,0.1
0,0.1,0.1,0.1,0.2
0,0.1,0.1,0.1,0.1
0,0.2,0.2,0.2,0.2
0,0.2,0.2,0.2,0.1
0,0.2,0.2,0.2,0.1
0,0.2,0.1,0.2,0.1
0,0.1,0.1,0.1,0.2
0,0.1,0.1,0.1,0.2
0,0.2,0.1,0.1,0.1
0,0.2,0.2,0.2,0.1
0,0.1,0.1,0.1,0.1
0,0.1,0.1,0.1,0.1
0,0.2,0.2,0.2,0.1
0,0.1,0.1,0.1,0.1
0,0.1,0.1,0.1,0.1
0,0.1,0.1,0.2,0.1
0,0.2,0.2,0.2,0.3
0,0.2,0.1,0.1,0.2
0,0.3,0.2,0.2,0.2
0,0.1,0.2,0.1,0.1
0,0.2,0.1,0.2,0.1
0,0.2,0.1,0.2,0.1
0,0.2,0.1,0.2,0.1
0,0.1,0.1,0.1,0.2
0,0.2,0.1,0.1,0.2
0,0.1,0.2,0.1,0.1
0,0.2,0.1,0.2,0.1
0,0.1,0.1,0.1,0.2
0,0.1,0.1,0.1,0.1
0,0.2,0.1,0.2,0.1
0,0.1,0.1,0.2,0.1
0,0.2,0.2,0.1,0.1
0,0.2,0.2,0.2,0.2
0,0.2,0.1,0.1,0.2
0,0.1,0.1,0.1,0.1
0,0.1,0.1,0.1,0.1
0,0.1,0.1,0.1,0.2
0,0.1,0.1,0.1,0.1
0,0.2,0.1,0.2,0.1
0,0.1,0.1,0.2,0.2
0,0.1,0.1,0.2,0.1
0,0.1,0.1,0.1,0.2
0,0.1,0.1,0.1,0.2
0,0.1,0.1,0.2,0.1
0,0.1,0.1,0.1,0.2
0,0.1,0.1,0.1,0.1
0,0.1,0.1,0.1,0.2
0,0.1,0.1,0.2,0.2
0,0.1,0.1,0.1,0.2
0,0.1,0.1,0.1,0.2
0,0.1,0.1,0.1,0.2
0,0.2,0.1,0.1,0.2
0,0.1,0.1,0.2,0.1
0,0.2,0.1,0.1,0.2
0,0.2,0.1,0.2,0.1
0,0.2,0.1,0.1,0.2
0,0.1,0.1,0.2,0.1
0,0.1,0.1,0.1,0.2
0,0.2,0.1,0.1,0.2
0,0.1,0.2,0.2,0.1
0,0.1,0.2,0.1,0.1
0,0.1,0.2,0.1,0.1
0,0.2,0.1,0.2,0.1
0,0.1,0.1,0.1,0.1
0,0.1,0.1,0.1,0.2
0,0.1,0.2,0.1,0.1
0,0.1,0.1,0.2,0.1
0,0.2,0.1,0.2,0.1
0,0.1,0.1,0.1,0.2
0,0.1,0.1,0.2,0.1
0,0.2,0.1,0.1,0.1
0,0.2,0.1,0.1,0.2
0,0.1,0.1,0.1,0.2
0,0.2,0.2,0.2,0.1
0,0.2,0.2,0.2,0.1
0,0.1,0.1,0.1,0.2
0,0.1,0.1,0.1,0.1
0,0.1,0.1,0.2,0.1
0,0.1,0.1,0.2,0.1
0,0.1,0.1,0.2,0.1
0,0.1,0.1,0.1,0.1
0,0.2,0.2,0.1,0.1
0,0.2,0.1,0.1,0.1
0,0.1,0.1,0.2,0.1
0,0.3,0.3,0.3,0.2
0,0.2,0.2,0.2,0.2
0,0.1,0.2,0.1,0.1
0,0.1,0.1,0.1,0.2
0,0.2,0.1,0.1,0.1
0,0.2,0.2,0.2,0.1
0,0.2,0.1,0.2,0.1
0,0.1,0.2,0.1,0.1
0,0.1,0.1,0.1,0.2
0,0.2,0.1,0.2,0.1
0,0.3,0.3,0.4,0.3
0,0.2,0.1,0.1,0.2
0,0.1,0.2,0.2,0.1
0,0.1,0.1,0.2,0.1
0,0.1,0.1,0.1,0.2
0,0.1,0.1,0.2,0.1
0,0.1,0.1,0.2,0.1
0,0.1,0.2,0.1,0.1
0,0.1,0.1,0.1,0.1
0,0.1,0.1,0.2,0.1
0,0.2,0.1,0.1,0.1
0,0.1,0.1,0.2,0.1
0,0.1,0.2,0.1,0.1
0,0.1,0.1,0.1,0.1
0,0.1,0.1,0.1,0.2
0,0.1,0.1,0.1,0.1
0,0.2,0.2,0.2,0.1
0,0.1,0.1,0.2,0.1
0,0.1,0.1,0.2,0.1
0,0.1,0.2,0.2,0.1
0,0.2,0.1,0.2,0.1
0,0.2,0.1,0.1,0.2
0,0.2,0.2,0.2,0.1
0,0.2,0.1,0.1,0.2
0,0.1,0.1,0.1,0.2
0,0.2,0.1,0.1,0.1
0,0.1,0.2,0.2,0.1
0,0.2,0.2,0.2,0.1
0,0.1,0.2,0.2,0.1
0,0.2,0.2,0.2,0.1
0,0.1,0.1,0.2,0.1
0,0.2,0.2,0.1,0.1
0,0.1,0.1,0.2,0.1
0,0.1,0.1,0.2,0.1
0,0.2,0.1,0.1,0.1
0,0.2,0.1,0.1,0.2
0,0.2,0.1,0.2,0.1
0,0.1,0.1,0.2,0.1
0,0.2,0.1,0.2,0.1
0,0.2,0.1,0.2,0.1
0,0.2,0.1,0.2,0.1
0,0.2,0.1,0.1,0.1
0,0.2,0.1,0.2,0.1
0,0.1,0.2,0.2,0.1
0,0.2,0.2,0.2,0.1
0,0.1,0.1,0.1,0.2
0,0.2,0.1,0.1,0.1
0,0.2,0.1,0.2,0.1
0,0.2,0.1,0.2,0.1
0,0.2,0.1,0.1,0.2
0,0.1,0.1,0.2,0.1
0,0.1,0.1,0.1,0.2
0,0.3,0.3,0.3,0.3
0,0.1,0.1,0.2,0.1
0,0.1,0.1,0.1,0.2
0,0.1,0.1,0.2,0.1
0,0.1,0.1,0.1,0.2
0,0.1,0.1,0.1,0.1
0,0.2,0.1,0.1,0.1
0,0.1,0.1,0.2,0.1
0,0.1,0.1,0.1,0.2
0,0.1,0.1,0.1,0.1
0,0.1,0.1,0.1,0.2
0,0.1,0.1,0.1,0.2
0,0.1,0.1,0.1,0.2
0,0.2,0.1,0.2,0.1
0,0.1,0.2,0.2,0.1
0,0.1,0.1,0.2,0.1
0,0.1,0.1,0.1,0.1
0,0.1,0.2,0.1,0.1
0,0.1,0.2,0.1,9.4
0,0.1,0.1,0.1,0.2
0,0.1,0.1,0.1,0.2
0,0.1,0.1,0.2,0.1
0,0.1,0.1,0.1,0.1
0,0.1,0.1,0.2,0.1
0,0.1,0.2,0.2,0.1
0,0.2,0.1,0.2,0.1
0,0.2,0.1,0.2,0.1
0,0.2,0.1,0.2,0.1
0,0.1,0.2,0.1,0.1
0,0.1,0.1,0.1,0.1
0,0.1,0.1,0.1,0.1
0,0.1,0.1,0.2,0.1
0,0.2,0.1,0.1,0.1
0,0.1,0.1,0.1,0.2
0,0.1,0.1,0.2,0.1
0,0.1,0.1,0.1,0.1
0,0.1,0.1,0.2,0.1
0,0.2,0.1,0.2,0.1
0,0.1,0.1,0.1,0.2
0,0.1,0.1,0.1,0.1
0,0.2,0.1,0.2,0.1
0,0.1,0.1,0.1,0.2
0,0.1,0.1,0.1,0.2
0,0.2,0.1,0.1,0.1
0,0.1,0.1,0.1,0.1
0,0.2,0.2,0.1,0.1
0,0.1,0.1,0.1,0.2
0,0.1,0.1,0.1,0.2
0,0.1,0.1,0.1,0.2
0,0.1,0.1,0.1,0.1
0,0.2,0.2,0.1,0.1
0,0.1,0.1,0.1,0.2
0,0.2,0.2,0.2,0.1
0,0.2,0.1,0.2,0.1
0,0.1,0.2,0.2,0.1
0,0.1,0.2,0.2,0.2
0,0.1,0.1,0.1,0.2
0,0.2,0.1,0.1,0.1
0,0.1,0.1,0.1,0.2
0,0.1,0.1,0.2,0.1
0,0.2,0.1,0.2,0.1
0,0.1,0.1,0.1,0.2
0,0.2,0.1,0.2,0.1
0,0.1,0.1,0.1,0.1
0,0.2,0.1,0.2,0.1
0,0.1,0.2,0.1,0.1
0,0.1,0.1,0.1,0.2
0,0.2,0.1,0.2,0.1
0,0.1,0.1,0.2,0.1
0,0.1,0.1,0.1,0.2
0,0.1,0.2,0.1,0.1
0,0.2,0.1,0.1,0.2
0,0.1,0.1,0.1,0.2
0,0.1,0.1,0.1,0.1
0,0.1,0.1,0.1,0.2
0,0.2,0.1,0.2,0.1
0,0.2,0.2,0.2,0.1
0,0.1,0.1,0.1,0.2
0,0.1,0.1,0.1,0.2
0,0.1,0.1,0.2,0.1
0,0.2,0.2,0.1,0.2
0,0.2,0.1,0.1,0.1
0,0.1,0.1,0.2,0.1
0,0.1,0.1,0.2,0.1
0,0.1,0.1,0.1,0.2
0,0.1,0.2,0.1,0.1
0,0.1,0.2,0.1,0.1
0,0.1,0.1,0.1,0.2
0,0.2,0.1,0.2,0.1
0,0.1,0.1,0.2,0.1
0,0.1,0.1,0.2,0.1
0,0.2,0.1,0.2,0.1
0,0.1,0.1,0.2,0.1
0,0.1,0.1,0.1,0.2
0,0.1,0.1,0.2,0.1
0,0.1,0.2,0.1,0.1
0,0.1,0.1,0.1,0.2
0,0.2,0.2,0.2,0.1
0,0.2,0.1,0.2,0.1
0,0.2,0.1,0.2,0.1
0,0.2,0.2,0.1,0.1
0,0.1,0.1,0.1,0.2
0,0.1,0.1,0.1,0.2
0,0.1,0.1,0.1,0.2
0,0.2,0.2,0.1,0.1
0,0.1,0.2,0.1,0.1
0,0.1,0.1,0.1,0.1
0,0.2,0.1,0.1,0.1
0,0.1,0.1,0.1,0.1
0,0.1,0.1,0.1,0.2
0,0.1,0.2,0.1,0.1
0,0.1,0.1,0.1,0.2
0,0.1,0.1,0.1,0.2
0,0.1,0.2,0.2,0.1
0,0.2,0.2,0.1,0.1
0,0.2,0.2,0.1,0.1
0,0.2,0.2,0.2,0.1
0,0.1,0.2,0.2,0.1
0,0.2,0.1,0.1,0.1
0,0.1,0.2,0.1,0.1
0,0.2,0.2,0.2,0.2
0,0.2,0.2,0.2,0.1
0,0.1,0.1,0.1,0.1
0,0.1,0.1,0.1,0.2
0,0.1,0.1,0.1,0.2
0,0.1,0.1,0.2,0.1
0,0.2,0.1,0.2,0.1
0,0.1,0.1,0.1,0.1
0,0.1,0.1,0.2,0.1
0,0.1,0.1,0.1,0.1
0,0.2,0.1,0.1,0.1
0,0.1,0.1,0.1,0.1
0,0.2,0.1,0.2,0.1
0,0.1,0.2,0.1,0.1
0,0.1,0.1,0.1,0.1
0,0.2,0.1,0.1,0.2
0,0.1,0.1,0.1,0.1
0,0.1,0.1,0.1,0.1
0,0.1,0.1,0.1,0.1
0,0.2,0.1,0.2,0.1
0,0.2,0.1,0.1,0.1
0,0.2,0.1,0.1,0.2
0,0.1,0.2,0.3,0.2
0,0.1,0.1,0.1,0.2
0,0.1,0.1,0.1,0.1
0,0.1,0.1,0.1,0.2
0,0.2,0.1,0.1,0.2
0,0.2,0.1,0.1,0.1
0,0.1,0.1,0.1,0.2
0,0.1,0.1,0.1,0.2
0,0.1,0.1,0.1,0.2
0,0.2,0.1,0.1,0.1
0,0.1,0.1,0.1,0.2
0,0.1,0.2,0.2,0.1
0,0.2,0.1,0.2,0.1
0,0.1,0.1,0.1,0.1
0,0.1,0.1,0.1,0.2
0,0.1,0.1,0.1,0.1
0,0.1,0.1,0.1,0.2
0,0.1,0.1,0.1,0.2
0,0.1,0.1,0.2,0.1
0,0.1,0.1,0.1,0.2
0,0.1,0.2,0.1,0.1
0,0.2,0.1,0.2,0.1
0,0.1,0.1,0.2,0.2
0,0.1,0.1,0.1,0.2
0,0.1,0.1,0.1,0.2
0,0.1,0.1,0.2,0.1
0,0.1,0.1,0.1,0.1
0,0.1,0.1,0.1,0.2
0,0.1,0.1,0.1,0.2
0,0.2,0.1,0.2,0.1
0,0.1,0.2,0.1,0.1
0,0.2,0.1,0.1,0.1
0,0.2,0.1,0.2,0.1
0,0.2,0.1,0.2,0.1
0,0.2,0.2,0.2,0.1
0,0.1,0.1,0.1,0.1
0,0.1,0.1,0.2,0.1
0,0.1,0.1,0.2,0.1
0,0.1,0.1,0.2,0.1
0,0.1,0.1,0.2,0.1
0,0.1,0.1,0.2,0.1
0,0.1,0.1,0.1,0.2
0,0.2,0.2,0.1,0.1
0,0.2,0.2,0.2,0.1
0,0.1,0.1,0.1,0.1
0,0.1,0.1,0.1,0.2
0,0.1,0.1,0.1,0.2
0,0.1,0.1,0.1,0.2
0,0.2,0.1,0.1,0.2
0,0.2,0.1,0.1,0.1
0,0.2,0.1,0.1,0.1
0,0.1,0.1,0.2,0.1
0,0.2,0.2,0.2,0.2
0,0.1,0.1,0.1,0.2
0,0.1,0.2,0.2,0.1
0,0.2,0.1,0.1,0.2
0,0.1,0.1,0.1,0.1
0,0.2,0.1,0.3,0.2
0,1,0.2,1,0.4
0,0.1,0.2,0.1,0.2
0,0.1,0.1,0.1,0.1
0,0.2,0.2,0.1,0.1
0,0.2,0.1,0.1,0.2
0,0.3,0.4,0.9,1.4
0,1.1,0.3,0.3,1.1
0,0.2,0.1,0.3,0.2
0,0.2,0.3,0.3,0.2
0,0.2,0.1,0.1,0.1
0,0.1,0.1,0.1,0.2
0,0.1,0.1,0.1,0.2
0,0.1,0.1,0.1,0.1
0,0.2,0.2,0.2,0.1
0,0.1,0.2,0.2,0.1
0,0.1,0.2,0.2,0.1
0,0.1,0.1,0.1,0.1
0,0.1,0.1,0.3,0.2
0,0.2,0.1,0.1,0.1
0,0.2,0.1,0.1,0.2
0,0.2,0.1,0.1,0.2
0,0.3,0.3,0.3,0.3
0,0.2,0.4,0.3,1
0,0.3,0.3,0.4,0.6
0,0.3,0.3,0.3,0.3
0,0.2,0.1,0.1,0.3
0,0.2,0.2,0.1,0.1
0,0.3,0.3,0.4,0.3
0,0.4,0.3,0.4,0.3
0,0.1,0.2,0.3,0.2
0,0.2,0.4,0.2,0.2
0,0.2,0.1,0.1,0.2
0,0.1,0.2,0.3,0.2
0,0.2,0.2,0.3,0.1
0,0.3,0.4,0.5,0.3
0,0.2,0.1,0.2,0.2
0,0.1,0.1,0.2,0.1
0,0.1,0.1,0.1,0.2
0,0.3,0.4,0.5,0.3
0,0.1,0.2,0.2,0.1
0,0.1,0.1,0.2,0.1
0,0.1,0.1,0.2,0.1
0,0.1,0.1,0.2,0.1
0,0.2,0.1,0.1,0.1
0,0.1,0.2,0.2,0.2
0,0.1,0.2,0.2,0.1
0,0.1,0.2,0.1,0.1
0,0.2,0.1,0.1,0.1
0,0.2,0.1,0.2,0.1
0,0.1,0.1,0.1,0.2
0,0.2,0.1,0.1,0.1
0,0.1,0.2,0.1,0.1
0,0.2,0.1,0.2,0.1
0,0.1,0.2,0.1,0.1
0,0.2,0.1,0.1,0.2
0,0.1,0.1,0.2,0.1
0,0.1,0.1,0.2,0.1
0,0.3,0.3,0.3,0.3
0,0.2,0.1,0.1,0.2
0,0.2,0.1,0.1,0.1
0,0.2,0.1,0.2,0.1
0,0.1,0.2,0.2,0.1
0,0.1,0.2,0.2,0.1
0,0.1,0.2,0.2,0.1
0,0.1,0.1,0.2,0.1
0,0.1,0.1,0.1,0.1
0,0.3,0.3,0.3,0.2
0,0.2,0.1,0.1,0.2
0,0.2,0.1,0.1,0.2
0,0.1,0.1,0.2,0.1
0,0.3,0.3,0.3,0.3
0,0.1,0.1,0.1,0.1
0,0.2,0.2,0.2,0.1
0,0.1,0.1,0.1,0.2
0,0.1,0.1,0.1,0.1
0,0.1,0.1,0.1,0.1
0,0.2,0.2,0.2,0.1
0,0.2,0.1,0.1,0.2
0,0.2,0.2,0.2,0.1
0,0.1,0.1,0.2,0.1
0,0.2,0.1,0.1,0.2
0,0.1,0.1,0.1,0.1
0,0.2,0.1,0.2,0.1
0,0.2,0.1,0.1,0.2
0,0.3,0.3,0.3,0.3
0,0.2,0.2,0.2,0.1
0,0.1,0.1,0.1,0.2
0,0.1,0.2,0.2,0.1
0,0.1,0.1,0.2,0.1
0,0.1,0.1,0.2,0.1
0,0.2,0.2,0.1,0.1
0,0.1,0.1,0.2,0.1
0,0.2,0.2,0.2,0.1
0,0.1,0.1,0.2,0.1
0,0.1,0.1,0.1,0.2
0,0.2,0.1,0.2,0.1
0,0.2,0.1,0.2,0.2
0,0.3,0.3,0.3,0.3
0,0.2,0.1,0.2,0.1
0,0.1,0.2,0.2,0.1
0,0.2,0.1,0.2,0.1
0,0.3,0.3,0.3,0.2
0,0.2,0.1,0.1,0.1
0,0.1,0.2,0.1,0.2
0,0.2,0.1,0.2,0.1
0,0.1,0.1,0.1,0.2
0,0.1,0.1,0.1,0.2
0,0.1,0.1,0.1,0.2
0,0.1,0.1,0.1,0.2
0,0.1,0.1,0.1,0.1
0,0.1,0.1,0.2,0.1
0,0.1,0.1,0.1,0.1
0,0.1,0.1,0.2,0.1
0,0.1,0.1,0.1,0.2
0,0.2,0.2,0.2,0.1
0,0.1,0.1,0.1,0.1
0,0.1,0.1,0.2,0.1
0,0.1,0.1,0.1,0.2
0,0.2,0.2,0.2,0.1
0,0.1,0.1,0.1,0.2
0,0.1,0.1,0.1,0.2
0,0.1,0.1,0.1,0.1
0,0.1,0.1,0.2,0.1
0,0.1,0.1,0.1,0.1
0,0.1,0.1,0.1,0.1
0,0.1,0.1,0.1,0.2
0,0.1,0.1,0.1,0.1
0,0.1,0.1,0.2,0.1
0,0.1,0.1,0.1,0.2
0,0.1,0.1,0.2,0.1
0,0.1,0.1,0.1,0.1
0,0.2,0.1,0.2,0.1
0,0.1,0.1,0.1,0.1
0,0.1,0.2,0.2,0.1
0,0.1,0.1,0.1,0.2
0,0.2,0.2,0.2,0.1
0,0.1,0.1,0.1,0.2
0,0.1,0.1,0.1,0.2
0,0.1,0.1,0.1,0.1
0,0.2,0.1,0.2,0.1
0,0.1,0.1,0.2,0.1
0,0.1,0.1,0.1,0.2
0,0.1,0.1,0.1,0.2
0,0.1,0.1,0.1,0.1
0,0.1,0.1,0.1,0.1
0,0.1,0.1,0.1,0.2
0,0.1,0.1,0.2,0.1
0,0.2,0.1,0.2,0.1
0,0.1,0.1,0.2,0.1
0,0.1,0.2,0.1,0.1
0,0.2,0.1,0.1,0.1
0,0.1,0.1,0.1,0.1
0,0.1,0.1,0.1,0.1
0,0.1,0.1,0.1,0.1
0,0.1,0.1,0.1,0.2
0,0.2,0.1,0.1,0.2
0,0.2,0.1,0.2,0.1
0,0.1,0.1,0.1,0.2
0,0.2,0.1,0.1,0.2
0,0.1,0.1,0.1,0.1
0,0.1,0.1,0.1,0.2
0,0.1,0.1,0.1,0.2
0,0.1,0.1,0.1,0.2
0,0.1,0.1,0.2,0.1
0,0.1,0.1,0.1,0.1
0,0.2,0.2,0.2,0.1
0,0.1,0.1,0.2,0.1
0,0.2,0.1,0.1,0.1
0,0.1,0.1,0.1,0.1
0,0.2,0.2,0.1,0.1
0,0.2,0.2,0.2,0.1
0,0.1,0.1,0.1,0.1
0,0.2,0.1,0.2,0.1
0,0.1,0.1,0.1,0.1
0,0.2,0.1,0.1,0.1
0,0.2,0.1,0.2,0.1
0,0.2,0.1,0.1,0.2
0,0.2,0.2,0.2,0.1
0,0.1,0.1,0.2,0.1
0,0.1,0.1,0.1,0.1
0,0.1,0.1,0.2,0.1
0,0.1,0.1,0.1,0.1
0,0.1,0.1,0.1,0.2
0,0.1,0.1,0.1,0.1
0,0.1,0.1,0.2,0.1
0,0.1,0.1,0.2,0.1
0,0.1,0.1,0.1,0.1
0,0.1,0.1,0.2,0.1
0,0.2,0.1,0.1,0.2
0,0.2,0.1,0.2,0.1
0,0.1,0.1,0.2,0.1
0,0.1,0.1,0.1,0.2
0,0.1,0.1,0.1,0.2
0,0.2,0.2,0.1,0.1
0,0.2,0.2,0.1,0.1
0,0.2,0.1,0.2,0.1
0,0.2,0.2,0.1,0.1
0,0.1,0.1,0.1,0.1
0,0.2,0.2,0.2,0.1
0,0.1,0.1,0.1,0.2
0,0.2,0.3,0.2,0.3
0,0.1,0.1,0.1,0.2
0,0.1,0.2,0.2,0.1
0,0.2,0.1,0.2,0.1
0,0.3,0.2,0.2,0.3
0,0.1,0.1,0.2,0.1
0,0.1,0.1,0.2,0.1
0,0.1,0.2,0.2,0.1
0,0.1,0.2,0.2,0.1
0,0.2,0.2,0.2,0.1
0,0.1,0.1,0.1,0.2
0,0.1,0.1,0.1,0.2
0,0.2,0.1,0.1,0.1
0,0.1,0.1,0.1,0.1
0,0.1,0.1,0.1,0.2
0,0.1,0.1,0.1,0.1
0,0.1,0.1,0.1,0.2
0,0.2,0.1,0.2,0.1
0,0.1,0.1,0.2,0.1
0,0.1,0.1,0.1,0.2
0,0.1,0.1,0.1,0.1
0,0.1,0.1,0.1,0.2
0,0.1,0.1,0.1,0.1
0,0.1,0.1,0.1,0.1
0,0.2,0.1,0.2,0.1
0,0.2,0.1,0.1,0.2
0,0.1,0.1,0.2,0.1
0,0.1,0.1,0.1,0.2
0,0.2,0.2,0.2,0.1
0,0.1,0.1,0.2,0.1
0,0.1,0.1,0.2,0.1
0,0.1,0.1,0.1,0.1
0,0.1,0.1,0.1,0.2
0,0.1,0.1,0.1,0.1
0,0.1,0.1,0.1,0.2
0,0.1,0.2,0.1,0.1
0,0.1,0.1,0.1,0.1
0,0.2,0.2,0.2,0.1
0,0.1,0.1,0.2,0.1
0,0.1,0.1,0.1,0.1
0,0.1,0.1,0.1,0.2
0,0.1,0.1,0.1,0.2
0,0.2,0.1,0.1,0.1
0,0.1,0.2,0.1,0.1
0,0.1,0.1,0.1,0.2
0,0.1,0.2,0.1,0.1
0,0.1,0.1,0.1,0.2
0,0.1,0.1,0.1,0.2
0,0.1,0.1,0.2,0.2
0,0.1,0.1,0.1,0.1
0,0.1,0.2,0.3,0.1
0,0.2,0.2,0.1,0.1
0,0.1,0.1,0.1,0.2
0,0.2,0.1,0.2,0.2
0,0.1,0.2,0.2,0.1
0,0.1,0.1,0.3,0.2
0,0.1,0.3,0.3,0.2
0,0.2,0.1,0.2,0.1
0,0.1,0.1,0.2,0.1
0,0.1,0.1,0.1,0.2
0,0.1,0.1,0.1,0.2
0,0.2,0.2,0.1,0.1
0,0.1,0.1,0.2,0.1
0,0.2,0.1,0.1,0.2
0,0.1,0.1,0.1,0.1
0,0.1,0.1,0.2,0.1
0,0.2,0.2,0.2,0.1
0,0.2,0.1,0.2,0.1
0,0.1,0.2,0.1,0.1
0,0.2,0.1,0.1,0.1
0,0.1,0.1,0.1,0.1
0,0.1,0.1,0.1,0.1
0,0.2,0.1,0.1,0.1
0,0.1,0.1,0.1,0.2
0,0.1,0.1,0.2,0.1
0,0.1,0.1,0.1,0.1
0,0.2,0.2,0.2,0.2
0,0.1,0.2,0.1,0.1
0,0.1,0.2,0.2,0.1
0,0.2,0.1,0.1,0.1
0,0.1,0.1,0.1,0.1
0,0.2,0.1,0.1,0.2
0,0.2,0.2,0.1,0.2
0,0.1,0.1,0.1,0.2
0,0.3,0.2,0.2,0.2
0,0.1,0.1,0.2,0.1
0,0.1,0.2,0.1,0.1
0,0.1,0.1,0.1,0.2
0,0.2,0.1,0.2,0.1
0,0.1,0.2,0.2,0.2
0,0.1,0.1,0.2,0.1
0,0.1,0.1,0.2,0.1
0,0.1,0.1,0.2,0.1
0,0.1,0.1,0.1,0.1
0,0.2,0.2,0.2,0.2
0,0.2,0.2,0.1,0.1
0,0.1,0.1,0.1,0.1
0,0.2,0.1,0.1,0.1
0,0.2,0.1,0.2,0.1
0,0.1,0.2,0.2,0.2
0,0.1,0.2,0.2,0.1
0,0.1,0.1,0.2,0.1
0,0.2,0.1,0.1,0.1
0,0.3,0.3,0.3,0.2
0,0.1,0.2,0.2,0.2
0,0.1,0.1,0.1,0.2
0,0.2,0.2,0.2,0.1
0,0.1,0.1,0.1,0.1
0,0.2,0.1,0.1,0.1
0,0.2,0.1,0.1,0.1
0,0.2,0.1,0.1,0.2
0,0.1,0.2,0.1,0.1
0,0.1,0.1,0.2,0.1
0,0.3,1.1,1.1,1.1
0,0.2,0.1,0.1,0.2
0,0.1,0.1,0.1,0.1
0,0.1,0.1,0.1,0.2
0,0.1,0.1,0.2,0.1
0,0.1,0.1,0.2,0.1
0,0.2,0.1,0.1,0.1
0,0.1,0.2,0.2,0.1
0,0.2,0.2,0.1,0.1
0,0.2,0.1,0.1,0.1
0,0.2,0.1,0.1,0.2
0,0.2,0.1,0.2,0.1
0,0.1,0.1,0.2,0.1
0,0.1,0.1,0.1,0.2
0,0.2,0.2,0.2,0.1
0,0.1,0.1,0.1,0.2
0,0.3,0.3,0.3,0.3
0,0.2,0.1,0.1,0.2
0,0.1,0.1,0.2,0.1
0,0.1,0.1,0.2,0.1
0,0.1,0.2,0.1,0.1
0,0.1,0.1,0.1,0.1
0,0.1,0.1,0.1,0.1
0,0.1,0.1,0.1,0.1
0,0.1,0.1,0.1,0.1
0,0.2,0.1,0.1,0.2
0,0.1,0.1,0.1,0.2
0,0.1,0.2,0.2,0.1
0,0.1,0.1,0.2,0.1
0,0.1,0.1,0.2,0.2
0,0.2,0.1,0.2,0.1
0,0.1,0.2,0.1,0.1
0,0.2,0.1,0.2,0.1
0,0.1,0.2,0.1,0.1
0,0.2,0.1,0.2,0.1
0,0.2,0.2,0.1,0.1
0,0.1,0.1,0.1,0.1
0,0.1,0.1,0.1,0.2
0,0.1,0.1,0.2,0.2
0,0.1,0.1,0.2,0.1
0,0.1,0.1,0.2,0.1
0,0.1,0.1,0.1,0.1
0,0.1,0.1,0.1,0.1
0,0.1,0.1,0.2,0.1
0,0.2,0.1,0.2,0.1
0,0.2,0.2,0.1,0.1
0,0.2,0.2,0.3,0.1
0,0.1,0.1,0.1,0.2
0,0.2,0.1,0.1,0.1
0,0.1,0.1,0.1,0.2
0,0.2,0.2,0.1,0.1
0,0.1,0.1,0.1,0.2
0,0.1,0.2,0.1,0.1
0,0.1,0.1,0.1,0.1
0,0.2,0.1,0.1,0.2
0,0.2,0.1,0.1,0.2
0,0.2,0.1,0.1,0.2
0,0.2,0.1,0.2,0.1
0,0.1,0.1,0.2,0.1
0,0.1,0.1,0.1,0.1
0,0.1,0.2,0.2,0.1
0,0.1,0.2,0.2,0.2
0,0.1,0.1,0.1,0.2
0,0.1,0.1,0.2,0.1
0,0.1,0.1,0.2,0.1
0,0.2,0.1,0.2,0.1
0,0.1,0.1,0.2,0.1
0,0.1,0.1,0.2,0.1
0,0.2,0.2,0.2,0.2
0,0.1,0.2,0.1,0.1
0,0.2,0.1,0.2,0.1
0,0.2,0.1,0.1,0.1
0,0.1,0.2,0.2,0.1
0,0.1,0.1,0.1,0.2
0,0.1,0.1,0.2,0.1
0,0.2,0.2,0.1,0.1
0,0.2,0.1,0.2,0.1
0,0.1,0.1,0.1,0.1
0,0.1,0.2,0.2,0.1
0,0.1,0.2,0.1,0.1
0,0.1,0.2,0.1,0.1
0,0.2,0.1,0.2,0.1
0,0.2,0.1,0.1,0.2
0,0.1,0.1,0.1,0.2
0,0.1,0.1,0.2,0.1
0,0.2,0.1,0.2,0.1
0,0.2,0.1,0.1,0.2
0,0.1,0.1,0.1,0.1
0,0.1,0.1,0.2,0.1
0,0.1,0.2,0.2,0.1
0,0.1,0.1,0.1,0.1
0,0.2,0.1,0.2,0.1
0,0.2,0.1,0.2,0.1
0,0.1,0.1,0.1,0.2
0,0.1,0.1,0.2,0.1
0,0.1,0.1,0.1,0.1
0,0.2,0.1,0.1,0.2
0,0.1,0.1,0.2,0.1
0,0.2,0.1,0.1,0.1
0,0.1,0.2,0.2,0.1
0,0.2,0.1,0.1,0.2
0,0.1,0.1,0.1,0.2
0,0.1,0.1,0.2,0.1
0,0.1,0.1,0.1,0.2
0,0.2,0.1,0.2,0.1
0,0.1,0.1,0.2,0.1
0,0.2,0.2,0.2,0.1
0,0.1,0.1,0.1,0.2
0,0.1,0.1,0.2,0.1
0,0.1,0.1,0.2,0.1
0,0.1,0.2,0.1,0.1
0,0.1,0.1,0.1,0.2
0,0.1,0.1,0.1,0.2
0,0.1,0.1,0.2,0.1
0,0.2,0.1,0.1,0.1
0,0.2,0.2,0.1,0.1
0,0.1,0.1,0.1,0.1
0,0.2,0.2,0.1,0.1
0,0.2,0.2,0.2,0.1
0,0.1,0.1,0.2,0.1
0,0.2,0.1,0.1,0.1
0,0.1,0.1,0.1,0.1
0,0.2,0.2,0.1,0.1
0,0.1,0.1,0.1,0.2
0,0.1,0.1,0.1,0.2
0,0.1,0.1,0.1,0.2
0,0.1,0.1,0.1,0.1
0,0.1,0.1,0.1,0.1
0,0.1,0.1,0.2,0.1
0,0.1,0.1,0.2,0.1
0,0.1,0.1,0.2,0.1
0,0.2,0.1,0.2,0.1
0,0.2,0.1,0.2,0.1
0,0.1,0.1,0.1,0.2
0,0.1,0.1,0.2,0.1
0,0.2,0.2,0.2,0.2
0,0.1,0.1,0.2,0.1
0,0.1,0.1,0.1,0.2
0,0.1,0.1,0.2,0.1
0,0.1,0.1,0.1,0.1
0,0.1,0.1,0.1,0.1
0,0.1,0.2,0.1,0.1
0,0.1,0.1,0.1,0.2
0,0.3,0.2,0.2,0.2
0,0.1,0.2,0.1,0.1
0,0.2,0.2,0.2,0.1
0,0.2,0.1,0.2,0.1
0,0.2,0.1,0.2,0.1
0,0.1,0.1,0.1,0.2
0,0.1,0.1,0.2,0.1
0,0.2,0.1,0.1,0.1
0,0.1,0.1,0.2,0.1
0,0.2,0.2,0.1,0.1
0,0.1,0.1,0.2,0.1
0,0.1,0.2,0.1,0.1
0,0.2,0.1,0.1,0.2
0,0.1,0.1,0.2,0.1
0,0.2,0.1,0.1,0.2
0,0.2,0.1,0.2,0.1
0,0.1,0.1,0.2,0.2
0,0.1,0.1,0.2,0.1
0,0.1,0.1,0.1,0.2
0,0.1,0.1,0.2,0.1
0,0.1,0.1,0.2,0.1
0,0.1,0.1,0.2,0.1
0,0.1,0.1,0.2,0.1
0,0.2,0.2,0.2,0.1
0,0.1,0.1,0.1,0.2
0,0.1,0.2,0.1,0.1
0,0.1,0.2,0.2,0.1
0,0.1,0.1,0.1,0.2
0,0.2,0.2,0.1,0.1
0,0.2,0.1,0.1,0.1
0,0.1,0.1,0.1,0.1
0,0.1,0.2,0.1,0.1
0,0.1,0.1,0.1,0.1
0,0.1,0.1,0.1,0.2
0,0.2,0.1,0.1,0.2
0,0.1,0.1,0.1,0.2
0,0.2,0.1,0.2,0.1
0,0.2,0.1,0.2,0.1
0,0.1,0.1,0.2,0.2
0,0.1,0.1,0.2,0.1
0,0.2,0.1,0.1,0.1
0,0.2,0.1,0.2,0.1
0,0.1,0.1,0.2,0.1
0,0.1,0.1,0.1,0.1
0,0.2,0.2,0.1,0.1
0,0.2,0.1,0.1,0.2
0,0.2,0.1,0.1,0.1
0,0.1,0.1,0.1,0.2
0,0.1,0.1,0.2,0.1
0,0.2,0.1,0.1,0.2
0,0.2,0.1,0.1,0.1
0,0.1,0.1,0.2,0.1
0,0.1,0.2,0.1,0.2
0,0.1,0.2,0.2,0.1
0,0.2,0.1,0.1,0.1
0,0.1,0.2,0.2,0.1
0,0.1,0.2,0.2,0.1
0,0.2,0.2,0.3,0.2
0,0.1,0.2,0.2,0.1
0,0.1,0.2,0.1,0.1
0,0.2,0.1,0.2,0.1
0,0.1,0.1,0.2,0.1
0,0.2,0.1,0.2,0.1
0,0.1,0.1,0.2,0.1
0,0.2,0.4,1,0.2
0,0.3,0.2,0.3,0.2
0,0.1,0.1,0.1,0.1
0,0.2,0.2,0.1,0.1
0,0.2,0.1,0.2,0.1
0,0.2,0.2,0.1,0.1
0,0.2,0.2,0.1,0.1
0,0.1,0.1,0.1,0.2
0,0.1,0.2,0.2,0.2
0,0.1,0.1,0.2,0.1
0,0.1,0.2,0.2,0.1
0,0.2,0.2,0.3,0.2
0,0.1,0.1,0.1,0.1
0,0.1,0.1,0.2,0.1
0,0.1,0.1,0.2,0.1
0,0.2,0.1,0.1,0.1
0,0.2,0.1,0.1,0.2
0,0.1,0.1,0.1,0.2
0,0.2,0.1,0.1,0.1
0,0.1,0.1,0.2,0.1
0,0.1,0.1,0.1,0.2
0,0.2,0.1,0.2,0.1
0,0.3,2.3,0.3,0.3
0,0.1,0.2,0.1,0.2
0,1,0.3,1.1,0.3
0,0.1,0.1,0.1,0.1
0,0.1,0.1,0.1,0.1
0,0.1,0.1,0.2,0.2
0,0.1,0.1,0.1,0.1
0,0.2,0.2,0.1,0.2
0,0.2,0.2,0.2,0.2
0,0.2,0.2,0.2,0.1
0,0.1,0.2,0.2,0.1
0,0.2,0.2,9.5,0.1
0,0.2,0.2,0.2,0.2
0,0.1,0.2,0.1,0.1
0,0.1,0.2,0.3,0.2
0,0.2,0.2,0.3,0.2
0,0.2,0.2,0.2,0.1
0,0.1,0.1,0.1,0.2
0,0.1,0.1,0.2,0.1
0,0.1,0.1,0.2,0.1
0,0.1,0.1,0.1,0.1
0,0.1,0.2,0.2,0.1
0,0.1,0.2,0.2,0.1
0,0.1,0.1,0.2,0.2
0,0.2,0.1,0.1,0.1
0,0.1,0.2,0.1,0.1
0,0.2,0.1,0.1,0.2
0,0.1,0.1,0.2,0.1
0,0.1,0.1,0.2,0.1
0,0.1,0.1,0.2,0.1
0,0.3,0.2,0.2,0.3
0,0.2,0.2,0.1,0.1
0,0.2,0.2,0.1,0.1
0,0.2,0.2,0.2,0.1
0,0.1,0.1,0.2,0.1
0,0.1,0.1,0.2,0.1
0,0.1,0.2,0.1,0.1
0,0.2,0.1,0.2,0.1
0,0.2,0.1,0.3,0.2
0,0.3,0.3,0.3,0.3
0,0.2,0.1,0.1,0.2
0,0.1,0.2,0.2,0.1
0,0.1,0.1,0.2,0.1
0,0.2,0.1,0.2,0.1
0,0.1,0.1,0.1,0.1
0,0.2,0.5,0.2,0.2
0,0.1,0.2,0.2,0.2
0,0.1,0.2,0.1,0.1
0,0.2,0.1,0.1,0.2
0,0.1,0.1,0.1,0.2
0,0.1,0.1,0.1,0.1
0,0.1,0.1,0.2,0.1
0,0.2,0.1,0.1,0.2
0,0.2,0.1,0.1,0.1
0,0.2,0.1,0.1,0.2
0,0.2,0.1,0.1,0.2
0,0.1,0.2,0.2,0.1
0,0.1,0.1,0.2,0.1
0,0.2,0.2,0.1,0.1
0,0.2,0.1,0.1,0.2
0,0.1,0.1,0.1,0.2
0,0.1,0.1,0.1,0.2
0,0.1,0.1,0.2,0.1
0,0.2,0.1,0.2,0.1
0,0.1,0.1,0.1,0.1
0,0.2,0.1,0.1,0.1
0,0.1,0.2,0.1,0.2
0,0.1,0.1,0.2,0.1
0,0.2,0.1,0.2,0.1
0,0.2,0.2,0.1,0.1
0,0.4,0.3,0.3,0.2
0,0.2,0.1,0.2,0.1
0,0.1,0.2,0.2,0.1
0,0.2,0.1,0.1,0.2
0,0.2,0.1,0.1,0.2
0,0.2,0.1,0.1,0.2
0,0.1,0.1,0.1,0.2
0,0.2,0.2,0.1,0.1
0,0.1,0.1,0.1,0.1
0,0.2,0.1,0.1,0.1
0,0.1,0.1,0.2,0.1
0,0.1,0.1,0.2,0.1
0,0.1,0.2,0.2,0.1
0,0.1,0.1,0.2,0.1
0,0.1,0.1,0.3,0.2
0,0.1,0.1,0.1,0.1
0,0.2,0.2,0.2,0.1
0,0.1,0.2,0.2,0.1
0,0.2,0.1,0.1,0.2
0,0.1,0.1,0.1,0.2
0,0.2,0.2,0.2,0.1
0,0.1,0.1,0.2,0.1
0,0.1,0.1,0.2,0.1
0,0.2,0.2,0.1,0.1
0,0.2,0.1,0.1,0.1
0,0.1,0.1,0.2,0.1
0,0.2,0.1,0.1,0.2
0,0.1,0.2,0.1,0.1
0,0.1,0.2,0.2,0.1
0,0.1,0.1,0.1,0.1
0,0.1,0.1,0.1,0.1
0,0.1,0.1,0.1,0.1
0,0.1,0.2,0.1,0.1
0,0.1,0.2,0.1,0.1
0,0.1,0.1,0.1,0.2
0,0.1,0.1,0.2,0.1
0,0.1,0.1,0.1,0.1
0,0.1,0.1,0.1,0.1
0,0.1,0.1,0.2,0.1
0,0.2,0.1,0.2,0.1
0,0.1,0.1,0.1,0.1
0,0.2,0.2,0.2,0.1
0,0.1,0.2,0.2,0.1
0,0.2,0.1,0.2,0.1
0,0.1,0.1,0.1,0.2
0,0.2,0.2,0.2,0.1
0,0.2,0.1,0.1,0.2
0,0.1,0.1,0.1,0.2
0,0.2,0.1,0.1,0.1
0,0.2,0.1,0.1,0.2
0,0.1,0.1,0.1,0.2
0,0.2,0.1,0.1,0.1
0,0.1,0.2,0.1,0.1
0,0.2,0.1,0.1,0.1
0,0.2,0.2,0.1,0.1
0,0.2,0.1,0.2,0.1
0,0.2,0.1,0.1,0.2
0,0.2,0.1,0.2,0.1
0,0.1,0.1,0.1,0.2
0,0.2,0.1,0.2,0.1
0,0.2,0.1,0.1,0.2
0,0.1,0.1,0.2,0.1
0,0.1,0.1,0.1,0.1
0,0.1,0.1,0.1,0.2
0,0.1,0.2,0.2,0.1
0,0.1,0.1,0.2,0.1
0,0.1,0.1,0.2,0.1
0,0.2,0.2,0.2,0.1
0,0.1,0.1,0.1,0.1
0,0.2,0.1,0.1,0.1
0,0.2,0.2,0.1,0.1
0,0.1,0.1,0.1,0.1
0,0.2,0.2,0.2,0.1
0,0.2,0.1,0.1,0.2
0,0.1,0.1,0.1,0.1
0,0.1,0.1,0.1,0.1
0,0.1,0.1,0.2,0.1
0,0.1,0.1,0.1,0.2
0,0.1,0.1,0.2,0.1
0,0.1,0.1,0.1,0.1
0,0.1,0.1,0.1,0.2
0,0.2,0.2,0.1,0.1
0,0.2,0.1,0.1,0.1
0,0.1,0.1,0.1,0.2
0,0.2,0.1,0.1,0.1
0,0.2,0.1,0.1,0.2
0,0.2,0.1,0.1,0.2
0,0.2,0.1,0.2,0.1
0,0.1,0.1,0.1,0.1
0,0.1,0.1,0.2,0.1
0,0.1,0.1,0.1,0.1
0,0.2,0.1,0.2,0.1
0,0.1,0.1,0.1,0.2
0,0.1,0.1,0.1,0.2
0,0.2,0.1,0.2,0.1
0,0.2,0.1,0.1,0.1
0,0.2,0.1,0.1,0.1
0,0.2,0.2,0.2,0.1
0,0.3,0.3,0.2,0.2
0,0.1,0.1,0.1,0.1
0,0.1,0.1,0.1,0.2
0,0.1,0.1,0.1,0.2
0,0.2,0.2,0.1,0.1
0,0.1,0.1,0.2,0.1
0,0.2,0.2,0.1,0.1
0,0.1,0.1,0.1,0.2
0,0.1,0.1,0.1,0.2
0,0.1,0.1,0.2,0.1
0,0.2,0.1,0.1,0.2
0,0.1,0.2,0.1,0.1
0,0.1,0.1,0.2,0.1
0,0.1,0.1,0.2,0.1
0,0.1,0.1,0.1,0.2
0,0.2,0.1,0.1,0.2
0,0.1,0.1,0.3,0.1
0,0.1,0.1,0.1,0.2
0,0.1,0.1,0.1,0.1
0,0.1,0.1,0.2,0.1
0,0.3,0.2,0.3,0.2
0,0.1,0.1,0.2,0.1
0,0.1,0.3,0.2,0.2
0,0.1,0.1,0.2,0.1
0,0.1,0.1,0.1,0.2
0,0.1,0.1,0.1,0.2
0,0.2,0.1,0.2,0.1
0,0.1,0.1,0.1,0.1
0,0.2,0.1,0.1,0.2
0,0.1,0.2,0.1,0.1
0,0.1,0.1,0.2,0.1
0,0.1,0.1,0.2,0.2
0,0.2,0.1,0.1,0.2
0,0.1,0.1,0.2,0.1
0,0.1,0.1,0.2,0.1
0,0.2,0.1,0.1,0.2
0,0.1,0.1,0.1,0.1
0,0.1,0.1,0.1,0.1
0,0.1,0.1,0.1,0.1
0,0.2,0.1,0.2,0.1
0,0.1,0.1,0.2,0.1
0,0.1,0.1,0.1,0.1
0,0.2,0.1,0.1,0.1
0,0.1,0.2,0.2,0.2
0,0.2,0.1,0.1,0.2
0,0.1,0.2,0.2,0.1
0,0.1,0.1,0.2,0.1
0,0.1,0.1,0.1,0.1
0,0.1,0.2,0.1,0.1
0,0.2,0.2,0.2,0.1
0,0.1,0.1,0.2,0.2
0,0.2,0.1,0.1,0.1
0,0.2,0.1,0.1,0.2
0,0.1,0.1,0.1,0.2
0,0.2,0.2,0.2,0.1
0,0.2,0.2,0.2,0.1
0,0.1,0.1,0.1,0.1
0,1.1,1.1,1.1,0.3
0,0.1,0.1,0.2,0.2
0,1,1,1,1.1
0,0.2,0.1,0.1,0.2
0,0.1,0.1,0.1,0.1
0,0.1,0.1,0.1,0.1
0,0.1,0.1,0.1,0.2
0,0.2,0.1,0.1,0.2
0,0.1,0.1,0.1,0.2
0,0.1,9.6,0.1,0.1
0,0.1,0.1,0.1,0.2
0,1.1,0.3,0.3,0.3
0,0.2,0.2,0.2,0.1
0,0.2,0.1,0.1,0.2
0,0.1,0.1,0.1,0.1
0,0.1,0.1,0.2,0.1
0,0.1,0.2,0.2,0.1
0,0.1,0.1,0.1,0.2
0,0.1,0.1,0.2,0.1
0,0.2,0.1,0.2,0.1
0,0.2,0.1,0.1,0.2
0,0.1,0.2,0.2,0.2
0,0.3,0.2,0.2,0.3
0,0.1,0.1,0.1,0.2
0,0.2,0.2,0.2,0.1
0,0.1,0.1,0.1,0.2
0,0.1,0.1,0.1,0.2
0,0.2,0.2,0.1,0.1
0,0.1,0.1,0.1,0.2
0,0.1,0.1,0.1,0.2
0,0.1,0.1,0.2,0.1
0,0.2,0.1,0.1,0.1
0,0.1,0.1,0.2,0.1
0,0.2,0.2,0.1,0.1
0,0.2,0.2,0.1,0.1
0,0.2,0.1,0.1,0.1
0,0.1,0.1,0.2,0.1
0,0.1,0.1,0.1,0.2
0,0.2,0.1,0.2,0.1
0,0.2,0.1,0.1,0.2
0,0.2,0.2,0.1,0.1
0,0.2,0.1,0.1,0.2
0,0.1,0.1,0.2,0.2
0,0.1,0.1,0.2,0.1
0,0.1,0.1,0.2,0.1
0,0.1,0.1,0.1,0.1
0,0.1,0.1,0.1,0.2
0,0.3,0.2,0.2,0.2
0,0.2,0.2,0.2,0.1
0,0.2,0.1,0.2,0.1
0,0.1,0.1,0.1,0.2
0,0.1,0.2,0.2,0.1
0,0.3,0.3,0.2,0.2
0,0.4,0.4,0.4,0.3
0,0.2,0.1,0.2,0.1
0,0.2,0.1,0.2,0.1
0,0.2,0.1,0.1,0.1
0,0.1,0.2,0.1,0.1
0,0.3,0.2,0.3,0.3
0,0.2,0.1,0.2,0.2
0,0.1,0.1,0.2,0.1
0,0.1,0.1,0.1,0.1
0,1,0.9,0.3,1.2
0,0.2,0.1,0.1,0.1
0,0.2,0.1,0.1,0.2
0,0.1,0.2,0.2,0.1
0,0.1,0.2,0.2,0.1
0,0.1,0.1,0.1,0.1
0,0.1,0.1,0.2,0.1
0,0.2,0.2,0.2,0.1
0,0.3,0.3,0.3,0.2
0,0.1,0.1,0.5,0.2
0,0.2,0.2,0.3,0.2
0,0.1,0.1,0.1,0.2
0,0.1,0.1,0.2,0.1
0,0.1,0.2,0.2,0.2
0,0.1,0.1,0.2,0.1
0,0.1,0.1,0.2,0.1
0,0.1,0.1,0.1,0.1
0,0.1,0.2,0.1,0.2
0,0.1,0.2,0.2,0.2
0,0.1,0.1,0.2,0.1
0,0.2,0.1,0.1,0.1
0,0.1,0.1,0.1,0.1
0,0.1,0.1,0.2,0.1
0,0.2,0.1,0.1,0.1
0,0.1,0.1,0.3,0.1
0,0.3,0.2,0.3,0.3
0,0.1,0.2,0.2,0.1
0,0.1,0.1,0.1,0.2
0,0.1,0.1,0.1,0.2
0,0.1,0.1,0.2,0.1
0,0.1,0.1,0.1,0.1
0,0.1,0.1,0.2,0.1
0,0.1,0.1,0.2,0.1
0,0.2,0.1,0.1,0.2
0,0.1,0.1,0.2,0.1
0,0.2,0.2,0.1,0.2
0,0.1,0.1,0.2,0.1
0,0.1,0.1,0.1,0.1
0,0.1,0.2,0.2,0.1
0,0.1,0.1,0.1,0.2
0,0.1,0.1,0.2,0.1
0,0.1,0.1,0.1,0.2
0,0.2,0.2,0.2,0.1
0,0.2,0.1,0.2,0.1
0,0.1,0.1,0.1,0.1
0,0.1,0.1,0.1,0.1
0,0.2,0.2,0.1,0.1
0,10.8,0.5,1.1,1.1
0,0.2,0.1,0.1,0.2
0,0.1,0.1,0.2,0.1
0,0.1,0.1,0.1,0.2
0,0.1,0.1,0.1,0.1
0,0.1,0.1,0.1,0.1
0,0.1,0.1,0.1,0.2
0,0.3,0.3,0.3,0.3
0,0.1,0.1,0.2,0.1
0,0.1,0.1,0.2,0.1
0,1.2,1.1,1.1,1.1
0,0.2,0.1,0.1,0.1
0,0.1,0.2,0.1,0.2
0,0.1,0.1,0.2,0.1
0,0.2,0.1,0.1,0.1
0,0.1,0.2,0.1,0.1
0,0.1,0.1,0.1,0.1
0,0.2,0.1,0.2,0.1
0,0.1,0.1,0.2,0.1
0,0.1,0.1,0.2,0.1
0,0.1,0.1,0.1,0.1
0,0.2,0.2,0.3,0.2
0,0.1,0.2,0.2,0.1
0,0.1,0.2,0.2,0.1
0,0.1,0.1,0.2,0.1
0,0.1,0.1,0.1,0.1
0,0.1,0.1,0.1,0.1
0,0.2,0.1,0.2,0.1
0,0.1,0.2,0.2,0.1
0,0.1,0.1,0.2,0.1
0,0.1,0.2,0.1,0.1
0,0.2,0.2,0.2,0.1
0,0.1,0.1,0.2,0.1
0,0.2,0.1,0.1,0.1
0,0.1,0.1,0.1,0.1
0,0.1,0.1,0.2,0.1
0,0.1,0.1,0.1,0.1
0,0.1,0.1,0.1,0.1
0,0.1,0.1,0.1,0.1
0,0.2,0.2,0.2,0.1
0,0.1,0.1,0.1,0.1
0,0.1,0.1,0.1,0.2
0,0.1,0.1,0.2,0.1
0,0.1,0.1,0.1,0.2
0,0.1,0.1,0.2,0.1
0,0.2,0.1,0.2,0.1
0,0.1,0.1,0.2,0.1
0,0.1,0.1,0.2,0.1
0,0.2,0.1,0.2,0.1
0,0.1,0.2,0.1,0.1
0,0.2,0.2,0.2,0.1
0,0.1,0.1,0.1,0.1
0,0.1,0.1,0.1,0.2
0,0.1,0.1,0.1,0.2
0,0.1,0.1,0.1,0.1
0,0.2,0.2,0.1,0.1
0,0.1,0.1,0.1,0.2
0,0.1,0.1,0.1,0.1
0,0.1,0.1,0.1,0.1
0,0.1,0.1,0.1,0.2
0,0.1,0.1,0.1,0.2
0,0.2,0.1,0.2,0.1
0,0.1,0.2,0.1,0.1
0,0.1,0.2,0.2,0.1
0,0.1,0.1,0.1,0.2
0,0.2,0.1,0.1,0.2
0,0.2,0.1,0.1,0.2
0,0.2,0.1,0.1,0.1
0,0.1,0.1,0.1,0.1
0,0.2,0.2,0.1,0.1
0,0.2,0.1,0.1,0.1
0,0.1,0.2,0.2,0.1
0,0.1,0.2,0.1,0.1
0,0.1,0.2,0.1,0.1
0,0.2,0.1,0.2,0.1
0,0.2,0.1,0.1,0.2
0,0.1,0.1,0.1,0.1
0,0.1,0.1,0.2,0.1
0,0.2,0.1,0.2,0.1
0,0.1,0.2,0.1,0.1
0,0.2,0.1,0.1,0.2
0,0.2,0.2,0.1,0.1
0,0.2,0.2,0.1,0.1
0,0.2,0.1,0.1,0.2
0,0.1,0.1,0.1,0.2
0,0.1,0.1,0.1,0.2
0,0.1,0.1,0.2,0.1
0,0.1,0.2,0.2,0.1
0,0.1,0.1,0.2,0.1
0,0.1,0.1,0.2,0.1
0,0.1,0.1,0.1,0.2
0,0.1,0.1,0.1,0.2
0,0.1,0.1,0.1,0.2
0,0.2,0.2,0.2,0.1
0,0.2,0.1,0.2,0.1
0,0.1,0.1,0.1,0.2
0,0.1,0.1,0.2,0.1
0,0.1,0.2,0.1,0.1
0,0.2,0.1,0.1,0.2
0,0.3,0.2,0.3,0.3
0,0.1,0.1,0.2,0.1
0,0.1,0.2,0.1,0.1
0,0.1,0.1,0.1,0.2
0,0.1,0.1,0.1,0.1
0,0.1,0.1,0.2,0.1
0,0.1,0.1,0.2,0.1
0,0.1,0.1,0.2,0.1
0,0.2,0.2,0.2,0.1
0,0.3,0.2,0.2,0.2
0,0.1,0.1,0.1,0.1
0,0.1,0.1,0.2,0.1
0,0.1,0.1,0.1,0.2
0,0.1,0.1,0.1,0.2
0,0.2,0.1,0.1,0.1
0,0.2,0.1,0.1,0.1
0,0.1,0.2,0.1,0.2
0,0.2,0.1,0.1,0.1
0,0.1,0.1,0.1,0.2
0,0.1,0.1,0.2,0.1
0,0.1,0.1,0.1,0.1
0,0.2,0.1,0.2,0.1
0,0.1,0.1,0.2,0.1
0,0.1,0.2,0.2,0.1
0,0.2,0.1,0.2,0.1
0,0.1,0.1,0.1,0.2
0,0.1,0.1,0.2,0.1
0,0.1,0.1,0.1,0.2
0,0.1,0.1,0.1,0.1
0,0.1,0.1,0.1,0.1
0,0.2,0.2,0.1,0.2
0,0.1,0.1,0.2,0.1
0,0.2,0.1,0.1,0.2
0,0.1,0.1,0.1,0.1
0,0.1,0.1,0.1,0.1
0,0.1,0.1,0.2,0.1
0,0.1,0.1,0.1,0.1
0,0.1,0.2,0.1,0.1
0,0.1,0.2,0.1,0.1
0,0.1,0.1,0.1,0.2
0,0.1,0.2,0.1,0.1
0,0.2,0.1,0.1,0.2
0,0.1,0.1,0.1,0.2
0,0.1,0.1,0.2,0.2
0,0.2,0.1,0.2,0.1
0,0.1,0.1,0.1,0.2
0,0.1,0.2,0.1,0.1
0,0.2,0.1,0.1,0.2
0,0.2,0.1,0.2,0.1
0,0.2,0.2,0.1,0.1
0,0.2,0.1,0.1,0.1
0,0.1,0.2,0.1,0.1
0,0.2,0.2,0.2,0.1
0,0.1,0.1,0.1,0.1
0,0.1,0.1,0.1,0.1
0,0.4,0.3,0.3,0.3
0,0.2,0.2,0.1,0.1
0,0.1,0.1,0.1,0.2
0,0.1,0.2,0.2,0.1
0,0.2,0.3,0.3,0.3
0,0.2,0.1,0.1,0.1
0,0.1,0.1,0.1,0.2
0,0.3,0.2,0.4,0.3
0,0.1,0.1,0.1,0.2
0,0.2,0.7,0.2,0.3
0,0.2,0.2,0.3,0.2
0,0.2,0.1,0.2,0.1
0,0.1,0.1,0.1,0.2
0,0.2,0.2,0.3,0.1
0,0.1,0.1,0.1,0.2
0,0.1,0.2,0.1,0.1
0,0.2,0.2,0.2,0.1
0,0.2,0.1,0.1,0.1
0,0.1,0.2,0.2,0.1
0,0.2,0.1,0.1,0.2
0,0.1,0.1,0.1,0.2
0,0.1,0.2,0.2,0.1
0,0.2,0.2,0.2,0.2
0,0.1,0.1,0.1,0.1
0,0.7,0.6,0.3,1.2
0,0.2,0.1,0.1,0.1
0,0.2,0.1,0.1,0.1
0,1.1,1.1,1.1,1.1
0,0.3,0.3,0.3,0.3
0,0.3,0.4,0.4,0.4
0,0.3,0.3,0.3,0.3
0,0.1,0.1,0.2,0.1
0,0.3,0.3,0.2,0.3
0,0.1,0.1,0.2,0.2
0,0.2,0.1,0.1,0.2
0,0.2,0.1,0.1,0.1
0,0.1,0.4,0.2,0.2
0,0.4,0.2,0.4,0.3
0,0.1,0.1,0.1,0.1
0,0.1,0.2,0.2,0.2
0,0.1,0.2,0.3,0.2
0,0.3,0.3,0.3,0.4
0,0.3,0.3,0.4,0.4
0,0.1,0.2,0.2,0.2
0,0.1,0.1,0.2,0.1
0,0.1,0.1,0.2,0.1
0,0.3,0.4,0.5,0.4
0,0.1,0.2,0.2,0.1
0,0.2,0.1,0.2,0.2
0,0.2,0.1,0.1,0.1
0,0.2,0.1,0.1,0.2
0,0.3,0.3,0.3,0.2
0,0.1,0.2,0.1,0.1
0,0.1,0.1,0.1,0.1
0,0.2,0.1,0.1,0.2
0,0.2,0.2,0.3,0.3
0,0.2,0.1,0.3,0.1
0,0.1,0.1,0.2,0.3
0,0.1,0.2,0.3,0.1
0,0.2,0.2,0.4,0.1
0,0.1,0.1,0.2,0.1
0,0.2,0.1,0.1,0.2
0,0.1,0.2,0.2,0.2
0,0.1,0.2,0.5,0.1
0,0.1,0.2,0.3,0.2
0,0.2,0.2,0.2,0.2
0,0.1,0.1,0.1,0.1
0,0.2,0.1,0.1,0.1
0,0.2,0.2,0.2,0.1
0,0.1,0.1,0.1,0.1
0,0.1,0.2,0.2,0.2
0,0.1,0.2,0.2,0.4
0,0.1,0.1,0.2,0.1
0,0.1,0.2,0.2,0.1
0,0.1,0.1,0.3,0.1
0,0.1,0.1,0.1,0.2
0,0.2,0.1,0.1,0.1
0,0.1,0.1,0.2,0.2
0,0.1,0.1,0.2,0.1
0,0.2,0.1,0.2,0.1
0,0.2,0.1,0.1,0.2
0,0.1,0.1,0.1,0.2
0,0.1,0.1,0.1,0.1
0,0.1,0.1,0.1,0.1
0,0.1,0.1,0.1,0.1
0,0.1,0.1,0.1,0.2
0,0.1,0.1,0.1,0.1
0,0.1,0.1,0.2,0.1
0,1.1,1,1.1,1.1
0,0.1,0.1,0.1,0.2
0,0.1,0.1,0.2,0.1
0,0.1,0.2,0.2,0.1
0,0.1,0.1,0.1,0.1
0,0.2,0.1,0.2,0.1
0,0.1,0.1,0.1,0.2
0,0.1,0.1,0.1,0.2
0,0.2,0.1,0.2,0.1
0,0.1,0.1,0.2,0.1
0,0.1,0.1,0.1,0.1
0,0.1,0.1,0.1,0.2
0,0.2,0.1,0.1,0.1
0,0.1,0.1,0.1,0.1
0,0.1,0.1,0.1,0.2
0,0.2,0.1,0.1,0.2
0,0.1,0.1,0.2,0.2
0,0.1,0.1,0.2,0.1
0,0.2,0.1,0.2,0.1
0,0.2,0.2,0.1,0.1
0,0.2,0.1,0.1,0.1
0,0.2,0.2,0.1,0.1
0,0.1,0.1,0.1,0.2
0,0.1,0.1,0.2,0.1
0,0.1,0.1,0.2,0.1
0,0.2,0.2,0.1,0.2
0,0.1,0.2,0.2,0.1
0,0.2,0.2,0.2,0.1
0,0.2,0.1,0.1,0.2
0,0.1,0.1,0.2,0.1
0,1,0.3,1,0.3
0,0.2,0.1,0.1,0.1
0,0.2,0.1,0.1,0.1
0,0.1,0.2,0.2,0.3
0,0.2,0.1,0.2,0.1
0,0.3,0.3,0.3,0.3
0,0.1,0.1,0.1,0.2
0,0.1,0.1,0.1,0.1
0,0.2,0.1,0.2,0.1
0,0.1,0.2,0.1,0.1
0,0.1,0.1,0.1,0.2
0,0.1,0.1,0.2,0.1
0,0.2,0.1,0.1,0.1
0,0.1,0.1,0.2,0.1
0,0.1,0.1,0.2,0.1
0,0.2,0.1,0.1,0.1
0,0.1,0.1,0.2,0.1
0,0.1,0.1,0.2,0.1
0,0.1,0.1,0.2,0.1
0,0.1,0.1,0.2,0.1
0,0.2,0.1,0.1,0.2
0,0.1,0.1,0.1,0.2
0,0.1,0.1,0.1,0.2
0,0.1,0.2,0.2,0.1
0,0.1,0.1,0.2,0.1
0,0.1,0.2,0.2,0.1
0,0.1,0.1,0.1,0.1
0,0.1,0.2,0.2,0.1
0,0.2,0.2,16.7,0.1
0,0.1,0.2,0.1,0.1
0,0.2,0.2,0.2,0.1
0,0.2,0.1,0.2,0.1
0,0.1,0.1,0.1,0.2
0,0.1,0.1,0.1,0.2
0,0.2,0.1,0.2,0.1
0,0.1,0.1,0.1,0.1
0,0.1,0.1,0.1,0.1
0,0.1,0.1,0.2,0.1
0,0.1,0.1,0.1,0.1
0,0.1,0.1,0.1,0.1
0,0.2,0.2,0.1,0.1
0,0.1,0.1,0.1,0.2
0,0.2,0.1,0.2,0.1
0,0.1,0.1,0.2,0.1
0,0.1,0.2,0.1,0.1
0,0.2,0.1,0.2,0.1
0,0.1,0.1,0.1,0.2
0,0.1,0.1,0.1,0.2
0,0.2,0.2,0.2,0.1
0,0.1,0.1,0.1,0.2
0,0.2,0.1,0.2,0.1
0,0.1,0.1,0.1,0.2
0,0.1,0.1,0.1,0.1
0,0.2,0.1,0.2,0.1
0,0.1,0.1,0.1,0.2
0,0.2,0.1,0.1,0.2
0,0.1,0.2,0.2,0.1
0,0.1,0.1,0.1,0.2
0,0.1,0.1,0.1,0.2
0,0.2,0.1,0.1,0.1
0,0.1,0.1,0.1,0.1
0,0.1,0.1,0.1,0.1
0,0.2,0.1,0.1,0.1
0,0.2,0.1,0.1,0.1
0,0.1,0.1,0.2,0.1
0,0.2,0.1,0.1,0.2
0,0.2,0.1,0.2,0.1
0,0.1,0.1,0.1,0.1
0,0.1,0.2,0.1,0.1
0,0.1,0.1,0.1,0.2
0,0.1,0.1,0.1,0.2
0,0.2,0.1,0.1,0.1
0,0.3,0.2,0.3,0.3
0,0.1,0.1,0.1,0.2
0,0.1,0.1,0.2,0.1
0,0.1,0.2,0.2,0.1
0,0.2,0.2,0.2,0.1
0,0.1,0.1,0.2,0.1
0,0.1,0.1,0.2,0.2
0,0.1,0.2,0.1,0.1
0,0.1,0.1,0.1,0.2
0,0.1,0.1,0.1,0.1
0,0.1,0.1,0.1,0.1
0,0.2,0.2,0.1,0.1
0,0.1,0.1,0.1,0.1
0,0.2,0.1,0.1,0.2
0,0.2,0.1,0.1,0.1
0,0.2,0.1,0.2,0.1
0,0.1,0.1,0.2,0.1
0,0.2,0.1,0.2,0.1
0,0.2,0.1,0.1,0.2
0,0.2,0.1,0.2,0.1
0,0.1,0.1,0.1,0.1
0,0.2,0.1,0.2,0.1
0,0.2,0.1,0.2,0.1
0,0.1,0.1,0.1,0.2
0,0.1,0.1,0.1,0.2
0,0.1,0.1,0.1,0.1
0,0.1,0.1,0.1,0.2
0,0.1,0.2,0.2,0.1
0,0.2,0.1,0.1,0.2
0,0.1,0.1,0.1,0.1
0,0.1,0.1,0.2,0.1
0,0.2,0.1,0.1,0.2
0,0.2,0.1,0.2,0.1
0,0.1,0.2,0.1,0.1
0,0.2,0.1,0.2,0.1
0,0.1,0.2,0.1,0.1
0,0.2,0.1,0.2,0.2
0,0.1,0.1,0.1,0.2
0,0.1,0.1,0.1,0.2
0,0.2,0.2,0.1,0.1
0,0.1,0.1,0.1,0.2
0,0.1,0.1,0.1,0.2
0,0.2,0.1,0.2,0.1
0,0.2,0.1,0.2,0.1
0,0.1,0.1,0.2,0.1
0,0.1,0.1,0.1,0.1
0,0.1,0.1,0.2,0.1
0,0.1,0.2,0.1,0.1
0,0.1,0.1,0.1,0.1
0,0.1,0.1,0.1,0.1
0,0.1,0.1,0.2,0.1
0,0.3,0.2,0.2,0.2
0,0.2,0.2,0.1,0.1
0,0.2,0.2,0.1,0.1
0,0.2,0.1,0.1,0.1
0,0.1,0.1,0.2,0.2
0,0.1,0.1,0.1,0.2
0,0.1,0.1,0.1,0.2
0,0.1,0.1,0.1,0.2
0,0.1,0.2,0.1,0.1
0,0.2,0.2,0.1,0.1
0,0.1,0.1,0.2,0.2
0,0.1,0.1,0.1,0.2
0,0.2,0.1,0.1,0.2
0,0.1,0.1,0.1,0.2
0,0.1,0.1,0.1,0.1
0,0.2,0.2,0.2,0.1
0,0.1,0.1,0.1,0.1
0,0.1,0.1,0.1,0.1
0,0.2,0.1,0.1,0.1
0,0.3,0.2,0.3,0.3
0,0.1,0.2,0.2,0.1
0,0.1,0.1,0.1,0.1
0,0.2,0.1,0.1,0.1
0,0.2,0.1,0.1,0.2
0,0.2,0.1,0.1,0.2
0,0.2,0.1,0.1,0.1
0,0.1,0.1,0.1,0.1
0,0.3,0.2,0.3,0.1
0,0.1,0.2,0.2,0.2
0,0.1,0.2,0.1,0.1
0,0.1,0.1,0.2,0.1
0,0.1,0.1,0.2,0.1
0,0.3,0.2,9.3,0.3
0,0.2,0.1,0.1,0.2
0,0.1,0.1,0.1,0.1
0,0.3,0.3,0.3,0.3
0,0.1,0.2,0.3,0.2
0,0.1,0.2,0.1,0.1
0,0.2,0.3,0.5,0.3
0,0.2,0.1,0.1,0.2
0,0.2,0.2,0.2,0.2
0,0.2,0.1,0.1,0.1
0,0.2,0.2,0.1,0.1
0,0.3,0.3,0.2,0.3
0,0.1,0.1,0.1,0.2
0,0.2,0.2,0.1,0.2
0,0.2,0.1,0.1,0.1
0,0.1,0.1,0.1,0.1
0,0.1,0.1,0.1,0.2
0,0.1,0.1,0.2,0.1
0,0.1,0.1,0.2,0.1
0,0.1,0.1,0.2,0.1
0,0.2,0.1,0.1,0.2
0,0.1,0.1,0.2,0.2
0,0.2,0.2,0.2,0.2
0,0.2,0.1,0.1,0.1
0,0.1,0.2,0.2,0.1
0,0.1,0.1,0.2,0.1
0,0.1,0.1,0.2,0.1
0,0.2,0.2,0.2,0.1
0,0.1,0.1,0.1,0.1
0,0.1,0.1,0.2,0.1
0,0.1,0.2,0.1,0.1
0,0.2,0.1,0.2,0.1
0,0.1,0.1,0.1,0.1
0,0.2,0.1,0.2,0.1
0,0.1,0.1,0.1,0.2
0,0.1,0.2,0.2,0.1
0,0.1,0.2,0.3,0.2
0,0.1,0.2,0.1,0.2
0,0.1,0.2,0.1,0.1
0,0.2,0.1,0.1,0.2
0,0.1,0.1,0.1,0.1
0,0.2,6.5,0.2,0.1
0,0.2,0.1,0.2,0.1
0,0.1,0.1,0.2,0.1
0,0.1,0.1,0.1,0.1
0,0.2,0.1,0.1,0.2
0,0.2,0.2,0.1,0.1
0,0.1,0.1,0.1,0.2
0,0.1,0.2,0.2,0.1
0,0.2,0.1,0.1,0.1
0,0.1,0.2,0.2,0.1
0,0.1,0.1,0.2,0.1
0,0.1,0.1,0.1,0.2
0,0.1,0.1,0.2,0.1
0,0.1,0.1,0.1,0.1
0,0.1,0.1,0.2,0.1
0,0.1,0.1,0.2,0.1
0,0.1,0.1,0.2,0.1
0,0.1,0.1,0.2,0.1
0,0.1,0.1,0.1,0.2
0,0.1,0.1,0.1,0.1
0,0.1,0.1,0.2,0.1
0,0.1,0.2,0.2,0.1
0,0.2,0.1,0.1,0.1
0,0.1,0.1,0.2,0.1
0,0.2,0.1,0.1,0.2
0,0.2,0.1,0.2,0.1
0,0.1,0.1,0.2,0.1
0,0.1,0.1,0.1,0.2
0,0.1,0.1,0.1,0.2
0,0.1,0.1,0.1,0.2
0,0.2,0.2,0.2,0.1
0,0.2,0.2,0.2,0.1
0,0.2,0.1,0.1,0.1
0,0.5,0.5,0.5,0.5
0,0.9,0.2,0.2,0.6
0,0.2,0.1,0.1,0.2
0,0.1,0.1,0.1,0.2
0,0.1,0.1,0.2,0.1
0,0.2,0.1,0.1,0.1
0,0.2,0.1,0.1,0.2
0,0.2,0.1,0.1,0.1
0,0.2,0.1,0.1,0.1
0,0.1,0.1,0.1,0.2
0,0.2,0.1,0.1,0.1
0,0.1,0.1,0.2,0.1
0,0.1,0.1,0.1,0.1
0,0.2,0.1,0.1,0.2
0,0.1,0.1,0.2,0.1
0,0.1,0.2,0.2,0.1
0,0.1,0.1,0.1,0.1
0,0.2,0.2,0.1,0.1
0,0.1,0.1,0.1,0.2
0,0.2,0.1,0.2,0.1
0,0.1,0.2,0.2,0.1
0,0.1,0.1,0.2,0.1
0,0.3,0.3,0.3,0.2
0,0.1,0.1,0.1,0.2
0,0.1,0.1,0.1,0.1
0,0.2,0.1,1.9,0.1
0,0.2,0.1,0.1,0.2
0,0.1,0.1,0.1,0.2
0,0.1,0.1,0.2,0.1
0,0.1,0.1,0.1,0.2
0,0.1,0.1,0.1,0.2
0,0.1,0.1,0.2,0.1
0,0.1,0.1,0.2,0.1
0,0.1,0.1,0.2,0.1
0,0.1,0.1,0.1,0.2
0,0.2,0.2,0.2,0.1
0,0.1,0.1,0.1,0.2
0,0.2,0.1,0.2,0.2
0,0.1,0.2,0.2,0.1
0,0.2,0.2,0.1,0.1
0,0.2,0.1,0.1,0.1
0,0.1,0.1,0.2,0.2
0,0.1,0.1,0.1,0.1
0,0.1,0.1,0.2,0.1
0,0.1,0.1,0.2,0.1
0,0.1,0.1,0.1,0.1
0,0.1,0.1,0.2,0.1
0,0.1,0.2,0.1,0.1
0,0.2,0.2,0.1,0.1
0,0.2,0.1,0.1,0.2
0,0.1,0.1,0.1,0.2
0,0.1,0.1,0.2,0.1
0,0.1,0.1,0.1,0.2
0,0.2,0.1,0.1,0.1
0,0.1,0.1,0.1,0.1
0,0.1,0.1,0.2,0.1
0,0.1,0.1,0.2,0.1
0,0.1,0.1,0.1,0.2
0,0.1,0.2,0.1,0.2
0,0.1,0.1,0.1,0.1
0,0.2,0.1,0.1,0.1
0,0.1,0.1,0.1,0.1
0,0.1,0.1,0.2,0.1
0,0.2,0.2,0.2,0.1
0,0.1,0.1,0.1,0.2
0,0.2,0.1,0.1,0.2
0,0.1,0.1,0.1,0.2
0,0.1,0.1,0.1,0.2
0,0.1,0.1,0.1,0.2
0,0.1,0.1,0.1,0.2
0,0.1,0.1,0.2,0.1
0,0.1,0.1,0.1,0.2
0,0.2,0.2,0.1,0.1
0,0.1,0.1,0.1,0.2
0,0.2,0.1,9.3,0.1
0,0.1,0.2,0.1,0.1
0,0.2,0.1,0.1,0.1
0,0.2,0.1,0.2,0.1
0,0.1,0.1,0.1,0.2
0,0.2,0.1,0.1,0.2
0,0.1,0.1,0.1,0.1
0,0.1,0.1,0.1,0.1
0,0.2,0.2,0.1,0.1
0,0.1,0.2,0.2,0.1
0,0.1,0.1,0.2,0.1
0,0.1,0.3,0.3,0.2
0,0.1,0.2,0.2,0.2
0,0.2,0.1,0.1,0.1
0,0.2,0.1,0.1,0.1
0,0.3,0.2,0.2,0.2
0,0.2,0.1,0.2,0.1
0,0.1,0.1,0.2,0.1
0,0.1,0.1,0.1,0.2
0,0.2,0.2,10.5,0.1
0,0.2,0.1,0.1,0.1
0,0.2,0.1,0.1,0.2
0,0.1,0.1,0.1,0.2
0,0.2,0.1,0.1,0.2
0,0.2,0.1,0.2,0.1
0,0.1,0.1,0.1,0.1
0,0.2,0.1,0.2,0.1
0,0.1,0.1,0.2,0.1
0,0.2,0.1,0.1,0.1
0,0.2,0.1,0.2,0.2
0,0.1,0.1,0.2,0.1
0,0.1,0.1,0.2,0.1
0,0.1,0.1,0.2,0.1
0,0.1,0.1,0.2,0.1
0,0.2,0.2,0.2,0.1
0,0.1,0.1,0.1,0.1
0,0.1,0.2,0.2,0.1
0,0.1,0.1,0.1,0.2
0,0.1,0.1,0.1,0.1
0,0.2,0.1,0.1,0.2
0,0.2,0.1,0.2,0.1
0,0.2,0.2,0.2,0.1
0,0.2,0.1,0.2,0.1
0,0.1,0.1,0.1,0.2
0,0.2,0.1,0.1,0.2
0,0.2,0.2,0.1,0.1
0,0.1,0.1,0.1,0.2
0,0.1,0.1,0.1,0.1
0,0.1,0.1,0.1,0.1
0,0.1,0.1,0.1,0.2
0,0.1,0.1,0.1,0.2
0,0.1,0.1,0.2,0.1
0,0.3,0.2,0.3,0.2
0,0.2,0.1,0.1,0.1
0,0.1,0.2,0.1,0.1
0,0.1,0.1,0.1,0.2
0,0.1,0.1,0.1,0.2
0,0.1,0.1,0.1,0.1
0,0.2,0.1,0.1,0.2
0,0.2,0.2,0.1,0.2
0,0.1,0.2,0.2,0.1
0,0.1,0.1,0.2,0.1
0,0.1,0.2,0.1,0.1
0,0.1,0.1,0.2,0.1
0,0.1,0.1,0.1,0.1
0,0.1,0.1,0.1,0.2
0,0.1,0.1,0.2,0.1
0,0.2,0.1,0.2,0.1
0,0.1,0.1,0.2,0.1
0,0.1,0.1,0.2,0.1
0,0.1,0.1,0.2,0.1
0,0.1,0.1,0.2,0.1
0,0.2,0.1,0.1,0.1
0,0.2,0.1,0.1,0.1
0,0.1,0.1,0.1,0.1
0,0.1,0.1,0.2,0.1
0,0.1,0.1,0.1,0.2
0,0.1,0.2,0.2,0.1
0,0.1,0.1,0.1,0.1
