2030.8,0.2,0.1,0.1,0.1
2034.3,0.1,0.1,0.1,0.2
2028.9,0.1,0.1,0.1,0.1
2555.8,0.1,0.2,0.1,0.2
2034.8,0.1,0.2,0.2,0.1
2051.8,0.1,0.1,0.1,0.1
2036,0.2,0.2,0.1,0.1
2027,0.1,0.1,0.1,0.1
2392.7,0.1,0.2,0.1,0.1
2033.7,0.1,0.1,0.1,0.2
2052.8,0.1,0.1,0.2,0.1
2033.3,0.2,0.1,0.2,0.1
2028.8,0.2,0.1,0.1,0.1
2044,0.2,0.1,0.2,0.1
2032,0.1,0.1,0.1,0.2
2035.2,0.1,0.1,0.1,0.1
2571.1,0.1,0.1,0.1,0.2
2031.4,0.1,0.1,0.1,0.2
2043.7,0.1,0.2,0.2,0.2
2074.2,0.1,0.1,0.1,0.1
2032.1,0.1,0.3,0.2,0.2
2030.7,0.1,0.1,0.2,0.1
2053.4,0.2,0.1,0.2,0.1
2602.8,0.1,0.1,0.2,0.2
2033.7,0.1,0.2,0.1,0.5
2595.6,0.1,0.2,0.2,0.2
2031.1,0.2,0.1,0.2,0.1
2051.8,0.1,0.1,0.1,0.1
2046,0.1,0.1,0.2,0.2
2043.4,0.1,0.1,0.1,0.2
2048.1,0.1,0.1,0.1,0.2
2053.6,0.1,0.1,0.1,0.2
2031.7,0.2,0.1,0.1,0.1
2056.3,0.2,0.2,0.2,0.1
2550.8,0.1,0.1,0.2,0.1
2037.5,0.1,0.2,0.2,0.1
2047.7,0.2,0.2,0.1,0.1
2029.7,0.1,0.1,0.1,0.2
2031.8,0.2,0.1,0.1,0.1
2044.4,0.1,0.1,0.1,0.1
2031.8,0.1,0.2,0.1,0.2
2033.1,0.1,0.2,0.1,0.2
2054.2,0.1,0.1,0.1,0.1
2063.6,0.1,0.1,0.2,0.2
2594.1,0.1,0.2,0.2,0.1
2030.6,0.1,0.2,0.2,0.1
2046.8,0.1,0.1,0.2,0.1
2029.1,0.1,0.1,0.2,0.1
2043.9,0.2,0.1,0.1,0.2
2030.9,0.1,0.1,0.1,0.2
2029.4,0.1,0.2,0.1,0.2
2028.6,0.1,0.1,0.1,0.1
2030.9,0.1,0.1,0.2,0.1
2030.2,0.2,0.2,0.2,0.2
2543.5,0.1,0.2,0.1,0.2
2037.2,0.2,0.1,0.1,0.1
2029.6,0.1,0.2,0.2,0.1
2030.9,0.1,0.1,0.1,0.1
2051.5,0.1,0.1,0.1,0.1
2030.2,0.1,0.2,0.1,0.2
2046.8,0.1,0.1,0.2,0.1
2041.9,0.1,0.1,0.2,0.1
2494.5,0.1,0.1,0.1,0.2
2035,0.1,0.1,0.1,0.1
2046.2,0.1,0.2,0.1,0.1
2033.7,0.1,0.1,0.1,0.1
2043,0.1,0.1,0.2,0.1
2557.4,0.1,0.3,0.1,0.1
2031.9,0.1,0.1,0.1,0.1
2058.5,0.1,0.1,0.1,0.2
2028.9,0.2,0.2,0.2,0.1
2051.3,0.1,0.2,0.1,0.2
2037.6,0.1,0.1,0.2,0.2
2046.9,0.1,0.1,0.1,0.2
2589.7,0.1,0.1,0.1,0.2
2062.8,0.1,0.1,0.2,0.2
2034.7,0.1,0.1,0.1,0.1
2028.2,0.2,0.2,0.2,0.2
2031.2,0.1,0.1,0.1,0.1
2288.6,0.2,0.1,0.1,0.2
2066.4,0.2,0.4,0.1,0.1
2737.5,0.1,0.1,0.2,0.1
2033.9,0.1,0.1,0.1,0.2
2057.8,0.1,0.1,0.1,0.1
2041.1,0.1,0.2,0.2,0.1
2040.7,0.1,0.1,0.2,0.1
2600.1,0.1,0.2,0.2,0.1
2030,0.2,0.2,0.2,0.1
2072.5,0.1,0.2,0.2,0.2
2031.2,0.1,0.2,0.2,0.2
2046.9,0.1,0.2,0.1,0.1
2026.8,0.2,0.3,0.2,0.1
2072.7,0.1,0.2,0.1,0.2
2545.1,0.1,0.1,0.1,0.1
2041.1,0.2,0.2,0.1,0.2
2372.4,0.2,0.2,0.1,0.2
2032.7,0.1,0.3,0.1,0.2
2032.4,0.2,0.1,0.1,0.2
2046.6,0.1,0.1,0.1,0.2
2031.6,0.2,0.1,0.2,0.2
2029.7,0.1,0.2,0.1,0.2
2044.2,0.1,0.2,0.1,0.2
2608.1,0.2,0.1,0.1,0.2
2032.4,0.1,0.2,0.1,0.2
2071.6,0.1,0.2,0.1,0.2
2031.1,0.2,0.2,0.1,0.2
2030.3,0.1,0.2,0.2,0.2
2027.8,0.2,0.2,0.1,0.3
2045.8,0.1,0.2,0.2,0.1
2035.2,0.1,0.2,0.1,0.2
2026.6,0.2,0.1,0.1,0.1
2047.6,0.1,0.1,0.1,0.1
2473.3,0.1,0.1,0.1,0.1
2031.7,0.1,0.1,0.1,0.2
2048.2,0.1,0.1,0.2,0.1
2048.8,0.1,0.2,0.2,0.1
2025.9,0.1,0.2,0.2,0.1
2673.8,0.2,0.1,0.1,0.2
2033.2,0.1,0.1,0.2,0.1
2062,0.1,0.1,0.2,0.1
2044.8,0.1,0.1,0.2,0.1
2030.9,0.1,0.1,0.1,0.2
2032.1,0.1,0.2,0.1,0.1
2035.1,0.1,0.2,0.2,0.2
2035.2,0.1,0.2,0.2,0.2
2651.4,0.1,0.1,0.1,0.2
2040.6,0.1,0.2,0.2,0.1
2047.4,0.1,0.2,0.2,0.2
2053.5,0.2,0.1,0.2,0.1
2037.9,0.1,0.1,0.1,0.1
2026.5,0.1,0.1,0.1,0.1
2029.6,0.1,0.1,0.1,0.1
2033.7,0.2,0.2,0.2,0.2
2536.5,0.1,0.2,0.2,0.2
2052.8,0.1,0.1,0.1,0.2
2044.1,0.1,0.1,0.2,0.1
2036.6,0.1,0.2,0.2,0.1
2043.3,0.1,0.2,0.2,0.1
2081.7,0.1,0.2,0.1,0.1
2041.9,0.3,0.3,0.3,0.3
2040,0.3,0.3,0.3,0.3
2050.1,0.2,0.1,0.1,0.1
2029.9,0.1,0.1,0.1,0.1
2715.1,0.1,0.1,0.2,0.1
2029,0.2,0.2,0.2,0.2
2047.4,0.2,0.1,0.1,0.1
2029.1,0.1,0.1,0.1,0.1
2049.9,0.1,0.2,0.2,0.1
2030.8,0.2,0.1,0.2,0.1
2030.2,0.1,0.1,0.1,0.1
2030.1,0.1,0.1,0.1,0.1
2034.5,0.1,0.1,0.1,0.2
2031.7,0.1,0.2,0.1,0.2
2032.7,0.1,0.2,0.1,0.2
2040.1,0.1,0.2,0.2,0.2
2034.1,0.1,0.1,0.1,0.2
2352.9,0.1,0.1,0.1,0.2
2047.5,0.1,0.2,0.2,0.1
2030.2,0.1,0.1,0.1,0.1
2049.8,0.1,0.2,0.2,0.2
2027.5,0.2,0.1,0.1,0.2
2655,0.1,0.1,0.1,0.1
2031.5,0.1,0.2,0.1,0.2
2030.7,0.1,0.2,0.1,0.1
2047.1,0.1,0.2,0.1,0.2
2042.4,0.1,0.1,0.2,0.1
2028.8,0.2,0.1,0.1,0.2
2036.8,0.2,0.2,0.2,0.1
2026.5,0.1,0.1,0.1,0.2
2598.5,0.2,0.2,0.1,0.2
2035.2,0.1,0.2,0.1,0.2
2052,0.1,0.1,0.1,0.2
2039.4,0.1,0.2,0.2,0.2
2041,0.1,0.2,0.2,0.2
2032.3,0.1,0.2,0.2,0.1
2051.5,0.1,0.1,0.1,0.2
2297.8,0.1,0.1,0.1,0.1
2033.5,0.2,0.2,0.1,0.2
2046.7,0.1,0.1,0.2,0.2
2701.5,0.1,0.2,0.1,0.2
2030.6,0.1,0.2,0.1,0.2
2040.7,0.2,0.1,0.1,0.2
2027.9,0.1,0.2,0.2,0.2
2041.9,0.2,0.1,0.1,0.1
2028.6,0.1,0.1,0.1,0.1
2049.3,0.2,0.2,0.2,0.1
2044,0.1,0.1,0.1,0.2
2028.3,0.1,0.2,0.1,0.2
2030.7,0.1,0.1,0.2,0.1
2299,0.2,0.2,0.1,0.1
2052.9,0.1,0.1,0.1,0.2
2026.5,0.2,0.1,0.1,0.2
2050.2,0.1,0.2,0.1,0.2
2034.2,0.1,0.1,0.1,0.1
2702.7,0.1,0.1,0.1,0.2
2030.6,0.1,0.1,0.1,0.2
2047.6,0.1,0.2,0.2,0.2
2036.6,0.2,0.1,0.1,0.1
2050.7,0.2,0.1,0.1,0.2
2036.7,0.1,0.1,0.1,0.1
2026.4,0.2,0.1,0.1,0.2
2031.1,0.1,0.2,0.1,0.1
2724,0.1,0.2,0.2,0.1
2026,0.1,0.2,0.2,0.2
2032.1,0.1,0.1,0.2,0.1
2032.3,0.2,0.1,0.1,0.1
2075.6,0.1,0.2,0.1,0.1
2032.1,0.2,0.1,0.1,0.2
2033.4,0.1,0.1,0.2,0.1
2042.7,0.1,0.2,0.1,0.2
2706.6,0.1,0.1,0.1,0.2
2045.9,0.1,0.1,0.1,0.1
2042.1,0.1,0.2,0.1,0.2
2050.5,0.1,0.1,0.1,0.2
2028.4,0.2,0.2,0.2,0.2
2044.6,0.1,0.1,0.1,0.2
2029.8,0.1,0.2,0.2,0.2
2048.6,0.1,0.1,0.1,0.2
2689.8,0.1,0.1,0.1,0.1
2048.9,0.1,0.1,0.1,0.1
2026.1,0.1,0.2,0.1,0.2
2029.8,0.2,0.1,0.2,0.2
2031,0.1,0.1,0.1,0.3
2031.7,0.1,0.1,0.2,0.2
2089.1,0.2,0.1,0.1,0.2
2583.3,0.2,0.1,0.2,0.2
2047.7,0.2,0.1,0.2,0.2
2031.3,0.2,0.1,0.1,0.2
2067.6,0.1,0.2,0.1,0.2
2048.1,0.1,0.1,0.1,0.1
2030.3,0.1,0.1,0.1,0.1
2028.6,0.1,0.1,0.1,0.2
2038.1,0.2,0.1,0.1,0.1
2050.2,0.1,0.2,0.2,0.1
2031.5,0.2,0.1,0.1,0.2
2033.4,0.1,0.2,0.1,0.2
2043,0.1,0.1,0.2,0.1
2033.1,0.1,0.2,0.2,0.2
2029.2,0.2,0.1,0.1,0.1
2030.6,0.2,0.2,0.2,0.1
2572.6,0.2,0.2,0.2,0.2
2029.1,0.1,0.1,0.1,0.2
2094.1,0.1,0.1,0.1,0.2
2028.5,0.1,0.1,0.1,0.2
2043.9,0.1,0.2,0.2,0.1
2699.3,0.2,0.2,0.1,0.1
2029.7,0.2,0.2,0.2,0.2
2050.2,0.2,0.1,0.1,0.2
2045,0.2,0.2,0.2,0.1
2050.6,0.1,0.1,0.1,0.1
2028.2,0.1,0.2,0.2,0.2
2050.1,0.2,0.2,0.1,0.2
2031.4,0.1,0.2,0.1,0.2
2296.2,0.1,0.1,0.2,0.1
2038.5,0.1,0.2,0.2,0.2
2045.4,0.1,0.1,0.2,0.1
34776.3,0.2,0.1,0.2,0.1
37073.6,0.2,0.2,0.2,0.1
39243,0.1,0.1,0.2,0.1
2471.8,0.1,0.1,0.1,0.1
2446.1,0.1,0.2,0.1,0.2
2990.6,0.2,0.1,0.2,0.1
2455.4,0.1,0.2,0.1,0.2
2453.4,0.2,0.4,0.2,0.3
2443.4,0.2,0.1,0.3,0.2
2450.4,0.1,0.1,0.1,0.2
2450.6,0.1,0.1,0.2,0.2
2446,0.1,0.1,0.1,0.2
3169.2,0.2,0.1,0.1,0.3
2460.7,0.2,0.1,0.1,0.2
2472.9,0.1,0.1,0.1,0.2
2461.3,0.1,0.2,0.2,0.3
3123,0.1,0.2,0.2,0.2
2446.8,0.1,0.1,0.1,0.2
2448.1,0.2,0.2,0.2,0.1
2439.8,0.1,0.2,0.1,0.2
2481.4,0.1,0.2,0.2,0.2
2472.5,0.1,0.1,0.2,0.1
2479.8,0.1,0.1,0.1,0.1
2441.7,0.1,0.1,0.1,0.2
2740.2,0.3,0.3,0.4,0.3
2411,0.1,0.2,0.2,0.3
2360.1,0.3,0.5,0.4,0.4
2345.8,0.1,0.1,0.1,0.2
2375.4,0.3,0.3,0.4,0.2
2378.7,0.1,0.2,0.2,0.2
2344.6,0.1,0.1,0.2,0.2
2352.6,0.1,0.1,0.2,0.2
2396.7,0.1,0.1,0.2,0.2
2332.5,0.1,0.1,0.2,0.2
2339.4,0.1,0.2,0.2,0.2
2333.8,0.2,0.1,0.4,0.2
3020.8,0.1,0.1,0.1,0.2
2331.2,0.1,0.2,0.1,0.2
2329.2,0.1,0.1,0.1,0.1
2329.6,0.1,0.1,0.1,0.1
2328.6,0.1,0.2,0.1,0.2
2381.9,0.2,0.2,0.1,0.2
2327,0.1,0.2,0.2,0.1
2921.2,0.1,0.1,0.1,0.1
2328.1,0.3,0.4,0.4,0.3
3013.9,0.1,0.1,0.1,0.4
2358.2,0.2,0.2,0.2,0.2
2326.8,0.1,0.1,0.3,0.2
2363.9,0.1,0.2,0.2,0.2
2334.1,0.1,0.1,0.2,0.2
2328,0.2,0.3,0.2,0.4
2334.9,0.2,0.2,0.2,0.2
2565.2,0.1,0.1,0.1,0.2
2325.9,0.1,0.1,0.2,0.1
2365.9,0.2,0.1,0.1,0.1
2337.5,0.1,0.1,0.1,0.1
2344,0.1,0.1,0.1,0.2
2359.8,0.2,0.2,0.2,0.2
2328.2,0.1,0.2,0.2,0.3
2331.4,0.2,0.2,0.2,0.2
2842,0.1,0.2,0.2,0.2
2345.7,0.1,0.2,0.1,0.2
2340.5,0.1,0.2,0.2,0.2
2342.2,0.1,0.3,0.2,0.2
2324.2,0.1,0.1,0.1,0.2
2342.1,0.1,0.1,0.1,0.2
2339.4,0.1,0.2,0.2,0.1
2830.4,0.2,0.2,0.2,0.2
2341.8,0.1,0.1,0.1,0.2
2355.7,0.2,0.1,0.1,0.1
2326.8,0.1,0.2,0.1,0.2
2335.2,0.2,0.2,0.2,0.2
2332.6,0.2,0.1,0.1,0.2
2332.4,0.1,0.2,0.1,0.2
2339.1,0.1,0.1,0.1,0.1
2337.4,0.1,0.2,0.2,0.1
2871.1,0.1,0.1,0.1,0.1
2327,0.1,0.2,0.2,0.1
2348.1,0.1,0.2,0.1,0.1
2349.9,0.1,0.2,0.2,0.2
2325.3,0.1,0.1,0.2,0.2
2333.5,0.1,0.2,0.2,0.1
2333.9,0.2,0.5,0.2,0.2
3037,0.1,0.1,0.2,0.2
2325.6,0.2,0.2,0.2,0.2
3049.3,0.1,0.2,0.2,0.2
2352.4,0.2,0.1,0.1,0.1
2371.4,0.1,0.1,0.2,0.2
2329.8,0.1,0.2,0.2,0.2
2345.5,0.2,0.2,0.2,0.1
2326.8,0.1,0.1,0.2,0.2
2334.5,0.1,0.1,0.1,0.2
2324.7,0.1,0.1,0.1,0.4
2342.2,0.1,0.1,0.1,0.2
2799.7,0.1,0.2,0.2,0.2
2324.7,0.1,0.1,0.1,0.2
2342.7,0.1,0.2,0.1,0.2
2347.2,0.1,0.2,0.2,0.4
2325.8,0.2,0.2,0.5,0.2
2323.3,0.1,0.2,0.2,0.2
2326.6,0.1,0.1,0.1,0.2
2845.1,0.2,0.1,0.2,0.1
2345.2,0.1,0.1,0.2,0.2
2326.9,0.3,0.3,0.4,0.4
2340.3,0.2,0.1,0.1,0.2
2344.3,0.1,0.2,0.2,0.2
2341.8,0.1,0.2,0.2,0.2
2335.4,0.1,0.2,0.2,0.2
2569.4,0.1,0.2,0.5,0.2
2322.6,0.1,0.1,0.2,0.1
3057.4,0.1,0.1,0.2,0.2
2366,0.1,0.2,0.2,0.2
2998.5,0.1,0.2,0.2,0.2
2329.8,0.1,0.2,0.2,0.2
2994.4,0.1,0.2,0.2,0.2
2337.7,0.3,0.3,0.4,0.3
2823.2,0.1,0.2,0.1,0.2
2326.3,0.1,0.2,0.2,0.2
3071.9,0.1,0.2,0.2,0.2
2329.3,0.2,0.2,0.5,0.2
2350.3,0.1,0.2,0.2,0.2
2341.1,0.1,0.2,0.2,0.2
2348.7,0.1,0.3,0.2,0.2
2336.8,0.1,0.2,0.5,0.2
2328.2,0.2,0.2,0.2,0.2
2329.1,0.1,0.1,0.1,0.3
2325.6,0.1,0.2,0.2,0.2
2920.6,0.1,0.2,0.2,0.2
2326.7,0.1,0.2,0.3,0.2
2968.4,0.1,0.2,0.2,0.2
2357.3,0.2,0.1,0.2,0.3
2677.7,0.1,0.1,0.2,0.3
2326,0.1,0.2,0.2,0.2
2670.6,0.1,0.2,0.2,0.2
2342.2,0.1,0.2,0.2,0.2
2913.4,0.2,0.2,0.2,0.2
2323.7,0.1,0.2,0.2,0.2
2884.5,0.2,0.2,0.2,0.1
2326.2,0.2,0.1,0.1,0.2
2331.8,0.1,0.1,0.2,0.2
2342.9,0.2,0.2,0.2,0.1
2321.8,0.1,0.1,0.2,0.1
2519.5,0.1,0.1,0.5,0.2
2326.5,0.1,0.1,0.4,0.2
2562.3,0.2,0.2,0.2,0.2
2325.4,0.1,0.2,0.2,0.2
2974,0.1,0.1,0.2,0.2
2327.1,0.1,0.2,0.2,0.2
2957.1,0.1,0.2,0.2,0.2
2330.5,0.1,0.1,0.2,0.2
2965.5,0.2,0.1,0.1,0.2
2336.2,0.1,0.2,0.2,0.2
2340.7,0.2,0.1,0.1,0.2
2341.4,0.1,0.1,0.2,0.2
2324.2,0.1,0.1,0.2,0.4
2335.1,0.1,0.1,0.2,0.1
2326,0.1,0.1,0.2,0.2
3003,0.1,0.1,0.2,0.1
2324.5,0.1,0.2,0.3,0.2
2324.7,0.1,0.1,0.1,0.2
2324.9,0.1,0.2,0.2,0.2
2330.8,0.1,0.2,0.2,0.2
2371.8,0.1,0.2,0.2,0.2
2337.7,0.1,0.1,0.1,0.2
2329.1,0.2,0.1,0.2,0.1
2325.2,0.1,0.1,0.1,0.1
3063.1,0.1,0.1,0.2,0.1
2324.5,0.1,0.1,0.2,0.1
2330.6,0.2,0.1,0.2,0.1
2334.7,0.1,0.1,0.2,0.1
2325.4,0.1,0.1,0.1,0.1
2328.1,0.1,0.2,0.2,0.1
2322.6,0.1,0.1,0.4,0.2
3079.3,0.1,0.2,0.1,0.2
2346.3,0.1,0.2,0.2,0.2
2999.7,0.2,0.1,0.1,0.2
2332.2,0.1,0.1,0.2,0.3
2347.9,0.1,0.1,0.1,0.2
2340.8,0.1,0.1,0.3,0.2
2340.6,0.1,0.1,0.1,0.2
2354.2,0.1,0.2,0.1,0.2
2326.2,0.1,0.1,0.1,0.2
2964.6,0.1,0.2,0.2,0.1
2330.7,0.2,0.1,0.2,0.2
2338.1,0.2,0.1,0.2,0.2
2547.5,0.1,0.1,0.1,0.2
2326.8,0.1,0.1,0.2,0.2
2336.8,0.1,0.2,0.1,0.1
2337.1,0.1,0.1,0.1,0.2
2855.6,0.2,0.1,0.1,0.2
2327.3,0.1,0.2,0.2,0.2
3103.4,0.1,0.1,0.1,0.2
2332.8,0.1,0.1,0.1,0.2
2327.3,0.1,0.1,0.1,0.2
2325.9,0.1,0.1,0.3,0.1
2329.1,0.2,0.1,0.2,0.1
2687.4,0.1,0.2,0.1,0.2
2344.1,0.1,0.2,0.1,0.2
2867.9,0.1,0.2,0.1,0.2
2328.6,0.1,0.2,0.2,0.2
2338,0.2,0.1,0.1,0.2
2528.9,0.1,0.2,0.1,0.2
2348.7,0.1,0.2,0.2,0.2
2330.6,0.1,0.1,0.2,0.2
2327.5,0.1,0.1,0.2,0.1
2560.4,0.1,0.2,0.1,0.2
2332.3,0.1,0.2,0.2,0.2
2340.9,0.1,0.1,0.1,0.3
2327.1,0.1,0.1,0.1,0.4
2958.5,0.1,0.1,0.2,0.2
2326.5,0.1,0.1,0.2,0.2
2335.8,0.2,0.2,0.2,0.2
2540,0.2,0.1,0.5,0.2
2336.2,0.1,0.1,0.1,0.2
2329.7,0.1,0.1,0.2,0.2
2325,0.1,0.1,0.1,0.2
2326.5,0.2,0.1,0.1,0.2
2325.6,0.1,0.1,0.1,0.3
2872.3,0.1,0.2,0.2,0.2
2326.2,0.1,0.2,0.2,0.2
2347.8,0.1,0.2,0.2,0.2
2331.5,0.1,0.2,0.1,0.2
2341.5,0.1,0.1,0.1,0.3
2325.4,0.2,0.1,0.1,0.2
2354.5,0.1,0.1,0.2,0.2
2946.5,0.1,0.1,0.1,0.2
2338.6,0.1,0.2,0.1,0.2
2323.3,0.1,0.2,0.2,0.2
2345,0.2,0.2,0.2,0.2
2334.8,0.2,0.2,0.2,0.2
2323.8,0.2,0.2,0.2,0.2
2336.3,0.1,0.1,0.1,0.2
2324.7,0.1,0.2,0.2,0.2
2353.1,0.1,0.1,0.1,0.1
3005,0.2,0.2,0.2,0.2
2325.3,0.1,0.1,0.2,0.2
2342,0.2,0.1,0.1,0.1
2346.2,0.1,0.3,0.2,0.2
2325,0.1,0.1,0.1,0.2
2908.6,0.1,0.2,0.1,0.1
2324.4,0.1,0.1,0.1,0.1
3079.9,0.1,0.1,0.1,0.2
2323.3,0.1,0.2,0.1,0.2
2357.7,0.2,0.2,0.1,0.1
2323.8,0.1,0.1,0.1,0.1
2325,0.2,0.1,0.1,0.1
3085.8,0.1,0.1,0.1,0.2
2323.1,0.1,0.1,0.1,0.2
2324.9,0.1,0.1,0.1,0.2
2341.5,0.1,0.2,0.1,0.1
2323.8,0.2,0.1,0.1,0.1
2342.4,0.1,0.2,0.1,0.1
2338.4,0.2,0.1,0.1,0.1
2980.5,0.1,0.1,0.1,0.2
2358.2,0.1,0.2,0.1,0.2
2336.3,0.1,0.1,0.1,0.1
34715.9,0.1,0.2,0.2,0.2
34836.9,0.2,0.2,0.2,0.2
34727.8,0.2,0.2,0.2,0.2
24629.3,0.1,0.1,0.2,0.2
2465.7,0.2,0.4,0.2,0.2
3025.5,0.2,0.2,0.3,0.2
2449.2,0.1,0.2,0.2,0.2
3035.2,0.1,0.1,0.4,0.2
2462.3,0.1,0.2,0.2,0.2
2442.7,0.1,0.1,0.2,0.2
2469.1,0.1,0.2,0.1,0.1
2451,0.1,0.2,0.2,0.2
2460.7,0.2,0.1,0.2,0.2
3012.9,0.1,0.2,0.2,0.2
2439.8,0.1,0.2,0.2,0.1
3249.9,0.2,0.1,0.2,0.2
2453.8,0.1,0.2,0.2,0.2
3029,0.1,0.1,0.2,0.2
2471.6,0.2,0.2,0.2,0.2
2440.7,0.1,0.2,0.1,0.2
2439,0.2,0.3,0.2,0.2
2452.4,0.1,0.3,0.2,0.2
2453.6,0.1,0.3,0.2,0.2
2448.6,0.1,0.2,0.1,0.2
2357.6,0.2,0.1,0.1,0.2
2337.6,0.1,0.2,0.2,0.2
2953.5,0.1,0.1,0.1,0.1
2330.7,0.1,0.1,0.2,0.2
2976.6,0.1,0.2,0.1,0.2
2332.9,0.1,0.1,0.2,0.1
2358.6,0.2,0.2,0.2,0.2
2341.9,0.1,0.1,0.1,0.2
2349.4,0.3,0.3,0.3,0.3
2354,0.1,0.1,0.2,0.3
2335.6,0.1,0.4,0.2,0.2
2327.8,0.1,0.2,0.1,0.2
2332.9,0.2,0.2,0.2,0.2
2325,0.1,0.1,0.1,0.2
2344.6,0.2,0.2,0.2,0.1
2348.8,0.2,0.1,0.1,0.2
2369,0.2,0.2,0.5,0.4
2823.8,0.1,0.1,0.1,0.2
2337.3,0.1,0.1,0.2,0.1
2959.6,0.1,0.2,0.1,0.1
2336.1,0.1,0.2,0.1,0.2
2333.6,0.1,0.1,0.1,0.1
2140,0.1,0.1,0.1,0.2
2144.3,0.1,0.1,0.2,0.3
2118.4,0.1,0.1,0.1,0.2
2139,0.1,0.2,0.2,0.1
2119.5,0.2,0.1,0.2,0.1
2442.7,0.1,0.2,0.2,0.1
2142.8,0.1,0.2,0.2,0.1
2118.5,0.2,0.2,0.2,0.2
2133.9,0.2,0.1,0.2,0.2
2130.3,0.1,0.1,0.1,0.1
2136,0.2,0.2,0.3,0.3
2123.8,0.1,0.1,0.1,0.1
2366.5,0.1,0.2,0.1,0.2
2130.7,0.1,0.1,0.2,0.1
2129,0.1,0.2,0.1,0.2
2138.7,0.3,0.3,0.3,0.3
2133.4,0.1,0.1,0.1,0.1
2129.1,0.2,0.2,0.2,0.2
2119.4,0.2,0.2,0.2,0.2
2122.2,0.1,0.2,0.2,0.2
2112.4,0.1,0.1,0.1,0.2
2113.9,0.1,0.1,0.2,0.2
2057.6,0.2,0.1,0.1,0.1
2536.3,0.1,0.1,0.1,0.2
2050.5,0.2,0.1,0.1,0.1
2045.8,0.1,0.3,0.1,0.1
2030.4,0.1,0.1,0.1,0.2
2039.5,0.1,0.1,0.1,0.1
2030.6,0.2,0.1,0.1,0.1
2026.9,0.2,0.1,0.1,0.1
2052.3,0.1,0.1,0.1,0.1
2034.8,0.1,0.1,0.2,0.1
2032.3,0.1,0.2,0.2,0.2
2034.3,0.2,0.1,0.2,0.2
2040.6,0.1,0.1,0.1,0.1
2651.9,0.1,0.1,0.1,0.1
2044.1,0.1,0.2,0.2,0.2
2078,0.2,0.2,0.2,0.1
2049,0.2,0.2,0.2,0.2
2055.1,0.1,0.2,0.3,0.2
2060.3,0.2,0.2,0.4,9.5
2049.5,0.2,0.3,0.3,0.3
2059.4,0.1,0.2,0.2,0.2
2338.4,0.2,0.2,0.2,0.2
2029.4,0.2,0.2,0.1,0.2
2030.7,0.2,0.2,0.1,0.2
2033.1,0.1,0.2,0.2,0.2
2035.3,0.2,0.1,0.2,0.2
2648.4,0.1,0.2,0.1,0.2
2043.4,0.1,0.1,0.1,0.1
2034.8,0.1,0.1,0.1,0.1
2036.9,0.1,0.2,0.1,0.1
2028.6,0.2,0.1,0.1,0.1
2677.5,0.1,0.2,0.1,0.1
2041.6,0.1,0.2,0.2,0.1
2040,0.1,0.1,0.2,0.1
2031.7,0.1,0.1,0.2,0.2
2049,0.1,0.1,0.2,0.3
2026.7,0.1,0.2,0.3,0.2
2041.6,0.1,0.2,0.1,0.2
2597.7,0.1,0.2,0.2,0.2
2035.3,0.2,0.2,0.2,0.2
2028.5,0.1,0.1,0.2,0.2
2037.6,0.1,0.1,0.2,0.2
2034.6,0.1,0.2,0.2,0.4
2616.7,0.2,0.1,0.1,0.2
2051.8,0.1,0.1,0.1,0.2
2033.5,0.1,0.2,0.1,0.2
2036,0.1,0.1,0.1,0.2
2041.1,0.1,0.2,0.2,0.1
2037,0.1,0.1,0.1,0.2
2036.9,0.1,0.2,0.1,0.2
2518.8,0.2,0.2,0.2,0.2
2028.1,0.1,0.1,0.1,0.2
2036.3,0.1,0.1,0.1,0.2
2029.5,0.1,0.2,0.1,0.2
2051.6,0.1,0.2,0.1,0.2
2671.7,0.1,0.2,0.2,0.2
2026.6,0.1,0.1,0.1,0.2
2036.4,0.1,0.1,0.1,0.2
2039.3,0.1,0.1,0.1,0.2
2030,0.2,0.1,0.2,0.2
2047.2,0.2,0.1,0.1,0.2
2049.5,0.1,0.2,0.1,0.2
2041.1,0.1,0.1,0.1,0.1
2025.8,0.1,0.2,0.2,0.1
2026.8,0.1,0.1,0.1,0.2
2048.1,0.1,0.1,0.1,0.1
2040.8,0.2,0.1,0.2,0.2
2047,0.2,0.1,0.1,0.2
2554.2,0.1,0.2,0.1,0.2
2027.6,0.1,0.1,0.1,0.2
2051.7,0.1,0.1,0.1,0.2
2027.4,0.1,0.2,0.2,0.2
2024,0.1,0.2,0.2,0.2
2679.2,0.1,0.1,0.2,0.1
2042.8,0.1,0.2,0.1,0.5
2045.4,0.1,0.1,0.1,0.4
2024.5,0.2,0.3,0.3,0.3
2065.8,0.1,0.1,0.2,0.2
2663.6,0.1,0.1,0.1,0.2
2046.2,0.2,0.2,0.1,0.2
2586.4,0.2,0.2,0.2,0.2
2030,0.1,0.2,0.2,0.2
2043.3,0.1,0.1,0.1,0.1
2067.2,0.2,0.1,0.2,0.2
2029.7,0.2,0.1,0.1,0.1
2032.5,0.1,0.2,0.2,0.1
2037.6,0.2,0.1,0.2,0.3
2027,0.1,0.2,0.1,0.2
2043.1,0.1,0.1,0.2,0.2
2658.5,0.1,0.2,0.2,0.1
2095.7,0.1,0.2,0.1,0.2
2065.8,0.1,0.2,0.2,0.2
2029.2,0.1,0.1,0.1,0.2
2035,0.1,0.1,0.1,0.1
2028.9,0.1,0.2,0.1,0.2
2044.1,0.1,0.2,0.1,0.2
2143.3,0.2,0.2,0.1,0.2
2042.8,0.1,0.1,0.2,0.2
2041.6,0.1,0.1,0.2,0.1
2026.3,0.2,0.1,0.1,0.1
2028.5,0.1,0.1,0.1,0.2
2029.7,0.1,0.1,0.1,0.1
2038.9,0.1,0.2,0.1,0.2
2603.5,0.1,0.1,0.1,0.1
2027.3,0.1,0.2,0.2,0.1
2047.3,0.1,0.1,0.1,0.1
2030.6,0.1,0.1,0.2,0.1
2042.6,0.1,0.2,0.2,0.2
2588.4,0.1,0.1,0.2,0.2
2042.1,0.1,0.2,0.1,0.2
2617,0.1,0.2,0.2,0.2
2029.5,0.1,0.1,0.2,0.2
2027.6,0.1,0.1,0.1,0.2
2030.9,0.2,0.1,0.1,0.2
2027.5,0.1,0.1,0.1,0.2
2024.8,0.1,0.2,0.1,0.1
2028.7,0.1,0.1,0.1,0.2
2030.7,0.1,0.2,0.2,0.2
2031.9,0.1,0.1,0.1,0.2
2036.6,0.1,0.1,0.1,0.1
2300.2,0.1,0.2,0.2,0.1
2038.5,0.1,0.2,0.1,0.2
2048.6,0.1,0.2,0.1,0.2
2056.9,0.1,0.2,0.1,0.1
2026.2,0.1,0.1,0.1,0.2
2050.3,0.1,0.1,0.1,0.2
2026.6,0.2,0.1,0.1,0.1
2027.3,0.2,0.1,0.1,0.2
2025.7,0.1,0.2,0.1,0.2
2026.4,0.1,0.1,0.1,0.1
2051.7,0.2,0.2,0.1,0.1
2052.5,0.1,0.1,0.1,0.1
2023.7,0.2,0.1,0.1,0.2
2029,0.2,0.1,0.2,0.1
2044.1,0.1,0.2,0.1,0.2
2168.9,0.1,0.1,0.2,0.1
2023.2,0.1,0.2,0.2,0.1
2043.4,0.1,0.2,0.1,0.2
2030.5,0.2,0.1,0.1,0.2
2029.6,0.1,0.1,0.2,0.2
2627.6,0.1,0.1,0.1,0.2
2029.2,0.2,0.1,0.2,0.2
2027,0.1,0.1,0.1,0.2
2042.6,0.1,0.1,0.2,0.2
2025.9,0.1,0.1,0.1,0.2
2029.5,0.1,0.1,0.2,0.3
2026,0.2,0.1,0.1,0.1
2024.8,0.1,0.1,0.1,0.1
2775,0.1,0.1,0.1,0.1
2028.6,0.1,0.2,0.2,0.1
2029.4,0.2,0.1,0.1,0.2
2048.3,0.1,0.1,0.1,0.2
2035.5,0.1,0.1,0.1,0.2
2528.7,0.1,0.2,0.2,0.2
2036.7,0.1,0.2,0.1,0.1
2039.2,0.2,0.1,0.2,0.1
2024.9,0.1,0.1,0.1,0.1
2043.5,0.1,0.1,0.2,0.1
2687.8,0.1,0.1,0.2,0.1
2026.9,0.2,0.2,0.1,0.2
2045.1,0.2,0.2,0.1,0.1
2245.4,0.1,0.1,0.1,0.1
2027.3,0.2,0.1,0.2,0.2
2031.1,0.1,0.1,0.1,0.2
2025,0.1,0.2,0.2,0.2
2657.3,0.1,0.2,0.2,0.2
2025.3,0.1,0.3,0.2,0.2
2055.4,0.2,0.1,0.1,0.2
2043.9,0.1,0.1,0.1,0.2
2026.4,0.1,0.1,0.1,0.2
2024.9,0.2,0.1,0.1,0.2
2047.4,0.1,0.1,0.1,0.2
2039.4,0.2,0.1,0.1,0.2
2029.7,0.1,0.2,0.2,0.1
2047.9,0.2,0.1,0.1,0.2
2025.7,0.1,0.2,0.1,0.2
2022.2,0.1,0.1,0.1,0.1
2044.6,0.1,0.2,0.2,0.1
2032.1,0.2,0.1,0.1,0.1
2039,0.1,0.2,0.1,0.1
2537.6,0.2,0.1,0.1,0.2
2026.1,0.1,0.2,0.1,0.2
2047.6,0.1,0.1,0.2,0.2
2029.2,0.2,0.1,0.1,0.1
2040.1,0.2,0.1,0.1,0.2
2025.4,0.1,0.1,0.1,0.2
2027.5,0.1,0.1,0.2,0.2
2022.4,0.1,0.2,0.2,0.2
34725.7,0.1,0.2,0.2,0.2
34721,0.1,0.1,0.1,0.1
26109.4,0.1,0.2,0.1,0.2
2475.3,0.1,0.2,0.2,0.2
3038.5,0.1,0.1,0.1,0.2
2471.7,0.2,0.1,0.2,0.1
2478,0.1,0.2,0.2,0.1
2486.1,0.1,0.1,0.2,0.2
2471.9,0.3,0.3,0.3,0.3
2473,0.2,0.1,0.1,0.2
2459.9,0.2,0.1,0.1,0.2
2472.5,0.2,0.2,0.2,0.2
2475.6,0.2,0.1,0.1,0.2
2456.3,0.1,0.1,0.2,0.1
2457.6,0.1,0.1,0.1,0.2
3007.4,0.1,0.1,0.1,0.2
2442,0.2,0.1,0.1,0.1
2449.9,0.1,0.2,0.1,0.2
2447.3,0.2,0.2,0.2,0.1
2453.6,0.1,0.1,0.1,0.2
2466.5,0.2,0.2,0.2,0.2
2454.9,0.2,0.1,0.1,0.2
2449.6,0.1,0.1,0.1,0.1
2497.4,0.1,0.2,0.1,0.2
2326.9,0.2,0.1,0.2,0.1
2353.6,0.2,0.2,0.1,0.1
2354,0.1,0.2,0.2,0.2
2336.9,0.1,0.1,0.2,0.2
2355.4,0.1,0.1,0.2,0.2
2345.9,0.2,0.1,0.2,0.2
2333.1,0.1,0.2,0.2,0.2
2349.1,0.1,0.1,0.1,0.2
2552.7,0.1,0.1,0.1,0.2
2342.9,0.1,0.2,0.1,0.2
2333.1,0.1,0.2,0.1,0.2
2370.3,0.1,0.2,0.1,0.2
2345.5,0.1,0.2,0.2,0.2
2329.6,0.1,0.1,0.2,0.1
2936.8,0.2,0.2,0.2,0.2
2328.2,0.1,0.1,0.1,0.2
2327.1,0.2,0.1,0.1,0.2
2330.1,0.3,0.4,0.4,0.4
2358.7,0.1,0.1,0.1,0.1
2336.4,0.2,0.1,0.1,0.1
2132.5,0.1,0.1,0.1,0.1
2121.7,0.1,0.1,0.1,0.1
2142.9,0.1,0.1,0.1,0.1
2721.1,0.1,0.2,0.1,0.2
2168.4,0.1,0.1,0.1,0.1
2690.5,0.1,0.1,0.1,0.2
2122.9,0.1,0.1,0.2,0.1
2143.1,0.2,0.1,0.1,0.1
2123.1,0.1,0.2,0.2,0.1
2119.7,0.2,0.1,0.1,0.1
2632.3,0.2,0.1,0.1,0.2
2121.6,0.2,0.1,0.2,0.1
2149.2,0.1,0.2,0.1,0.1
2141.1,0.1,0.1,0.1,0.1
2114.2,0.1,0.1,0.1,0.1
2125.9,0.2,0.1,0.1,0.2
2136,0.1,0.1,0.2,0.1
2406.4,0.1,0.2,0.1,0.2
2314.3,0.1,0.2,0.1,0.2
2121.6,0.1,0.2,0.2,0.2
2142.4,0.1,0.2,0.1,0.2
2135.6,0.2,0.1,0.1,0.1
2140,0.2,0.2,0.2,0.2
2057.3,0.1,0.2,0.2,0.2
2550.8,0.1,0.1,0.2,0.1
2026.9,0.2,0.1,0.1,0.1
2028.5,0.1,0.1,0.2,0.1
2023.9,0.1,0.1,0.2,0.1
2048,0.1,0.2,0.1,0.1
2028,0.2,0.1,0.1,0.1
2027.4,0.2,0.1,0.1,0.2
2030.2,0.1,0.2,0.2,0.1
2042.5,0.1,0.1,0.1,0.2
2030.1,0.1,0.1,0.1,0.1
2734.4,0.1,0.2,0.1,0.1
2054.6,0.1,0.1,0.1,0.1
2043.8,0.1,0.2,0.2,0.2
2035.7,0.1,0.1,0.1,0.2
2076,0.2,0.2,0.2,0.2
2036.2,0.1,0.1,0.1,0.1
2036.8,0.1,0.1,0.1,0.1
2685,0.1,0.2,0.2,0.1
2040.3,0.1,0.2,0.2,0.2
2038.9,0.1,0.1,0.1,0.1
2027.4,0.1,0.1,0.1,0.1
2038.8,0.1,0.2,0.2,0.1
2562.6,0.1,0.2,0.2,0.1
2026.7,0.1,0.1,0.1,0.1
2054.1,0.1,0.1,0.1,0.2
2051.2,0.2,0.1,0.1,0.2
2061.7,0.1,0.2,0.2,0.1
2065.2,0.1,0.2,0.2,0.2
2053.5,0.1,0.1,0.1,0.1
2647.3,0.1,0.1,0.2,0.2
2049.3,0.1,0.2,0.2,0.2
2026.4,0.1,0.2,0.2,0.1
2053.8,0.2,0.1,0.1,0.1
2027.9,0.1,0.1,0.1,0.1
2519.4,0.2,0.1,0.1,0.2
2066.3,0.1,0.2,0.2,0.2
2663.7,0.2,0.3,0.2,0.2
2049.8,0.1,0.3,0.2,0.2
2590.7,0.1,0.2,0.2,0.2
2028.6,0.2,0.1,0.1,0.1
2055.8,0.1,0.1,0.1,0.2
2033.6,0.1,0.1,0.2,0.1
2032.6,0.1,0.1,0.2,0.2
2044.3,0.1,0.2,0.2,0.2
2050.4,0.1,0.2,0.1,0.2
2041.1,0.2,0.2,0.1,0.2
2036.4,0.1,0.1,0.1,0.2
2605.9,0.1,0.1,0.1,0.2
2029.7,0.1,0.1,0.1,0.2
2035.1,0.1,0.1,0.1,0.2
2049.5,0.1,0.2,0.2,0.2
2032.4,0.1,0.2,0.2,0.1
2039.6,0.1,0.1,0.1,0.1
2050.9,0.1,0.1,0.1,0.1
2537.6,0.1,0.1,0.1,0.1
2028.5,0.1,0.1,0.1,0.1
2046.8,0.1,0.2,0.1,0.1
2050.6,0.3,0.2,0.4,0.3
2037.4,0.1,0.1,0.1,0.2
2033.1,0.2,0.1,0.1,0.1
2026.7,0.1,0.2,0.2,0.2
2026.9,0.1,0.2,0.1,0.2
2027.4,0.1,0.1,0.1,0.1
2049,0.1,0.2,0.2,0.2
2053.8,0.1,0.1,0.1,0.1
2034.1,0.2,0.2,0.1,0.2
2583.2,0.1,0.1,0.1,0.1
2044.5,0.1,0.1,0.1,0.1
2038.7,0.1,0.1,0.2,0.1
2032.4,0.1,0.2,0.2,0.1
2024.3,0.2,0.2,0.2,0.1
2613.8,0.1,0.1,0.1,0.2
2025.6,0.1,0.1,0.1,0.1
2048.8,0.1,0.1,0.2,0.1
2046.8,0.3,0.3,0.3,0.4
2028.1,0.1,0.1,0.1,0.1
2049,0.1,0.2,0.1,0.1
2030.8,0.1,0.1,0.1,0.1
2593.3,0.1,0.1,0.1,0.1
2028.9,0.1,0.2,0.2,0.2
2030.7,0.1,0.1,0.2,0.1
2027.6,0.1,0.2,0.2,0.1
2058.8,0.2,0.1,0.2,0.2
2577.2,0.1,0.2,0.1,0.2
2047.6,0.1,0.2,0.1,0.2
2026.6,0.2,0.2,0.2,0.3
2033.1,0.1,0.1,0.1,0.2
2030.5,0.1,0.1,0.2,0.1
2688.7,0.1,0.1,0.1,0.2
2026.6,0.1,0.2,0.1,0.2
2024.8,0.1,0.2,0.2,0.1
2024.2,0.1,0.2,0.1,0.2
2027.8,0.2,0.1,0.1,0.2
2023.6,0.1,0.1,0.2,0.1
2025,0.2,0.2,0.2,0.2
2052.8,0.2,0.2,0.1,0.1
2600.6,0.1,0.2,0.2,0.2
2028.5,0.1,0.2,0.2,0.4
2043.3,0.1,0.1,0.1,0.2
2023.9,0.1,0.2,0.1,0.2
2046.2,0.1,0.2,0.1,0.2
2700.9,0.1,0.1,0.1,0.2
2024.5,0.1,0.2,0.1,0.2
2032.6,0.2,0.1,0.1,0.2
2025.4,0.2,0.2,0.2,0.1
2026.6,0.1,0.1,0.1,0.1
2592.4,0.2,0.2,0.1,0.1
2025.7,0.2,0.1,0.1,0.1
2066.5,0.2,0.1,0.1,0.1
2024.8,0.2,0.1,0.2,0.1
2026.5,0.1,0.1,0.1,0.2
2039.7,0.2,0.2,0.1,0.1
2029.7,0.1,0.1,0.2,0.1
2032,0.1,0.2,0.1,0.2
2035.2,0.1,0.1,0.2,0.2
2027.4,0.1,0.2,0.2,0.4
2042.8,0.1,0.1,0.1,0.2
2033.3,0.1,0.2,0.2,0.2
2030,0.1,0.1,0.2,0.2
2032.4,0.1,0.2,0.1,0.2
2028.8,0.1,0.1,0.2,0.2
2028.1,0.1,0.1,0.2,0.2
2065.6,0.1,0.1,0.2,0.2
2561.4,0.2,0.1,0.1,0.2
2028.6,0.1,0.1,0.1,0.2
2037.8,0.1,0.2,0.2,0.2
2026.1,0.1,0.1,0.2,0.2
2029.8,0.1,0.2,0.1,0.1
2027.6,0.1,0.2,0.2,0.1
2044.1,0.1,0.1,0.1,0.1
2022.9,0.1,0.1,0.2,0.1
2029.8,0.1,0.1,0.2,0.2
2038.2,0.2,0.2,0.1,0.2
2343.4,0.1,0.2,0.2,0.2
2053.8,0.1,0.1,0.2,0.2
2684.7,0.1,0.2,0.2,0.2
2038,0.1,0.1,0.1,0.1
2625.2,0.1,0.2,0.1,0.1
2027.5,0.1,0.1,0.3,0.2
2026,0.1,0.2,0.2,0.1
2081.4,0.1,0.1,0.1,0.2
2023.8,0.1,0.1,0.2,0.1
2273.1,0.1,0.1,0.1,0.1
2027.8,0.1,0.2,0.2,0.1
2035.7,0.1,0.1,0.1,0.2
2031.5,0.1,0.2,0.2,0.1
2028.6,0.1,0.2,0.2,0.1
2650.8,0.1,0.1,0.1,0.2
2030.2,0.1,0.1,0.1,0.2
2047.6,0.1,0.1,0.2,0.2
2029.3,0.1,0.2,0.1,0.2
2025.8,0.1,0.2,0.2,0.2
2057.9,0.1,0.1,0.2,0.2
2030.1,0.1,0.1,0.2,0.1
2025.3,0.1,0.2,0.1,0.2
2604.3,0.2,0.2,0.1,0.1
2028.4,0.1,0.1,0.1,0.2
2056.9,0.1,0.1,0.1,0.1
2069.3,0.1,0.1,0.2,0.1
2044.7,0.1,0.1,0.1,0.2
2558.2,0.1,0.2,0.2,0.1
2027.7,0.2,0.1,0.2,0.1
2049.8,0.1,0.2,0.1,0.2
2047.2,0.2,0.2,0.2,0.1
2043.4,0.1,0.1,0.2,0.1
2664.7,0.1,0.1,0.1,0.2
2026.5,0.1,0.1,0.1,0.2
2070,0.1,0.1,0.1,0.1
2027.6,0.1,0.1,0.1,0.1
2025,0.1,0.2,0.2,0.1
2047.9,0.1,0.1,0.2,0.1
2029.1,0.1,0.1,0.1,0.2
2029.9,0.1,0.2,0.2,0.2
2054.4,0.2,0.2,0.2,0.2
2051.9,0.2,0.1,0.2,0.2
2581.3,0.1,0.2,0.2,0.2
2065.2,0.2,0.2,0.2,0.2
2353.8,0.1,0.2,0.1,0.2
2027.1,0.1,0.1,0.2,0.2
2048.1,0.1,0.2,0.2,0.2
2036.3,0.1,0.2,0.1,0.2
2030,0.2,0.3,0.2,0.3
2029.9,0.1,0.2,0.2,0.2
2029.9,0.1,0.2,0.2,0.2
2710.8,0.2,0.1,0.1,0.2
2023.7,0.1,0.2,0.2,0.2
2385.2,0.2,0.2,0.2,0.1
2027.3,0.2,0.2,0.3,0.2
34658.8,0.1,0.2,0.2,0.1
34640.5,0.1,0.2,0.2,0.2
30747.8,0.1,0.2,0.2,0.2
3152,0.1,0.2,0.1,0.2
2503.7,0.2,0.2,0.2,0.2
2487.6,0.2,0.1,0.2,0.1
2479.5,0.1,0.1,0.2,0.1
2490.6,0.2,0.1,0.1,0.1
2478.1,0.1,0.2,0.2,0.2
2496.8,0.1,0.1,0.1,0.1
2484.4,0.3,0.4,0.3,0.2
2509.9,0.1,0.1,0.1,0.1
3119.1,0.2,0.2,0.2,0.1
2495.6,0.1,0.2,0.2,0.2
3172.8,0.1,0.1,0.2,0.2
2481.4,0.1,0.2,0.2,0.2
2501.4,0.1,0.2,0.2,0.2
2489.9,0.1,0.2,0.1,0.2
2488.6,0.1,0.1,0.1,0.2
2486.3,0.2,0.2,0.2,0.2
2499.6,0.3,1.1,1.1,1.1
2484.2,0.1,0.2,0.1,0.2
3119,0.1,0.1,0.2,0.1
2426.1,0.1,0.1,0.2,0.1
2344.3,0.1,0.1,0.2,0.1
2344.8,0.1,0.1,0.1,0.2
2338.7,0.1,0.1,0.1,0.1
2331.1,0.1,0.1,0.2,0.1
2351.4,0.1,0.1,0.2,0.1
2986,0.1,0.1,0.1,0.1
2369.1,0.1,0.1,0.1,0.2
2957.4,0.2,0.1,0.1,0.1
2338,0.1,0.1,0.1,0.1
2330.1,0.1,0.2,0.2,0.2
2389.7,0.1,0.1,0.1,0.1
2350.8,0.3,0.3,0.2,0.3
2385.7,0.2,0.3,0.3,0.2
2966.6,0.9,0.9,1,1
2328.9,0.1,0.2,0.2,0.1
2964.4,0.1,0.2,0.2,0.1
2517.9,0.2,0.3,0.2,0.2
2843.1,0.1,0.2,0.2,0.2
2327.4,0.1,0.2,0.2,0.2
2965.3,0.1,0.2,0.2,0.2
2249.4,0.1,0.2,0.2,0.2
2138.2,0.1,0.1,0.1,0.2
2152.4,0.1,0.2,0.2,0.1
2119.5,0.1,0.1,0.2,0.1
2127.1,0.2,0.1,0.1,0.2
2702.4,0.1,0.1,0.1,0.1
2130.5,0.1,0.1,0.1,0.1
2118.5,0.2,0.2,0.1,0.2
2118.4,0.1,0.2,0.2,0.2
2137.4,0.1,0.2,0.2,0.1
2631.1,0.1,0.1,0.2,0.1
2118.3,0.1,0.1,0.1,0.1
2148.4,0.1,0.1,0.1,0.1
2143.8,0.2,0.2,0.2,0.3
2126.8,0.1,0.2,0.2,0.2
2129.3,0.1,0.2,0.2,0.2
2115.3,0.1,0.1,0.1,0.1
2636.8,0.1,0.2,0.2,0.1
2115.5,0.1,0.2,0.2,0.1
2131.3,0.1,0.1,0.1,0.2
2113.8,0.2,0.1,0.1,0.2
2124.2,0.1,0.1,0.1,0.1
2783.2,0.1,0.2,0.1,0.1
2129.7,0.1,0.1,0.1,0.1
2031.6,0.1,0.1,0.2,0.2
2037.1,0.2,0.1,0.1,0.1
2040.4,0.1,0.1,0.1,0.2
2027.8,0.1,0.1,0.1,0.1
2041.5,0.1,0.2,0.1,0.1
2027.9,0.1,0.2,0.1,0.2
2030.8,0.1,0.1,0.1,0.1
2053.5,0.1,0.1,0.1,0.2
2640.8,0.2,0.1,0.2,0.1
2045.4,0.2,0.2,0.2,0.2
2029.6,0.1,0.1,0.1,0.1
2029.4,0.2,0.2,0.2,0.2
2037.7,0.1,0.1,0.1,0.1
2558.2,0.1,0.1,0.1,0.1
2028.8,0.1,0.1,0.2,0.1
2046.2,0.1,0.2,0.2,0.2
2027.4,0.2,0.1,0.1,0.1
2039.9,0.1,0.2,0.1,0.2
2079.9,0.1,0.1,0.2,0.1
2043.3,0.2,0.1,0.1,0.1
2037.7,0.1,0.1,0.1,0.1
2042,0.1,0.1,0.1,0.1
2037.5,0.1,0.1,0.2,0.1
2057,0.1,0.2,0.2,0.3
2043.7,0.2,0.1,0.1,0.1
2057,0.1,0.1,0.1,0.2
2029.9,0.1,0.2,0.2,0.2
2047.5,0.1,0.2,0.2,0.1
2028.2,0.1,0.3,0.1,0.1
2086.3,0.1,0.2,0.1,0.2
2099.9,0.1,0.3,0.2,0.2
2026.4,0.1,0.1,0.1,0.1
2615.1,0.1,0.1,0.1,0.1
2027,0.1,0.2,0.1,0.1
2026.9,0.1,0.2,0.2,0.1
2024.7,0.1,0.1,0.1,0.1
2047.3,0.1,0.2,0.1,0.2
2331.7,0.2,0.1,0.1,0.1
2042.2,0.1,0.2,0.1,0.2
2044.1,0.1,0.2,0.1,0.1
2044.1,0.2,0.2,0.1,0.2
2031.3,0.1,0.1,0.1,0.1
2649.9,0.2,0.1,0.1,0.1
2047.6,0.1,0.1,0.1,0.2
2029.8,0.1,0.1,0.1,0.1
2038.1,0.1,0.1,0.2,0.1
2076.1,0.1,0.1,0.3,0.2
2043.5,1.2,0.5,1.1,0.2
2026.2,0.2,0.1,0.2,0.1
2050.8,0.2,0.2,0.1,0.2
2026.5,0.1,0.1,0.2,0.1
2033.9,0.1,0.2,0.1,0.2
2033.5,0.1,0.1,0.2,0.1
2043.7,0.2,0.1,0.1,0.1
2254.1,0.1,0.1,0.2,0.1
2053.3,0.1,0.1,0.1,0.2
2547.8,0.1,0.1,0.1,0.1
2041.7,0.2,0.2,0.2,0.1
2022.7,0.1,0.2,0.1,0.1
2047.8,0.1,0.1,0.1,0.1
2039.6,0.1,0.2,0.1,0.1
2061.5,0.1,0.2,0.2,0.2
2029.2,0.2,0.2,0.2,0.2
2517.2,0.1,0.2,0.2,0.1
2030.9,0.1,0.1,0.1,0.1
2027.8,0.1,0.2,0.2,0.2
2034.3,0.1,0.1,0.1,0.1
2058.7,0.1,0.1,0.2,0.1
2029.3,0.2,0.1,0.1,0.1
2052.6,0.1,0.2,0.1,0.2
2698.5,0.1,0.1,0.2,0.1
2060,0.1,0.2,0.1,0.2
2689,0.1,0.1,0.1,0.1
2025.8,0.1,0.1,0.1,0.2
2051.8,0.1,0.2,0.1,0.2
2042.4,0.1,0.2,0.2,0.1
2029.7,0.2,0.2,0.2,0.1
2025.3,0.1,0.1,0.2,0.1
2034.7,0.2,0.1,0.1,0.1
2029.5,0.2,0.1,0.2,0.1
2048.1,0.1,0.1,0.2,0.1
2042.2,0.1,0.1,0.2,0.1
2045.8,0.2,0.2,0.2,0.2
2034.8,0.1,0.2,0.2,0.1
2651.3,0.1,0.2,0.1,0.1
2028.8,0.1,0.1,0.1,0.1
2038.1,0.1,0.1,0.2,0.1
2028.1,0.1,0.2,0.2,0.2
2036.8,0.1,0.1,0.2,0.1
2046.5,0.1,0.2,0.1,0.1
2027.7,0.1,0.1,0.2,0.1
2721.4,0.1,0.1,0.1,0.2
2031.4,0.1,0.1,0.1,0.2
2032.3,0.1,0.1,0.1,0.1
2038.2,0.2,0.1,0.2,0.1
2022.8,0.1,0.1,0.2,0.1
2537.9,0.1,0.1,0.2,0.1
2026.8,0.1,0.2,0.1,0.1
2044.9,0.2,0.2,0.1,0.1
2025.2,0.1,0.2,0.2,0.2
2038.8,0.1,0.1,0.1,0.1
2051.6,0.2,0.2,0.2,0.2
2082,0.1,0.1,0.2,0.1
2043,0.1,0.1,0.2,0.1
2043.1,0.1,0.1,0.1,0.2
2027.4,0.1,0.1,0.1,0.2
2043.6,0.1,0.2,0.1,0.1
2592.3,0.2,0.1,0.1,0.2
2217.5,0.2,0.2,0.2,0.2
2366.3,0.1,0.1,0.2,0.2
2043.1,0.1,0.1,0.2,0.2
2656.1,0.2,0.1,0.1,0.2
2047.2,0.2,0.2,0.2,0.2
2028.2,0.1,0.2,0.2,0.2
2046.4,0.1,0.2,0.1,0.2
2588.1,0.1,0.2,0.2,0.2
2030.9,0.2,0.1,0.1,0.1
2057.1,0.1,0.1,0.2,0.1
2034.6,0.2,0.1,0.1,0.1
2033.6,0.2,0.2,0.2,0.1
2055.6,0.2,0.1,0.1,0.1
2045.9,0.1,0.1,0.1,0.2
2021.5,0.1,0.2,0.1,0.2
2044.5,0.1,0.1,0.1,0.2
2711.7,0.1,0.1,0.1,0.2
2028.7,0.1,0.1,0.1,0.1
2053.7,0.1,0.1,0.1,0.2
2029.2,0.3,0.3,0.3,0.3
2049.7,0.2,0.1,0.1,0.1
2061.2,0.1,0.1,0.2,0.1
2029.2,0.2,0.2,0.2,0.1
2047.5,0.1,0.1,0.1,0.1
2037,0.1,0.2,0.2,0.2
2695.9,0.2,0.1,0.1,0.1
2026.4,0.1,0.1,0.1,0.1
2038.8,0.1,0.1,0.1,0.2
2037.1,0.1,0.1,0.1,0.1
2056,0.1,0.2,0.2,0.1
2071.9,0.1,0.2,0.1,0.2
2028.1,0.1,0.1,0.1,0.1
2045.6,0.3,0.2,0.3,0.3
2029,0.1,0.1,0.2,0.1
2026.9,0.1,0.1,0.2,0.1
2027.7,0.1,0.2,0.1,0.2
2539.7,0.2,0.1,0.2,0.2
2029.2,0.2,0.1,0.1,0.2
2049,0.2,0.2,0.2,0.1
2026.5,0.2,0.1,0.1,0.2
2038.4,0.1,0.1,0.1,0.1
2030.3,0.1,0.2,0.1,0.1
2028.5,0.1,0.2,0.2,0.1
2039.4,0.1,0.2,0.2,0.1
2042.9,0.1,0.2,0.2,0.1
2030.6,0.1,0.1,0.2,0.1
2053.4,0.1,0.1,0.2,0.1
2038.1,0.1,0.2,0.2,0.2
2581.1,0.1,0.1,0.1,0.2
2029.7,0.1,0.2,0.2,0.1
2045.7,0.1,0.1,0.2,0.1
2028.3,0.1,0.1,0.1,0.1
2032,0.1,0.2,0.1,0.2
2030.3,0.1,0.1,0.1,0.1
2043.5,0.1,0.2,0.1,0.1
2542.5,0.2,0.1,0.2,0.1
2029.7,0.1,0.1,0.1,0.2
2040.2,0.1,0.1,0.2,0.1
2049,0.1,0.1,0.1,0.2
2030.2,0.1,0.1,0.1,0.2
2046.3,0.1,0.2,0.1,0.2
2039.1,0.2,0.1,0.1,0.3
2031.5,0.2,0.1,0.2,0.2
2071.9,0.1,0.2,0.2,0.2
2055,0.1,0.1,0.1,0.2
2053.7,0.1,0.2,0.2,0.2
2671.9,0.2,0.2,0.2,0.2
2038.3,0.1,0.2,0.1,0.1
2031.8,0.2,0.1,0.1,0.1
2030.7,0.2,0.1,0.2,0.1
2046.2,0.1,0.1,0.1,0.1
2029.1,0.1,0.2,0.1,0.2
2030.8,0.1,0.2,0.2,0.1
2045.2,0.1,0.1,0.1,0.1
2043.6,0.2,0.1,0.2,0.1
2046.7,0.1,0.2,0.2,0.1
2027.7,0.1,0.2,0.2,0.1
2039.2,0.1,0.2,0.1,0.2
2586.6,0.2,0.2,0.2,0.2
2027.6,0.1,0.2,0.1,0.2
34744.7,0.1,0.1,0.1,0.2
34746.9,0.1,0.1,0.1,0.1
2483.7,0.2,0.2,0.1,0.2
2461.4,0.2,0.1,0.1,0.2
2473.3,0.1,0.2,0.1,0.1
2461.7,0.1,0.1,0.2,0.1
2479.1,0.1,0.2,0.1,0.1
2473.2,0.1,0.1,0.1,0.1
2474.4,0.1,0.1,0.1,0.1
2996.7,0.1,0.2,0.2,0.2
2475.9,0.1,0.1,0.1,0.2
2460,0.1,0.1,0.1,0.2
2511,0.2,0.1,0.2,0.2
2470.7,0.1,0.2,0.2,0.2
2475.4,0.1,0.1,0.2,0.2
2455.2,0.1,0.1,0.2,0.2
2496.6,0.1,0.1,0.2,0.2
2439.7,0.1,0.1,0.1,0.2
2807.2,0.1,0.1,0.2,0.2
2440.4,0.1,0.1,0.1,0.2
3167.5,0.1,0.1,0.1,0.2
2439,0.1,0.1,0.2,0.2
2859.9,0.1,0.1,0.1,0.1
2350.4,0.1,0.1,0.1,0.2
2330,0.2,0.1,0.1,0.2
2339,0.1,0.1,0.1,0.3
2973.7,0.2,0.1,0.1,0.2
2331.9,0.1,0.1,0.1,0.1
2330.2,0.1,0.1,0.1,0.1
2541.9,0.1,0.1,0.1,0.1
2327.5,0.1,0.2,0.2,0.2
2334.8,0.1,0.2,0.2,0.1
2359.1,0.1,0.1,0.1,0.2
2329.4,0.1,0.3,0.4,0.3
2346.5,0.1,0.2,0.1,0.2
2330,0.1,0.1,0.1,0.1
2333.2,0.1,0.1,0.2,0.1
2342.9,0.2,0.1,0.1,0.1
2324.1,0.1,0.2,0.1,0.2
2813.9,0.2,0.1,0.1,0.2
2327.6,0.1,0.1,0.1,0.1
2980.9,0.1,0.2,0.2,0.2
2328.2,0.2,0.1,0.1,0.1
2332.3,0.1,0.1,0.2,0.1
2271.7,0.1,0.1,0.1,0.1
2130.1,0.1,0.1,0.1,0.1
2122,0.1,0.1,0.1,0.1
2124.7,0.1,0.1,0.1,0.1
2744.7,0.1,0.1,0.1,0.1
2131.1,0.2,0.2,0.1,0.1
2130.3,0.1,0.1,0.2,0.1
2115.8,0.1,0.1,0.1,0.1
2130.3,0.1,0.1,0.2,0.1
2116.2,0.1,0.1,0.1,0.1
2135.8,0.1,0.1,0.2,0.1
2751.1,0.1,0.1,0.1,0.1
2142.4,0.1,0.1,0.1,0.1
2137.3,0.1,0.1,0.2,0.1
2126.3,0.1,0.1,0.2,0.1
2135.7,0.1,0.1,0.1,0.1
2126.6,0.1,0.2,0.2,0.2
2109,0.1,0.2,0.2,0.1
2129.4,0.1,0.1,0.1,0.2
2132.8,0.1,0.1,0.2,0.1
2834.5,0.2,0.2,0.2,0.3
2114,0.1,0.1,0.1,0.2
2137.6,0.2,0.2,0.2,0.1
2114.8,0.2,0.2,0.2,0.1
2049.2,0.2,0.2,0.2,0.2
2026.5,0.1,0.1,0.1,0.1
2603.8,0.2,0.1,0.1,0.2
2025.4,0.1,0.2,0.2,0.1
2562.8,0.2,0.1,0.1,0.2
2046.8,0.2,0.1,0.1,0.2
2052.1,0.1,0.1,0.2,0.1
2039.8,0.2,0.1,0.1,0.1
2027.1,0.1,0.1,0.1,0.2
2028.6,0.1,0.1,0.1,0.1
2026.9,0.1,0.2,0.2,0.1
2620.2,0.1,0.1,0.1,0.2
2030.7,0.1,0.2,0.2,0.1
2042.1,0.2,0.1,0.1,0.1
2048.7,0.2,0.2,0.2,0.2
2022.7,0.1,0.1,0.1,0.1
2036.8,0.1,0.1,0.1,0.1
2031,0.1,0.1,0.1,0.2
2647.6,0.1,0.1,0.1,0.1
2025.9,0.1,0.1,0.1,0.1
2516.6,0.1,0.2,0.2,0.2
2049.2,0.2,0.2,0.2,0.3
2028.3,0.2,0.2,0.2,0.2
2027,0.1,0.1,0.1,0.2
2523.6,0.1,0.1,0.1,0.1
2029,0.1,0.1,0.2,0.2
2037.1,0.1,0.1,0.1,0.1
2031.3,0.1,0.1,0.1,0.1
2027.6,0.2,0.2,0.1,0.2
2050,0.1,0.1,0.1,0.1
2053.6,0.1,0.2,0.1,0.2
2306.1,0.1,0.1,0.1,0.2
2053.9,0.2,0.2,0.1,0.2
2567.7,0.1,0.1,0.1,0.1
2026.4,0.2,0.1,0.1,0.1
2039.8,0.1,0.1,0.2,0.2
2028.9,0.2,0.2,0.2,0.2
2042.1,0.1,0.1,0.1,0.1
2315.6,0.1,0.2,0.2,0.1
2034.2,0.2,0.1,0.1,0.2
2602.5,0.2,0.2,0.2,0.2
2038,0.1,0.2,0.2,0.1
2045.3,0.1,0.1,0.1,0.2
2046.8,0.2,0.1,0.1,0.1
2045.2,0.1,0.1,0.1,0.1
2034.6,0.1,0.1,0.1,0.2
2036.1,0.1,0.1,0.2,0.1
2530.3,0.1,0.1,0.2,0.1
2043,0.1,0.1,0.1,0.1
2696.9,0.1,0.2,0.2,0.2
2032.5,0.1,0.1,0.1,0.2
2033.1,0.2,0.2,0.1,0.2
2039.7,0.1,0.1,0.1,0.2
2034.3,0.2,0.2,0.1,0.2
2030.6,0.2,0.2,0.2,0.1
2026.3,0.1,0.2,0.2,0.1
2333.5,0.1,0.1,0.1,0.1
2048.4,0.2,0.2,0.2,0.1
2033.8,0.1,0.1,0.1,0.1
2033.4,0.1,0.2,0.1,0.1
2050.8,0.1,0.1,0.2,0.2
2034.1,0.1,0.2,0.2,0.2
2041.3,0.2,0.1,0.2,0.1
2495.2,0.1,0.2,0.1,0.2
2031.3,0.1,0.2,0.1,0.2
2037.8,0.1,0.2,0.1,0.2
2029.8,0.1,0.1,0.1,0.1
2046.5,0.1,0.1,0.2,0.1
2028.8,0.1,0.2,0.1,0.1
2050.7,0.1,0.1,0.1,0.1
2547.8,0.1,0.1,0.2,0.1
2050.4,0.1,0.2,0.2,0.1
2030.3,0.1,0.1,0.1,0.1
2275.6,0.1,0.1,0.1,0.1
2035.6,0.1,0.2,0.2,0.2
2047.8,0.1,0.2,0.2,0.2
2036.1,0.2,0.2,0.1,0.2
2045.3,0.1,0.2,0.2,0.2
2039.1,0.2,0.1,0.1,0.1
2063.7,0.1,0.2,0.2,0.2
2029.6,0.2,0.2,0.2,0.2
2036.1,0.1,0.1,0.1,0.1
2026.5,0.1,0.1,0.1,0.1
2564.9,0.1,0.1,0.1,0.1
2033.6,0.2,0.1,0.2,0.1
2064.9,0.2,0.2,0.1,0.1
2024.3,0.1,0.1,0.1,0.1
2025,0.1,0.1,0.1,0.1
2522.9,0.2,0.2,0.2,0.1
2032.6,0.1,0.1,0.1,0.1
2036.6,0.1,0.2,0.2,0.1
2052.9,0.1,0.1,0.1,0.1
2050.6,0.1,0.1,0.1,0.2
2028.2,0.1,0.1,0.1,0.1
2033.8,0.1,0.1,0.1,0.2
2157,0.1,0.1,0.1,0.1
2030.4,0.1,0.1,0.1,0.1
2056,0.1,0.2,0.1,0.2
2076.8,0.3,1.1,1.2,1
2036.8,0.2,0.1,0.1,0.1
2029.1,0.1,0.2,0.2,0.1
2027.2,0.1,0.1,0.1,0.1
2029.2,0.1,0.2,0.2,0.2
2026.2,0.2,0.1,0.1,0.2
2035,0.1,0.1,0.1,0.3
2044.7,0.1,0.2,0.2,0.2
2035.1,0.1,0.2,0.1,0.2
2031.2,0.3,0.3,1.1,0.6
2034.6,0.1,0.1,0.1,0.1
2030.8,0.1,0.1,0.1,0.1
2041.4,0.1,0.2,0.1,0.2
2680.6,0.1,0.1,0.1,0.2
2024.7,0.1,0.1,0.1,0.2
2041.8,0.1,0.2,0.2,0.2
2045.1,0.1,0.1,0.1,0.1
2039.1,0.1,0.1,0.1,0.1
2032.1,0.2,0.1,0.1,0.1
2045.4,0.1,0.1,0.1,0.1
2593.9,0.2,0.2,0.2,0.2
2029.9,0.1,0.1,0.1,0.1
2045.1,0.1,0.1,0.1,0.2
2047.8,0.2,0.1,0.1,0.2
2046.2,0.1,0.1,0.2,0.1
2039.7,0.2,0.2,0.1,0.1
2034.4,0.1,0.1,0.1,0.1
2669,0.1,0.2,0.2,0.1
2029.6,0.1,0.1,0.2,0.1
2043,0.1,0.1,0.1,0.1
2051.6,0.1,0.1,0.1,0.1
2026.3,0.2,0.1,0.1,0.1
2562.4,0.1,0.1,0.1,0.1
2025.2,0.2,0.1,0.1,0.2
2039.4,0.1,0.2,0.1,0.2
2069.1,0.1,0.1,0.1,0.2
2038.9,0.1,0.2,0.1,0.2
2026,0.2,0.2,0.2,0.2
2044.9,0.1,0.2,0.2,0.2
2548.9,0.2,0.1,0.1,0.2
2025.5,0.1,0.1,0.1,0.1
2054.1,0.1,0.1,0.1,0.2
2031.9,0.1,0.1,0.1,0.1
2054.5,0.1,0.1,0.2,0.1
2621.8,0.1,0.2,0.2,0.1
2029,0.1,0.1,0.2,0.1
2035.7,0.1,0.1,0.1,0.1
2046,0.1,0.1,0.1,0.1
2044,0.1,0.1,0.1,0.1
2025.9,0.1,0.1,0.1,0.1
2025.2,0.1,0.1,0.1,0.2
2557,0.1,0.1,0.1,0.1
2024.4,0.1,0.2,0.2,0.2
2041.1,0.2,0.2,0.1,0.2
2026.6,0.1,0.1,0.1,0.2
2026.3,0.1,0.1,0.2,0.1
2024.7,0.1,0.2,0.1,0.1
2022.7,0.1,0.1,0.1,0.2
2033,0.1,0.1,0.1,0.1
2027.2,0.1,0.1,0.2,0.1
2031.1,0.1,0.1,0.2,0.1
2042.2,0.1,0.2,0.2,0.1
2023.5,0.2,0.2,0.2,0.1
2041.2,0.1,0.1,0.1,0.1
2051.9,0.1,0.1,0.2,0.1
2061,0.1,0.2,0.1,0.1
2628.6,0.1,0.1,0.2,0.1
2033.6,0.1,0.1,0.1,0.1
2037.5,0.1,0.1,0.1,0.1
2045,0.1,0.1,0.1,0.2
2028.6,0.1,0.1,0.1,0.1
2622.3,0.1,0.1,0.2,0.1
2033.4,0.1,0.2,0.1,0.1
2058.3,0.1,0.2,0.1,0.2
2033.7,0.1,0.1,0.1,0.1
2076.2,0.1,0.1,0.2,0.1
2030.9,0.1,0.1,0.2,0.1
2033.1,0.1,0.1,0.1,0.2
2048.9,0.2,0.1,0.1,0.2
2031.5,0.1,0.1,0.1,0.1
2043.8,0.1,0.2,0.2,0.2
2027,0.1,0.1,0.1,0.1
2046.8,0.1,0.1,0.2,0.1
2277,0.1,0.1,0.1,0.1
2026.6,0.1,0.2,0.2,0.2
2045,0.1,0.1,0.1,0.1
2036.4,0.1,0.2,0.2,0.1
2702.3,0.2,0.1,0.1,0.1
2029.8,0.1,0.2,0.1,0.1
2659.7,0.2,0.1,0.2,0.2
34701.3,0.2,0.2,0.3,0.2
14168.2,0.1,0.1,0.2,0.1
2442.9,0.3,0.3,0.4,0.6
3111.8,0.1,0.1,0.1,0.2
2441.2,0.2,0.2,0.2,0.2
3015.4,0.1,0.1,0.1,0.1
2446.3,0.1,0.1,0.1,0.1
2439.3,0.1,0.1,0.1,0.1
2452.6,0.1,0.1,0.1,0.1
2438.1,0.1,0.2,0.1,0.2
2443.6,0.1,0.2,0.1,0.2
2437.2,0.2,0.1,0.2,0.1
2439.4,0.1,0.2,0.2,0.1
2456.6,0.1,0.2,0.2,0.2
2449.4,0.1,0.2,0.1,0.2
2450.8,0.2,0.2,0.1,0.1
2446,0.1,0.2,0.1,0.2
2463,0.1,0.2,0.2,0.1
2656.5,0.1,0.2,0.2,0.1
2438.3,0.1,0.1,0.2,0.3
2437.9,0.1,0.2,0.2,0.2
2449,0.1,0.2,0.2,0.1
2327.1,0.1,0.2,0.2,0.2
2342.8,0.1,0.1,0.1,0.2
2329.4,0.1,0.1,0.1,0.1
2336.9,0.2,0.1,0.2,0.1
2327.2,0.2,0.2,0.1,0.2
2329.4,0.2,0.1,0.1,0.2
2852.2,0.2,0.2,0.2,0.2
2325.4,0.1,0.2,0.1,0.2
2349.5,0.1,0.2,0.1,0.2
2329.6,0.1,0.1,0.1,0.2
2328,0.1,0.1,0.1,0.2
2325.4,0.2,0.1,0.1,0.1
2326.1,0.1,0.1,0.1,0.2
2964.1,0.2,0.2,0.1,0.2
2348.6,0.1,0.2,0.2,0.2
2321.4,0.1,0.1,0.2,0.2
2320,0.1,0.1,0.1,0.2
2336.1,0.2,0.2,0.1,0.2
2321.1,0.1,0.1,0.1,0.2
2322.4,0.1,0.1,0.1,0.2
2892.1,0.1,0.2,0.2,0.1
2322.1,0.1,0.2,0.2,0.1
2321.1,0.2,0.1,0.1,0.1
2116.2,0.2,0.1,0.1,0.2
2634,0.1,0.1,0.1,0.2
2117,0.1,0.1,0.1,0.2
2113.9,0.2,0.1,0.1,0.2
2114.5,0.1,0.1,0.1,0.2
2114,0.1,0.1,0.2,0.1
2690.7,0.1,0.2,0.1,0.2
2131.1,0.2,0.2,0.1,0.1
2111.9,0.1,0.1,0.1,0.1
2118.7,0.2,0.1,0.1,0.2
2119.5,0.1,0.1,0.1,0.1
2635.5,0.1,0.1,0.1,0.1
2112.9,0.1,0.2,0.1,0.2
2129.4,0.2,0.1,0.2,0.1
2109.7,0.1,0.1,0.1,0.1
2122.5,0.1,0.1,0.1,0.1
2449.1,0.1,0.1,0.2,0.1
2126.2,0.1,0.2,0.2,0.1
2113.4,0.1,0.2,0.2,0.2
2114.1,0.1,0.1,0.1,0.1
2109,0.2,0.2,0.1,0.2
2112.9,0.1,0.1,0.2,0.1
2110.2,0.1,0.2,0.2,0.1
2110.6,0.1,0.1,0.1,0.2
2029,0.2,0.2,0.2,0.1
2024.5,0.1,0.2,0.1,0.2
2029,0.1,0.2,0.1,0.1
2022.5,0.1,0.1,0.1,0.1
2023.1,0.2,0.1,0.1,0.1
2024.4,0.1,0.2,0.1,0.2
2021.9,0.1,0.2,0.1,0.1
2574.1,0.1,0.1,0.1,0.1
2027.4,0.2,0.2,0.1,0.1
2027.8,0.2,0.1,0.2,0.1
2024.6,0.1,0.1,0.1,0.1
2024.2,0.1,0.1,0.1,0.2
2304.2,0.1,0.1,0.1,0.1
2025.7,0.1,0.1,0.1,0.1
2046.8,0.1,0.1,0.1,0.2
2046.7,0.1,0.2,0.1,0.1
2023.9,0.1,0.1,0.2,0.1
2626.3,0.1,0.2,0.2,0.2
2026.7,0.1,0.1,0.1,0.1
2025.5,0.1,0.1,0.1,0.1
2032.6,0.1,0.2,0.2,0.1
2023.2,0.1,0.2,0.1,0.1
2562.2,0.1,0.1,0.2,0.1
2028.6,0.2,0.1,0.1,0.1
2022.7,0.1,0.2,0.1,0.2
2027.9,0.1,0.1,0.1,0.2
2022.6,0.1,0.1,0.2,0.1
2513.3,0.1,0.2,0.2,0.2
2032,0.2,0.1,0.1,0.2
2040.9,0.1,0.1,0.2,0.1
2023.8,0.2,0.1,0.2,0.1
2036.5,0.1,0.2,0.1,0.2
2068.6,0.2,0.1,0.1,0.2
2024.8,0.1,0.1,0.2,0.2
2589.7,0.1,0.1,0.1,0.2
2094.7,0.1,0.1,0.1,0.1
2575.6,0.1,0.1,0.1,0.2
2069.4,0.2,0.1,0.2,0.2
2066.5,0.1,0.1,0.1,0.2
2049.3,0.2,0.1,0.1,0.2
2043.3,0.1,0.1,0.2,0.2
2035.1,0.2,0.1,0.1,0.2
2027.1,0.2,0.2,0.1,0.1
2029.5,0.1,0.2,0.1,0.1
2036.4,0.1,0.1,0.1,0.2
2592,0.1,0.1,0.2,0.2
2024.4,0.1,0.1,0.1,0.2
2345.7,0.1,0.2,0.1,0.2
2029,0.1,0.2,0.2,0.2
2042.5,0.1,0.1,0.1,0.2
2026.2,0.1,0.1,0.2,0.1
2025.3,0.1,0.1,0.2,0.1
2026.8,0.1,0.1,0.2,0.1
2038.8,0.2,0.2,0.2,0.1
2024.8,0.1,0.2,0.1,0.2
2025.3,0.1,0.2,0.2,0.2
2024.8,0.1,0.2,0.2,0.2
2042.8,0.2,0.1,0.1,0.1
2042.5,0.2,0.2,0.2,0.2
2049.7,0.2,0.2,0.2,0.2
2047.4,0.2,0.1,0.1,0.2
2029.9,0.2,0.1,0.1,0.1
2023.3,0.1,0.2,0.1,0.2
2025.5,0.1,0.2,0.1,0.1
2027.3,0.2,0.1,0.2,0.1
2536.6,0.1,0.2,0.1,0.2
2027.2,0.2,0.1,0.1,0.1
2024,0.1,0.1,0.2,0.1
2037,0.2,0.1,0.1,0.1
2044.4,0.2,0.1,0.2,0.1
2561.6,0.1,0.2,0.2,0.1
2066.1,0.1,0.1,0.2,0.1
2025,0.1,0.2,0.2,0.1
2034,0.1,0.1,0.1,0.2
2049.4,0.1,0.1,0.1,0.1
2051.3,0.1,0.1,0.1,0.1
2066.9,0.1,0.2,0.1,0.1
2320.8,0.1,0.2,0.2,0.2
2036.8,0.1,0.2,0.2,0.2
2700.1,0.1,0.1,0.1,0.2
2036.2,0.1,0.1,0.1,0.1
2037.4,0.1,0.1,0.1,0.1
2022.5,0.1,0.2,0.2,0.2
2025.5,0.1,0.2,0.2,0.2
2026.2,0.1,0.1,0.2,0.1
2026.1,0.1,0.2,0.2,0.2
2583.3,0.1,0.1,0.1,0.1
2028.9,0.1,0.3,0.2,0.2
2646.8,0.1,0.2,0.2,0.2
2057.6,0.1,0.2,0.1,0.2
2583.1,0.1,0.1,0.1,0.1
2048.2,0.1,0.2,0.1,0.2
2026.1,0.2,0.2,0.2,0.1
2027.1,0.1,0.2,0.1,0.2
2061.7,0.1,0.1,0.1,0.1
2154.3,0.1,0.1,0.1,0.2
2052.1,0.1,0.2,0.1,0.2
2591.4,0.2,0.2,0.2,0.2
2054.1,0.1,0.2,0.2,0.2
2040.8,0.2,1,1.3,1.1
2041.5,0.1,0.2,0.2,0.2
2606.7,0.1,0.2,0.1,0.2
2034.1,0.2,0.1,0.1,0.1
2043.5,0.1,0.1,0.1,0.1
2027.8,0.1,0.1,0.1,0.2
2023.8,0.1,0.1,0.1,0.2
2033.3,0.2,0.2,0.2,0.2
2026.2,0.1,0.1,0.2,0.1
2031.9,0.1,0.1,0.1,0.1
2045.9,0.1,0.2,0.2,0.1
2025.6,0.1,0.1,0.1,0.2
2031.8,0.1,0.1,0.1,0.1
2037.9,0.1,0.1,0.2,0.1
2056.6,0.1,0.2,0.1,0.4
2046.6,0.1,0.1,0.1,0.2
2027,0.1,0.1,0.2,0.2
2034.8,0.1,0.1,0.2,0.2
2059.6,0.1,0.1,0.1,0.2
2045.1,0.1,0.2,0.3,0.2
2631.5,0.1,0.1,0.2,0.2
2028.1,0.2,0.2,0.1,0.2
2027.1,0.1,0.1,0.1,0.2
2048.5,0.1,0.1,0.1,0.2
2076.9,0.1,0.2,0.1,0.2
2027.2,0.1,0.1,0.1,0.1
2044.5,0.1,0.2,0.2,0.1
2043.3,0.2,0.1,0.1,0.1
2041.3,0.1,0.1,0.1,0.1
2641.6,0.1,0.1,0.1,0.1
2024.3,0.1,0.1,0.2,0.1
2036.7,0.1,0.1,0.1,0.1
2035.8,0.1,0.1,0.1,0.1
2041.7,0.1,0.1,0.1,0.1
2050.3,0.1,0.1,0.2,0.4
2055.4,0.2,0.2,0.2,0.2
2028.9,0.1,0.2,0.1,0.2
2032.1,0.1,0.1,0.2,0.2
2028.8,0.1,0.2,0.2,0.2
2081.9,0.2,0.2,0.2,0.3
2032.2,0.2,0.2,0.5,0.4
2039.3,0.1,0.1,0.2,0.2
2703.5,0.1,0.2,0.2,0.1
2030.8,0.1,0.2,0.2,0.2
2025.6,0.1,0.2,0.2,0.1
2030.3,0.1,0.1,0.1,0.1
2042.3,0.2,0.2,0.1,0.1
2029.1,0.1,0.1,0.1,0.2
2043.3,0.1,0.1,0.1,0.1
2682.7,0.3,0.3,0.3,0.3
2040.5,0.1,0.2,0.2,0.1
2029.4,0.1,0.1,0.1,0.2
2025.5,0.1,0.2,0.2,0.2
2029,0.2,0.1,0.1,0.1
2023.5,0.2,0.2,0.1,0.2
2051.2,0.2,0.2,0.1,0.1
2024.7,0.1,0.1,0.1,0.1
2045.1,0.2,0.2,0.2,0.2
2041.3,0.2,0.2,0.2,0.1
2026.8,0.1,0.2,0.1,0.2
2604,0.2,0.1,0.1,0.2
2028.7,0.1,0.1,0.1,0.1
2049.6,0.1,0.2,0.2,0.1
2046.8,0.1,0.1,0.2,0.2
2038.9,0.1,0.1,0.1,0.3
2024.5,0.1,0.1,0.2,0.2
2048.3,0.2,0.1,0.2,0.2
2582.8,0.1,0.2,0.2,0.1
2055.2,0.1,0.2,0.2,0.2
2036.1,0.2,0.2,0.2,0.2
2043,0.2,0.2,0.3,0.2
2031.1,0.1,0.1,0.2,0.2
2256.7,0.2,0.2,0.2,0.1
2027.8,0.2,0.2,0.2,0.2
2045.6,0.1,0.1,0.1,0.2
2028,0.2,0.2,0.1,0.2
2035.4,0.2,0.1,0.1,0.2
2023.8,0.1,0.2,0.1,0.2
2036.4,0.2,0.1,0.2,0.1
2623.6,0.2,0.1,0.1,0.1
2024.6,0.1,0.1,0.1,0.1
2047.5,0.2,0.1,0.2,0.1
2025.6,0.1,0.1,0.2,0.1
2044.3,0.1,0.1,0.1,0.1
2666.6,0.1,0.2,0.1,0.1
2032,0.1,0.2,0.1,0.2
2652.8,0.1,0.2,0.2,0.2
2029.4,0.1,0.1,0.1,0.1
2028.8,0.1,0.1,0.2,0.2
2059.3,0.3,0.4,0.3,0.3
2055.3,0.2,0.3,0.2,0.2
2031.2,0.1,0.1,0.1,0.1
2035.1,0.1,0.2,0.2,0.2
2052.3,0.1,0.1,0.1,0.2
2024,0.1,0.3,0.2,0.2
2553.3,0.1,0.2,0.2,0.2
2035.8,0.1,0.2,0.1,0.2
2050.6,0.1,0.2,0.1,0.2
2024.5,0.1,0.2,0.2,0.2
2029.5,0.1,0.1,0.2,0.2
2061.8,0.1,0.1,0.1,0.2
2044.9,0.2,0.2,0.1,0.2
2244.2,0.2,0.1,0.2,0.1
2049.8,0.1,0.2,0.1,0.2
2576.1,0.1,0.2,0.1,0.2
2039,0.1,0.1,0.2,0.2
2026.2,0.1,0.2,0.2,0.2
2052.8,0.1,0.1,0.1,0.2
2046.6,0.1,0.1,0.1,0.2
2026.2,0.2,0.1,0.2,0.4
2075.2,0.2,0.1,0.1,0.2
2058,0.1,0.1,0.1,0.2
2041.7,0.1,0.1,0.1,0.2
2028.5,0.1,0.1,0.2,0.2
2049.9,0.1,0.1,0.2,0.3
2568,0.1,0.1,0.1,0.2
2024,0.1,0.1,0.2,0.2
2048.3,0.1,0.1,0.1,0.2
2022.3,0.2,0.2,0.1,0.2
2033.2,0.1,0.1,0.1,0.2
2031.2,0.2,0.1,0.1,0.1
2038.4,0.1,0.3,0.2,0.2
2642.6,0.1,0.2,0.2,0.2
2024.5,0.1,0.2,0.2,0.5
2026.1,0.1,0.2,0.2,0.2
2052.2,0.1,0.1,0.2,0.1
2028.2,0.2,0.2,0.2,0.2
2028,0.1,0.2,0.1,0.2
2047.6,0.2,0.1,0.1,0.3
2696.2,0.1,0.1,0.1,0.2
2034.7,0.2,0.1,0.2,0.2
2026.8,0.1,0.1,0.1,0.2
2022.3,0.1,0.1,0.2,0.2
2037.4,0.2,0.1,0.2,0.2
2052.5,0.1,0.1,0.3,0.2
2039.8,0.1,0.2,0.2,0.2
2175.2,0.1,0.1,0.2,0.2
2052.3,0.1,0.1,0.2,0.1
2633.8,0.2,0.2,0.2,0.2
2025.4,0.2,0.2,0.1,0.1
2034.5,0.1,0.1,0.1,0.2
2072.8,0.1,0.2,0.2,0.2
2036.8,0.1,0.1,0.2,0.3
2031,0.1,0.1,0.1,0.1
2027.9,0.1,0.1,0.1,0.2
2570.2,0.1,0.1,0.2,0.2
2044.7,0.1,0.1,0.1,0.3
2026,0.1,0.1,0.1,0.2
2027.5,0.1,0.2,0.1,0.2
2063.7,0.2,0.1,0.1,0.1
2041.8,0.2,0.1,0.1,0.2
2046.4,0.1,0.1,0.2,0.3
2571.5,0.1,0.2,0.2,0.2
2033.5,0.1,0.1,0.2,0.2
2031.3,0.2,0.2,0.2,0.2
2044.6,0.1,0.1,0.1,0.1
2039.7,0.2,0.1,0.1,0.2
2578.5,0.2,0.1,0.1,0.1
2029.7,0.1,0.2,0.1,0.2
2026.4,0.2,0.3,0.3,0.3
2027.1,0.2,0.1,0.1,0.2
2057.4,0.1,0.2,0.1,0.2
2042.6,0.2,0.1,0.1,0.1
2024.4,0.2,0.2,0.2,0.2
2031.4,0.3,0.3,0.3,0.3
2043.4,0.1,0.2,0.1,0.2
2536.4,0.1,0.2,0.1,0.2
2038.2,0.1,0.1,0.1,0.1
2051,0.2,0.2,0.1,0.1
2028.6,0.1,0.1,0.1,0.2
2039.1,0.1,0.2,0.1,0.1
2538.9,0.1,0.2,0.2,0.3
2026.7,0.1,0.1,0.1,0.1
2023.8,0.1,0.1,0.1,0.1
2028.7,0.1,0.2,0.1,0.1
2030.6,0.1,0.1,0.1,0.2
2022.7,0.2,0.2,0.1,0.1
2049.6,0.1,0.1,0.2,0.1
2527.1,0.1,0.1,0.2,0.1
2040.9,0.1,0.1,0.1,0.1
2049.9,0.2,0.2,0.2,0.1
2050.8,0.1,0.2,0.1,0.2
2041.9,0.2,0.1,0.1,0.1
2634.4,0.1,0.1,0.2,0.1
2023.4,0.2,0.1,0.1,0.1
2041.7,0.1,0.2,0.2,0.1
2032.8,0.1,0.1,0.2,0.1
2028.7,0.1,0.1,0.1,0.2
2681.4,0.2,0.1,0.1,0.2
2041.2,0.1,0.2,0.1,0.2
2037.1,0.1,0.2,0.2,0.1
2023.4,0.2,0.1,0.1,0.1
2023.8,0.2,0.1,0.2,0.1
2038.9,0.1,0.1,0.2,0.1
2025.3,0.2,0.2,0.1,0.2
2040.4,0.2,0.1,0.1,0.1
2055.2,0.1,0.2,0.2,0.1
2054.7,0.2,0.1,0.1,0.1
2032.1,0.1,0.1,0.1,0.1
2037.5,0.1,0.2,0.4,0.2
2035.8,0.2,0.2,0.2,0.2
2046.3,0.2,0.1,0.1,0.1
2036.3,0.1,0.2,0.1,0.2
2036.8,0.1,0.1,0.1,0.2
2554.8,0.1,0.2,0.2,0.2
2027.9,0.1,0.1,0.1,0.1
2040.9,0.1,0.1,0.1,0.1
2024.4,0.1,0.2,0.1,0.2
2041.5,0.1,0.1,0.1,0.1
2554.7,0.1,0.1,0.1,0.1
2022.5,0.1,0.2,0.2,0.2
2051.3,0.1,0.1,0.2,0.1
2030.2,0.1,0.2,0.1,0.2
2025.3,0.2,0.2,0.1,0.1
2633.5,0.1,0.1,0.2,0.1
2039.5,0.1,0.1,0.1,0.1
2022.5,0.2,0.1,0.1,0.1
2041.8,0.1,0.1,0.2,0.1
2027.3,0.1,0.1,0.1,0.1
2031.4,0.2,0.1,0.1,0.1
2050.4,0.1,0.1,0.2,0.1
2407.6,0.1,0.1,0.2,0.1
2027.1,0.1,0.2,0.1,0.1
2044.1,0.1,0.2,0.1,0.1
2027.4,0.1,0.1,0.1,0.1
2025.2,0.1,0.1,0.1,0.2
2661.3,0.1,0.1,0.1,0.1
2023.9,0.1,0.1,0.1,0.1
2027.7,0.1,0.2,0.1,0.2
2047.2,0.1,0.1,0.2,0.1
2025.9,0.1,0.1,0.1,0.2
2026.5,0.1,0.1,0.1,0.2
2044.7,0.1,0.1,0.1,0.2
2695.7,0.2,0.2,0.2,0.2
2024.2,0.1,0.1,0.1,0.1
2046.2,0.1,0.2,0.1,0.1
2048.3,0.1,0.1,0.2,0.1
2044.5,0.2,0.1,0.1,0.1
2573.4,0.1,0.2,0.1,0.2
2023.6,0.2,0.1,0.1,0.1
2035,0.1,0.1,0.2,0.1
2025.2,0.1,0.2,0.2,0.1
2025.3,0.1,0.1,0.1,0.2
2024.4,0.1,0.1,0.1,0.1
2042.5,0.1,0.1,0.2,0.1
2524,0.1,0.1,0.1,0.1
2027.6,0.2,0.1,0.1,0.1
2041.2,0.1,0.1,0.1,0.2
2040.7,0.1,0.1,0.1,0.1
2025.5,0.2,0.1,0.2,0.2
2673.5,0.2,0.1,0.1,0.1
2039.6,0.2,0.1,0.1,0.2
2024.5,0.2,0.1,0.1,0.1
2040.2,0.1,0.2,0.2,0.1
2024.8,0.1,0.1,0.1,0.2
2027.8,0.1,0.1,0.2,0.1
2044.1,0.1,0.1,0.2,0.1
2651.1,0.1,0.1,0.2,0.1
2027.8,0.1,0.2,0.1,0.1
2032.6,0.1,0.1,0.1,0.1
2026.7,0.1,0.1,0.1,0.1
2041.6,0.1,0.1,0.1,0.1
2649.4,0.1,0.2,0.2,0.2
2026.4,0.2,0.1,0.1,0.1
2041.3,0.1,0.1,0.2,0.1
2030.2,0.2,0.1,0.2,0.1
2046,0.2,0.1,0.1,0.2
2025.4,0.1,0.2,0.2,0.1
2040.3,0.1,0.2,0.2,0.2
2575,0.1,0.1,0.2,0.1
2027.6,0.1,0.1,0.1,0.1
2027.4,0.1,0.2,0.2,0.2
2024.4,0.2,0.1,0.2,0.2
2028.6,0.1,0.1,0.1,0.2
2025.5,0.1,0.1,0.1,0.2
2040.1,0.2,0.1,0.1,0.1
2027.6,0.2,0.1,0.1,0.2
2050,0.1,0.1,0.1,0.2
2026.9,0.1,0.1,0.1,0.1
2028.7,0.2,0.2,0.2,0.2
2027.2,0.2,0.1,0.1,0.1
2038.5,0.1,0.2,0.2,0.1
2041.2,0.1,0.2,0.1,0.2
2055.3,0.1,0.1,0.1,0.1
2028.1,0.1,0.2,0.1,0.2
2047.4,0.2,0.1,0.1,0.1
2724.9,0.1,0.1,0.1,0.2
2027.3,0.1,0.1,0.1,0.2
2030.9,0.1,0.2,0.2,0.1
2025,0.1,0.2,0.1,0.1
2039.8,0.2,0.1,0.2,0.1
2699.4,0.1,0.1,0.2,0.1
2030.7,0.1,0.1,0.1,0.1
2025.5,0.1,0.2,0.2,0.1
2024.5,0.1,0.1,0.1,0.1
2044.9,0.2,0.2,0.1,0.1
2537.3,0.1,0.1,0.1,0.2
2024.6,0.1,0.2,0.2,0.2
2044.9,0.1,0.1,0.1,0.2
2024.8,0.1,0.1,0.2,0.1
2038.8,0.1,0.1,0.2,0.1
2684.6,0.1,0.1,0.1,0.1
2029.4,0.1,0.2,0.2,0.2
2070.9,0.1,0.2,0.2,0.1
2029.7,0.1,0.1,0.2,0.3
2026.9,0.2,0.1,0.1,0.2
2559.3,0.2,0.1,0.1,0.1
2025.6,0.1,0.1,0.2,0.1
2026.5,0.1,0.1,0.2,0.1
2041.3,0.1,0.1,0.1,0.2
2044.3,0.1,0.1,0.2,0.1
2029.2,0.1,0.1,0.1,0.1
2052.8,0.1,0.1,0.1,0.1
2041.6,0.1,0.2,0.2,0.1
2535.9,0.1,0.2,0.1,0.2
2052.3,0.1,0.1,0.1,0.2
2036.3,0.1,0.1,0.1,0.1
2057.6,0.2,0.1,0.2,0.2
2056,0.1,0.1,0.2,0.1
2051.1,0.1,0.1,0.1,0.1
2064.2,0.2,0.1,0.1,0.1
2412.7,0.1,0.2,0.2,0.2
2032.9,0.1,0.1,0.1,0.2
2031.6,0.1,0.1,0.1,0.1
2026,0.1,0.2,0.2,0.1
2027.3,0.2,0.1,0.1,0.1
2044,0.1,0.2,0.1,0.2
2037,0.1,0.1,0.1,0.2
2034.9,0.1,0.2,0.1,0.2
2562.2,0.1,0.1,0.2,0.1
2034.8,0.2,0.2,0.2,0.2
2068.8,0.1,0.1,0.1,0.1
2026.2,0.1,0.1,0.1,0.1
2036.2,0.1,0.2,0.2,0.2
2592.8,0.1,0.1,0.1,0.1
2041,0.1,0.1,0.2,0.2
2047.5,0.1,0.1,0.1,0.1
2050.3,0.1,0.1,0.1,0.1
2046.9,0.1,0.2,0.2,0.1
2562.2,0.1,0.2,0.2,0.1
2031.1,0.2,0.1,0.1,0.1
2045.9,0.1,0.2,0.2,0.2
2023.2,0.1,0.2,0.1,0.2
2076,0.1,0.1,0.1,0.1
