0,0.1,0.1,0.1,0.2
0,0.1,0.1,0.2,0.1
0,0.1,0.1,0.1,0.2
0,0.1,0.2,0.1,0.1
0,0.1,0.2,0.1,0.1
0,0.1,0.1,0.1,0.1
0,0.1,0.1,0.1,0.1
0,0.1,0.1,0.1,0.1
0,0.1,0.1,0.1,0.1
0,0.2,0.2,0.1,0.1
0,0.1,0.1,0.2,0.1
0,0.2,0.2,0.1,0.1
0,0.2,0.1,0.2,0.2
0,0.1,0.1,0.2,0.1
0,0.1,0.1,0.1,0.1
0,0.1,0.1,0.2,0.1
0,0.1,0.1,0.2,0.1
0,0.2,0.2,0.1,0.1
0,0.1,0.1,0.1,0.1
0,0.1,0.2,0.1,0.1
0,0.1,0.2,0.2,0.1
0,0.1,0.1,0.2,0.1
0,0.1,0.1,0.1,0.1
0,0.1,0.1,0.2,0.3
0,0.1,0.1,0.2,0.1
0,0.1,0.1,0.2,0.1
0,0.1,0.1,0.1,0.2
0,0.1,0.2,0.2,0.1
0,0.1,0.1,0.1,0.1
0,0.1,0.2,0.1,0.1
0,0.2,0.2,0.2,0.1
0,0.1,0.1,0.1,0.1
0,0.1,0.1,0.1,0.2
0,0.1,0.1,0.1,0.1
0,0.1,0.1,0.1,0.1
0,0.1,0.2,0.1,0.1
0,0.1,0.1,0.2,0.1
0,0.2,0.1,0.2,0.1
0,0.1,0.1,0.1,0.1
0,0.2,0.1,0.1,0.1
0,0.1,0.2,0.1,0.1
0,0.1,0.1,0.2,0.1
0,0.2,0.1,0.1,0.2
0,0.1,0.1,0.2,0.1
0,0.2,0.1,0.1,0.1
0,0.1,0.1,0.1,0.1
0,0.1,0.1,0.2,0.1
0,0.1,0.2,0.2,0.1
0,0.1,0.1,0.2,0.1
0,0.1,0.1,0.1,0.2
0,0.1,0.1,0.1,0.1
0,0.2,0.1,0.2,0.1
0,0.1,0.1,0.2,0.1
0,0.1,0.1,0.1,0.1
0,0.1,0.1,0.1,0.2
0,0.1,0.1,0.1,0.1
0,0.1,0.1,0.1,0.1
0,0.1,0.1,0.1,0.1
0,0.1,0.2,0.1,0.1
0,0.1,0.2,0.1,0.1
0,0.1,0.1,0.1,0.2
0,0.1,0.1,0.2,0.2
0,0.1,0.2,0.1,0.1
0,0.2,0.1,0.2,0.1
0,0.1,0.1,0.2,0.2
0,0.1,0.1,0.3,0.2
0,0.1,0.1,0.1,0.1
0,0.1,0.2,0.1,0.1
0,0.1,0.1,0.2,0.1
0,0.2,0.2,0.1,0.1
0,0.1,0.1,0.1,0.1
0,0.1,0.1,0.2,0.1
0,0.2,0.1,0.4,0.2
0,0.2,0.2,0.2,0.2
0,0.2,0.2,0.5,0.2
0,0.1,0.1,0.2,0.1
0,0.1,0.2,0.2,0.1
0,0.2,0.2,0.1,0.2
0,0.1,0.2,0.2,0.1
0,0.1,0.1,0.2,0.1
0,0.1,0.1,0.2,0.1
0,0.1,0.2,0.1,0.1
0,0.1,0.2,0.1,0.1
0,0.1,0.2,0.1,0.1
0,0.2,0.2,0.2,0.1
0,0.1,0.2,0.1,0.1
0,0.1,0.1,0.2,0.1
0,0.1,0.2,0.1,0.1
0,0.2,0.1,0.2,0.1
0,0.2,0.1,0.2,0.1
0,0.2,0.1,0.2,0.1
0,0.1,0.1,0.1,0.2
0,0.1,0.1,0.2,0.1
0,0.1,0.2,0.1,0.1
0,0.1,0.1,0.1,0.1
0,0.1,0.1,0.1,0.2
0,0.1,0.1,0.1,0.2
0,0.1,0.1,0.2,0.1
0,0.1,0.1,0.2,0.1
0,0.2,0.1,0.2,0.2
0,0.3,0.2,0.3,0.2
0,0.1,0.2,0.2,0.1
0,0.2,0.1,0.2,0.1
0,0.1,0.1,0.1,0.2
0,0.1,0.1,0.1,0.2
0,0.1,0.1,0.1,0.2
0,0.1,0.1,0.1,0.2
0,0.1,0.1,0.1,0.1
0,0.1,0.1,0.2,0.1
0,0.1,0.1,0.1,0.1
0,0.2,0.1,0.1,0.2
0,0.1,0.1,0.1,0.1
0,0.2,0.1,0.2,0.1
0,0.1,0.1,0.1,0.2
0,0.1,0.1,0.1,0.1
0,0.1,0.1,0.1,0.1
0,0.1,0.1,0.1,0.2
0,0.1,0.1,0.1,0.2
0,0.1,0.1,0.2,0.1
0,0.1,0.1,0.1,0.1
0,0.1,0.1,0.1,0.2
0,0.1,0.1,0.1,0.2
0,0.1,0.1,0.1,0.1
0,0.1,0.1,0.1,0.1
0,0.1,0.1,0.1,0.1
0,0.1,0.1,0.1,0.2
0,0.1,0.1,0.2,0.1
0,0.1,0.2,0.1,0.1
0,0.1,0.2,0.2,0.1
0,0.1,0.1,0.1,0.2
0,0.1,0.2,0.1,0.1
0,0.2,0.2,0.2,0.2
0,0.1,0.2,0.1,0.1
0,0.1,0.1,0.2,0.1
0,0.2,0.2,0.1,0.1
0,0.2,0.1,0.1,0.2
0,0.2,0.1,0.2,0.1
0,0.2,0.2,0.1,0.1
0,0.1,0.1,0.2,0.1
0,0.1,0.1,0.2,0.1
0,0.1,0.2,0.1,0.1
0,0.1,0.1,0.1,0.1
0,0.1,0.1,0.1,0.1
0,0.1,0.2,0.1,0.1
0,0.1,0.2,0.1,0.1
0,0.1,0.1,0.1,0.1
0,0.1,0.1,0.1,0.2
0,0.1,0.1,0.2,0.1
0,0.2,0.1,0.1,0.1
0,0.1,0.1,0.1,0.2
0,0.2,0.1,0.2,0.1
0,0.1,0.1,0.2,0.1
0,0.2,0.1,0.1,0.1
0,0.1,0.1,0.1,0.1
0,0.1,0.1,0.1,0.1
0,0.2,0.2,0.1,0.1
0,0.1,0.2,0.2,0.1
0,0.1,0.1,0.1,0.1
0,0.1,0.1,0.1,0.1
0,0.1,0.2,0.1,0.1
0,0.1,0.2,0.1,0.1
0,0.2,0.1,0.2,0.1
0,0.1,0.1,0.1,0.2
0,0.1,0.1,0.1,0.1
0,0.1,0.1,0.2,0.1
0,0.1,0.1,0.1,0.1
0,0.1,0.1,0.2,0.1
0,0.1,0.1,0.1,0.1
0,0.2,0.1,0.2,0.1
0,0.2,0.1,0.1,0.1
0,0.2,0.1,0.2,0.1
0,0.1,0.1,0.1,0.1
0,0.1,0.1,0.2,0.1
0,0.2,0.1,0.2,0.1
0,0.1,0.2,0.1,0.1
0,0.1,0.1,0.2,0.1
0,0.1,0.1,0.1,0.1
0,0.1,0.1,0.1,0.1
0,0.3,0.3,0.3,0.3
0,0.2,0.2,0.2,0.1
0,0.1,0.1,0.2,0.1
0,0.1,0.1,0.1,0.1
0,0.1,0.1,0.2,0.1
0,0.1,0.1,0.1,0.1
0,0.1,0.2,0.1,0.1
0,0.1,0.1,0.2,0.2
0,0.1,0.1,0.1,0.1
0,0.1,0.1,0.1,0.1
0,0.1,0.1,0.2,0.1
0,0.2,0.2,0.2,0.3
0,0.1,0.1,0.2,0.1
0,0.1,0.1,0.2,0.1
0,0.1,0.1,0.1,0.1
0,0.1,0.1,0.1,0.1
0,0.1,0.1,0.1,0.1
0,0.1,0.1,0.1,0.2
0,0.1,0.1,0.2,0.2
0,0.1,0.1,0.2,0.2
0,0.2,0.1,0.2,0.1
0,0.2,0.1,0.1,0.1
0,0.1,0.1,0.2,0.1
0,0.1,0.2,0.1,0.1
0,0.1,0.1,0.1,0.1
0,0.1,0.1,0.1,0.2
0,0.1,0.2,0.1,0.1
0,0.1,0.1,0.1,0.1
0,0.1,0.1,0.1,0.1
0,0.1,0.1,0.3,0.1
0,0.2,0.1,0.1,0.2
0,0.1,0.2,0.1,0.1
0,0.1,0.2,0.1,0.1
0,0.1,0.1,0.1,0.1
0,0.1,0.1,0.1,0.1
0,0.1,0.1,0.2,0.1
0,0.1,0.1,0.2,0.1
0,0.1,0.1,0.1,0.1
0,0.1,0.1,0.1,0.1
0,0.1,0.1,0.2,0.1
0,0.1,0.2,0.1,0.1
0,0.1,0.1,0.2,0.1
0,0.1,0.1,0.2,0.1
0,0.2,0.2,0.2,0.1
0,0.1,0.1,0.2,0.1
0,0.2,0.1,0.2,0.1
0,0.1,0.1,0.1,0.2
0,0.1,0.1,0.2,0.1
0,0.1,0.1,0.2,0.1
0,0.1,0.1,0.2,0.1
0,0.1,0.1,0.1,0.1
0,0.1,0.2,0.1,0.1
0,0.1,0.1,0.1,0.2
0,0.1,0.1,0.1,0.1
0,0.1,0.1,0.2,0.1
0,0.1,0.2,0.1,0.1
0,0.1,0.1,0.1,0.1
0,0.2,0.1,0.2,0.1
0,0.2,0.1,0.1,0.2
0,0.1,0.1,0.2,0.1
0,0.1,0.1,0.1,0.1
0,0.2,0.1,0.1,0.1
0,0.1,0.1,0.2,0.1
0,0.1,0.2,0.2,0.1
0,0.1,0.1,0.1,0.2
0,0.2,0.1,0.2,0.1
0,0.1,0.1,0.2,0.1
0,0.1,0.1,0.1,0.2
0,0.1,0.2,0.1,0.1
0,0.1,0.1,0.2,0.1
0,0.1,0.1,0.1,0.2
0,0.1,0.2,0.2,0.1
0,0.1,0.1,0.2,0.1
0,0.1,0.1,0.1,0.1
0,0.1,0.1,0.2,0.1
0,0.2,0.1,0.1,0.1
0,0.2,0.2,0.2,0.1
0,0.2,0.2,0.1,0.1
0,0.1,0.2,0.2,0.1
0,0.1,0.1,0.1,0.2
0,0.2,0.1,0.1,0.1
0,0.1,0.1,0.2,0.1
0,0.1,0.1,0.1,0.2
0,0.1,0.1,0.1,0.1
0,0.1,0.1,0.2,0.1
0,0.2,0.1,0.2,0.1
0,0.3,0.3,0.4,0.8
0,0.1,0.2,0.3,0.1
0,0.2,0.2,0.2,0.2
0,0.2,0.3,0.2,0.2
0,0.1,0.2,0.2,0.2
0,0.1,0.2,0.2,0.1
0,0.1,0.1,0.2,0.1
0,0.3,0.3,0.3,0.2
0,0.1,0.2,0.1,0.1
0,0.1,0.1,0.2,0.1
0,0.1,0.1,0.1,0.1
0,0.1,0.1,0.1,0.2
0,0.1,0.2,0.1,0.1
0,0.1,0.1,0.2,0.1
0,0.2,0.1,0.1,0.1
0,0.2,0.1,0.1,0.2
0,0.2,0.2,0.2,0.3
0,0.2,0.1,0.1,0.1
0,0.2,0.1,0.2,0.1
0,0.3,0.2,0.3,0.3
0,0.1,0.1,0.2,0.1
0,0.1,0.1,0.2,0.1
0,0.1,0.2,0.2,0.1
0,0.2,0.2,0.2,0.2
0,0.1,0.2,0.2,0.1
0,0.1,0.2,0.1,0.1
0,0.2,0.1,0.1,0.2
0,0.1,0.1,0.1,0.1
0,0.1,0.1,0.2,0.1
0,0.1,0.1,0.2,0.1
0,0.4,0.3,0.3,0.3
0,0.2,0.2,0.1,0.1
0,0.1,0.2,0.2,0.1
0,0.2,0.2,0.4,0.3
0,0.3,0.3,0.3,0.3
0,0.1,0.2,0.2,0.1
0,0.1,0.1,0.2,0.2
0,0.1,0.2,0.1,0.1
0,0.1,0.2,0.2,0.1
0,0.1,0.1,0.2,0.2
0,0.2,0.2,0.2,0.1
0,0.2,0.1,0.2,0.2
0,0.1,0.2,0.1,0.1
0,0.1,0.2,0.2,0.1
0,0.1,0.1,0.1,0.2
0,0.2,0.1,0.2,0.1
0,0.1,0.1,0.1,0.1
0,0.5,0.4,0.5,0.4
0,0.3,0.3,0.3,0.3
0,0.1,0.1,0.1,0.1
0,0.1,0.1,0.2,0.2
0,0.2,0.1,0.2,0.1
0,0.1,0.1,0.2,0.1
0,0.2,0.1,0.1,0.2
0,0.1,0.1,0.1,0.2
0,0.2,0.1,0.2,0.1
0,0.1,0.1,0.1,0.2
0,0.2,0.1,0.1,0.1
0,0.1,0.1,0.2,0.1
0,0.1,0.1,0.2,0.2
0,0.1,0.2,0.1,0.1
0,0.1,0.1,0.2,0.1
0,0.1,0.1,0.2,0.1
0,0.1,0.1,0.1,0.2
0,0.1,0.1,0.1,0.1
0,0.1,0.1,0.1,0.1
0,0.1,0.2,0.1,0.1
0,0.1,0.2,0.1,0.1
0,0.2,0.1,0.2,0.2
0,0.1,0.1,0.1,0.1
0,0.1,0.1,0.1,0.1
0,0.1,0.1,0.1,0.1
0,0.2,0.1,0.2,0.1
0,0.1,0.1,0.1,0.1
0,0.1,0.1,0.1,0.1
0,0.1,0.2,0.1,0.1
0,0.2,0.1,0.2,0.1
0,0.1,0.2,0.1,0.1
0,0.1,0.1,0.2,0.1
0,0.2,0.1,0.1,0.1
0,0.1,0.1,0.1,0.1
0,0.2,0.1,0.2,0.2
0,0.1,0.1,0.1,0.1
0,0.1,0.2,0.1,0.1
0,0.1,0.2,0.1,0.1
0,0.1,0.1,0.1,0.2
0,0.1,0.1,0.1,0.1
0,0.1,0.1,0.2,0.1
0,0.1,0.1,0.2,0.1
0,0.1,0.1,0.1,0.1
0,0.1,0.1,0.1,0.1
0,0.1,0.1,0.2,0.1
0,0.1,0.1,0.2,0.1
0,0.1,0.2,0.2,0.2
0,0.1,0.1,0.1,0.2
0,0.2,0.2,0.2,0.1
0,0.1,0.2,0.2,0.1
0,0.1,0.1,0.2,0.1
0,0.1,0.1,0.2,0.1
0,0.1,0.1,0.2,0.1
0,0.2,0.3,0.3,0.2
0,0.1,0.1,0.1,0.1
0,0.1,0.1,0.1,0.1
0,0.1,0.1,0.1,0.1
0,0.1,0.1,0.2,0.1
0,0.1,0.2,0.2,0.1
0,0.1,0.1,0.2,0.1
0,0.1,0.1,0.1,0.2
0,0.2,0.1,0.1,0.2
0,0.1,0.1,0.2,0.1
0,0.1,0.1,0.1,0.2
0,0.1,0.1,0.1,0.1
0,0.1,0.1,0.2,0.1
0,0.2,0.2,0.2,0.1
0,0.1,0.1,0.1,0.2
0,0.1,0.2,0.1,0.1
0,0.1,0.2,0.1,0.1
0,0.1,0.2,0.1,0.1
0,0.2,0.1,0.1,0.1
0,0.4,0.1,0.2,0.1
0,0.1,0.1,0.2,0.1
0,0.1,0.1,0.1,0.1
0,0.1,0.1,0.2,0.1
0,0.2,0.1,0.1,0.1
0,0.2,0.1,0.2,0.1
0,0.1,0.1,0.2,0.1
0,0.1,0.2,0.1,0.1
0,0.1,0.2,0.1,0.1
0,0.1,0.2,0.1,0.1
0,0.1,0.1,0.1,0.2
0,0.1,0.1,0.2,0.1
0,0.1,0.1,0.2,0.1
0,0.1,0.1,0.1,0.1
0,0.1,0.1,0.1,0.1
0,0.1,0.1,0.2,0.1
0,0.1,0.1,0.2,0.1
0,0.1,0.1,0.1,0.1
0,0.1,0.1,10.3,0.1
0,0.1,0.1,0.2,0.1
0,0.1,0.1,0.2,0.1
0,0.2,0.1,0.1,0.1
0,0.1,0.2,0.3,0.1
0,0.1,0.1,0.2,0.1
0,0.2,0.2,0.3,0.1
0,0.2,0.4,0.1,0.1
0,0.1,0.1,0.2,0.1
0,0.1,0.1,0.1,0.1
0,0.2,0.1,0.2,0.1
0,0.1,0.1,0.2,0.1
0,0.2,0.1,0.2,0.1
0,0.1,0.1,0.2,0.1
0,0.1,0.2,0.2,0.1
0,0.1,0.2,0.2,0.2
0,0.1,0.1,0.2,0.2
0,0.2,0.1,0.2,0.1
0,0.1,0.1,0.1,0.1
0,0.1,0.1,0.2,0.1
0,0.1,0.1,0.1,0.2
0,0.1,0.1,0.1,0.2
0,0.1,0.1,0.1,0.2
0,0.1,0.1,0.1,0.1
0,0.1,0.2,0.1,0.1
0,0.2,0.1,0.1,0.2
0,0.1,0.1,0.1,0.2
0,0.1,0.2,0.1,0.1
0,0.1,0.1,0.2,0.1
0,0.1,0.1,0.2,0.1
0,0.2,0.1,0.2,0.1
0,0.1,0.1,0.1,0.1
0,0.1,0.1,0.1,0.1
0,0.1,0.1,0.2,0.2
0,0.1,0.1,0.1,0.2
0,0.1,0.1,0.1,0.2
0,0.1,0.1,0.2,0.2
0,0.2,0.1,0.3,0.1
0,0.1,0.1,0.2,0.1
0,0.1,0.1,0.1,0.1
0,0.1,0.1,0.1,0.1
0,0.1,0.1,0.2,0.1
0,0.2,0.1,0.1,0.2
0,0.1,0.2,0.1,0.1
0,0.2,0.1,0.2,0.1
0,0.2,0.1,0.1,0.2
0,0.1,0.2,0.1,0.1
0,0.1,0.1,0.2,0.1
0,0.1,0.1,0.2,0.1
0,0.1,0.1,0.2,0.2
0,0.1,0.1,0.1,0.1
0,0.1,0.1,0.2,0.1
0,0.2,0.1,0.2,0.1
0,0.1,0.1,0.1,0.1
0,0.1,0.1,0.2,0.2
0,0.1,0.1,0.2,0.1
0,0.1,0.1,0.2,0.1
0,0.2,0.1,0.1,0.1
0,0.1,0.1,0.2,0.1
0,0.1,0.1,0.1,0.1
0,0.1,0.1,0.2,0.1
0,0.2,0.1,0.2,0.1
0,0.1,0.1,0.2,0.1
0,0.2,0.1,0.1,0.1
0,0.2,0.1,0.2,0.1
0,0.1,0.1,0.2,0.1
0,0.2,0.2,0.1,0.1
0,0.2,0.2,0.2,0.1
0,0.1,0.1,0.1,0.1
0,0.2,0.2,0.1,0.1
0,0.2,0.2,0.1,0.1
0,0.1,0.1,0.1,0.2
0,0.1,0.1,0.2,0.1
0,0.2,0.2,0.2,0.1
0,0.1,0.1,0.1,0.2
0,0.1,0.1,0.1,0.2
0,0.1,0.1,0.2,0.2
0,0.2,0.1,0.1,0.2
0,0.2,0.1,0.1,0.2
0,0.2,0.1,0.1,0.2
0,0.1,0.1,0.1,0.1
0,0.1,0.1,0.1,0.1
0,0.2,0.1,0.1,0.1
0,0.2,0.1,0.2,0.1
0,0.1,0.2,0.2,0.1
0,0.1,0.1,0.1,0.2
0,0.1,0.1,0.2,0.2
0,0.1,0.1,0.2,0.2
0,0.1,0.1,0.2,0.1
0,0.2,0.1,0.2,0.2
0,0.1,0.1,0.2,0.1
0,0.1,0.1,0.1,0.1
0,0.2,0.2,0.3,0.3
0,0.2,0.1,0.2,0.1
0,0.1,0.1,0.2,0.1
0,0.2,0.2,0.1,0.1
0,0.1,0.1,0.2,0.1
0,0.1,0.2,0.2,0.1
0,0.1,0.1,0.2,0.1
0,0.2,0.1,0.1,0.1
0,0.1,0.1,0.1,0.2
0,0.1,0.2,0.2,0.1
0,0.1,0.1,0.1,0.1
0,0.2,0.1,0.2,0.1
0,0.1,0.2,0.2,0.1
0,0.1,0.1,0.2,0.2
0,0.1,0.1,0.2,0.1
0,0.1,0.2,0.2,0.1
0,0.1,0.1,0.2,0.1
0,0.1,0.2,0.1,0.1
0,0.2,0.1,0.2,0.1
0,0.1,0.1,0.2,0.3
0,0.1,0.2,0.1,0.1
0,0.2,0.1,0.4,0.2
0,0.2,0.2,0.1,0.2
0,0.1,0.2,0.2,0.1
0,0.1,0.2,0.1,0.2
0,0.1,0.1,0.2,0.1
0,0.1,0.2,0.2,0.1
0,0.1,0.1,0.2,0.1
0,0.2,0.3,0.3,0.3
0,0.2,0.1,0.1,0.2
0,0.2,0.1,0.1,0.1
0,0.1,0.1,0.2,0.2
0,0.1,0.2,0.2,0.1
0,0.2,0.3,0.3,0.4
0,0.2,0.2,0.2,0.2
0,0.2,0.1,0.3,0.2
0,0.3,0.3,0.3,0.3
0,0.1,0.1,0.2,0.1
0,0.1,0.1,0.2,0.1
0,0.2,0.1,0.3,0.1
0,0.2,0.1,0.2,0.1
0,0.1,0.1,0.2,0.2
0,0.1,0.1,0.2,0.1
0,0.1,0.1,0.1,0.2
0,0.2,0.1,0.2,0.1
0,0.1,0.1,0.1,0.1
0,1,0.2,0.2,0.7
0,0.1,0.1,0.3,0.1
0,0.1,0.1,10.4,0.1
0,0.2,0.1,0.2,0.2
0,0.2,0.2,0.3,0.2
0,0.2,0.1,0.2,0.2
0,0.2,0.1,0.2,0.2
0,0.1,0.1,0.2,0.1
0,0.2,0.2,0.1,0.1
0,0.1,0.1,0.2,0.1
0,0.1,0.1,0.2,0.1
0,0.3,0.3,0.3,0.3
0,0.1,0.1,0.2,0.1
0,0.1,0.1,0.2,0.1
0,0.2,0.1,0.1,0.2
0,0.1,0.1,0.2,0.2
0,0.1,0.1,0.1,0.1
0,0.1,0.1,0.2,0.2
0,0.2,0.2,0.3,0.1
0,0.2,0.1,0.2,0.2
0,0.1,0.1,0.2,0.2
0,0.1,0.1,0.1,0.1
0,0.1,0.1,0.2,0.2
0,0.3,0.3,0.2,0.3
0,0.1,0.1,0.1,0.2
0,0.2,0.2,0.2,0.1
0,0.2,0.2,0.1,0.2
0,0.3,0.3,0.2,0.3
0,0.2,0.1,0.1,0.1
0,0.1,0.1,0.2,0.2
0,0.1,0.1,0.2,0.2
0,0.1,0.1,0.2,0.2
0,0.1,0.1,0.2,0.1
0,0.1,0.1,0.2,0.2
0,0.1,0.2,0.2,0.1
0,0.1,0.1,0.2,0.1
0,0.1,0.1,0.2,0.1
0,0.2,0.1,0.1,0.2
0,0.2,0.1,0.2,0.2
0,0.2,0.1,0.1,0.1
0,0.1,0.1,0.2,0.1
0,0.1,0.1,0.2,0.2
0,0.1,0.1,0.1,0.1
0,0.1,0.2,0.2,0.2
0,0.1,0.2,0.2,0.1
0,0.1,0.1,0.1,0.2
0,0.1,0.1,0.2,0.1
0,0.1,0.2,0.1,0.1
0,0.1,0.2,0.1,0.1
0,0.1,0.1,0.2,0.2
0,0.1,0.1,0.2,0.1
0,0.1,0.1,0.1,0.1
0,0.1,0.2,0.1,0.1
0,0.2,0.2,0.6,0.2
0,0.4,0.3,0.3,0.4
0,0.1,0.1,0.1,0.2
0,0.1,0.1,0.2,0.1
0,0.2,0.2,0.2,0.2
0,0.1,0.1,0.1,0.1
0,0.1,0.1,0.1,0.2
0,0.1,0.2,0.1,0.1
0,0.1,0.1,0.2,0.1
0,0.1,0.1,0.1,0.2
0,0.1,0.1,0.2,0.1
0,0.2,0.1,0.2,0.3
0,0.1,0.2,0.2,0.1
0,0.1,0.1,0.2,0.1
0,0.1,0.1,0.1,0.1
0,0.2,0.1,0.1,0.1
0,0.1,0.1,0.1,0.1
0,0.1,0.1,0.2,0.1
0,0.1,0.1,0.1,0.1
0,0.1,0.1,0.1,0.1
0,0.2,0.2,0.1,0.1
0,0.1,0.1,0.2,0.1
0,0.1,0.1,0.2,0.1
0,0.1,0.1,0.2,0.1
0,0.1,0.2,0.1,0.1
0,0.1,0.1,0.1,0.1
0,0.2,0.1,0.1,0.1
0,0.1,0.1,0.2,0.2
0,0.1,0.1,0.1,0.1
0,0.1,0.1,0.1,0.2
0,0.1,0.1,0.2,0.1
0,0.1,0.1,0.1,0.2
0,0.1,0.2,0.2,0.1
0,0.1,0.1,0.2,0.1
0,0.1,0.1,0.1,0.1
0,0.1,0.2,0.1,0.1
0,0.1,0.1,0.1,0.1
0,0.1,0.1,0.2,0.2
0,0.1,0.1,0.1,0.1
0,0.1,0.1,0.1,0.2
0,0.1,0.1,0.2,0.1
0,0.1,0.1,0.2,0.1
0,0.1,0.2,0.1,0.1
0,0.1,0.1,0.1,0.1
0,0.1,0.2,0.1,0.1
0,0.1,0.1,0.1,0.1
0,0.1,0.1,0.2,0.1
0,0.2,0.2,0.1,0.1
0,0.1,0.1,0.1,0.1
0,0.1,0.1,0.2,0.1
0,0.1,0.1,0.2,0.1
0,0.1,0.1,0.2,0.1
0,0.1,0.2,0.2,0.1
0,0.1,0.1,0.2,0.2
0,0.1,0.1,0.1,0.2
0,0.1,0.1,0.1,0.2
0,0.2,0.1,0.2,0.1
0,0.1,0.1,0.2,0.1
0,0.2,0.2,0.2,0.2
0,0.1,0.1,0.1,0.2
0,0.2,0.1,0.2,0.1
0,0.1,0.1,0.1,0.1
0,0.1,0.1,0.1,0.1
0,0.1,0.1,0.2,0.2
0,0.1,0.1,0.2,0.1
0,0.2,0.1,0.1,0.2
0,0.1,0.1,0.1,0.1
0,0.2,0.1,0.2,0.1
0,0.1,0.1,0.2,0.1
0,0.1,0.1,0.2,0.1
0,0.1,0.1,0.2,0.2
0,0.1,0.1,0.2,0.1
0,0.1,0.1,0.1,0.1
0,0.1,0.1,0.1,0.1
0,0.1,0.2,0.1,0.1
0,0.1,0.1,0.1,0.2
0,0.2,0.1,0.1,0.2
0,0.1,0.1,0.1,0.2
0,0.1,0.1,0.1,0.1
0,0.1,0.2,0.1,0.1
0,0.1,0.1,0.2,0.1
0,0.1,0.1,0.1,0.1
0,0.1,0.1,0.2,0.2
0,0.1,0.2,0.1,0.1
0,0.2,0.1,0.1,0.1
0,0.2,0.2,0.2,0.2
0,0.1,0.1,0.2,0.1
0,0.1,0.1,0.1,0.1
0,0.1,0.1,0.2,0.1
0,0.1,0.1,0.1,0.1
0,0.2,0.2,0.2,0.1
0,0.1,0.1,0.2,0.1
0,0.1,0.1,0.1,0.1
0,0.1,0.2,0.1,0.1
0,0.1,0.1,0.1,0.1
0,0.1,0.1,0.2,0.1
0,0.1,0.1,0.2,0.1
0,0.1,0.1,0.1,0.1
0,0.1,0.1,0.1,0.1
0,0.2,0.1,0.2,0.1
0,0.1,0.1,0.1,0.1
0,0.1,0.1,0.1,0.2
0,0.1,0.1,0.2,0.1
0,0.1,0.1,0.2,0.2
0,0.1,0.1,0.1,0.1
0,0.1,0.2,0.2,0.1
0,0.1,0.1,0.1,0.1
0,0.1,0.1,0.1,0.1
0,0.1,0.1,0.2,0.1
0,0.1,0.1,0.1,0.1
0,0.1,0.2,0.1,0.1
0,0.1,0.2,0.1,0.1
0,0.1,0.2,0.1,0.1
0,0.2,0.1,0.1,0.2
0,0.1,0.1,0.2,0.1
0,0.1,0.1,0.1,0.2
0,0.1,0.1,0.1,0.2
0,0.1,0.1,0.1,0.1
0,0.1,0.1,0.1,0.2
0,0.1,0.1,0.1,0.1
0,0.1,0.2,0.1,0.1
0,0.1,0.1,0.2,0.2
0,0.1,0.1,0.1,0.1
0,0.2,0.1,0.2,0.1
0,0.1,0.1,0.2,0.1
0,0.1,0.1,0.2,0.1
0,0.1,0.1,0.2,0.1
0,0.1,0.2,0.2,0.1
0,0.1,0.1,0.2,0.1
0,0.2,0.1,0.1,0.1
0,0.2,0.1,0.2,0.1
0,0.1,0.1,0.1,0.1
0,0.1,0.1,0.1,0.1
0,0.1,0.1,0.1,0.1
0,0.1,0.1,0.1,0.1
0,0.2,0.1,0.1,0.1
0,0.1,0.1,0.1,0.1
0,0.1,0.1,0.2,0.1
0,0.1,0.1,0.2,0.2
0,0.1,0.1,0.2,0.1
0,0.1,0.2,0.1,0.1
0,0.1,0.1,0.2,0.1
0,0.1,0.1,0.2,0.2
0,0.1,0.1,0.2,0.1
0,0.1,0.1,0.1,0.1
0,0.2,0.1,0.1,0.2
0,0.2,0.1,0.2,0.1
0,0.2,0.1,0.1,0.2
0,0.1,0.1,0.2,0.1
0,0.1,0.1,0.1,0.1
0,0.1,0.1,0.2,0.1
0,0.1,0.1,0.1,0.1
0,0.2,0.2,0.1,0.1
0,0.2,0.1,0.2,0.1
0,0.1,0.1,0.1,0.1
0,0.1,0.2,0.1,0.1
0,0.1,0.2,0.2,0.1
0,0.1,0.1,0.2,0.1
0,0.1,0.2,0.1,0.1
0,0.1,0.1,0.2,0.1
0,0.1,0.1,0.2,0.1
0,0.1,0.1,0.1,0.2
0,0.1,0.1,0.2,0.1
0,0.1,0.1,0.1,0.1
0,0.1,0.1,0.2,0.1
0,0.1,0.1,0.2,0.1
0,0.1,0.2,0.1,0.1
0,0.1,0.2,0.1,0.1
0,0.1,0.1,0.1,0.1
0,0.2,0.1,0.2,0.2
0,0.2,0.1,0.2,0.1
0,0.1,0.1,0.1,0.1
0,0.2,0.2,0.1,0.1
0,0.1,0.1,0.1,0.2
0,0.2,0.1,0.1,0.1
0,0.1,0.1,0.1,0.1
0,0.2,0.2,0.3,0.2
0,0.1,0.1,0.1,0.2
0,0.2,0.1,0.4,0.2
0,0.1,0.1,0.1,0.2
0,0.1,0.1,0.5,0.1
0,0.2,0.2,0.1,0.1
0,0.1,0.1,0.2,0.1
0,0.1,0.1,0.1,0.2
0,0.1,0.1,0.1,0.2
0,0.1,0.1,0.1,0.1
0,0.1,0.1,0.1,0.2
0,0.1,0.1,0.1,0.2
0,0.1,0.1,0.2,0.1
0,0.2,0.2,0.3,0.2
0,0.3,0.3,0.5,0.3
0,0.1,0.1,0.2,0.1
0,0.1,0.1,0.2,0.1
0,0.1,0.2,0.2,0.3
0,0.1,0.1,0.1,0.2
0,0.2,0.2,0.2,0.1
0,0.1,0.1,0.2,0.1
0,0.2,0.1,0.1,0.2
0,0.1,0.2,0.2,0.1
0,0.1,0.1,0.1,0.1
0,0.2,0.1,0.2,0.1
0,0.2,0.1,0.1,0.1
0,0.1,0.1,0.2,0.1
0,0.1,0.1,0.2,0.1
0,0.1,0.2,0.2,0.1
0,0.2,0.1,0.2,0.1
0,0.1,0.1,0.2,0.2
0,0.2,0.2,0.1,0.1
0,0.1,0.1,0.3,0.1
0,0.1,0.2,0.1,0.1
0,0.1,0.1,0.1,0.1
0,0.2,0.2,0.1,0.1
0,0.1,0.2,0.1,0.1
0,0.1,0.2,0.1,0.1
0,0.1,0.2,0.1,0.2
0,0.1,0.1,0.2,0.1
0,0.1,0.1,0.1,0.1
0,0.1,0.1,0.1,0.2
0,0.1,0.1,0.1,0.1
0,0.1,0.1,0.2,0.1
0,0.1,0.1,0.1,0.1
0,0.1,0.1,0.2,0.1
0,0.1,0.1,0.2,0.1
0,0.1,0.2,0.2,0.2
0,0.1,0.1,0.3,0.2
0,0.1,0.2,0.1,0.1
0,0.1,0.1,0.1,0.2
0,0.1,0.1,0.2,0.1
0,0.1,0.1,0.2,0.1
0,0.1,0.2,0.1,0.1
0,0.1,0.1,0.2,0.2
0,0.2,0.1,0.2,0.1
0,0.1,0.2,0.1,0.1
0,0.1,0.1,0.1,0.2
0,0.1,0.2,0.1,0.1
0,0.1,0.1,0.3,0.1
0,0.1,0.1,0.2,0.1
0,1.1,0.2,0.3,0.2
0,0.1,0.1,0.1,0.2
0,0.1,0.1,0.1,0.1
0,0.1,0.1,0.2,0.2
0,0.1,0.1,0.2,0.2
0,0.1,0.1,0.1,0.1
0,0.3,0.2,0.4,0.3
0,0.1,0.1,0.1,0.1
0,0.1,0.1,0.3,0.1
0,0.1,0.1,0.2,0.2
0,0.1,0.1,0.1,0.1
0,0.2,0.1,0.2,0.1
0,0.1,0.1,0.2,0.1
0,0.1,0.2,0.2,0.1
0,0.1,0.1,0.2,0.1
0,0.1,0.1,0.1,0.2
0,0.2,0.1,0.1,0.1
0,0.2,0.2,0.2,0.1
0,0.1,0.1,0.2,0.2
0,0.1,0.1,0.1,0.1
0,0.1,0.1,0.2,0.1
0,0.1,0.1,0.1,0.1
0,0.1,0.1,0.1,0.1
0,0.2,0.1,0.2,0.1
0,0.2,0.1,0.2,0.1
0,0.2,0.1,0.2,0.2
0,0.1,0.1,0.2,0.2
0,0.2,0.2,0.2,0.1
0,0.2,0.2,0.2,0.1
0,0.1,0.1,0.1,0.2
0,0.1,0.1,0.2,0.1
0,0.2,0.1,0.1,0.2
0,0.2,0.1,0.1,0.1
0,0.1,0.2,0.2,0.1
0,0.1,0.1,0.2,0.1
0,0.1,0.1,0.1,0.2
0,0.2,0.1,0.2,0.1
0,0.1,0.1,0.1,0.2
0,0.1,0.1,0.1,0.1
0,0.1,0.1,0.2,0.1
0,0.2,0.1,0.1,0.2
0,0.1,0.1,0.2,0.1
0,0.2,0.2,0.2,0.2
0,0.1,0.1,0.2,0.1
0,0.2,0.2,0.2,0.1
0,0.1,0.1,0.1,0.2
0,0.1,0.1,0.1,0.2
0,0.1,0.2,0.1,0.2
0,0.1,0.1,0.2,0.2
0,0.2,0.1,0.2,0.1
0,0.1,0.1,0.3,0.1
0,0.1,0.2,0.2,0.1
0,1.1,1.1,1.2,1.2
0,0.3,0.2,1.1,0.3
0,0.1,0.2,0.2,0.2
0,0.1,0.1,0.2,0.1
0,0.2,0.1,0.3,0.1
0,0.1,0.1,0.2,0.1
0,0.1,0.1,0.2,0.1
0,0.1,0.1,0.2,0.2
0,0.2,0.1,0.1,0.1
0,0.1,0.1,0.1,0.2
0,0.1,0.1,0.2,0.1
0,0.2,0.2,0.1,0.1
0,0.1,0.1,0.1,0.1
0,0.1,0.1,0.2,0.1
0,0.1,0.1,0.1,0.1
0,0.1,0.1,0.1,0.1
0,0.1,0.1,0.1,0.1
0,0.1,0.1,0.1,0.2
0,0.1,0.1,0.2,0.1
0,0.1,0.1,0.1,0.1
0,0.1,0.1,0.2,0.1
0,0.1,0.1,0.2,0.1
0,0.2,0.1,0.2,0.1
0,0.2,0.2,0.1,0.1
0,0.1,0.1,0.1,0.1
0,0.1,0.1,0.1,0.1
0,0.1,0.1,0.1,0.1
0,0.2,0.1,0.2,0.1
0,0.2,0.1,0.2,0.1
0,0.2,0.1,0.1,0.1
0,0.1,0.1,0.1,0.1
0,0.1,0.2,0.1,0.1
0,0.1,0.1,0.1,0.2
0,0.1,0.1,0.2,0.1
0,0.1,0.2,0.1,0.1
0,0.1,0.2,0.1,0.1
0,0.1,0.1,0.1,0.1
0,0.1,0.1,0.2,0.2
0,0.1,0.2,0.1,0.1
0,0.1,0.2,0.2,0.1
0,0.1,0.1,0.1,0.1
0,0.2,0.1,0.2,0.1
0,0.1,0.1,0.1,0.2
0,0.1,0.1,0.1,0.1
0,0.1,0.1,0.2,0.2
0,0.1,0.1,0.2,0.1
0,0.1,0.1,0.1,0.2
0,0.1,0.1,0.2,0.1
0,0.2,0.2,0.3,0.1
0,0.1,0.1,0.1,0.1
0,0.1,0.1,0.1,0.1
0,0.1,0.2,0.1,0.1
0,0.1,0.1,0.2,0.1
0,0.1,0.1,0.2,0.1
0,0.1,0.1,0.2,0.1
0,0.1,0.2,0.1,0.1
0,0.1,0.1,0.2,0.1
0,0.2,0.1,0.1,0.1
0,0.1,0.1,0.2,0.1
0,0.1,0.1,0.1,0.2
0,0.1,0.1,0.2,0.1
0,0.1,0.1,0.1,0.2
0,0.1,0.1,0.2,0.1
0,0.1,0.2,0.2,0.1
0,0.1,0.1,0.2,0.1
0,0.1,0.1,0.2,0.1
0,0.1,0.1,0.2,0.1
0,0.1,0.1,0.1,0.1
0,0.1,0.1,0.2,0.1
0,0.1,0.1,0.1,0.1
0,0.3,0.2,0.3,0.3
0,0.2,0.1,0.2,0.1
0,0.1,0.1,0.1,0.2
0,0.1,0.1,0.2,0.1
0,0.1,0.2,0.1,0.1
0,0.1,0.1,0.1,0.1
0,0.1,0.1,0.2,0.2
0,0.1,0.1,0.2,0.2
0,0.1,0.1,0.1,0.2
0,0.1,0.1,0.2,0.2
0,0.1,0.1,0.1,0.1
0,0.1,0.1,0.2,0.1
0,0.1,0.1,0.1,0.1
0,0.1,0.1,0.1,0.2
0,0.1,0.2,0.1,0.1
0,0.1,0.2,0.1,0.1
0,0.1,0.1,0.1,0.1
0,0.1,0.2,0.2,0.1
0,0.1,0.2,0.1,0.1
0,0.1,0.1,0.1,0.1
0,0.1,0.1,0.2,0.1
0,0.1,0.1,0.2,0.1
0,0.1,0.1,0.2,0.1
0,0.1,0.1,0.1,0.1
0,0.1,0.1,0.1,0.2
0,0.1,0.1,0.2,0.1
0,0.1,0.2,0.2,0.1
0,0.2,0.2,0.2,0.1
0,0.2,0.1,0.1,0.2
0,0.1,0.1,0.1,0.1
0,0.1,0.1,0.1,0.1
0,0.2,0.1,0.3,0.1
0,0.1,0.2,0.2,0.1
0,0.1,0.1,0.1,0.2
0,0.1,0.1,0.1,0.1
0,0.1,0.1,0.1,0.2
0,0.1,0.1,0.1,0.1
0,0.1,0.1,0.1,0.1
0,0.2,0.1,0.1,0.1
0,0.1,0.1,0.2,0.2
0,0.1,0.1,0.1,0.2
0,0.2,0.1,0.2,0.1
0,0.2,0.1,0.2,0.2
0,0.1,0.1,0.1,0.2
0,0.1,0.1,0.1,0.2
0,0.2,0.1,0.2,0.1
0,0.2,0.1,0.2,0.2
0,0.1,0.1,0.2,0.2
0,0.1,0.1,0.2,0.1
0,0.1,0.1,0.1,0.1
0,0.1,0.1,0.1,0.1
0,0.1,0.1,0.2,0.1
0,0.1,0.1,0.2,0.1
0,0.1,0.1,0.1,0.1
0,0.1,0.1,0.1,0.1
0,0.1,0.2,0.1,0.1
0,0.1,0.1,0.2,0.2
0,0.1,0.1,0.1,0.1
0,0.2,0.2,0.2,0.1
0,0.1,0.1,0.1,0.2
0,0.1,0.2,0.2,0.1
0,0.1,0.1,0.1,0.1
0,0.1,0.2,0.1,0.1
0,0.1,0.1,0.1,0.1
0,0.1,0.1,0.2,0.1
0,0.1,0.1,0.1,0.2
0,0.1,0.1,0.2,0.1
0,0.2,0.1,0.2,0.1
0,0.1,0.2,0.1,0.1
0,0.1,0.2,0.1,0.1
0,0.2,0.1,0.2,0.1
0,0.1,0.2,0.1,0.1
0,0.3,0.2,0.2,0.3
0,0.2,0.1,0.2,0.1
0,0.2,0.1,0.1,0.1
0,0.1,0.1,0.2,0.1
0,0.2,0.1,0.1,0.1
0,0.1,0.1,0.2,0.1
0,0.2,0.2,0.1,0.1
0,0.1,0.1,0.2,0.1
0,0.1,0.1,0.1,0.1
0,0.1,0.2,0.1,0.2
0,0.1,0.1,0.1,0.2
0,0.3,0.3,0.3,0.3
0,0.3,0.3,0.3,0.2
0,0.1,0.1,0.1,0.1
0,0.1,0.1,0.1,0.1
0,0.1,0.1,0.2,0.1
0,0.1,0.1,0.3,0.2
0,0.2,0.1,0.2,0.1
0,0.1,0.1,0.2,0.1
0,0.1,0.1,0.2,0.1
0,0.1,0.1,0.1,0.2
0,0.2,0.1,0.2,0.2
0,0.2,0.1,0.3,0.2
0,0.1,0.1,0.1,0.2
0,0.2,0.1,0.3,0.1
0,1.1,0.9,1.1,1.1
0,0.2,0.1,0.3,0.1
0,0.2,0.2,0.3,0.2
0,0.1,0.1,0.2,0.1
0,0.1,0.1,0.2,0.1
0,0.1,0.1,0.1,0.1
0,0.1,0.1,0.2,0.2
0,0.4,0.3,0.3,0.3
0,0.1,0.1,0.2,0.1
0,0.1,0.1,0.1,0.2
0,0.2,0.1,0.2,0.4
0,0.1,0.1,0.1,0.1
0,0.2,0.1,0.1,0.2
0,0.2,0.1,0.2,0.3
0,0.1,0.2,0.2,0.1
0,0.2,0.2,0.1,0.2
0,0.3,0.7,0.2,0.6
0,0.1,0.1,0.1,0.1
0,0.2,0.2,0.3,0.2
0,0.1,0.1,0.2,0.1
0,0.1,0.1,0.1,0.1
0,0.1,0.2,0.2,0.1
0,0.1,0.1,0.1,0.2
0,0.1,0.1,0.2,0.1
0,0.1,0.1,0.2,0.1
0,0.1,0.1,0.2,0.1
0,0.1,0.1,0.2,0.1
0,0.1,0.1,0.1,0.1
0,0.1,0.1,0.1,0.2
0,0.1,0.2,0.2,0.1
0,0.1,0.1,0.3,0.1
0,0.1,0.1,0.1,0.2
0,0.1,0.1,0.1,0.1
0,0.2,0.1,0.1,0.1
0,0.1,0.2,0.2,0.1
0,0.2,0.1,0.2,0.2
0,0.1,0.2,0.2,0.1
0,0.2,0.2,0.2,0.2
0,0.1,0.1,0.1,0.1
0,0.2,0.2,0.1,0.1
0,0.1,0.1,0.1,0.2
0,0.1,0.1,0.2,0.1
0,0.1,0.2,0.1,0.1
0,0.1,0.1,0.2,0.1
0,0.2,0.1,0.2,0.1
0,0.1,0.1,0.1,0.1
0,0.1,0.2,0.1,0.1
0,0.1,0.1,0.1,0.1
0,0.1,0.1,0.1,0.2
0,0.1,0.1,0.1,0.2
0,0.2,0.1,0.2,0.1
0,0.1,0.1,0.1,0.2
0,0.1,0.1,0.1,0.2
0,0.1,0.1,0.2,0.1
0,0.1,0.1,0.1,0.2
0,1.2,1.1,0.2,0.3
0,0.3,0.2,0.4,0.5
0,0.1,0.1,0.1,0.2
0,0.2,0.1,0.2,0.1
0,0.1,0.1,0.1,0.1
0,0.2,0.1,0.1,0.1
0,0.1,0.1,0.1,0.2
0,0.1,0.1,0.1,0.1
0,0.1,0.1,0.2,0.1
0,0.1,0.1,0.2,0.1
0,0.1,0.1,0.1,0.2
0,0.1,0.2,0.1,0.1
0,0.1,0.1,0.2,0.1
0,0.1,0.1,0.2,0.1
0,0.2,0.1,0.1,0.1
0,0.2,0.1,0.1,0.1
0,0.1,0.1,0.1,0.2
0,0.2,0.2,0.1,0.1
0,0.1,0.2,0.2,0.1
0,0.1,0.1,0.1,0.1
0,0.1,0.1,0.1,0.1
0,0.1,0.2,0.2,0.1
0,0.2,0.5,0.2,0.2
0,0.1,0.1,0.2,0.1
0,0.1,0.1,0.1,0.1
0,0.1,0.1,0.1,0.1
0,0.1,0.1,0.4,0.2
0,0.1,0.1,0.1,0.2
0,0.2,0.3,0.3,0.3
0,0.1,0.1,0.2,0.1
0,0.1,0.2,0.1,0.1
0,0.1,0.2,0.1,0.1
0,0.2,0.2,0.3,0.2
0,0.2,0.2,0.2,0.1
0,0.2,0.1,0.2,0.2
0,0.1,0.2,0.2,0.1
0,0.1,0.1,0.1,0.2
0,1,1,1.1,1.2
0,0.1,0.1,0.2,0.2
0,0.2,0.1,0.2,0.1
0,0.1,0.1,0.2,0.1
0,0.1,0.1,0.3,0.1
0,0.1,0.1,0.1,0.2
0,0.2,0.2,0.1,0.1
0,0.1,0.1,0.1,0.2
0,0.1,0.1,0.1,0.2
0,0.2,0.2,0.2,0.1
0,0.1,0.2,0.2,0.1
0,0.2,0.1,0.3,0.2
0,0.1,0.1,0.1,0.1
0,0.1,0.1,0.2,0.1
0,0.1,0.1,0.1,0.1
0,0.1,0.1,0.2,0.1
0,0.1,0.1,0.1,0.1
0,0.1,0.1,0.2,0.2
0,0.3,0.2,0.4,0.2
0,0.2,0.1,0.1,0.2
0,0.1,0.2,0.2,0.1
0,0.1,0.1,0.2,0.1
0,0.1,0.1,0.2,0.1
0,0.1,0.1,0.1,0.2
0,0.5,0.4,0.4,0.5
0,0.1,0.2,0.2,0.1
0,0.2,0.1,0.2,0.1
0,0.1,0.1,0.1,0.2
0,0.1,0.2,0.1,0.1
0,0.2,0.1,0.2,0.1
0,0.1,0.2,0.2,0.1
0,0.1,0.1,0.1,0.1
0,0.1,0.2,0.2,0.1
0,0.1,0.1,0.1,0.1
0,0.2,0.2,0.2,0.2
0,0.1,0.1,0.1,0.2
0,0.1,0.1,0.1,0.1
0,0.1,0.1,0.1,0.1
0,0.2,0.1,0.1,0.2
0,0.1,0.1,0.1,0.1
0,0.1,0.1,0.2,0.1
0,0.1,0.1,0.2,0.1
0,0.1,0.1,0.1,0.1
0,0.1,0.1,0.1,0.1
0,0.1,0.1,0.2,0.1
0,0.1,0.1,0.1,0.2
0,0.1,0.1,0.1,0.1
0,0.1,0.2,0.1,0.1
0,0.1,0.1,0.2,0.1
0,0.1,0.1,0.1,0.2
0,0.2,0.1,0.1,0.1
0,0.1,0.1,0.1,0.1
0,0.1,0.1,0.1,0.1
0,0.1,0.1,0.2,0.1
0,0.1,0.1,0.1,0.2
0,0.1,0.1,0.2,0.1
0,0.2,0.1,0.1,0.2
0,0.1,0.1,0.1,0.1
0,0.2,0.2,0.1,0.1
0,0.1,0.1,0.2,0.1
0,0.1,0.2,0.1,0.1
0,0.2,0.2,0.3,0.1
0,0.1,0.1,0.2,0.2
0,0.2,0.1,0.2,0.2
0,0.1,0.2,0.1,0.1
0,0.1,0.1,0.1,0.1
0,0.1,0.1,0.1,0.1
0,0.2,0.2,0.2,0.2
0,0.2,0.1,0.3,0.1
0,0.1,0.2,0.2,0.1
0,0.1,0.1,0.2,0.2
0,0.1,0.1,0.2,0.2
0,0.1,0.1,0.2,0.1
0,0.1,0.1,0.5,0.1
0,0.1,0.1,0.1,0.1
0,0.1,0.1,0.2,0.2
0,0.1,0.1,0.1,0.1
0,0.1,0.1,0.1,0.1
0,0.1,0.1,0.1,0.1
0,0.1,0.1,0.1,0.1
0,0.1,0.1,0.1,0.1
0,0.2,0.1,0.1,0.1
0,0.1,0.1,0.2,0.1
0,0.1,0.1,0.1,0.2
0,0.1,0.1,0.2,0.1
0,0.1,0.2,0.1,0.1
0,0.1,0.1,0.2,0.2
0,0.1,0.1,0.1,0.1
0,0.1,0.2,0.1,0.1
0,0.1,0.1,0.1,0.1
0,0.1,0.1,0.2,0.1
0,0.2,0.2,0.2,0.1
0,0.1,0.1,0.1,0.2
0,0.1,0.1,0.1,0.1
0,0.1,0.1,0.2,0.1
0,0.1,0.1,0.2,0.1
0,0.1,0.1,0.1,0.2
0,0.1,0.1,0.2,0.1
0,0.1,0.1,0.1,0.1
0,0.1,0.1,0.2,0.1
0,0.1,0.1,0.2,0.1
0,0.1,0.1,0.1,0.2
0,0.1,0.2,0.1,0.1
0,0.2,0.1,0.2,0.1
0,0.1,0.1,0.2,0.1
0,0.1,0.1,0.1,0.1
0,0.1,0.1,0.2,0.1
0,0.2,0.1,0.1,0.1
0,0.1,0.1,0.1,0.1
0,0.1,0.1,0.2,0.1
0,0.2,0.2,0.1,0.1
0,0.2,0.1,0.2,0.1
0,0.1,0.1,0.2,0.2
0,0.1,0.1,0.2,0.1
0,0.1,0.1,0.2,0.1
0,0.1,0.1,0.2,0.1
0,0.1,0.1,0.1,0.1
0,0.2,0.1,0.2,0.1
0,0.1,0.1,0.4,0.1
0,0.1,0.1,0.2,0.2
0,0.1,0.2,0.1,0.1
0,0.1,0.2,0.1,0.1
0,0.1,0.1,0.2,0.1
0,0.1,0.2,0.2,0.1
0,0.1,0.1,0.1,0.2
0,0.1,0.2,0.1,0.1
0,0.1,0.1,0.1,0.1
0,0.1,0.1,0.2,0.1
0,0.1,0.1,0.1,0.2
0,0.1,0.2,0.1,0.1
0,0.1,0.2,0.1,0.1
0,0.1,0.1,0.2,0.1
0,0.1,0.1,0.1,0.1
0,0.1,0.2,0.1,0.1
0,0.1,0.1,0.3,0.1
0,0.2,0.1,0.2,0.1
0,0.1,0.1,0.1,0.1
0,0.1,0.1,0.1,0.2
0,0.1,0.1,0.2,0.1
0,0.1,0.1,0.2,0.2
0,0.2,0.2,0.4,0.2
0,0.1,0.1,0.1,0.2
0,0.2,0.1,0.2,0.2
0,0.1,0.1,0.2,0.2
0,0.1,0.2,0.1,0.1
0,0.1,0.1,0.1,0.1
0,0.1,0.1,0.1,0.1
0,0.1,0.1,0.1,0.1
0,0.1,0.1,0.1,0.1
0,0.2,0.1,0.1,0.2
0,0.1,0.1,0.1,0.1
0,0.3,0.1,0.3,0.3
0,0.1,0.1,0.2,0.2
0,0.1,0.1,0.2,0.2
0,0.1,0.1,0.1,0.1
0,0.1,0.1,0.2,0.1
0,0.1,0.1,0.2,0.1
0,0.1,0.1,0.2,0.1
0,0.1,0.1,0.2,0.1
0,0.1,0.1,0.1,0.1
0,0.2,0.2,0.1,0.1
0,0.2,0.2,0.2,0.1
0,0.2,0.1,0.2,0.1
0,0.1,0.1,0.1,0.1
0,0.1,0.1,0.1,0.1
0,0.1,0.2,0.1,0.1
0,0.3,1,0.3,0.6
0,0.1,0.1,0.2,0.1
0,0.1,0.1,0.1,0.1
0,0.1,0.1,0.2,0.1
0,0.1,0.1,0.5,0.1
0,0.1,0.1,0.1,0.2
0,0.2,0.1,0.1,0.1
0,0.1,0.1,0.1,0.2
0,0.1,0.1,0.2,0.1
0,0.1,0.1,0.2,0.1
0,0.1,0.1,0.2,0.1
0,0.1,0.1,0.2,0.1
0,0.1,0.1,0.2,0.1
0,0.3,0.2,0.3,0.3
0,0.1,0.2,0.2,0.1
0,0.1,0.1,0.2,0.1
0,0.1,0.2,0.1,0.1
0,0.1,0.1,0.2,0.1
0,0.2,0.2,0.2,0.1
0,0.1,0.1,0.1,0.1
0,0.2,0.1,0.2,0.2
0,0.1,0.1,0.1,0.1
0,0.1,0.1,0.1,0.1
0,0.3,0.2,0.2,0.1
0,0.1,0.2,0.2,0.1
0,0.1,0.1,0.2,0.2
0,0.1,0.1,0.2,0.1
0,0.2,0.1,0.1,0.1
0,0.1,0.1,0.2,0.1
0,0.1,0.1,0.1,0.2
0,0.1,0.2,0.1,0.1
0,0.1,0.1,0.1,0.2
0,0.1,0.1,0.2,0.1
0,0.1,0.1,0.1,0.1
0,0.1,0.1,0.3,0.1
0,0.1,0.2,0.2,0.1
0,0.3,0.3,0.4,0.3
0,0.1,0.1,0.1,0.2
0,0.2,0.2,0.2,0.1
0,0.1,0.1,0.1,0.2
0,0.2,0.1,0.1,0.2
0,0.1,0.1,0.2,0.1
0,0.2,0.1,0.3,0.2
0,0.1,0.1,0.1,0.2
0,0.1,0.1,0.1,0.1
0,0.1,0.1,0.1,0.2
0,0.1,0.1,0.2,0.1
0,0.1,0.2,0.2,0.1
0,0.1,0.1,0.3,0.1
0,0.1,0.1,0.2,0.2
0,0.3,0.3,0.4,0.3
0,0.1,0.1,0.1,0.1
0,0.1,0.1,0.1,0.1
0,0.1,0.1,0.2,0.1
0,0.1,0.1,0.2,0.1
0,0.1,0.1,0.1,0.1
0,0.1,0.2,0.2,0.1
0,0.1,0.2,0.2,0.1
0,0.1,0.1,0.2,0.1
0,0.1,0.1,0.1,0.2
0,0.1,0.2,0.1,0.1
0,0.1,0.1,0.2,0.1
0,0.1,0.1,0.5,0.1
0,0.1,0.1,0.1,0.1
0,0.2,0.1,0.1,0.2
0,0.1,0.1,0.1,0.1
0,0.1,0.1,0.1,0.1
0,0.1,0.2,0.1,0.1
0,0.1,0.2,0.2,0.1
0,0.2,0.1,0.2,0.2
0,0.3,0.4,0.2,0.3
0,0.1,0.2,0.2,0.1
0,0.1,0.1,0.2,0.1
0,0.3,0.2,0.3,0.2
0,0.1,0.1,0.1,0.1
0,0.1,0.1,0.1,0.2
0,0.2,0.1,0.1,0.2
0,0.1,0.1,0.2,0.1
0,0.1,0.1,0.1,0.2
0,0.1,0.2,0.1,0.1
0,0.4,0.1,0.3,0.1
0,0.1,0.1,0.2,0.2
0,0.2,0.2,0.1,0.1
0,0.1,0.1,0.2,0.1
0,0.1,0.1,0.2,0.1
0,0.1,0.1,0.1,0.1
0,0.1,0.1,0.1,0.1
0,1.1,1.5,1,1
0,0.1,0.2,0.2,0.1
0,0.1,0.1,0.2,0.1
0,0.2,0.1,0.1,0.2
0,0.1,0.1,0.3,0.1
0,0.1,0.2,0.2,0.1
0,0.1,0.1,0.1,0.1
0,0.1,0.2,0.2,0.1
0,0.1,0.2,0.2,0.1
0,0.1,0.1,0.1,0.2
0,0.3,0.2,0.3,0.3
0,0.2,0.1,0.2,0.1
0,0.2,0.2,0.1,0.1
0,0.1,0.1,0.1,0.1
0,0.1,0.2,0.2,0.1
0,0.1,0.1,0.2,0.1
0,0.1,0.1,0.2,0.1
0,0.1,0.1,0.2,0.1
0,0.1,0.2,0.1,0.1
0,0.1,0.1,0.1,0.2
0,0.1,0.1,0.1,0.1
0,0.1,0.1,0.1,0.1
0,0.1,0.1,0.2,0.1
0,0.1,0.1,0.1,0.2
0,0.1,0.2,0.2,0.1
0,0.1,0.1,0.2,0.2
0,0.1,0.1,0.1,0.1
0,0.3,0.1,0.1,0.1
0,0.1,0.1,0.1,0.1
0,0.1,0.1,0.2,0.1
0,0.2,0.1,0.2,0.1
0,0.1,0.2,0.1,0.1
0,0.1,0.2,0.2,0.1
0,0.1,0.2,0.2,0.1
0,0.1,0.1,0.2,0.1
0,0.1,0.1,0.4,0.1
0,0.1,0.1,0.1,0.1
0,0.3,0.2,0.1,0.1
0,0.1,0.2,0.1,0.1
0,0.1,0.1,0.2,0.1
0,0.1,0.1,0.1,0.2
0,0.1,0.1,0.3,0.1
0,0.2,0.1,0.2,0.1
0,0.3,0.3,0.4,0.3
0,0.1,0.1,0.1,0.1
0,0.1,0.1,0.2,0.1
0,0.1,0.1,0.2,0.1
0,0.1,0.1,0.2,0.1
0,0.2,0.1,0.1,0.1
0,0.1,0.2,0.1,0.1
0,0.2,0.2,0.2,0.1
0,0.1,0.1,0.1,0.1
0,0.1,0.1,0.1,0.1
0,0.1,0.1,0.1,0.1
0,0.1,0.1,0.1,0.1
0,0.1,0.1,0.1,0.1
0,0.1,0.1,0.1,0.1
0,0.1,0.1,0.1,0.1
0,0.2,0.1,0.2,0.1
0,0.1,0.1,0.2,0.1
0,0.1,0.1,0.1,0.2
0,0.1,0.1,0.2,0.1
0,0.1,0.1,0.1,0.2
0,0.1,0.1,0.3,0.1
0,0.2,0.1,0.2,0.1
0,0.1,0.1,0.1,0.2
0,0.1,0.1,0.1,0.2
0,0.1,0.1,0.2,0.1
0,0.1,0.1,0.1,0.1
0,0.1,0.2,0.1,0.1
0,0.2,0.2,0.1,0.1
0,0.1,0.2,0.2,0.2
0,0.1,0.1,0.1,0.1
0,0.1,0.1,0.1,0.2
0,0.1,0.2,0.1,0.1
0,0.1,0.1,0.2,0.1
0,0.2,0.2,0.1,0.1
0,0.1,0.1,0.1,0.1
0,0.2,0.1,0.2,0.1
0,0.1,0.1,0.1,0.2
0,0.1,0.2,0.1,0.1
0,0.2,0.1,0.2,0.1
0,0.1,0.1,0.2,0.1
0,0.1,0.1,0.1,0.2
0,0.1,0.1,0.1,0.1
0,0.1,0.1,0.1,0.1
0,0.1,0.2,0.1,0.1
0,0.1,0.1,0.1,0.2
0,0.2,0.1,0.2,0.1
0,0.1,0.1,0.2,0.1
0,0.1,0.1,0.2,0.1
0,0.2,0.1,0.2,0.2
0,0.2,0.1,0.2,0.1
0,0.1,0.1,0.1,0.2
0,0.2,0.1,0.2,0.1
0,0.1,0.1,0.1,0.1
0,0.1,0.1,0.1,0.1
0,0.2,0.1,0.2,0.1
0,0.2,0.1,0.2,0.1
0,0.1,0.1,0.2,0.2
0,0.1,0.1,0.1,0.1
0,0.1,0.2,0.2,0.1
0,0.1,0.1,0.1,0.1
0,0.1,0.1,0.2,0.1
0,0.1,0.1,0.1,0.2
0,0.1,0.1,0.1,0.1
0,0.1,0.1,0.1,0.1
0,0.1,0.1,0.1,0.1
0,0.1,0.1,0.1,0.1
0,0.1,0.1,0.1,0.1
0,0.1,0.1,0.2,0.1
0,0.1,0.2,0.1,0.1
0,0.1,0.1,0.2,0.1
0,0.1,0.1,0.2,0.1
0,0.1,0.2,0.1,0.1
0,0.1,0.1,0.1,0.1
0,0.1,0.2,0.2,0.1
0,0.1,0.1,0.1,0.1
0,0.1,0.1,0.1,0.1
0,0.2,0.1,0.2,0.1
0,0.1,0.1,0.1,0.2
0,0.2,0.1,0.2,0.1
0,0.2,0.1,0.2,0.1
0,0.1,0.1,0.1,0.1
0,0.1,0.2,0.1,0.1
0,0.1,0.1,0.1,0.1
0,0.1,0.2,0.1,0.1
0,0.1,0.1,0.2,0.1
0,0.1,0.1,0.1,0.1
0,0.1,0.1,0.1,0.1
0,0.1,0.2,0.1,0.1
0,0.1,0.2,0.1,0.1
0,0.2,0.1,0.2,0.1
0,0.1,0.1,0.2,0.1
0,0.1,0.1,0.2,0.1
0,0.1,0.2,0.2,0.1
0,0.1,0.1,0.1,0.2
0,0.1,0.1,0.1,0.1
0,0.2,0.1,0.3,0.1
0,0.1,0.1,0.2,0.1
0,0.1,0.1,0.2,0.1
0,0.1,0.2,0.1,0.1
0,0.1,0.1,0.2,0.1
0,0.1,0.1,0.2,0.1
0,0.2,0.2,0.1,0.1
0,0.1,0.1,0.1,0.1
0,0.1,0.1,0.1,0.1
0,0.2,0.1,0.2,0.1
0,0.1,0.1,0.2,0.2
0,0.1,0.2,0.1,0.1
0,0.1,0.1,0.1,0.1
0,0.1,0.1,0.1,0.2
0,0.1,0.1,0.3,0.2
0,0.3,0.2,0.3,0.2
0,0.1,0.1,0.1,0.1
0,0.1,0.1,0.1,0.2
0,0.1,0.1,0.1,0.1
0,0.1,0.2,0.1,0.1
0,0.2,0.1,0.2,0.2
0,0.1,0.1,0.1,0.1
0,0.1,0.1,0.1,0.1
0,0.1,0.1,0.1,0.2
0,0.1,0.1,0.1,0.2
0,0.2,0.2,0.2,0.1
0,0.1,0.1,0.1,0.2
0,0.1,0.1,0.2,0.1
0,0.1,0.1,0.1,0.2
0,0.1,0.2,0.2,0.1
0,0.1,0.2,0.2,0.1
0,0.1,0.1,0.1,0.1
0,0.1,0.1,0.1,0.2
0,0.1,0.1,0.2,0.1
0,0.2,0.2,0.1,0.1
0,0.1,0.1,0.1,0.1
0,0.1,0.1,0.2,0.1
0,0.1,0.1,0.1,0.2
0,0.1,0.1,0.1,0.2
0,0.1,0.1,0.1,0.1
0,0.2,0.1,0.1,0.2
0,0.1,0.2,0.2,0.1
0,0.2,0.1,0.1,0.1
0,0.1,0.1,0.1,0.1
0,0.1,0.1,0.2,0.1
0,0.1,0.1,0.1,0.1
0,0.1,0.1,0.2,0.1
0,0.2,0.2,0.1,0.1
0,0.1,0.1,0.1,0.1
0,0.2,0.1,0.1,0.1
0,0.1,0.1,0.1,0.1
0,0.2,0.1,0.2,0.1
0,0.1,0.1,0.2,0.1
0,0.1,0.1,0.1,0.1
0,0.1,0.1,0.1,0.1
0,0.1,0.2,0.1,0.1
0,0.1,0.1,0.2,0.1
0,0.1,0.1,0.4,0.2
0,0.2,0.1,0.1,0.2
0,0.1,0.1,0.2,0.1
0,0.1,0.1,0.2,0.1
0,0.2,0.1,0.1,0.1
0,0.1,0.2,0.1,0.1
0,0.2,0.1,0.2,0.1
0,0.1,0.1,0.1,0.2
0,0.1,0.2,0.2,0.1
0,0.1,0.1,0.2,0.1
0,0.2,0.2,0.1,0.1
0,0.1,0.1,0.2,0.1
0,0.1,0.2,0.1,0.1
0,0.1,0.1,0.1,0.1
0,0.1,0.1,0.2,0.2
0,0.1,0.1,0.1,0.1
0,0.1,0.1,0.1,0.1
0,0.1,0.1,0.2,0.1
0,0.1,0.1,0.2,0.2
0,0.1,0.1,0.1,0.1
0,0.1,0.1,0.1,0.1
0,0.1,0.1,0.2,0.1
0,0.1,0.1,0.2,0.1
0,0.1,0.1,0.1,0.2
0,0.1,0.1,0.1,0.2
0,0.1,0.1,0.1,0.1
0,0.1,0.1,0.2,0.2
0,0.1,0.1,0.1,0.1
0,0.1,0.1,0.2,0.1
0,0.1,0.1,0.1,0.2
0,0.2,0.1,0.2,0.1
0,0.1,0.1,0.2,0.1
0,0.1,0.1,0.2,0.2
0,0.2,0.1,0.2,0.1
0,0.1,0.1,0.1,0.2
0,0.1,0.1,0.2,0.2
0,0.1,0.1,0.2,0.2
0,0.1,0.1,0.1,0.1
0,0.1,0.1,0.2,0.2
0,0.1,0.1,0.2,0.1
0,0.1,0.1,0.1,0.2
0,0.1,0.1,0.1,0.1
0,0.1,0.1,0.1,0.1
0,0.1,0.1,0.2,0.1
0,0.1,0.1,0.2,0.1
0,0.1,0.1,0.1,0.2
0,0.1,0.1,0.1,0.2
0,0.1,0.1,0.2,0.1
0,0.2,0.1,0.1,0.1
0,0.1,0.1,0.1,0.1
0,0.1,0.1,0.1,0.2
0,0.1,0.1,0.1,0.1
0,0.1,0.1,0.1,0.2
0,0.1,0.1,0.1,0.1
0,0.1,0.2,0.1,0.1
0,0.1,0.1,0.2,0.1
0,0.1,0.2,0.1,0.1
0,0.1,0.1,0.1,0.1
0,0.1,0.1,0.1,0.1
0,0.1,0.1,0.2,0.2
0,0.1,0.1,0.1,0.1
0,0.2,0.1,0.1,0.2
0,0.1,0.1,0.2,0.1
0,0.1,0.2,0.1,0.1
0,0.2,0.1,0.2,0.1
0,0.1,0.1,0.1,0.2
0,0.1,0.1,0.1,0.1
0,0.1,0.1,0.1,0.1
0,0.2,0.1,0.2,0.2
0,0.1,0.2,0.1,0.1
0,0.1,0.1,0.1,0.1
0,0.1,0.1,0.2,0.2
0,0.1,0.1,0.2,0.2
0,0.1,0.1,0.1,0.1
0,0.1,0.1,0.2,0.1
0,0.1,0.1,0.1,0.1
0,0.1,0.1,0.2,0.1
0,0.1,0.1,0.1,0.1
0,0.1,0.1,0.1,0.2
0,0.1,0.1,0.2,0.1
0,0.1,0.1,0.2,0.1
0,0.1,0.2,0.2,0.1
0,0.2,0.1,0.1,0.1
0,0.1,0.1,0.1,0.1
0,0.1,0.2,0.1,0.1
0,0.1,0.2,0.1,0.1
0,0.2,0.2,0.2,0.1
0,0.1,0.1,0.1,0.2
0,0.2,0.1,0.2,0.1
0,0.1,0.1,0.2,0.1
0,0.3,0.2,0.2,0.3
0,0.1,0.1,0.1,0.1
0,0.1,0.1,0.1,0.2
0,0.1,0.1,0.2,0.1
0,0.1,0.2,0.1,0.1
0,0.1,0.1,0.2,0.1
0,0.1,0.1,0.1,0.1
0,0.1,0.1,0.1,0.1
0,0.1,0.1,0.2,0.1
0,0.1,0.2,0.1,0.1
0,0.1,0.2,0.1,0.1
0,0.1,0.1,0.1,0.1
0,0.2,0.1,0.2,0.1
0,0.2,0.1,0.1,0.1
0,0.1,0.1,0.1,0.2
0,0.1,0.1,0.1,0.3
0,0.1,0.2,0.1,0.1
0,0.1,0.2,0.1,0.1
0,0.1,0.1,0.1,0.1
0,0.1,0.1,0.1,0.1
0,0.1,0.1,0.2,0.1
0,0.1,0.1,0.2,0.1
0,0.2,0.1,0.2,0.1
0,0.1,0.1,0.2,0.1
0,0.2,0.1,0.2,0.1
0,0.1,0.1,0.1,0.1
0,0.2,0.1,0.2,0.1
0,0.1,0.1,0.2,0.1
0,0.3,0.2,0.3,0.2
0,0.1,0.1,0.1,0.1
0,0.1,0.1,0.1,0.1
0,0.1,0.2,0.1,0.1
0,0.3,0.2,0.2,0.2
0,0.1,0.2,0.1,0.1
0,0.2,0.1,0.2,0.1
0,0.1,0.1,0.2,0.1
0,0.1,0.1,0.1,0.2
0,0.1,0.1,0.1,0.2
0,0.1,0.2,0.2,0.1
0,0.1,0.1,0.1,0.2
0,0.1,0.1,0.1,0.1
0,0.2,0.2,0.1,0.1
0,0.1,0.1,0.2,0.1
0,0.2,0.1,0.1,0.1
0,0.1,0.1,0.1,0.1
0,0.1,0.1,0.1,0.1
0,0.1,0.1,0.2,0.1
0,0.1,0.2,0.1,0.1
0,0.2,0.1,0.2,0.1
0,0.1,0.1,0.1,0.1
0,0.1,0.1,0.1,0.1
0,0.1,0.1,0.1,0.1
0,0.1,0.1,0.1,0.1
0,0.1,0.1,0.1,0.1
0,0.1,0.1,0.1,0.1
0,0.2,0.2,0.2,0.1
0,0.1,0.1,0.1,0.1
0,0.2,0.1,0.2,0.2
0,0.1,0.1,0.1,0.2
0,0.1,0.2,0.3,0.2
0,0.1,0.1,0.2,0.1
0,0.1,0.1,0.2,0.1
0,0.2,0.3,0.2,0.2
0,0.1,0.1,0.1,0.1
0,0.2,0.2,0.1,0.1
0,0.1,0.1,0.2,0.1
0,0.1,0.1,0.2,0.2
0,0.2,0.2,0.1,0.1
0,0.2,0.1,0.2,0.1
0,0.1,0.1,0.1,0.1
0,0.1,0.1,0.2,0.1
0,0.1,0.1,0.1,0.1
0,0.1,0.1,0.2,0.1
0,0.1,0.1,0.1,0.1
0,0.1,0.1,0.2,0.2
0,0.1,0.2,0.2,0.1
0,0.1,0.1,0.2,0.1
0,0.1,0.2,0.2,0.1
0,0.1,0.1,0.2,0.1
0,0.1,0.1,0.2,0.1
0,0.1,0.1,0.1,0.2
0,0.1,0.1,0.1,0.2
0,0.2,0.1,0.2,0.1
0,0.1,0.1,0.2,0.1
0,0.1,0.1,0.2,0.1
0,0.1,0.1,0.1,0.2
0,0.1,0.2,0.2,0.1
0,0.1,0.1,0.1,0.1
0,0.1,0.2,0.1,0.1
0,0.1,0.2,0.1,0.1
0,0.1,0.1,0.1,0.2
0,0.1,0.1,0.1,0.1
0,0.1,0.1,0.1,0.2
0,0.2,0.1,0.3,0.1
0,0.1,0.1,0.1,0.2
0,0.1,0.1,0.1,0.1
0,0.1,0.1,0.1,0.1
0,0.2,0.1,0.1,0.2
0,0.1,0.2,0.1,0.1
0,0.1,0.1,0.1,0.1
0,0.1,0.1,0.2,0.1
0,0.2,0.1,0.2,0.1
0,0.1,0.1,0.1,0.2
0,0.1,0.1,0.2,0.2
0,0.2,0.1,0.1,0.1
0,0.1,0.1,0.2,0.1
0,0.1,0.1,0.2,0.1
0,0.1,0.1,0.2,0.1
0,0.1,0.1,0.2,0.1
0,0.1,0.1,0.2,0.2
0,0.1,0.1,0.2,0.1
0,0.1,0.1,0.2,0.1
0,0.2,0.2,0.2,0.1
0,0.1,0.2,0.1,0.1
0,0.2,0.1,0.2,0.2
0,0.1,0.1,0.2,0.1
0,0.1,0.2,0.3,0.1
0,0.3,0.3,0.3,0.3
0,0.1,0.1,0.2,0.1
0,0.1,0.2,0.2,0.2
0,0.1,0.1,0.3,0.1
0,0.1,0.2,0.2,0.1
0,0.2,0.1,0.2,0.1
0,0.1,0.1,0.2,0.1
0,0.1,0.1,0.3,0.1
0,0.4,2.5,0.5,1
0,0.8,0.3,0.5,0.8
0,0.4,0.3,0.4,0.3
0,0.3,0.2,0.3,0.3
0,0.1,0.1,0.2,0.1
0,0.1,0.1,0.1,0.1
0,0.1,0.2,0.2,0.1
0,0.2,0.2,0.2,0.1
0,0.1,0.1,0.2,0.2
0,0.1,0.2,0.2,0.1
0,0.1,0.2,0.2,0.1
0,0.1,0.1,0.1,0.2
0,0.1,0.2,0.3,0.2
0,0.2,0.1,0.2,0.1
0,0.1,0.2,0.1,0.1
0,0.1,0.1,0.2,0.1
0,0.2,0.2,0.2,0.1
0,0.2,0.1,0.2,0.2
0,0.3,0.3,0.3,0.3
0,0.2,0.4,0.2,0.3
0,0.1,0.1,0.2,0.1
0,0.1,0.1,0.2,0.1
0,0.3,0.3,0.4,0.3
0,0.3,0.4,0.3,0.3
0,0.3,0.1,0.2,0.2
0,0.2,0.1,0.3,0.2
0,0.2,0.2,0.2,0.1
0,0.1,0.1,0.3,0.1
0,0.1,0.1,0.3,0.2
0,0.3,0.4,0.3,0.3
0,0.1,0.1,0.3,0.2
0,0.1,0.1,0.2,0.1
0,0.2,0.2,0.2,0.1
0,0.4,1.1,0.9,1.2
0,0.1,0.2,0.3,0.1
0,0.1,0.1,0.1,0.1
0,0.2,0.2,0.2,0.1
0,0.2,0.1,0.1,0.1
0,0.2,0.1,0.1,0.1
0,0.1,0.1,0.1,0.2
0,0.1,0.1,0.2,0.1
0,0.1,0.2,0.2,0.1
0,0.2,0.2,0.2,0.1
0,0.1,0.1,0.2,0.1
0,0.2,0.1,0.2,0.1
0,0.1,0.1,0.2,0.1
0,0.2,0.2,0.2,0.1
0,0.1,0.1,0.1,0.2
0,0.1,0.1,0.2,0.1
0,0.1,0.1,0.2,0.2
0,0.1,0.1,0.2,0.1
0,0.2,0.2,0.3,0.2
0,0.3,0.3,0.4,0.3
0,0.1,0.1,0.1,0.2
0,0.2,0.1,0.2,0.2
0,0.1,0.1,0.1,0.1
0,0.1,0.2,0.1,0.1
0,0.1,0.1,0.1,0.2
0,0.1,0.2,0.1,0.1
0,0.2,0.1,0.1,0.1
0,0.1,0.1,0.1,0.1
0,0.3,0.4,0.4,0.3
0,0.2,0.1,0.1,0.2
0,0.1,0.1,0.1,0.1
0,0.1,0.1,0.2,0.1
0,0.3,0.3,0.3,0.3
0,0.2,0.1,0.2,0.1
0,0.1,0.1,0.1,0.1
0,0.1,0.1,0.1,0.1
0,0.1,0.1,0.1,0.1
0,0.1,0.2,0.2,0.1
0,0.1,0.2,0.2,0.2
0,0.2,0.1,0.2,0.1
0,0.1,0.1,0.3,0.1
0,0.2,0.1,0.3,0.1
0,0.1,0.2,0.2,0.1
0,0.2,0.1,0.2,0.1
0,0.1,0.1,0.1,0.2
0,0.1,0.1,0.2,0.1
0,0.3,0.3,0.4,0.3
0,0.1,0.1,0.2,0.2
0,0.1,0.1,0.2,0.1
0,0.1,0.1,0.2,0.1
0,0.1,0.1,0.2,0.2
0,0.1,0.1,0.3,0.1
0,0.2,0.1,0.2,0.1
0,0.1,0.1,0.3,0.1
0,0.1,0.1,0.2,0.1
0,0.2,0.2,0.2,0.1
0,0.1,0.1,0.2,0.1
0,0.1,0.1,0.2,0.1
0,0.1,0.2,0.2,0.1
0,0.3,0.2,0.3,0.8
0,0.1,0.1,0.1,0.1
0,0.1,0.1,0.2,0.2
0,0.2,0.1,0.1,0.2
0,0.3,0.3,0.3,0.3
0,0.1,0.1,0.1,0.1
0,0.2,0.1,0.2,0.2
0,0.1,0.1,0.1,0.2
0,0.2,0.3,0.2,0.2
0,0.1,0.1,0.1,0.1
0,0.2,0.2,0.2,0.1
0,0.1,0.1,0.1,0.1
0,0.2,0.1,0.2,0.1
0,0.2,0.2,0.1,0.1
0,0.1,0.2,0.2,0.1
0,0.1,0.1,0.1,0.2
0,0.1,0.1,0.1,0.1
0,0.2,0.1,0.1,0.1
0,0.2,0.2,0.2,0.1
0,0.1,0.1,0.1,0.2
0,0.2,0.2,0.2,0.1
0,0.2,0.2,0.2,0.1
0,0.1,0.1,0.1,0.2
0,0.1,0.1,0.1,0.1
0,0.2,0.1,0.2,0.1
0,0.1,0.1,0.2,0.1
0,0.2,0.2,0.1,0.1
0,0.2,0.1,0.2,0.1
0,0.1,0.2,0.1,0.1
0,0.1,0.1,0.1,0.1
0,0.1,0.1,0.2,0.1
0,0.1,0.1,0.1,0.1
0,0.1,0.1,0.1,0.1
0,0.1,0.1,0.1,0.1
0,0.1,0.1,0.2,0.1
0,0.1,0.1,0.1,0.1
0,0.1,0.1,0.1,0.1
0,0.1,0.1,0.1,0.2
0,0.1,0.1,0.1,0.1
0,0.1,0.1,0.1,0.1
0,0.1,0.1,0.1,0.2
0,0.1,0.2,0.1,0.1
0,0.1,0.2,0.1,0.1
0,0.1,0.1,0.1,0.2
0,0.1,0.2,0.1,0.1
0,0.1,0.1,0.2,0.2
0,0.1,0.1,0.1,0.1
0,0.2,0.1,0.2,0.1
0,0.1,0.1,0.1,0.2
0,0.1,0.1,0.1,0.1
0,0.1,0.1,0.2,0.1
0,0.2,0.1,0.2,0.1
0,0.1,0.2,0.1,0.1
0,0.1,0.1,0.1,0.1
0,0.1,0.1,0.1,0.2
0,0.1,0.1,0.1,0.1
0,0.2,0.1,0.2,0.1
0,0.1,0.1,0.1,0.1
0,0.1,0.1,0.1,0.1
0,0.1,0.1,0.1,0.1
0,0.1,0.1,0.1,0.2
0,0.2,0.2,0.1,0.1
0,0.1,0.1,0.1,0.1
0,0.2,0.2,0.2,0.1
0,0.1,0.1,0.1,0.2
0,0.1,0.1,0.1,0.1
0,0.1,0.1,0.2,0.1
0,0.1,0.1,0.1,0.1
0,0.1,0.1,0.2,0.1
0,0.1,0.1,0.1,0.1
0,0.2,0.1,0.2,0.1
0,0.1,0.1,0.1,0.2
0,0.1,0.1,0.1,0.1
0,0.3,0.2,0.2,0.3
0,0.2,0.1,0.1,0.1
0,0.1,0.1,0.2,0.1
0,0.1,0.1,0.1,0.1
0,0.1,0.1,0.1,0.2
0,0.1,0.1,0.1,0.2
0,0.1,0.1,0.2,0.1
0,0.1,0.1,0.1,0.1
0,0.1,0.1,0.1,0.1
0,0.1,0.1,0.1,0.1
0,0.1,0.1,0.1,0.1
0,0.1,0.1,0.1,0.1
0,0.1,0.1,0.1,0.2
0,0.1,0.1,0.1,0.2
0,0.2,0.2,0.2,0.1
0,0.1,0.1,0.1,0.1
0,0.1,0.1,0.2,0.2
0,0.1,0.1,0.1,0.1
0,0.1,0.1,0.1,0.1
0,0.1,0.2,0.1,0.1
0,0.1,0.1,0.1,0.1
0,0.1,0.1,0.1,0.1
0,0.2,0.2,0.3,0.1
0,0.1,0.1,0.1,0.1
0,0.1,0.1,0.1,0.2
0,0.1,0.1,0.1,0.1
0,0.2,0.2,0.2,0.2
0,0.1,0.1,0.2,0.1
0,0.1,0.1,0.1,0.1
0,0.1,0.1,0.2,0.1
0,0.2,0.1,0.2,0.1
0,0.1,0.1,0.2,0.1
0,0.1,0.1,0.1,0.1
0,0.1,0.1,0.1,0.1
0,0.2,0.1,0.2,0.1
0,0.1,0.1,0.2,0.1
0,0.1,0.2,0.1,0.1
0,0.1,0.1,0.2,0.1
0,0.1,0.1,0.1,0.2
0,0.1,0.1,0.2,0.1
0,0.1,0.1,0.1,0.1
0,0.1,0.1,0.2,0.1
0,0.1,0.1,0.2,0.2
0,0.2,0.1,0.2,0.2
0,0.1,0.1,0.2,0.1
0,0.1,0.1,0.1,0.1
0,0.1,0.2,0.1,0.1
0,0.1,0.1,0.1,0.2
0,0.1,0.1,0.2,0.1
0,0.1,0.1,0.2,0.1
0,0.1,0.1,0.1,0.2
0,0.1,0.1,0.1,0.2
0,0.2,0.1,0.1,0.1
0,0.1,0.1,0.1,0.1
0,0.1,0.1,0.2,0.1
0,0.1,0.2,0.1,0.1
0,0.1,0.1,0.2,0.1
0,0.1,0.2,0.1,0.1
0,0.1,0.1,0.2,0.1
0,0.2,0.1,0.1,0.2
0,0.1,0.1,0.1,0.1
0,0.1,0.2,0.1,0.1
0,0.1,0.1,0.2,0.1
0,0.1,0.1,0.1,0.1
0,0.2,0.2,0.1,0.1
0,0.1,0.2,0.1,0.1
0,0.1,0.1,0.2,0.1
0,0.1,0.1,0.2,0.1
0,0.1,0.1,0.1,0.1
0,0.1,0.1,0.1,0.1
0,0.1,0.1,0.2,0.1
0,0.1,0.2,0.2,0.1
0,0.1,0.1,0.1,0.1
0,0.1,0.1,0.1,0.1
0,0.1,0.1,0.1,0.1
0,0.1,0.2,0.1,0.1
0,0.1,0.2,0.2,0.1
0,0.1,0.1,0.1,0.1
0,0.1,0.1,0.1,0.1
0,0.2,0.1,0.1,0.1
0,0.2,0.1,0.3,0.2
0,0.2,0.2,0.2,0.1
0,0.2,0.1,0.1,0.2
0,0.2,0.1,0.2,0.1
0,0.1,0.1,0.1,0.2
0,0.2,0.2,0.3,0.2
0,0.2,0.2,0.2,0.2
0,0.2,0.1,0.2,0.2
0,0.1,0.1,0.1,0.1
0,0.1,0.2,0.2,0.1
0,0.1,0.1,0.3,0.1
0,0.2,0.1,0.2,0.2
0,0.1,0.1,0.2,0.2
0,0.1,0.1,0.3,0.1
0,0.2,0.1,0.2,0.1
0,0.1,0.1,0.1,0.1
0,0.1,0.1,0.3,0.1
0,0.1,0.1,0.1,0.2
0,0.1,0.1,0.1,0.2
0,0.1,0.1,0.2,0.1
0,0.1,0.2,0.2,0.1
0,0.1,0.2,0.2,0.2
0,0.1,0.1,0.2,0.2
0,0.1,0.2,0.2,0.1
0,0.1,0.1,0.2,0.1
0,0.2,0.1,0.2,0.1
0,0.2,0.1,0.2,0.1
0,0.1,0.1,0.1,0.1
0,0.1,0.1,0.1,0.1
0,0.1,0.1,0.2,0.1
0,0.1,0.1,0.1,0.2
0,0.2,0.1,0.1,0.2
0,0.1,0.1,0.1,0.1
0,0.1,0.1,0.2,0.1
0,0.4,0.3,1,0.8
0,0.1,0.1,0.2,0.1
0,0.1,0.1,0.2,0.1
0,0.1,0.2,0.2,0.1
0,0.1,0.1,0.1,0.1
0,0.1,0.1,0.2,0.1
0,0.1,0.1,0.1,0.1
0,0.1,0.1,0.1,0.2
0,0.2,0.2,0.2,0.1
0,0.5,0.1,0.1,0.1
0,0.1,0.2,0.2,0.1
0,0.1,0.1,0.2,0.1
0,0.1,0.1,0.1,0.1
0,0.1,0.1,0.2,0.1
0,0.1,0.2,0.1,0.1
0,0.2,0.1,0.1,0.2
0,0.1,0.1,0.1,0.2
0,0.1,0.2,0.2,0.1
0,0.2,0.1,0.1,0.2
0,0.2,0.2,0.2,0.2
0,0.1,0.1,0.2,0.1
0,0.1,0.2,0.2,0.1
0,0.1,0.1,0.1,0.1
0,0.1,0.1,0.2,0.1
0,0.1,0.1,0.2,0.1
0,0.1,0.2,0.1,0.1
0,0.1,0.1,0.1,0.2
0,0.1,0.1,0.1,0.1
0,0.1,0.1,0.2,0.1
0,0.3,0.3,0.3,0.2
0,0.1,0.2,0.2,0.1
0,0.1,0.2,0.2,0.1
0,0.1,0.1,0.1,0.1
0,0.1,0.1,0.1,0.1
0,0.1,0.1,0.1,0.1
0,0.1,0.1,0.2,0.1
0,0.2,0.2,0.1,0.1
0,0.1,0.1,0.1,0.1
0,0.1,0.1,0.1,0.2
0,0.2,0.1,0.1,0.1
0,0.1,0.1,0.1,0.1
0,0.1,0.2,0.2,0.1
0,0.1,0.2,0.2,0.1
0,0.2,0.1,0.2,0.1
0,0.1,0.1,0.1,0.1
0,0.3,0.3,0.2,0.2
0,0.1,0.1,0.1,0.1
0,0.1,0.2,0.1,0.1
0,0.1,0.1,0.2,0.1
0,0.1,0.2,0.1,0.1
0,0.1,0.1,0.1,0.2
0,0.1,0.1,0.1,0.2
0,0.2,0.1,0.1,0.1
0,0.2,0.2,0.1,0.1
0,0.1,0.2,0.1,0.1
0,0.1,0.1,0.1,0.1
0,0.2,0.1,0.1,0.2
0,0.1,0.1,0.1,0.1
0,0.1,0.1,0.1,0.1
0,0.1,0.1,0.1,0.1
0,0.1,0.1,0.2,0.1
0,0.2,0.1,0.2,0.1
0,0.2,0.1,0.1,0.1
0,0.1,0.1,0.1,0.1
0,0.1,0.1,0.1,0.2
0,0.1,0.1,0.2,0.1
0,0.2,0.1,0.1,0.2
0,0.2,0.1,0.2,0.2
0,0.2,0.2,0.1,0.1
0,0.1,0.1,0.1,0.1
0,0.1,0.1,0.1,0.2
0,0.2,0.1,0.1,0.1
0,0.1,0.1,0.1,0.1
0,0.1,0.1,0.1,0.1
0,0.1,0.2,0.1,0.1
0,0.1,0.1,0.1,0.1
0,0.1,0.2,0.1,0.1
0,0.1,0.1,0.1,0.2
0,0.1,0.1,0.2,0.1
0,0.1,0.1,0.1,0.1
0,0.1,0.1,0.2,0.1
0,0.1,0.1,0.1,0.2
0,0.1,0.1,0.1,0.1
0,0.1,0.2,0.1,0.1
0,0.1,0.1,0.2,0.1
0,0.2,0.1,0.1,0.1
0,0.2,0.1,0.2,0.3
0,0.1,0.2,0.2,0.1
0,0.1,0.1,0.1,0.1
0,0.1,0.1,0.2,0.1
0,0.2,0.2,0.3,0.2
0,0.1,0.1,0.1,0.2
0,0.1,0.2,0.2,0.1
0,0.1,0.1,0.1,0.1
0,0.2,0.1,0.2,0.1
0,0.1,0.1,0.1,0.2
0,0.1,0.2,0.2,0.1
0,0.2,0.1,0.1,0.1
0,0.1,0.1,0.1,0.2
0,0.2,0.1,0.2,0.1
0,0.2,0.1,0.2,0.1
0,0.2,0.2,0.1,0.1
0,0.1,0.1,0.2,0.1
0,0.1,0.1,0.2,0.1
0,0.1,0.1,0.1,0.2
0,0.2,0.1,0.2,0.1
0,0.1,0.1,0.1,0.2
0,0.1,0.1,0.2,0.1
0,0.2,0.2,0.1,0.1
0,0.2,0.1,0.2,0.2
0,0.1,0.1,0.1,0.1
0,0.1,0.1,0.2,0.1
0,0.2,0.1,0.2,0.1
0,0.1,0.1,0.1,0.1
0,0.1,0.1,0.2,0.1
0,0.1,0.1,0.1,0.2
0,0.1,0.1,0.2,0.1
0,0.1,0.1,0.1,0.1
0,0.1,0.1,0.1,0.2
0,0.1,0.1,0.1,0.2
0,0.2,0.1,0.1,0.1
0,0.1,0.1,0.1,0.1
0,0.1,0.1,0.1,0.1
0,0.1,0.1,0.1,0.1
0,0.2,0.1,0.1,0.1
0,0.1,0.1,0.1,0.2
0,0.1,0.2,0.2,0.1
0,0.1,0.1,0.2,0.1
0,0.1,0.1,0.1,0.1
0,0.1,0.1,0.1,0.2
0,0.1,0.1,0.1,0.2
0,0.1,0.2,0.1,0.1
0,0.1,0.1,0.2,0.1
0,0.1,0.1,0.1,0.1
0,0.2,0.2,0.2,0.1
0,0.2,0.1,0.2,0.1
0,0.1,0.1,0.2,0.1
0,0.1,0.1,0.1,0.1
0,0.1,0.1,0.2,0.1
0,0.1,0.1,0.1,0.2
0,0.1,0.1,0.1,0.2
0,0.1,0.1,0.1,0.1
0,0.1,0.2,0.1,0.1
0,0.1,0.1,0.1,0.2
0,0.1,0.1,0.1,0.1
0,0.1,0.2,0.1,0.1
0,0.1,0.1,0.1,0.1
0,0.1,0.1,0.2,0.1
0,0.1,0.1,0.2,0.1
0,0.1,0.1,0.2,0.1
0,0.1,0.1,0.1,0.1
0,0.1,0.1,0.2,0.1
0,0.1,0.1,0.1,0.1
0,0.1,0.1,0.1,0.2
0,0.1,0.1,0.1,0.1
0,0.1,0.1,0.2,0.1
0,0.1,0.1,0.1,0.2
0,0.1,0.1,0.1,0.1
0,0.1,0.1,0.1,0.2
0,0.2,0.1,0.2,0.1
0,0.1,0.2,0.1,0.1
0,0.2,0.1,0.1,0.2
0,0.1,0.1,0.1,0.2
0,0.1,0.2,0.1,0.1
0,0.2,0.1,0.2,0.2
0,0.1,0.1,0.2,0.1
0,0.1,0.1,0.2,0.1
0,0.1,0.2,0.1,0.1
0,0.2,0.2,0.2,0.1
0,0.1,0.1,0.2,0.2
0,0.2,0.2,0.1,0.1
0,0.1,0.1,0.1,0.1
0,0.2,0.1,0.1,0.1
0,0.2,0.1,0.1,0.1
0,0.1,0.1,0.2,0.2
0,0.1,0.1,0.1,0.1
0,0.1,0.1,0.2,0.1
0,0.1,0.1,0.2,0.2
0,0.1,0.2,0.1,0.1
0,0.1,0.2,0.1,0.1
0,0.1,0.2,0.1,0.1
0,0.1,0.1,0.1,0.1
0,0.1,0.1,0.1,0.2
0,0.1,0.2,0.2,0.1
0,0.1,0.2,0.1,0.1
0,0.1,0.1,0.1,0.2
0,0.1,0.1,0.1,0.1
0,0.2,0.1,0.2,0.2
0,0.1,0.1,0.1,0.1
0,0.1,0.1,0.2,0.1
0,0.2,0.1,0.1,0.1
0,0.1,0.1,0.1,0.1
0,0.1,0.1,0.2,0.1
0,0.1,0.1,0.1,0.1
0,0.1,0.1,0.1,0.2
0,0.1,0.1,0.1,0.1
0,0.1,0.1,0.2,0.1
0,0.1,0.1,0.1,0.1
0,0.1,0.1,0.2,0.1
0,0.1,0.1,0.2,0.1
0,0.1,0.1,0.1,0.1
0,0.1,0.2,0.1,0.1
0,0.1,0.1,0.1,0.1
0,0.1,0.1,0.1,0.2
0,0.1,0.2,0.1,0.1
0,0.1,0.1,0.1,0.1
0,0.2,0.1,0.2,0.1
0,0.1,0.1,0.1,0.1
0,0.1,0.2,0.1,0.1
0,0.1,0.1,0.1,0.2
0,0.2,0.2,0.1,0.1
0,0.1,0.1,0.1,0.1
0,0.1,0.1,0.1,0.1
0,0.1,0.1,0.2,0.1
0,0.1,0.1,0.1,0.1
0,0.2,0.1,0.2,0.1
0,0.1,0.1,0.2,0.1
0,0.1,0.1,0.2,0.2
0,0.1,0.1,0.2,0.1
0,0.1,0.1,0.1,0.1
0,0.1,0.1,0.2,0.1
0,0.2,0.2,0.1,0.1
0,0.1,0.1,0.1,0.1
0,0.2,0.1,0.1,0.2
0,0.1,0.1,0.2,0.1
0,0.1,0.1,0.3,0.1
0,0.2,0.2,0.2,0.1
0,0.1,0.1,0.2,0.2
0,0.1,0.1,0.1,0.1
0,0.2,0.1,0.1,0.1
0,0.1,0.2,0.2,0.2
0,0.2,0.2,0.1,0.2
0,0.2,0.2,0.1,0.2
0,0.1,0.1,0.1,0.1
0,0.1,0.1,0.2,0.1
0,0.1,0.1,0.2,0.1
0,1.1,1,1.1,1.1
0,0.2,0.1,0.1,0.1
0,0.1,0.1,0.1,0.1
0,0.1,0.1,0.2,0.2
0,0.1,0.2,0.1,0.1
0,0.1,0.1,0.1,0.2
0,0.2,0.1,0.2,0.1
0,0.1,0.1,0.2,0.1
0,0.3,0.1,0.1,0.1
0,0.1,2.6,0.1,0.1
0,0.2,0.1,0.1,0.2
0,0.2,0.1,0.2,0.2
0,0.1,0.1,0.1,0.2
0,0.4,0.1,0.2,0.1
0,0.1,0.1,0.2,0.1
0,0.1,0.1,0.2,0.1
0,0.2,0.2,0.2,0.1
0,0.1,0.1,0.1,0.2
0,0.1,0.2,0.2,0.1
0,0.1,0.1,0.1,0.1
0,0.1,0.1,0.2,0.1
0,0.1,0.1,0.2,0.1
0,0.2,0.2,0.3,0.2
0,0.1,0.1,0.2,0.2
0,0.4,0.5,0.4,0.3
0,0.1,0.1,0.2,0.1
0,0.2,0.1,0.1,0.1
0,0.1,0.2,0.2,0.1
0,0.1,0.1,0.2,0.1
0,0.1,0.1,0.1,0.1
0,0.3,0.2,0.2,0.2
0,0.2,0.1,0.1,0.1
0,0.1,0.2,0.1,0.1
0,0.2,0.1,0.2,0.2
0,0.2,0.2,0.4,0.2
0,0.1,0.1,0.2,0.2
0,0.2,0.2,0.3,0.2
0,0.2,0.2,0.2,0.2
0,0.2,0.2,0.3,0.2
0,0.2,0.1,0.1,0.2
0,0.1,0.1,0.2,0.1
0,0.1,0.2,0.1,0.1
0,0.1,0.2,0.1,0.1
0,0.2,0.1,0.1,0.2
0,0.1,0.2,0.2,0.1
0,0.2,0.2,0.2,0.1
0,0.1,0.1,0.3,0.1
0,1.1,1.1,1.2,1.1
0,0.2,0.2,0.2,0.2
0,0.1,0.1,0.1,0.2
0,0.2,0.1,0.3,0.1
0,0.1,0.1,0.2,0.1
0,0.3,0.3,0.3,0.2
0,0.1,0.1,0.2,0.1
0,0.1,0.1,0.2,0.1
0,0.1,0.2,0.2,0.1
0,0.1,0.1,0.2,0.1
0,0.1,0.1,0.2,0.1
0,0.1,0.1,0.1,0.1
0,0.1,0.1,0.2,0.1
0,0.2,0.1,0.2,0.1
0,0.3,0.3,0.3,0.3
0,0.1,0.1,0.1,0.2
0,0.1,0.1,0.2,0.1
0,0.1,0.1,0.1,0.2
0,0.2,0.2,0.3,0.2
0,0.1,0.2,0.3,0.4
0,0.1,0.2,0.2,0.1
0,0.1,0.2,0.2,0.2
0,0.1,0.1,0.1,0.1
0,0.1,0.1,0.1,0.1
0,0.1,0.1,0.2,0.1
0,0.1,0.1,0.2,0.1
0,0.1,0.1,0.2,0.1
0,0.1,0.1,0.2,0.1
0,0.2,0.1,0.2,0.1
0,0.2,0.1,0.1,0.1
0,0.1,0.1,0.1,0.2
0,0.1,0.1,0.2,0.1
0,0.1,0.1,0.2,0.2
0,0.2,0.1,0.1,0.1
0,0.1,0.1,0.1,0.1
0,0.1,0.1,0.2,0.1
0,0.1,0.1,0.2,0.1
0,0.1,0.1,0.2,0.1
0,0.1,0.1,0.2,0.1
0,0.1,0.2,0.2,0.1
0,0.1,0.1,0.2,0.1
0,0.1,0.1,0.1,0.1
0,0.1,0.1,0.1,0.2
0,0.1,0.1,0.1,0.1
0,0.1,0.1,0.3,0.1
0,0.3,0.2,0.4,0.6
0,0.1,0.1,0.2,0.1
0,0.1,0.1,0.1,0.2
0,0.1,0.2,0.2,0.1
0,0.1,0.1,0.2,0.2
0,0.1,0.1,0.2,0.1
0,0.1,0.1,0.2,0.2
0,0.1,0.2,0.2,0.2
0,0.1,0.1,0.1,0.1
0,0.1,0.2,0.2,0.1
0,0.2,0.2,0.2,0.1
0,0.1,0.2,0.1,0.1
0,0.2,0.2,0.2,0.2
0,0.1,0.1,0.1,0.1
0,0.2,0.2,0.1,0.1
0,0.1,0.1,0.2,0.1
0,0.1,0.1,0.1,0.2
0,0.1,0.1,0.1,0.2
0,0.1,0.1,0.1,0.2
0,0.1,0.2,0.1,0.1
0,0.2,0.2,0.1,0.1
0,0.1,0.1,0.1,0.1
0,0.1,0.1,0.1,0.1
0,0.2,0.1,0.2,0.1
0,0.3,0.2,0.1,0.1
0,0.1,0.1,0.1,0.1
0,0.2,0.1,0.2,0.1
0,0.1,0.1,0.2,0.1
0,0.1,0.1,0.1,0.2
0,0.1,0.1,0.1,0.1
0,0.1,0.1,0.1,0.1
0,0.1,0.1,0.2,0.1
0,0.1,0.1,0.1,0.1
0,0.2,0.1,0.2,0.1
0,0.2,0.1,0.2,0.1
0,0.1,0.1,0.1,0.1
0,0.2,0.1,0.1,0.2
0,0.1,0.1,0.2,0.1
0,0.2,0.2,0.2,0.1
0,0.1,0.1,0.1,0.2
0,0.1,0.1,0.1,0.1
0,0.1,0.1,0.1,0.2
0,0.1,0.1,0.2,0.1
0,0.1,0.1,0.2,0.2
0,0.1,0.1,0.1,0.2
0,0.1,0.1,0.2,0.1
0,0.1,0.2,0.1,0.1
0,0.1,0.1,0.1,0.1
0,0.2,0.1,0.1,0.1
0,0.1,0.1,0.1,0.1
0,0.1,0.1,0.1,0.2
0,0.1,0.2,0.2,0.1
0,0.2,0.1,0.2,0.1
0,0.1,0.1,0.1,0.2
0,0.2,0.1,0.1,0.1
0,0.2,0.1,0.1,0.1
0,0.1,0.1,0.1,0.1
0,0.1,0.1,0.2,0.1
0,0.1,0.1,0.2,0.1
0,0.1,0.2,0.1,0.1
0,0.1,0.1,0.1,0.1
0,0.1,0.1,0.1,0.2
0,0.1,0.2,0.2,0.1
0,0.1,0.1,0.2,0.1
0,0.1,0.1,0.1,0.1
0,0.1,0.1,0.1,0.1
0,0.1,0.1,0.1,0.1
0,0.1,0.1,0.1,0.1
0,0.1,0.1,0.1,0.2
0,0.1,0.1,0.2,0.1
0,0.1,0.2,0.2,0.1
0,0.1,0.1,0.1,0.1
0,0.1,0.1,0.2,0.1
0,0.1,0.1,0.1,0.2
0,0.1,0.1,0.1,0.1
0,0.1,0.1,0.1,0.1
0,0.1,0.2,0.1,0.1
0,0.1,0.1,0.2,0.1
0,0.1,0.1,0.1,0.1
0,0.2,0.1,0.2,0.1
0,0.1,0.1,0.1,0.2
0,0.1,0.1,0.1,0.1
0,0.1,0.1,0.1,0.1
0,0.1,0.1,0.2,0.2
0,0.1,0.1,0.2,0.1
0,0.1,0.1,0.2,0.1
0,0.1,0.1,0.2,0.1
0,0.1,0.1,0.2,0.2
0,0.1,0.2,0.1,0.1
0,0.1,0.1,0.1,0.2
0,0.1,0.1,0.1,0.2
0,0.1,0.1,0.2,0.2
0,0.1,0.1,0.1,0.1
0,0.2,0.1,0.2,0.1
0,0.1,0.1,0.1,0.2
0,0.1,0.1,0.2,0.1
0,0.1,0.1,0.1,0.1
0,0.2,0.1,0.2,0.1
0,0.3,0.2,0.3,0.2
0,0.1,0.2,0.1,0.1
0,0.1,0.1,0.1,0.1
0,0.1,0.1,0.2,0.1
0,0.2,0.1,0.1,0.1
0,0.1,0.1,0.2,0.1
0,0.1,0.1,0.1,0.1
0,0.1,0.1,0.1,0.2
0,0.2,0.1,0.2,0.1
0,0.1,0.1,0.2,0.1
0,0.1,0.1,0.1,0.2
0,0.1,0.1,0.1,0.1
0,0.1,0.1,0.1,0.2
0,0.2,0.1,0.2,0.1
0,0.1,0.1,0.2,0.1
0,0.1,0.1,0.2,0.1
0,0.1,0.1,0.2,0.2
0,0.1,0.1,0.1,0.2
0,0.2,0.1,0.2,0.1
0,0.1,0.1,0.1,0.2
0,0.3,0.2,0.3,0.4
0,0.1,0.1,0.2,0.1
0,0.2,0.2,0.2,0.2
0,0.1,0.1,0.2,0.2
0,0.1,0.1,0.1,0.2
0,0.1,0.1,0.1,0.1
0,0.1,0.1,0.2,0.1
0,0.1,0.1,0.1,0.1
0,0.1,0.1,0.1,0.1
0,0.1,0.2,0.1,0.1
0,0.2,0.2,0.1,0.1
0,0.1,0.1,0.1,0.2
0,0.1,0.1,0.1,0.1
0,0.2,0.1,0.2,0.1
0,0.1,0.1,0.1,0.1
0,0.1,0.2,0.1,0.1
0,0.1,0.1,0.2,0.2
0,0.1,0.2,0.1,0.1
0,0.1,0.1,0.1,0.1
0,0.1,0.1,0.1,0.1
0,0.1,0.2,0.1,0.1
0,0.1,0.1,0.1,0.1
0,0.1,0.1,0.1,0.1
0,0.1,0.2,0.1,0.1
0,0.1,0.2,0.1,0.1
0,0.2,0.1,0.2,0.1
0,0.1,0.2,0.1,0.1
0,0.1,0.1,0.1,0.1
0,0.1,0.2,0.1,0.1
0,0.2,0.1,0.2,0.1
0,0.1,0.1,0.1,0.1
0,0.1,0.1,0.1,0.2
0,0.2,0.1,0.2,0.1
0,0.1,0.1,0.1,0.1
0,0.1,0.1,0.1,0.1
0,0.1,0.1,0.2,0.2
0,0.1,0.1,0.2,0.1
0,1,0.2,0.3,0.3
0,0.1,0.1,0.5,0.1
0,0.2,0.2,0.1,0.2
0,0.1,0.2,0.2,0.1
0,0.1,0.1,0.1,0.2
0,0.1,0.1,0.1,0.2
0,0.1,0.1,0.2,0.1
0,0.1,0.1,0.2,0.1
0,0.3,0.2,0.3,0.3
0,0.1,0.2,0.1,0.1
0,0.2,0.1,0.3,0.1
0,1.2,1,1.1,1
0,0.1,0.2,0.2,0.1
0,0.1,0.1,0.1,0.2
0,0.2,0.1,0.1,0.2
0,0.1,0.1,0.2,0.1
0,0.2,0.1,0.1,0.2
0,0.2,0.2,0.1,0.1
0,0.1,0.1,0.1,0.1
0,0.2,0.1,0.2,0.1
0,0.1,0.1,0.2,0.1
0,0.1,0.1,0.3,0.1
0,0.1,0.1,0.2,0.1
0,0.1,0.1,0.2,0.1
0,0.2,0.1,0.2,0.1
0,0.1,0.1,0.2,0.1
0,0.1,0.1,0.2,0.1
0,0.1,0.1,0.2,0.1
0,0.1,0.2,0.2,0.1
0,0.1,0.1,0.1,0.2
0,0.2,0.1,0.2,0.1
0,0.1,0.1,0.4,0.1
0,0.2,0.2,0.1,0.1
0,0.2,0.2,0.2,0.1
0,0.1,0.1,0.1,0.2
0,0.1,0.1,0.1,0.1
0,0.1,0.1,0.2,0.1
0,0.1,0.2,0.1,0.1
0,0.1,0.1,0.1,0.2
0,0.1,0.1,0.2,0.1
0,0.1,0.1,0.1,0.1
0,0.1,0.2,0.2,0.1
0,0.1,0.1,0.1,0.1
0,0.1,0.2,0.2,0.1
0,0.1,0.1,0.1,0.2
0,0.2,0.1,0.1,0.2
0,0.1,0.1,0.1,0.1
0,0.1,0.1,0.1,0.2
0,0.2,0.1,0.2,0.1
0,0.1,0.2,0.2,0.1
0,0.1,0.1,0.1,0.1
0,0.1,0.1,0.1,0.1
0,0.3,0.3,0.3,0.3
0,0.3,0.3,0.4,0.4
0,0.1,0.2,0.2,0.1
0,0.1,0.1,0.1,0.2
0,0.1,0.1,0.2,0.1
0,0.2,0.1,0.2,0.2
0,0.7,0.5,1,0.5
0,0.2,0.2,0.2,0.2
0,0.1,0.2,0.2,0.1
0,0.1,0.1,0.1,0.2
0,0.1,0.2,0.1,0.1
0,0.1,0.2,0.2,0.1
0,0.1,0.1,0.1,0.2
0,0.1,0.1,0.2,0.1
0,0.1,0.1,0.2,0.1
0,0.2,0.2,0.2,0.1
0,0.1,0.1,0.1,0.1
0,0.1,0.1,0.2,0.2
0,0.1,0.1,0.2,0.2
0,0.1,0.2,0.2,0.1
0,0.2,0.4,0.4,0.4
0,0.2,0.1,0.1,0.1
0,0.1,0.2,0.1,0.1
0,0.1,0.2,0.2,0.2
0,0.1,0.1,0.2,0.1
0,0.1,0.1,0.2,0.1
0,0.1,0.1,0.1,0.1
0,0.1,0.1,0.2,0.1
0,0.1,0.1,0.1,0.2
0,0.1,0.1,0.1,0.2
0,0.1,0.1,0.1,0.1
0,0.2,0.1,0.1,0.1
0,0.1,0.1,0.1,0.2
0,0.1,0.1,0.1,0.2
0,0.1,0.1,0.1,0.1
0,0.2,0.1,0.2,0.2
0,0.2,0.1,0.2,0.1
0,0.1,0.1,0.1,0.2
0,0.1,0.1,0.2,0.1
0,0.1,0.1,0.1,0.1
0,0.1,0.1,0.1,0.2
0,0.1,0.2,0.2,0.1
0,0.1,0.1,0.1,0.2
0,0.1,0.1,0.2,0.1
0,0.2,0.1,0.1,0.2
0,0.2,0.1,0.2,0.2
0,0.2,0.1,0.1,0.1
0,0.2,0.1,0.2,0.1
0,0.2,0.2,0.2,0.1
0,0.1,0.1,0.1,0.2
0,0.1,0.1,0.1,0.2
0,0.1,0.1,0.1,0.1
0,0.1,0.1,0.2,0.2
0,0.1,0.2,0.1,0.1
0,0.1,0.2,0.1,0.1
0,0.1,0.1,0.1,0.2
0,0.1,0.1,0.2,0.1
0,0.3,0.3,0.3,0.2
0,0.1,0.1,0.2,0.1
0,0.2,0.1,0.1,0.2
0,0.1,0.2,0.1,0.1
0,0.1,0.1,0.2,0.1
0,0.1,0.1,0.1,0.2
0,0.1,0.1,0.1,0.2
0,0.1,0.2,0.2,0.1
0,0.1,0.1,0.1,0.1
0,0.2,0.1,0.1,0.1
0,0.3,0.2,1,0.2
0,0.1,0.1,0.2,0.1
0,0.2,0.1,0.3,0.2
0,0.1,0.1,0.3,0.1
0,0.1,0.1,0.2,0.2
0,0.1,0.1,0.2,0.2
0,0.2,0.2,0.1,0.1
0,0.1,0.1,0.1,0.1
0,0.2,0.1,0.1,0.1
0,0.1,0.1,0.2,0.2
0,0.1,0.1,0.1,0.2
0,0.2,0.2,0.2,0.1
0,0.1,0.1,0.2,0.1
0,0.1,0.2,0.2,0.2
0,0.1,0.2,0.2,0.1
0,0.1,0.1,0.2,0.1
0,0.1,0.1,0.4,0.1
0,0.1,0.1,0.1,0.2
0,0.1,0.2,0.2,0.1
0,0.1,0.1,0.2,0.2
0,0.1,0.1,0.2,0.1
0,0.1,0.2,0.1,0.1
0,0.1,0.1,0.1,0.1
0,0.2,0.2,0.2,0.1
0,0.1,0.1,0.2,0.1
0,0.1,0.1,0.1,0.2
0,0.1,0.1,0.2,0.1
0,0.2,0.2,0.1,0.1
0,0.2,0.1,0.1,0.1
0,0.2,0.1,0.2,0.1
0,0.2,0.1,0.2,0.1
0,0.1,0.1,0.2,0.1
0,0.1,0.1,0.2,0.1
0,0.1,0.1,0.2,0.2
0,0.1,0.2,0.2,0.1
0,0.1,0.1,0.1,0.1
0,0.1,0.1,0.1,0.2
0,0.1,0.1,0.1,0.2
0,0.1,0.1,0.2,0.1
0,0.1,0.1,0.1,0.1
0,0.1,0.1,0.1,0.1
0,0.1,0.1,0.1,0.1
0,0.1,0.2,0.1,0.1
0,0.1,0.1,0.1,0.2
0,0.1,0.1,0.1,0.1
0,0.1,0.1,0.1,0.1
0,0.2,0.1,0.2,0.1
0,0.1,0.1,0.1,0.1
0,0.2,0.2,0.2,0.1
0,0.1,0.2,0.1,0.1
0,0.1,0.1,0.1,0.1
0,0.1,0.1,0.1,0.1
0,0.1,0.1,0.1,0.1
0,0.1,0.2,0.1,0.1
0,0.2,0.2,0.2,0.1
0,0.1,0.1,0.1,0.1
0,0.1,0.1,0.1,0.1
0,0.1,0.2,0.1,0.1
0,0.1,0.1,0.1,0.1
0,0.1,0.1,0.2,0.1
0,0.1,0.1,0.1,0.1
0,0.1,0.1,0.2,0.1
0,0.1,0.1,0.1,0.1
0,0.1,0.1,0.2,0.1
0,0.1,0.1,0.1,0.1
0,0.1,0.1,0.1,0.1
0,0.1,0.1,0.1,0.1
0,0.1,0.1,0.1,0.1
0,0.1,0.1,0.2,0.1
0,0.1,0.1,0.1,0.1
0,0.1,0.1,0.1,0.1
0,0.2,0.2,0.2,0.2
0,0.1,0.1,0.1,0.1
0,0.2,0.1,0.2,0.1
0,0.2,0.1,0.2,0.1
0,0.1,0.1,0.5,0.1
0,0.1,0.1,0.1,0.2
0,0.1,0.1,0.1,0.2
0,0.2,0.1,0.2,0.1
0,0.1,0.2,0.1,0.1
0,0.1,0.1,0.2,0.1
0,0.2,0.1,0.2,0.1
0,0.1,0.1,0.2,0.1
0,0.1,0.2,0.2,0.1
0,0.1,0.2,0.1,0.1
0,0.1,0.1,0.2,0.1
0,0.2,0.1,0.2,0.1
0,0.2,0.1,0.2,0.2
0,0.1,0.1,0.2,0.1
0,0.1,0.1,0.1,0.1
0,0.2,0.2,0.2,0.1
0,0.1,0.1,0.2,0.1
0,0.1,0.1,0.1,0.1
0,0.1,0.1,0.1,0.1
0,0.2,0.2,0.2,0.1
0,0.1,0.1,0.2,0.2
0,0.1,0.1,0.2,0.1
0,0.1,0.1,0.2,0.2
0,0.1,0.1,0.2,0.2
0,0.1,0.2,0.1,0.1
0,0.1,0.1,0.2,0.1
0,0.1,0.1,0.1,0.2
0,0.2,0.1,0.1,0.2
0,0.1,0.2,0.1,0.1
0,0.2,0.1,0.1,0.1
0,0.1,0.1,0.2,0.1
0,0.1,0.1,0.1,0.1
0,0.1,0.2,0.2,0.1
0,0.1,0.1,0.2,0.1
0,0.1,0.1,0.1,0.1
0,0.1,0.1,0.1,0.1
0,0.2,0.1,0.2,0.1
0,0.1,0.2,0.2,0.1
0,0.2,0.2,0.1,0.1
0,0.1,0.1,0.1,0.1
0,0.2,0.1,0.2,0.1
0,0.1,0.2,0.1,0.1
0,0.1,0.1,0.2,0.1
0,0.1,0.1,0.1,0.2
0,0.1,0.1,0.1,0.1
0,0.1,0.1,0.1,0.2
0,0.1,0.2,0.1,0.1
0,0.1,0.1,0.2,0.1
0,0.1,0.1,0.2,0.1
0,0.1,0.1,0.1,0.1
0,0.1,0.1,0.2,0.1
0,0.1,0.1,0.1,0.1
0,0.1,0.1,0.1,0.2
0,0.1,0.2,0.1,0.1
0,0.1,0.2,0.1,0.1
0,0.1,0.1,0.2,0.1
0,0.1,0.1,0.1,0.2
0,0.1,0.1,0.2,0.1
0,0.1,0.2,0.1,0.1
0,0.1,0.1,0.2,0.1
0,0.1,0.1,0.2,0.1
0,0.2,0.1,0.2,0.1
0,0.1,0.2,0.1,0.1
0,0.1,0.2,0.1,0.1
0,0.1,0.1,0.2,0.1
0,0.1,0.1,0.1,0.1
0,0.1,0.1,0.1,0.1
0,0.1,0.1,0.2,0.1
0,0.1,0.1,0.2,0.1
0,0.1,0.1,0.1,0.2
0,0.1,0.1,0.1,0.2
0,0.1,0.1,0.2,0.1
0,0.1,0.2,0.1,0.1
0,0.2,0.6,0.3,0.3
0,0.1,0.1,0.2,0.1
0,0.1,0.1,0.2,0.1
0,0.2,0.3,0.3,0.3
0,0.1,0.1,0.1,0.1
0,1.1,0.3,0.2,0.2
0,0.3,0.2,0.3,0.3
0,0.2,0.1,0.2,0.1
0,0.1,0.1,0.2,0.1
0,0.4,0.4,0.3,0.3
0,0.1,0.1,0.2,0.2
0,0.1,0.1,0.1,0.1
0,0.2,0.1,0.1,0.2
0,0.1,0.1,0.1,0.2
0,0.1,0.1,0.1,0.2
0,0.1,0.2,0.2,0.1
0,0.1,0.1,0.1,0.1
0,0.2,0.1,0.2,0.1
0,0.2,0.2,0.3,0.3
0,0.1,0.1,0.2,0.1
0,0.3,0.3,0.6,0.3
0,0.2,0.1,0.1,0.2
0,0.2,0.1,0.1,0.1
0,0.3,0.4,0.4,0.3
0,0.4,0.3,0.3,0.3
0,0.4,0.3,0.4,0.4
0,0.3,0.3,0.3,0.3
0,0.1,0.1,0.1,0.2
0,0.3,0.2,0.4,0.3
0,0.1,0.2,0.1,0.2
0,0.2,0.1,0.1,0.1
0,0.2,0.1,0.3,0.1
0,0.2,0.2,0.3,0.2
0,0.1,0.1,0.2,0.2
0,0.1,0.1,0.2,0.2
0,0.2,0.1,0.2,0.2
0,0.2,0.4,0.3,0.2
0,0.2,0.2,0.3,0.2
0,0.4,0.3,0.3,0.3
0,0.2,0.1,0.2,0.2
0,0.2,0.1,0.2,0.1
0,0.1,0.2,0.3,0.1
0,0.4,0.4,0.4,0.3
0,0.1,0.1,0.2,0.1
0,0.1,0.2,0.2,0.1
0,0.2,0.1,0.1,0.2
0,0.1,0.2,0.1,0.1
0,0.4,0.3,0.3,0.3
0,0.1,0.1,0.2,0.1
0,0.1,0.1,0.2,0.1
0,0.1,0.1,0.1,0.1
0,0.3,0.2,0.3,0.3
0,0.2,0.2,0.1,0.2
0,0.2,0.4,0.2,0.2
0,0.2,0.1,0.2,0.2
0,0.1,0.2,0.2,0.1
0,0.2,0.2,0.2,0.2
0,0.1,0.2,0.3,0.2
0,0.2,0.1,0.2,0.1
0,0.1,0.3,0.2,0.2
0,0.2,0.2,0.2,0.2
0,0.1,0.2,0.2,0.2
0,0.2,0.2,0.2,0.1
0,0.1,0.1,0.2,0.1
0,0.1,0.1,0.2,0.1
0,0.1,0.1,0.2,0.4
0,0.2,0.1,0.1,0.2
0,0.2,0.2,0.2,0.2
0,0.1,0.1,0.1,0.2
0,0.1,0.1,0.3,0.2
0,0.2,0.1,0.2,0.1
0,0.1,0.1,0.1,0.1
0,0.1,0.1,0.2,0.1
0,0.9,0.4,0.8,0.3
0,0.1,0.1,0.1,0.2
0,0.1,0.1,0.1,0.2
0,0.2,0.1,0.1,0.1
0,0.1,0.1,0.2,0.1
0,0.1,0.1,0.1,0.2
0,0.2,0.1,0.2,0.1
0,0.1,0.1,0.3,0.1
0,0.2,0.1,0.2,0.1
0,0.1,0.1,0.2,0.1
0,0.3,0.3,0.4,0.3
0,0.5,0.3,1.1,0.3
0,0.2,0.1,0.2,0.1
0,0.1,0.1,0.2,0.1
0,0.1,0.1,0.2,0.1
0,0.1,0.2,0.1,0.1
0,0.2,0.2,0.2,0.1
0,0.1,0.1,0.2,0.1
0,0.1,0.2,0.2,0.1
0,0.1,0.1,0.2,0.1
0,0.1,0.2,0.2,0.1
0,0.1,0.1,0.2,0.1
0,0.1,0.1,0.1,0.1
0,0.2,0.1,0.1,0.1
0,0.2,0.2,0.2,0.1
0,0.1,0.2,0.2,0.1
0,0.1,0.1,0.2,0.2
0,0.2,0.3,0.1,0.2
0,0.1,0.1,0.2,0.1
0,0.1,0.2,0.1,0.1
0,0.1,0.1,0.1,0.2
0,0.1,0.1,0.2,0.1
0,0.2,0.1,0.2,0.1
0,0.2,0.1,0.2,0.1
0,0.1,0.1,0.2,0.1
0,0.1,0.1,0.5,0.1
0,0.2,0.1,0.2,0.1
0,0.1,0.1,0.1,0.1
0,0.1,0.2,0.2,0.1
0,0.1,0.1,0.2,0.4
0,0.1,0.2,0.1,0.1
0,0.1,0.3,0.2,0.2
0,0.2,0.1,0.2,0.1
0,0.1,0.1,0.2,0.1
0,0.2,0.2,0.2,0.2
0,0.2,0.1,0.1,0.1
0,0.3,0.3,0.4,0.3
0,0.1,0.1,0.2,0.1
0,0.1,0.1,0.1,0.2
0,0.2,0.1,0.2,0.1
0,0.2,0.2,0.2,0.1
0,0.1,0.1,0.2,0.2
0,0.1,0.1,0.1,0.2
0,0.1,0.1,0.1,0.2
0,0.1,0.1,0.3,0.1
0,0.2,0.1,0.1,0.2
0,0.1,0.1,0.2,0.1
0,0.2,0.1,0.3,0.1
0,0.3,0.3,0.2,0.3
0,0.1,0.1,0.1,0.2
0,0.1,0.1,0.2,0.1
0,0.1,0.1,0.1,0.1
0,0.1,0.1,0.4,0.1
0,0.2,0.1,0.2,0.2
0,0.1,0.2,0.2,0.1
0,0.1,0.1,0.2,0.1
0,0.1,0.2,0.2,0.1
0,0.2,0.1,0.1,0.1
0,0.1,0.1,0.1,0.1
0,0.1,0.1,0.2,0.1
0,0.1,0.1,0.1,0.1
0,0.1,0.2,0.1,0.1
0,0.1,0.1,0.1,0.2
0,0.1,0.1,0.2,0.1
0,0.1,0.1,0.1,0.2
0,0.1,0.1,0.1,0.1
0,0.2,0.1,0.1,0.1
0,0.1,0.1,0.1,0.2
0,0.1,0.1,0.1,0.2
0,0.2,0.2,0.1,0.1
0,0.2,0.1,0.2,0.1
0,0.1,0.1,0.1,0.2
0,0.1,0.1,0.2,0.2
0,0.1,0.2,0.1,0.1
0,0.1,0.1,0.1,0.2
0,0.1,0.1,0.1,0.1
0,0.1,0.1,0.2,0.2
0,0.2,0.1,0.2,0.1
0,0.1,0.1,0.1,0.2
0,0.1,0.2,0.1,0.1
0,0.1,0.2,0.1,0.1
0,0.1,0.2,0.1,0.1
0,0.1,0.1,0.1,0.1
0,0.2,0.2,0.2,0.1
0,0.1,0.1,0.1,0.2
0,0.1,0.1,0.1,0.2
0,0.1,0.1,0.2,0.1
0,0.1,0.1,0.1,0.1
0,0.1,0.1,0.2,0.1
0,0.2,0.1,0.2,0.1
0,0.1,0.1,0.1,0.2
0,0.3,0.3,0.2,0.3
0,0.1,0.1,0.2,0.1
0,0.1,0.1,0.1,0.1
0,0.1,0.1,0.2,0.1
0,0.1,0.2,0.1,0.1
0,0.1,0.1,0.2,0.1
0,0.2,0.1,0.2,0.1
0,0.2,0.1,0.2,0.1
0,0.1,0.1,0.1,0.1
0,0.1,0.1,0.1,0.1
0,0.1,0.1,0.1,0.1
0,0.1,0.1,0.2,0.2
0,0.1,0.1,0.2,0.1
0,0.1,0.1,0.1,0.2
0,0.1,0.1,0.2,0.1
0,0.1,0.1,0.2,0.1
0,0.2,0.1,0.2,0.1
0,0.1,0.1,0.1,0.2
0,0.1,0.2,0.1,0.1
0,0.1,0.1,0.1,0.1
0,0.1,0.1,0.1,0.2
0,0.1,0.1,0.2,0.1
0,0.1,0.2,0.1,0.1
0,0.1,0.1,0.2,0.1
0,0.2,0.1,0.2,0.1
0,0.2,9.3,0.2,0.1
0,0.1,0.1,0.2,0.1
0,0.1,0.1,0.1,0.2
0,0.1,0.1,0.1,0.1
0,0.1,0.1,0.1,0.1
0,0.1,0.1,0.1,0.1
0,0.1,0.1,0.2,0.1
0,0.1,0.1,0.1,0.1
0,0.2,0.1,0.2,0.1
0,0.1,0.1,0.1,0.1
0,0.1,0.1,0.2,0.1
0,0.1,0.1,0.1,0.1
0,0.1,0.1,0.1,0.1
0,0.1,0.1,0.1,0.1
0,0.1,0.2,0.1,0.1
0,0.1,0.1,0.2,0.1
0,0.1,0.1,0.1,0.2
0,0.2,0.1,0.2,0.1
0,0.1,0.1,0.1,0.1
0,0.1,0.1,0.2,0.1
0,0.1,0.2,0.1,0.1
0,0.1,0.1,0.2,0.1
0,0.2,0.2,0.2,0.1
0,0.1,0.1,0.1,0.1
0,0.1,0.1,0.1,0.1
0,0.1,0.1,0.1,0.2
0,0.1,0.1,0.1,0.2
0,0.1,0.1,0.2,0.1
0,0.1,0.1,0.2,0.2
0,0.2,0.1,0.2,0.1
0,0.1,0.1,0.1,0.1
0,0.3,0.2,0.3,0.2
0,0.1,0.1,0.2,0.1
0,0.1,0.1,0.2,0.1
0,0.2,0.1,0.1,0.2
0,0.1,0.1,0.1,0.1
0,0.1,0.1,0.1,0.1
0,0.1,0.1,0.2,0.1
0,0.1,0.1,0.2,0.1
0,0.1,0.1,0.1,0.1
0,0.1,0.1,0.1,0.1
0,0.1,0.1,0.2,0.2
0,0.2,0.2,0.2,0.1
0,0.1,0.2,0.1,0.1
0,0.1,0.1,0.2,0.1
0,0.1,0.1,0.1,0.1
0,0.1,0.1,0.2,0.1
0,0.1,0.1,0.2,0.1
0,0.1,0.1,0.2,0.1
0,0.1,0.2,0.2,0.1
0,0.1,0.2,0.2,0.1
0,0.1,0.1,0.2,0.1
0,0.1,0.1,0.2,0.1
0,0.1,0.1,0.1,0.2
0,0.1,0.2,0.1,0.1
0,0.1,0.1,0.2,0.1
0,0.1,0.2,0.1,0.1
0,0.1,0.1,0.2,0.1
0,0.1,0.1,0.1,0.1
0,0.1,0.1,0.2,0.1
0,0.1,0.1,0.1,0.2
0,0.1,0.1,0.1,0.1
0,0.2,0.1,0.2,0.1
0,0.1,0.2,0.2,0.1
0,0.1,0.2,0.1,0.1
0,0.3,0.2,0.4,0.3
0,0.2,0.4,0.3,0.2
0,0.1,0.1,0.1,0.1
0,0.1,0.1,0.2,0.1
0,0.1,0.1,0.1,0.1
0,0.3,0.2,0.4,0.3
0,0.1,0.2,0.2,0.1
0,0.1,0.2,0.2,0.1
0,0.4,0.3,0.3,0.3
0,0.3,0.3,0.3,0.3
0,0.2,0.3,0.3,0.3
0,0.3,0.3,0.2,0.3
0,0.1,0.1,0.2,0.2
0,1.2,1.1,1.1,1
0,0.1,0.1,0.2,0.2
0,0.2,0.1,0.1,0.1
0,0.3,0.2,0.3,0.3
0,0.2,0.1,0.2,0.1
0,0.1,0.1,0.1,0.1
0,0.1,0.1,0.2,0.1
0,0.1,0.1,0.2,0.1
0,0.1,0.1,0.3,0.1
0,0.1,0.1,0.2,0.2
0,0.1,0.1,0.2,0.1
0,0.1,0.1,0.2,0.2
0,0.1,0.1,0.2,0.1
0,0.2,0.2,0.2,0.1
0,0.1,0.1,0.1,0.1
0,0.2,0.1,0.2,0.1
0,0.2,0.1,0.1,0.1
0,0.2,0.3,0.2,0.2
0,0.1,0.1,0.2,0.1
0,0.1,0.1,0.1,0.1
0,0.1,0.1,0.1,0.2
0,0.1,0.1,0.3,0.1
0,0.2,0.1,0.2,0.1
0,0.1,0.1,0.2,0.1
0,0.1,0.1,0.1,0.2
0,0.1,0.1,0.2,0.2
0,0.2,0.1,0.2,0.1
0,0.1,0.2,0.1,0.1
0,0.2,0.2,0.4,0.2
0,0.1,0.1,0.2,0.2
0,0.2,0.1,0.1,0.1
0,0.1,0.2,0.1,0.2
0,0.1,0.1,0.2,0.1
0,0.1,0.1,0.2,0.1
0,0.1,0.1,0.2,0.1
0,0.1,0.2,0.2,0.1
0,0.1,0.1,0.2,0.1
0,0.2,0.1,0.2,0.2
0,0.2,0.1,0.2,0.1
0,0.1,0.1,0.2,0.2
0,0.1,0.1,0.2,0.1
0,0.2,0.2,0.1,0.1
0,0.1,0.1,0.2,0.1
0,0.1,0.2,0.2,0.1
0,0.2,0.2,0.1,0.1
0,0.1,0.1,0.2,0.1
0,0.1,0.1,0.1,0.1
0,0.1,0.2,0.2,0.1
0,0.1,0.1,0.1,0.1
0,0.1,0.1,0.1,0.1
0,0.2,0.1,0.1,0.2
0,0.2,0.1,0.2,0.1
0,0.1,0.1,0.2,0.1
0,0.1,0.1,0.1,0.1
0,0.1,0.1,0.1,0.1
0,0.1,0.1,0.1,0.1
0,0.1,0.1,0.2,0.1
0,0.1,0.1,0.4,0.1
0,0.2,0.1,0.2,0.1
0,0.1,0.1,0.2,0.1
0,0.1,0.2,0.1,0.1
0,0.2,0.2,0.2,0.2
0,0.1,0.1,0.2,0.2
0,0.1,0.1,0.2,0.1
0,0.1,0.1,0.2,0.1
0,0.1,0.2,0.2,0.1
0,0.4,0.3,0.3,0.3
0,1.2,1.1,1.2,1.1
0,0.1,0.1,0.1,0.2
0,0.1,0.1,0.2,0.1
0,0.1,0.1,0.2,0.1
0,0.1,0.1,0.1,0.2
0,0.1,0.2,0.1,0.1
0,0.1,0.1,0.1,0.2
0,1.1,1.1,1.1,1.1
0,0.1,0.1,0.1,0.2
0,0.2,0.1,0.2,0.1
0,0.1,0.1,0.1,0.2
0,0.2,0.1,0.2,0.1
0,0.1,0.1,0.1,0.1
0,0.1,0.1,0.1,0.1
0,0.1,0.1,0.2,0.2
0,0.2,0.1,0.2,0.1
0,0.1,0.1,0.2,0.1
0,0.1,0.1,0.2,0.1
0,0.1,0.1,0.1,0.2
0,0.1,0.1,0.1,0.2
0,0.1,0.1,0.1,0.1
0,0.1,0.2,0.2,0.2
0,0.1,0.2,0.2,0.1
0,0.2,0.1,0.3,0.1
0,0.1,0.2,0.2,0.2
0,0.1,0.2,0.2,0.1
0,0.2,0.1,0.1,0.1
0,0.1,0.1,0.3,0.1
0,0.1,0.1,0.2,0.1
0,0.1,0.1,0.1,0.2
0,0.1,0.1,0.2,0.1
0,0.1,0.1,0.1,0.2
0,0.1,0.1,0.2,0.1
0,0.1,0.1,0.2,0.1
0,0.1,0.1,0.1,0.1
0,0.1,0.1,0.2,0.1
0,0.2,0.1,0.1,0.2
0,0.2,0.1,0.1,0.1
0,0.1,0.1,0.2,0.1
0,0.2,0.2,0.1,0.1
0,0.2,0.1,0.2,0.2
0,0.2,0.1,0.2,0.1
0,0.1,0.1,0.2,0.1
0,0.1,0.1,0.1,0.2
0,0.1,0.1,0.2,0.1
0,0.1,0.1,0.1,0.2
0,0.1,0.1,0.2,0.1
0,0.1,0.1,0.1,0.1
0,0.1,0.1,0.1,0.1
0,0.1,0.1,0.1,0.1
0,0.2,0.2,0.2,0.1
0,0.1,0.1,0.1,0.1
0,0.1,0.2,0.1,0.1
0,0.1,0.1,0.2,0.1
0,0.1,0.1,0.1,0.2
0,0.1,0.2,0.1,0.1
0,0.1,0.1,0.1,0.1
0,0.2,0.1,0.1,0.2
0,0.1,0.2,0.1,0.1
0,0.1,0.1,0.2,0.1
0,0.1,0.1,0.2,0.1
0,0.1,0.1,0.1,0.1
0,0.1,0.1,0.2,0.1
0,0.1,0.2,0.2,0.1
0,0.1,0.1,0.3,0.1
0,0.1,0.1,0.2,0.1
0,0.2,0.1,0.2,0.1
0,0.1,0.1,0.2,0.2
0,0.2,0.1,0.2,0.1
0,0.1,0.1,0.2,0.1
0,0.1,0.1,0.2,0.1
0,0.1,0.2,0.1,0.1
0,0.1,0.1,0.1,0.2
0,0.1,0.2,0.1,0.1
0,0.1,0.1,0.1,0.1
0,0.2,0.2,0.1,0.1
0,0.2,0.1,0.1,0.2
0,0.2,0.1,0.2,0.1
0,0.2,0.1,0.1,0.1
0,0.1,0.1,0.1,0.2
0,0.1,0.1,0.2,0.1
0,0.1,0.1,0.2,0.1
0,0.1,0.1,0.2,0.2
0,0.1,0.1,0.2,0.1
0,0.2,0.2,0.3,0.2
0,0.2,0.2,0.2,0.2
0,0.1,0.1,0.2,0.1
0,0.2,0.1,0.1,0.1
0,0.1,0.1,0.2,0.1
0,0.1,0.2,0.2,0.1
0,0.1,0.1,0.1,0.1
0,0.1,0.1,0.1,0.1
0,0.2,0.1,0.2,0.1
0,0.1,0.1,0.1,0.1
0,0.1,0.2,0.1,0.1
0,0.1,0.1,0.1,0.2
0,0.1,0.1,0.1,0.2
0,0.1,0.1,0.1,0.1
0,0.1,0.2,0.1,0.1
0,0.1,0.1,0.1,0.1
0,0.1,0.1,0.2,0.1
0,0.2,0.1,0.2,0.1
0,0.1,0.1,0.1,0.1
0,0.1,0.1,0.2,0.1
0,0.1,0.2,0.1,0.1
0,0.2,0.1,0.2,0.1
0,0.1,0.1,0.1,0.2
0,0.1,0.1,0.2,0.2
0,0.2,0.1,0.1,0.1
0,0.1,0.2,0.1,0.1
0,0.1,0.1,0.2,0.1
0,0.1,0.1,0.1,0.1
0,0.1,0.2,0.1,0.1
0,0.1,0.1,0.1,0.1
0,0.1,0.1,0.1,0.1
0,0.1,0.1,0.2,0.1
0,0.1,0.2,0.1,0.1
0,0.1,0.1,0.1,0.2
0,0.1,0.1,0.1,0.1
0,0.1,0.1,0.1,0.1
0,0.1,0.1,0.2,0.2
0,0.1,0.1,0.2,0.1
0,0.1,0.1,0.1,0.1
0,0.1,0.1,0.1,0.1
0,0.1,0.1,0.1,0.1
0,0.2,0.1,0.1,0.1
0,0.1,0.1,0.1,0.1
0,0.1,0.2,0.2,0.1
0,0.1,0.1,0.1,0.1
0,0.2,0.2,0.1,0.1
0,0.2,0.1,0.2,0.2
0,0.1,0.1,0.2,0.1
0,0.1,0.1,0.1,0.2
0,0.1,0.1,0.2,0.1
0,0.1,0.1,0.2,0.1
0,0.2,0.3,0.4,0.3
0,0.1,0.1,0.1,0.1
0,0.1,0.2,0.2,0.1
0,0.2,0.1,0.2,0.1
0,0.1,0.1,0.2,0.1
0,0.2,0.1,0.2,0.1
0,0.2,0.1,0.2,0.1
0,0.1,0.1,0.1,0.1
0,0.1,0.2,0.2,0.1
0,0.1,0.2,0.1,0.1
0,0.1,0.1,0.1,0.1
0,0.2,0.2,0.1,0.1
0,0.1,0.1,0.2,0.2
0,0.1,0.1,0.1,0.2
0,0.2,0.2,0.1,0.1
0,0.1,0.1,0.1,0.1
0,0.1,0.1,0.1,0.2
