413.2,0.1,0.2,0.1,0.2
70.3,0.1,0.2,0.1,0.2
75.9,0.1,0.2,0.2,0.2
57,0.1,0.2,0.2,0.2
60.5,0.1,0.2,0.2,0.1
76.6,0.1,0.1,0.1,0.1
69.3,0.1,0.1,0.2,0.1
72,0.1,0.2,0.2,0.2
215.4,0.1,0.1,0.2,0.1
62.7,0.1,0.2,0.2,0.2
79.3,0.1,0.2,0.1,0.1
64.9,0.1,0.1,0.1,0.1
56.5,0.2,0.1,0.2,0.1
60.9,0.1,0.1,0.2,0.1
76.8,0.1,0.1,0.1,0.1
73.3,0.1,0.2,0.2,0.1
59.8,0.1,0.2,0.1,0.2
55.6,0.1,0.2,0.2,0.2
75.2,0.2,0.1,0.1,0.1
97.8,0.1,0.1,0.1,0.1
56.5,0.1,0.2,0.2,0.2
57.2,0.1,0.2,0.2,0.1
81.5,0.2,0.2,0.2,0.2
88.5,0.1,0.3,0.2,0.2
55.3,0.2,0.4,0.3,0.4
75.1,0.1,0.2,0.4,0.4
58.6,0.1,0.1,0.2,0.2
74.5,0.2,0.1,0.1,0.2
73.7,0.1,0.2,0.2,1.6
73,0.1,0.1,0.1,0.2
65.2,0.1,0.1,0.2,0.1
73.9,0.1,0.1,0.1,0.1
61.5,0.2,0.2,0.2,0.2
76.5,0.1,0.1,0.1,0.1
60.1,0.1,0.1,0.1,0.1
72.4,0.2,0.1,0.1,0.1
85.6,0.1,0.1,0.1,0.1
60.1,0.1,0.2,0.2,0.2
60.2,0.1,0.2,0.1,0.2
78.9,0.1,0.2,0.1,0.2
89.5,0.2,0.1,0.1,0.1
58.6,0.2,0.1,0.1,0.1
79,0.1,0.2,0.2,0.1
72.6,0.1,0.1,0.2,0.1
62.8,0.1,0.1,0.1,0.1
59.3,0.1,0.1,0.1,0.2
73.7,0.1,0.2,0.1,0.1
65.1,0.2,0.2,0.1,0.1
73.6,0.1,0.1,0.1,0.1
59.6,0.1,0.2,0.2,0.2
60.6,0.1,0.2,0.2,0.1
57.4,0.2,0.1,0.1,0.1
75.5,0.2,0.1,0.1,0.1
70.5,0.1,0.1,0.1,0.1
57.2,0.1,0.1,0.1,0.1
60.6,0.2,0.1,0.1,0.1
59.8,0.1,0.1,0.1,0.1
59.8,0.2,0.1,0.1,0.1
72.5,0.1,0.2,0.1,0.2
60.5,0.1,0.2,0.2,0.1
80.3,0.1,0.1,0.1,0.1
80.2,0.2,0.2,0.2,0.1
72.4,0.1,0.2,0.2,0.2
55.6,0.1,0.2,0.2,0.1
76.4,0.1,0.2,0.1,0.2
56.4,0.1,0.2,0.2,0.2
78.8,0.1,0.2,0.2,0.1
58.4,0.2,0.2,0.1,0.2
84.9,0.2,0.1,0.1,0.1
78.4,0.1,0.2,0.1,0.2
75.2,0.2,0.1,0.1,0.1
148.4,0.1,0.1,0.1,0.1
69.5,0.2,0.1,0.1,0.1
62.3,0.1,0.2,0.1,0.2
82.7,0.2,0.1,0.2,0.1
72.3,0.1,0.1,0.1,0.2
88.1,0.1,0.2,0.2,0.2
75.3,0.1,0.1,0.1,0.1
62,0.2,0.2,0.1,0.2
72.7,0.1,0.1,0.1,0.1
88.5,0.1,0.1,0.2,0.1
91.1,0.2,0.2,0.1,0.1
64.1,0.1,0.2,0.1,0.2
89.5,0.1,0.1,0.2,0.1
94.7,0.1,0.2,0.2,0.1
70.5,0.1,0.1,0.1,0.1
66.2,0.1,0.2,0.1,0.1
57.3,0.1,0.2,0.2,0.1
74.9,0.1,0.1,0.1,0.1
59,0.1,0.2,0.1,0.1
101.8,0.1,0.1,0.2,0.1
60.9,0.1,0.1,0.1,0.2
93.8,0.1,0.1,0.2,0.3
91.6,0.1,0.2,0.1,0.2
79.1,0.1,0.1,0.2,0.2
334.8,0.1,0.2,0.1,0.3
78.8,0.1,0.1,0.2,0.2
57.4,0.1,0.2,0.2,0.2
71.2,0.1,0.2,0.2,0.2
75.9,0.1,0.1,0.2,0.2
86.5,0.1,0.2,0.1,0.2
75.7,0.1,0.1,0.2,0.1
63.2,0.1,0.1,0.1,0.1
60,0.2,0.2,0.2,0.2
92.7,0.1,0.2,0.1,0.2
80.6,0.1,0.1,0.2,0.2
74.8,0.2,0.2,0.1,0.2
56.7,0.1,0.1,0.1,0.1
75.2,0.2,0.1,0.1,0.2
59.3,0.1,0.1,0.1,0.1
60.6,0.1,0.1,0.1,0.2
59.9,0.2,0.1,0.1,0.1
56.3,0.2,0.1,0.1,0.1
60.8,0.2,0.1,0.1,0.1
75.6,0.1,0.1,0.1,0.1
73.8,0.1,0.2,0.1,0.1
68.3,0.1,0.2,0.2,0.2
76,0.1,0.2,0.2,0.2
59.8,0.1,0.1,0.2,0.1
59.8,0.1,0.2,0.2,0.1
90,0.1,0.1,0.1,0.2
73.4,0.1,0.2,0.2,0.2
73.6,0.1,0.2,0.2,0.1
59.9,0.2,0.1,0.1,0.1
55.9,0.1,0.2,0.2,0.2
73.1,0.2,0.2,0.2,0.1
71.4,0.1,0.2,0.2,0.2
72.6,0.1,0.2,0.2,0.2
78.4,0.1,0.1,0.1,0.1
68.3,0.2,0.2,0.2,0.1
63.1,0.1,0.2,0.2,0.2
60,0.2,0.1,0.1,0.1
81.2,0.1,0.2,0.1,0.2
63.3,0.2,0.2,0.2,0.1
77.4,0.1,0.1,0.2,0.1
69.5,0.2,0.1,0.1,0.1
55.9,0.1,0.2,0.2,0.1
70.7,0.2,0.1,0.1,0.1
347.6,0.1,0.1,0.1,0.1
72,0.3,0.2,0.3,0.3
67.6,0.3,0.3,0.3,0.3
74.8,0.2,0.1,0.1,0.1
85.8,0.1,0.1,0.1,0.1
101.2,0.2,0.1,0.1,0.1
61.7,0.1,0.2,0.1,0.2
67.5,0.2,0.1,0.1,0.1
57,0.1,0.1,0.1,0.1
82.3,0.2,0.1,0.1,0.1
54.9,0.1,0.2,0.2,0.2
57,0.1,0.1,0.1,0.1
76.6,0.1,0.1,0.1,0.1
374,0.1,0.2,0.2,0.1
67.1,0.2,0.2,0.1,0.1
61.4,0.1,0.1,0.1,0.1
107.4,0.1,0.2,0.1,0.1
127.7,0.1,0.2,0.1,0.1
151.8,0.1,0.2,0.1,0.2
78.8,0.1,0.1,0.1,0.1
78.3,0.2,0.1,0.1,0.1
79.3,0.1,0.1,0.1,0.1
70.5,0.1,0.1,0.1,0.1
61,0.1,0.2,0.1,0.1
55.6,0.1,0.1,0.1,0.1
60,0.2,0.1,0.1,0.1
69.6,0.2,0.1,0.1,0.1
65.1,0.1,0.1,0.1,0.1
57.4,0.1,0.1,0.1,0.1
81.2,0.1,0.2,0.1,0.1
56.1,0.1,0.2,0.1,0.2
62.6,0.1,0.1,0.1,0.1
61.2,0.1,0.2,0.1,0.2
74.5,0.2,0.1,0.1,0.2
106.5,0.1,0.1,0.1,0.1
64.2,0.1,0.1,0.1,0.1
57.2,0.2,0.2,0.2,0.2
79,0.1,0.2,0.2,0.1
297.8,0.1,0.2,0.1,0.1
60.9,0.1,0.2,10.3,0.1
76,0.1,0.2,0.2,0.2
295.1,0.1,0.2,0.2,0.2
57.1,0.1,0.2,0.2,0.2
376.6,0.1,0.2,0.2,0.1
60.7,0.1,0.3,0.2,0.2
89.1,0.1,0.1,0.1,0.1
56.1,0.2,0.1,0.1,0.1
75.4,0.2,0.1,0.1,0.2
268.4,0.1,0.1,0.2,0.1
55.6,0.1,0.2,0.2,0.2
65.5,0.2,0.1,0.1,0.2
60.4,0.1,0.1,0.2,0.1
80.9,0.2,0.2,0.2,0.1
75.5,0.1,0.1,0.1,0.1
78.9,0.1,0.2,0.1,0.2
61,0.2,0.1,0.1,0.1
71.5,0.1,0.1,0.1,0.2
72.7,0.1,0.2,0.1,0.2
73.6,0.1,0.1,0.1,0.1
84.8,0.2,0.1,0.1,0.2
69.5,0.1,0.2,0.1,0.2
68.4,0.1,0.1,0.1,0.1
61.4,0.1,0.1,0.1,0.2
75.4,0.1,0.1,0.1,0.1
85.9,0.1,0.1,0.1,0.1
61.1,0.1,0.1,0.1,0.1
70.4,0.1,0.1,0.2,0.1
56.5,0.1,0.2,0.1,0.2
78.9,0.1,0.2,0.2,0.1
86.9,0.1,0.1,0.1,0.1
74.3,0.2,0.1,0.1,0.2
74.8,0.1,0.1,0.1,0.1
77,0.1,0.2,0.2,0.1
73.9,0.1,0.2,0.1,0.2
60,0.1,0.1,0.1,0.1
110.6,0.1,0.1,0.2,0.1
56.4,0.2,0.1,0.1,0.1
72.6,0.1,0.1,0.1,0.1
60.6,0.1,0.2,0.2,0.2
75.7,0.2,0.2,0.2,0.1
66,0.1,0.2,0.1,0.1
88.7,0.1,0.2,0.1,0.1
90.9,0.2,0.2,0.2,0.2
78.5,0.1,0.1,0.1,0.1
58.8,0.1,0.2,0.1,0.2
58.9,0.1,0.1,0.1,0.1
80.2,0.1,0.1,0.1,0.2
98.2,0.1,0.2,0.1,0.2
105.4,0.1,0.1,0.1,0.1
78.4,0.1,0.2,0.2,0.1
136,0.1,0.1,0.1,0.1
77.4,0.2,0.2,0.2,0.1
54.4,0.1,0.1,0.1,0.1
57.6,0.1,0.2,0.2,0.2
59.3,0.1,0.1,0.1,0.2
76.5,0.1,0.1,0.1,0.1
76.4,0.2,0.1,0.1,0.1
56.9,0.1,0.2,0.2,0.2
78.9,0.1,0.2,0.1,0.2
77.9,0.2,0.2,0.2,0.1
70.8,0.1,0.2,0.2,0.2
60.9,0.1,0.1,0.1,0.1
56.3,0.1,0.1,0.1,0.1
55.5,0.2,0.1,0.1,0.1
83,0.1,0.1,0.1,0.1
62.4,0.1,0.2,0.1,0.1
83.9,0.1,0.2,0.1,0.1
75.9,0.1,0.1,0.1,0.1
55.8,0.1,0.2,0.2,0.2
79.2,0.1,0.1,0.1,0.1
69.1,0.1,0.1,0.1,0.1
79.3,0.1,0.2,0.2,0.1
82.5,0.1,0.1,0.1,0.1
79.1,0.1,0.1,0.2,0.1
68.3,0.2,0.1,0.1,0.1
56.2,0.2,0.1,0.1,0.1
68.2,0.2,0.1,0.1,0.1
74.4,0.2,0.1,0.1,0.1
566.4,0.1,0.2,0.1,0.2
493.4,0.1,0.1,0.1,0.1
481.2,0.1,0.2,0.2,0.1
75.1,0.1,0.2,0.1,0.2
56.8,0.1,0.1,0.1,0.1
61.4,0.1,0.2,0.1,0.2
64.5,0.1,0.1,0.1,0.1
71.3,0.1,0.1,0.2,0.2
72.2,0.2,0.3,0.2,0.2
66.3,0.2,0.2,0.2,0.1
66.2,0.1,0.2,0.2,0.2
56.5,0.1,0.1,0.2,0.2
82.7,0.1,0.1,0.1,0.2
114.7,0.2,0.2,0.2,0.2
284,0.1,0.2,0.2,0.2
76.3,0.1,0.3,0.1,0.2
68.7,0.2,0.1,0.2,0.1
65.3,0.1,0.2,0.2,0.2
77.2,0.1,0.1,0.1,0.2
66.4,0.1,0.1,0.1,0.1
129.3,0.1,0.1,0.1,0.1
86.4,0.1,0.1,0.1,0.1
78.5,0.1,0.1,0.1,0.1
63.7,0.1,0.1,0.2,0.2
292,0.3,0.3,0.4,0.2
102.8,0.1,0.2,0.2,0.2
66.9,0.4,0.4,0.5,0.3
71.4,0.2,0.1,0.1,0.1
76.5,0.3,0.3,0.3,0.3
113.8,0.1,0.2,0.2,0.2
95.8,0.1,0.3,0.2,0.2
86.5,0.1,0.2,0.2,0.2
94.2,0.1,0.3,0.2,0.4
82.9,0.1,0.3,0.2,0.2
69.5,0.1,0.4,0.1,0.2
64.6,0.1,0.3,0.1,0.2
215.3,0.1,0.1,0.1,0.1
74.4,0.2,0.2,0.2,0.1
80.6,0.1,0.2,0.2,0.2
69.6,0.1,0.1,0.1,0.1
79.4,0.1,0.1,0.1,0.1
194,0.2,0.2,0.2,0.2
67.9,0.1,0.1,0.1,0.1
101.1,0.1,0.1,0.1,0.2
64.4,0.3,0.4,0.4,0.3
112.9,0.1,0.2,0.2,0.2
83.5,0.1,0.2,0.2,0.3
72.8,0.1,0.2,0.2,0.2
147,0.2,0.2,0.2,0.2
63.2,0.1,0.4,0.2,0.2
76,0.1,0.2,0.2,0.1
80.8,0.1,0.2,0.2,0.2
311.3,0.1,0.1,0.2,0.1
56.8,0.2,0.1,0.2,0.1
379.6,0.1,0.2,0.1,0.2
72.8,0.1,0.2,0.2,0.2
77.9,0.1,0.1,0.2,0.1
415.7,0.1,0.1,0.1,0.1
66.5,0.2,0.2,0.2,0.2
67.2,0.1,0.2,0.2,0.3
58.7,0.1,0.2,0.2,0.2
101.6,0.1,0.2,0.3,0.1
76.8,0.1,0.2,0.2,0.1
85.5,0.2,0.2,0.2,0.1
73.7,0.1,0.2,0.1,0.2
83.2,0.1,0.1,0.2,0.1
73.9,0.1,0.1,0.1,0.1
64.8,0.1,0.2,0.1,0.1
76.5,0.2,0.1,0.1,0.1
295.9,0.1,0.1,0.1,0.1
74.4,0.1,0.1,0.1,0.1
127.3,0.2,0.2,0.2,0.2
66.6,0.2,0.1,0.1,0.1
83.9,0.2,0.2,0.2,0.2
76.9,0.1,0.2,0.1,0.2
70.2,0.2,0.1,0.1,0.1
60.6,0.1,0.1,0.1,0.1
68.3,0.1,0.1,0.1,0.1
89.4,0.1,0.1,0.1,0.1
117.8,0.1,0.2,0.3,0.3
62.5,0.2,0.2,0.2,0.2
63.5,0.1,0.2,0.2,0.2
60.5,0.2,0.2,0.2,0.1
104.9,0.1,0.2,0.1,0.2
68.1,0.1,0.2,0.2,0.3
80.4,0.2,0.2,0.2,0.2
79.2,0.1,0.2,0.2,0.2
77.8,0.1,0.2,0.2,0.2
97.3,0.1,0.2,0.2,0.2
84.2,0.1,0.2,0.2,0.2
64.9,0.2,0.1,0.1,0.1
80.8,0.1,0.2,0.2,0.2
60.1,0.1,0.2,0.1,0.2
80.6,0.1,0.2,0.2,0.2
77,0.2,0.2,0.2,0.2
71.6,0.1,0.2,0.1,0.2
275.8,0.2,0.2,0.2,0.2
90.1,0.1,0.2,0.2,0.2
60.1,0.1,0.2,0.1,0.2
62,0.1,0.2,0.2,0.2
80.9,0.1,0.1,0.1,0.3
63.2,0.1,0.2,0.2,0.2
77.7,0.1,0.5,0.2,0.2
73.9,0.3,0.3,0.2,0.4
94.2,0.1,0.1,0.2,0.2
78.5,0.1,0.1,0.2,0.2
79.9,0.1,0.3,0.2,0.2
63.7,0.1,0.1,0.2,0.1
81.8,0.2,0.2,0.2,0.2
75.3,0.1,0.2,0.1,0.2
116.7,0.1,0.2,0.2,0.2
80.3,0.1,0.2,0.2,0.2
352.4,0.1,0.2,0.2,0.2
64.9,0.1,0.2,0.2,0.2
126.5,0.2,0.2,0.2,0.2
78.2,0.3,0.3,0.3,0.3
364.9,0.1,0.2,0.3,0.2
90.7,0.1,0.2,0.2,0.2
99.7,0.2,0.2,0.1,0.2
62.9,0.1,0.2,0.2,0.2
74.3,0.1,0.2,0.2,0.2
68,0.1,0.2,0.2,0.2
66.3,0.1,0.2,0.2,0.1
63.4,0.1,0.2,0.1,0.1
58.8,0.1,0.2,0.2,0.2
245.4,0.1,0.2,0.2,0.1
61.7,0.2,0.2,0.2,0.2
262.2,0.1,0.1,0.1,0.2
56.1,0.1,0.2,0.2,0.2
72.6,0.1,0.1,0.1,0.2
72.5,0.1,0.2,0.2,0.3
186.1,0.2,0.1,0.1,0.2
66.5,0.2,0.4,0.2,0.2
87.8,0.2,0.2,0.2,0.2
73.7,0.1,0.2,0.2,0.2
78.6,0.2,0.3,0.2,0.2
61.6,0.1,0.2,0.2,0.2
383.9,0.1,0.1,0.2,0.2
70.6,0.1,0.1,0.3,0.2
283.1,0.1,0.2,0.2,0.2
80.1,0.1,0.1,0.2,0.2
62.6,0.1,0.2,0.2,0.2
375.3,0.1,0.2,0.2,0.1
76.1,0.2,0.2,0.2,0.2
325.7,0.1,0.2,0.1,0.2
58.7,0.1,0.3,0.2,0.2
476.9,0.2,0.2,0.2,0.2
58,0.1,0.1,0.2,0.2
358,0.2,0.2,0.2,0.3
61.8,0.2,0.2,0.2,0.2
71.4,0.1,0.1,0.1,0.2
82.4,0.1,0.2,0.2,0.2
98.8,0.2,0.1,0.1,0.2
86.3,0.1,0.2,0.2,0.2
70.7,0.2,0.2,0.1,0.3
337.7,0.1,0.1,0.2,0.2
60.4,0.2,0.2,0.5,0.2
406.7,0.2,0.2,0.2,0.1
86.4,0.1,0.1,0.2,0.1
73.2,0.1,0.1,0.1,0.1
78.1,0.1,0.2,0.2,0.2
71.2,0.1,0.1,0.1,0.2
345.4,0.1,0.1,0.1,0.2
73.6,0.1,0.2,0.2,0.2
393.9,0.1,0.1,0.1,0.2
68.9,0.1,0.2,0.2,0.2
88.5,0.1,0.2,0.2,0.2
80.4,0.2,0.1,0.2,0.2
56.6,0.2,0.2,0.1,0.2
69.8,0.2,0.2,0.2,0.1
71.2,0.1,0.1,0.1,0.2
290.3,0.1,0.2,0.2,0.1
61.3,0.1,0.1,0.2,0.2
412.6,0.1,0.1,0.1,0.2
75,0.2,0.2,0.2,0.4
86.6,0.2,0.1,0.1,0.2
60.2,0.1,0.3,0.2,0.2
81.5,0.1,0.2,0.1,0.2
71.8,0.1,0.1,0.2,0.1
74.9,0.2,0.2,0.1,0.2
459.1,0.1,0.2,0.1,0.2
57.3,0.1,0.1,0.1,0.2
80.5,0.2,0.1,0.1,0.2
60,0.1,0.2,0.2,0.2
109.5,0.1,0.2,0.2,0.2
326.4,0.2,0.2,0.1,0.2
60.2,0.2,0.2,0.2,0.2
376.3,0.2,0.1,0.1,0.2
79.5,0.1,0.2,0.1,9.8
409.5,0.1,0.1,0.1,0.2
61.1,0.1,0.3,0.2,0.1
82.6,0.1,0.2,0.1,0.2
65.5,0.1,0.1,0.2,0.2
69.6,0.1,0.1,0.1,0.2
55.6,0.2,0.1,0.2,0.2
60.8,0.1,0.1,0.1,0.1
285.3,0.1,0.2,0.2,0.1
74.9,0.1,0.2,0.1,0.2
109.9,0.1,0.1,0.1,0.2
56.9,0.1,0.1,0.1,0.2
68.6,0.1,0.1,0.2,0.2
302,0.1,0.2,0.2,0.3
78.5,0.1,0.2,0.1,0.2
81.1,0.2,0.2,0.2,0.2
69.6,0.1,0.2,0.2,0.2
311.5,0.1,0.2,0.1,0.2
60.8,0.2,0.2,0.1,0.2
297.7,0.2,0.2,0.2,0.1
60.4,0.2,0.2,0.2,0.2
73.3,0.1,0.2,0.1,0.2
60.6,0.2,0.2,0.1,0.2
81.5,0.1,0.2,0.2,0.2
325,0.2,0.2,0.4,0.2
60.7,0.1,0.1,0.1,0.4
317.1,0.1,0.2,0.2,0.2
62,0.1,0.1,0.1,0.2
74.1,0.2,0.1,0.1,0.1
74.3,0.2,0.2,0.1,0.2
62.6,0.1,0.2,0.2,0.1
57.1,0.1,0.2,0.2,0.1
79.3,0.1,0.1,0.1,0.1
57.2,0.1,0.1,0.1,0.1
84.3,0.1,0.1,0.2,0.1
61.5,0.1,0.2,0.2,0.2
68.9,0.1,0.1,0.1,0.2
78.9,0.2,0.2,0.1,0.1
82.3,0.1,0.1,0.2,0.2
79.1,0.2,0.2,0.2,0.3
72,0.1,0.1,0.1,0.1
91.2,0.1,0.1,0.1,0.1
63.3,0.2,0.2,0.1,0.2
77.5,0.1,0.2,0.1,0.2
57.4,0.2,0.2,0.1,0.2
84.9,0.1,0.1,0.1,0.3
87.2,0.1,0.1,0.1,0.2
58.5,0.2,0.2,0.2,0.2
72.8,0.2,0.1,0.1,0.2
65.9,0.1,0.3,0.1,0.4
72.5,0.1,0.2,0.2,0.2
79.2,0.2,0.2,0.1,0.3
84.9,0.1,0.3,0.1,0.2
80.3,0.1,0.2,0.1,0.2
57,0.1,0.2,0.2,0.1
84.7,0.1,0.1,0.2,0.1
88.5,0.2,0.1,0.1,0.1
60.1,0.1,0.1,0.1,0.1
89.7,0.1,0.2,0.2,0.1
89.8,0.2,0.1,0.1,0.2
55.3,0.2,0.2,0.1,0.2
81.1,0.1,0.1,0.2,0.1
60.6,0.2,0.1,0.1,0.1
71.3,0.1,0.1,0.1,0.1
79.8,0.1,0.2,0.2,0.1
72.5,0.1,0.2,0.2,0.1
87.1,0.2,0.1,0.1,0.1
65.9,0.2,0.1,0.1,0.1
467,0.2,0.3,0.2,0.2
493,0.1,0.2,0.2,0.2
468,0.1,0.2,0.2,0.2
118.8,0.1,0.1,0.1,0.1
80.5,0.2,0.2,0.2,0.2
73.7,0.1,0.2,0.2,0.2
70.2,0.1,0.2,0.2,0.2
86,0.1,0.3,0.2,0.2
64.9,0.1,0.3,0.2,0.2
72.7,0.1,0.2,0.2,0.2
73.6,0.1,0.3,0.3,0.2
65.6,0.1,0.2,0.2,0.2
85.3,0.1,0.2,0.2,0.2
72,0.1,0.3,0.2,0.2
62.8,0.1,0.2,0.2,0.2
85.6,0.2,0.2,0.1,0.2
74.7,0.1,0.1,0.2,0.2
82.2,0.2,0.3,0.3,0.3
84.1,0.1,0.3,0.3,0.3
283.5,0.2,0.3,0.2,0.2
79.4,0.1,0.2,0.2,0.2
74.2,0.2,0.2,0.2,0.2
77.6,0.2,0.2,0.2,0.2
82.2,0.1,0.2,0.2,0.2
87.3,0.1,0.2,0.1,0.2
109.3,0.1,0.4,0.2,0.2
83.1,0.1,0.2,0.1,0.2
81.2,0.1,0.2,0.1,0.2
81.4,0.2,0.2,0.2,0.2
75.8,0.1,0.1,0.1,0.1
66.4,0.1,0.2,0.1,0.2
73.1,0.1,0.1,0.2,0.1
112.6,0.3,0.4,0.4,0.4
85.1,0.2,0.2,0.2,0.2
81.9,0.1,0.2,0.5,0.2
69.4,0.1,0.1,0.2,0.2
62.2,0.2,0.2,0.2,0.2
62.3,0.2,0.1,0.1,0.1
72,0.1,0.2,0.2,0.2
72.4,0.2,0.1,0.1,0.1
82.3,0.1,0.2,0.2,0.2
100.1,0.2,0.2,0.2,0.1
76,0.1,0.2,0.2,0.2
74.5,0.1,0.2,0.2,0.1
60.4,0.1,0.2,0.2,0.2
86.3,0.2,0.2,0.2,0.2
79,0.1,0.1,0.1,0.1
103.2,0.1,0.2,0.2,0.2
66.1,0.1,0.1,0.1,0.1
78,0.2,0.2,0.2,0.1
70.7,0.1,0.1,0.1,0.1
407.6,0.2,0.1,0.1,0.1
65.8,0.1,0.2,0.2,0.1
62.9,0.1,0.1,0.2,0.1
69,0.1,0.3,0.1,0.2
76.6,0.1,0.1,0.1,0.1
113.4,0.2,0.3,0.2,0.2
69.8,0.1,0.2,0.2,0.2
60.3,0.1,0.2,0.1,0.1
83.5,0.2,0.1,0.1,0.1
355.7,0.1,0.1,0.1,0.1
87.7,0.4,0.4,0.3,0.4
73.5,0.1,0.1,0.1,0.1
87,0.1,0.2,0.2,0.2
61.9,0.1,0.3,0.2,0.2
68.3,0.1,0.1,0.2,0.2
81.4,0.2,0.1,0.1,0.2
2448.2,0.1,0.2,0.2,0.3
106.4,0.1,0.2,0.1,0.2
67.2,0.1,0.2,0.2,0.2
62,0.1,0.1,0.1,0.1
62.3,0.1,0.2,0.2,0.2
57.1,0.1,0.1,0.1,0.1
98.8,0.1,0.2,0.1,0.2
55.6,0.1,0.2,0.2,0.2
61.1,0.1,0.1,0.1,0.1
64,0.1,0.1,0.1,0.1
63.6,0.1,0.1,0.1,0.1
61.7,0.1,0.2,0.2,0.1
61.8,0.1,0.2,0.1,0.2
66.9,0.1,0.1,0.1,0.1
64.7,0.1,0.1,0.2,0.2
73.7,0.1,0.2,0.3,0.2
126.3,0.1,0.1,0.1,0.3
94.3,0.1,0.2,0.2,0.2
89.1,0.1,0.2,0.1,0.2
80.5,0.3,0.2,0.3,0.3
78.7,0.2,0.1,0.1,0.1
78.1,0.1,0.3,0.2,0.2
59.5,0.2,0.2,0.2,0.2
61.1,0.1,0.2,0.2,0.2
71.4,0.1,0.1,0.1,0.2
76.1,0.1,0.2,0.2,0.1
100,0.1,0.3,0.2,0.2
80.3,0.2,0.2,0.2,0.2
99.8,0.1,0.2,0.2,0.2
65.7,0.1,0.2,0.2,0.1
79.1,0.1,0.2,0.1,0.2
56,0.1,0.1,0.1,0.1
75.2,0.1,0.1,0.1,0.1
64.7,0.1,0.1,0.1,0.1
61.6,0.2,0.1,0.1,0.1
67.2,0.2,0.2,0.1,0.2
71,0.1,0.2,0.1,0.3
80,0.2,0.1,0.2,0.2
68.9,0.1,0.2,0.2,0.2
63.9,0.1,0.2,0.1,0.2
65.2,0.2,0.2,0.2,0.2
55.9,0.1,0.2,0.2,0.2
71.5,0.1,0.2,0.2,0.2
64.7,0.2,0.2,0.2,0.2
90.1,0.1,0.1,0.1,0.2
101.2,0.1,0.2,0.2,0.2
63.1,0.1,0.2,0.1,0.2
67.9,0.1,0.2,0.2,0.2
82.3,0.1,0.2,0.1,0.2
78.9,0.1,0.1,0.2,0.2
384.5,0.1,0.1,0.1,0.2
57.5,0.1,0.2,0.2,0.2
58.1,0.1,0.2,0.1,0.2
106.3,0.1,0.1,0.1,0.2
57.1,0.1,0.2,0.1,0.2
75.3,0.1,0.1,0.1,0.2
77.9,0.1,0.2,0.2,0.2
56,0.1,0.2,0.2,0.1
75.5,0.1,0.1,0.1,0.1
70.3,0.1,0.1,0.1,0.2
75.2,0.1,0.2,0.1,0.1
235.9,0.1,0.1,0.1,0.1
74.8,0.1,0.1,0.1,0.1
75.1,0.2,0.2,0.2,0.2
58,0.1,0.2,0.2,0.1
76.8,0.1,0.1,0.1,0.1
71.3,0.1,0.2,0.1,0.1
56.9,0.1,0.1,0.1,0.1
84.4,0.1,0.1,0.1,0.1
62,0.1,0.2,0.2,0.1
55.7,0.2,0.1,0.1,0.2
75.3,0.1,0.2,0.2,0.1
61.5,0.1,0.1,0.1,0.1
65.2,0.1,0.1,0.1,0.1
75.7,0.1,0.2,0.2,0.1
61.4,0.1,0.4,0.1,0.1
81.1,0.1,0.1,0.1,0.1
72.1,0.3,0.4,0.2,0.3
75.9,0.2,0.2,0.2,0.1
77.4,0.1,0.2,0.1,0.2
98.1,0.1,0.1,0.1,0.1
82.6,0.1,0.2,0.2,0.1
60,0.3,0.2,0.1,0.1
80.3,0.2,0.2,0.2,0.2
96.5,0.1,0.2,0.2,0.2
94.2,0.1,0.2,0.1,0.2
62.3,0.1,0.2,0.1,0.1
58.5,0.1,0.2,0.2,0.2
64.4,0.1,0.2,0.2,0.2
60.3,0.1,0.2,0.1,0.2
76.7,0.1,0.2,0.1,0.2
64.4,0.1,0.1,0.1,0.1
68.2,0.2,0.2,0.1,0.2
59.2,0.1,0.1,0.2,0.1
72.4,0.1,0.2,0.2,0.1
58,0.1,0.2,0.1,0.2
74.8,0.2,0.2,0.2,0.2
64.2,0.2,0.1,0.2,0.2
79.1,0.2,0.2,0.1,0.4
61.8,0.1,0.1,0.1,0.4
64.6,0.1,0.2,0.2,0.2
62.1,0.1,0.1,0.1,0.2
57.1,0.1,0.1,0.1,0.2
70.7,0.1,0.2,0.1,0.2
76.7,0.1,0.1,0.1,0.2
56.6,0.2,0.1,0.1,0.2
76.3,0.1,0.1,0.1,0.2
64.7,0.1,0.2,0.2,0.2
75.3,0.1,0.2,0.1,0.4
89.4,0.1,0.2,0.1,0.1
74.8,0.1,0.2,0.2,0.2
64.2,0.2,0.2,0.2,0.2
58.1,0.1,0.2,0.2,0.2
64.3,0.1,0.1,0.1,0.2
75.9,0.1,0.2,0.2,0.2
75.2,0.1,0.1,0.1,0.2
55.8,0.1,0.1,0.2,0.1
57.9,0.1,0.2,0.2,0.2
92.8,0.1,0.2,0.2,0.1
55.6,0.1,0.2,0.2,0.1
95.7,0.2,0.1,0.1,0.2
72.5,0.1,0.1,0.1,0.1
58.8,0.2,0.1,0.2,0.2
404.8,0.1,0.2,0.1,0.2
76.1,0.2,0.2,0.1,0.2
63.2,0.1,0.2,0.2,0.1
75.2,0.1,0.1,0.2,0.1
75.7,0.1,0.1,0.1,0.1
92.7,0.1,0.1,0.1,0.1
55,0.1,0.2,0.2,0.2
81.4,0.1,0.2,0.1,0.2
75.9,0.1,0.1,0.2,0.1
75.1,0.1,0.2,0.2,0.2
77.2,0.1,0.2,0.1,0.2
82.7,0.1,0.1,0.1,0.1
71.6,0.1,0.2,0.2,0.1
109.4,0.1,0.2,0.2,0.1
55.9,0.2,0.3,0.1,0.2
74.4,0.1,0.1,0.2,0.1
63,0.2,0.2,0.2,0.2
57.2,0.1,0.2,0.1,0.2
61,0.1,0.2,0.2,0.2
71.7,0.1,0.2,0.2,0.2
55.5,0.1,0.2,0.2,0.1
71.4,0.1,0.1,0.1,9.5
61.4,0.1,0.1,0.1,0.2
57.4,0.1,0.1,0.1,0.1
55.7,0.2,0.1,0.1,0.1
55.3,0.1,0.2,0.2,0.2
84.5,0.1,0.2,0.1,0.2
61.2,0.1,0.1,0.1,0.1
63.1,0.1,0.1,0.1,0.2
101,0.1,0.2,0.2,0.2
76.4,0.2,0.2,0.2,0.1
78.8,0.2,0.1,0.1,0.1
75.8,0.1,0.2,0.2,0.1
91.1,0.1,0.1,0.1,0.1
56.1,0.1,0.1,0.1,0.1
70.9,0.1,0.1,0.1,0.2
73.2,0.2,0.2,0.2,0.2
57.2,0.1,0.2,0.1,0.2
70,0.1,0.1,0.2,0.2
296.8,0.1,0.2,0.1,0.2
55.6,0.1,0.2,0.1,0.2
56.1,0.1,0.2,0.1,0.2
64,0.2,0.1,0.1,0.2
87.8,0.1,0.2,0.2,0.2
58,0.1,0.3,0.2,0.2
287.6,0.1,0.2,0.2,0.2
84,0.1,0.1,0.1,0.2
56.7,0.1,0.2,0.2,0.2
56.5,0.2,0.2,0.2,0.2
76,0.1,0.1,0.1,0.2
76.7,0.1,0.2,0.1,0.2
57,0.1,0.1,0.1,0.1
79.2,0.1,0.2,0.1,0.2
56.4,0.1,0.2,0.2,0.1
61.2,0.2,0.1,0.1,0.1
88.4,0.1,0.1,0.1,0.1
56.4,0.1,0.2,0.2,0.2
70.8,0.2,0.2,0.1,0.2
57.3,0.1,0.1,0.1,0.1
60.5,0.1,0.2,0.2,0.2
78.8,0.1,0.1,0.1,0.2
56.1,0.1,0.2,0.2,0.2
80.2,0.2,0.2,0.1,0.2
296.2,0.1,0.2,0.1,0.3
68.2,0.2,0.2,0.2,0.1
56.7,0.2,0.1,0.1,0.1
470.6,0.1,0.2,0.2,0.2
474.1,0.1,0.1,0.1,0.2
148.1,0.1,0.1,0.2,0.2
69.8,0.1,0.4,0.2,0.2
61.9,0.1,0.1,0.2,0.2
79.8,0.1,0.1,0.1,0.1
76.3,0.1,0.2,0.1,0.2
124.8,0.1,0.1,0.1,0.2
71.5,0.3,0.3,0.3,0.3
68.5,0.2,0.1,0.1,0.1
75.6,0.1,0.2,0.2,0.1
61.9,0.2,0.2,0.2,0.2
75.3,0.1,0.1,0.1,0.1
65,0.1,0.1,0.2,0.1
75.4,0.1,0.2,0.1,0.2
62.1,0.1,0.2,0.2,0.2
72.4,0.2,0.1,0.1,0.1
101.3,0.1,0.2,0.2,0.2
66.9,0.1,0.1,0.3,0.2
75.8,0.2,0.1,0.1,0.1
106.8,0.1,0.2,0.2,0.1
77.6,0.1,0.1,0.1,0.1
74,0.2,0.1,0.1,0.1
80.2,0.1,0.2,0.2,0.2
61.8,0.1,0.1,0.1,0.2
109.8,0.1,0.1,0.1,0.1
87.9,0.1,0.2,0.2,0.2
91.4,0.1,0.1,0.2,0.2
77.2,0.1,0.1,0.1,0.4
78.6,0.1,0.2,0.2,0.2
64.5,0.1,0.1,0.1,0.2
81.8,0.1,0.1,0.1,0.1
78.4,0.2,0.1,0.1,0.1
86.4,0.1,0.2,0.3,0.1
93,0.1,0.2,0.2,0.2
108.6,0.1,0.2,0.2,0.2
80.2,0.1,0.2,0.2,0.2
68.9,0.1,0.2,0.2,0.1
62.5,0.1,0.1,0.1,0.1
78,0.2,0.1,0.2,0.1
69.8,0.1,0.2,0.2,0.1
150.3,0.3,0.3,0.4,0.3
86.3,0.1,0.2,0.2,0.1
79.6,0.1,0.2,0.1,0.2
86.1,0.1,0.1,0.1,0.2
64.4,0.2,0.2,0.2,0.2
79.4,0.1,0.2,0.2,0.2
70.5,0.1,0.2,0.1,0.2
107,0.1,0.2,0.2,0.2
67.6,0.1,0.2,0.2,0.2
61.1,0.2,0.1,0.1,0.1
74.7,0.1,0.1,0.1,0.1
75.8,0.1,0.3,0.1,0.1
57.9,0.1,0.2,0.1,0.2
61.5,0.2,0.1,0.1,0.1
57,0.1,0.2,0.2,0.2
79.2,0.1,0.1,0.2,0.1
80.3,0.1,0.2,0.2,0.2
61.7,0.1,0.1,0.1,0.1
78.4,0.1,0.2,0.1,0.2
63.8,0.1,0.1,0.2,0.1
70.9,0.1,0.2,0.2,0.1
331.2,0.2,0.1,0.1,0.1
71.5,0.1,0.2,0.2,0.1
97.7,0.1,0.3,0.2,0.2
102.7,0.1,0.2,0.1,0.2
90.7,0.1,0.3,0.2,0.2
65.1,0.1,0.1,0.1,0.1
61.4,0.2,0.1,0.1,0.1
64.4,0.2,0.2,0.1,0.2
88,0.2,0.2,0.1,0.2
70.4,0.1,0.2,0.2,0.1
88.3,0.1,0.1,0.1,0.1
83.8,0.1,0.2,0.2,0.2
68.7,0.2,0.1,0.1,0.1
58.4,0.1,0.2,0.2,0.1
68.2,0.1,0.1,0.1,0.1
80.9,0.1,0.1,0.1,0.1
78.2,0.1,0.2,0.2,0.1
74.1,0.1,0.1,0.1,0.2
69.8,0.2,0.2,0.1,0.2
64.3,0.2,0.1,0.1,0.1
81,0.1,0.2,0.2,0.2
77.3,0.2,0.2,0.2,0.2
73.9,0.2,0.1,0.1,0.1
86.9,0.1,0.1,0.1,0.1
74.9,0.2,0.1,0.2,0.1
82.2,0.1,0.1,0.1,0.1
55.8,0.1,0.1,0.1,0.1
70.8,0.1,0.2,0.2,0.1
57.8,0.1,0.1,0.1,0.1
56.3,0.1,0.1,0.1,0.1
78.8,0.1,0.2,0.1,0.1
67.4,0.1,0.1,0.1,0.1
74.5,0.1,0.2,0.2,0.1
67,0.1,0.1,0.1,0.1
75.5,0.1,0.1,0.1,0.1
73,0.1,0.1,0.1,0.1
97.1,0.1,0.2,0.2,0.1
57.4,0.1,0.1,0.2,0.1
77.7,0.1,0.1,0.1,0.1
71.1,0.1,0.1,0.1,0.1
108.7,0.1,0.2,0.2,0.2
71.8,0.2,0.2,0.2,0.2
91,0.2,0.1,0.2,0.2
75.9,0.1,0.2,0.2,0.2
112.6,0.1,0.2,0.2,0.2
78.4,0.2,0.1,0.1,0.2
78,0.1,0.2,0.2,0.2
89.6,0.2,0.1,0.1,0.2
84.9,0.1,0.3,0.2,0.5
72,0.1,0.3,0.4,0.3
70.2,0.1,0.2,0.2,0.3
73.5,0.1,0.2,0.2,0.2
67.8,0.1,0.1,0.1,0.2
81.8,0.1,0.1,0.1,0.1
58.4,0.1,0.1,0.1,0.1
73.4,0.1,0.1,0.1,0.1
81.5,0.1,0.1,0.1,0.1
86.4,0.2,0.1,0.1,0.1
78.1,0.1,0.1,0.1,0.1
81.4,0.1,0.1,0.1,0.1
57.9,0.1,0.1,0.1,0.1
56.8,0.1,0.2,0.2,0.2
96.8,0.2,0.2,0.1,0.2
82.2,0.3,0.3,0.3,0.3
62,0.2,0.2,0.2,0.2
74.8,0.1,0.1,0.1,0.1
61.5,0.1,0.2,0.2,0.2
58.1,0.1,0.1,0.1,0.1
55.2,0.1,0.2,0.2,0.1
71.5,0.2,0.1,0.1,0.1
81.6,0.2,0.2,0.1,0.2
66.6,0.1,0.2,0.2,0.1
70.8,0.1,0.1,0.1,0.1
63.2,0.1,0.1,0.2,0.1
76,0.2,0.1,0.1,0.1
62.1,0.1,0.1,0.1,0.1
60.6,0.1,0.1,0.1,0.1
66.5,0.1,0.2,0.2,0.1
55.9,0.2,0.1,0.1,0.1
87.7,0.2,0.1,0.1,0.1
74,0.4,0.3,0.2,0.3
57.1,0.1,0.1,0.1,0.1
77.9,0.1,0.2,0.2,0.1
61,0.1,0.1,0.1,0.1
80.2,0.1,0.2,0.2,0.2
76.6,0.2,0.1,0.1,0.1
70.3,0.1,0.2,0.2,0.1
57.3,0.2,0.1,0.1,0.1
76.5,0.1,0.2,0.2,0.2
69,0.2,0.2,0.1,0.2
76.2,0.1,0.2,0.1,0.3
55.2,0.1,0.1,0.1,0.2
70.5,0.1,0.2,0.2,0.2
61.8,0.2,0.1,0.1,0.1
76.8,0.1,0.2,0.2,0.2
60.2,0.1,0.1,0.2,0.1
60.1,0.2,0.1,0.1,0.1
56.4,0.2,0.1,0.1,0.1
75.7,0.1,0.1,0.1,0.1
60.5,0.2,0.1,0.1,0.1
57.2,0.1,0.2,0.1,0.2
74.3,0.1,0.1,0.1,0.1
118.5,0.1,0.1,0.1,0.1
55.7,0.1,0.1,0.1,0.2
87.9,0.1,0.2,0.1,0.2
56.6,0.1,0.1,0.1,0.2
76.4,0.1,0.1,0.2,0.2
67.1,0.2,0.1,0.1,0.1
59.8,0.1,0.2,0.1,0.2
61.2,0.2,0.1,0.1,0.2
68.7,0.2,0.2,0.2,0.2
55.8,0.1,0.2,0.1,0.2
60.8,0.1,0.1,0.2,0.1
56,0.1,0.2,0.2,0.2
71.6,0.2,0.1,0.1,0.1
61.1,0.1,0.2,0.2,0.2
56.9,0.2,0.2,0.2,0.2
81.9,0.1,0.1,0.1,0.1
81.7,0.1,0.1,0.2,0.1
60.2,0.1,0.2,0.1,0.3
61.5,0.1,0.2,0.1,0.1
61.2,0.2,0.1,0.1,0.2
271.4,0.2,0.1,0.1,0.2
59.2,0.1,0.2,0.1,0.2
74,0.2,0.3,0.1,0.2
73.3,0.2,0.2,0.1,0.2
58.3,0.1,0.2,0.1,0.2
60.4,0.1,0.2,0.1,0.2
74.2,0.1,0.2,0.1,0.2
63.3,0.2,0.1,0.1,0.1
64.2,0.1,0.1,0.2,0.2
75.5,0.1,0.2,0.2,0.2
76.4,0.1,0.2,0.2,0.2
59.9,0.1,0.2,0.1,0.2
56.4,0.2,0.1,0.1,0.1
76,0.1,0.2,0.2,0.1
62.4,0.2,0.1,0.1,0.1
56.3,0.1,0.2,0.1,0.2
60.7,0.1,0.1,0.1,0.1
271.7,0.1,0.2,0.2,0.1
59.4,0.1,0.2,0.2,0.2
69,0.1,0.2,0.2,0.1
62.4,0.1,0.2,0.1,0.2
77.2,0.2,0.1,0.1,0.2
88,0.1,0.2,0.2,0.2
56.6,0.2,0.1,0.1,0.1
92.8,0.1,0.1,0.1,0.1
55.7,0.2,0.2,0.1,0.2
61.6,0.1,0.2,0.1,0.2
66.2,0.2,0.2,0.1,0.2
88.7,0.1,0.1,0.2,0.1
56.9,0.1,0.2,0.2,0.1
56,0.1,0.2,0.2,0.1
79.8,0.1,0.1,0.2,0.1
61,0.2,0.1,0.2,0.1
80,0.2,0.2,0.1,0.2
56.8,0.1,0.1,0.1,0.1
61.8,0.1,0.1,0.1,0.2
268.6,0.2,0.2,0.1,0.2
61,0.1,0.2,0.2,0.1
81.6,0.2,0.2,0.2,0.1
71.8,0.1,0.1,0.1,0.1
57,0.1,0.2,0.2,0.1
95.7,0.1,0.2,0.2,0.2
62.5,0.1,0.2,0.2,0.1
70.7,0.1,0.1,0.1,0.1
56.8,0.1,0.1,0.1,0.2
59.6,0.1,0.1,0.1,0.1
80.1,0.1,0.1,0.1,0.1
66.3,0.2,0.1,0.1,0.1
75.8,0.1,0.1,0.1,0.1
76.3,0.1,0.1,0.2,0.1
55.7,0.1,0.2,0.2,0.1
79.7,0.1,0.2,0.2,0.2
61.4,0.2,0.1,0.1,0.1
56.7,0.2,0.1,0.1,0.1
92.8,0.2,0.2,0.1,0.2
76.2,0.2,0.1,0.1,0.1
78.3,0.1,0.2,0.2,0.1
66.4,0.1,0.1,0.1,0.1
79.9,0.1,0.1,0.1,0.2
96.3,0.2,0.1,0.1,0.1
97.5,0.2,0.1,0.2,0.2
187.5,0.1,0.2,0.1,0.2
62,0.1,0.1,0.2,0.2
86.7,0.1,0.1,0.1,0.2
72.1,0.1,0.2,0.1,0.2
58.3,0.2,0.3,0.2,0.2
102.6,0.1,0.1,0.1,0.2
57.2,0.1,0.2,0.2,0.2
74.2,0.1,0.2,0.1,0.2
75.2,0.2,0.2,0.2,0.1
356.9,0.1,0.2,0.2,0.2
59.7,0.1,0.1,0.1,0.2
435.2,0.1,0.2,0.2,0.1
455,0.1,0.1,0.2,0.2
401.8,0.1,0.2,0.2,0.2
85.8,0.1,0.2,0.2,0.2
65.4,0.1,0.2,0.2,0.2
62.4,0.1,0.1,0.1,0.1
63.2,0.1,0.1,0.2,0.1
71.9,0.2,0.1,0.1,0.1
79.7,0.1,0.1,0.1,0.1
88.3,0.1,0.1,0.1,0.1
67.4,0.2,0.2,0.3,0.3
78.7,0.1,0.2,0.1,0.1
82.5,0.1,0.2,0.1,0.1
91.4,0.1,0.3,0.2,0.2
61.8,0.1,0.3,0.2,0.2
61.1,0.2,0.1,0.1,0.2
80,0.1,0.2,0.1,0.3
75.4,0.2,0.1,0.1,0.1
68.9,0.1,0.1,0.1,0.1
94.4,0.1,0.3,0.2,0.2
64,1,0.4,0.3,0.3
65.5,0.1,0.2,0.2,0.2
81.4,0.1,0.1,0.1,0.1
62.5,0.2,0.1,0.1,0.1
63.1,0.2,0.2,0.2,0.1
70.9,0.1,0.2,0.1,0.2
74.2,0.1,0.1,0.1,0.1
80.8,0.2,0.1,0.1,0.1
75.8,0.1,0.2,0.1,0.1
81.9,0.2,0.1,0.1,0.1
87.5,0.2,0.2,0.2,0.1
83.3,0.1,0.1,0.1,0.1
63.2,0.2,0.2,0.2,0.2
62.2,0.1,0.1,0.2,0.1
126.9,0.1,0.1,0.1,0.1
132,0.3,0.3,0.3,0.3
109.8,0.2,0.2,0.4,0.3
136.9,1,1,0.9,0.9
64,0.1,0.2,0.1,0.1
100.3,0.1,0.2,0.2,0.1
267.2,0.1,0.1,0.2,0.1
88.6,0.2,0.2,0.2,0.1
60.8,0.1,0.1,0.2,0.1
82.5,0.2,0.1,0.1,0.1
71.2,0.1,0.3,0.2,0.2
91.5,0.1,0.2,0.2,0.1
109.5,0.2,0.2,0.1,0.2
61.2,0.1,0.1,0.2,0.1
119,0.1,0.2,0.1,0.2
72.6,0.1,0.1,0.1,0.1
79,0.1,0.2,0.2,0.1
79.2,0.1,0.2,0.2,0.1
105.6,0.1,0.1,0.3,0.2
74.4,0.1,0.2,0.1,0.2
58.7,0.1,0.1,0.1,0.1
56.7,0.2,0.1,0.1,0.1
102.1,0.1,0.1,0.1,0.1
78.7,0.1,0.2,0.2,0.2
61.6,0.2,0.2,0.2,0.2
85.6,0.1,0.1,0.1,0.1
81.4,0.2,0.1,0.1,0.1
61.3,0.2,0.1,0.2,0.1
56.1,0.1,0.2,0.2,0.1
71,0.2,0.2,0.2,0.1
70.8,0.2,0.2,0.2,0.2
77.1,0.1,0.1,0.1,0.1
91.3,0.1,0.1,0.1,0.1
63.2,0.2,0.2,0.2,0.2
327,0.1,0.2,0.2,0.5
61.8,0.1,0.1,0.1,0.2
82,0.1,0.2,0.2,0.1
60.3,0.2,0.2,0.2,0.1
74.4,0.1,0.2,0.2,0.1
60.9,0.1,0.2,0.2,0.2
56.1,0.1,0.1,0.2,0.1
79,0.1,0.2,0.2,0.1
77.2,0.1,0.1,0.1,0.1
65.1,0.1,0.2,0.2,0.1
64.3,0.2,0.2,0.2,0.2
62.4,0.1,0.2,0.2,0.2
65.6,0.1,0.1,0.1,0.1
62.8,0.1,0.1,0.1,0.1
60.8,0.2,0.1,0.1,0.1
80.8,0.2,0.1,0.1,0.1
57.6,0.2,0.1,0.1,0.1
76,0.1,0.2,0.2,0.1
80.3,0.2,0.2,0.1,0.1
76.7,0.1,0.2,0.1,0.2
75,0.1,0.1,0.1,0.1
74.8,0.1,0.2,0.1,0.2
67.3,0.1,0.1,0.1,0.1
75.3,0.1,0.2,0.1,0.2
76.4,0.1,0.2,0.1,0.2
181.6,0.1,0.2,0.1,0.2
59.5,0.1,0.2,0.4,0.2
75.3,0.1,0.3,0.1,0.4
65.2,0.2,0.2,0.1,0.3
96.6,0.1,0.1,0.1,0.2
92.1,0.2,0.5,0.2,0.2
61.8,0.1,0.2,0.2,0.2
81.2,0.2,0.1,0.1,0.1
82.1,0.1,0.1,0.2,0.1
55.5,0.1,0.2,0.2,0.1
54.5,0.2,0.2,0.2,0.2
70.6,0.1,0.1,0.2,0.1
397.3,0.1,0.2,0.1,0.2
65.5,0.1,0.2,0.1,0.2
94.2,0.1,0.1,0.2,0.1
116.9,0.1,0.1,0.1,0.2
58.4,0.2,0.1,0.1,0.1
73.9,0.1,0.1,0.1,0.1
67.9,0.1,0.2,0.2,0.2
60.7,0.2,0.2,0.1,0.1
62.4,0.2,0.1,0.1,0.1
95.7,0.2,0.2,0.2,0.3
65.5,0.4,0.2,1.1,0.6
61.8,0.1,0.1,0.1,0.1
245.3,0.2,0.2,0.2,0.2
60.9,0.1,0.1,0.1,0.1
77.7,0.1,0.1,0.1,0.1
79.6,0.2,0.1,0.1,0.1
74.4,0.1,0.1,0.1,0.2
76.3,0.1,0.1,0.1,0.2
109.9,0.1,0.1,0.1,0.1
73.4,0.2,0.1,0.1,0.1
64,0.1,0.2,0.2,0.2
74.6,0.1,0.2,0.2,0.1
75.8,0.1,0.2,0.1,0.1
70.8,0.1,0.1,0.1,0.1
100,0.1,0.1,0.1,0.1
56.9,0.1,0.2,0.2,0.2
67.4,0.2,0.2,0.2,0.2
62,0.1,0.1,0.1,0.1
56.6,0.1,0.1,0.1,0.1
63,0.1,0.1,0.1,0.1
90.1,0.1,0.2,0.1,0.2
57.6,0.2,0.1,0.1,0.1
81,0.1,0.2,0.2,0.1
94.6,0.2,0.1,0.1,0.1
64.3,0.1,0.2,0.1,0.2
121.6,0.2,0.1,0.1,0.1
62.7,0.1,0.1,0.1,0.1
68.7,0.1,0.1,0.1,0.1
82.7,0.1,0.2,0.1,0.1
72.9,0.1,0.2,0.2,0.2
62.2,0.1,0.1,0.1,0.1
69.7,0.1,0.1,0.1,0.1
319.8,0.1,0.2,0.2,0.2
77.6,0.2,0.1,0.1,0.1
75,0.2,0.2,0.1,0.2
67.9,0.2,0.2,0.2,0.2
62.7,0.1,0.2,0.2,0.1
72.4,0.1,0.1,0.1,0.1
58.4,0.1,0.1,0.1,0.1
73.7,0.1,0.1,0.1,0.2
70.7,0.1,0.1,0.1,0.1
72.1,0.1,0.1,0.1,0.2
83.3,0.1,0.1,0.1,0.1
76.8,0.1,0.2,0.2,0.1
86.4,0.2,0.2,0.1,0.1
65.8,0.1,0.1,0.1,0.1
62.3,0.1,0.2,0.1,0.2
67.2,0.1,0.2,0.1,0.2
58.3,0.1,0.1,0.1,0.1
61.8,0.1,0.1,0.1,0.1
57,0.1,0.2,0.2,0.2
86.1,0.1,0.1,0.2,0.1
62.6,0.1,0.1,0.1,0.1
76.7,0.2,0.2,0.2,0.2
114.2,0.1,0.2,0.2,0.1
358.7,0.2,0.1,0.1,0.1
78.1,0.2,0.1,0.1,0.1
73.6,0.1,0.1,0.1,0.1
61.1,0.1,0.1,0.1,0.1
73.9,0.2,0.1,0.1,0.1
62.1,0.2,0.1,0.1,0.2
236.3,0.2,0.2,0.2,0.2
360.7,0.2,0.2,0.2,0.2
87.4,0.1,0.2,0.2,0.1
138.4,0.1,0.1,0.1,0.1
79.2,0.1,0.3,0.2,0.2
66.6,0.1,0.1,0.1,0.1
78,0.1,0.2,0.2,0.1
82.6,0.1,0.2,0.2,0.2
105.5,0.1,0.2,0.1,0.2
79,0.1,0.2,0.2,0.2
63.9,0.2,0.2,0.2,0.2
70.3,0.1,0.2,0.2,0.2
84.4,0.1,0.1,0.1,0.1
72.2,0.2,0.1,0.2,0.1
56.3,0.1,0.2,0.2,0.2
75,0.1,0.1,0.2,0.1
77.4,0.1,0.2,0.2,0.2
80.9,0.2,0.1,0.1,0.1
98.2,0.1,0.1,0.1,0.1
74.6,0.4,0.3,0.2,0.3
76.3,0.2,0.1,0.1,0.1
83.8,0.2,0.2,0.2,0.1
57,0.1,0.2,0.1,0.2
71.8,0.2,0.2,0.2,0.1
57.8,0.1,0.1,0.1,0.1
76.7,0.1,0.2,0.1,0.2
55.4,0.1,0.2,0.1,0.2
65.6,0.1,0.2,0.1,0.2
91.4,0.1,10.4,0.2,0.2
114,0.1,0.1,0.1,0.1
59.2,0.1,0.2,0.2,0.2
62.6,0.1,0.1,0.1,0.1
75.2,0.4,0.3,0.3,0.3
55.6,0.2,0.1,0.1,0.1
60.3,0.2,0.1,0.1,0.1
60.2,0.1,0.1,0.2,0.1
57.5,0.1,0.1,0.2,0.1
61.5,0.1,0.1,0.2,0.2
64.5,0.1,0.2,0.1,0.2
76.3,0.1,0.2,0.2,0.1
64.5,0.1,0.2,0.2,0.1
61.7,0.1,0.2,0.1,0.2
60.4,0.1,0.1,0.1,0.1
72.8,0.1,0.2,0.2,0.1
69,0.2,0.2,0.1,0.2
59.8,0.1,0.1,0.1,0.1
83.3,0.2,0.1,0.1,0.1
64.5,0.1,0.1,0.1,0.1
57.9,0.2,0.2,0.1,0.1
84.4,0.1,0.2,0.2,0.1
73.7,0.1,0.1,0.1,0.1
73.4,0.1,0.2,0.1,0.2
64.2,0.2,0.2,0.1,0.2
60.8,0.2,0.1,0.1,0.1
70,0.1,0.2,0.1,0.2
57.2,0.2,0.1,0.1,0.1
57.6,0.1,0.2,0.2,0.1
83.7,0.2,0.1,0.1,0.2
84.6,0.2,0.2,0.2,0.1
62,0.1,0.2,0.2,0.1
83.4,0.1,0.2,0.2,0.2
71.4,0.1,0.1,0.3,0.2
76.9,0.1,0.1,0.1,0.2
62.4,0.1,0.1,0.2,0.2
76.9,0.1,0.2,0.2,0.2
90.8,0.1,0.1,0.2,0.2
65.6,0.2,0.1,0.1,0.2
58.9,0.1,0.2,0.2,0.1
60.1,0.1,0.2,0.2,0.2
60.5,0.1,0.2,0.2,0.2
74.7,0.1,0.2,0.2,0.2
60.1,0.1,0.2,0.2,0.2
60.3,0.1,0.1,0.1,0.1
76.7,0.2,0.1,0.1,0.1
71.5,0.1,0.1,0.1,0.1
74,0.2,0.1,0.1,0.1
66.9,0.2,0.1,0.1,0.1
71.5,0.1,0.1,0.1,0.1
68.1,0.1,0.2,0.2,0.2
60.4,0.2,0.2,0.4,0.2
428.2,0.1,0.1,0.1,0.2
507.2,0.2,0.2,0.1,0.2
80.8,0.1,0.1,0.2,0.1
60.4,0.2,0.1,0.1,0.2
342.5,0.1,0.1,0.2,0.1
59.9,0.1,0.1,0.1,0.1
79.9,0.2,0.1,0.1,0.2
80,0.1,0.1,0.1,0.1
75.5,0.1,0.1,0.2,0.1
64,0.1,0.2,0.2,0.1
71.9,0.2,0.2,0.1,0.1
59.8,0.1,0.2,0.1,0.1
90.4,0.1,0.2,0.1,0.2
76.2,0.2,0.2,0.1,0.2
80.3,0.1,0.2,0.2,0.1
77.1,0.1,0.2,0.2,0.2
79.6,0.1,0.2,0.2,0.1
116.8,0.2,0.2,0.2,0.2
103.6,0.1,0.1,0.1,0.1
81,0.1,0.2,0.2,0.1
97.9,0.1,0.1,0.1,0.2
99.8,0.1,0.2,0.1,0.2
217.7,0.2,0.1,0.2,0.1
74.7,0.1,0.2,0.1,0.2
57.4,0.1,0.2,0.2,0.2
80.5,0.2,0.2,0.2,0.2
110.7,0.1,0.2,0.2,0.2
61.6,0.1,0.1,0.1,0.1
56.8,0.1,0.1,0.1,0.1
282.1,0.1,0.1,0.1,0.2
62.9,0.2,0.2,0.2,0.2
57.2,0.1,0.1,0.1,0.1
101,0.1,0.2,0.2,0.1
64.2,0.1,0.3,0.2,0.2
88,0.1,0.2,0.2,0.2
58.1,0.1,0.1,0.1,0.1
78.5,0.2,0.2,0.1,0.2
79.4,0.1,0.2,0.1,0.2
56.6,0.1,0.1,0.1,0.1
77.2,0.1,0.1,0.1,0.1
74.8,0.1,0.2,0.2,0.2
79.1,0.2,0.2,0.1,0.2
64.2,0.2,0.1,0.1,0.1
71.5,0.1,0.1,0.1,0.1
89.7,0.1,0.1,0.2,0.1
89.7,0.1,0.1,0.2,0.1
60.6,0.2,0.1,0.1,0.1
68.8,0.1,0.1,0.1,0.1
73.6,0.1,0.1,0.2,0.1
69.1,0.1,0.1,0.2,0.1
59.8,0.1,0.2,0.1,0.2
66,0.2,0.2,0.2,0.1
82.3,0.1,0.2,0.1,0.2
63.2,0.2,0.1,0.1,0.1
86.8,0.1,0.1,0.1,0.2
81.5,0.1,0.2,0.2,0.1
75.9,0.1,0.1,0.1,0.1
79,0.1,0.1,0.2,0.1
71.4,0.1,0.1,0.1,0.2
97.5,0.1,0.1,0.1,0.1
70.8,0.2,0.1,0.1,0.1
69.6,0.1,0.1,0.1,0.2
64,0.1,0.1,0.1,0.1
70,0.1,0.1,0.1,0.1
89,0.2,0.1,0.2,0.1
57.1,0.1,0.2,0.1,0.1
64.5,0.1,0.1,0.1,0.1
80.9,0.1,0.2,0.2,0.1
78.9,0.1,0.1,0.1,0.1
67.9,0.1,0.1,0.1,0.1
87.7,0.1,0.2,0.2,0.2
78.1,0.2,0.1,0.1,0.1
87.7,0.1,0.2,0.2,0.2
71.5,0.1,0.1,0.1,0.1
72.7,0.1,0.1,0.1,0.1
75.7,0.1,0.1,0.1,0.1
69.4,0.1,0.2,0.2,0.1
71,0.1,0.2,0.1,0.2
71.2,0.1,0.2,0.2,0.1
78.3,0.1,0.1,0.1,0.1
78.4,0.1,0.1,0.1,0.1
349,0.2,0.1,0.1,0.1
77.2,0.1,0.2,0.2,0.2
60.1,0.2,0.1,0.1,0.1
68.2,0.1,0.1,0.1,0.1
64.6,0.1,0.1,0.1,0.1
112.2,0.1,0.1,0.1,0.1
63.3,0.1,0.1,0.1,0.1
289.9,0.1,0.1,0.1,0.1
78.4,0.2,0.2,0.2,0.2
57,0.1,0.2,0.1,0.2
80.5,0.1,0.2,0.1,0.2
59.7,0.1,0.1,0.1,0.1
57.9,0.2,0.2,0.2,0.2
86.9,0.2,0.1,0.1,0.2
66.3,0.1,0.1,0.2,0.1
63.7,0.2,0.2,0.2,0.2
81.2,0.1,0.1,0.1,0.1
63,0.2,0.1,0.1,0.1
62.5,0.1,0.1,0.1,0.1
76,0.1,0.1,0.1,0.2
76.6,0.2,0.2,0.2,0.1
56.1,0.1,0.1,0.1,0.1
72.5,0.2,0.2,0.2,0.1
55.7,0.2,0.2,0.2,0.2
67.8,0.1,0.1,0.1,0.1
90.6,0.1,0.1,0.1,0.1
71.2,0.1,0.2,0.2,0.2
78.7,0.2,0.2,0.2,0.2
89.3,0.1,0.2,0.2,0.1
144.2,0.1,0.2,0.1,0.2
76,0.1,0.1,0.2,0.1
77.4,0.1,0.2,0.1,0.2
63.9,0.2,0.2,0.2,0.2
84.5,0.1,0.1,0.1,0.1
67,0.1,0.1,0.2,0.1
86.9,0.1,0.2,0.2,0.1
95.1,0.1,0.2,0.1,0.2
62.1,0.1,0.1,0.1,0.1
65.4,0.1,0.2,0.1,0.2
60,0.1,0.2,0.2,0.1
79,0.1,0.1,0.2,0.2
60.5,0.1,0.2,0.2,0.2
69.7,0.1,0.1,0.1,0.1
97.4,0.2,0.2,0.2,0.2
74.6,0.1,0.2,0.2,0.2
59.8,0.1,0.1,0.1,0.1
78.3,0.1,0.1,0.1,0.2
71.9,0.2,0.2,0.2,0.1
66.9,0.2,0.1,0.1,0.1
83.4,0.2,0.1,0.1,0.1
64.2,0.1,0.2,0.2,0.1
61.5,0.1,0.2,0.1,0.1
70.6,0.1,0.1,0.1,0.1
59.8,0.1,0.2,0.2,0.2
73.3,0.1,0.2,0.2,0.1
61,0.1,0.2,0.2,0.1
97.1,0.2,0.1,0.1,0.1
70.3,0.2,0.1,0.1,0.1
63.8,0.1,0.1,0.1,0.1
61.4,0.1,0.1,0.1,0.1
308.6,0.2,0.2,0.2,0.2
64.7,0.1,0.1,0.2,0.1
62.7,0.1,0.2,0.1,0.2
59.1,0.1,0.1,0.2,0.2
83.8,0.1,0.3,0.2,0.2
79,0.1,0.1,0.1,0.2
94.5,0.1,0.1,0.2,0.2
63.5,0.1,0.2,0.2,0.2
65.7,0.2,0.1,0.1,0.2
71,0.1,0.1,0.1,0.1
84.6,0.2,0.2,0.2,0.1
57.7,0.1,0.2,0.1,0.2
89.8,0.1,0.1,0.2,0.1
95.5,0.1,0.2,0.2,0.2
74.7,0.1,0.1,0.1,0.2
81.4,0.1,0.1,0.1,0.2
88.7,0.1,0.1,0.1,0.1
73.8,0.1,0.2,0.1,0.1
70.2,0.1,0.1,0.1,0.2
74,0.1,0.2,0.1,0.2
77.6,0.1,0.2,0.2,0.1
86,0.1,0.2,0.2,0.1
62.3,0.1,0.1,0.1,0.1
60.3,0.2,0.1,0.1,0.1
76.6,0.1,0.2,0.2,0.1
89.8,1.1,1,1.1,0.2
89.3,0.1,0.1,0.1,0.2
77.2,0.1,0.2,0.2,0.1
58.8,0.1,0.1,0.1,0.1
60.4,0.1,0.1,0.1,0.1
63.5,0.1,0.1,0.1,0.1
278.8,0.1,0.2,0.2,0.1
77.6,0.1,0.1,0.1,0.4
64.6,0.2,0.2,0.2,0.2
78.6,0.7,1.1,0.9,0.3
82.1,0.1,0.1,0.1,0.1
62.7,0.1,0.2,0.2,0.1
79.9,0.2,0.1,0.1,0.1
81.7,0.1,0.1,0.1,0.1
57.7,0.1,0.1,0.1,0.1
73,0.1,0.1,0.2,0.1
64.4,0.1,0.1,0.1,0.1
84.6,0.2,0.1,0.1,0.1
62.1,0.1,0.2,0.1,0.2
78.1,0.2,0.1,0.2,0.1
67.7,0.1,0.2,0.1,0.2
55.4,0.2,0.1,0.1,0.1
75.5,0.1,0.2,0.2,0.1
70.3,0.1,0.1,0.1,0.1
64.9,0.1,0.1,0.1,0.2
109.5,0.1,0.1,0.2,0.1
63.5,0.1,0.2,0.2,0.1
73.4,0.1,0.1,0.2,0.1
62.6,0.1,0.1,0.2,0.1
61.2,0.1,0.1,0.1,0.1
72.8,0.1,0.1,0.1,0.1
59.9,0.2,0.1,0.1,0.1
56.5,0.1,0.2,0.2,0.2
60.5,0.2,0.1,0.1,0.1
77.7,0.1,0.1,0.1,0.1
77.6,0.1,0.1,0.2,0.1
68,0.1,0.1,0.1,0.2
58.6,0.1,0.1,0.1,0.1
74.8,0.1,0.1,0.1,0.1
73.4,0.1,0.1,0.1,0.2
55.8,0.2,0.1,0.1,0.1
75.1,0.1,0.2,0.1,0.2
66.3,0.2,0.2,0.2,0.1
83.4,0.1,0.1,0.1,0.2
76.8,0.1,0.2,0.2,0.1
67,0.1,0.2,0.2,0.1
74.7,0.1,0.1,0.1,0.1
76.4,0.2,0.1,0.1,0.2
70.6,0.2,0.1,0.1,0.2
70,0.2,0.1,0.2,0.1
59.7,0.1,0.2,0.1,0.1
57.3,0.1,0.1,0.1,0.1
56.5,0.1,0.1,0.1,0.1
74.7,0.1,0.1,0.1,0.1
68.3,0.1,0.2,0.1,0.2
78.7,0.1,0.1,0.1,0.1
72.1,0.1,0.1,0.1,0.1
75.7,0.1,0.2,0.2,0.1
60.8,0.1,0.2,0.2,0.1
70.3,0.1,0.1,0.1,0.1
81.3,0.1,0.1,0.1,0.1
76.1,0.1,0.1,0.2,0.1
76.4,0.2,0.1,0.1,0.2
92.3,0.1,0.1,0.2,0.1
84.4,0.1,0.1,0.2,0.1
78.7,0.1,0.1,0.1,0.1
67.9,0.1,0.2,0.1,0.2
71.7,0.1,0.1,0.1,0.2
63,0.1,0.2,0.1,0.2
69.8,0.1,0.2,0.1,0.2
64.4,0.2,0.1,0.1,0.1
80.5,0.2,0.1,0.1,0.2
62,0.2,0.1,0.1,0.2
138.9,0.1,0.2,0.2,0.1
80.4,0.1,0.2,0.1,0.1
76.3,0.1,0.1,0.1,0.1
66.8,0.1,0.1,0.1,0.2
61.9,0.1,0.1,0.2,0.1
84,0.1,0.1,0.2,0.1
89.9,0.1,0.1,0.2,0.1
91,0.1,0.2,0.1,0.2
80.1,0.1,0.1,0.1,0.1
82.9,0.1,0.1,0.1,0.1
65.1,0.2,0.1,0.1,0.1
55.6,0.2,0.1,0.1,0.1
83.5,0.1,0.1,0.2,0.1
64.8,0.1,0.1,0.1,0.1
67.1,0.2,0.1,0.1,0.2
73.4,0.1,0.1,0.2,0.1
84.4,0.1,0.2,0.2,0.1
451.2,0.2,0.3,0.2,0.1
97.5,0.1,0.1,0.1,0.2
65.8,0.1,0.1,0.3,0.3
100.8,0.1,0.1,0.2,0.1
65.6,0.2,0.2,0.3,0.2
62.8,0.1,0.1,0.1,0.1
65.2,0.1,0.1,0.2,0.1
60.4,0.1,0.1,0.2,0.1
65.3,0.1,0.1,0.1,0.2
75.9,0.1,0.1,0.2,0.1
79.4,0.1,0.2,0.1,0.2
81.1,0.2,0.2,0.2,0.2
65.1,0.1,0.1,0.2,0.1
87,0.2,0.2,0.1,0.2
67,0.1,0.1,0.1,0.1
73.7,0.1,0.1,0.2,0.1
60,0.1,0.1,0.1,0.1
64,0.1,0.2,0.2,0.2
297.1,0.1,0.1,0.1,0.3
72.9,0.2,0.2,0.2,0.2
65.2,0.1,0.2,0.2,0.2
81.1,0.1,0.2,0.2,0.1
61.1,0.1,0.3,0.2,0.2
74.3,0.1,0.1,0.2,0.1
74,0.1,0.1,0.1,0.1
87.4,0.1,0.1,0.1,0.1
89,0.1,0.1,0.2,0.1
56.9,0.1,0.1,0.1,0.1
65.9,0.1,0.2,0.2,0.2
55.2,0.1,0.2,0.1,0.2
89.3,0.1,0.2,0.2,0.2
68.8,0.1,0.1,0.2,0.1
68.7,0.1,0.1,0.1,0.2
80.1,0.1,0.1,0.1,0.2
62,0.2,0.1,0.1,0.1
61.8,0.1,0.1,0.2,0.1
79.5,0.1,0.2,0.1,0.2
58.6,0.2,0.1,0.1,0.1
59.7,0.2,0.1,0.2,0.1
78.2,0.1,0.1,0.1,0.1
76.1,0.2,0.1,0.2,0.1
62.5,0.1,0.2,0.2,0.1
64,0.1,0.2,0.1,0.1
61.1,0.1,0.2,0.1,0.1
64.8,0.1,0.1,0.1,0.2
65.4,0.1,0.1,0.1,0.1
64,0.2,0.1,0.2,0.1
60.9,0.1,0.1,0.1,0.2
68,0.1,0.1,0.1,0.2
55.9,0.2,0.1,0.1,0.1
64.7,0.1,0.1,0.1,0.1
73.5,0.2,0.1,0.1,0.2
70.2,0.1,0.1,0.1,0.1
78.2,0.1,0.1,0.1,0.2
85.8,0.2,0.2,0.2,0.2
75.2,0.1,0.2,0.1,0.1
56.5,0.2,0.1,0.1,0.1
55.4,0.1,0.2,0.2,0.2
70,0.1,0.1,0.1,0.1
55.7,0.1,0.2,0.1,0.2
81.3,0.2,0.2,0.1,0.2
66.1,0.1,0.1,0.1,0.2
80,0.1,0.2,0.2,0.1
76.7,0.1,0.2,0.1,0.2
78.9,0.1,0.2,0.2,0.1
60.1,0.1,0.2,0.1,0.1
75,0.1,0.1,0.2,0.1
55.6,0.1,0.2,0.2,0.2
72.4,0.1,0.1,0.1,0.1
64,0.1,0.1,0.2,0.1
55.1,0.1,0.2,0.1,0.1
55.3,0.1,0.2,0.2,0.1
55.2,0.1,0.2,0.1,0.2
61.3,0.2,0.1,0.1,0.1
57.2,0.1,0.1,0.1,0.1
56.1,0.1,0.1,0.2,0.1
60.9,0.1,0.2,0.1,0.2
83.9,0.1,0.1,0.1,0.1
76.1,0.2,0.1,0.1,0.1
64.3,0.2,0.2,0.1,0.2
56,0.2,0.2,0.2,0.1
71.2,0.1,0.2,0.1,0.2
54.7,0.1,0.2,0.1,0.2
78.5,0.1,0.2,0.1,0.1
100.6,0.1,0.2,0.1,0.2
88.7,0.1,0.1,0.1,0.2
63.7,0.1,0.1,0.2,0.1
59.2,0.1,0.1,0.2,0.1
65.8,0.2,0.2,0.2,0.1
61.2,0.1,0.1,0.2,0.1
54,0.1,0.1,0.1,0.1
61.5,0.1,0.2,0.1,0.2
55.7,0.2,0.1,0.1,0.2
60.7,0.1,0.2,0.2,0.2
55.8,0.1,0.2,0.1,0.2
60.2,0.1,0.1,0.2,0.1
57.8,0.1,0.2,0.2,0.2
64,0.2,0.1,0.1,0.2
72.9,0.1,0.2,0.1,0.1
76.6,0.1,0.2,0.1,0.2
94.2,0.1,0.1,0.1,0.4
72.8,0.2,0.2,0.1,0.2
99.5,0.1,0.1,0.1,0.2
63.6,0.1,0.1,0.1,0.2
100.9,0.2,0.1,0.1,0.2
81,0.1,0.1,0.1,0.3
89.7,0.1,0.1,0.1,0.4
156.2,0.2,0.1,0.1,0.1
74.9,0.2,0.2,0.2,0.2
94.4,0.1,0.2,0.1,0.2
75.2,0.2,0.1,0.2,0.2
71.1,0.1,0.1,0.2,0.2
57,0.1,0.1,0.1,0.1
70.6,0.1,0.1,0.1,0.2
89.8,0.1,0.1,0.1,0.3
80.7,0.2,0.1,0.2,0.2
201.1,0.2,0.1,0.1,0.2
57.9,0.1,0.1,0.1,0.2
67.4,0.1,0.1,0.1,0.3
71.2,0.2,0.1,0.1,0.2
57,0.1,0.1,0.1,0.2
61.8,0.2,0.2,0.2,0.3
74.9,0.1,0.2,0.1,0.2
62.8,0.2,0.1,0.1,0.2
58.4,0.1,0.3,0.2,0.2
65.7,0.2,0.1,0.2,0.1
63.3,0.1,0.2,0.1,0.1
68.9,0.2,0.4,0.2,0.2
58.3,0.1,0.3,0.3,0.2
75.5,0.1,0.1,0.1,0.1
56,0.2,0.1,0.1,0.1
54.4,0.2,0.1,0.2,0.1
54.9,0.1,0.1,0.1,0.2
55.6,0.2,0.1,0.1,0.1
61.3,0.1,0.2,0.2,0.1
59.2,0.1,0.1,0.1,0.1
59.9,0.1,0.1,0.2,0.1
60.5,0.2,0.2,0.2,0.2
70.9,0.2,0.1,0.1,0.1
63.5,0.1,0.1,0.2,0.1
94.2,0.1,0.1,0.1,0.1
56.7,0.1,0.1,0.2,0.1
68.7,0.2,0.1,0.1,0.1
84.5,0.1,0.2,0.2,0.2
90.5,0.1,0.1,0.1,0.1
91.2,0.1,0.2,0.2,0.2
79.6,0.1,0.1,0.1,0.1
73.8,0.1,0.2,0.2,0.2
82.9,0.1,0.2,0.1,0.2
59.6,0.1,0.1,0.1,0.1
64.6,0.2,0.1,0.1,0.1
62.2,0.1,0.1,0.1,0.1
64.9,0.1,0.1,0.1,0.1
55.8,0.2,0.1,0.1,0.1
92.7,0.1,0.2,0.2,0.2
63.2,0.1,0.2,0.2,0.3
89,0.1,0.2,0.3,0.4
130.3,0.1,0.2,0.1,0.2
77.6,0.2,0.1,0.2,0.1
79.2,0.1,0.2,0.2,0.2
89.3,0.1,0.2,0.2,0.1
62.4,0.1,0.2,0.1,0.2
55.8,0.1,0.2,0.2,0.2
76.7,0.1,0.1,0.1,0.1
61.1,0.2,0.1,0.1,0.2
92.5,0.1,0.1,0.1,0.1
75.3,0.1,0.2,0.5,0.1
81.7,0.1,0.2,0.2,0.2
68.9,1,0.3,1.1,0.3
63.1,0.1,0.2,0.2,0.2
56.8,0.1,0.2,0.4,0.2
65.4,0.2,0.1,0.1,0.2
82.9,0.1,0.2,0.2,0.1
78.5,0.2,0.1,0.1,0.1
76.1,0.1,0.2,0.1,0.1
80.6,0.1,0.2,0.2,0.2
72.5,0.1,0.2,0.2,0.1
61.9,0.1,0.2,0.1,0.2
61.4,0.1,0.1,0.2,0.1
63.1,0.1,0.1,0.1,0.1
67.8,0.2,0.1,0.1,0.2
61.2,0.1,0.2,0.2,0.1
93.2,0.1,0.1,0.1,0.1
67.7,0.2,0.1,0.1,0.1
61.3,0.2,0.1,0.2,0.3
80.7,0.1,0.2,0.2,0.2
90,0.1,0.1,0.2,0.2
73.7,0.1,0.2,0.2,0.2
136.1,0.1,0.1,0.1,0.3
57.1,0.2,0.2,0.1,0.2
82.3,0.1,0.1,0.1,0.2
78.5,0.1,0.1,0.1,0.1
80,0.1,0.2,0.1,0.1
62.8,0.1,0.1,0.1,0.1
80.6,0.1,0.1,0.1,0.1
82,0.1,0.2,0.1,0.2
91,0.1,0.1,0.1,0.1
71.1,0.1,0.1,0.1,0.1
61.1,0.2,0.1,0.2,0.1
71.1,0.1,0.1,0.1,0.2
65.6,0.1,0.1,0.1,0.1
98.3,0.1,0.2,0.2,0.1
71.4,0.1,0.1,0.1,0.1
62.1,0.1,0.2,0.2,0.2
67.5,0.1,0.2,0.2,0.2
62.9,0.2,0.1,0.2,0.1
59.5,0.1,0.2,0.1,0.4
141.7,0.2,0.2,0.2,0.2
69.9,0.2,0.2,0.5,0.2
69,0.1,0.2,0.2,0.2
100.9,0.1,0.2,0.1,0.1
80.7,0.1,0.1,0.1,0.1
56.5,0.2,0.1,0.1,0.1
57,0.2,0.2,0.1,0.2
71.4,0.1,0.1,0.1,0.1
57.4,0.1,0.2,0.2,0.1
65.5,0.1,0.2,0.1,0.2
121.5,0.3,0.3,0.4,0.3
74.4,0.2,0.1,0.1,0.1
57.4,0.1,0.1,0.1,0.1
70,0.1,0.1,0.1,0.2
62.2,0.2,0.2,0.2,0.2
57.9,0.1,0.1,0.1,0.2
84.5,0.1,0.1,0.1,0.1
86.6,0.2,0.1,0.1,0.2
81.2,0.2,0.1,0.1,0.1
72.7,0.2,0.2,0.2,0.2
61.1,0.1,0.1,0.1,0.1
84.9,0.1,0.2,0.2,0.2
58.2,0.1,0.1,0.1,0.1
63.5,0.1,0.2,0.1,0.2
78.4,0.1,0.2,0.2,0.2
84.3,0.1,0.1,0.2,0.1
72,0.1,0.2,0.1,0.2
79.5,0.1,0.2,0.2,0.2
65.6,0.2,0.1,0.1,0.2
64.6,0.1,0.2,0.2,0.2
64.6,0.1,0.1,0.1,0.2
62.1,0.1,0.1,0.1,0.2
55.5,0.1,0.1,0.1,0.3
63.4,0.1,0.2,0.1,0.2
57.5,0.1,0.2,0.1,0.2
73.3,0.1,0.2,0.2,0.1
70.6,0.1,0.2,0.1,0.2
85.2,0.2,0.1,0.1,0.2
58.3,0.2,0.2,0.2,0.1
81.3,0.1,0.1,0.1,0.1
83,0.2,0.1,0.1,0.2
56.2,0.1,0.2,0.1,0.2
70.1,0.1,0.1,0.1,0.2
71.3,0.2,0.2,0.2,0.2
75.5,0.1,0.2,0.1,0.2
73.2,0.1,0.1,0.1,0.2
66.3,0.2,0.2,0.2,0.2
221.1,0.1,0.1,0.1,0.1
61.8,0.1,0.1,0.1,0.1
60.2,0.1,0.2,0.2,0.1
244.1,0.3,0.3,0.3,0.3
89.9,0.1,0.3,0.3,0.5
69.1,0.1,0.1,0.2,0.2
63.2,0.2,0.1,0.2,0.2
76,0.2,0.2,0.1,0.2
83.1,0.1,0.2,0.1,0.4
62.2,0.2,0.2,0.1,0.2
57.3,0.1,0.2,0.1,0.2
80,0.1,0.1,0.2,0.2
61.1,0.1,0.2,0.1,0.2
66.1,0.1,0.1,0.1,0.2
59.4,0.2,0.2,0.2,0.2
74.7,0.2,0.2,0.1,0.1
63.5,0.1,0.1,0.1,0.2
79.6,0.2,0.2,0.1,0.2
87.8,0.1,0.1,0.1,0.2
73.5,0.1,0.1,0.1,0.2
127.6,0.1,0.2,0.2,0.2
63.6,0.1,0.1,0.1,0.2
79.4,0.1,0.1,0.1,0.3
90.4,0.1,0.1,0.1,0.2
74.4,0.1,0.1,0.1,0.1
62.4,0.1,0.2,0.2,0.1
70.7,0.1,0.2,0.1,0.2
58,0.1,0.1,0.1,0.3
69.8,0.1,0.2,0.1,0.2
56.9,0.1,0.1,0.1,0.1
56.1,0.1,0.1,0.1,0.2
75.8,0.1,0.1,0.1,0.2
60.2,0.1,0.2,0.2,0.4
80.7,0.1,0.1,0.2,0.3
58.7,0.1,0.2,0.2,0.2
64.7,0.2,0.5,0.4,0.2
79.9,0.1,0.1,0.1,0.2
69.2,0.1,0.2,0.2,0.2
58.1,0.1,0.2,0.1,0.2
83.8,0.1,0.1,0.2,0.2
75.6,0.1,0.1,0.2,0.1
55.6,0.1,0.1,0.1,0.1
76.2,0.2,0.4,0.1,0.1
76.1,0.1,0.1,0.2,0.1
87.5,0.1,0.1,0.2,0.1
60.8,0.1,0.1,0.1,0.2
57.1,0.1,0.1,0.2,0.2
75.6,0.1,0.2,0.2,0.2
75.6,10.5,0.1,0.2,0.1
85.2,0.1,0.1,0.2,0.2
80.7,0.1,0.1,0.2,0.2
59.2,0.1,0.1,0.3,0.3
72,0.1,0.2,0.2,0.2
56.3,0.1,0.2,0.2,0.2
63.7,0.1,0.1,0.1,0.2
72.9,0.1,0.1,0.2,0.2
109.1,0.2,0.2,0.1,0.2
91.7,0.1,0.2,0.2,0.2
61.9,0.1,0.1,0.1,0.2
78.3,0.1,0.2,0.2,0.2
71.8,0.1,0.1,0.1,0.4
57.7,0.1,0.1,0.1,0.1
82.2,0.1,0.2,0.2,0.2
80.5,0.1,0.2,0.1,0.2
76.9,0.1,0.2,0.1,0.2
63.4,0.2,0.2,0.2,0.2
67.4,0.1,0.2,0.2,0.2
92.2,0.1,0.1,0.1,0.1
57.1,0.1,0.2,0.2,0.2
73.5,0.2,0.1,0.1,0.1
71.6,0.2,0.1,0.1,0.2
74.6,0.1,0.1,0.1,0.1
63.1,0.2,0.1,0.1,0.1
80.6,0.3,0.4,0.3,0.3
71.1,0.1,0.2,0.2,0.2
76.5,0.1,0.1,0.1,0.1
77.4,0.2,0.1,0.1,0.2
64.4,0.1,0.1,0.1,0.2
59.7,0.2,0.4,0.3,0.3
75.5,0.2,0.1,0.1,0.2
58.1,0.1,0.2,0.2,0.1
60.4,0.2,0.1,0.2,0.1
74.5,0.1,0.1,0.1,0.1
59.8,0.1,0.2,0.1,0.2
77.5,0.2,0.1,0.2,0.1
88.1,0.2,0.1,0.2,0.2
60.6,0.2,0.1,0.1,0.1
59.2,0.1,0.1,0.1,0.1
57.4,0.1,0.1,0.1,0.1
62.2,0.1,0.2,0.1,0.2
68.9,0.1,0.1,0.1,0.1
69,0.2,0.1,0.1,0.1
56.7,0.1,0.1,0.2,0.1
70.2,0.2,0.2,0.1,0.1
75.6,0.1,0.1,0.1,0.1
84.7,0.1,0.2,0.2,0.2
60.6,0.1,0.1,0.1,0.2
57.1,0.2,0.2,0.1,0.2
56,0.2,0.1,0.1,0.1
72,0.1,0.2,0.1,0.2
80.5,0.1,0.1,0.1,0.2
57.4,0.2,0.1,0.1,0.2
77.3,0.1,0.1,0.1,0.1
65,0.1,0.1,0.2,0.1
63.9,0.1,0.2,0.2,0.1
70.5,0.2,0.1,0.1,0.1
56.4,0.1,0.2,0.2,0.1
75.3,0.1,0.1,0.1,0.2
81.6,0.1,0.1,0.1,0.1
89.8,0.1,0.1,0.1,0.1
355.7,0.1,0.2,0.2,0.1
73.7,0.1,0.2,0.2,0.1
63.2,0.1,0.2,0.2,0.2
78.6,0.1,0.1,0.2,0.2
88,0.1,0.3,0.2,0.2
70.9,0.2,0.1,0.1,0.1
76,0.1,0.2,0.1,0.1
74.4,0.1,0.1,0.2,0.1
56.9,0.1,0.1,0.1,0.1
56,0.1,0.2,0.1,0.1
77.6,0.1,0.2,0.2,0.1
70.5,0.1,0.2,0.1,0.1
76.6,0.2,0.2,0.1,0.1
71,0.2,0.2,0.1,0.2
60.2,0.1,0.1,0.2,0.1
79.8,0.1,0.2,0.1,0.1
60.3,0.1,0.2,0.2,0.2
60.5,0.1,0.1,0.1,0.1
60.9,0.1,0.1,0.1,0.2
69.5,0.2,0.2,0.1,0.1
58.3,0.2,0.1,0.1,0.2
76.4,0.1,0.2,0.1,0.1
60.8,0.1,0.1,0.1,0.1
55.6,0.1,0.1,0.1,0.1
76.7,0.1,0.2,0.2,0.1
403.9,0.1,0.1,0.1,0.1
62,0.1,0.1,0.2,0.1
74.7,0.1,0.1,0.2,0.1
68.4,0.2,0.1,0.1,0.1
55.9,0.1,0.2,0.2,0.1
80.7,0.2,0.2,0.1,0.1
61.1,0.1,0.1,0.1,0.1
60.8,0.1,0.2,0.2,0.1
76.3,0.2,0.1,0.1,0.2
80.5,0.1,0.1,0.1,0.1
60.3,0.1,0.2,0.1,0.2
79.4,0.1,0.2,0.1,0.2
84.8,0.1,0.1,0.1,0.1
60.3,0.1,0.1,0.1,0.1
87.5,0.1,0.1,0.1,0.1
70.8,0.1,0.2,0.1,0.1
76.2,0.2,0.1,0.1,0.2
62.1,0.1,0.2,0.1,0.2
60.4,0.2,0.1,0.1,0.2
99.7,0.1,0.1,0.1,0.2
60.8,0.1,0.1,0.1,0.1
56.2,0.1,0.1,0.1,0.1
76.9,0.1,0.2,0.2,0.1
87.5,0.2,0.1,0.1,0.1
62.3,0.1,0.1,0.1,0.1
57.5,0.1,0.2,0.1,0.2
72.1,0.1,0.2,0.2,0.1
73.2,0.2,0.1,0.1,0.2
55.9,0.2,0.1,0.1,0.1
61.3,0.1,0.1,0.1,0.1
70.7,0.1,0.2,0.1,0.2
60.4,0.1,0.1,0.1,0.2
76.7,0.2,0.1,0.1,0.1
55.7,0.1,0.1,0.2,0.1
56,0.1,0.1,0.1,0.1
78.2,0.1,0.2,0.1,0.2
79.1,0.1,0.2,0.1,0.1
61.8,0.1,0.2,0.1,0.1
83.7,0.1,0.1,0.2,0.1
60.1,0.1,0.2,0.1,0.1
70.4,0.1,0.1,0.2,0.1
76.2,0.1,0.1,0.1,0.1
56.3,0.1,0.1,0.1,0.1
76.4,0.1,0.1,0.2,0.1
58,0.1,0.1,0.1,0.1
71.4,0.1,0.1,0.2,0.1
60.7,0.1,0.2,0.1,0.2
80.2,0.1,0.1,0.2,0.1
77,0.1,0.2,0.2,0.1
61.6,0.2,0.1,0.1,0.1
86.2,0.2,0.1,0.2,0.1
61.1,0.1,0.2,0.2,0.2
60.6,0.1,0.2,0.2,0.2
57.2,0.1,0.2,0.2,0.1
69.4,0.1,0.1,0.2,0.1
64.7,0.2,0.2,0.2,0.2
80.3,0.1,0.3,0.1,0.1
76.7,0.1,0.2,0.1,0.1
56.3,0.1,0.2,0.2,0.2
65.3,0.1,0.1,0.1,0.2
62.2,0.1,0.2,0.2,0.1
75.7,0.1,0.2,0.2,0.2
75.4,0.1,0.1,0.1,0.1
57,0.1,0.1,0.2,0.1
75.1,0.2,0.1,0.1,0.2
81.7,0.1,0.2,0.1,0.1
59.5,0.2,0.2,0.1,0.2
71.3,0.1,0.1,0.2,0.1
64.3,0.1,0.2,0.2,0.2
69.5,0.1,0.1,0.1,0.2
76.5,0.2,0.2,0.1,0.1
57.7,0.1,0.1,0.2,0.1
61.4,0.1,0.2,0.2,0.1
60,0.2,0.1,0.2,0.2
74.5,0.1,0.1,0.1,0.1
66.2,0.1,0.2,0.2,0.2
59.3,0.1,0.1,0.1,0.1
78.5,0.1,0.2,0.1,0.1
60.8,0.1,0.2,0.2,0.1
77.9,0.1,0.2,0.1,0.2
75.6,0.1,0.2,0.1,0.1
60.8,0.1,0.2,0.2,0.1
115.8,0.2,0.1,0.1,0.1
69.1,0.1,0.1,0.1,0.2
60.9,0.1,0.1,0.1,0.2
69.6,0.1,0.1,0.1,0.2
75.3,0.1,0.1,0.2,0.1
67.5,0.1,0.1,0.1,0.2
69.5,0.1,0.1,0.1,0.1
74.4,0.1,0.1,0.1,0.1
67.4,0.1,0.2,0.2,0.1
119.2,0.1,0.1,0.1,0.1
70.1,0.1,0.2,0.2,0.2
56.3,0.1,0.1,0.1,0.1
74.3,0.1,0.2,0.2,0.2
69,0.1,0.2,0.1,0.2
96.9,0.1,0.1,0.1,0.2
101.5,0.2,0.1,0.1,0.1
105.7,0.1,0.1,0.1,0.1
83.9,0.1,0.1,0.1,0.1
196.8,0.1,0.1,0.1,0.1
65.9,0.1,0.2,0.1,0.2
67.2,0.2,0.2,0.2,0.1
73.7,0.1,0.1,0.2,0.1
61.3,0.2,0.1,0.1,0.1
73.3,0.1,0.2,0.2,0.1
71.2,0.1,0.2,0.2,0.1
70.6,0.1,0.2,0.1,0.2
62.4,0.1,0.1,0.1,0.1
69.9,0.1,0.2,0.1,0.2
89.2,0.1,0.1,0.1,0.1
85.1,0.1,0.2,0.2,0.2
72.9,0.1,0.2,0.2,0.2
63.3,0.1,0.1,0.1,0.1
70.3,0.1,0.2,0.2,0.1
71.1,0.2,0.1,0.1,0.1
60.1,0.1,0.1,0.1,0.1
75.4,0.1,0.1,0.1,0.1
71.6,0.1,0.1,0.1,0.1
60.3,0.1,0.1,0.1,0.2
77.1,0.1,0.2,0.2,0.1
66.8,0.1,0.1,0.2,0.1
314.1,0.1,0.1,0.1,0.1
69.709,0,0.3,0.301,0
70.911,0.3,0,0,0.3
78.122,0.3,0,0,0
70.91,0.3,0,0,0
71.512,0.301,0,0,0.3
70.61,0,0,0.3,0
70.911,0.3,0,0,0.3
73.014,0.3,0,0.3,0
70.61,0.301,0,0,0
70.911,0.301,0.3,0,0.301
81.427,0,0,0.3,0
71.212,0.301,0,0,0
71.211,0.3,0,0.3,0
71.211,0.301,0.3,0.301,0
103.362,0.3,0,0.301,0
95.85,0.301,0.301,0,0
71.512,0.301,0.3,0.301,0.301
70.31,0.3,0,0,0
100.958,0.3,0.3,0.301,0.301
113.578,0.301,0,0,0
73.314,0.301,0,0,0
70.31,0.301,0,0,0
70.61,0,0,0,0.301
85.935,0.3,0.301,0.3,0
97.953,0.301,0.3,0.301,0
80.826,0,0,0,0
120.789,0.3,0.301,0.3,0.3
77.822,0.3,0,0,0.3
74.516,0,0.301,0,0.3
71.512,0.301,0,0,0.301
76.619,0.3,0.3,0,0.3
95.85,0.301,0,0,0.3
98.855,0.3,0.301,0,0.3
78.422,0.301,0,0,0
70.31,0.3,0.3,0.301,0.301
69.408,0,0.301,0,0.3
70.61,0.301,0,0,0
70.31,0,0,0.3,0
70.31,0,0.3,0,0.301
88.938,0.3,0,0,0.301
290.253,0.301,0.301,0.3,0.3
71.211,0.301,0,0,0
71.512,0.301,0,0,0.3
71.211,0.301,0,0,0.301
70.009,0,0.3,0.301,0
74.517,0.3,0,0.301,0
95.249,0,0.3,0.301,0.301
71.211,0,0,0,0.3
71.212,0,0.3,0,0.301
70.911,0.3,0,0,0
76.319,0.3,0,0,0.301
126.798,0.301,0,0,0.3
71.511,0,0.301,0.3,0
70.61,0,0,0,0.301
70.31,0,0,0.301,0
71.812,0.3,0.301,0.3,0
71.211,0.3,0,0,0.301
69.409,0,0,0.301,0
104.564,0.301,0,0,0
66.404,0,0.3,0.301,0
72.112,0,0.3,0,0.3
90.141,0,0.3,0.301,0.3
91.343,0.301,0,0,0.3
85.634,0,0.3,0.301,0
70.309,0,0.301,0.3,0
70.009,0.301,0.3,0,0.301
70.911,0,0,0.3,0
77.822,0,0,0,0
77.22,0,0,0.301,0
122.291,0.301,0,0,0
76.92,0.301,0.3,0.3,0
76.62,0.3,0.301,0.3,0
85.033,0.301,0,0,0
79.324,0.3,0.3,0.301,0.301
76.619,0.3,0.3,0,0.301
104.263,0.3,0,0,0
105.164,0.3,0.301,0,0.3
103.362,0,0.301,0.3,0.3
79.324,0,0,0,0.301
114.779,0.301,0,0,0
73.615,0.3,0,0,0
72.113,0,0,0.3,0
72.413,0.3,0,0,0.3
98.554,0.3,0.301,0.3,0
93.145,0,0,0,0
70.31,0.3,0,0,0
70.911,0,0,0,0
94.648,0,0.3,0.301,0
67.305,0,0.301,0.3,0.3
285.146,0.3,0,0,0.301
71.512,0.3,0,0,0
83.23,0.301,0,0,0
70.611,0.301,0,0,0.3
83.23,0.301,0.3,0,0.301
71.211,0.301,0.3,0.3,0
71.812,0.301,0.301,0.3,0
92.545,0,0.301,0.3,0
72.414,0.3,0,0.3,0
97.052,0,0,0,0
120.187,0,0,0.3,0
123.793,0.301,0.301,0,0.3
107.868,0.3,0,0,0.301
131.906,0,0,0,0
91.943,0.301,0,0,0
88.638,0.3,0,0,0
75.118,0.3,0,0,0
75.719,0.601,0.301,0.301,0.301
72.413,0,0.301,0.3,0
72.413,0.3,0,0.301,0
73.916,0,0,0.301,0
88.639,0.601,0,0,0.301
70.611,0.601,0.3,0.301,0.301
80.225,0,0.301,0.3,0
94.648,0,0,0.3,0
76.019,0.301,0,0,0
78.423,0.3,0,0,0
77.521,0.3,0,0,0
76.018,0.301,0,0.301,0
74.516,0,0,0.3,0
75.718,0.301,0,0,0
75.418,0.3,0,0,0
76.62,0.301,0,0.3,0
76.62,0,0,0,0
75.418,0.3,0,0,0.3
76.319,0.3,0,0,0
108.77,0,0.3,0.301,0
92.244,0.301,0,0.301,0
70.61,0.3,0,0.301,0
75.418,0,0,0.3,0
70.911,0.3,0.3,0,0.301
70.31,0,0.301,0.3,0
70.611,0,0.3,0.301,0
82.929,0.301,0.301,0.3,0
86.235,0.3,0,0,0
91.042,0,0.3,0.301,0.301
83.831,0.3,0,0,0
70.31,0.3,0,0,0.301
71.511,0.301,0.3,0,0.301
77.522,0.3,0.301,0.3,0
71.512,0.3,0,0,0
71.211,0,0.301,0.3,0
70.009,0.3,0,0,0.3
70.01,0,0,0.301,0
70.61,0.3,0.3,0,0.3
70.911,0,0.301,0.3,0.3
70.31,0,0,0.3,0
87.737,0.301,0.301,0.3,0.3
71.211,0,0,0.3,0
70.31,0.301,0,0,0
88.639,0.301,0.301,0.3,0
70.61,0.301,0,0,0
80.526,0.301,0,0.3,0
70.611,0,0.3,0.3,0
70.009,0.3,0,0,0
70.31,0,0.301,0.3,0
82.028,0,0.301,0.3,0
71.511,0.3,0,0,0
70.61,0,0.3,0.3,0
86.235,0,0.301,0.3,0
83.831,0,0,0,0
96.751,0,0.301,0.3,0
119.887,0.3,0,0,0.301
68.507,0,0.301,0,0.3
71.211,0,0,0.3,0
82.329,0,0,0,0
69.108,0,0,0.301,0
125.897,0,0,0.301,0
89.24,0,0,0,0.3
87.136,0,0,0,0
83.53,0.3,0.301,0.3,0
95.249,0,0,0,0
84.131,0.301,0,0,0
87.436,0.3,0,0.3,0
82.028,0.3,0.301,0.3,0
121.389,0.301,0.3,0.301,0
86.535,0.3,0,0,0
111.774,0.3,0,0,0
131.305,0.301,0.3,0,0.301
82.93,0,0.301,0.3,0.3
71.511,0.3,0,0,0
70.31,0.301,0.301,0,0.3
71.512,0,0,0.3,0
72.714,0.301,0.301,0.3,0
70.31,0.301,0,0,0
70.309,0.301,0.301,0.3,0
70.31,0.301,0,0,0
97.653,0.301,0.3,0,0.301
97.352,0.301,0.301,0.3,0
96.45,0,0.301,0.3,0
115.681,0.3,0.301,0.3,0.3
70.911,0.301,0,0,0
70.61,0,0,0,0.301
71.212,0.301,0.3,0,0.301
70.009,0,0,0,0.3
70.009,0,0,0,0.301
70.31,0.3,0,0,0
70.61,0,0.3,0.301,0
70.61,0.3,0,0.3,0
70.31,0.301,0.3,0,0.301
71.211,0.3,0,0,0.3
69.709,0.3,0.301,0.3,0
70.611,0.301,0,0,0
70.31,0.3,0.301,0,0.3
70.31,0.301,0,0,0.3
307.38,0,0.3,0.3,0.301
69.709,0,0,0.3,0
73.014,0.301,0.3,0,0.301
70.611,0,0.3,0,0.3
90.14,0.3,0,0,0
70.911,0.3,0,0,0.301
70.31,0.3,0.3,0.301,0.301
70.01,0.301,0.3,0.3,0
69.409,0,0,0,0
71.211,0.301,0,0,0.301
69.709,0,0,0.3,0
73.615,0,0,0.3,0
70.309,0.3,0,0,0.301
70.911,0,0,0,0
70.61,0.301,0,0.3,0
70.91,0.3,0,0,0.3
71.512,0,0.301,0.3,0
70.009,0,0.3,0.301,0.301
70.009,0.3,0,0,0
88.939,0,0,0,0.301
71.512,0.3,0,0,0
76.92,0.301,0.3,0.301,0
76.62,0.3,0.301,0.301,0.301
71.812,0.301,0,0,0
70.61,0.3,0,0,0
345.239,0.301,0.301,0.3,0
73.915,0.3,0.3,0,0.301
112.676,0,0.3,0.301,0
71.512,0,0.301,0.3,0
108.169,0.301,0.3,0,0.301
92.845,0,0.3,0.301,0.3
71.512,0.301,0.301,0,0.3
70.01,0,0.301,0.3,0
90.442,0.301,0,0,0.3
122.291,0.3,0.3,0.3,0.3
84.131,0.3,0.3,0,0.301
75.718,0.301,0,0,0
84.732,0,0.3,0.301,0.301
85.634,0,0.301,0,0.601
73.615,0,0.3,0.301,0.301
71.211,0,0,0,0.3
118.686,0,0.3,0.301,0
95.849,0.301,0,0.3,0
80.827,0.301,0,0.301,0
70.61,0.3,0,0,0
69.108,0,0,0.3,0
78.122,0,0,0,0.301
73.014,0.301,0,0.3,0
71.512,0,0.3,0,0.301
91.343,0.301,0,0,0.301
85.934,0.3,0.3,0,0.301
71.211,0,0,0.3,0
530.93,0.301,0,0,0
571.192,0,0,0,0
500.281,0.3,0.3,0.3,0
538.442,0.3,0,0.601,0
554.066,0.301,0.3,0.301,0
520.413,0,0,0,0
525.521,0.301,0.3,0.301,0.301
520.714,0.3,0,0,0
542.948,0.301,0,0,0
542.948,0.3,0.301,0.3,0.3
510.498,0,0,0,0.3
561.277,0.3,0.301,0.301,0.601
2113.5,0.301,0.3,0,0.301
540.845,0.301,0,0,0
529.126,0.301,0.301,0,0.3
502.085,0,0,0.3,0
507.192,0.3,0.301,0.3,0.3
536.638,0.3,0.301,0,0.3
557.671,0.301,0.301,0.301,0
488.864,0.3,0.301,0,0.3
514.103,0.3,0,0,0
516.507,0,0,0,0.3
542.046,0.3,0,0,0
961.802,0.3,0,0,0
1040.22,0,0.301,0.3,0.3
552.864,0.3,0.601,0.601,0.3
522.516,0.3,0.3,0.301,0.301
876.469,0.3,0.3,0.301,0.301
914.328,0.3,0.3,0.301,0
508.694,0.3,0.301,0.3,0
474.441,0.301,0.3,0,0.3
531.23,0.3,0.301,0.3,0.3
76.319,0.3,0,0,0.301
141.221,0.301,0.301,0,0.3
84.432,0.3,0.301,0.3,0.3
103.662,0.601,0.301,0.601,0.301
109.671,0.3,0.301,0.3,0.3
96.751,0.3,0,0,0
70.911,0.3,0,0,0.3
105.765,0.3,0,0,13.821
85.333,0.3,0,0,0.3
109.671,0,0.3,0.301,0
108.77,0.3,0,0,0
89.239,0,0,0,0.301
73.915,0.3,0,0,0.3
112.075,0.3,0.3,0,0.301
70.61,0,0.301,0,0.3
70.01,0.301,0,0,0.3
70.611,0.3,0.3,0,0.3
70.911,0,0.3,0.301,0
71.512,0.3,0,0,0
70.911,0.301,0,0.301,0
70.61,0,0.3,0.301,0.301
71.512,0,0,0.3,0
69.709,0.3,0,0,0
71.211,0.301,0.3,0,0.301
84.431,0,0,0,0
123.493,0.301,0,0,0
80.226,0.3,0.3,0.301,0.301
112.375,0,0,0.301,0
73.615,0,0.3,0.301,0
82.329,0,0,0,0.3
96.752,0,0,0.3,0
71.812,0,0,0,0
102.159,0,0,0,0.301
82.629,0,0.3,0.301,0
74.216,0,0.3,0.301,0
72.713,0,0.3,0,0.301
71.212,0,0,0,0
67.004,0.301,0,0,0
70.611,0,0,0,0
85.033,0,0,0,0.3
70.009,0.301,0,0.3,0
70.31,0.3,0.301,0.3,0
72.713,0,0.3,0.3,0.301
71.812,0.3,0,0,0
113.577,0.301,0,0,0
72.113,0.3,0,0,0
70.009,0.301,0,0.301,0
81.127,0,0.301,0,0.3
88.338,0.3,0.3,0,0.301
72.113,0.301,0,0,0
145.728,0.301,0,0.301,0
71.512,0,0.3,0,0.301
116.582,0.3,0,0,0.3
131.906,0,0,0,0.301
73.314,0.3,0.3,0,0.301
87.136,0.301,0.3,0.301,0.301
73.916,0,0.3,0.301,0.301
71.813,0.3,0,0,0
103.361,0.3,0,0,0
97.652,0.3,0.3,0.301,0.301
77.221,0.301,0.3,0.301,0.3
79.624,0.3,0.3,0,0.301
88.639,0.3,0,0,0
112.676,0.301,0.301,0.3,0.3
79.023,0,0.3,0.3,0.301
91.343,0.301,0.3,0.301,0.301
82.929,0.3,0,0,0.3
105.465,0,0.3,0.301,0.301
81.127,0,0,0,0
85.333,0,0.301,0,0.3
134.01,0.301,0.3,0.301,0.301
112.976,0.3,0,0.3,0
97.052,0.301,0.3,0.301,0
92.244,0.301,0.3,0.301,0.301
73.014,0,0,0,0.301
349.146,0.301,0.301,0.3,0.3
94.648,0.3,0,0.301,0
76.62,0.3,0,0,0.301
153.54,0.3,0.3,0.301,0.3
112.676,0,0,0.301,0.301
145.127,0,0.301,0,0.3
80.526,0,0.301,0.3,0
74.516,0.301,0.301,0.3,0
78.723,0,0.301,0,0.3
108.169,0.301,0.301,0.3,0.3
405.634,0,0.3,0.301,0.3
80.526,0.3,0,0,0
136.413,0,0.3,0.301,0.301
152.638,0,0,0.3,0
73.314,0.3,0.3,0.6,0.601
72.714,0.3,0.301,0.3,0
67.906,0.301,0.3,0.301,0
100.357,0.3,0.301,0.3,0.3
80.826,0,0,0,0
121.089,0,0,0,0
95.249,0.301,0.301,0.3,0.3
401.728,0.3,0.3,0.301,0.301
72.714,0.3,0,0,0
73.315,0.301,0,0,0.301
117.484,0.3,0.3,0.301,0.301
331.718,0.3,0.3,0,0.301
97.052,0.301,0.301,0.3,0.3
74.516,0.3,0,0,0
72.113,0,0,0.3,0.3
69.408,0.3,0,0,0
70.911,0.301,0.3,0,0
70.911,0,0,0,0
105.464,0,0,0.301,0
86.535,0.301,0.3,0,0.3
131.906,0,0,0,0
73.915,0,0,0.301,0
85.934,0.3,0.3,0.3,0.301
317.596,0,0,0.301,0
367.774,0.3,0.301,0.3,0
336.826,0.601,0.301,0.601,0.301
90.742,0.3,0,0,0
91.043,0.301,0.301,0.601,0.3
104.563,0,0,0,0
95.249,0.3,0.3,0.301,0
117.484,0.3,0,0,0.3
161.953,0,0,0.3,0
74.516,0.301,0,0,0
76.319,0.3,0,0.301,0
106.366,0,0,0.301,0
78.723,0.301,0.3,0,0.301
76.319,0.301,0.3,0.3,0.301
75.117,0,0,0.301,0
111.173,0.301,0.301,0,0.3
106.667,0.3,0.301,0,0.3
108.469,0,0.301,0.3,0.3
141.521,0,0.3,0.301,0.301
68.808,0,0,0,0
85.334,0.3,0.301,0.3,0
71.212,0.3,0,0,0
67.305,0.3,0,0,0
70.31,0.3,0,0,0
72.413,0,0.301,0.3,0
115.981,0,0.301,0.3,0
102.46,0.301,0,0,0.3
115.38,0,0.301,0,0.3
69.409,0.301,0,0,0
110.573,0,0,0.3,0
70.309,0.3,0,0.3,0.3
70.61,0,0,0,0
72.113,0.301,0.301,0.3,0
70.31,0.3,0.301,0,0.3
72.413,0.3,0,0,0
70.911,0.3,0.301,0.3,0.3
80.225,0.301,0.301,0,0.3
73.014,0.3,0,0.3,0
73.314,0,0.3,21.634,0.3
73.315,0.3,0,0.3,0.3
72.413,0.3,0,0,0
72.414,0,0.3,0,0.301
74.216,0.301,0,0,0
127.399,0,0,0.3,0
72.714,0.3,0,0,0
70.61,0.3,0,0,0.301
124.094,0.301,0,0,0
127.7,0.301,0,0,0
75.418,0.3,0,0,0
111.174,0.301,0,0,0.301
71.211,0,0,0.301,0
69.709,0.301,0,0,0
71.211,0.301,0,0,0
69.408,0.301,0,0,0.3
71.212,0.3,0,0,0.3
71.211,0.301,0,0,0
72.713,0.3,0,0.3,0
70.91,0,0,0.3,0
70.01,0.301,0,0,0
72.413,0.3,0,0,0
69.709,0.3,0,0.301,0
90.742,0.3,0,0,0.301
96.451,0.3,0,0.601,0.3
79.625,0,0,0,0
122.291,0.301,0.3,0.3,0.301
97.051,0,0.3,0.301,0.301
104.864,0.301,0.301,0.3,0.3
105.164,0.3,0.3,0.301,0.3
89.24,0.301,0.301,0,0.3
84.432,0,0,0,0
101.559,0,0.3,0,0.301
103.662,0,0,0.301,0
90.441,0.301,0.301,0,0.3
69.709,0.3,0,0,0.301
70.61,0.3,0,0.3,0
71.211,0,0,0.3,0
75.718,0.301,0,0.301,0
91.943,0.301,0.3,0,0
100.958,0.301,0,0.301,0
73.014,0,0,0,0.301
71.212,0.3,0,0,0.301
79.023,0.3,0.3,0.301,0
71.211,0,0.301,0,0.3
111.173,0,0,0,0.3
70.911,0.3,0.3,0.301,0.301
69.409,0,0.301,0.3,0
70.911,0.3,0.3,0.301,0
70.911,0.3,0,0,0.3
74.216,0,0,0,0
81.127,0.301,0,0,0.3
72.713,0,0,0.301,0
72.112,0,0.301,0.3,0
72.413,0.301,0,0,0.301
83.23,0.3,0.3,0,0.301
86.235,0,0.301,0,0.3
95.549,0,0.301,0.3,0
82.93,0,0.3,0.301,0
121.39,0,0.3,0,0.301
106.066,0.301,0.301,0.3,0
107.267,0.3,0.3,0.3,0.301
94.347,0,0,0.3,0
70.911,0,0.3,0,0.301
72.413,0,0,0.301,0
70.611,0,0.301,0,0.3
71.512,0.301,0,0,0.3
71.212,0,0,0,0
70.91,0,0,0.3,0
70.31,0.301,0,0,0
83.23,0.3,0,0,0
69.709,0.3,0.3,0,0.3
70.01,0,0.301,0.3,0
94.347,0,0.301,0.3,0.3
161.352,0,0.301,0,0.3
100.357,0,0.301,0,0.3
70.61,0.3,0,0,0
76.62,0,0,0,0
122.591,0.3,0,0,0
126.198,0.601,0.3,0.3,0.601
437.784,0.301,0.301,0.301,0
112.676,0,0.3,0,0.3
68.507,0.301,0,0,0.301
70.911,0.3,0,0,0.3
108.769,0.301,0,0,0
108.169,0,0.3,0,0.301
90.741,0.3,0,0,0
74.816,0,0.3,0.301,0
70.91,0,0,0,0
69.408,0.3,0.3,0,0.3
72.713,0,0,0.3,0
71.812,0,0.301,0.3,0
71.812,0.3,0.301,0.3,0.3
69.709,0.3,0,0.3,0
71.211,0.301,0,0,0
80.827,0.301,0,0,0
70.61,0.301,0,0,0
71.512,0,0.3,0.301,0.3
106.667,0.301,0.3,0.601,0.301
102.761,0.3,0.301,0.3,0.3
96.15,0,0,0,0.3
70.31,0,0.3,0.3,0.301
70.31,0.301,0.301,0.3,0
101.859,0,0,0,0
70.61,0.3,0,0,0
80.225,0.301,0,0,0
71.211,0.301,0,0.3,0
70.911,0,0,0,0.301
70.61,0.3,0.3,0.301,0
71.812,0.301,0,0,0
71.212,0.301,0,0,0
107.568,0.3,0,0,0.3
82.328,0,0,0,0
69.409,0.301,0,0.3,0
70.61,0,0.3,0.301,0
71.812,0,0.3,0.301,0.301
97.352,0.301,0,0,0.3
75.118,0,0,0,0
70.31,0.3,0,0,0
72.112,0,0.301,0.3,0
73.315,0.301,0,0.301,0
161.352,0.301,0,0,0
76.019,0,0,0,0
96.751,0.3,0.301,0,0.3
72.714,0,0,0.3,0
82.028,0.301,0.301,0.3,0.3
74.816,0.301,0.301,0.3,0.3
103.362,0,0,0,0.3
84.432,0,0,0.301,0
95.249,0,0.301,0.3,0
98.854,0.3,0.3,0.301,0
67.606,0,0.301,0,0.3
71.512,0.3,0,0,0.3
94.047,0.3,0.3,0,0.301
72.413,0,0.3,0,0.301
71.813,0.3,0.3,0.3,0
118.385,0,0.3,0,0.301
103.361,0.301,0,0,0
86.235,0.3,0.301,0,0.3
71.512,0,0.3,0,0.301
95.85,0,0,0.3,0
70.911,0,0.3,0.301,0
85.934,0.301,0,0,0.3
71.511,0.3,0,0,0
70.611,0,0.3,0.301,0
70.611,0,0.3,0.301,0
71.812,0.3,0,0,0.3
68.206,0.301,0.3,0,0.301
69.709,0.301,0,0,0
69.409,0.3,0.3,0,0
111.474,0.3,0,0,0.3
72.112,0.3,0.301,0,0.3
71.211,0,0,0.301,0
88.939,0.3,0,0,0.3
69.408,0.301,0,0,0
71.812,0,0,0,0
68.807,0.301,0,0,0.3
72.113,0.3,0,0,0.3
105.165,0.301,0,0,0
71.512,0.301,0,0,0
70.911,0.3,0.3,0.301,0.301
71.512,0.301,0.301,0,0.3
70.009,0,0.3,0,0.301
70.911,0,0,0,0
70.309,0.3,0,0.3,0
70.611,0.301,0,0,0.301
70.911,0,0,0,0
69.408,0,0.301,0,0.3
82.028,0.3,0,0,0.301
70.31,0,0,0,0
71.512,0.3,0,0,0
74.817,0,0,0.301,0
173.37,0.301,0,0.3,0
70.61,0.3,0,0,0
70.01,0.3,0,0,0.3
70.911,0.3,0,0,0
70.01,0,0.3,0.301,0
70.31,0,0.3,0.301,0.301
86.535,0,0,0.3,0
70.611,0,0.301,0,0.3
71.812,0.3,0,0.301,0
70.009,0.3,0.3,0.301,14.723
70.009,0.3,0,0,0
70.01,0,0,0.301,0
70.61,0,0.301,0.3,0
82.629,0,0,0,0
70.009,0.3,0,0,0
98.854,0.301,0.3,0,0.301
71.211,0,0.301,0.3,0
71.211,0.3,0,0,0.3
70.009,0.301,0,0,0.3
69.709,0.3,0,0.301,0
70.009,0.3,0,0.301,0
69.108,0,0.3,0,0.3
69.709,0,0,0.3,0
88.037,0,0,0,0
73.916,0.3,0.3,0.301,0
78.122,0,0.3,0.301,0.301
75.418,0.3,0,0.301,0
101.559,0,0,0,0.301
82.93,0,0.3,0.301,0
82.028,0,0,0,0
82.929,0.3,0,0.301,0
72.714,0.3,0,0,0
140.62,0.3,0.3,0.301,0
120.489,0,0,0,0.301
129.803,0,0,0,0
103.361,0.3,0.3,0.301,0
70.31,0.301,0,0,0
94.948,0.3,0,0.3,0
95.249,0.301,0,0.301,0
124.094,0,0,0.301,0
75.418,0.3,0.301,0,0.3
131.005,0.301,0.301,0,0
105.165,0,0.3,0,0.301
80.225,0.3,0.301,0,0.3
106.366,0.301,0.3,0.301,0
102.46,0,0,0,0.301
103.962,0.3,0,0,0
107.869,0.3,0.3,0.301,0
414.047,0,0,0.301,0
102.16,0.601,0.301,0.3,0.601
96.751,0.301,0.3,0.301,0
69.709,0.301,0.3,0.301,0
71.212,0,0,0,0.3
72.713,0.301,0,0,0.301
71.512,0.301,0,0,0.301
270.723,0,0,0,0
72.413,0,0,0,0
71.812,0.301,0.301,0.301,0.3
97.052,0.3,0,0,0
103.662,0.3,0.3,0.3,0
105.165,0.3,0,0,0
108.169,0.3,0,0,0
71.512,0,0.3,0,0.301
70.31,0,0.3,0.301,0
72.413,0.301,0,0.3,0
70.911,0,0,0,0
70.009,0.301,0,0,0
72.113,0.301,0.301,0.3,0
70.31,0,0,0,0.301
71.813,0.3,0,0,0
103.361,0.3,0,0,0
112.375,0.3,0.301,0.3,0.3
71.813,0,0.301,0,0.3
84.733,0.3,0,0,0
70.911,0.301,0,0,0
76.019,0,0.301,0.3,0
72.413,0,0,0,0
140.92,0.301,0,0,0.3
100.657,0.3,0,0.3,0
88.338,0.3,0.3,0.3,0
73.615,0,0,0,0.3
100.958,0,0,0.301,0.301
86.535,0.301,0.3,0.301,0
73.615,0.3,0.301,0.3,0
89.84,0,0.3,0.301,0
79.324,0,0.301,0,0.3
95.248,1.803,0,0.301,0.601
114.779,0.601,2.404,0.601,0.601
103.361,0.3,0,0,0
80.526,0.301,0.3,0.301,0
107.869,0.3,0.301,0.3,0.3
86.235,0.3,0.301,0.3,0
100.056,0.3,0.301,0.301,0.3
77.221,0.301,0,0,0
124.995,0.301,0,0,0
113.277,0.301,0,0.3,0
69.408,0.3,0,0,0
104.564,0,0,0,0
109.071,0.301,0.301,0.3,0
89.84,0.3,0,0,0
72.112,0,0.3,0,0.301
70.611,0.301,0,0,0
71.813,0,0,0.301,0
70.009,0.3,0,0,0.3
71.512,0,0.3,0.301,0
71.211,0.3,0,0,0
106.366,0.301,0.3,0.301,0.3
70.31,0,0,0.3,0
70.911,0.3,0,0,0
106.367,0.301,0,0,0.301
129.202,0.301,0,0,0.3
123.493,0.3,0,0.301,0
93.145,0.3,0,0,0.3
87.136,0.3,0,0,0
78.122,0.301,0,0.301,0.301
97.953,0.301,0,0,0
132.206,0,0.3,0.301,0.3
137.315,0.301,0,0,0
124.695,0.3,0.3,0.301,0.301
80.826,0,0.3,0.301,0.301
73.615,0,0.3,0.301,0.301
95.85,0.301,0.301,0.301,0.301
79.023,0.3,0.301,0.3,0.3
75.418,0,0.3,0.301,0.301
109.371,0,0.3,0.301,0.301
86.535,0.301,0,0,0.3
86.836,0,0.3,0.301,0.301
71.813,0.301,0.3,0.301,0
70.009,0,0.301,0.3,0
71.511,0.3,0,0,0
105.164,0,0.3,0.301,0
106.366,0,0,0,0.3
100.957,0,0.3,0,0.301
103.963,0,0,0,0
111.173,0,0.301,0.3,0.3
79.624,0.301,0,0.301,0
78.423,0.3,0,0.301,0
83.23,0.301,0,0.3,0
108.47,0.601,0.601,0.301,0.601
164.958,0.301,0.3,0.301,0
80.225,0,0.301,0.3,0.3
107.869,0,0.301,0.3,0
72.113,0,0.301,0.3,0
92.845,0,1.803,0,0
76.619,0,0.3,0,0.3
96.451,0.301,0.3,0,0.301
106.667,0,0,0,0
92.845,0.3,0.3,0.301,0
76.019,0,0.3,0.301,0.301
107.869,0,0,0,0
70.61,0,0.301,0.3,0
70.61,0.3,0,0,0
105.165,0,0.301,0.3,0
70.61,0,0.3,0.301,0
71.512,0.301,0,0,0
70.61,0,0,0,0
89.841,0.301,0,0,0
71.512,0,0.3,0.301,0
104.864,0.3,0.601,0,0.3
101.859,0.3,0.301,15.624,0.3
75.418,0,0,0,0
67.004,0.301,0.3,0,0.301
99.155,0,0,0,0
127.099,0.3,0.3,0.301,0
100.356,0.301,0.301,0.3,0.3
92.845,0,0,0,0
72.112,0,0.301,0.3,0.3
72.112,0.301,0,0,0
70.31,0.3,0,0,0.301
69.108,0.3,0,0,0.301
91.343,0.3,0.301,0,0.3
113.878,0,0.3,0.301,0
90.141,0,0.3,0.301,0
86.535,0.3,0,0.3,0.301
158.046,0.3,0.301,0.3,0.3
84.131,0.3,0.3,0.3,0.301
127.099,0.601,0.3,0.3,0.301
119.888,0.301,0.601,0.601,0.601
81.127,0,0,0.301,0
122.291,0,0,0.3,0
102.76,0.3,0,0.3,0.301
108.169,0.601,0.301,0.301,0.301
110.873,0.301,0.301,0,0.301
104.263,0,0,0.301,0
122.892,0.301,0,0,0
130.704,0,0,0.301,0
79.023,0.301,0,0,0
73.615,0.3,0.3,0.301,0
69.708,0.3,0,0,0
71.211,0.3,0,0,0
478.647,0.3,0,0,0
90.141,0.3,0,0.3,0
75.418,0,0,0,0
138.216,0,0,0.301,0
72.112,0,0.3,0.301,0
70.911,0.3,0,0,0
97.652,0,0,0,0
76.32,0,0,0.301,0
99.456,0,0.3,0.301,0
106.967,0,0,0,0.3
87.737,0.3,0,0,0
115.08,0,0.301,0,0.3
89.24,0,0,0,0
74.216,0.301,0.3,0,0.301
119.887,0.301,0,0,0
95.85,0.601,0.601,0.601,0.3
82.629,0,0.3,0,0
106.967,0.3,0,0.3,0
72.413,0,0.3,0,0
93.145,0,0.3,0.301,0.301
94.647,0.301,0.3,0,0.301
86.835,0.3,0.3,0.301,0
87.737,0.301,0.3,0,0.301
91.343,0.301,0.3,0.301,0
72.112,0,0,0,0
69.408,0.3,0,0,0
68.207,0.3,0,0,0
70.31,0,0.3,0.3,0.301
72.714,0.301,0.301,0.3,0.3
68.807,0.3,0.3,0.301,0
75.418,0,0,0.3,0
84.432,0.3,0,0,0
87.136,0,0,0,0.3
97.653,0,0.301,0.3,0
80.526,0.301,0.3,0,0.301
69.408,0.301,0.3,0,0.3
108.469,0.301,0.3,0.301,0.3
113.578,0.601,0.3,0.601,0.3
158.948,0.601,0.3,0.301,0.301
82.329,0.3,0,0,0
100.958,0.301,0.3,0.301,0.3
76.018,0,0,0,0
89.84,0.301,0,0,0
88.038,0,0,0,0.3
71.211,0.3,0.3,0.301,0
79.024,0,0,0.3,0
73.615,0,0,0,0
88.338,0.301,0,0.301,0
100.056,0.3,0,0,0
78.122,0,0.301,0.3,0.3
78.122,0.3,0.301,0.3,0
85.634,0.301,0,0,0
70.911,0,0.301,0.3,0.3
94.648,0.301,0,0,0
73.916,0.301,0.3,0,0.301
145.428,0,0,0.301,0
93.746,0.3,0.3,0.301,0.3
79.625,0.3,0,0,0.3
80.826,0,0,0,0
88.037,0.301,0,0,0
71.211,0.301,0,0.3,0
90.741,0.301,0,0,0
73.916,0,0.301,0.3,0.3
69.709,0.3,0,0,0.301
106.967,0.301,0.3,0.301,0
88.338,0.301,0,0.3,0
85.333,0,0.3,0.301,0
71.212,0,0.3,0,0.301
70.911,0.3,0,0,0.3
139.117,0.301,0,0,0
70.611,0.3,0,0,0.3
70.309,0,0,0.301,0
71.211,0,0.3,0.301,0
121.089,0,0.3,0,0.301
71.211,0,0.301,0.3,0.3
100.657,0,0,0,0.301
70.309,0.301,0,0,0.3
70.61,0,0,0,0.3
70.611,0.301,0.3,0.301,0
71.212,0,0,0.3,0
71.211,0,0.301,0.3,0
71.511,0,0,0,0
70.611,0,0.3,0.301,0
70.31,0,0.3,0,0.3
70.01,0,0.301,0,0.3
93.446,0.3,0,0,0.301
89.24,0.301,0.601,0.601,0.301
98.855,0.3,0.3,0.301,0.301
80.826,0.3,0,0,0.3
79.024,0,0,0,0.3
79.324,0.3,0.301,0.3,0
81.427,0.301,0,0,0
97.953,0.3,0,0,0
78.723,0,0.301,0.3,0
75.118,0,0,0.301,0
76.619,0,0,0.3,0
129.803,0.301,0.3,0,0.3
88.338,0.3,0,0.3,0.301
78.122,0.601,0.301,0.601,0
79.324,0,0.301,0.3,0
76.319,0.301,0,0,0
76.92,0,0,0,0.301
78.122,0,0,0,0
120.488,0.3,0.301,0,0.3
109.971,0,0,0,0
105.765,0.3,0.301,0.301,0.3
127.098,0.601,0.601,0.301,0.301
107.869,0.3,0.3,0.3,0
134.911,0.601,0.3,0.3,0.3
113.577,0.601,0.301,0.301,2.104
71.512,0.3,0,0,0
69.708,0.301,0,0,0
69.108,0.3,0,0,0
86.836,0.3,0.301,0.3,0
80.225,0,0.3,0.301,0.301
81.127,0,0.301,0.3,0
83.831,0,0.3,0,0.301
118.385,0,0.301,0.3,0
130.103,0,0.301,0.3,0
237.971,0,0.3,0,0.301
129.502,0.3,0,0,0
72.113,0,0,0,0
69.108,0,0.3,0.301,0
77.521,0,0.301,0.3,0
72.413,0.3,0,0,0
72.112,0,0.3,0.301,0
68.207,0.3,0.301,0,0.3
68.507,0,0.301,0,0.3
107.568,0,0,0.3,0
110.873,0,0.301,0,0.3
84.131,0,0,0,0.3
127.399,0.3,0.3,0.3,0.301
114.179,0.301,0.3,0.301,0.301
73.915,0.3,0.301,0.3,0
87.437,0.301,0,0,0
317.295,0,0,0.301,0
102.761,0.601,0.3,0.301,0.3
79.023,0.3,0,0,0
85.333,0.301,0.3,0.301,0.301
85.333,0.301,0.301,0.3,0.601
131.906,0,0.301,0.3,0.3
138.817,0.3,0,0,0.3
106.066,0,0.301,0.3,0.3
75.117,0.3,0,0.3,0
76.319,0.3,0.301,0.3,0
91.343,0.601,0.301,0.301,0.601
78.423,0,0.301,0.3,0.3
75.117,0.3,0,0.3,0
78.122,0,0,0.3,0
75.418,0,0.301,0.3,0
151.437,0.301,0,0.3,0
95.549,0,0.3,0,0.301
85.032,0,0,0.301,0
106.366,0.301,0.3,0.301,0.301
102.761,0,0,0,0
99.756,0.3,0.301,0.3,0
105.464,0.301,0.3,0.301,0.3
103.962,0.601,0.301,0.3,0
79.023,0.3,0,0.301,0
111.173,0.301,0,0,0.301
73.615,0.3,0,0.301,0
78.423,0.301,0,0,0.3
72.112,0,0.3,0.301,0.301
96.151,0,0.3,0,0.301
89.539,0,0,0.301,0
117.183,0.301,0,0,0.3
89.841,0.301,0,0.3,0
76.92,0.3,0,0,0
152.038,0.301,0.601,0.601,0.301
100.357,0.3,0,0,15.324
123.492,0.601,0.301,0.3,0.301
94.047,0,0.3,0,0.301
105.465,0.301,0,0,0.301
101.859,0,0,0.301,0
94.348,0.3,0.3,0.301,0.301
112.376,0.301,0,0,0
100.657,0.3,0,0.3,0
71.812,0.3,0,0.301,0
76.62,0.301,0.3,0,0.301
78.423,0.3,0,0.3,0
368.075,0.301,0,0,0
79.925,0,0.3,0,0.301
74.216,0.3,0.3,0.301,0.301
122.892,0.301,0.3,0.301,0
105.465,0,0.3,0,0.301
115.079,0,0,0.301,0
83.831,0,0.301,0.3,0
111.174,0.3,0,0,0.3
96.45,0,0.3,0,0.301
151.436,0.301,0,0.3,0.3
94.648,0,0.301,0,0.3
142.422,0.301,0,0,0
86.836,0.3,0,0,0
152.038,0.301,0,0,0.3
75.117,0.3,0.301,0,0.3
79.925,0.301,0.3,0.301,0.301
73.315,0,0,0,0.301
70.611,0,0.301,0.3,0
70.611,0.301,0,0,0.3
70.009,0.3,0,0,0.3
97.352,0.301,0.301,0.3,0.3
109.07,0.301,0.301,0,0.3
76.92,0.301,0.3,0.301,0.301
70.61,0.3,0,0,0
81.727,0.3,0,0.301,0
112.977,0.3,0.3,0,0.301
73.014,0.3,0,0.3,0
70.31,0,0.301,0,0.3
72.413,0.301,0,0,0.3
111.775,0.301,0.3,0.3,0.301
99.455,0.3,0.3,0.301,0.301
133.108,0,0,0.3,0.301
76.62,0.301,0.301,0.3,0.3
73.014,0,0,0,0
69.108,0.301,0.301,0,0.3
88.038,0.301,0,0,0
81.127,0.3,0.301,0,0.3
89.239,0,0,0.3,0
70.309,0,0,0,0
69.709,0.3,0,0.301,0
69.409,0,0,0,0.301
70.91,0.3,0,0,0
71.212,0,0.301,0,0.3
82.328,0.3,0.301,0.3,0.3
0,0,0,0,0
0,0,0,0,0
0,0,0,0,0
0,0,0,0,0
0,0,0,0,0
0,0,0,0,0
0,0,0,0,0
0,0,0,0,0
0,0,0,0,0
0,0,0,0,0
0,0,0,0,0
0,0,0,0,0
0,0,0,0,0
0,0,0,0,0
0,0,0,0,0
0,0,0,0,0
0,0,0,0,0
0,0,0,0,0
0,0,0,0,0
0,0,0,0,0
0,0,0,0,0
0,0,0,0,0
0,0,0,0,0
0,0,0,0,0
0,0,0,0,0
0,0,0,0,0
0,0,0,0,0
0,0,0,0,0
0,0,0,0,0
0,0,0,0,0
0,0,0,0,0
0,0,0,0,0
0,0,0,0,0
0,0,0,0,0
0,0,0,0,0
0,0,0,0,0
0,0,0,0,0
0,0,0,0,0
0,0,0,0,0
0,0,0,0,0
0,0,0,0,0
0,0,0,0,0
0,0,0,0,0
0,0,0,0,0
0,0,0,0,0
0,0,0,0,0
0,0,0,0,0
0,0,0,0,0
0,0,0,0,0
0,0,0,0,0
0,0,0,0,0
0,0,0,0,0
0,0,0,0,0
0,0,0,0,0
0,0,0,0,0
0,0,0,0,0
0,0,0,0,0
0,0,0,0,0
0,0,0,0,0
0,0,0,0,0
0,0,0,0,0
0,0,0,0,0
0,0,0,0,0
0,0,0,0,0
0,0,0,0,0
0,0,0,0,0
0,0,0,0,0
0,0,0,0,0
0,0,0,0,0
0,0,0,0,0
0,0,0,0,0
0,0,0,0,0
0,0,0,0,0
0,0,0,0,0
0,0,0,0,0
0,0,0,0,0
0,0,0,0,0
0,0,0,0,0
0,0,0,0,0
0,0,0,0,0
0,0,0,0,0
0,0,0,0,0
0,0,0,0,0
0,0,0,0,0
0,0,0,0,0
0,0,0,0,0
0,0,0,0,0
0,0,0,0,0
0,0,0,0,0
0,0,0,0,0
0,0,0,0,0
0,0,0,0,0
0,0,0,0,0
0,0,0,0,0
0,0,0,0,0
0,0,0,0,0
0,0,0,0,0
0,0,0,0,0
0,0,0,0,0
0,0,0,0,0
0,0,0,0,0
0,0,0,0,0
0,0,0,0,0
0,0,0,0,0
0,0,0,0,0
0,0,0,0,0
0,0,0,0,0
0,0,0,0,0
0,0,0,0,0
0,0,0,0,0
0,0,0,0,0
0,0,0,0,0
0,0,0,0,0
0,0,0,0,0
0,0,0,0,0
0,0,0,0,0
0,0,0,0,0
0,0,0,0,0
0,0,0,0,0
0,0,0,0,0
0,0,0,0,0
0,0,0,0,0
0,0,0,0,0
0,0,0,0,0
0,0,0,0,0
0,0,0,0,0
0,0,0,0,0
0,0,0,0,0
0,0,0,0,0
0,0,0,0,0
0,0,0,0,0
0,0,0,0,0
0,0,0,0,0
0,0,0,0,0
0,0,0,0,0
0,0,0,0,0
0,0,0,0,0
0,0,0,0,0
0,0,0,0,0
0,0,0,0,0
0,0,0,0,0
0,0,0,0,0
0,0,0,0,0
0,0,0,0,0
0,0,0,0,0
0,0,0,0,0
0,0,0,0,0
0,0,0,0,0
0,0,0,0,0
0,0,0,0,0
0,0,0,0,0
0,0,0,0,0
0,0,0,0,0
0,0,0,0,0
0,0,0,0,0
0,0,0,0,0
0,0,0,0,0
0,0,0,0,0
0,0,0,0,0
0,0,0,0,0
0,0,0,0,0
0,0,0,0,0
0,0,0,0,0
0,0,0,0,0
0,0,0,0,0
0,0,0,0,0
0,0,0,0,0
0,0,0,0,0
0,0,0,0,0
0,0,0,0,0
0,0,0,0,0
0,0,0,0,0
0,0,0,0,0
0,0,0,0,0
0,0,0,0,0
0,0,0,0,0
0,0,0,0,0
0,0,0,0,0
0,0,0,0,0
0,0,0,0,0
0,0,0,0,0
0,0,0,0,0
0,0,0,0,0
0,0,0,0,0
0,0,0,0,0
0,0,0,0,0
0,0,0,0,0
0,0,0,0,0
0,0,0,0,0
0,0,0,0,0
0,0,0,0,0
0,0,0,0,0
0,0,0,0,0
0,0,0,0,0
0,0,0,0,0
0,0,0,0,0
0,0,0,0,0
0,0,0,0,0
0,0,0,0,0
0,0,0,0,0
0,0,0,0,0
0,0,0,0,0
0,0,0,0,0
0,0,0,0,0
0,0,0,0,0
0,0,0,0,0
0,0,0,0,0
0,0,0,0,0
0,0,0,0,0
0,0,0,0,0
0,0,0,0,0
0,0,0,0,0
0,0,0,0,0
0,0,0,0,0
0,0,0,0,0
0,0,0,0,0
0,0,0,0,0
0,0,0,0,0
0,0,0,0,0
0,0,0,0,0
0,0,0,0,0
0,0,0,0,0
0,0,0,0,0
73.015,0.3,0.3,0.301,0.301
71.812,0.301,0,0,0.301
74.516,0.301,0,0,0.3
88.939,0.301,0,0,0
75.118,0.3,0.3,0,0.301
103.662,0.3,0,0,0
73.014,0.3,0.3,0.301,0
214.235,0,0.301,0.3,0
80.826,0,0,0,0
87.737,0,0,0,0.301
88.338,0.3,0.3,0.301,0
89.84,0.3,0,0,0
91.644,0,0,0.3,0
83.831,0.301,0,0.301,0
96.451,0.301,0,0,0
100.356,0,0.301,0.3,0
93.446,0.3,0,0.301,0
97.953,0,0,0,0
82.629,0.301,0.3,0.301,0
96.151,0.3,0.3,0,0.301
79.925,0,0,0.3,0
76.619,0.3,0,0.3,0
79.625,0,0.3,0.301,0
78.423,0,0.3,0.3,0
77.822,0,0,0,0.3
78.723,0.3,0.3,0,0
77.221,0,0,0.3,0
76.62,0.301,0,0,0.3
75.718,0,0.3,0,0.301
76.92,0,0,0.301,0
84.132,0.301,0.3,0,0.301
78.422,0,0,0.301,0
77.821,0.3,0.3,0.301,0
