950.6,0.2,0.1,0.1,0.2
950,0.2,0.2,0.1,0.2
950.2,0.2,0.1,0.1,0.2
971.6,0.2,0.2,0.1,0.2
968.5,0.2,0.2,0.2,0.1
970.5,0.1,0.1,0.2,0.1
950.5,0.2,0.2,0.2,0.1
952.2,0.2,0.2,0.2,0.1
968.6,0.1,0.1,0.1,0.1
948.7,0.2,0.1,0.1,0.1
977.8,0.2,0.1,0.2,0.1
951.5,0.2,0.1,0.1,0.2
948.2,0.2,0.1,0.1,0.1
974.5,0.2,0.1,0.1,0.2
951.1,0.2,0.2,0.2,0.2
964.2,0.1,0.2,0.1,0.2
949.1,0.2,0.1,0.1,0.2
950.5,0.2,0.1,0.1,0.2
972.5,0.2,0.1,0.1,0.1
1172,0.2,0.2,0.2,0.1
956.5,0.2,0.3,0.2,0.2
1457.1,0.2,0.2,0.1,0.1
975.2,0.2,0.1,0.1,0.1
984.1,0.2,0.3,0.2,0.2
950.7,0.1,0.7,0.2,0.2
986.4,0.2,0.2,2,0.3
954.2,0.2,0.1,0.1,0.1
959.6,0.1,0.1,0.1,0.1
993.5,0.2,0.2,0.3,0.2
962.5,0.2,0.1,0.1,0.1
1004.5,0.2,0.1,0.1,0.1
971.2,0.2,0.1,0.1,0.1
947.9,0.2,0.1,0.1,0.1
970,0.1,0.2,0.2,0.1
945.6,0.2,0.2,0.1,0.2
947.2,0.2,0.2,0.1,0.2
951.3,0.2,0.2,0.2,0.1
1462,0.2,0.2,0.2,0.1
950.7,0.2,0.2,0.2,0.2
962.4,0.1,0.2,0.1,0.2
950.6,0.2,0.2,0.3,0.2
956.9,0.1,0.1,0.1,0.1
1260.2,0.2,0.2,0.2,0.2
964.1,0.2,0.1,0.1,0.1
953.5,0.2,0.1,0.1,0.1
975.3,0.2,0.1,0.2,0.1
964.7,0.1,0.1,0.1,0.1
949.5,0.1,0.1,0.1,0.2
995.8,0.2,0.1,0.1,0.1
1214.8,0.2,0.1,0.1,0.1
949.6,0.1,0.2,0.2,0.1
969,0.2,0.1,0.1,0.2
958,0.2,0.1,0.2,0.1
946.2,0.2,0.1,0.2,0.1
941.7,0.2,0.2,0.2,0.2
943.4,0.2,0.2,0.2,0.2
947,0.2,0.2,0.2,0.2
1557.6,0.2,0.2,0.2,0.1
962.8,0.2,0.1,0.2,0.1
944.2,0.2,0.1,0.1,0.1
952.2,0.2,0.1,0.1,0.1
962.3,0.2,0.2,0.1,0.2
952.6,0.2,0.2,0.2,0.2
966.9,0.1,0.1,0.1,0.1
965,0.1,0.2,0.2,0.2
948.6,0.1,0.2,0.1,0.2
949.2,0.2,0.1,0.1,0.1
945.7,0.2,0.1,0.1,0.1
949.2,0.2,0.1,0.1,0.1
957.3,0.2,0.1,0.2,0.1
950,0.2,0.2,0.1,0.2
969.3,0.2,0.2,0.1,0.1
968.4,0.2,0.2,0.1,0.2
997.6,0.2,0.2,0.2,0.1
952.4,0.2,0.1,0.1,0.2
977.3,0.2,0.1,0.1,0.1
950.5,0.2,0.1,0.1,0.1
948.1,0.2,0.1,0.1,0.2
948.1,0.2,0.2,0.2,0.2
1020.4,0.2,0.1,0.1,0.1
948.9,0.1,0.1,0.1,0.2
950,0.2,0.2,0.1,0.2
951,0.1,0.1,0.1,0.2
954.1,0.2,0.1,0.1,0.2
961.7,0.1,0.1,0.2,0.2
960.7,0.2,0.2,0.1,0.2
949.6,0.1,0.1,0.2,0.1
974.2,0.1,0.2,0.2,0.2
959.9,0.2,0.1,0.1,0.2
982.4,0.2,0.2,0.2,0.1
1021.6,0.2,0.2,0.1,0.2
949.1,0.2,0.1,0.1,0.1
968.8,0.2,0.2,0.2,0.1
953.1,0.2,0.1,0.1,0.1
960.2,0.2,0.1,0.1,0.1
947.5,0.2,0.1,0.1,0.2
950,0.2,0.1,0.1,0.1
950.7,0.2,0.1,0.2,0.1
960.7,0.2,0.2,0.1,0.2
946.6,0.2,0.2,0.1,0.2
1547.1,0.2,0.1,0.1,0.1
996.1,0.2,0.2,0.1,0.2
947.5,0.1,0.2,0.2,0.1
955.6,0.2,0.2,0.1,0.2
971.6,0.2,0.1,0.1,0.2
952.4,0.2,0.2,0.2,0.1
951.2,0.2,0.1,0.1,0.1
947.9,0.2,0.1,0.2,0.1
979.7,0.2,0.2,0.1,0.2
950.3,0.2,0.1,0.1,0.1
950.8,0.2,0.1,0.2,0.1
995.4,0.2,0.1,0.1,0.1
947.8,0.2,0.1,0.1,0.1
954.6,0.1,0.1,0.1,0.2
967.1,0.2,0.2,0.1,0.2
949.1,0.2,0.2,0.1,0.2
946.3,0.2,0.2,0.2,0.2
969.6,0.2,0.1,0.1,0.2
945.8,0.2,0.1,0.1,0.1
959.2,0.2,0.2,0.2,0.1
1621.8,0.2,0.2,0.2,0.1
953.5,0.2,0.1,0.1,0.1
949.3,0.2,0.1,0.1,0.2
958.3,0.1,0.1,0.1,0.2
951.9,0.2,0.2,0.2,0.2
967.4,0.1,0.1,0.1,0.1
972.7,0.2,0.1,0.1,0.1
963.5,0.2,0.2,0.2,0.2
950,0.2,0.1,0.1,0.1
949.4,0.2,0.2,0.2,0.2
945,0.2,0.1,0.2,0.1
949.5,0.2,0.1,0.1,0.1
969.6,0.2,0.2,0.2,0.2
946.1,0.3,0.2,0.2,0.2
979.8,0.2,0.1,0.1,0.1
966.4,0.2,0.2,0.2,0.2
946.6,0.2,0.2,0.2,0.1
965.8,0.2,0.1,0.1,0.1
959.1,0.2,0.1,0.2,0.1
959.4,0.4,0.2,0.2,0.3
954.3,0.3,0.2,0.3,0.3
963.5,0.1,0.1,0.2,0.1
949.2,0.2,0.2,0.1,0.2
962.1,0.2,0.2,0.2,0.2
949.2,0.2,0.2,0.2,0.2
961.5,0.2,0.1,0.1,0.2
1422.7,0.2,0.2,0.2,0.1
967.6,0.1,0.1,0.1,0.1
951.5,0.2,0.1,0.1,0.1
951.1,0.2,0.1,0.2,0.1
944.1,0.2,0.2,0.2,0.2
948.3,0.1,0.1,0.1,0.1
949.6,0.2,0.2,0.1,0.2
976.3,0.2,0.1,0.2,0.2
989.4,0.2,0.2,0.2,0.2
950.4,0.2,0.1,0.2,0.2
954.6,0.2,0.2,0.1,0.3
963.5,0.2,0.1,0.1,0.1
946.2,0.1,0.2,0.2,0.2
971.4,0.2,10.3,0.1,0.1
947.6,0.2,0.1,0.1,0.1
964.6,0.1,0.2,0.2,0.2
951.6,0.2,0.2,0.2,0.2
951.8,0.2,0.1,0.1,0.1
966.9,0.2,0.2,0.2,0.2
959.4,0.1,0.2,0.2,0.1
950.1,0.2,0.1,0.1,0.1
947,0.2,0.1,0.1,0.1
945.7,0.2,0.2,0.2,0.2
949.7,0.1,0.1,0.1,0.1
952.1,0.1,0.2,0.2,0.1
967.9,0.1,0.1,0.1,0.1
964.4,0.1,0.1,0.1,0.1
967.7,0.2,0.2,0.2,0.2
950.1,0.2,0.1,0.1,0.1
957.6,0.1,0.1,0.1,0.2
948.1,0.2,0.1,0.1,0.1
1009.8,0.3,0.2,0.2,0.2
967.2,0.1,0.2,0.2,0.2
947,0.2,0.2,0.2,0.2
952.7,0.2,0.4,0.1,0.1
963,0.1,0.1,0.1,0.2
952.4,0.1,0.5,0.2,0.2
957.9,0.2,0.1,0.1,0.1
953,0.2,0.1,0.2,0.1
991,0.2,0.1,0.1,0.2
962.6,0.2,0.2,0.1,0.2
987.5,0.1,0.1,0.1,0.2
948.4,0.2,0.1,0.2,0.1
944.8,0.1,0.1,0.1,0.1
976.6,0.2,0.1,0.1,0.2
949.1,0.2,0.2,0.2,0.1
967.8,0.2,0.1,0.1,0.1
949.1,0.2,0.1,0.2,0.1
960.2,0.2,0.1,0.2,0.1
950.9,0.2,0.1,0.1,0.1
972.4,0.2,0.2,0.2,0.2
1616.9,0.1,0.2,0.2,0.1
950.6,0.2,0.1,0.1,0.1
983.1,0.1,0.1,0.1,0.1
947.6,0.2,0.2,0.1,0.2
971.4,0.1,0.1,0.1,0.1
959.5,0.2,0.2,0.2,0.2
954.7,0.2,0.2,0.2,0.1
945.4,0.2,0.1,0.1,0.2
1467.3,0.2,0.2,0.2,0.1
977.6,0.1,0.1,0.1,0.1
948,0.1,0.1,0.1,0.2
958.7,0.1,0.1,0.1,0.2
983,0.2,0.1,0.2,0.1
957.2,0.1,0.1,0.2,0.1
968.3,0.2,0.1,0.2,0.1
945.3,0.2,0.2,0.1,0.2
961.6,0.1,0.2,0.1,0.2
960.2,0.2,0.1,0.1,0.1
963.3,0.2,0.1,0.1,0.2
946.1,0.1,0.2,0.2,0.1
950,0.1,0.1,0.1,0.1
951.9,0.2,0.1,0.1,0.1
976.4,0.2,0.1,0.1,0.1
950.3,0.2,0.1,0.1,0.1
952.6,0.2,0.2,0.2,0.2
949.3,0.2,0.2,0.1,0.2
1406,0.2,0.2,0.1,0.2
987.3,0.2,0.2,0.2,0.1
987.7,0.2,0.1,0.1,0.1
972.2,0.1,0.1,0.1,0.1
951.7,0.1,0.1,0.1,0.1
952.5,0.2,0.1,0.1,0.1
965.7,0.1,0.2,0.2,0.1
947.4,0.2,0.1,0.1,0.1
948.8,0.2,0.2,0.2,0.2
948.2,0.2,0.1,0.1,0.2
947.4,0.2,0.1,0.1,0.1
951.1,0.2,0.2,0.1,0.2
947.8,0.1,0.2,0.1,0.2
963.6,0.2,0.1,0.1,0.2
963.1,0.1,0.2,0.2,0.1
945.3,0.2,0.2,0.2,0.2
963.4,0.1,0.1,0.1,0.1
961.8,0.1,0.2,0.2,0.1
947.5,0.2,0.1,0.1,0.1
973.7,0.1,0.1,0.1,0.1
948,0.2,0.1,0.1,0.1
963.2,0.2,0.1,0.1,0.1
966.6,0.2,0.1,0.1,0.1
946,0.2,0.2,0.2,0.2
990.3,0.2,0.2,0.1,0.2
1217.5,0.2,0.2,0.2,0.2
982,0.2,0.1,0.1,0.1
950.2,0.2,0.1,0.1,0.1
963.5,0.1,0.1,0.1,0.1
949.5,0.2,0.1,0.2,0.1
943.6,0.2,0.1,0.1,0.1
959.3,0.2,0.2,0.2,0.2
960.4,0.2,0.1,0.1,0.2
16809.3,0.2,0.1,0.1,0.1
16732.9,0.2,0.1,0.1,0.1
17528.4,0.2,0.2,0.1,0.2
13293.7,0.2,0.1,0.1,0.1
1058.9,0.1,0.2,0.1,0.2
1059.9,0.2,0.1,0.1,0.1
1059.6,0.2,0.1,0.1,0.1
1097.2,0.4,0.3,0.4,0.3
1056.9,0.2,0.3,0.2,0.2
1054.5,0.2,0.2,0.2,0.3
1061.8,0.2,0.2,0.1,0.3
1064.7,0.1,0.2,0.1,0.3
1058.3,0.2,0.2,0.2,0.2
1077.7,0.2,0.1,0.1,0.2
1053.9,0.2,0.2,0.1,0.2
1081.5,0.2,0.3,0.2,0.3
1072,0.1,0.2,0.1,0.3
1056.2,0.1,0.2,0.2,0.2
1080.7,0.2,0.2,0.2,0.3
1063.6,0.1,0.2,0.2,0.2
1093.2,0.2,0.1,0.1,0.1
1060.1,0.2,0.1,0.1,0.1
1069.5,0.2,0.2,0.1,0.2
1607.9,0.2,0.2,0.2,0.3
1075.8,0.3,0.4,0.2,0.3
1077.8,0.1,0.2,0.2,0.3
1046.6,0.5,0.5,0.3,0.6
1032.3,0.2,0.2,0.1,0.2
1045.9,0.4,0.4,0.4,0.4
1046.9,0.2,0.2,0.2,0.3
1055.6,0.2,0.3,0.2,0.2
1049.9,0.2,0.1,0.2,0.2
1029.1,0.2,0.2,0.2,0.3
1038.5,0.2,0.1,0.1,0.2
1666,0.2,0.2,0.2,0.2
1030.2,0.1,0.2,0.5,0.4
1030.1,0.2,0.1,0.1,0.1
1030.4,0.2,0.2,0.2,0.1
1027.7,0.2,0.1,0.1,0.1
1030.5,0.2,0.1,0.1,0.1
1055.5,0.2,0.2,0.2,0.2
1585,0.2,0.2,0.2,0.2
1028.1,0.2,0.1,0.1,0.1
1028.2,0.2,0.2,0.2,0.2
1032.5,0.4,0.3,0.4,0.3
1025.1,0.2,0.2,0.2,0.1
1033.4,0.1,0.2,0.2,0.3
1024.3,0.2,0.2,0.2,0.2
1032.2,0.2,0.2,0.4,0.3
1058.7,0.2,0.2,0.2,0.3
1025.6,0.3,0.2,0.2,0.3
1033.3,0.2,0.2,0.2,0.3
1035.6,0.2,0.2,0.2,0.2
1040,0.2,0.1,0.1,0.1
1357.3,0.2,0.1,0.1,0.1
1034.1,0.2,0.4,0.1,0.1
1032.9,0.2,0.1,0.1,0.1
1068,0.2,0.1,0.1,0.1
1602.7,0.2,0.3,0.1,0.2
1028.9,0.1,0.2,0.1,0.2
1026.4,0.2,0.2,0.2,0.3
1024.8,0.2,0.2,0.2,0.2
1023.6,0.2,0.2,0.4,0.2
1027.1,0.2,0.2,0.2,0.2
1045.9,0.1,0.1,0.1,0.1
1025.9,0.1,0.2,0.1,0.2
1047.6,0.1,0.2,0.2,0.2
1028.3,0.2,0.2,0.2,0.2
1037.9,0.2,0.1,0.1,0.1
1046,0.2,0.2,0.2,0.1
1028.1,0.2,0.1,0.1,0.1
1023.3,0.1,0.2,0.2,0.2
1056,0.2,0.1,0.1,0.2
1090.3,0.2,0.2,0.1,0.2
1026.2,0.1,0.2,0.2,0.2
1029.4,0.2,0.2,0.2,0.1
1027.3,0.2,0.1,0.1,0.1
1024,0.2,0.2,0.2,0.2
1034.2,0.1,0.1,0.1,0.1
1033.5,0.2,0.2,0.1,0.2
1046.4,0.2,0.2,0.1,0.3
1027.8,0.1,0.2,0.2,0.2
1028.1,0.2,0.2,0.2,0.4
1056.4,0.1,0.2,0.2,0.2
1025.1,0.2,0.1,0.2,0.2
1022.3,0.2,0.1,0.2,0.2
1046.7,0.1,0.1,0.1,0.1
1030,0.2,0.1,0.1,0.2
1038.6,0.2,0.3,0.2,0.3
1040.8,0.2,0.2,0.2,0.2
1053.2,0.1,0.1,0.1,0.1
1044,0.2,0.4,0.2,0.2
1301.7,0.2,0.1,0.1,0.1
1050.3,0.2,0.1,0.2,0.2
1045.2,0.2,0.1,0.2,0.2
1025.3,0.2,0.2,0.1,0.3
1056.2,0.2,0.1,0.1,0.1
1049,0.2,0.2,0.1,0.2
1024.3,0.2,0.2,0.1,0.2
1037,0.2,0.1,0.1,0.2
1024.4,0.2,0.1,0.1,0.1
1022.3,0.2,0.2,0.1,0.2
1035.6,0.2,0.2,0.2,0.2
1040,0.4,0.4,0.3,0.3
1055.4,0.2,0.3,0.2,0.2
1041.7,0.2,0.3,0.1,0.3
1029.5,0.2,0.3,0.2,0.2
1027.9,0.2,0.1,0.1,0.2
1027.2,0.2,0.2,0.2,0.3
1024.7,0.2,0.2,0.2,0.3
1050.4,0.2,0.3,0.1,0.3
1042.1,0.2,0.3,0.2,0.3
1046.3,0.1,0.2,0.2,0.2
1030.1,0.2,0.3,0.3,0.3
1065.4,0.1,0.2,0.2,0.3
1033.5,0.4,0.4,0.4,0.4
1028,0.1,0.1,0.1,0.2
1026.2,0.2,0.3,0.1,0.2
1040.6,0.2,0.2,0.2,0.2
1022.8,0.2,0.2,0.2,0.1
1025,0.2,0.2,0.1,0.2
1035.4,0.2,0.2,0.2,0.2
1040,0.4,0.2,0.2,0.2
1030.4,0.3,0.3,0.3,0.2
1026.8,0.2,0.1,0.1,0.2
1347,0.2,0.2,0.2,0.1
1022.5,0.2,0.3,0.2,0.3
1038.7,0.1,0.2,0.2,0.3
1026.2,0.1,0.3,0.2,0.3
1032.9,0.2,0.1,0.1,0.1
1031.1,0.2,0.2,0.2,0.2
1044.5,0.2,0.2,0.2,0.2
1032,0.2,0.5,0.2,0.4
1024,0.2,0.1,0.1,0.1
1039.7,0.2,0.4,0.3,0.3
1042.6,0.2,0.2,0.3,0.2
1029.1,0.1,0.2,0.2,0.3
1026.1,0.2,0.1,0.1,0.1
1028.1,0.1,0.2,0.2,0.1
1033.1,0.2,0.1,0.1,0.2
1049.3,0.2,0.2,0.2,0.1
1025.5,0.2,0.1,0.2,0.2
1034.2,0.2,0.1,0.2,0.2
1027.6,0.2,0.1,0.1,0.1
1044,0.2,0.4,0.4,2.2
1022,0.2,0.1,0.1,0.1
1039.2,0.2,0.1,0.1,0.1
1027.6,0.2,0.2,0.2,0.2
1028.2,0.2,0.2,0.2,0.1
1026,0.2,0.2,0.2,0.2
1033.3,0.2,0.2,0.2,0.2
1034.7,0.2,0.2,0.2,0.2
1040.5,0.1,0.2,0.1,0.1
1044.6,0.1,0.2,0.2,0.2
1031,0.1,0.2,0.2,0.2
1588.7,0.2,0.1,0.1,0.1
1022.3,0.2,0.2,0.1,0.2
1025.8,0.1,0.1,0.1,0.1
1024.9,0.2,0.2,0.1,0.2
1024,0.1,0.2,0.1,0.2
1028.2,0.2,0.2,0.2,0.5
1033.8,0.1,0.1,0.1,0.1
1032.7,0.2,0.1,0.1,0.4
1026.2,0.1,0.1,0.1,0.2
1588.2,0.1,0.2,0.2,0.2
1021.8,0.2,0.2,0.1,0.2
1046.3,0.2,0.1,0.1,0.1
1026.9,0.2,0.1,0.1,0.1
1027.2,0.1,0.2,0.1,0.2
1029.8,0.2,0.2,0.2,0.2
1027.9,0.1,0.2,0.2,0.2
1530.6,0.2,0.2,0.2,0.2
1019.8,0.2,0.1,0.1,0.1
1043.3,0.2,0.1,0.1,0.1
1021.8,0.2,0.2,0.2,0.1
1021.7,0.2,0.1,0.1,0.1
1032.9,0.2,0.2,0.2,0.2
1051.7,0.2,0.2,0.2,0.2
1041.2,0.3,0.2,0.2,0.2
1046.6,0.2,0.1,0.1,0.2
1659.4,0.2,0.2,0.2,0.1
1024.4,0.1,0.2,0.1,0.2
1029.7,0.2,0.2,0.2,0.2
1031,0.2,0.1,0.2,0.2
1034.7,0.1,0.1,0.1,0.1
1041.1,0.1,0.2,0.2,0.1
1026,0.1,0.2,0.2,0.2
1330,0.2,0.1,0.1,0.1
1040.9,0.2,0.1,0.1,0.1
1024.1,0.1,0.1,0.1,0.1
1024.7,0.1,0.1,0.2,0.1
1050.7,0.2,0.1,0.1,0.2
1031.2,0.2,0.1,0.1,0.1
1042.6,0.2,0.2,0.2,0.2
1036.8,0.1,0.1,0.2,0.1
1022.5,0.2,0.1,0.1,0.2
1025.7,0.1,0.1,0.1,0.1
1039.4,0.1,0.2,0.3,0.2
1029.9,0.2,0.1,0.1,0.2
1032.2,0.1,0.1,0.1,0.2
1044.7,0.1,0.1,0.1,0.1
1229.3,0.2,0.1,0.2,0.2
1048.8,0.2,0.1,0.2,0.1
1029,0.1,0.2,0.2,0.1
1026,0.2,0.2,0.2,0.3
1046.4,0.2,0.2,0.2,0.2
1039.2,0.1,0.2,0.1,0.2
1576.5,0.2,0.2,0.1,0.2
1024.6,0.2,0.1,0.2,0.2
1024.5,0.1,0.1,0.1,0.1
1034.2,0.1,0.1,0.2,0.1
1024.6,0.1,0.3,0.2,0.2
1056.5,0.2,0.3,0.1,0.2
1023.1,0.2,0.1,0.1,0.1
1023.2,0.2,0.2,0.2,0.1
1028.7,0.1,0.1,0.1,0.1
1701,0.1,0.2,0.1,0.2
1022.3,0.2,0.2,0.2,0.2
1024.3,0.2,0.1,0.1,0.2
1033.6,0.2,0.1,0.2,0.2
1040.9,0.2,0.2,0.2,0.1
1024.9,0.2,0.1,0.1,0.1
1045.6,0.1,0.1,0.1,0.1
1032.1,0.2,0.1,0.1,0.1
1031.8,0.2,0.1,0.2,0.1
1027.7,0.1,0.2,0.2,0.2
1043.9,0.2,0.1,0.1,0.1
1026,0.2,0.2,0.2,0.2
1042.8,0.2,0.1,0.1,0.2
1029.3,0.2,0.2,0.1,0.2
1026.1,0.2,0.2,0.2,0.1
1052.7,0.1,0.2,0.2,0.1
1580,0.2,0.2,0.1,0.2
1054.3,0.2,0.1,0.1,0.1
1019.2,0.2,0.2,0.2,0.2
1029.6,0.2,0.1,0.1,0.1
1031.5,0.1,0.2,0.2,0.2
1049.1,0.1,0.1,0.1,0.1
1022.3,0.2,0.1,0.1,0.1
1027.2,0.2,0.1,0.1,0.1
1026.5,0.2,0.1,0.2,0.2
1039.6,0.1,0.2,0.1,0.2
1032.5,0.2,0.1,0.2,0.1
1028.2,0.2,0.1,0.1,0.2
1027.7,0.1,0.2,0.2,0.2
1026.3,0.1,0.2,0.1,0.2
1050.3,0.2,0.2,0.1,0.2
1031.7,0.2,0.2,0.1,0.2
1026,0.1,0.2,0.2,0.1
1027.4,0.2,0.2,0.2,0.1
1023.7,0.2,0.2,0.2,0.2
1837.3,0.2,0.1,0.1,0.1
1023.2,0.2,0.2,0.2,0.2
1029.5,0.2,0.1,0.2,0.1
1053.9,0.2,0.1,0.1,0.1
1040.4,0.2,0.1,0.1,0.1
16916,0.2,0.3,0.3,0.2
16947.8,0.2,0.2,0.1,0.2
16842.8,0.1,0.3,0.1,0.3
15657,0.2,0.1,0.2,0.1
1085.3,0.2,0.2,0.2,0.2
1059.8,0.1,0.2,0.1,0.3
1063.3,0.2,0.3,0.5,0.3
1074.8,0.2,0.2,0.2,0.5
1057.7,0.2,0.2,0.2,0.2
1704.1,0.1,0.1,0.1,0.3
1071,0.1,0.2,0.2,0.3
1060.5,0.2,0.2,0.1,0.2
1089.1,0.2,0.3,0.1,0.2
1054.6,0.2,0.2,0.1,0.2
1061.9,0.2,0.2,0.2,0.2
1082.4,0.2,0.2,0.2,0.1
1073.9,0.2,0.1,0.2,0.2
1091.2,0.2,0.2,0.1,0.4
1083.7,0.2,0.2,0.2,0.1
1059.8,0.2,0.3,0.2,0.2
1069.3,0.1,0.5,0.2,0.2
1056,0.2,0.1,0.1,0.1
1066.6,0.1,0.2,0.1,0.2
1056.3,0.2,0.2,0.2,0.1
1031.3,0.1,0.1,0.1,0.4
1031.5,0.1,0.2,0.2,0.2
1061.2,0.1,0.3,0.2,0.3
1076.1,0.2,0.2,0.2,0.3
1043.4,0.2,0.2,0.1,0.2
1046.7,0.2,0.2,0.2,0.2
1025.3,0.1,0.2,0.2,0.1
1042.7,0.2,0.2,0.2,0.4
1048.8,0.3,0.3,0.4,0.3
1045.3,0.2,0.2,0.2,0.3
1024.2,0.1,0.2,0.2,0.2
1026.7,0.2,0.2,0.1,0.3
1022.2,0.2,0.2,0.2,0.2
1022.3,0.2,0.1,0.1,0.1
1026.4,0.2,0.1,0.2,0.1
1593.7,0.1,0.1,0.1,0.2
1065.8,0.1,0.2,0.2,0.3
1040.8,0.2,0.2,0.1,0.2
1030.2,0.2,0.1,0.1,0.1
1051.4,0.2,0.2,0.2,0.2
1029.3,0.2,0.2,0.2,0.2
1026.8,0.1,0.1,0.1,0.1
992.9,0.1,0.2,0.1,0.1
1411,0.1,0.2,0.2,0.1
971.1,0.1,0.1,0.1,0.1
973,0.2,0.1,0.1,0.1
987.1,0.1,0.2,0.2,0.2
967.6,0.2,0.2,0.2,0.1
990.2,0.1,0.1,0.1,0.1
967.1,0.2,0.2,0.1,0.3
994.3,0.2,0.1,0.2,0.2
970.2,0.2,0.1,0.1,0.1
1256.2,0.2,0.5,0.4,2.3
977.4,0.2,0.2,0.2,0.2
970.3,0.2,0.1,0.1,0.1
982.5,0.2,0.1,0.1,0.1
991.6,0.2,0.2,0.1,0.2
973.8,0.4,0.4,0.5,0.4
978.2,0.1,0.1,0.1,0.1
980,0.1,0.2,0.1,0.2
975.6,0.1,0.1,0.2,0.3
1609.7,0.2,0.3,0.2,0.2
985.1,0.2,0.2,0.1,0.2
966.4,0.2,0.1,0.1,0.1
983.7,0.2,0.1,0.1,0.1
967.5,0.1,0.1,0.1,0.1
987.6,0.1,0.2,0.2,0.1
965.4,0.2,0.1,0.1,0.1
959.1,0.2,0.1,0.1,0.1
963.7,0.1,0.2,0.2,0.2
1276.1,0.2,0.2,0.1,0.2
950.1,0.2,0.2,0.2,0.2
963.1,0.2,0.2,0.1,0.2
967,0.1,0.2,0.2,0.2
949.6,0.1,0.2,0.2,0.2
1225.6,0.2,0.2,0.1,0.2
956.2,0.1,0.2,0.2,0.2
943.5,0.2,0.2,0.2,0.2
974.5,0.2,0.1,0.1,0.1
1200.9,0.2,0.2,0.1,0.2
975.5,0.1,0.2,0.2,0.2
958.9,0.1,0.2,0.2,0.2
973,0.3,0.3,0.3,0.3
956.3,0.4,0.3,0.3,0.3
965.5,0.5,0.4,0.3,0.3
946,0.1,0.4,0.1,0.2
952.7,0.2,0.1,0.1,0.1
946.8,0.2,0.2,0.2,0.1
1212.5,0.1,0.1,0.1,0.2
949.3,0.2,0.2,0.2,0.3
947.3,0.2,0.1,0.1,0.1
980.4,0.2,0.2,0.1,0.1
957.9,0.1,0.1,0.1,0.1
952.5,0.2,0.1,0.1,0.1
944.1,0.2,0.1,0.1,0.1
978.2,0.2,0.1,0.1,0.2
970,0.2,0.2,0.2,0.2
1010.8,0.2,0.1,0.1,0.2
949.2,0.2,0.2,0.2,0.2
972.1,0.1,0.1,0.2,0.2
1492.2,0.2,0.2,0.2,0.2
960.5,0.2,0.2,0.2,0.3
966.2,0.2,0.2,0.4,0.4
959.6,0.2,0.2,0.2,0.3
946.9,0.1,0.2,0.2,0.3
955.3,0.2,0.2,0.1,0.2
958.6,0.2,0.2,0.2,0.2
964.6,0.2,0.1,0.1,0.1
962.3,0.1,0.1,0.1,0.3
944.3,0.1,0.2,0.1,0.4
975.5,0.2,0.2,0.1,0.2
967.4,0.1,0.2,0.2,0.2
1274.8,0.1,0.2,0.2,0.1
968.7,0.2,0.3,0.2,0.3
942.8,0.1,0.1,0.2,0.2
965.3,0.2,0.1,0.1,0.2
965.3,0.1,0.2,0.2,0.2
949.3,0.2,0.2,0.1,0.2
976.2,0.1,0.1,0.2,0.1
946.4,0.2,0.1,0.1,0.1
953.3,0.1,0.2,0.2,0.1
954.6,0.2,0.2,0.1,0.2
1261.1,0.1,0.1,0.1,0.2
964.3,0.1,0.2,0.2,0.2
944.8,0.2,0.1,0.1,0.1
976.8,0.2,0.1,0.1,0.2
965,0.2,0.2,0.1,0.2
1467.7,0.2,0.2,0.2,0.1
951.3,0.2,0.2,0.1,0.2
957.5,0.2,0.1,0.2,0.1
959.1,0.1,0.2,0.1,0.2
946.3,0.2,0.1,0.1,0.1
974.3,0.2,0.1,0.2,0.1
954.2,0.2,0.1,0.2,0.1
960.8,0.1,0.1,0.1,0.1
946.3,0.1,0.1,0.2,0.2
948.7,0.2,0.2,0.2,0.1
953.5,0.1,0.2,0.2,0.1
957.2,0.2,0.1,0.1,0.2
982.8,0.2,0.1,0.2,0.2
951.5,0.4,0.3,0.3,0.4
945.4,0.2,0.2,0.2,0.2
959.9,0.2,0.2,0.2,0.1
961.2,0.2,0.2,0.2,0.2
973.8,0.2,0.1,0.1,0.1
959.3,0.2,0.2,0.2,0.4
959.3,0.2,0.1,0.2,0.1
966,0.2,0.1,0.1,0.2
983.4,0.2,0.2,0.1,0.2
946.4,0.1,0.2,0.2,0.2
949.6,0.1,0.1,0.1,0.1
1265.3,0.1,0.2,0.1,0.2
947.9,0.2,0.1,0.1,0.3
956.7,0.2,0.1,0.1,0.1
960.6,0.2,0.1,0.1,0.2
960.2,0.2,0.1,0.1,0.2
975.8,0.2,0.1,0.1,0.1
956.8,0.2,0.2,0.1,0.1
947.1,0.2,0.1,0.1,0.1
967.4,0.2,0.2,0.1,0.2
958.6,0.2,0.1,0.2,0.1
956.9,0.2,0.1,0.2,0.2
944.4,0.1,0.2,0.2,0.2
952.5,0.1,0.1,0.1,0.2
946.4,0.2,0.1,0.1,0.2
950,0.2,0.2,0.2,0.2
966.4,0.1,0.1,0.1,0.3
941.5,0.2,0.1,0.1,0.1
959.2,0.2,0.2,0.2,0.1
964.8,0.2,0.1,0.2,0.1
945,0.2,0.1,0.1,0.1
948.3,0.1,0.1,0.2,0.2
946.2,0.2,0.1,0.1,0.2
961.7,0.1,0.1,0.1,0.1
944.6,0.1,0.1,0.2,0.1
953.5,0.1,0.1,0.1,0.1
943.1,0.2,0.2,0.1,0.2
949.5,0.2,0.1,0.1,0.1
954.9,0.2,0.2,0.2,0.1
1512.3,0.2,0.1,0.1,0.2
947.5,0.2,0.2,0.1,0.2
943.2,0.1,0.1,0.2,0.1
950.9,0.2,0.2,0.1,0.2
962.7,0.1,0.2,0.2,0.1
944.9,0.2,0.1,0.1,0.1
952.6,0.2,0.2,0.1,0.2
960.4,0.2,0.1,0.1,0.2
958.3,0.1,0.1,0.1,0.1
946.9,0.2,0.1,0.1,0.2
1585.9,0.2,0.1,0.1,0.1
949.7,0.1,0.1,0.1,0.2
960.9,0.2,0.1,0.1,0.1
950.1,0.1,0.1,0.1,0.1
955.1,0.1,0.2,0.2,0.1
954.2,0.2,0.2,0.1,0.1
972.6,0.2,0.1,0.1,0.2
944.7,0.2,0.1,0.1,0.2
947.5,0.1,0.1,0.1,0.1
966.3,0.2,0.2,0.1,0.2
945.9,0.2,0.1,0.1,0.2
954.8,0.2,0.2,0.1,0.2
945,0.2,0.1,0.1,0.1
952.9,0.2,0.1,0.1,0.2
951.8,0.2,0.1,0.1,0.2
956.3,0.2,0.1,0.1,0.2
960.1,0.2,0.1,0.1,0.2
947.2,0.2,0.2,0.1,0.2
1572.5,0.2,0.2,0.2,0.1
948.5,0.2,0.2,0.1,0.2
941.9,0.2,0.2,0.1,0.2
945.9,0.1,0.1,0.1,0.2
951.6,0.2,0.1,0.2,0.1
957,0.2,0.1,0.1,0.1
957.4,0.2,0.1,0.1,0.1
941.6,0.2,0.2,0.2,0.2
959.2,0.2,0.2,0.2,0.2
946.3,0.1,0.1,0.1,0.1
939.5,0.1,0.2,0.2,0.2
971,0.2,0.1,0.2,0.2
958.1,0.2,0.1,0.1,0.4
947.6,0.1,0.1,0.1,0.2
961.7,0.2,0.1,0.1,0.2
964.6,0.2,0.2,0.1,0.2
954.2,0.1,0.2,0.2,0.2
959.9,0.2,0.1,0.2,0.1
1246.7,0.2,0.2,0.1,0.2
956.8,0.2,0.2,0.2,0.3
1479.5,0.2,0.1,0.1,0.2
950.8,0.2,0.2,0.2,0.2
969.3,0.2,0.3,0.2,0.2
954.3,0.2,0.3,0.5,0.3
962.7,0.2,0.1,0.2,0.1
955.8,0.2,0.1,0.1,0.2
965.9,0.2,0.1,0.1,0.1
1474.5,0.1,0.2,0.2,0.1
972.1,0.2,0.1,0.1,0.1
942.9,0.2,0.1,0.2,0.1
956.1,0.1,0.1,0.1,0.2
970.2,0.2,0.2,0.1,0.2
945.4,0.2,0.1,0.1,0.1
954.2,0.2,0.2,0.1,0.2
968.7,0.1,0.2,0.1,0.2
947.3,0.2,0.2,0.2,0.2
961.1,0.1,0.1,0.1,0.1
941.5,0.1,0.2,0.1,0.2
952.2,0.1,0.1,0.2,0.1
970.8,0.2,0.1,0.2,0.1
945.7,0.1,0.2,0.1,0.2
947.5,0.1,0.2,0.1,0.1
940.9,0.2,0.1,0.2,0.1
944.2,0.2,0.1,0.2,0.1
952.7,0.2,0.1,0.2,0.1
16989.2,0.2,0.2,0.2,0.2
17006.8,0.2,0.1,0.2,0.1
16917.8,0.1,0.2,0.2,0.3
1087.7,0.1,0.2,0.2,0.3
1063.4,0.2,0.1,0.2,0.2
1074,0.2,0.2,0.2,0.2
1059.5,0.2,0.1,0.1,0.1
1067.8,0.2,0.2,0.2,0.2
1061.4,0.4,0.3,0.4,0.4
1062.3,0.2,0.1,0.2,0.1
1081.6,0.2,0.1,0.2,0.1
1063,0.2,0.1,0.1,0.1
1081,0.2,0.2,0.2,0.1
1662.9,0.2,0.1,0.1,0.2
1065.2,0.2,0.2,0.2,0.1
1065.2,0.2,0.2,0.1,0.2
1064.2,0.1,0.2,0.2,0.2
1076.8,0.2,0.1,0.1,0.2
1082.1,0.3,0.1,0.2,0.2
1086.3,0.2,0.1,0.1,0.1
1064.1,0.2,0.1,0.1,0.1
1082.8,0.2,0.1,0.1,0.2
1074.4,0.1,0.2,0.1,0.2
1056.3,0.2,0.2,0.1,0.2
1306.7,0.2,0.2,0.2,0.1
1043.8,0.2,0.2,0.2,0.1
1769.2,0.2,0.2,0.2,0.2
1027.3,0.1,0.2,0.2,0.3
1160.5,0.1,0.1,0.3,0.2
1027.5,0.1,0.1,0.1,0.2
1603.4,0.1,0.1,0.2,0.1
1052,0.1,0.2,0.2,0.1
1029.9,0.2,0.1,0.1,0.2
1048.1,0.2,0.2,0.2,0.2
1608.6,0.1,0.2,0.2,0.3
1044,0.2,0.2,0.2,0.2
1326.2,0.1,0.3,0.3,0.3
1029.8,0.2,0.2,0.2,0.1
1023.5,0.2,0.1,0.1,0.1
1028.1,0.2,0.1,0.1,0.1
1049.3,0.1,0.2,0.2,0.2
1027.9,0.3,0.2,0.3,0.2
1058.3,0.2,0.1,0.1,0.1
1060.7,0.2,0.1,0.1,0.1
1033.4,0.2,0.2,0.2,0.1
987,0.2,0.2,0.1,0.2
1005.7,0.2,0.1,0.1,0.1
970.9,0.2,0.1,0.2,0.1
1007.6,0.2,0.3,0.2,0.1
969,0.2,0.2,0.1,0.2
980.1,0.1,0.1,0.1,0.1
1000.5,0.2,0.1,0.1,0.1
993.8,0.2,0.1,0.1,0.1
969.2,0.2,0.2,0.2,0.2
970.1,0.2,0.1,0.1,0.1
976,0.2,0.1,0.1,0.1
972.5,0.2,0.1,0.1,0.1
987.2,0.2,0.1,0.1,0.1
972.2,0.2,0.2,0.2,0.2
988.5,0.2,0.1,0.1,0.1
1007.8,0.2,0.2,0.2,0.2
969.8,0.2,0.2,0.2,0.1
966,0.2,0.2,0.2,0.1
992.2,0.2,0.2,0.2,0.1
975,0.2,0.3,0.2,0.2
1600.3,0.2,0.1,0.1,0.1
967.2,0.4,0.3,0.3,0.3
968.5,0.2,0.2,0.2,0.2
944.7,0.2,0.1,0.1,0.2
954.7,0.2,0.1,0.1,0.2
968.3,0.1,0.1,0.1,0.2
949,0.2,0.1,0.1,0.1
974.3,0.2,0.2,0.2,0.1
945.6,0.2,0.1,0.1,0.1
944.3,0.2,0.2,0.2,0.1
957.2,0.2,0.2,0.2,0.2
1529.1,0.1,0.2,0.2,0.1
954.2,0.2,0.1,0.1,0.1
957.3,0.2,0.1,0.1,0.1
972.7,0.2,0.2,0.2,0.2
956.7,0.2,0.1,0.1,0.1
964,0.2,0.2,0.2,0.2
980.1,0.2,0.2,0.2,0.2
1568.4,0.2,0.2,0.2,0.2
958.9,0.2,0.2,10.6,0.1
984.4,0.2,0.2,0.2,0.1
957.1,0.2,0.2,0.2,0.2
967.1,0.1,0.1,0.2,0.1
963.4,0.2,0.1,0.1,0.1
956.9,0.2,0.1,0.1,0.1
950.4,0.2,0.2,0.1,0.2
950.2,0.2,0.1,0.1,0.1
980.8,0.2,0.2,0.2,0.2
964,0.2,0.2,0.2,0.3
971.4,0.2,0.2,0.1,0.2
1187.7,0.1,0.1,0.2,0.1
954.6,0.2,0.1,0.1,0.1
947.2,0.2,0.2,0.2,0.2
971.6,0.2,0.1,0.1,0.1
951.5,0.2,0.1,0.1,0.1
980.9,0.2,0.1,0.1,0.1
949.2,0.2,0.1,0.1,0.1
967.4,0.2,0.2,0.2,0.2
986.2,0.1,0.3,0.1,0.3
955.6,0.1,0.2,0.1,0.2
951.8,0.2,0.2,0.1,0.2
959.7,0.2,0.1,0.1,0.2
957.3,0.2,0.1,0.1,0.1
949.8,0.2,0.2,0.2,0.2
967.3,0.2,0.2,0.2,0.2
949.5,0.2,0.3,0.2,0.2
970.5,0.1,0.1,0.4,0.2
953,0.2,0.3,0.1,0.2
963.4,0.2,0.2,0.2,0.2
946.9,0.2,0.2,0.2,0.1
982.3,0.1,0.1,0.1,0.2
952.1,0.2,0.1,0.1,0.1
969.7,0.2,0.1,0.1,0.1
992.1,0.2,0.2,0.2,0.2
980.9,0.1,0.2,0.2,0.2
1270.5,0.2,0.2,0.1,0.2
973.5,0.2,0.1,0.1,0.1
945,0.1,0.2,0.2,0.2
952,0.2,0.1,0.1,0.1
955.9,0.2,0.1,0.1,0.2
957.6,0.2,0.2,0.2,0.2
968.5,0.2,0.2,0.1,0.2
1278.4,0.1,0.2,0.2,0.2
952.8,0.2,0.1,0.1,0.1
946.6,0.2,0.2,0.2,0.1
967.2,0.2,0.1,0.1,0.1
959.2,0.1,0.1,0.1,0.1
1614.2,0.2,0.1,0.1,0.1
968.9,0.2,0.2,0.1,0.2
983.3,0.1,0.1,0.1,0.1
960.6,0.1,0.2,0.1,0.5
959.6,0.2,0.1,0.1,0.1
991.4,0.1,0.2,0.1,0.2
950,0.2,0.2,0.2,0.2
954.3,0.2,0.1,0.2,0.1
956.7,0.2,0.1,0.2,0.1
983.4,0.2,0.1,0.1,0.1
986.4,0.3,0.3,0.3,0.3
956.2,0.2,0.2,0.2,0.2
1577.4,0.2,0.2,0.2,0.2
953.9,0.2,0.2,0.2,0.2
953.9,0.2,0.1,0.1,0.1
952.9,0.1,0.2,0.2,0.2
963.2,0.2,0.1,0.1,0.1
951.3,0.2,0.1,0.1,0.1
981.4,0.2,0.2,0.1,0.1
965.1,0.2,0.1,0.1,0.1
968.9,0.2,0.2,0.1,0.2
946.8,0.2,0.2,0.2,0.2
944.7,0.2,0.1,0.3,0.1
948.5,0.2,0.1,0.1,0.1
949.1,0.1,0.1,0.1,0.1
952.5,0.2,0.2,0.2,0.1
953.7,0.2,0.2,0.1,0.2
1473.5,0.2,0.1,0.1,0.1
958.2,0.2,0.1,0.1,0.1
949.4,0.2,0.2,0.2,0.1
946.9,0.2,0.1,0.1,0.1
964.6,0.1,0.2,0.1,0.2
954.6,0.1,0.1,0.1,0.2
949.7,0.2,0.2,0.2,0.2
961.9,0.2,0.1,0.1,0.1
948.9,0.2,0.2,0.1,0.1
967.5,0.2,0.1,0.1,0.2
963.6,0.1,0.1,0.1,0.1
951.1,0.2,0.1,0.1,0.2
950.2,0.2,0.2,0.1,0.2
947.4,0.2,0.1,0.1,0.1
951.3,0.2,0.1,0.2,0.1
951,0.2,0.1,0.1,0.2
950.4,0.2,0.2,0.2,0.1
960.4,0.2,0.1,0.1,0.1
1227,0.1,0.1,0.1,0.1
950,0.2,0.1,0.1,0.1
963.6,0.1,0.1,0.1,0.1
966.2,0.2,0.1,0.2,0.1
954.3,0.2,0.1,0.1,0.2
1610.8,0.2,0.2,0.2,0.2
948.4,0.2,0.1,0.2,0.1
952.6,0.1,0.2,0.1,0.2
990,0.2,0.2,0.1,0.2
966.8,0.1,0.2,0.2,0.2
951.5,0.2,0.2,0.1,0.2
951.3,0.2,0.2,0.2,0.2
1514.3,0.2,0.1,0.1,0.2
962.7,0.2,0.1,0.1,0.2
987.9,0.2,0.2,0.2,0.2
948.4,0.2,0.2,0.1,0.1
958.7,0.1,0.1,0.1,0.2
985,0.1,0.1,0.2,0.2
957.6,0.2,0.1,0.1,0.2
1468.1,0.1,0.1,0.2,0.1
981.6,0.2,0.1,0.2,0.1
949.6,0.1,0.1,0.1,0.1
947.2,0.2,0.1,0.1,0.2
969.8,0.2,0.1,0.1,0.2
954.8,0.2,0.1,0.1,0.1
956.1,0.2,0.2,0.3,0.4
962.4,0.2,0.1,0.2,0.1
994.7,0.2,0.2,0.1,0.2
949.1,0.2,0.2,0.3,0.2
950.6,0.2,0.3,0.2,0.2
947,0.1,0.1,0.1,0.1
948.1,0.2,0.2,0.1,0.2
954.4,0.2,0.2,0.2,0.1
947.9,0.1,0.2,0.2,0.1
950.9,0.2,0.1,0.1,0.1
960.2,0.2,0.2,0.1,0.1
952.4,0.2,0.1,0.2,0.1
952.8,0.1,0.2,0.2,0.2
966.3,0.2,0.1,0.2,0.2
955.3,0.2,0.2,0.2,0.1
970.7,0.1,0.2,0.2,0.2
948.5,0.2,0.2,0.1,0.2
946.2,0.2,0.1,0.1,0.1
955,0.1,0.1,0.2,0.1
949.1,0.1,0.1,0.1,0.1
955,0.2,0.2,0.2,0.2
961,0.2,0.1,0.2,0.1
947.2,0.2,0.1,0.1,0.1
977.4,0.1,0.2,0.1,0.1
975.4,0.2,0.2,0.1,0.3
963.9,0.1,0.1,0.1,0.1
948.3,0.2,0.2,0.2,0.2
967.6,0.2,0.2,0.2,0.1
972.4,0.2,0.2,0.2,0.2
950,0.1,0.1,0.1,0.1
968.5,0.1,0.2,0.1,0.1
966.4,0.2,0.1,0.2,0.1
962.7,0.2,0.1,0.1,0.1
972,0.2,0.1,0.1,0.1
1510.2,0.2,0.1,0.1,0.1
948.8,0.2,0.1,0.1,0.1
973.3,0.1,0.1,0.1,0.1
961.5,0.2,0.1,0.1,0.1
949.5,0.2,0.1,0.1,0.1
974.2,0.2,0.1,0.3,0.1
967.6,0.1,0.1,0.1,0.1
1013.2,0.2,0.2,0.2,0.1
967.3,0.2,0.2,0.1,0.1
951.3,0.2,0.1,0.1,0.1
973.2,0.1,0.2,0.1,0.2
959.7,0.2,0.1,0.2,0.1
959.9,0.2,0.2,0.2,0.3
956,0.3,0.3,0.2,0.3
1538.1,0.2,0.1,0.1,0.1
949.4,0.2,0.1,0.1,0.1
959.6,0.2,0.1,0.2,0.2
950.7,0.1,0.1,0.1,0.1
947.2,0.2,0.1,0.1,0.2
958.9,0.2,0.2,0.2,0.2
16749.6,0.1,0.1,0.1,0.1
16755.6,0.2,0.1,0.1,0.2
16645,0.2,0.5,0.2,0.2
1079.2,0.2,0.2,0.2,0.2
1089.8,0.2,0.1,0.2,0.1
1070.9,0.2,0.1,0.1,0.1
1069.9,0.2,0.1,0.1,0.1
1077.6,0.2,0.1,0.1,0.1
1071.7,0.2,0.1,0.2,0.1
1079.2,0.2,0.2,0.1,0.2
1070.3,0.4,0.2,0.3,0.3
1095.1,0.2,0.2,0.1,0.2
1092.4,0.2,0.3,0.1,0.3
1089.7,0.2,0.4,0.2,0.3
1078.3,0.2,0.1,0.1,0.1
1072.5,0.2,0.2,0.2,0.3
1069.1,0.2,0.1,0.1,0.1
1068,0.2,0.2,0.2,0.2
1094.9,0.2,0.1,0.1,0.1
1074.2,0.2,0.2,0.2,0.2
1072.6,0.9,1.2,1.2,1.1
1070.3,0.2,0.1,0.1,0.1
1067.4,0.2,0.2,0.2,0.1
1072.2,0.2,0.1,0.1,0.1
1038.5,0.2,0.1,0.1,0.1
1024.5,0.2,0.1,0.1,0.1
1029,0.1,0.2,0.1,0.2
1661.8,0.2,0.2,0.2,0.2
1038.5,0.2,0.1,0.1,0.1
1053.7,0.2,0.2,0.2,0.2
1039.3,0.2,0.1,0.1,0.1
1028.2,0.2,0.1,0.1,0.1
1032.9,0.2,0.2,0.1,0.2
1027.6,0.2,0.2,0.2,0.2
1071.6,0.2,0.2,0.2,0.2
1078.9,0.3,0.3,0.3,0.3
1040.6,0.3,0.4,0.2,0.3
1052.2,1.1,1.2,1,1.1
1028.1,0.2,0.1,0.1,0.1
1041.9,0.1,0.2,0.2,0.1
1087.6,0.1,0.4,0.1,0.2
1027.8,0.2,0.2,0.1,0.2
1022.6,0.2,0.1,0.4,0.1
1026.9,0.2,0.2,0.2,0.2
1037.8,0.4,0.5,0.5,0.2
985.6,0.2,0.2,0.1,0.2
1046.6,0.2,0.1,0.1,0.1
976.7,0.2,0.2,0.1,0.2
978.8,0.1,0.1,0.1,0.1
969.4,0.1,0.1,0.1,0.1
981.3,0.2,0.1,0.1,0.1
970.3,0.2,0.2,0.2,0.1
968,0.2,0.2,0.2,0.1
985.2,0.2,0.1,0.2,0.1
967.9,0.2,0.2,0.1,0.2
978.4,0.2,0.2,0.2,0.2
990.7,0.2,0.2,0.2,0.1
986.6,0.2,0.2,0.2,0.2
974.4,0.2,0.2,0.2,0.2
979.4,0.2,0.2,0.2,0.2
966.5,0.2,0.1,0.1,0.2
962.6,0.2,0.1,0.1,0.1
969.2,0.1,0.1,0.1,0.1
977.7,0.2,0.1,0.2,0.1
962.3,0.2,0.2,0.1,0.1
983,0.2,0.1,0.1,0.2
969.3,0.2,0.2,0.2,0.2
1000.4,0.2,0.2,0.1,0.3
950.8,0.2,0.2,0.1,0.4
960.3,0.1,0.1,0.1,0.2
965.3,0.2,0.2,0.2,0.2
1411.8,0.2,0.2,0.2,0.2
952.2,0.2,0.1,0.2,0.1
946.6,0.2,0.1,0.1,0.1
945.2,0.1,0.1,0.1,0.1
967.7,0.2,0.1,0.1,0.2
957.9,0.2,0.2,0.1,0.1
989,0.2,0.1,0.1,0.1
949.3,0.2,0.1,0.1,0.1
959.8,0.2,0.2,0.2,0.2
977.9,0.2,0.2,0.1,0.2
948.2,0.2,0.1,0.1,0.2
954.6,0.2,0.1,0.1,0.2
969.6,0.2,0.1,0.1,0.1
947.8,0.2,0.1,0.1,0.2
965.1,0.2,0.2,0.2,0.1
965,0.2,0.1,0.1,0.2
961.9,0.2,0.1,0.1,0.2
996.4,0.2,0.1,0.1,0.1
959.9,0.2,0.1,0.1,0.1
956.4,0.2,0.1,0.1,0.1
951.2,0.2,0.1,0.1,0.1
953.4,0.1,0.2,0.2,0.2
974.9,0.2,0.2,0.1,0.2
961.1,0.2,0.2,0.1,0.2
964.5,0.2,0.1,0.2,0.1
946.5,0.1,0.2,0.2,0.2
964,0.2,0.2,0.2,0.1
1680.3,0.2,0.2,0.2,0.2
947.1,0.1,0.1,0.1,0.1
970.2,0.2,0.2,0.1,0.2
954.3,0.2,0.1,0.1,0.1
949.5,0.2,0.1,0.1,0.1
953.6,0.2,0.1,0.1,0.1
959.7,0.2,0.1,0.2,0.1
947.5,0.1,0.1,0.1,0.1
957.3,0.2,0.2,0.2,0.2
969.5,0.1,0.2,0.2,0.2
1296.6,0.2,0.1,0.2,0.1
959.5,0.2,0.1,0.1,0.1
965.9,0.1,0.1,0.1,0.1
967.5,0.2,0.1,0.1,0.2
966.9,0.2,0.2,0.2,0.2
1121.8,0.2,0.1,0.1,0.2
986.6,0.1,0.2,0.2,0.3
1225.2,1.1,0.2,0.2,1.2
966.4,0.1,0.1,0.1,0.1
971.5,0.1,0.1,0.1,0.1
947.3,0.2,0.2,0.1,0.2
967.4,0.2,0.2,0.2,0.1
956.5,0.2,0.2,0.2,0.2
964.1,0.2,0.1,0.1,0.1
962.8,0.2,0.1,0.1,0.1
966.9,0.2,0.1,0.1,0.1
952,0.2,0.1,0.1,0.1
960.9,0.2,0.2,0.2,0.2
949.1,0.2,0.2,0.2,0.1
961.5,0.1,0.2,0.1,0.1
955.3,0.2,0.2,0.1,0.2
972.8,0.2,0.2,0.2,0.2
947.8,0.2,0.1,0.1,0.1
947.2,0.2,0.1,0.1,0.1
953,0.2,0.2,0.2,0.2
950.7,0.1,0.2,0.2,0.2
954.9,0.1,0.1,0.2,0.1
977.6,0.1,0.2,0.2,0.1
1473.3,0.1,0.1,0.1,0.1
1004.8,0.1,0.1,0.1,0.2
960.4,0.2,0.1,0.1,0.1
946,0.1,0.2,0.2,0.2
968.2,0.1,0.2,0.2,0.2
960.4,0.1,0.1,0.1,0.1
947.3,0.1,0.2,0.2,0.2
995.2,0.1,0.1,0.1,0.1
952.7,0.2,0.1,0.1,0.1
1481.3,0.1,0.1,0.1,0.2
957.2,0.2,0.2,0.2,0.1
953.6,0.2,0.1,0.1,0.1
947.5,0.2,0.2,0.1,0.2
966.7,0.2,0.1,0.1,0.2
950.7,0.2,0.2,0.1,0.2
947.9,0.2,0.1,0.1,0.1
970.3,0.2,0.1,0.1,0.1
952.6,0.2,0.2,0.2,0.1
957.3,0.2,0.2,0.1,0.2
951.1,0.2,0.1,0.1,0.1
949.9,0.2,0.1,0.2,0.1
1540.2,0.2,0.1,0.1,0.1
946.7,0.1,0.2,0.1,0.2
965.5,0.2,0.2,0.1,0.2
957.2,0.2,0.1,0.1,0.1
947.1,0.2,0.2,0.1,0.2
953.4,0.2,0.1,0.1,0.2
948,0.1,0.1,0.1,0.2
945.7,0.2,0.2,0.2,0.2
972.3,0.2,0.2,0.2,0.2
950.3,0.2,0.1,0.2,0.1
957.7,0.2,0.2,0.1,0.1
956.9,0.2,0.2,0.2,0.2
1479.3,0.2,0.2,0.2,0.2
973.3,0.2,0.1,0.2,0.1
956.6,0.1,0.1,0.1,0.1
961.1,0.2,0.1,0.1,0.1
1409.3,0.1,0.2,0.2,0.2
977.3,0.2,0.1,0.2,0.1
946.6,0.2,0.2,0.2,0.2
968.4,0.2,0.2,0.2,0.2
962.8,0.2,0.2,0.1,0.2
970.5,0.2,0.2,0.2,0.2
962.9,0.2,0.1,0.1,0.1
969.6,0.3,0.2,0.2,0.3
1589,0.2,0.1,0.2,0.1
965.3,0.1,0.1,0.1,0.1
946.2,0.2,0.1,0.2,0.1
950.7,0.2,0.1,0.1,0.1
975.7,0.2,0.2,0.1,0.2
962.9,0.2,0.1,0.1,0.1
950.8,0.2,0.2,0.2,0.2
985.2,0.2,0.2,0.2,0.2
964.2,0.2,0.2,0.2,0.2
1546.7,0.2,0.1,0.1,0.1
970.6,0.2,0.1,0.2,0.1
949.5,0.2,0.2,0.2,0.2
960.7,0.1,0.2,0.1,0.2
945.2,0.2,0.1,0.1,0.1
948.7,0.4,0.4,0.3,0.4
972.5,0.2,0.2,0.2,0.2
972.8,0.2,0.2,0.2,0.2
951.2,0.2,0.1,0.1,0.1
1494.3,0.1,0.1,0.1,0.1
961.8,0.2,0.1,0.1,0.1
949.9,0.1,0.2,0.2,0.2
953.9,0.2,0.2,0.2,0.2
963.7,0.2,0.1,0.1,0.1
1004.9,0.1,0.2,0.2,0.2
974.7,0.2,0.2,0.2,0.2
949.7,0.2,0.1,0.1,0.1
950,0.2,0.2,0.2,0.2
978.5,0.4,0.3,0.3,0.3
948.3,0.2,0.1,0.1,0.1
947.8,0.2,0.2,0.2,0.1
946.7,0.2,0.2,0.1,0.2
955.2,0.2,0.1,0.2,0.1
951.6,0.2,0.2,0.1,0.2
964.4,0.2,0.1,0.1,0.1
951.2,0.4,0.3,0.3,0.3
951.3,0.2,0.1,0.1,0.1
1220.3,0.2,0.1,0.1,0.2
946.7,0.2,0.1,0.2,0.1
946.3,0.2,0.2,0.2,0.1
946.7,0.2,0.1,0.1,0.1
946.2,0.2,0.2,0.2,0.2
979.7,0.2,0.2,0.1,0.2
966.4,0.1,0.1,0.1,0.1
948.8,0.1,0.2,0.1,0.2
956.5,0.2,0.2,0.1,0.2
960.8,0.2,0.2,0.2,0.1
952.7,0.2,0.2,0.2,0.2
950,0.2,0.1,0.1,0.1
1490.8,0.2,0.2,0.1,0.1
947.5,0.2,0.2,0.1,0.2
951.8,0.2,0.2,0.2,0.2
953.7,0.2,0.1,0.1,0.1
960.6,0.2,0.1,0.1,0.1
985.3,0.2,0.1,0.1,0.1
950,0.1,0.2,0.2,0.2
973.5,0.1,0.2,0.2,0.1
987.5,0.2,0.2,0.2,0.1
1060.7,0.2,0.1,0.1,0.1
945.6,0.2,0.1,0.1,0.1
968.6,0.1,0.1,0.1,0.1
946,0.2,0.2,0.2,0.1
953.1,0.2,0.1,0.1,0.1
954.9,0.2,0.2,0.2,0.2
944,0.2,0.1,0.1,0.2
950.6,0.2,0.1,0.1,0.1
950.5,0.2,0.1,0.1,0.1
1467.6,0.1,0.2,0.2,0.2
950.2,0.2,0.1,0.1,0.1
964.8,0.2,0.2,0.1,0.2
951,0.2,0.2,0.2,0.2
945.3,0.1,0.1,0.1,0.1
947.4,0.2,0.2,0.2,0.2
956.9,0.2,0.2,0.1,0.1
954.6,0.1,0.2,0.2,0.2
953.7,0.2,0.2,0.2,0.2
16701.5,0.2,0.2,0.2,0.1
16767.1,0.2,0.2,0.2,0.2
18622,0.2,0.2,0.1,0.2
1068.6,0.2,0.2,0.1,0.2
1084.9,0.2,0.1,0.1,0.1
1062,0.2,0.2,0.2,0.1
1077.4,0.1,0.1,0.1,0.1
1064.9,0.2,0.1,0.1,0.1
1076.5,0.2,0.1,0.1,0.1
1066.9,0.2,0.1,0.1,0.1
1083,0.2,0.1,0.2,0.1
1070,0.2,0.1,0.1,0.1
1077.6,0.1,0.2,0.1,0.2
1072.1,0.1,0.2,0.2,0.2
1083,0.2,0.1,0.1,0.1
1067.6,0.1,0.1,0.1,0.1
1059.4,0.2,0.2,0.1,0.2
1058,0.2,0.2,0.2,0.2
1068.9,0.2,0.2,0.2,0.1
1055.6,0.2,0.1,0.1,0.1
1064.1,0.1,0.1,0.1,0.2
1061.1,0.2,0.1,0.1,0.1
1059.1,0.2,0.1,0.1,0.2
1036.4,0.2,0.2,0.1,0.2
1618.9,0.1,0.1,0.1,0.1
1046,0.2,0.1,0.1,0.1
1023.6,0.2,0.2,0.2,0.2
1029.4,0.1,0.1,0.1,0.1
1024,0.1,0.1,0.1,0.1
1030.5,0.1,0.1,0.2,0.1
1026.7,0.2,0.2,0.1,0.2
1028.8,0.2,0.2,0.2,0.2
1046.1,0.2,0.1,0.1,0.1
1028.7,0.3,0.5,0.2,0.3
1037.5,0.2,0.2,0.2,0.2
1029.2,0.2,0.2,0.2,0.2
1023.6,0.2,0.1,0.1,0.2
1026.8,0.1,0.1,0.1,0.1
1033.7,0.2,0.1,0.1,0.1
1032.7,0.2,0.1,0.1,0.1
1029.1,0.1,0.1,0.1,0.1
1035.4,0.1,0.2,0.1,0.2
1024.8,0.1,0.2,0.2,0.2
1019,0.2,0.1,0.2,0.1
1026.4,0.2,0.1,0.2,0.1
982.2,0.2,0.1,0.1,0.1
1244.5,0.2,0.2,0.1,0.2
981.2,0.2,0.1,0.2,0.1
965.2,0.2,0.2,0.2,0.1
981.2,0.2,0.2,0.2,0.2
968.7,0.2,0.2,0.2,0.2
965.3,0.2,0.2,0.2,0.2
974.2,0.1,0.1,0.1,0.1
1587,0.1,0.1,0.1,0.1
1004.1,0.2,0.2,0.1,0.2
968.5,0.2,0.1,0.1,0.2
973.2,0.2,0.1,0.1,0.1
995.5,0.2,0.2,0.2,0.2
978.1,0.1,0.2,0.2,0.2
971.9,0.2,0.1,0.1,0.1
978.2,0.2,0.2,0.2,0.2
969,0.2,0.1,0.1,0.1
1475.6,0.2,0.1,0.1,0.1
990,0.1,0.1,0.1,0.1
988.9,0.3,0.3,0.3,0.3
978.5,0.2,0.1,0.1,0.1
974.6,0.1,0.2,10.3,0.2
961.3,0.2,0.2,0.1,0.2
1271.8,0.2,0.1,0.1,0.2
954.7,0.2,0.2,0.1,0.1
962.5,0.2,0.1,0.1,0.1
966.5,0.1,0.2,0.2,0.1
950.5,0.2,0.2,0.2,0.2
977.5,0.1,0.1,0.1,0.1
950.3,0.1,0.2,0.2,0.2
974.5,0.2,0.2,0.2,0.2
946.6,0.2,0.2,0.1,0.2
1464,0.2,0.2,0.2,0.1
945.6,0.2,0.2,0.2,0.2
962.2,0.2,0.1,0.1,0.1
969.8,0.2,0.2,0.2,0.2
964.3,0.2,0.2,0.1,0.2
951,0.2,0.1,0.1,0.1
947.9,0.2,0.2,0.2,0.1
958.6,0.2,0.1,0.1,0.1
951.3,0.2,0.1,0.1,0.1
957.4,0.2,0.3,0.2,0.1
955.4,0.1,0.1,0.1,0.1
948.4,0.2,0.1,0.1,0.1
970.1,0.2,0.2,0.2,0.5
948,0.2,0.2,0.2,0.2
960.2,0.1,0.1,0.1,0.1
946.5,0.2,0.2,0.2,0.2
955.3,0.2,0.2,0.2,0.2
985.1,0.1,0.1,0.1,0.1
965.5,0.2,0.1,0.1,0.1
943.6,0.2,0.2,0.2,0.2
991,0.2,0.2,0.2,0.2
951.1,0.2,0.1,0.1,0.1
952.7,0.2,0.1,0.1,0.1
949.7,0.2,0.1,0.1,0.1
951.7,0.2,0.1,0.1,0.1
954.2,0.2,0.1,0.1,0.1
978.4,0.2,0.2,0.1,0.2
948.5,0.1,0.1,0.1,0.1
960.1,0.2,0.1,0.1,0.1
949.9,0.2,0.2,0.1,0.2
956.2,0.1,0.1,0.1,0.1
960.5,0.2,0.2,0.2,0.2
980.2,0.1,0.1,0.1,0.1
959.2,0.2,0.2,0.2,0.2
964.8,0.2,0.1,0.1,0.1
952.9,0.2,0.2,0.2,0.2
956,0.2,0.2,0.2,0.2
1000.4,0.2,0.2,0.2,0.2
956.6,0.2,0.1,0.2,0.1
999,0.2,0.1,0.1,0.1
965.6,0.2,0.1,0.1,0.1
951.3,0.2,0.1,0.1,0.1
976.8,0.2,0.2,0.2,0.2
968.6,0.2,0.1,0.1,0.1
956.3,0.2,0.1,0.2,0.2
945.8,0.2,0.1,0.1,0.1
946.5,0.2,0.2,0.2,0.2
950.1,0.1,0.2,0.2,0.1
947.7,0.1,0.1,0.1,0.1
943.9,0.2,0.1,0.1,0.1
990.1,0.2,0.2,0.1,0.2
960.7,0.2,0.2,0.2,0.2
952.1,0.2,0.1,0.1,0.2
971.4,0.1,0.2,0.1,0.2
948.1,0.1,0.2,0.2,0.2
956.3,0.2,0.1,0.1,0.1
968.1,0.2,0.2,0.1,0.2
946.9,0.1,0.1,0.1,0.1
973.6,0.2,0.1,0.1,0.2
1457.4,0.2,0.2,0.2,0.2
971.2,0.2,0.1,0.1,0.1
951,0.2,0.1,0.1,0.1
959.2,0.2,0.2,0.2,0.2
960.9,0.2,0.2,0.2,0.2
1208.8,0.2,0.1,0.1,0.1
952.9,0.2,0.1,0.2,0.1
961.2,0.2,0.2,0.2,0.3
959.7,0.1,0.2,0.2,0.2
975.9,0.2,0.3,0.2,0.2
973.4,0.2,0.1,0.1,0.1
976.3,0.2,0.3,0.4,0.2
945.3,0.1,0.2,0.1,0.1
1517.4,0.2,0.2,0.1,0.2
949.7,0.2,0.2,0.2,0.1
952.3,0.2,0.1,0.1,0.1
967.6,0.2,0.2,0.2,0.2
995.9,0.1,0.1,0.2,0.1
963.8,0.2,0.1,0.1,0.1
947.6,0.2,0.2,0.2,0.2
947.1,0.2,0.1,0.1,0.1
955.6,0.1,0.1,0.1,0.1
958.8,0.2,0.2,0.2,0.2
981.7,0.2,0.1,0.1,0.1
961.2,0.2,0.2,0.2,0.1
955.7,0.1,0.2,0.2,0.1
957.2,0.2,0.2,0.2,0.1
946.2,0.2,0.2,0.1,0.1
951.4,0.2,0.2,0.2,0.2
959.7,0.2,0.2,0.1,0.1
973.3,1.1,0.3,0.3,0.3
970.4,0.1,0.2,0.2,0.2
949,0.2,0.1,0.1,0.1
952.7,0.2,0.1,0.1,0.1
1523.1,0.2,0.2,0.2,0.2
949.7,0.2,0.1,0.1,0.1
962,0.2,0.1,0.1,0.1
965.9,0.2,0.2,0.2,0.1
947.7,0.1,0.1,0.1,0.1
980.6,0.4,0.3,0.6,1.1
947,0.2,0.1,0.1,0.1
1232.4,0.1,0.1,0.1,0.2
964,0.2,0.2,0.2,0.2
950.2,0.2,0.1,0.1,0.1
959.9,0.1,0.1,0.1,0.1
981.1,0.2,0.1,0.1,0.1
956.1,0.2,0.2,0.1,0.1
957.8,0.2,0.2,0.2,0.2
955.4,0.2,0.1,0.1,0.1
957,0.2,0.2,0.1,0.2
942.5,0.2,0.1,0.1,0.1
957.3,0.2,0.2,0.2,0.1
969.4,0.2,0.2,0.1,0.1
948.6,0.2,0.1,0.1,0.1
968.9,0.2,0.2,0.2,0.1
1638.1,0.2,0.1,0.1,0.2
955.4,0.2,0.1,0.1,0.1
955.8,0.1,0.2,0.2,0.1
956.8,0.2,0.1,0.1,0.1
949,0.1,0.2,0.2,0.2
968.1,0.2,0.1,0.1,0.1
945.6,0.2,0.2,0.2,0.2
947.9,0.1,0.1,0.1,0.1
957.3,0.2,0.2,0.2,0.2
972.3,0.2,0.2,0.2,0.2
967.6,0.2,0.2,0.1,0.1
957.4,0.2,0.1,0.1,0.2
1246.3,0.2,0.1,0.1,0.2
969.1,0.2,0.1,0.1,0.1
950.4,0.2,0.1,0.1,0.2
956.1,0.2,0.2,0.2,0.2
958.2,0.2,0.2,0.2,0.1
947.1,0.2,0.1,0.1,0.1
968,0.2,0.2,0.1,0.2
956.8,0.1,0.1,0.2,0.1
962.4,0.2,0.1,0.2,0.1
960,0.2,0.1,0.1,0.1
986.4,0.2,0.1,0.1,0.1
964.7,0.2,0.1,0.2,0.1
951.7,0.2,0.2,0.2,0.2
950.5,0.2,0.2,0.2,0.2
948.3,0.2,0.1,0.1,0.1
949.2,0.2,0.2,0.2,0.1
964.7,0.1,0.2,0.1,0.1
949.5,0.1,0.2,0.2,0.2
950.2,0.2,0.2,0.2,0.2
946.4,0.2,0.1,0.2,0.1
949,0.2,0.1,0.1,0.1
955.1,0.1,0.1,0.2,0.1
1594.3,0.1,0.2,0.2,0.2
950.2,0.2,0.1,0.1,0.2
956,0.2,0.1,0.1,0.2
961.4,0.2,0.2,0.1,0.2
964.3,0.1,0.1,0.1,0.1
1523.9,0.2,0.2,0.2,0.1
954.1,0.2,0.2,0.2,0.1
954.7,0.2,0.1,0.1,0.1
962.2,0.2,0.2,0.2,0.2
952.8,0.2,0.2,0.2,0.1
955.5,0.2,0.1,0.1,0.1
952.4,0.2,0.2,0.2,0.2
973.8,0.2,0.1,0.1,0.1
969.1,0.2,0.2,0.1,0.2
963.4,0.2,0.1,0.1,0.1
966.5,0.2,0.1,0.2,0.1
978.3,0.1,0.2,0.1,0.2
1554.5,0.2,0.1,0.1,0.2
955.8,0.2,0.1,0.1,0.1
991.5,0.2,0.1,0.1,0.2
953.3,0.1,0.1,0.1,0.1
958.3,0.2,0.2,0.1,0.2
952.4,0.2,0.2,0.2,0.1
970.7,0.2,0.2,0.2,0.1
958.8,0.2,0.1,0.1,0.1
951.5,0.2,0.1,0.1,0.1
986,0.2,0.1,0.1,0.2
956.8,0.2,0.1,0.1,0.2
947.2,0.2,0.1,0.1,0.1
974.8,0.2,0.1,0.1,0.1
947.3,0.2,0.2,0.2,0.2
16931.5,0.2,0.2,0.3,0.2
16960.2,0.2,0.1,0.1,0.1
1087.5,0.4,0.3,0.3,0.3
1062.3,0.2,0.2,0.1,0.2
1059.6,0.2,0.1,0.2,0.2
1065.3,0.1,0.1,0.1,0.1
1063.1,0.1,0.2,0.2,0.2
1071.2,0.1,0.1,0.1,0.1
1076,0.2,0.2,0.2,0.2
1056.2,0.1,0.1,0.1,0.1
1064.1,0.2,0.1,0.1,0.1
1056.7,0.2,0.1,0.1,0.1
1339.2,0.2,0.1,0.1,0.1
1077.3,0.2,0.2,0.2,0.2
1060.6,0.2,0.1,0.1,0.1
1087,0.2,0.1,0.2,0.1
1060.3,0.1,0.1,0.1,0.1
1090.5,0.1,0.2,0.2,0.3
1813.1,0.2,0.1,0.2,0.2
1055.3,0.2,0.2,0.2,0.2
1059.6,0.1,0.2,0.1,0.1
1077,0.2,0.1,0.1,0.1
1028.2,0.3,0.3,0.2,0.2
1038.8,0.1,0.1,0.2,0.1
1029.1,0.2,0.1,0.1,0.1
1029.4,0.2,0.1,0.1,0.1
1600.8,0.2,0.2,0.1,0.2
1029.9,0.2,0.2,0.1,0.2
1026.9,0.1,0.2,0.1,0.2
1028.5,0.2,0.1,0.2,0.1
1047.6,0.2,0.1,0.1,0.2
1028,0.2,0.2,0.1,0.2
1024.5,0.2,0.1,0.2,0.1
1311.5,0.2,0.1,0.1,0.1
1025,0.2,0.1,0.1,0.1
1023.6,0.2,0.2,0.1,0.2
1060.7,0.1,0.1,0.1,0.2
1021.2,0.1,0.1,0.2,0.2
1023.2,0.2,0.1,0.1,0.2
1022.6,0.2,0.1,0.1,0.1
1584.7,0.2,0.1,0.1,0.1
1029,0.2,0.1,0.1,0.1
1038.7,0.1,0.2,0.2,0.1
1029.8,0.1,0.1,0.1,0.1
1023.9,0.2,0.1,0.1,0.1
979.9,0.2,0.1,0.1,0.2
979.8,0.2,0.2,0.1,0.2
971.9,0.2,0.2,0.2,0.1
964.1,0.2,0.1,0.1,0.1
965.5,0.1,0.1,0.1,0.1
973.3,0.2,0.2,0.2,0.1
963.7,0.2,0.2,0.2,0.1
986.4,0.2,0.1,0.2,0.1
969.6,0.2,0.1,0.1,0.1
965.1,0.1,0.1,0.1,0.1
991.6,0.1,0.1,0.2,0.1
970.9,0.1,0.2,0.2,0.1
977.3,0.2,0.2,0.2,0.1
961.6,0.2,0.1,0.1,0.1
981.2,0.1,0.1,0.1,0.1
964.4,0.1,0.2,0.2,0.1
966.3,0.1,0.2,0.1,0.2
986.1,0.2,0.1,0.1,0.1
966.7,0.2,0.1,0.1,0.2
963.7,0.1,0.2,0.1,0.2
990,0.2,0.2,0.1,0.2
1609.4,0.2,0.2,0.2,0.1
967.7,0.2,0.2,0.2,0.2
963.2,0.2,0.1,0.2,0.1
962.1,0.2,0.1,0.1,0.1
942.4,0.2,0.2,0.1,0.2
950.1,0.2,0.2,0.2,0.2
946.7,0.2,0.1,0.1,0.1
943.1,0.2,0.1,0.1,0.1
953.4,0.2,0.2,0.1,0.2
950.6,0.2,0.1,0.1,0.2
947.5,0.2,0.1,0.1,0.1
976.1,0.2,0.2,0.2,0.1
945.7,0.2,0.1,0.1,0.1
947.5,0.2,0.2,0.2,0.2
943.7,0.2,0.1,0.2,0.1
942.9,0.1,0.2,0.2,0.1
957.5,0.1,0.1,0.2,0.1
942.3,0.2,0.1,0.1,0.2
944.4,0.2,0.2,0.2,0.1
949.7,0.1,0.1,0.2,0.1
946.9,0.1,0.1,0.1,0.2
953,0.1,0.2,0.2,0.1
944.2,0.2,0.1,0.2,0.1
944.9,0.2,0.1,0.2,0.1
943.8,0.2,0.1,0.1,0.1
958,0.2,0.1,0.2,0.1
954.4,0.2,0.2,0.1,0.2
947.4,0.2,0.1,0.2,0.1
946.4,0.2,0.1,0.2,0.1
945.6,0.2,0.1,0.1,0.1
942.6,0.2,0.2,0.2,0.1
953.6,0.2,0.1,0.1,0.1
957.1,0.2,0.1,0.1,0.2
951.1,0.2,0.2,0.2,0.1
960.4,0.2,0.1,0.2,0.1
1490.8,0.1,0.1,0.1,0.1
950.6,0.1,0.1,0.1,0.1
1061.7,0.2,0.1,0.2,0.2
953.7,0.2,0.1,0.1,0.2
948.8,0.2,0.2,0.2,0.2
958.1,0.2,0.1,0.1,0.2
946.7,0.2,0.2,0.2,0.2
970.8,0.2,0.1,0.1,0.1
956.8,0.2,0.2,0.2,0.1
947.2,0.2,0.2,0.1,0.2
956.1,0.2,0.2,0.2,0.2
1492.1,0.2,0.1,0.1,0.1
950.4,0.2,0.2,0.1,0.2
971.9,0.2,0.2,0.2,0.1
950.9,0.1,0.2,0.2,0.1
956.5,0.2,0.2,0.2,0.2
957.5,0.1,0.2,0.2,0.1
957.8,0.2,0.1,0.2,0.1
965.1,0.1,0.1,0.1,0.1
946.4,0.2,0.1,0.1,0.1
948.8,0.1,0.1,0.2,0.1
970.4,0.2,0.1,0.1,0.2
1702.9,0.2,0.2,0.2,0.2
955.8,0.2,0.2,0.3,0.3
1503,0.2,0.2,0.1,0.2
953.6,0.1,0.2,0.2,0.2
1005.5,0.2,0.2,0.2,0.2
965.2,0.3,0.3,0.2,0.3
960.3,0.1,0.1,0.1,0.1
949.3,0.1,0.1,0.1,0.1
955.9,0.2,0.1,0.1,0.1
942.4,0.1,0.1,0.1,0.1
948.1,0.2,0.1,0.1,0.2
940.5,0.2,0.1,0.1,0.1
961.8,0.2,0.2,0.2,0.2
949.2,0.1,0.2,0.2,0.2
946.7,0.2,0.1,0.1,0.1
944.3,0.1,0.1,0.1,0.1
942.9,0.2,0.1,0.1,0.1
963.4,0.2,0.1,0.1,0.1
948.5,0.2,0.2,0.1,0.2
949.3,0.1,0.2,0.2,0.2
953.1,0.2,0.2,0.2,0.1
1429.2,0.2,0.1,0.1,0.1
959.6,0.1,0.1,0.1,0.1
969.7,0.2,0.2,0.1,0.2
953.3,0.2,0.1,0.1,0.1
944.7,0.1,0.2,0.2,0.2
951.7,0.2,0.2,0.2,0.2
943.5,0.2,0.2,0.2,0.2
950.3,0.3,0.2,0.2,0.2
947,0.2,0.1,0.1,0.1
1444.4,0.2,0.2,0.2,0.2
949.5,0.2,0.2,0.2,0.2
950.3,0.1,0.1,0.2,0.3
952.5,0.2,0.5,0.2,0.3
953.5,0.2,0.3,0.2,0.5
945.8,0.2,0.2,0.2,0.2
970.1,0.2,0.1,0.1,0.1
961,0.2,0.1,0.1,0.1
947.9,0.2,0.2,0.2,0.2
947.3,0.2,0.2,0.1,0.2
953,0.2,0.1,0.1,0.2
945.6,0.2,0.1,0.2,0.1
951.6,0.2,0.1,0.1,0.1
986.5,0.2,0.3,0.2,0.2
971.3,0.2,0.2,0.2,0.2
1555.7,0.3,1.1,1.1,0.6
967.4,0.2,0.3,0.2,0.3
945.7,0.2,0.1,0.1,0.1
960.6,0.2,0.1,0.1,0.1
946.7,0.1,0.1,0.1,0.1
952.2,0.1,0.2,0.2,0.1
949.4,0.2,0.2,0.1,0.2
977.4,0.2,0.3,0.2,0.2
952.2,0.2,0.1,0.1,0.1
964.5,0.2,0.2,0.1,0.2
972.9,0.2,0.1,0.1,0.2
953.1,0.1,0.2,0.2,0.2
952.3,0.2,0.1,0.1,0.1
946.7,0.1,0.1,0.1,0.1
949.3,0.2,0.1,0.1,0.4
990.2,0.2,0.2,0.2,0.4
1250.3,0.2,0.2,0.1,0.3
951.4,0.2,0.2,0.2,0.3
951.6,0.2,0.2,0.2,0.3
989.4,0.1,0.1,0.2,0.1
945.9,0.1,0.2,0.2,0.2
953.5,0.2,0.2,0.1,0.2
947.8,0.1,0.2,0.1,0.2
957,0.2,0.2,0.1,0.1
1010.7,0.2,0.2,0.1,0.1
953.2,0.2,0.1,0.1,0.1
992.5,0.2,0.1,0.1,0.1
1575,0.2,0.1,0.1,0.1
965.5,0.1,0.1,0.1,0.1
945.8,0.2,0.2,0.2,0.2
952,0.2,0.2,0.1,0.1
956.7,0.2,0.1,0.1,0.1
950.4,0.2,0.2,0.1,0.1
963.7,0.2,0.1,0.1,0.1
982.9,0.2,0.1,0.1,0.1
956.1,0.2,0.2,0.2,0.3
1507.6,0.2,0.2,0.2,0.2
973.9,0.2,0.3,0.2,0.3
948,0.2,0.2,0.3,0.3
960.1,0.2,0.2,0.2,0.2
1261.3,0.2,0.3,0.2,0.3
957.9,0.2,0.2,0.2,0.3
946,0.1,0.1,0.1,0.1
953.8,0.2,0.2,0.1,0.1
949.3,0.2,0.1,0.1,0.1
946.4,0.2,0.1,0.2,0.1
972.5,0.2,0.1,0.1,0.2
1497.1,0.2,0.1,0.1,0.2
953.1,0.2,0.1,0.1,0.1
954.6,0.4,0.3,0.4,0.3
954.3,0.2,0.1,0.2,0.1
949.9,0.1,0.1,0.1,0.1
950.6,0.2,0.2,0.2,0.2
958.3,0.2,0.1,0.1,0.1
1476.8,0.1,0.1,0.1,0.1
952.5,0.1,0.1,0.2,0.1
949.4,0.1,0.1,0.2,0.1
960.9,0.2,0.1,0.1,0.1
1571,0.2,0.2,0.2,0.2
947.9,0.2,0.1,0.1,0.1
970.2,0.1,0.2,0.2,0.2
956.1,0.2,0.1,0.1,0.1
959.6,0.2,0.2,0.2,0.2
956.4,0.2,0.2,0.1,0.2
952.3,0.2,0.1,0.1,0.1
1462.1,0.2,0.1,0.1,0.1
962.7,0.1,0.5,0.2,0.1
946.5,0.2,0.1,0.3,0.2
956,0.2,0.2,0.1,0.5
945.6,0.2,0.1,0.2,0.2
951.1,0.2,0.1,0.2,0.2
952.8,0.1,0.1,0.2,0.2
948.9,0.2,0.2,0.2,0.1
958.3,0.2,0.1,0.1,0.1
950.7,0.2,0.2,0.2,0.2
948.9,0.1,0.1,0.1,0.1
963.1,0.1,0.2,0.2,0.2
1476,0.2,0.2,0.2,0.2
949.9,0.2,0.1,0.1,0.1
982,0.2,0.1,0.1,0.1
960.1,0.1,0.1,0.1,0.1
956.6,0.1,0.2,0.1,0.2
950.2,0.2,0.2,0.2,0.2
969,0.2,0.1,0.1,0.1
960.5,0.2,0.1,0.1,0.1
951.5,0.1,0.2,0.2,0.2
954.2,0.3,0.3,0.3,0.3
960.2,0.1,0.3,0.2,0.2
949.1,0.2,0.2,0.2,0.2
981.9,0.3,0.3,0.2,0.3
973,0.3,0.3,0.2,0.3
946.9,0.2,0.3,0.2,0.3
946.1,0.2,0.2,0.2,0.2
1246,0.2,0.2,0.2,0.2
950.7,0.1,0.2,0.5,0.5
940.8,0.2,0.1,0.2,0.2
955.1,0.2,0.3,0.1,0.2
962.5,0.2,0.1,0.1,9.6
951.4,0.2,0.1,0.1,0.1
959.3,0.1,0.1,0.1,0.1
1483.4,0.2,0.1,0.2,0.1
994.3,0.2,0.1,0.3,0.2
960,0.1,0.2,0.2,0.2
974.9,0.2,0.2,0.1,0.2
950.7,0.2,0.1,0.2,0.2
951.2,0.2,0.1,0.2,0.1
947.3,0.1,0.2,0.2,0.1
952.7,0.2,0.2,0.2,0.2
949,0.2,0.2,0.2,0.1
950.9,0.1,0.1,0.2,0.1
1018.2,0.2,0.2,0.2,0.1
947.1,0.1,0.2,0.1,0.2
957.5,0.2,0.2,0.2,0.1
1514.3,0.1,0.2,0.1,0.2
975.6,0.2,0.1,0.2,0.1
941.2,0.2,0.1,0.2,0.2
954.9,0.2,0.1,0.3,0.1
969.8,0.1,0.1,0.1,0.1
950.3,0.1,0.1,0.1,0.2
951.6,0.2,0.2,0.1,0.2
1395,0.1,0.2,0.2,0.2
963.5,0.2,0.2,0.2,0.2
945.3,0.2,0.1,0.1,0.1
966.2,0.2,0.3,0.2,0.3
947.1,0.2,0.1,0.2,0.2
969.5,0.2,0.1,0.1,0.4
953.8,0.2,0.1,0.1,0.3
1499.8,0.3,0.2,0.1,0.2
971,0.2,0.3,0.2,0.2
959.5,0.2,0.1,0.2,0.1
954.1,0.2,0.1,0.1,0.1
951.4,0.2,0.2,0.2,0.2
961.8,0.2,0.2,0.2,0.2
945.9,0.2,0.2,0.2,0.2
1241.9,0.2,0.3,0.1,0.2
974.4,0.2,0.2,0.1,0.3
957.2,0.2,0.1,9.9,0.3
950.5,0.2,0.2,0.4,0.2
952.4,0.1,0.3,0.3,0.2
958.4,0.2,0.1,0.2,0.1
977.1,0.2,0.1,0.1,0.1
953,0.2,0.1,0.1,0.2
948.8,0.2,0.1,0.1,0.1
944.5,0.2,0.1,0.1,0.1
952.2,0.2,0.1,0.1,0.1
961.2,0.1,0.2,0.2,0.2
959.5,0.2,0.1,0.1,0.1
945.5,0.2,0.1,0.1,0.1
954.2,0.2,0.1,0.1,0.2
969.4,0.1,0.2,0.2,0.1
1231.3,0.2,0.3,0.2,0.1
946.9,0.1,0.2,0.1,0.2
947.5,0.2,0.1,0.1,0.2
976.6,0.2,0.2,0.2,0.2
952.1,0.2,0.2,0.2,0.2
980.4,0.2,0.1,0.1,0.1
965.9,0.2,0.1,0.1,0.1
949.7,0.2,0.1,0.2,0.1
949.4,0.2,0.2,0.1,0.2
958.8,0.4,0.3,0.3,0.4
953.7,0.2,0.1,0.1,0.1
971.4,0.2,0.1,0.1,0.1
964.7,0.2,0.1,0.1,0.1
951.3,0.2,0.2,0.2,0.2
1548.6,0.4,0.3,0.3,0.3
971.8,0.1,0.2,0.1,0.2
947.6,0.1,0.1,0.1,0.2
951.7,0.2,0.2,0.1,0.2
969.4,0.2,0.2,0.2,0.1
947.9,0.2,0.2,0.2,0.2
982.2,0.2,0.1,0.1,0.2
949.7,0.3,0.2,0.2,0.2
948.4,0.2,0.1,0.1,0.1
943.4,0.2,0.1,0.2,0.1
952.6,0.2,0.2,0.1,0.1
951.4,0.1,0.1,0.1,0.1
1596.8,0.2,0.2,0.2,0.1
975.1,0.1,0.2,0.1,0.2
946.3,0.2,0.1,0.1,0.1
969.2,0.1,0.2,0.1,0.1
961.4,0.2,0.1,0.1,0.1
958.8,0.2,0.2,0.1,0.2
946.9,0.2,0.1,0.1,0.1
953.6,0.2,0.1,0.1,0.1
948.9,0.1,0.2,0.2,0.2
948.2,0.2,0.2,0.1,0.2
965.1,0.2,0.1,0.1,0.2
951.5,0.2,0.1,0.1,0.1
962.1,0.1,0.1,0.2,0.1
969.6,0.2,0.1,0.1,0.2
952.9,0.2,0.1,0.1,0.1
960.8,0.2,0.2,0.1,0.2
951.6,0.2,0.1,0.1,0.1
967.3,0.1,0.2,0.1,0.1
950.4,0.2,0.1,0.1,0.1
957.8,0.2,0.1,0.2,0.1
959.4,0.2,0.1,0.1,0.1
947.4,0.2,0.2,0.2,0.1
955.8,0.2,0.2,0.1,0.2
953.8,0.2,0.3,0.2,0.2
970.9,0.1,0.2,0.2,0.3
956.2,0.1,0.1,0.1,0.1
945.6,0.2,0.1,0.1,0.1
964.2,0.2,0.1,0.1,0.2
940.9,0.2,0.1,0.1,0.1
953.5,0.1,0.2,0.2,0.2
961.3,0.1,0.1,0.2,0.1
949.7,0.2,0.2,0.2,0.1
968.4,0.2,0.1,0.1,0.1
943.9,0.2,0.2,0.2,0.2
948.2,0.2,0.2,0.2,0.2
976.5,0.2,0.1,0.1,0.2
946.6,0.2,0.1,0.2,0.1
950.6,0.2,0.1,0.2,0.1
944.5,0.2,0.1,0.1,0.1
951.8,0.2,0.2,0.1,0.2
949.4,0.2,0.2,0.2,0.2
969.1,0.2,0.1,0.1,0.2
946.5,0.2,0.2,0.1,0.2
1468.4,0.2,0.2,0.2,0.1
970.1,0.2,0.1,0.1,0.1
961.6,0.2,0.2,0.1,0.2
955.6,0.2,0.1,0.1,0.1
964.7,0.2,0.2,0.2,0.1
945.8,0.2,0.2,0.2,0.2
951.7,0.2,0.2,0.2,0.1
969.1,0.1,0.1,0.1,0.2
952.4,0.2,0.1,0.1,0.2
958.1,0.1,0.2,0.2,0.2
965.3,0.1,0.2,0.2,0.1
976.7,0.2,0.1,0.1,0.1
1463.6,0.2,0.2,0.2,0.1
970.9,0.2,0.1,0.1,0.1
954.3,0.1,0.2,0.2,0.2
954.1,0.2,0.1,0.1,0.1
969.5,0.1,0.2,0.2,0.2
959.7,0.1,0.2,0.2,0.1
946.6,0.2,0.1,0.1,0.1
946.7,0.2,0.1,0.1,0.1
947.4,0.2,0.2,0.2,0.2
951.5,0.2,0.1,0.2,0.1
948.6,0.2,0.2,0.1,0.1
952.7,0.2,0.1,0.1,0.2
1574,0.2,0.2,0.2,0.1
960.8,0.1,0.1,0.1,0.1
950,0.2,0.1,0.1,0.1
956.7,0.2,0.2,0.2,0.2
946.9,0.2,0.1,0.1,0.1
965.9,0.2,0.2,0.2,0.1
952.8,0.1,0.1,0.2,0.1
957.7,0.2,0.1,0.1,0.1
951.3,0.2,0.1,0.1,0.2
945.7,0.2,0.1,0.1,0.1
947.6,0.1,0.1,0.1,0.1
954.5,0.1,0.1,0.2,0.1
1451.3,0.2,0.2,0.1,0.2
965.6,0.2,0.3,0.2,0.1
949,0.2,0.2,0.2,0.1
952.7,0.2,0.2,0.2,0.2
964.5,0.1,0.1,0.1,0.1
945.9,0.2,0.2,0.2,0.2
962.6,0.2,0.1,0.1,0.1
960,0.2,0.1,0.1,0.1
950.1,0.2,0.1,0.1,0.1
949.5,0.2,0.1,0.1,0.1
944.9,0.1,0.1,0.1,0.1
954.5,0.2,0.1,0.1,0.1
1540.2,0.2,0.1,0.1,0.1
964.3,0.2,0.1,0.1,0.2
947.1,0.2,0.2,0.2,0.2
947.6,0.1,0.1,0.2,0.1
947.9,0.2,0.1,0.2,0.1
946.1,0.2,0.1,0.2,0.1
947.3,0.1,0.2,0.2,0.1
949.7,0.2,0.2,0.2,0.1
985,0.2,0.2,0.1,0.1
976.2,0.2,0.2,0.2,0.1
948.8,0.2,0.1,0.1,0.2
965.4,0.1,0.2,0.1,0.2
1484.2,0.1,0.1,0.1,0.1
963.7,0.2,0.1,0.1,0.1
949.5,0.2,0.2,0.1,0.2
965.2,0.1,0.1,0.1,0.2
947.7,0.2,0.2,0.2,0.1
949.9,0.2,0.1,0.1,0.2
965.7,0.2,0.1,0.1,0.2
961.8,0.2,0.1,0.1,0.1
952.2,0.2,0.1,0.1,0.1
947,0.2,0.1,0.1,0.1
942.9,0.1,0.1,0.1,0.1
965.1,0.1,0.1,0.2,0.1
982.7,0.2,0.1,0.1,0.1
957,0.1,0.2,0.1,0.1
946.7,0.2,0.1,0.1,0.1
942,0.2,0.1,0.1,0.1
962.1,0.1,0.1,0.2,0.1
946.6,0.1,0.1,0.1,0.1
964.5,0.2,0.2,0.1,0.2
965.7,0.2,0.2,0.2,0.1
950.4,0.2,0.1,0.1,0.1
947.3,0.1,0.2,0.2,0.1
963.9,0.2,0.2,0.2,0.2
955.1,0.2,0.1,0.1,0.2
980.8,0.2,0.1,0.1,0.1
952.6,0.2,0.2,0.2,0.2
949.9,0.2,0.2,0.2,0.1
950.1,0.2,0.1,0.1,0.1
982.8,0.2,0.1,0.1,0.1
946.7,0.1,0.1,0.1,0.1
947,0.2,0.1,0.1,0.1
977.4,0.2,0.1,0.1,0.1
961.2,0.2,0.1,0.1,0.1
973.6,0.1,0.2,0.2,0.2
964.3,0.2,0.1,0.2,0.1
950.3,0.2,0.1,0.1,0.2
962.4,0.2,0.1,0.1,0.1
950.8,0.1,0.1,0.1,0.1
952.6,0.2,0.2,0.2,0.2
986.4,0.2,0.2,0.2,0.2
1273,0.2,0.1,0.1,0.1
960.4,0.1,0.1,0.1,0.1
963.5,0.2,0.2,0.2,0.2
977,0.2,0.1,0.1,0.1
948.3,0.2,0.1,0.1,0.1
1525,0.2,0.1,0.1,0.1
954.6,0.2,0.2,0.2,0.1
959.9,0.2,0.2,0.2,0.2
949.3,0.2,0.2,0.2,0.2
952.3,0.2,0.1,0.1,0.2
946.5,0.1,0.2,0.2,0.1
984.3,0.1,0.1,0.1,0.1
960.5,0.2,0.2,0.2,0.2
944.1,0.1,0.1,0.1,0.1
955.3,0.1,0.1,0.1,0.2
950.3,0.2,0.2,0.2,0.1
982.2,0.2,0.1,0.1,0.2
960,0.2,0.2,0.2,0.2
947.8,0.1,0.2,0.2,0.1
992.8,0.2,0.1,0.1,0.1
947.7,0.2,0.2,0.2,0.1
957.1,0.2,0.2,0.1,0.1
969.6,0.2,0.1,0.1,0.1
951.7,0.2,0.2,0.2,0.2
971,0.2,0.1,0.1,0.1
