781.6,27.7,0.1,0.2,0.1
747.8,26.1,0.1,0.1,0.1
734.8,25.4,0.2,0.1,0.1
980.4,25.8,0.1,0.1,0.1
753.6,35.3,0.1,0.2,0.1
740.2,25.8,0.1,0.1,0.1
726.7,24.8,0.1,0.1,0.1
766.9,26.6,0.1,0.2,0.1
812.1,24.8,0.2,0.1,0.1
775.4,25,0.1,0.1,0.1
776.6,24.8,0.2,0.1,0.1
736.4,25.9,0.1,0.1,0.1
773.2,27.2,0.1,0.1,0.1
769.1,25.6,0.1,0.1,0.1
748.5,24.7,0.1,0.1,0.1
739.9,24.6,0.2,0.1,0.1
786.6,25.1,0.1,0.1,0.1
763.2,25.5,0.1,0.2,0.1
729.4,25.6,0.1,0.2,0.1
752.1,25,0.1,0.1,0.1
768.8,43,0.1,0.1,0.1
804.2,24.9,0.1,0.2,0.1
741.6,25.8,0.1,0.1,0.2
892.7,37.6,0.1,0.1,0.1
766.5,26.5,0.1,0.2,0.1
760.2,26.8,0.1,0.1,0.2
747.6,25.9,0.2,0.2,0.1
763,26.7,0.1,0.2,0.1
804.3,25.9,0.1,0.2,0.1
746.4,26.9,0.2,0.1,0.1
789.7,40.3,0.1,0.2,0.1
760,25.8,0.1,0.2,0.1
784.8,25.2,0.1,0.1,0.2
774.9,24.9,0.1,0.1,0.1
859.1,25.8,0.1,0.2,0.1
734.5,24.6,0.1,0.1,0.1
730.4,26,0.1,0.2,0.2
1332.6,24.9,0.1,0.2,0.1
835.2,25.7,0.1,0.1,0.1
761,27.8,0.1,0.1,0.1
745.4,25.6,0.1,0.1,0.1
773.9,27.8,0.1,0.2,0.1
763.6,27.1,0.1,0.2,0.1
748.1,26.6,0.1,0.2,0.1
742,41.7,0.2,0.2,0.1
767.1,29.3,0.1,0.1,0.1
754.6,25.4,0.1,0.1,0.2
753.8,26.7,0.1,0.2,0.1
742.5,28.5,0.2,0.1,0.1
762,26.4,0.1,0.1,0.1
755.6,25.7,0.2,0.2,0.1
743.9,26.4,0.1,0.1,0.1
752.3,28.3,0.2,0.2,0.1
744.3,25.5,0.1,0.1,0.1
759.6,27.5,0.1,0.1,0.1
725.3,24.7,0.1,0.2,0.2
737.4,25.4,0.1,0.2,0.2
765,25.2,0.1,0.2,0.2
751.5,25.8,0.1,0.1,0.1
754,24.8,0.2,0.1,0.1
757.6,25.6,0.1,0.1,0.2
826.5,24.8,0.1,0.1,0.1
774.8,25.7,0.1,0.2,0.1
728.9,24.7,0.1,0.1,0.1
1347.3,31.9,0.1,0.1,0.1
761.2,26.4,0.1,0.1,0.2
728.7,25.3,0.1,0.1,0.1
733.5,26.1,0.1,0.1,0.2
802.9,26.1,0.1,0.2,0.1
757,36.3,0.1,0.2,0.1
733.7,25.8,0.2,0.1,0.1
907.4,27.5,0.1,0.1,0.1
808.8,27.2,0.1,0.1,0.2
952.5,32.8,0.1,0.1,0.1
1202.4,35.6,0.1,0.2,0.1
778,26.7,0.1,0.1,0.1
838.7,26.8,0.1,0.1,0.2
816.4,73.4,0.3,0.2,0.1
828.2,29,0.2,0.2,0.1
784.6,26.6,0.1,0.1,0.1
767,34.6,0.1,0.1,0.1
768.3,49.5,0.1,0.1,0.1
747,26.3,0.1,0.1,0.1
801.4,25.1,0.1,0.1,0.1
843.7,28.9,0.1,0.2,0.1
744.9,26.2,0.1,0.2,0.1
742.2,25.1,0.1,0.1,0.1
1304.2,24.7,0.1,0.1,0.1
736.9,25.9,0.1,0.1,0.1
773.1,25.4,0.1,0.1,0.1
750.5,25.1,0.1,0.2,0.1
746.7,25.5,0.1,0.1,0.1
743.7,25.9,0.1,0.2,0.1
736.8,25,0.2,0.1,0.1
724.9,25.7,0.1,0.1,0.1
802.4,26.2,0.1,0.1,0.1
755.9,24.8,0.1,0.1,0.2
735.3,24.8,0.2,0.1,0.1
749.4,28.4,0.1,0.1,0.1
1133.9,25.7,0.1,0.2,0.1
1025.8,36.8,0.3,0.2,0.2
805.4,36.1,0.2,0.2,0.1
814.3,26.1,0.1,0.2,0.1
757.1,25.9,0.1,0.1,0.1
728.3,25.6,0.1,0.1,0.1
758,25.6,0.1,0.1,0.1
747,25.8,0.1,0.1,0.1
772.1,26.9,0.2,0.2,0.1
720.4,24.8,0.1,0.1,0.1
984,27.6,0.1,0.1,0.1
772.6,36.7,0.1,0.1,0.2
766,25.9,0.1,0.1,0.2
774.1,26.1,0.1,0.2,0.1
785.1,26,0.1,0.2,0.1
758.7,26.2,0.1,0.2,0.1
730.4,37.1,0.2,0.1,0.1
789.1,26.7,0.2,0.1,0.1
763.9,25.9,0.2,0.1,0.1
761.1,25.2,0.1,0.2,0.1
746.4,24.9,0.1,0.1,0.1
1345.3,27.6,0.1,0.1,0.1
785.1,25.4,0.2,0.1,0.1
726.7,25.1,0.2,0.1,0.1
727.9,34.4,0.1,0.1,0.2
762.4,26.1,0.1,0.2,0.1
733.1,27.8,0.1,0.1,0.1
746.2,41.1,0.1,0.2,0.1
735.9,25,0.2,0.1,0.1
826.1,25,0.1,0.2,0.1
726.9,24.9,0.1,0.1,0.1
717.8,24.9,0.1,0.2,0.1
1387.9,31.4,0.2,0.2,0.2
736.8,24.9,0.1,0.2,0.1
757.9,25.8,0.1,0.1,0.1
860.8,25,0.1,0.2,0.1
796.4,24.7,0.2,0.1,0.1
744.4,25.1,0.1,0.2,0.1
811.4,27.3,0.1,0.1,0.1
730.9,25.1,0.1,0.1,0.1
958.3,25.2,0.1,0.1,0.2
724.5,25.2,0.1,0.2,0.1
720.5,27.6,0.1,0.1,0.1
764.9,46.7,0.1,0.2,0.1
804.7,48.4,0.1,0.1,0.1
745.6,25,0.1,0.1,0.2
741.1,25,0.1,0.1,0.1
799.9,26.8,0.1,0.2,0.1
766.5,24.6,0.1,0.2,0.1
736.1,28.4,0.1,0.2,0.1
756.4,25.7,0.1,0.1,0.1
740.6,25,0.2,0.2,0.1
743.3,25,0.1,0.1,0.1
901,27.2,0.1,0.1,0.2
1210.9,24.9,0.1,0.2,0.1
767.8,25,0.1,0.1,0.1
755.9,25.8,0.1,0.1,0.1
730.6,25.8,0.2,0.1,0.1
733.9,31.8,0.2,0.3,0.2
746.1,34.7,0.1,0.2,0.1
774.6,34.9,0.1,0.2,0.1
752.5,25.3,0.1,0.2,0.1
742.3,25.1,0.2,0.1,0.1
782.5,25.2,0.1,0.2,0.1
719.6,24.9,0.1,0.1,0.2
896.9,25.2,0.1,0.1,0.1
757.2,36.7,0.1,0.2,0.1
764.5,24.9,0.2,0.1,0.1
734.6,25,0.1,0.1,0.1
980.3,24.9,0.1,0.2,0.1
825.5,36.1,0.2,0.1,0.1
721.3,25.3,0.1,0.2,0.2
765.7,34.2,0.1,0.2,0.1
756,25.1,0.2,0.1,0.1
734,24.9,0.2,0.1,0.1
721.6,26.3,0.1,0.1,0.1
723.8,24.9,0.2,0.2,0.1
757.4,24.9,0.1,0.2,0.1
756.9,25.1,0.1,0.2,0.2
716.8,36.3,0.1,0.2,0.1
754.7,28.2,0.2,0.2,0.1
1031,25.3,0.1,0.2,0.1
720.8,25.3,0.1,0.1,0.2
755.4,26,0.1,0.2,0.1
776.3,31.3,0.2,0.1,0.1
740.5,28,0.2,0.2,0.1
754.5,35.4,0.1,0.2,0.1
726.9,25,0.1,0.1,0.1
759.3,25.1,0.2,0.1,0.1
752.9,25.1,0.1,0.2,0.1
737.6,32,0.2,0.2,0.2
849.1,25,0.1,0.1,0.1
765.6,25.4,0.2,0.1,0.1
915.1,25.1,0.1,0.1,0.1
730.5,25.2,0.2,0.1,0.1
723.2,24.8,0.1,0.1,0.1
746.7,24.5,0.1,0.2,0.1
775.4,25.1,0.2,0.1,0.1
792.5,25.3,0.1,0.1,0.2
1523.2,25.1,0.1,0.1,0.1
752.8,25.3,0.1,0.1,0.1
716.8,25,0.1,0.1,0.1
724.9,24.8,0.2,0.1,0.1
1311.8,25,0.1,0.2,0.1
747.9,50.2,0.1,0.1,0.2
725.6,24.8,0.1,0.1,0.1
739.3,27.4,0.1,0.2,0.1
1294.7,25,0.1,0.1,0.1
812.3,28.1,0.2,0.2,0.1
723.4,25.2,0.1,0.2,0.1
765.9,25,0.1,0.1,0.1
851.7,25.3,0.1,0.1,0.1
771.7,27.7,0.1,0.1,0.1
751.2,25.4,0.1,0.1,0.2
725.9,28.1,0.2,0.2,0.1
897.3,35.2,0.1,0.2,0.1
754.8,25.8,0.1,0.1,0.1
740.8,25.6,0.1,0.2,0.1
726.4,26.3,0.1,0.1,0.1
769.3,41.6,0.1,0.1,0.2
762.8,27.6,0.1,0.1,0.2
735.2,25.3,0.2,0.1,0.1
723.5,25.5,0.1,0.1,0.1
888.5,25.6,0.2,0.2,0.1
746.2,25.5,0.1,0.1,0.1
724.1,25.7,0.2,0.2,0.1
726.1,25.6,0.2,0.2,0.1
859.7,25.6,0.1,0.2,0.1
773.6,35.1,0.2,0.2,0.1
725.8,24.8,0.1,0.1,0.1
741.1,25,0.1,0.2,0.1
1326.6,24.8,0.1,0.1,0.2
742.3,25.1,0.1,0.2,0.2
762.9,26.2,0.1,0.1,0.2
725.7,24.8,0.1,0.1,0.1
1272.7,24.9,0.1,0.1,0.1
745.6,25.1,0.1,0.1,0.1
720.2,24.7,0.2,0.2,0.1
721.1,25,0.1,0.1,0.1
1297,24.8,0.1,0.1,0.1
765.4,25.1,0.1,0.1,0.1
747.8,24.8,0.1,0.2,0.1
726.6,25.1,0.1,0.2,0.1
1329.3,25,0.1,0.2,0.1
786.1,24.9,0.1,0.2,0.1
738.8,27.7,0.1,0.2,0.1
731.1,39.1,0.1,0.2,0.1
892,25.9,0.1,0.2,0.1
743.6,25.9,0.1,0.1,0.1
723.8,25.8,0.1,0.1,0.2
726.1,25.7,0.1,0.2,0.1
1241.1,25.6,0.2,0.1,0.1
762,36.2,0.1,0.1,0.2
740.8,25.6,0.1,0.1,0.2
731.9,25.3,0.2,0.1,0.1
1188.6,25.6,0.1,0.2,0.1
788.4,25.7,0.1,0.2,0.1
3981.5,29.1,0.1,0.1,0.1
4051,27,0.2,0.2,0.1
3979.3,26.8,0.1,0.2,0.1
6199.8,29.6,0.1,0.1,0.1
4066.8,27.2,0.2,0.1,0.1
4029.3,27.5,0.1,0.1,0.1
4932,28.8,0.1,0.2,0.1
4996.4,29.2,0.2,0.1,0.1
4978.4,32.8,0.2,0.1,0.1
4849,27.5,0.1,0.1,0.1
820.7,41.1,0.2,0.2,0.1
875.2,67.6,0.2,0.2,0.1
989.2,38.5,0.1,0.1,0.2
709.5,29.1,0.1,0.1,0.2
703.5,26.6,0.2,0.1,0.1
724,122.6,0.3,0.3,0.3
671.5,27.3,0.2,0.1,0.1
666.3,26.1,0.1,0.1,0.1
697.8,26.5,0.2,0.1,0.1
687.7,26.7,0.2,0.1,0.1
696.3,26.3,0.1,0.1,0.1
807.7,36.8,0.1,0.1,0.1
691.4,27.7,0.1,0.1,0.2
710.9,26.5,0.2,0.2,0.1
665,28.2,0.1,0.1,0.2
819.3,26.9,0.1,0.1,0.1
769.6,26.6,0.1,0.2,0.1
1049,36.9,0.3,0.4,0.3
680.2,26.9,0.2,0.2,0.1
683.7,26.4,0.1,0.2,0.1
678.1,44.4,0.2,0.2,0.1
662.8,37.4,0.2,0.2,0.3
729.7,26.4,0.2,0.2,0.1
685.7,26.8,0.1,0.1,0.2
695.5,26.5,0.2,0.2,0.1
817.7,26.7,0.2,0.2,0.1
686.7,26.7,0.1,0.2,0.1
690,26.2,0.2,0.2,0.1
698.5,77.7,0.3,0.4,0.4
684.8,26.5,0.2,0.1,0.1
1033.2,29.2,0.2,0.1,0.1
1120.6,54.5,0.3,1.1,1
686.1,46.2,0.3,0.3,0.3
665.3,29.3,0.1,0.2,0.1
742.7,27.5,0.1,0.1,0.2
690.4,27,0.1,0.1,0.2
685.8,27,0.1,0.1,0.1
1065.2,26.7,0.1,0.2,0.1
688.4,30.7,0.1,0.2,0.2
679.8,25.9,0.2,0.2,0.1
677.2,24.9,0.2,0.1,0.1
708.8,25.7,0.1,0.1,0.1
682.2,26.9,0.1,0.2,0.1
675.5,30.5,0.2,0.2,0.6
707.8,25.6,0.1,0.2,0.1
703.8,62.7,0.3,0.4,0.3
981.2,44.3,0.3,0.3,0.4
642.2,25.3,0.1,0.2,0.2
648.5,25.3,0.1,0.2,0.1
632.5,25.1,0.2,0.1,0.1
758.3,34.4,0.1,0.1,0.1
646.8,26.4,0.1,0.1,0.1
638,25,0.1,0.2,0.1
629.8,25.3,0.1,0.2,0.2
673.3,37.5,0.1,0.1,0.1
679.6,25.9,0.1,0.1,0.1
807.8,27.6,0.1,0.1,0.1
653.2,25,0.1,0.1,0.2
624,25.9,0.2,0.1,0.1
615.1,25.4,0.1,0.2,0.1
643.9,24.8,0.1,0.2,0.1
701.8,45.6,0.2,0.2,0.1
668.9,25.2,0.2,0.1,0.1
636,25.3,0.1,0.2,0.1
636.1,25.2,0.1,0.2,0.1
754.8,25,0.1,0.1,0.1
670.5,25.9,0.2,0.1,0.1
640.8,27.4,0.1,0.2,0.1
646.8,25.2,0.1,0.2,0.1
653.3,47.5,0.1,0.1,0.1
634.7,25.7,0.2,0.1,0.1
611.1,25.2,0.1,0.2,0.1
638.8,25.1,0.1,0.1,0.1
653.5,25.2,0.2,0.2,0.1
610.1,43.1,0.1,0.1,0.1
705.9,24.5,0.1,0.2,0.1
651.6,47.6,0.1,0.2,0.1
642.1,26.2,0.2,0.1,0.1
660.5,25.1,0.1,0.1,0.2
732,26.1,0.2,0.2,0.1
791.7,25.1,0.1,0.2,0.1
628.9,25.2,0.1,0.1,0.1
622,25.8,0.2,0.2,0.1
663.6,25.6,0.2,0.2,0.1
683.8,25.3,0.1,0.2,0.2
647,25.1,0.2,0.1,0.1
977,25,0.1,0.1,0.1
1065.2,26.3,0.1,0.1,0.1
693.3,31.3,0.1,0.1,0.1
711.7,26.1,0.2,0.2,0.1
688.6,28.8,0.2,0.2,0.1
699.5,31.5,0.1,0.2,0.1
741.8,37.5,0.1,0.2,0.1
671.7,26.8,0.2,0.2,0.1
758.4,25.9,0.1,0.2,0.1
722.6,26.7,0.1,0.1,0.2
698.7,30,0.1,0.1,0.2
693,27.2,0.1,0.1,0.1
730.1,27.2,0.2,0.1,0.1
665.2,25.7,0.1,0.1,0.1
662.6,30.4,0.1,0.1,0.1
662.4,26,0.1,0.1,0.1
683,36.8,0.1,0.1,0.2
720.4,26.2,0.1,0.2,0.1
700.3,25.9,0.1,0.2,0.1
1378.7,28.5,0.1,0.2,0.1
685.7,26.5,0.1,0.1,0.1
628.5,25.9,0.1,0.2,0.1
626.2,25.9,0.2,0.2,0.1
1014.2,28.1,0.1,0.1,0.1
683.9,26.5,0.2,0.2,0.1
626.2,25.8,0.1,0.1,0.2
639.7,25.8,0.1,0.2,0.1
1048.7,27.8,0.2,0.1,0.1
660.6,25.4,0.1,0.1,0.1
632.6,25.8,0.1,0.1,0.1
623.7,26.7,0.1,0.1,0.2
670.6,37.4,0.2,0.2,0.2
672.9,26,0.2,0.1,0.1
614.2,25,0.2,0.1,0.1
688,25,0.1,0.2,0.1
754.5,28.7,0.2,0.1,0.1
658.6,24.8,0.1,0.2,0.1
640.6,25.5,0.1,0.2,0.1
870.9,25,0.1,0.1,0.1
678.3,25.1,0.2,0.1,0.1
622.6,25.8,0.1,0.1,0.2
632.5,26.6,0.1,0.2,0.1
1083.6,27.5,0.1,0.1,0.1
675.9,36.4,0.1,0.1,0.1
1149.7,25.9,0.1,0.2,0.1
651.8,26,0.2,0.2,0.1
682.4,25.6,0.1,0.1,0.1
645.3,25.7,0.1,0.1,0.1
644.4,28.2,0.1,0.2,0.1
663.6,49,0.1,0.2,0.1
925.3,36.7,0.1,0.1,0.1
679.7,40.7,0.1,0.2,0.2
647.1,26.2,0.1,0.1,0.1
913.2,40.7,0.1,0.1,0.2
671.4,26,0.1,0.1,0.1
714.9,25.8,0.1,0.1,0.2
791.2,50.1,0.2,0.1,0.3
767.7,31.8,0.2,0.2,0.1
637.1,26,0.1,0.1,0.2
632.2,25.3,0.2,0.1,0.1
651.8,25.8,0.1,0.2,0.1
625,25.5,0.1,0.1,0.2
615,25.3,0.1,0.2,0.1
658.8,25.5,0.1,0.2,0.1
646.4,28.3,0.2,0.2,0.2
691.8,25,0.1,0.1,0.1
623.8,24.9,0.2,0.1,0.1
625,25.5,0.2,0.1,0.1
725.3,27,0.1,0.1,0.1
656.1,26.2,0.1,0.1,0.1
625.8,25.2,0.1,0.1,0.1
632.9,25.3,0.1,0.1,0.1
708.7,27.2,0.1,0.1,0.1
657,25.3,0.1,0.2,0.1
611.1,25.1,0.1,0.1,0.2
634.8,25.2,0.1,0.2,0.1
650.5,25.4,0.1,0.1,0.1
656.9,25.2,0.2,0.1,0.1
617.6,25.5,0.1,0.1,0.1
648.8,25.1,0.1,0.1,0.1
629,26,0.2,0.1,0.1
658.1,25.4,0.1,0.1,0.1
709.5,26.3,0.2,0.1,0.1
638.3,27.6,0.2,0.1,0.1
769,26,0.1,0.1,7.1
687.8,29.1,0.2,0.2,0.1
646.5,25.6,0.1,0.1,0.1
650.4,26.8,0.1,0.2,0.1
795.4,27.8,0.1,0.2,0.1
647.8,25.9,0.1,0.1,0.2
720.2,27.8,0.1,0.1,0.1
722.5,26,0.2,0.1,0.1
698.4,36.1,0.1,0.1,0.1
656,25,0.2,0.1,0.1
657.6,28.2,0.1,0.1,0.1
1009.3,25.7,0.2,0.1,0.1
677.5,25.4,0.2,0.1,0.1
616.4,25.1,0.1,0.1,0.2
632.4,25.2,0.1,0.2,0.1
832.2,25.5,0.1,0.1,0.1
705.7,28.8,0.1,0.1,0.1
693.1,25.2,0.1,0.1,0.1
717.8,24.9,0.1,0.1,0.1
734.2,28.2,0.1,0.2,0.2
658.1,25.9,0.1,0.1,0.2
645.3,25.7,0.1,0.1,0.1
633.1,26.9,0.1,0.2,0.1
644.1,37.7,0.1,0.2,0.1
663,24.3,0.1,0.1,0.1
632.7,28,0.1,0.1,0.1
631.1,33.2,0.1,0.1,0.1
653.5,25.9,0.1,0.2,0.1
624.9,25.8,0.1,0.1,0.1
609.8,24.9,0.1,0.1,0.1
666,25.6,0.1,0.1,0.1
732.6,28,0.1,0.2,0.1
649.6,25.5,0.1,0.2,0.1
613.3,25,0.1,0.1,0.2
626.5,44.7,0.1,0.2,0.1
838,36.7,0.1,0.1,0.1
649.3,25.1,0.1,0.2,0.1
632.6,34.6,0.1,0.1,0.1
651.9,26,0.2,0.1,0.1
734.6,25.9,0.1,0.1,0.1
648.6,25,0.1,0.1,0.1
614.5,25.1,0.1,0.2,0.1
649.7,25.1,0.1,0.1,0.2
662.3,27.3,0.1,0.2,0.1
658.4,46.6,0.1,0.2,0.1
634.8,25.3,0.1,0.1,0.1
618.1,25,0.1,0.2,0.1
1140,35.9,0.2,0.2,0.2
698,33.4,0.1,0.2,0.1
681.8,27.7,0.2,0.1,0.1
629.9,25.9,0.1,0.2,0.1
810.5,25.9,0.1,0.2,0.1
672.8,27.7,0.1,0.1,0.2
720.9,25.9,0.1,0.1,0.2
1072.6,26,0.1,0.1,0.1
679.9,27.3,0.1,0.1,0.2
651.8,25.6,0.2,0.1,0.1
695.5,28,0.2,0.1,0.1
958.7,25.3,0.1,0.2,0.1
663.8,26,0.1,0.1,0.1
644.1,28,0.1,0.1,0.1
632,26.7,0.1,0.2,0.1
702.5,36.7,0.1,0.2,0.1
630.9,25.7,0.2,0.1,0.1
645.1,26.8,0.1,0.2,0.1
1095.4,27.3,0.1,0.2,0.1
677.9,26.8,0.1,0.2,0.1
630.2,25.6,0.1,0.2,0.1
672.8,27,0.1,0.1,0.1
717.2,26.7,0.1,0.2,0.1
661.2,25,0.1,0.1,0.1
645.1,26.3,0.1,0.2,0.1
639.7,28.8,0.1,0.1,0.2
755.9,26.3,0.1,0.2,0.1
660.2,26.8,0.1,0.1,0.1
732.5,29,0.1,0.1,0.1
759.8,28,0.2,0.1,0.1
1305.1,27.4,0.1,0.2,0.1
702.3,35,0.2,0.2,0.2
694.7,28.7,0.2,0.2,0.4
679.1,27.1,0.1,0.2,0.1
690.6,26.3,0.1,0.1,0.2
674.4,27.2,0.1,0.1,0.1
657.1,26.6,0.2,0.2,0.1
651.8,27,0.1,0.1,0.2
801.5,39.8,0.3,0.3,0.3
679.4,26.5,0.1,0.1,0.2
696.3,27.1,0.2,0.1,0.1
1087.2,26.8,0.1,0.1,0.1
805.3,27.1,0.1,0.1,0.2
1013.5,52.4,0.3,0.2,0.3
817.5,29.1,0.1,0.2,0.1
697.8,37.1,0.1,0.1,0.2
997.8,47.8,0.3,0.3,0.5
688,27.5,0.1,0.1,0.1
726.4,26.3,0.2,0.1,0.1
682.4,26.1,0.1,0.2,0.1
755.7,27.6,0.2,0.1,0.1
703.3,29.8,0.2,0.1,0.1
706.5,30.7,0.2,0.2,0.1
684.7,29.3,0.1,0.1,0.2
708.9,28.7,0.1,0.1,0.1
663,26.7,0.1,0.1,0.1
701.4,30.6,0.2,0.2,0.1
717.2,39.2,0.1,0.1,0.1
743,27.5,0.1,0.1,0.2
755.3,55.3,0.2,0.2,0.2
962.7,32.5,0.2,0.1,0.2
724.1,33.1,0.2,0.2,0.2
665.8,28.1,0.2,0.2,0.1
750.7,26.7,0.2,0.2,0.1
721.8,26.8,0.1,0.2,0.1
687.3,26.3,0.2,0.2,0.1
846.6,36.3,0.1,0.1,0.2
1431.7,50.2,0.3,0.3,0.2
685,29.7,0.2,0.2,0.1
672.2,26.4,0.1,0.1,0.2
662.1,26.5,0.1,0.1,0.1
741.9,34.6,0.2,0.2,0.1
696.7,26.8,0.1,0.2,0.1
821.4,29.2,0.1,0.1,0.2
788.1,41.6,0.1,0.1,0.1
681,26.9,0.1,0.2,0.1
659.7,34.7,0.1,0.1,0.2
678.9,27.5,0.2,0.1,0.1
1204.3,37.7,0.2,0.1,0.1
1035.3,50.5,1.1,1,0.4
904.8,34.8,0.3,0.2,0.1
777.1,59.3,0.2,0.2,0.2
730.7,31.4,0.1,0.1,0.1
833.2,51.1,0.3,0.3,0.3
845.8,71.4,1.1,1.1,1.1
683.3,27.4,0.1,0.2,0.1
942.6,50.6,0.1,0.1,0.1
683,25.8,0.1,0.2,0.1
709.3,26.9,0.1,0.2,0.2
1094.4,27.1,0.1,0.1,0.2
682.8,31.1,0.2,0.2,0.1
677.9,26.5,0.2,0.2,0.1
698.8,26.5,0.1,0.2,0.1
854,28.1,0.1,0.1,0.2
730.4,27.1,0.1,0.1,0.2
684.4,26,0.1,0.1,0.1
811.8,26.9,0.1,0.1,0.2
726.2,41.3,0.2,0.1,0.1
691.2,27.5,0.1,0.1,0.2
670.9,26.8,0.1,0.2,0.1
912.1,32.4,0.1,0.1,0.2
693.8,27,0.1,0.2,0.1
786.6,38.6,0.1,0.2,0.1
709.3,29.3,0.1,0.1,0.2
757.1,28,0.1,0.2,0.1
673.4,26.9,0.1,0.1,0.2
707.4,25.8,0.1,0.1,0.1
674.8,29,0.2,0.1,0.1
751.5,26.1,0.1,0.2,0.1
687.8,38.3,0.2,0.3,0.2
734.2,51.3,0.3,0.3,0.3
696.1,26.6,0.1,0.1,0.1
817.9,26.8,0.1,0.2,0.1
706,38.6,0.1,0.1,0.2
758.3,27.4,0.1,0.1,0.1
750.5,30.3,0.1,0.1,0.2
732.4,26.4,0.1,0.1,0.1
716.2,29.5,0.1,0.1,0.2
690.4,32.7,0.2,0.2,0.1
684.3,25.8,0.2,0.2,0.1
697.9,34.5,0.2,0.2,0.1
667.3,26.2,0.2,0.1,0.1
716.2,26.6,0.1,0.1,0.1
1209.2,27.8,0.2,0.2,0.1
695.8,26.1,0.2,0.1,0.1
701.1,26.1,0.1,0.2,0.1
653.1,26.3,0.1,0.1,0.1
730.2,26,0.1,0.2,0.1
695.8,26.1,0.1,0.2,0.1
1186.1,26.6,0.2,0.1,0.1
699.3,37.4,0.1,0.1,0.1
691.6,27.5,0.1,0.1,0.1
711,25.8,0.1,0.2,0.1
699.1,26.5,0.1,0.2,0.1
697.4,26.3,0.1,0.1,0.1
781,35.3,0.1,0.1,0.2
953.4,44.8,0.2,0.2,0.3
713.7,30.4,0.2,0.2,0.1
673.3,25.9,0.2,0.2,0.1
644.6,25.7,0.1,0.1,0.2
786.9,26.6,0.2,0.1,0.1
700.5,25.8,0.1,0.2,0.1
738.1,24.8,0.2,0.1,0.1
685.5,25.1,0.1,0.1,0.2
637.1,25.2,0.1,0.2,0.1
634.2,24.8,0.1,0.1,0.1
620.4,25.3,0.1,0.2,0.2
633.5,25,0.1,0.2,0.1
670.6,25.4,0.1,0.1,0.1
638.8,25.1,0.1,0.1,0.1
611.2,27.7,0.2,0.2,0.1
610.8,24.9,0.1,0.2,0.1
637.2,25.9,0.2,0.1,0.1
642.6,25.1,0.1,0.1,0.2
659.2,27.7,0.2,0.2,0.1
642.2,25.8,0.1,0.1,0.1
668.6,26.9,0.1,0.1,0.1
644.1,25.3,0.1,0.2,0.1
647.6,26.2,0.1,0.2,0.1
683.5,38.2,0.2,0.2,0.2
702,26,0.1,0.1,0.1
676.3,25.9,0.1,0.1,0.2
648.9,28.8,0.1,0.2,0.1
772.4,26,0.1,0.1,0.1
714.6,26,0.2,0.1,0.1
643.9,27.9,0.1,0.1,0.1
622.6,25.5,0.1,0.1,0.1
677.3,29.5,0.1,0.2,0.2
648.4,26.2,0.1,0.2,0.1
683.8,27,0.1,0.1,0.1
619.3,25.3,0.1,0.1,0.2
646.8,26.1,0.1,0.1,0.1
689.5,25.2,0.1,0.1,0.1
635.9,26.7,0.1,0.2,0.1
680.9,27.9,0.1,0.1,0.1
676.5,25.8,0.1,0.2,0.1
644.8,25.9,0.1,0.1,0.2
610.3,24.9,0.1,0.2,0.1
651.1,25.2,0.2,0.1,0.1
644,24.9,0.1,0.1,0.1
636.3,25.8,0.1,0.1,0.1
664.1,27.2,0.1,0.2,0.1
640,25.7,0.2,0.1,0.1
656.2,25.4,0.1,0.1,0.2
715,26.1,0.1,0.1,0.2
633.8,25.3,0.1,0.1,0.1
652.6,38.4,0.1,0.1,0.1
680.8,25,0.1,0.2,0.1
640.7,26.3,0.1,0.1,0.1
615.3,25.2,0.1,0.2,0.1
759.8,25.2,0.1,0.1,0.2
678.4,25.7,0.1,0.1,0.1
616.8,25,0.1,0.2,0.1
636.5,26.9,0.1,0.2,0.1
1024.4,27.3,0.1,0.1,0.1
697,27.5,0.1,0.1,0.2
621.1,25.2,0.1,0.2,0.1
629,25.9,0.1,0.2,0.1
743.8,25.7,0.2,0.1,0.1
655.7,27.4,0.1,0.1,0.1
639.7,24.9,0.1,0.1,0.1
610.8,25.4,0.1,0.2,0.1
767.7,25.5,0.2,0.2,0.1
657.5,26.9,0.1,0.1,0.1
624.3,26.2,0.1,0.2,0.1
610.3,25.3,0.1,0.1,0.1
742.7,27.9,0.2,0.1,0.1
634.7,25.1,0.1,0.1,0.2
660.9,25.9,0.1,0.1,0.1
619.3,25.4,0.1,0.1,0.1
682.8,25,0.1,0.1,0.2
657.7,25.1,0.1,0.2,0.2
637.9,25.2,0.1,0.2,0.1
626.3,25.2,0.1,0.2,0.1
681.9,25.3,0.1,0.1,0.1
658.3,25.5,0.1,0.1,0.1
663.3,26,0.2,0.1,0.1
635.4,25.3,0.2,0.1,0.1
710,26.9,0.1,0.1,0.1
631.1,25.2,0.1,0.1,0.2
633.5,25.2,0.2,0.1,0.1
703.8,25,0.2,0.1,0.1
663,25.4,0.1,0.1,0.1
643.1,25.2,0.1,0.2,0.1
659.3,25.3,0.1,0.1,0.1
628.2,27.8,0.1,0.1,0.1
760.9,25,0.1,0.1,0.2
667.4,25.2,0.1,0.1,0.1
635.9,25.4,0.2,0.1,0.1
610.9,25.1,0.1,0.1,0.2
664.4,25.1,0.2,0.1,0.1
676.2,27.8,0.1,0.1,0.2
616.8,25.1,0.2,0.1,0.1
623.6,25.6,0.1,0.1,0.1
978.5,25,0.1,0.1,0.1
751.8,25.5,0.1,0.2,0.1
633.2,26,0.1,0.1,0.2
635,25.3,0.1,0.2,0.2
1102.3,25.3,0.1,0.1,0.2
746.1,27.7,0.2,0.1,0.2
643.4,25,0.1,0.1,0.1
627.2,25,0.1,0.1,0.1
634.8,35,0.1,0.1,0.2
645,25.2,0.2,0.1,0.1
626.7,25.8,0.1,0.1,0.2
631.6,25.8,0.1,0.2,0.1
665.9,26.9,0.1,0.1,0.1
634.5,25.1,0.1,0.1,0.1
683.3,25.3,0.1,0.2,0.1
660.7,25.3,0.1,0.1,0.1
639.2,25.9,0.1,0.1,0.2
640,25,0.1,0.1,0.1
637,25.1,0.2,0.1,0.1
608.8,25.2,0.1,0.1,0.1
748.6,31.6,0.2,0.1,0.1
660.4,25.1,0.1,0.1,0.1
635.3,25.2,0.1,0.2,0.1
640.8,25,0.1,0.1,0.2
1159.8,25.6,0.1,0.1,0.1
691.6,25.2,0.1,0.1,0.1
681,25.2,0.1,0.2,0.1
628.8,27.8,0.1,0.2,0.1
785.5,26.7,0.2,0.1,0.1
666.4,24.6,0.2,0.2,0.1
620.8,25.1,0.1,0.2,0.1
670.7,25.1,0.1,0.2,0.1
812.3,27.1,0.1,0.2,0.1
676.3,28.6,0.1,0.1,0.1
618.6,25.1,0.1,0.2,0.1
627.2,25,0.1,0.1,0.1
1133.8,30.3,0.2,0.1,0.1
655.1,25.6,0.1,0.1,0.1
621.3,25.4,0.2,0.1,0.1
607.9,27.7,0.1,0.2,0.2
647,24.7,0.1,0.1,0.1
732.1,25.2,0.1,0.2,0.1
641.4,34.9,0.1,0.2,0.1
630.3,25.6,0.1,0.1,0.1
619.9,24.9,0.2,0.1,0.1
975,70.4,0.1,0.2,0.1
688.2,31.5,0.1,0.1,0.2
636.6,26.5,0.1,0.2,0.1
1182.5,25.9,0.1,0.1,0.1
799.7,36.1,0.1,0.1,0.2
662.8,26,0.1,0.1,0.1
4886.7,53,0.2,0.3,0.2
6087.8,29.6,0.1,0.1,0.2
5471.1,47.3,0.1,0.2,0.1
4483.7,28.9,0.1,0.2,0.1
4221,26.8,0.1,0.1,0.2
4271.3,26.7,0.1,0.2,0.1
4054.6,27.7,0.2,0.1,0.1
4000.7,26.6,0.2,0.1,0.1
3916.1,26.9,0.2,0.2,0.1
6641.9,27.7,0.1,0.2,0.1
4049.5,38.1,0.2,0.2,0.2
4023.9,26.7,0.1,0.1,0.2
4009.3,37.6,0.1,0.1,0.1
3886.1,33,0.2,0.1,0.2
721,74.8,0.6,0.3,0.6
691.5,27.5,0.1,0.1,0.1
948.2,26.6,0.1,0.1,0.1
695.6,29.3,0.1,0.1,0.2
679.7,26.6,0.1,0.1,0.1
700.9,29.5,0.2,0.2,0.1
683,26.7,0.1,0.1,0.1
672.3,26.8,0.1,0.1,0.2
670.2,26.6,0.1,0.2,0.1
666.2,26.3,0.2,0.2,0.1
696,26.5,0.1,0.2,0.1
694.6,28.2,0.1,0.1,0.1
691.3,26.4,0.1,0.2,0.1
711.7,28.4,0.2,0.1,0.1
700.8,27.7,0.1,0.2,0.1
690.9,25.8,0.1,0.1,0.1
841.5,35.7,0.1,0.1,0.1
721.6,28.1,0.1,0.2,0.1
676.2,26,0.2,0.2,0.1
713.2,26,0.1,0.1,0.2
788.6,26.7,0.1,0.1,0.2
710.1,28.7,0.2,0.1,0.1
691,26.5,0.1,0.2,0.1
708,26.3,0.2,0.2,0.1
840.8,28.6,0.1,0.2,0.2
710.5,26.7,0.1,0.1,0.1
700.8,25.5,0.1,0.1,0.1
686.2,25.4,0.2,0.2,0.1
744.2,48.2,0.1,0.2,0.1
662.8,25.6,0.1,0.2,0.1
702.3,27.9,0.1,0.2,0.1
1427.2,25.6,0.1,0.1,0.1
742.2,25.9,0.1,0.1,0.2
739.4,27.4,0.1,0.2,0.1
708.9,30.8,0.1,0.1,0.1
692.8,26.6,0.1,0.1,0.2
698.8,26.7,0.1,0.2,0.1
668.9,25.8,0.1,0.1,0.1
1109.9,27.3,0.2,0.2,0.1
803.9,30,0.2,0.1,0.1
937.1,31.3,0.1,0.2,0.2
748.8,26.7,0.2,0.1,0.1
694.1,28.4,0.1,0.2,0.1
681.1,27.2,0.1,0.2,0.1
783.9,26.2,0.1,0.2,0.1
1110.8,27,0.1,0.1,0.1
702.4,28.8,0.1,0.2,0.1
697.3,46.6,0.3,0.3,0.3
699.5,29,0.1,0.1,0.2
702.1,26.7,0.1,0.2,0.1
740.2,25.9,0.1,0.2,0.1
690.1,31.3,0.1,0.2,0.1
723.3,27,0.2,0.2,0.1
700.8,48.1,0.3,0.3,0.4
742.1,26.6,0.1,0.2,0.1
743.5,47.1,0.1,0.1,0.1
833.9,26.2,0.1,0.2,0.1
747.6,27.2,0.1,0.1,0.2
1233.1,30.1,0.1,0.2,0.1
693.5,26.7,0.1,0.2,0.1
701.9,26.7,0.1,0.1,0.1
660.2,25.7,0.1,0.2,0.1
665.7,26.2,0.1,0.1,0.1
692.1,26.8,0.1,0.1,0.1
714.5,26.4,0.1,0.1,0.2
756.5,26.7,0.2,0.1,0.1
685.1,26.2,0.1,0.2,0.1
700.3,32.1,0.1,0.2,0.1
717.7,26,0.1,0.1,0.2
706.9,25.9,0.1,0.1,0.1
784,28.1,0.1,0.2,0.1
746.1,26.1,0.1,0.1,0.2
690.3,28.8,0.1,0.1,0.1
904.1,27,0.2,0.2,0.1
698.6,27.8,0.2,0.1,0.1
686.3,26.6,0.1,0.2,0.1
687.2,25.7,0.2,0.1,0.1
672.5,26.7,0.1,0.2,0.1
1549.3,26.5,0.1,0.3,0.1
1066.9,26.8,0.1,0.2,0.1
683.4,26,0.1,0.1,0.2
687.7,26.3,0.2,0.1,0.1
677.2,26.1,0.1,0.2,0.1
712.5,25.8,0.1,0.2,0.1
733.8,25.6,0.1,0.1,0.1
717.2,29.8,0.1,0.2,0.1
693.4,31.2,0.1,0.2,0.1
663,45,0.2,0.1,0.1
1039.2,25.8,0.2,0.1,0.1
782.8,28.5,0.2,0.2,0.2
680.9,34.7,0.1,0.1,0.1
685.3,29.5,0.1,0.1,0.1
749.5,25.6,0.1,0.2,0.1
687.2,26.4,0.1,0.1,0.1
730.1,27.8,0.1,0.2,0.1
846.9,36.2,0.2,0.2,0.2
735.3,36.1,0.2,0.2,0.1
671.9,30.2,0.1,0.1,0.1
695.5,26.5,0.2,0.2,0.1
1040.4,38.1,0.2,0.2,0.1
694.6,29.8,0.2,0.2,0.2
714.7,60.3,0.2,0.2,0.2
731,33.2,0.1,0.1,0.1
662.2,26.2,0.1,0.2,0.1
716,35.5,0.1,0.2,0.1
808.4,46.3,0.1,0.2,0.1
801.7,25.4,0.1,0.2,0.1
685.6,27.2,0.1,0.1,0.1
698,25.7,0.2,0.2,0.1
694.6,26,0.1,0.1,0.1
715.4,25.1,0.1,0.1,0.1
681.7,28.7,0.1,0.1,0.2
697,40.6,0.1,0.1,0.1
662.7,25.2,0.1,0.1,0.2
634.6,25.3,0.1,0.1,0.2
1022.2,26.9,0.2,0.1,0.1
678.4,25.3,0.2,0.1,0.1
641,27.3,0.1,0.2,0.1
636.9,25.4,0.2,0.1,0.1
1109.9,50,0.1,0.1,0.1
639.8,45.7,0.1,0.1,0.1
636.4,25.1,0.1,0.2,0.1
624,27,0.1,0.2,0.1
1106.1,32.9,0.2,0.1,0.1
656.9,25.5,0.1,0.2,0.1
642.6,24.8,0.1,0.2,0.2
617.8,25,0.1,0.1,0.2
769.7,35.9,0.1,0.1,0.1
677.4,36.1,0.1,0.1,0.1
650.1,25.3,0.1,0.1,0.2
622.7,25.1,0.1,0.1,0.1
633.8,25,0.1,0.1,0.1
636.8,26.4,0.2,0.1,0.1
624,24.9,0.2,0.1,0.1
622.6,25.4,0.1,0.1,0.2
685.4,25.3,0.1,0.2,0.2
651.2,26.3,0.1,0.1,0.1
629.6,25.8,0.1,0.1,0.2
639.3,26.4,0.1,0.1,0.2
761.8,25.2,0.1,0.2,0.1
674,25.9,0.1,0.2,0.1
628.8,27.4,0.2,0.1,0.1
712.9,26.7,0.1,0.2,0.1
654.9,27.3,0.1,0.1,0.1
637.3,25.7,0.1,0.2,0.1
641.4,26.7,0.1,0.1,0.1
625.1,24.5,0.1,0.1,0.1
713.6,34.1,0.1,0.1,0.2
672,25.1,0.1,0.1,0.1
655.1,26.1,0.1,0.1,0.1
1132.8,25.2,0.1,0.1,0.1
694.4,26,0.1,0.2,0.1
649.1,25.7,0.1,0.1,0.1
620.7,25,0.1,0.1,0.1
699.1,25.9,0.1,0.2,0.1
647,25.6,0.1,0.2,0.1
647.3,26.6,0.1,0.1,0.1
625.3,24.6,0.1,0.2,0.1
672.6,26.9,0.2,0.1,0.1
644.4,25.8,0.1,0.1,0.1
636.8,26.8,0.1,0.2,0.1
652.7,27.6,0.1,0.1,0.1
683.3,26.5,0.1,0.1,0.1
767.9,25.9,0.1,0.1,0.1
636.5,25.5,0.1,0.1,0.1
1000.2,26.8,0.1,0.1,0.2
744.6,25.3,0.1,0.1,0.1
637.3,25.8,0.1,0.2,0.1
617.6,25.3,0.1,0.2,0.1
1140.1,38.4,0.1,0.2,0.2
725.8,25.3,0.1,0.1,0.1
627.7,25.7,0.2,0.1,0.1
628.3,25.6,0.2,0.2,0.1
800.8,25.9,0.1,0.1,0.2
667.6,25.2,0.1,0.1,0.2
620.9,25.1,0.1,0.2,0.1
630.3,25.2,0.1,0.1,0.1
733.9,25.5,0.1,0.2,0.1
670.9,27.7,0.1,0.1,0.2
633.4,25,0.2,0.1,0.1
738.1,28.5,0.1,0.2,0.1
664.6,25.6,0.1,0.1,0.1
649.6,48.9,0.1,0.2,0.1
643.8,27.2,0.2,0.2,0.1
655.4,24.9,0.1,0.2,0.1
638.2,24.9,0.2,0.1,0.1
618.9,25.2,0.1,0.2,0.1
665.8,25.2,0.1,0.1,0.1
629.2,25.9,0.1,0.1,0.1
655.7,25.2,0.1,0.1,0.1
659.6,85.4,0.2,0.1,0.1
658.9,25.2,0.2,0.1,0.1
672.2,38.6,0.1,0.1,0.2
659.4,25.9,0.1,0.1,0.2
638,26.7,0.1,0.1,0.1
628.5,25.6,0.1,0.1,0.2
861.2,26.2,0.2,0.1,0.1
621.9,25,0.2,0.1,0.1
640.4,26.1,0.1,0.2,0.2
690.8,24.9,0.1,0.1,0.1
686.7,26.8,0.2,0.1,0.1
647,30.3,0.2,0.2,0.1
705.4,26.4,0.1,0.1,0.1
797.7,28,0.1,0.1,0.1
674.9,25.5,0.1,0.2,0.1
661.7,26.2,0.1,0.1,0.2
686.8,25.2,0.1,0.1,0.2
682.5,26.1,0.2,0.1,0.1
666.5,25.4,0.1,0.2,0.1
656.9,25.8,0.1,0.2,0.1
674.1,25,0.1,0.1,0.1
649.5,26.1,0.1,0.1,0.2
634.3,25.4,0.2,0.1,0.1
630,25.7,0.1,0.2,0.1
640.7,24.9,0.2,0.2,0.1
746,26.1,0.1,0.1,0.1
856.3,25.3,0.1,0.2,0.1
665.6,27.1,0.2,0.2,0.1
652.3,26.9,0.2,0.1,0.1
659.1,27.5,0.1,0.2,0.1
670,36.9,0.1,0.2,0.1
637.9,26.2,0.1,0.1,0.2
775.6,27.3,0.1,0.1,0.1
719.8,28.2,0.1,0.1,0.1
657.9,26,0.1,0.1,0.1
704.7,27.6,0.2,0.2,0.1
667.6,27.1,0.1,0.1,0.1
711.5,26.2,0.1,0.2,0.1
694.1,26,0.1,0.2,0.1
650.9,26.8,0.1,0.1,0.2
663.7,37.1,0.1,0.1,0.2
667.7,26.1,0.1,0.1,0.1
614.3,24.9,0.1,0.1,0.1
620.5,25.3,0.2,0.2,0.1
966.6,26.3,0.1,0.1,0.1
708.4,25.3,0.1,0.2,0.2
631,25.4,0.1,0.2,0.1
630.6,25.2,0.1,0.1,0.1
695,36,0.2,0.1,0.1
651.6,24.8,0.1,0.1,0.2
631.8,25.2,0.1,0.1,0.2
1082.3,32.9,0.2,0.2,0.2
3921.9,26,0.1,0.1,0.1
3961,26,0.1,0.1,0.1
4048.5,26.6,0.1,0.1,0.1
4080.5,25.4,0.1,0.1,0.1
3970.4,35.6,0.1,0.1,0.1
3970.8,26.7,0.2,0.2,0.1
6264.5,26.3,0.2,0.1,0.1
4195,25.7,0.2,0.1,0.1
4042.8,27.1,0.2,0.1,0.1
4332.6,29.7,0.1,0.1,0.1
4275.5,36.8,0.3,0.3,0.4
3964.8,47.6,0.3,0.3,0.3
4016.1,25,0.1,0.2,0.1
6788.3,26.4,0.1,0.2,0.1
708.3,27.4,0.1,0.1,0.2
770.7,33.2,0.2,0.2,0.1
684.8,30,0.1,0.1,0.1
730.4,26.9,0.2,0.2,0.1
727.6,38.8,0.2,0.2,0.1
894.4,27.1,0.1,0.1,0.2
698.7,41.9,0.1,0.1,0.3
902,35.9,0.2,0.2,0.1
737,28.3,0.1,0.1,0.2
895.1,31.5,0.1,0.2,0.1
1561.1,134.1,0.6,0.6,0.3
769.5,27.1,0.1,0.2,0.1
691.8,42.6,0.1,0.2,0.1
766.6,26,0.1,0.1,0.1
706.9,26.7,0.1,0.1,0.1
667.3,27,0.1,0.1,0.2
806.5,29.7,0.1,0.2,0.1
1115.3,41.3,0.3,0.3,0.3
685.8,26.7,0.1,0.1,0.1
721.2,28.3,0.1,0.1,0.1
707.5,30.8,0.1,0.1,0.1
719.4,25.9,0.1,0.2,0.1
1206.4,26.2,0.2,0.1,0.1
744.7,40.4,0.2,0.2,0.1
741.4,27,0.1,0.1,0.1
1155.3,28.8,0.1,0.2,0.1
697.7,36.9,0.2,0.3,0.3
658.2,26.4,0.2,0.2,0.1
696.4,34.2,0.3,0.2,0.2
740.6,26,0.1,0.2,0.1
695.2,25.7,0.1,0.1,0.1
691.2,26.9,0.1,0.1,0.1
871.8,26.9,0.1,0.1,0.2
759.8,26.7,0.2,0.2,0.1
679.1,38.7,0.1,0.2,0.1
663.8,26,0.2,0.2,0.1
717.4,26,0.1,0.2,0.1
693,26.6,0.1,0.1,0.2
739.8,26.3,0.1,0.1,0.1
815,29.6,0.1,0.2,0.1
683.2,31,0.1,0.1,0.1
640.6,25.7,0.1,0.1,0.1
654.5,26.1,0.1,0.1,0.1
714.4,31.6,0.1,0.2,0.1
715.8,26.7,0.1,0.1,0.1
693,34.6,0.1,0.1,0.1
710.7,26.9,0.2,0.2,0.1
679.8,27.2,0.2,0.1,0.1
732.1,26.2,0.1,0.2,0.1
649.7,26.2,0.1,0.1,0.1
715.6,26.2,0.1,0.1,0.1
698.2,26.5,0.1,0.2,0.1
692.7,26.9,0.1,0.1,0.2
698.2,26.9,0.1,0.1,0.2
1080.6,25.7,0.1,0.2,0.1
765,28.6,0.1,0.1,0.1
693.4,25.1,0.1,0.1,0.1
706,25.4,0.2,0.1,0.1
779.6,26.6,0.2,0.2,0.1
815.4,26,0.1,0.2,0.1
854.9,30.1,0.1,0.2,0.1
683,26.6,0.2,0.2,0.1
710.5,25.9,0.1,0.1,0.2
672.2,25.7,0.1,0.1,0.2
683.5,26.1,0.1,0.2,0.1
706.8,60.5,0.3,0.3,0.3
690.4,46.2,0.2,0.3,0.2
708.1,25.8,0.1,0.1,0.2
701.5,25.2,0.1,0.1,0.2
715.6,37.2,0.1,0.1,0.2
701.2,26.8,0.2,0.1,0.1
672.1,35.6,0.2,0.2,0.1
770.8,29.9,0.1,0.1,0.2
692.9,26.7,0.2,0.2,0.1
699.4,26.5,0.1,0.1,0.1
665.8,25.9,0.1,0.1,0.1
1212.6,35.5,0.2,0.1,0.1
782.2,28.8,0.1,0.1,0.1
750.4,26.9,0.1,0.2,0.1
711.7,29.1,0.1,0.1,0.1
709.7,90,0.3,0.3,0.2
681.6,26.5,0.2,0.2,0.1
672.9,25.9,0.1,0.2,0.1
639.3,25.6,0.1,0.2,0.1
1414.9,25.6,0.1,0.2,0.1
750.2,26.1,0.1,0.2,0.1
685.3,26,0.1,0.1,0.2
975.3,66,1,0.3,1
877.7,58.5,0.1,0.1,0.1
686.7,26.2,0.1,0.1,0.2
683.1,25.9,0.1,0.1,0.2
728.3,25.7,0.1,0.2,0.1
684.4,25.8,0.1,0.1,0.1
1270.9,55.2,0.4,0.3,0.3
704.9,26.6,0.1,0.1,0.1
658.1,26.5,0.2,0.2,0.1
676.5,29.5,0.1,0.2,0.2
698,29.6,0.2,0.1,0.8
719,35.8,0.1,0.2,0.1
693.9,29.9,0.1,0.2,0.1
681.8,26.1,0.1,0.1,0.1
727,27.9,0.2,0.1,0.1
1138.6,77.7,0.3,0.3,0.3
764.7,26,0.2,0.2,0.1
722.7,36.3,0.1,0.1,0.2
700.7,27.8,0.1,0.2,0.1
836.9,26.5,0.2,0.2,0.1
807.1,26,0.1,0.1,0.2
682.3,25.9,0.1,0.2,0.1
663.3,25.8,0.1,0.1,0.1
781.5,28.3,0.1,0.2,0.1
709.2,27.9,0.1,0.1,0.1
703.5,26.1,0.2,0.2,0.1
694.1,34.7,0.1,0.2,0.2
690.9,26.3,0.2,0.2,0.1
660.9,26.1,0.2,0.1,0.1
660.8,26.3,0.1,0.1,0.1
661.7,26.3,0.1,0.2,0.1
794.8,27.3,0.1,0.1,0.1
750.2,26.8,0.1,0.1,0.1
1090.3,48.3,0.3,0.3,0.3
727.9,26,0.1,0.1,0.1
691.9,27.2,0.1,0.1,0.1
700.1,28.1,0.2,0.2,0.1
718,29.9,0.1,0.2,0.1
704.4,27.1,0.1,0.1,0.1
705.5,58.8,0.4,0.4,0.4
657.9,28,0.1,0.2,0.2
1072.3,25.8,0.1,0.1,0.2
654.5,28.5,0.1,0.1,0.2
639.3,28.1,0.1,0.1,0.2
619.4,25.9,0.1,0.2,0.1
763.3,28.9,0.1,0.2,0.1
679.9,25.8,0.1,0.2,0.1
635.4,26.4,0.1,0.1,0.1
616.9,25.2,0.1,0.2,0.1
690.5,48,0.1,0.2,0.1
675.8,25.6,0.1,0.1,0.1
629.9,27.6,0.2,0.2,0.1
705,25.7,0.2,0.1,0.1
666.7,26.2,0.1,0.1,0.1
656,25.7,0.1,0.2,0.1
673.3,26,0.1,0.2,0.1
637.6,28.4,0.2,0.2,0.1
650.6,25.9,0.1,0.1,0.1
663.9,26,0.2,0.1,0.1
631.8,25.5,0.1,0.2,0.1
634.3,29.8,0.2,0.1,0.1
664.5,26,0.1,0.2,0.1
651.3,26.4,0.1,0.2,0.1
626.2,25.5,0.1,0.1,0.1
634.7,28,0.1,0.1,0.1
652.9,27.3,0.1,0.1,0.1
660.5,32.9,0.1,0.1,0.1
620.7,25.7,0.1,0.2,0.1
623.5,27.2,0.1,0.1,0.1
648.9,32.8,0.2,0.2,0.2
734.3,26,0.1,0.1,0.1
616.7,25.1,0.1,0.2,0.2
648.8,26.2,0.2,0.1,0.1
730.8,24.5,0.1,0.1,0.1
651.3,46.8,0.2,0.1,0.1
1125.6,28.5,0.2,0.1,0.1
693.2,35.1,0.1,0.1,0.4
700.1,41.7,0.1,0.1,0.1
691.2,35.5,0.2,0.2,0.1
692.3,26,0.2,0.1,0.1
685.3,30,0.1,0.2,0.1
749.2,29.2,0.2,0.2,0.1
1315.4,48.3,0.2,0.2,0.2
680.4,27,0.1,0.1,0.1
642.4,27.9,0.1,0.1,0.2
704.7,25.9,0.2,0.1,0.1
685.3,29.5,0.1,0.1,0.2
715.5,33.4,0.1,0.1,0.1
646.9,26.9,0.1,0.1,0.1
619,25.1,0.1,0.1,0.1
704.9,26.4,0.2,0.1,0.1
737.7,26.8,0.1,0.2,0.1
633,28.8,0.1,0.2,0.1
617.5,25.1,0.1,0.2,0.1
644.3,24.8,0.1,0.1,0.1
648.6,25.4,0.1,0.1,0.1
643.4,25.6,0.2,0.1,0.1
683.7,24.9,0.1,0.1,0.1
666.1,25.3,0.1,0.1,0.1
645.9,39.8,0.2,0.1,0.1
620.2,25.2,0.2,0.1,0.1
650.3,38.9,0.3,0.2,0.2
676.9,25.4,0.1,0.2,0.1
652.3,25.2,0.1,0.1,0.1
616.8,27.8,0.1,0.2,0.1
638.7,25.1,0.1,0.2,0.1
646.5,26.8,0.2,0.2,0.1
674.8,24.8,0.2,0.1,0.1
624,34.6,0.2,0.1,0.1
617.3,25,0.2,0.1,0.1
741.4,26.9,0.1,0.1,0.1
716.2,25.1,0.1,0.1,0.1
673.3,25.4,0.1,0.1,0.1
618.1,25.1,0.1,0.1,0.1
665,25,0.1,0.1,0.1
658.3,27.6,0.1,0.1,0.1
663.7,24.9,0.1,0.2,0.1
639.6,25.2,0.1,0.2,0.1
644.1,25.9,0.1,0.1,0.1
650,26.1,0.2,0.2,0.1
627.3,25.6,0.1,0.1,0.1
697.5,34.7,0.2,0.1,0.1
638.3,27.6,0.1,0.1,0.1
635.5,25.4,0.2,0.1,0.1
624.4,25.4,0.1,0.2,0.1
636.1,27.8,0.2,0.1,0.1
715.3,27.6,0.1,0.1,0.1
643.8,25.3,0.1,0.2,0.1
635.9,25.5,0.1,0.1,0.1
625.1,25.6,0.1,0.1,0.1
802.7,26.2,0.1,0.1,0.1
727.6,26.1,0.1,0.2,0.2
656.5,28.6,0.1,0.1,0.1
642.2,25.4,0.1,0.2,0.2
667,46.6,0.2,0.1,0.1
677.1,25.3,0.1,0.2,0.1
652.9,25.9,0.2,0.1,0.1
637.9,25.2,0.1,0.2,0.1
712.8,26.3,0.1,0.1,0.1
714,35.2,0.2,0.2,0.2
638.4,25.9,0.1,0.1,0.1
638.8,25.2,0.1,0.1,0.1
747.1,25.9,0.1,0.2,0.1
663.6,27,0.1,0.2,0.1
629.4,25.9,0.1,0.1,0.1
658.5,27.8,0.1,0.2,0.1
764.1,26.3,0.1,0.2,0.1
645.5,26,0.1,0.1,0.1
622.8,26.8,0.1,0.2,0.1
810.3,36.3,0.2,0.1,0.1
735.2,35.2,0.1,0.2,0.1
646.1,26.9,0.1,0.1,0.1
663.3,26.8,0.2,0.1,0.1
649.7,28.1,0.1,0.1,0.2
657.1,32.8,0.1,0.1,0.1
4079.3,27.6,0.1,0.2,0.2
4033.5,25.4,0.1,0.2,0.1
4089,25.2,0.1,0.2,0.2
4043.9,24.5,0.1,0.1,0.1
3969.7,25.4,0.1,0.2,0.2
3965.4,24.9,0.1,0.1,0.1
3889,24.4,0.1,0.1,0.1
3949.4,25.3,0.1,0.1,0.1
5947.3,25.1,0.2,0.2,0.1
6193.9,24.4,0.1,0.1,0.1
6108.9,25,0.1,0.2,0.1
4046.4,37.4,0.1,0.1,0.1
4203.7,25.5,0.1,0.1,0.2
749.5,26.1,0.1,0.2,0.1
698.8,25.9,0.1,0.1,0.1
768.8,26.8,0.1,0.1,0.1
755.1,26.6,0.1,0.1,0.2
818.5,28.2,0.1,0.2,0.1
780.4,25.7,0.1,0.1,0.1
675.3,25.2,0.1,0.2,0.1
659.5,25.6,0.1,0.1,0.2
743.7,26.1,0.2,0.1,0.1
723,26.3,0.2,0.2,0.1
828.5,31.9,0.2,0.2,0.1
698.6,26.1,0.1,0.2,0.1
686.9,26.6,0.1,0.2,0.1
2436.9,94.1,0.3,0.3,0.3
669.1,26.5,0.2,0.2,0.1
684.4,26,0.1,0.1,0.1
699,28.5,0.1,0.2,0.1
764.9,26.5,0.1,0.2,0.1
678.4,26.8,0.1,0.1,0.1
950.1,26.9,0.2,0.2,0.1
721.7,26.2,0.1,0.1,0.1
691.2,27.2,0.2,0.2,0.1
687.9,25.9,0.1,0.2,0.1
795.6,25.5,0.1,0.2,0.1
690.1,26.7,0.1,0.2,0.1
688.1,29.4,0.1,0.1,0.2
1074,51.9,0.3,0.2,0.3
688.1,26.9,0.1,0.1,0.2
697.8,26.7,0.1,0.1,0.2
692.4,27.3,0.1,0.2,0.1
761.3,28.1,0.1,0.1,0.2
729.3,33.1,0.1,0.1,0.2
687.3,26.4,0.2,0.2,0.1
901.6,35.9,0.1,0.1,0.2
757.4,27.6,0.1,0.1,0.1
782.3,25.7,0.1,0.1,0.2
882.7,71.5,0.2,0.2,0.2
716.4,26.1,0.1,0.2,0.1
682.8,25.9,0.2,0.2,0.1
780.5,26.7,0.2,0.1,0.1
727.5,27.3,0.1,0.2,0.1
706.7,26.3,0.1,0.1,0.2
815.5,25.4,0.1,0.2,0.1
738.3,47.2,0.1,0.1,0.1
688.1,26.7,0.2,0.2,0.1
666.7,26.4,0.2,0.1,0.1
708.9,26,0.1,0.1,0.1
712.9,27,0.2,0.2,0.1
690.5,27.2,0.1,0.1,0.2
702.2,31.2,0.2,0.2,0.2
691.7,26.7,0.1,0.1,0.2
729.9,26.4,0.1,0.1,0.2
702.8,26,0.2,0.2,0.1
1040.6,27.1,0.1,0.1,0.2
697.2,27.4,0.1,0.2,0.1
735.8,28.2,0.2,0.1,0.1
726.9,35,0.1,0.1,0.2
718.5,28.4,0.2,0.2,0.1
664.1,26.8,0.1,0.1,0.1
630.7,26,0.2,0.1,0.1
789.3,25.2,0.1,0.2,0.1
732.5,28.1,0.1,0.1,0.1
788,27.9,0.1,0.1,0.2
833.5,48.2,0.3,0.3,0.3
801.9,26.1,0.1,0.2,0.1
678.9,26.3,0.1,0.2,0.1
647.1,25.8,0.1,0.1,0.2
667.9,25.5,0.1,0.1,0.2
699,26.9,0.1,0.2,0.1
743.3,25.9,0.1,0.1,0.1
799.9,46.1,0.1,0.1,0.1
768.1,25.3,0.1,0.2,0.1
720.5,26.6,0.1,0.1,0.1
679.3,25.9,0.2,0.1,0.1
652.1,25.9,0.1,0.2,0.1
695.9,26.4,0.1,0.1,0.2
743.9,26.1,0.1,0.2,0.1
1126.1,30.9,0.1,0.1,0.1
689.3,26.7,0.1,0.2,0.1
757.8,26.1,0.1,0.2,0.1
698.3,25.8,0.1,0.2,0.1
716.2,25.9,0.1,0.1,0.2
776.3,36.4,0.1,0.1,0.1
875.2,46.3,0.3,0.2,0.3
684.7,26.5,0.2,0.2,0.1
762,25.9,0.1,0.1,0.2
694.6,36.4,0.1,0.1,0.2
691.6,26.4,0.1,0.2,0.1
828.3,26.2,0.1,0.1,0.1
690.1,26.9,0.1,0.1,0.2
693.9,26.8,0.1,0.2,0.1
736.8,28.6,0.1,0.1,0.1
663.4,25.9,0.1,0.1,0.2
881.2,28.7,0.1,0.2,0.1
695,27.9,0.1,0.2,0.2
760.7,25.8,0.1,0.2,0.1
787.2,25.8,0.1,0.1,0.2
778.5,26.1,0.1,0.1,0.1
761.9,25.5,0.1,0.1,0.2
758.1,25.8,0.1,0.1,0.1
725.3,87.6,1.1,1.1,1
738.9,25.8,0.2,0.2,0.1
738,26.5,0.1,0.2,0.1
776.1,26.7,0.1,0.1,0.2
701.7,26.3,0.1,0.1,0.1
683.1,26.9,0.1,0.1,0.2
686.2,25.5,0.1,0.1,0.1
713.4,25.8,0.2,0.2,0.1
825.8,25.5,0.1,0.2,0.1
698.7,28.7,0.1,0.1,0.2
794.7,42.7,0.3,0.3,0.3
808,35.1,0.2,0.1,0.1
690.3,26,0.1,0.1,0.1
707.3,25.7,0.1,0.1,0.2
667.6,36.2,0.1,0.1,0.2
709.9,26.1,0.1,0.1,0.2
727.7,25.8,0.2,0.2,0.1
691.8,26.9,0.1,0.2,0.1
704.1,27.1,0.2,0.2,0.1
700.8,36.5,0.1,0.2,0.1
671.1,26,0.1,0.1,0.2
710.8,26.1,0.1,0.2,0.1
734.9,26.9,0.1,0.1,0.2
683.2,27.5,0.1,0.2,0.1
690.2,26.5,0.2,0.2,0.1
787.3,29,0.2,0.1,0.1
685.4,36.3,0.1,0.1,0.1
736.9,36.6,0.2,0.3,0.2
748.9,25.4,0.1,0.1,0.1
801.4,25.8,0.2,0.2,0.1
760.5,28.3,0.1,0.1,0.1
716.4,25.8,0.1,0.2,0.1
882.9,26.4,0.2,0.2,0.1
773.6,26.2,0.1,0.1,0.2
694.5,25.9,0.1,0.2,0.1
687.4,26.8,0.1,0.1,0.1
834.1,26.4,0.2,0.2,0.1
897.5,31.8,0.2,0.2,0.3
713.6,28.6,0.2,0.2,0.1
1247.5,25.9,0.1,0.1,0.2
669.1,27.7,0.1,0.1,0.1
726.8,36.1,0.2,0.2,0.1
779.9,25.7,0.1,0.2,0.1
708.3,49.8,0.4,0.3,0.3
697.8,26.1,0.1,0.1,0.1
619.7,26,0.1,0.1,0.1
631.8,25.3,0.1,0.1,0.1
644.4,25.3,0.1,0.1,0.1
639.5,25.6,0.2,0.1,0.1
628.1,25.4,0.1,0.1,0.1
631,34,0.2,0.2,0.1
659,24.8,0.1,0.2,0.1
659.5,25.2,0.1,0.1,0.1
661.2,25,0.1,0.2,0.1
628.3,25.3,0.1,0.2,0.1
661.2,25.4,0.1,0.2,0.1
659.6,25.2,0.1,0.2,0.1
638.7,25.1,0.1,0.1,0.2
633,25,0.1,0.1,0.1
642,25.1,0.1,0.1,0.1
638.7,25.3,0.1,0.1,0.1
663.1,26.4,0.1,0.2,0.1
659.9,25.3,0.1,0.1,0.1
651.3,24.5,0.1,0.2,0.1
664.8,25.3,0.2,0.1,0.1
631.3,35.1,0.1,0.1,0.2
647.7,24.9,0.1,0.1,0.1
669.1,25.5,0.1,0.2,0.1
635,25.8,0.1,0.1,0.1
701,25.8,0.2,0.2,0.1
645.9,25.9,0.2,0.2,0.1
677.8,27.4,0.1,0.2,0.2
682.1,25.2,0.1,0.2,0.1
664.8,27.8,0.1,0.1,0.2
641.2,27.7,0.1,0.2,0.1
641.7,27,0.1,0.1,0.1
682.8,24.9,0.1,0.2,0.1
630.1,26.4,0.1,0.2,0.1
617.4,25.2,0.1,0.1,0.1
739.4,27.5,0.1,0.1,0.2
638.9,34.5,0.1,0.1,0.2
619,25.1,0.1,0.2,0.1
638.1,25,0.1,0.1,0.1
655.7,26,0.2,0.1,0.1
715.8,25.8,0.1,0.2,0.1
677.9,24.8,0.2,0.1,0.1
621.6,25.3,0.1,0.2,0.1
654.1,35.3,0.2,0.2,0.1
691.2,24.4,0.1,0.2,0.1
619.5,27.9,0.2,0.2,0.1
635.2,24.9,0.1,0.1,0.1
698.4,44.5,0.1,0.2,0.2
654.7,35.5,0.1,0.1,0.1
618.1,25.1,0.1,0.2,0.1
620.7,25.2,0.1,0.2,0.1
665.2,25,0.1,0.2,0.1
629.6,25.4,0.1,0.2,0.2
843.3,25,0.1,0.2,0.1
650.6,27.2,0.1,0.2,0.1
610.7,25.1,0.1,0.2,0.1
682.5,24.7,0.1,0.1,0.2
688,24.4,0.1,0.1,0.1
667.5,27.3,0.1,0.1,0.1
619.1,25.1,0.1,0.1,0.1
701.1,25.1,0.1,0.2,0.1
644.5,25.3,0.1,0.1,0.1
617.9,25.4,0.1,0.1,0.1
691.3,25.1,0.2,0.1,0.1
635.5,25.2,0.1,0.2,0.1
652.8,25.1,0.1,0.1,0.1
631.3,25.7,0.1,0.1,0.2
635.3,25.5,0.1,0.1,0.1
653.7,25.7,0.1,0.1,0.1
683.6,28.2,0.2,0.1,0.1
701.4,37.4,0.2,0.1,0.1
666.2,25.1,0.2,0.1,0.1
634.5,25.6,0.1,0.1,0.2
652.2,25.1,0.2,0.1,0.1
646.9,25.9,0.1,0.1,0.1
617.6,25.2,0.1,0.1,0.1
759.2,25.1,0.1,0.1,0.1
672.1,25.2,0.1,0.2,0.1
667.2,24.8,0.2,0.1,0.1
676.4,24.9,0.1,0.1,0.1
850.4,25,0.1,0.1,0.1
649.8,36.8,0.1,0.2,0.1
687.6,25.3,0.1,0.1,0.1
647.5,34.1,0.1,0.2,0.1
644.5,25.8,0.1,0.2,0.1
640.9,25.9,0.1,0.1,0.1
626.6,25.6,0.1,0.2,0.1
695,25.9,0.1,0.1,0.1
868.3,25.7,0.2,0.2,0.1
687.5,24.9,0.1,0.2,0.2
688.7,25.3,0.1,0.2,0.1
705.4,28.7,0.1,0.2,0.1
696.1,25.8,0.1,0.1,0.2
722.6,26,0.1,0.2,0.1
678.2,25.9,0.1,0.1,0.1
697.2,35.3,0.1,0.2,0.1
713.8,26.4,0.1,0.2,0.1
651.2,25.8,0.1,0.1,0.1
781.4,46.9,0.1,0.2,0.1
656.1,27.8,0.2,0.1,0.1
672.1,26.8,0.1,0.1,0.2
638,25.8,0.1,0.1,0.2
624.9,25.4,0.2,0.1,0.1
679.6,26.1,0.1,0.2,0.1
656.3,24.8,0.1,0.2,0.1
633.5,25.2,0.1,0.2,0.1
621.8,24.9,0.1,0.1,0.2
734.2,25.3,0.1,0.1,0.2
1337.4,33.6,0.1,0.1,0.1
737.4,66,0.1,0.1,0.1
724.8,36.4,0.1,0.2,0.1
678.8,25.7,0.2,0.1,0.1
752.9,26.1,0.1,0.1,0.2
716.2,25.9,0.1,0.2,0.1
799.5,35,0.1,0.1,0.1
669.9,25.4,0.1,0.2,0.1
717.9,25.3,0.1,0.1,0.2
648.5,25.4,0.1,0.2,0.1
622.9,25.6,0.1,0.2,0.1
624.5,25.9,0.2,0.1,0.1
660.5,25.6,0.1,0.2,0.1
627.1,27.7,0.1,0.1,0.1
619.7,25,0.1,0.1,0.2
642.6,25.8,0.1,0.1,0.1
738.4,25.8,0.1,0.1,0.1
700.1,25,0.1,0.1,0.2
646.1,34.4,0.1,0.2,0.1
624.6,25,0.1,0.1,0.1
723.2,25.8,0.2,0.1,0.1
650.8,25.1,0.1,0.1,0.2
659.1,25.4,0.1,0.1,0.2
738.6,25.8,0.1,0.1,0.1
648.1,26,0.1,0.1,0.1
639.3,26.3,0.1,0.1,0.2
642.8,26.5,0.1,0.1,0.1
629.1,27.5,0.2,0.1,0.1
669.7,25.8,0.1,0.1,0.1
635.3,24.9,0.1,0.1,0.1
628.3,25.2,0.1,0.2,0.1
625.7,25.2,0.1,0.1,0.1
713.3,25,0.2,0.2,0.1
656.7,36.7,0.1,0.1,0.2
624.6,25.7,0.2,0.1,0.1
624.8,25.6,0.2,0.2,0.1
722.4,25.8,0.1,0.1,0.1
645.7,27.5,0.1,0.2,0.1
783.2,25,0.1,0.2,0.1
613.9,24.9,0.1,0.2,0.1
644.9,25.2,0.1,0.1,0.1
641.3,25.2,0.1,0.2,0.2
664.8,26.4,0.1,0.2,0.1
667.5,24.7,0.1,0.1,0.2
667.7,26.2,0.2,0.1,0.1
626.7,25.7,0.1,0.2,0.1
614.3,25.4,0.1,0.2,0.1
617,27.6,0.1,0.1,0.2
686.6,25.2,0.1,0.2,0.1
651.3,24.9,0.1,0.1,0.1
617.4,28,0.1,0.1,0.1
661.4,25.5,0.1,0.2,0.1
643.6,25.1,0.2,0.1,0.1
636.3,27.8,0.2,0.2,0.1
618.9,46.9,0.2,0.1,0.1
612,25.1,0.1,0.1,0.1
689.8,25.6,0.2,0.1,0.1
637.9,25.1,0.1,0.2,0.1
658.9,27.6,0.1,0.1,0.2
695.7,25.2,0.1,0.1,0.2
718.9,27.7,0.1,0.1,0.1
654.6,24.9,0.2,0.1,0.1
614.2,25.2,0.1,0.2,0.1
696.1,24.9,0.2,0.1,0.1
806.9,25.5,0.1,0.1,0.1
652.7,25.5,0.1,0.2,0.1
617.1,25.2,0.1,0.1,0.1
611.9,25.1,0.1,0.2,0.1
784.5,28.1,0.1,0.1,0.1
662.5,24.6,0.1,0.2,0.1
622.4,25,0.1,0.1,0.1
642.8,25.1,0.1,0.1,0.2
765.2,25.4,0.1,0.2,0.1
679,25.1,0.1,0.1,0.1
613,46.5,0.1,0.1,0.2
711.2,25.3,0.2,0.2,0.1
766.2,25.8,0.1,0.1,0.1
640.6,28.6,0.1,0.1,0.1
635,25.3,0.1,0.2,0.1
612.1,25.1,0.1,0.1,0.2
1209.7,25.4,0.1,0.2,0.1
657.5,25.4,0.2,0.1,0.1
668.2,34.5,0.1,0.1,0.1
616.2,25.4,0.1,0.1,0.2
1074.7,24.9,0.1,0.1,0.1
645.8,25.9,9.3,0.1,0.1
944.4,25.1,0.2,0.2,0.1
633.2,25,0.1,0.2,0.1
838.6,25.7,0.1,0.2,0.1
657,25.8,0.2,0.1,0.1
625,25.4,0.1,0.2,0.1
633.8,24.8,0.2,0.1,0.1
619.8,25.4,0.1,0.1,0.1
666.1,48.8,0.1,0.1,0.2
619.9,25.1,0.1,0.1,0.2
627.3,34.8,0.1,0.2,0.1
619.8,25.2,0.2,0.2,0.1
744.7,25.1,0.1,0.1,0.1
645.9,25.3,0.2,0.1,0.1
634.5,25.3,0.1,0.1,0.1
630.1,25.5,0.1,0.1,0.2
773.6,24.9,0.2,0.1,0.1
647,25.3,0.2,0.1,0.1
614.7,25.3,0.1,0.2,0.1
659.5,25.1,0.1,0.1,0.1
705,25.7,0.2,0.2,0.1
627.2,25.4,0.2,0.1,0.1
613.1,25.4,0.1,0.1,0.2
693.9,34.9,0.1,0.2,0.1
629.9,25.1,0.2,0.1,0.1
635.1,25.1,0.1,0.1,0.1
633.7,25.1,0.1,0.2,0.1
634.3,25.7,0.1,0.1,0.1
633.2,25.1,0.1,0.2,0.1
648.9,25.3,0.2,0.1,0.1
641.5,24.9,0.1,0.1,0.1
635.1,25,0.1,0.1,0.1
644.6,25.8,0.1,0.2,0.1
655.3,25.3,0.1,0.1,0.2
676.1,24.9,0.2,0.1,0.1
622.3,25.1,0.2,0.1,0.1
661.8,39.3,0.1,0.1,0.2
735.1,24.8,0.1,0.1,0.2
656.7,25.2,0.1,0.2,0.1
629.4,37.3,0.1,0.1,0.1
637.9,25.2,0.2,0.1,0.1
681.3,25.2,0.2,0.1,0.1
661.6,25.1,0.1,0.1,0.2
614.8,25.4,0.2,0.1,0.1
832.5,26.9,0.2,0.1,0.1
639.5,25.6,0.1,0.2,0.1
641.1,25.1,0.1,0.1,0.1
631.8,27.7,0.1,0.1,0.1
678.5,27.9,0.1,0.1,0.2
704,24.6,0.1,0.2,0.1
640.2,25.1,0.1,0.2,0.1
621.8,27.5,0.1,0.2,0.1
733.5,26.1,0.2,0.1,0.1
637.8,25,0.2,0.1,0.1
616.8,25.3,0.1,0.1,0.1
611.4,25,0.2,0.1,0.1
1081.1,25.1,0.1,0.2,0.1
654.8,25.2,0.1,0.2,0.1
618,34.5,0.2,0.1,0.1
612.7,24.7,0.1,0.1,0.2
613.9,25,0.2,0.1,0.1
706.4,26.2,0.1,0.2,0.1
659.2,24.8,0.1,0.1,0.1
621,25.1,0.1,0.1,0.2
895.1,25.1,0.1,0.1,0.1
685.7,27.4,0.2,0.1,0.1
665,25.2,0.1,0.2,0.1
658,25.2,0.1,0.2,0.2
653,25,0.1,0.1,0.1
672.7,25.1,0.1,0.1,0.1
630.2,25,0.1,0.2,0.1
626.1,25.3,0.1,0.2,0.1
895.6,25.3,0.1,0.1,0.1
880.1,25.2,0.2,0.1,0.1
635.8,24.7,0.1,0.1,0.1
662.8,25.4,0.1,0.2,0.2
1164.5,33.5,0.2,0.3,0.2
669.5,25.4,0.1,0.2,0.1
635.7,25.2,0.1,0.1,0.2
611.9,25.3,0.2,0.1,0.1
1124.5,27.5,0.2,0.1,0.1
648.9,25.6,0.1,0.1,0.1
619.3,25.4,0.2,0.1,0.1
648.6,26,0.2,0.2,0.1
771.2,26.1,0.2,0.2,0.1
796.8,25.9,0.1,0.1,0.2
672.4,25,0.2,0.1,0.1
662.4,24.5,0.1,0.1,0.1
1166.8,26.9,0.2,0.1,0.1
648.9,26.2,0.1,0.1,0.2
634.6,25.3,0.1,0.1,0.2
616.7,25.3,0.1,0.2,0.1
832.9,25.2,0.1,0.1,0.2
638.8,25.4,0.2,0.1,0.1
611.8,25.2,0.1,0.2,0.1
654.3,25.1,0.2,0.1,0.1
664,26.1,0.1,0.1,0.2
636.8,24.8,0.1,0.1,0.2
642.2,25.2,0.1,0.1,0.2
744.8,25.7,0.1,0.1,0.1
644.9,25.5,0.1,0.1,0.1
649.1,25.1,0.1,0.2,0.2
625.7,25.7,0.1,0.1,0.1
639.5,28.6,0.1,0.1,0.1
896,34.7,0.1,0.1,0.2
699,34.2,0.2,0.2,0.1
658.6,26.4,0.1,0.2,0.1
951.1,30,0.1,0.1,0.1
671.2,36.8,0.1,0.1,0.1
757.7,26.2,0.1,0.2,0.1
770.9,70.6,0.2,0.2,0.4
652.1,25.7,0.1,0.2,0.1
624.4,25.6,0.2,0.2,0.1
627.1,26.1,0.1,0.2,0.1
679.2,26.8,0.1,0.1,0.1
643.9,27.9,0.1,0.2,0.1
626.9,26.3,0.1,0.2,0.2
620.6,51.1,0.1,0.2,0.2
774.7,26.6,0.1,0.1,0.1
654.5,25.4,0.1,0.1,0.2
653.4,26.2,0.1,0.2,0.1
692.7,25.4,0.2,0.1,0.1
731.3,25.5,0.1,0.1,0.1
680.7,26,0.1,0.2,0.1
636.2,25.8,0.1,0.1,0.1
707.5,26.1,0.1,0.2,0.2
716.2,25.1,0.1,0.1,0.1
648.2,26.2,0.1,0.2,0.2
698.6,25.7,0.1,0.2,0.1
658.3,26.9,0.1,0.1,0.1
640.3,25.4,0.1,0.2,0.1
624.3,26,0.1,0.2,0.1
655,26.9,0.1,0.2,0.1
671.5,26.7,0.1,0.2,0.1
719.4,26.4,0.1,0.2,0.1
686.6,25.1,0.1,0.2,0.1
645.9,27,0.2,0.1,0.1
807.7,25.3,0.1,0.1,0.1
675.6,26.1,0.1,0.1,0.1
739.4,25.9,0.1,0.2,0.1
1197.4,32.9,0.2,0.1,0.1
681.1,26.7,0.1,0.1,0.2
634.3,25.4,0.1,0.2,0.1
649.8,26.6,0.1,0.2,0.1
636.9,25,0.1,0.1,0.2
691.8,26.5,0.1,0.1,0.2
635.8,26,0.1,0.2,0.1
632.1,26.2,0.1,0.2,0.2
763.9,28.3,0.1,0.1,0.1
704,26.7,0.1,0.1,0.1
713.7,28.3,0.1,0.1,0.1
1066,25.8,0.1,0.1,0.2
684.9,25.7,0.1,0.2,0.1
655.4,26.4,0.1,0.2,0.1
691,26,0.1,0.2,0.1
821.7,25.9,0.2,0.1,0.1
707.9,26.2,0.1,0.1,0.1
644.1,25.2,0.2,0.1,0.1
681,34.8,0.2,0.2,0.1
833.9,25.8,0.1,0.1,0.1
655.2,26,0.1,0.2,0.1
640.5,25.9,0.1,0.1,0.1
4971.1,46.1,0.1,0.1,0.1
5062.1,26.4,0.1,0.1,0.2
4929,25.6,0.2,0.2,0.1
7653.7,44.5,0.3,0.3,0.3
4156.1,26.4,0.1,0.1,0.1
739.9,31.1,0.2,0.1,0.2
886.3,30.5,0.1,0.2,0.1
732.7,26.3,0.1,0.2,0.1
692.9,25.8,0.1,0.1,0.1
700.2,27.1,0.1,0.2,0.1
1061.8,28.2,0.1,0.1,0.1
1376.8,58.8,0.2,2.2,0.4
1151.3,95.5,1.2,0.6,0.2
1424.9,33.4,0.1,0.2,0.2
780.3,44.1,0.2,0.2,0.3
683.3,26.6,0.1,0.2,0.1
1163,29.3,0.1,0.1,0.2
803.1,27.1,0.1,0.1,0.1
1040,30,0.1,0.1,0.1
1392.3,29.3,0.1,0.1,0.1
758.2,26.8,0.1,0.2,0.1
718.6,26.8,0.1,0.2,0.1
698.4,27.2,0.1,0.1,0.1
722.5,37.5,0.2,0.2,0.2
686.3,27.3,0.1,0.1,0.1
669.3,30.9,0.2,0.1,0.1
1147.6,27,0.1,0.1,0.2
1032.6,39.1,0.2,0.3,0.1
712.9,31.4,0.1,0.2,0.1
742.2,65.7,0.4,0.4,0.4
771.2,48.5,0.3,0.4,0.3
713.4,30.2,0.1,0.1,0.2
996.1,28.8,0.2,0.2,0.1
1048.5,43.6,0.3,0.4,0.3
1277.7,45.8,0.4,0.3,0.3
727.7,44.1,0.2,0.2,0.2
815,30.2,0.2,0.2,0.2
764.2,27.6,0.2,0.1,0.1
738.4,31.3,0.2,0.2,0.1
749.2,31.1,0.2,0.1,0.2
1068.6,72.3,0.4,0.4,0.4
908.1,34.9,0.1,0.1,0.2
681.2,27.8,0.1,0.2,0.1
734.2,26.6,0.1,0.1,0.2
1041.3,88.7,0.4,0.4,0.3
682.7,27.6,0.1,0.2,0.1
662.6,27.4,0.1,0.1,0.1
670.9,26.3,0.1,0.1,0.2
700.5,27.5,0.1,0.1,0.1
644.8,26.6,0.1,0.2,0.1
643.6,28.5,0.1,0.1,0.1
699.5,26.6,0.1,0.1,0.1
680.2,29.8,0.1,0.1,0.1
751.9,26.6,0.1,0.2,0.1
711.4,26.4,0.1,0.2,0.1
684,29.4,0.1,0.1,0.1
675.5,30.8,0.2,0.2,0.2
733.3,28.7,0.2,0.1,0.1
664,26,0.1,0.2,0.1
713.2,25.8,0.1,0.1,0.1
648.3,28.5,0.1,0.2,0.1
672.8,37.2,0.3,0.3,0.3
1158.6,38.3,0.2,0.2,0.2
1077.7,51.2,0.4,0.4,0.3
927.1,36.5,0.1,0.1,0.1
723.6,27.5,0.1,0.2,0.1
650.3,25.1,0.1,0.1,0.1
681.4,45.1,0.1,0.1,0.1
910.7,25.9,0.1,0.1,0.1
705.4,25.8,0.1,0.2,0.1
649.1,26.3,0.2,0.1,0.1
651.7,25.8,0.2,0.1,0.1
979.3,57.5,0.3,0.3,0.2
685.2,26.7,0.1,0.1,0.1
657,25.7,0.1,0.1,0.1
934.6,25.9,0.1,0.1,0.1
926.8,43.5,0.4,0.3,0.3
653.6,26.4,0.1,0.2,0.1
654.4,25.5,0.2,0.1,0.1
691.3,25.3,0.1,0.1,0.2
664.5,25.5,0.1,0.2,0.1
747.7,26,0.2,0.2,0.1
772.1,49.6,0.2,0.1,0.1
700.8,26.1,0.1,0.1,0.1
688.9,26,0.1,0.1,0.2
667.7,25.8,0.1,0.2,0.1
738.4,26.6,0.1,0.1,0.1
731.6,26.6,0.2,0.1,0.1
668.4,26.1,0.1,0.2,0.1
881.2,28.4,0.2,0.2,0.1
700.7,44.7,0.3,0.4,0.3
714.9,28.7,0.1,0.1,0.1
692,36.7,0.1,0.1,0.1
706.1,28.7,0.1,0.2,0.1
861.2,25.8,0.1,0.2,0.1
682.3,26.1,0.2,0.2,0.1
698.3,28,0.1,0.2,0.1
684.4,26.1,0.1,0.1,0.1
691.7,25.9,0.1,0.1,0.1
712.5,25.9,0.1,0.1,0.1
775.1,26.1,0.1,0.1,0.2
635.3,28.6,0.1,0.2,0.1
701,28.9,0.1,0.2,0.2
682.7,33.6,0.2,0.2,0.2
649.7,25.5,0.1,0.1,0.2
763.4,25.3,0.1,0.2,0.1
628.2,25,0.2,0.1,0.1
682.6,41.8,0.3,0.3,0.3
638.6,25.3,0.1,0.1,0.1
784.8,32.8,0.1,0.1,0.1
630.9,25.4,0.1,0.1,0.2
680,35.8,0.2,0.2,0.2
670.2,34.7,0.1,0.2,0.1
702.4,25.1,0.2,0.1,0.1
637.3,25.1,0.1,0.1,0.1
617,25.6,0.1,0.2,0.1
613.3,26,0.2,0.2,0.1
676.2,26.1,0.1,0.1,0.2
636.3,25.8,0.1,0.2,0.1
687.4,26,0.1,0.1,0.1
611.3,25.5,0.1,0.1,0.2
713.1,26.1,0.1,0.2,0.1
643.3,25.6,0.1,0.1,0.1
622.8,26,0.1,0.1,0.2
654.8,24.7,0.2,0.1,0.1
682.7,25.7,0.1,0.1,0.1
660.1,25.1,0.2,0.1,0.1
612.4,25.5,0.2,0.2,0.1
618.8,32,0.1,0.1,0.2
717.9,26.2,0.1,0.2,0.1
635.5,25.9,0.1,0.1,0.1
690.9,25.8,0.1,0.2,0.1
630.4,25.4,0.1,0.2,0.1
715.3,25.6,0.1,0.2,0.1
718.8,26.1,0.2,0.1,0.1
655.4,25.6,0.2,0.2,0.1
699.7,33.8,0.1,0.1,0.2
741.3,25.7,0.1,0.2,0.1
635,25.2,0.1,0.1,0.1
628.6,26.5,0.2,0.2,0.1
606.7,25,0.1,0.1,0.1
699.1,46.3,0.1,0.1,0.1
615.2,25.6,0.1,0.1,0.1
626.7,25.6,0.2,0.2,0.1
809.2,25.2,0.1,0.1,0.1
725.3,25.2,0.2,0.1,0.1
619.9,25.9,0.1,0.1,0.2
636.8,25.6,0.1,0.1,0.2
724.2,25.4,0.1,0.1,0.1
638.5,25.3,0.1,0.2,0.1
634.9,24.6,0.1,0.1,0.2
622.6,28.7,0.2,0.1,0.1
608.8,24.9,0.1,0.2,0.1
647.6,25.3,0.1,0.2,0.1
634,25.2,0.1,0.1,0.1
629.6,25,0.1,0.1,0.2
611.2,25.1,0.1,0.1,0.1
670.1,27.3,0.1,0.1,0.1
861.7,25,0.1,0.1,0.1
736.1,25.8,0.1,0.2,0.1
613.4,25.2,0.1,0.1,0.1
686.7,25.8,0.1,0.1,0.1
634.6,25,0.1,0.1,0.1
876.2,25.8,0.1,0.2,0.1
623.6,25.6,0.2,0.2,0.1
656,25.5,0.1,0.1,0.1
628.4,26,0.1,0.2,0.1
657.6,26.1,0.2,0.1,0.1
623.6,34.8,0.1,0.1,0.2
654.4,26.2,0.1,0.2,0.1
647.9,24.9,0.1,0.1,0.1
680.4,25.2,0.2,0.1,0.1
621.4,25.1,0.1,0.1,0.1
713.7,25.1,0.2,0.1,0.1
636.8,26.5,0.2,0.1,0.1
650.7,25,0.1,0.1,0.1
710.7,31.7,0.3,0.3,0.2
683.4,26.1,0.2,0.1,0.1
641.7,25.2,0.2,0.1,0.1
608.5,25.2,0.1,0.1,0.2
602.5,25.2,0.1,0.2,0.1
764.1,47.5,0.2,0.2,0.1
624.6,27.7,0.1,0.1,0.2
666.1,24.8,0.1,0.2,0.1
610.4,25.2,0.2,0.1,0.1
644.9,24.9,0.1,0.1,0.1
643.6,24.9,0.1,0.2,0.1
648.8,24.7,0.1,0.1,0.1
614.1,25.6,0.1,0.1,0.2
625.4,32.2,0.2,0.2,0.1
658.1,25.6,0.2,0.2,0.1
616.7,25.1,0.1,0.2,0.1
610,24.8,0.1,0.2,0.2
596.3,24.8,0.2,0.1,0.1
770.6,25.1,0.1,0.1,0.1
653.5,28.2,0.1,0.1,0.1
625.1,25.9,0.2,0.2,0.1
605.9,25.1,0.1,0.1,0.1
1176.5,26.8,0.1,0.1,0.1
682.2,25.2,0.2,0.1,0.1
640.5,34.7,0.1,0.2,0.1
638.9,25.1,0.1,0.2,0.1
1139.3,32.7,0.2,0.2,0.2
845.7,26,0.2,0.1,0.1
698.2,26.5,0.1,0.2,0.1
620.1,25.7,0.2,0.2,0.1
721.3,29.6,0.1,0.2,0.1
713.7,26.1,0.1,0.1,0.2
639.6,26.6,0.1,0.1,0.1
659.5,25.4,0.1,0.2,0.1
677.6,27.5,0.1,0.1,0.2
628.2,26.1,0.1,0.2,0.1
628.9,25,0.1,0.1,0.2
628.1,25.8,0.1,0.2,0.1
750.5,25.7,0.1,0.1,0.1
648.4,25,0.1,0.2,0.1
602.5,25.4,0.1,0.1,0.1
627.5,25.5,0.1,0.1,0.2
600.4,25.3,0.1,0.1,0.1
655.7,25,0.1,0.2,0.1
633.5,25.3,0.1,0.1,0.2
610.1,27.7,0.1,0.1,0.1
631.6,25.1,0.1,0.1,0.1
661,25.4,0.1,0.1,0.1
621.8,25.3,0.1,0.1,0.1
656.8,24.4,0.1,0.2,0.2
603.1,24.9,0.1,0.1,0.1
734.8,25.6,0.1,0.2,0.1
628.8,28.6,0.1,0.2,0.1
623.2,25.8,0.1,0.2,0.1
650.2,24.9,0.1,0.2,0.1
682.7,28.7,0.1,0.2,0.1
634.4,30.6,0.2,0.1,0.1
645.6,25.7,0.2,0.1,0.1
645.5,26.1,0.1,0.1,0.1
778.5,25.4,0.2,0.1,0.1
658.3,25.1,0.2,0.1,0.1
630.2,25.2,0.1,0.2,0.1
661.2,24.4,0.1,0.1,0.1
626.9,25.5,0.1,0.2,0.1
627.3,27.7,0.1,0.1,0.1
634.2,25,0.1,0.2,0.1
605.3,25,0.1,0.2,0.1
628.3,25.4,0.1,0.2,0.1
621.8,24.9,0.1,0.1,0.1
649.3,25,0.2,0.1,0.1
619.4,24.8,0.1,0.2,0.1
642,25.1,0.1,0.1,0.2
636.7,24.9,0.1,0.1,0.2
606.4,25.2,0.1,0.1,0.1
871.3,25.2,0.1,0.1,0.1
652.8,24.9,0.2,0.1,0.1
657,26.7,0.1,0.2,0.1
617.4,25.7,0.1,0.1,0.2
835.7,25,0.1,0.2,0.1
919.6,27.7,0.2,0.1,0.1
729.6,42.4,0.2,0.2,0.2
685.4,27.2,0.1,0.2,0.1
1222.6,26.7,0.2,0.1,0.1
944.9,37.3,0.2,0.1,0.1
1052.6,29.3,0.1,0.1,0.2
923.8,54.9,0.2,0.2,0.2
804,42.9,0.3,0.3,0.2
656.8,28.5,0.1,0.1,0.2
893.5,26.2,0.1,0.2,0.1
701.2,26.8,0.1,0.1,0.2
731,25.4,0.1,0.2,0.1
672.5,30.2,0.1,0.2,0.2
751.2,27.4,0.2,0.2,0.1
742.1,26.8,0.2,0.2,0.1
676.3,36.8,0.1,0.1,0.2
685.9,26.4,0.1,0.1,0.1
695.5,29.8,0.2,0.2,0.1
685.8,26.7,0.2,0.2,0.1
679.6,26.1,0.2,0.1,0.1
674.4,25.9,0.2,0.2,0.1
678.5,26.7,0.1,0.1,0.1
710.2,26.5,0.1,0.1,0.2
767.1,26.7,0.1,0.2,0.1
724.3,27.1,0.1,0.2,0.1
669.5,25.8,0.1,0.2,0.1
672.5,25.9,0.1,0.1,0.1
671,25.8,0.2,0.2,0.1
663.5,25.4,0.1,0.1,0.2
657.6,28.4,0.1,0.1,0.1
695,26.8,0.2,0.2,0.1
761.4,38.2,0.2,0.1,0.1
1014.6,27,0.1,0.2,0.1
678.9,26.1,0.1,0.2,0.1
695.3,25.7,0.1,0.2,0.1
700.9,29.7,0.1,0.2,0.1
654.9,58.3,0.1,0.2,0.1
764.6,35.9,0.1,0.1,0.1
781.4,26.7,0.2,0.1,0.1
672.6,28,0.1,0.2,0.1
668.6,26.7,0.1,0.1,0.1
707.1,25.7,0.1,0.1,0.2
728.2,27.8,0.1,0.2,0.1
681.2,26.7,0.1,0.1,0.2
789.5,25.5,0.1,0.1,0.1
691,35.3,0.2,0.1,0.1
690.6,25.7,0.1,0.1,0.1
720.4,26.1,0.1,0.2,0.1
721.8,40.3,0.2,0.3,0.2
713.5,26.8,0.2,0.2,0.1
731.1,26.7,0.1,0.2,0.1
704,25.9,0.2,0.1,0.1
689.5,26.7,0.2,0.1,0.1
894.3,26.1,0.2,0.2,0.1
900.6,39.8,0.2,0.3,0.2
1459.1,28.1,0.1,0.2,0.1
710.1,29.3,0.1,0.1,0.1
759.6,36.3,0.2,0.1,0.1
1097.4,26.9,0.2,0.2,0.1
684.6,27.3,0.1,0.1,0.2
670,26.1,0.2,0.1,0.1
640.7,26.5,0.1,0.2,0.1
694.2,35.9,0.2,0.2,0.2
801.9,29.3,0.1,0.1,0.2
718,40,0.2,0.1,0.1
680.6,27.2,0.1,0.2,0.1
712.3,38.2,0.1,0.1,0.1
670.4,36.4,0.1,0.1,0.2
659.5,27.1,0.1,0.1,0.1
669.6,27.2,0.1,0.2,0.1
679,26.2,0.2,0.2,0.1
724.6,25.6,0.1,0.1,0.2
979.8,27.3,0.2,0.1,0.1
709.5,25.9,0.1,0.1,0.2
678.3,25.8,0.1,0.2,0.1
680.2,25.6,0.1,0.2,0.1
674.3,25.8,0.2,0.1,0.1
856.3,26.3,0.1,0.1,0.2
702.9,25.1,0.1,0.1,0.1
665.9,25.9,0.1,0.1,0.2
685.2,43.3,0.3,0.3,0.2
777.9,25.7,0.1,0.2,0.1
651.2,25.8,0.1,0.1,0.1
615.8,25.6,0.2,0.1,0.1
615.5,25.5,0.2,0.1,0.1
640.1,25.9,0.1,0.1,0.1
646.7,25.5,0.1,0.1,0.1
627.6,25.3,0.1,0.1,0.1
620.2,25.5,0.1,0.2,0.1
610,25.8,0.1,0.2,0.1
697.6,25.8,0.1,0.1,0.2
643.3,25.6,0.1,0.2,0.1
634.9,25.5,0.1,0.1,0.2
656.9,27.7,0.2,0.1,0.1
1066.1,25.2,0.1,0.2,0.1
647.8,37.2,0.1,0.2,0.1
654.4,25.2,0.1,0.2,0.1
629,25.3,0.2,0.1,0.1
1054.6,25.8,0.2,0.2,0.1
644.5,26,0.1,0.1,0.1
656.6,25.8,0.1,0.1,0.1
655.6,26.1,0.1,0.2,0.2
751.7,27.3,0.2,0.2,0.1
662.2,35.3,0.1,0.1,0.1
608.6,25.1,0.1,0.2,0.1
628.5,36.7,0.1,0.1,0.1
658.4,28,0.1,0.1,0.1
641.2,25.3,0.1,0.2,0.1
606.4,25.1,0.1,0.1,0.1
609.2,25.1,0.1,0.2,0.1
650.6,26.4,0.2,0.1,0.1
632.6,25.1,0.2,0.1,0.1
607.9,25.1,0.2,0.1,0.1
624.1,25.1,0.1,0.1,0.1
641.9,25,0.1,0.1,0.1
656.9,25.1,0.1,0.2,0.1
637.7,45.7,0.1,0.2,0.1
625.9,25.9,0.1,0.1,0.1
656.8,25.6,0.1,0.2,0.1
660.6,25.9,0.2,0.2,0.1
735.7,47.7,0.1,0.1,0.1
720.3,34.8,0.1,0.2,0.2
779,31.6,0.2,0.1,0.1
684.9,26.3,0.2,0.1,0.1
708.4,28.5,0.1,0.2,0.1
683.4,68.4,0.3,0.4,0.3
684.7,41.1,0.1,0.1,0.2
643.1,25.7,0.1,0.2,0.1
1164.2,29.6,0.2,0.1,0.1
652,26.7,0.1,0.2,0.1
773.9,25.8,0.1,0.1,0.2
631.8,28.2,0.1,0.2,0.1
935.3,26.7,0.1,0.2,0.2
657,36.2,0.1,0.1,0.1
752,25,0.1,0.1,0.1
644.2,25.1,0.1,0.2,0.2
1217.4,25.7,0.1,0.1,0.1
680.3,25.6,0.2,0.2,0.1
642.8,26.2,0.2,0.2,0.1
669,25.5,0.1,0.1,0.2
710,25.8,0.1,0.1,0.1
631.4,25.9,0.1,0.1,0.2
684.1,25.8,0.2,0.2,0.1
658.7,25.8,0.1,0.1,0.2
756,25.3,0.1,0.1,0.1
648.1,25.5,0.1,0.2,0.1
616.7,25.8,0.2,0.2,0.1
635.7,26.6,0.1,0.1,0.2
773.8,25.4,0.2,0.1,0.1
627.7,25,0.2,0.2,0.1
631.5,26,0.2,0.2,0.1
1043.4,25,0.1,0.2,0.1
716.3,28.1,0.1,0.1,0.1
654.1,25.9,0.1,0.2,0.1
620.5,26,0.1,0.2,0.1
1011.8,25.2,0.1,0.1,0.1
686.3,25.3,0.1,0.2,0.1
620.8,26,0.1,0.1,0.1
711.4,25.8,0.1,0.2,0.1
787.3,26,0.1,0.1,0.2
749.1,26.2,0.2,0.1,0.1
707.5,26.2,0.1,0.1,0.2
651.7,25.8,0.1,0.1,0.1
707.6,25.3,0.1,0.1,0.2
644,25.8,0.1,0.1,0.2
626.6,25.8,0.1,0.2,0.1
632.1,25.9,0.1,0.2,0.1
726.5,25.2,0.1,0.1,0.1
636.8,25.2,0.2,0.1,0.1
638.8,25.7,0.2,0.1,0.1
620.9,26.3,0.1,0.1,0.2
836.6,25.8,0.1,0.1,0.2
635,25.8,0.1,0.1,0.1
626,28.5,0.1,0.2,0.1
901.4,25.9,0.1,0.1,0.1
658.2,26.2,0.1,0.2,0.1
637.4,25,0.1,0.2,0.1
678.6,25.9,0.1,0.2,0.1
704.2,25.5,0.1,0.1,0.1
662.3,27.7,0.1,0.1,0.1
633.5,24.9,0.1,0.2,0.2
615.4,25.8,0.2,0.1,0.1
638.3,27.5,0.1,0.1,0.1
647,25.7,0.1,0.2,0.1
651,25.6,0.2,0.2,0.1
628.4,25.2,0.1,0.1,0.2
699.8,25.1,0.1,0.2,0.1
624.6,25.3,0.2,0.1,0.1
619.7,25.2,0.1,0.2,0.1
619.7,25.2,0.1,0.2,0.1
626.7,25.5,0.1,0.1,0.1
653,25.3,0.1,0.2,0.1
611.9,25.2,0.1,0.2,0.1
628.9,25.2,0.1,0.2,0.1
604.1,27.7,0.1,0.2,0.1
619.7,25.1,0.1,0.1,0.1
624,25.2,0.2,0.1,0.1
693.7,25.3,0.1,0.1,0.2
618.9,25.9,0.1,0.1,0.1
637.4,27.2,0.2,0.2,0.2
640.8,28.5,0.1,0.1,0.1
606.5,25.3,0.2,0.1,0.1
639.1,28.1,0.2,0.1,0.1
723.3,26.7,0.1,0.1,0.1
706.5,25.1,0.1,0.1,0.2
619.2,25,0.1,0.2,0.1
632.5,24.9,0.1,0.2,0.1
725.9,27.4,0.1,0.1,0.1
622.2,25.4,0.1,0.1,0.1
623,25.2,0.1,0.2,0.1
613.9,25.4,0.2,0.1,0.1
1087.1,25.1,0.1,0.2,0.1
641.5,44.8,0.2,0.1,0.1
620.4,25.8,0.1,0.1,0.2
750.2,36.4,0.1,0.1,0.1
768.5,25.5,0.1,0.1,0.2
641.1,25.8,0.1,0.1,0.2
661.7,25.5,0.2,0.2,0.1
617.7,24.9,0.1,0.2,0.2
624.8,25,0.1,0.1,0.1
807.9,24.8,0.1,0.2,0.1
638.1,27.7,0.1,0.1,0.2
640,24.9,0.1,0.2,0.1
653.6,25.2,0.1,0.2,0.2
805.6,25.6,0.2,0.2,0.1
626.1,26.1,0.2,0.1,0.1
616,25.6,0.1,0.2,0.1
615.6,25.7,0.1,0.1,0.1
668.9,25.4,0.2,0.1,0.1
619.6,25.2,0.2,0.1,0.1
602.5,25.4,0.1,0.2,0.1
627.6,25.1,0.1,0.2,0.2
655.4,35.7,0.2,0.1,0.1
616.5,25.3,0.1,0.2,0.1
648.7,25,0.1,0.1,0.2
635.6,25.1,0.1,0.2,0.1
671.7,27,0.1,0.1,0.2
666.6,25.2,0.1,0.1,0.2
618.7,24.8,0.1,0.1,0.1
604.4,25,0.1,0.1,0.1
1074.2,25.5,0.1,0.2,0.1
681.5,24.5,0.1,0.1,0.2
628.5,25.2,0.2,0.1,0.1
605.9,25.1,0.1,0.2,0.1
969.4,24.9,0.2,0.2,0.1
661.6,26.2,0.1,0.1,0.1
633.6,24.9,0.1,0.1,0.1
672.3,56.6,10.4,0.1,0.2
1066.3,25.1,0.1,0.1,0.1
698.2,34.9,0.1,0.1,0.1
647.8,25.3,0.1,0.1,0.1
668.7,24.9,0.1,0.2,0.1
659.3,27.9,0.1,0.1,0.1
665.9,35.6,0.1,0.1,0.1
629.6,25.9,0.2,0.1,0.1
614.9,26,0.1,0.1,0.1
667.5,26.1,0.1,0.2,0.1
698.1,26.2,0.2,0.2,0.1
660.9,26.5,0.1,0.1,0.1
691.1,29.4,0.2,0.1,0.1
679.4,26.7,0.1,0.1,0.1
741,27,0.1,0.2,0.1
683.2,26.8,0.2,0.2,0.1
1116,39.5,0.1,0.1,0.1
700.9,31.2,0.3,0.2,0.2
808.4,31.6,0.1,0.3,0.2
687.5,39.9,0.2,0.2,0.1
702.1,31,0.2,0.2,0.2
708.4,27.4,0.1,0.2,0.1
696.6,27.5,0.1,0.2,0.1
758.8,24.8,0.1,0.2,0.1
1131.9,99.9,1.1,1.1,0.2
765,33.1,0.1,0.1,0.2
671.1,26.6,0.1,0.1,0.2
689,26.1,0.1,0.1,0.2
678.6,26.6,0.1,0.2,0.1
699.1,28.6,0.1,0.1,0.2
837,28.5,0.1,0.2,0.1
774.8,28.9,0.1,0.1,0.1
752.2,37.2,0.1,0.1,0.1
755.6,26.4,0.1,0.2,0.1
682.9,26.8,0.1,0.1,0.2
725,31.2,0.1,0.2,0.4
645.7,26.2,0.1,0.1,0.1
1000.6,29.4,0.2,0.2,0.1
696.1,25.7,0.1,0.2,0.1
670.1,26.1,0.1,0.1,0.2
674.1,29.2,0.2,0.2,0.1
764.7,26.1,0.1,0.1,0.2
696.3,26.9,0.2,0.1,0.1
656.3,26.3,0.1,0.1,0.1
1078.8,26.7,0.1,0.2,0.1
717.4,37.4,0.1,0.1,0.1
679.8,28.2,0.1,0.2,0.2
1351.3,31.1,0.1,0.1,0.1
769,50.8,0.1,0.1,0.2
769.6,27.3,0.1,0.2,0.1
722.8,26.5,0.1,0.2,0.1
894.9,35.2,0.1,0.1,0.1
686.6,27.7,0.1,0.1,0.2
765.7,39.2,0.1,0.1,0.1
779.5,86.2,0.2,0.2,0.2
673.5,31.3,0.1,0.2,0.1
672.7,27.2,0.2,0.1,0.1
715.3,27.2,0.1,0.2,0.2
753.9,43,0.1,0.1,0.2
740.7,29.5,0.1,0.1,0.3
730.8,33,0.2,0.3,0.2
716.7,33.2,0.1,0.2,0.2
721.7,29.5,0.1,0.2,0.2
713.2,29.5,0.1,0.1,0.1
756,35.9,0.1,0.1,0.1
1169,47.8,0.2,0.3,0.5
686.9,30.1,0.2,0.2,0.1
671.6,26.9,0.1,0.2,0.1
691.6,25.5,0.1,0.1,0.2
719.9,29.2,0.2,0.2,0.2
686.6,26.6,0.1,0.2,0.1
768.3,102.1,0.2,0.4,0.3
696.7,36.7,0.2,0.2,0.2
717.7,38.5,0.1,0.1,0.2
719.4,25.9,0.1,0.1,0.1
693.1,25.8,0.1,0.1,0.2
693.1,70.3,0.3,0.3,0.3
733.6,25.9,0.1,0.2,0.1
673,25.7,0.1,0.2,0.1
701.3,27.8,0.2,0.1,0.1
666.8,25.6,0.1,0.1,0.2
671.9,25.6,0.1,0.2,0.1
705.1,26.5,0.1,0.1,0.1
1153.8,33.6,0.1,0.2,0.1
729.4,51.2,0.2,0.2,0.2
880.8,38.4,0.3,0.3,0.3
761.6,26.3,0.1,0.2,0.1
690.1,26.2,0.2,0.2,0.1
708.5,26.1,0.1,0.2,0.1
697.8,33.3,0.1,0.1,0.2
678.8,29.3,0.1,0.2,0.1
708.8,32.1,0.2,0.2,0.2
830.1,27.6,0.1,0.1,0.2
695,26.6,0.1,0.1,0.1
734.6,25.6,0.2,0.2,0.1
725.5,28.3,0.1,0.2,0.1
665.3,27,0.1,0.2,0.1
1012.2,26.6,0.2,0.2,0.1
870.4,26.6,0.1,0.2,0.1
700.8,26.4,0.1,0.1,0.1
997.5,28.6,0.1,0.1,0.2
689.9,26.9,0.1,0.1,0.1
1184.1,32,0.1,0.1,0.1
742.2,28,0.1,0.2,0.1
685.5,38,0.2,0.2,0.1
885.8,26.1,0.1,0.1,0.1
750.9,26.9,0.2,0.2,0.1
684.7,26,0.2,0.2,0.1
661.4,26.6,0.1,0.1,0.1
1062.2,26.6,0.1,0.2,0.1
905,33,0.1,0.1,0.1
676.4,26.7,0.1,0.1,0.1
663.5,25.9,0.1,0.1,0.2
656.3,25.8,0.1,0.2,0.1
722.2,26,0.1,0.1,0.1
851.6,34.7,0.1,0.2,0.1
1069.6,47.9,0.3,0.7,0.3
681.6,28.6,0.2,0.2,0.1
740.5,35.9,0.1,0.2,0.1
678.9,25.9,0.1,0.1,0.1
683.3,38.5,0.1,0.2,0.1
688,26.9,0.1,0.1,0.2
697.9,25.9,0.1,0.1,0.2
924.4,26.7,0.1,0.1,0.1
715.7,26.4,0.1,0.2,0.1
669.3,30,0.1,0.1,0.1
680.2,26.4,0.2,0.2,0.1
733,26,0.1,0.2,0.1
717.6,27.8,0.2,0.1,0.1
697.6,25.6,0.1,0.1,0.1
728.8,31,0.2,0.2,0.1
692.5,25.8,0.1,0.2,0.1
654.5,25.6,0.1,0.2,0.1
713.5,25.8,0.1,0.2,0.1
643.9,25.7,0.1,0.2,0.1
683.7,27.8,0.1,0.1,0.1
634.7,25.9,0.1,0.2,0.1
630.3,25.2,0.1,0.2,0.1
608.7,25.3,0.1,0.2,0.1
842.4,27.2,0.1,0.2,0.2
663.7,36.9,0.2,0.1,0.1
621.3,25.8,0.1,0.2,0.1
618.4,26.4,0.1,0.1,0.1
752.9,25.6,0.1,0.1,0.1
664.4,25.3,0.2,0.1,0.1
631.4,25.1,0.1,0.2,0.2
630.8,25.1,0.1,0.2,0.1
947.3,26.5,0.1,0.1,0.2
652.8,37.6,0.1,0.1,0.1
729.4,24.9,0.1,0.2,0.1
661.4,24.3,0.2,0.1,0.1
769.7,25.8,0.1,0.2,0.1
648.6,25.4,0.1,0.2,0.1
630.9,25.8,0.1,0.2,0.1
648.2,25.9,0.2,0.2,0.1
705,37.1,0.1,0.1,0.1
625.3,25.3,0.1,0.1,0.1
624.5,25.8,0.1,0.1,0.2
612.5,25.6,0.1,0.1,0.1
662.3,26.1,0.1,0.2,0.1
638.8,25.4,0.2,0.2,0.1
624.8,25.9,0.1,0.1,0.2
643.9,34.1,0.1,0.1,0.1
695.5,25.4,0.1,0.1,0.1
667.1,32.3,0.2,0.2,0.1
630.2,28.1,0.1,0.2,0.1
646.4,26.1,0.2,0.1,0.1
672,45.9,0.1,0.1,0.2
638,24.9,0.2,0.1,0.1
613.9,25.8,0.1,0.1,0.2
670.2,26,0.1,0.1,0.1
679.8,38.8,0.2,0.1,0.1
666.8,25,0.1,0.1,0.1
629.9,25,0.1,0.1,0.1
778.2,24.7,0.2,0.1,0.1
654.7,26.1,0.1,0.2,0.1
642.1,25.6,0.1,0.1,0.2
637.5,28.2,0.1,0.1,0.2
750.6,25.8,0.1,0.1,0.1
650.3,26.5,0.1,0.1,0.1
631.7,25.9,0.1,0.1,0.2
616.2,24.8,0.1,0.1,0.1
1151.1,25.1,0.2,0.1,0.1
677.3,26.3,0.2,0.2,0.1
612,26,0.1,0.1,0.2
620.3,25.1,0.1,0.1,0.1
786.3,35,0.2,0.2,0.1
699.5,25.1,0.1,0.2,0.1
620.6,26,0.1,0.1,0.1
631,25.9,0.1,0.1,0.1
758,26.4,0.1,0.1,0.1
620.8,26.1,0.1,0.1,0.1
610.8,25.3,0.1,0.1,0.2
622.7,25.1,0.1,0.2,0.1
788.3,25.4,0.1,0.1,0.1
630.1,25.1,0.1,0.1,0.2
619.1,24.9,0.1,0.1,0.1
606.1,25.1,0.1,0.1,0.1
758.6,24.8,0.2,0.1,0.1
672.7,27.6,0.2,0.1,0.1
613.5,25.5,0.1,0.1,0.2
632,26.1,0.1,0.1,0.2
763.6,28.2,0.1,0.2,0.1
629.5,25.1,0.1,0.1,0.1
630.3,25,0.1,0.1,0.1
621.8,26,0.1,0.1,0.1
750.2,25.7,0.1,0.1,0.1
639.2,25,0.1,0.1,0.1
610,25.2,0.1,0.2,0.1
630.1,25.2,0.1,0.1,0.2
1012.7,25.2,0.2,0.1,0.1
740.6,45.4,0.1,0.1,0.1
633.3,25.9,0.1,0.2,0.1
611.2,25.9,0.1,0.2,0.1
1131.9,26.6,0.4,0.1,0.2
709.2,25.4,0.1,0.2,0.1
606.3,25.1,0.1,0.1,0.2
630.4,25.2,0.1,0.2,0.1
714.6,38.3,0.1,0.2,0.1
629.2,25.8,0.1,0.1,0.2
617.4,25.6,0.1,0.1,0.2
629.4,25.7,0.2,0.2,0.1
1042.3,27.5,0.1,0.1,0.1
708.9,27.9,0.1,0.1,0.2
662.9,25.1,0.1,0.2,0.1
626,25.9,0.1,0.1,0.1
800.5,26.5,0.1,0.1,0.1
663.9,28.2,0.1,0.2,0.1
643.3,25.9,0.1,0.1,0.1
800,27.4,0.1,0.2,0.1
682.5,39.5,0.1,0.2,0.2
636.3,26,0.1,0.1,0.1
663.8,26.6,0.1,0.2,0.1
627.1,25.8,0.1,0.1,0.2
1092.2,74,0.3,0.3,0.3
692.2,26.4,0.1,0.2,0.1
704.9,50.9,0.3,0.2,0.1
716.7,29.7,0.1,0.1,0.1
625.5,26.3,0.1,0.2,0.1
943,25.2,0.1,0.2,0.2
663.5,25.2,0.1,0.2,0.1
634.1,26.2,0.1,0.1,0.1
640.3,25.3,0.1,0.2,0.1
646.7,24.9,0.1,0.1,0.1
628.2,25.2,0.1,0.1,0.1
632.2,25.5,0.1,0.2,0.1
633,25.2,0.2,0.1,0.1
643.5,25.9,0.1,0.1,0.1
638.2,34.4,0.1,0.1,0.1
648,25.2,0.1,0.2,0.1
635.2,25.6,0.1,0.2,0.1
628.9,25,0.1,0.2,0.2
690.6,25,0.1,0.1,0.1
625.1,24.7,0.1,0.1,0.1
832,25.6,0.1,0.1,0.2
631.9,25.2,0.1,0.2,0.1
615.8,25.3,0.2,0.1,0.1
643.3,27.6,0.2,0.1,0.1
660.9,25,0.1,0.2,0.1
644.6,25.3,0.1,0.1,0.1
648.1,27.5,0.1,0.2,0.1
660.3,24.6,0.2,0.1,0.1
631.2,25.1,0.1,0.1,0.1
660.5,25.4,0.1,0.2,0.1
650.9,25.2,0.2,0.1,0.1
976,28.3,0.1,0.1,0.1
4009.6,59.6,0.1,0.2,0.1
4079.5,25.2,0.1,0.1,0.2
3981.7,25.2,0.1,0.2,0.1
4102,25.6,0.1,0.2,0.1
6188,25.9,0.1,0.1,0.1
4026.9,91.2,1.1,1,1
3948.9,26.2,0.2,0.1,0.1
1255.2,30.9,0.1,0.2,0.1
723,26.7,0.1,0.2,0.1
768,28.1,0.1,0.1,0.2
709.1,27.2,0.2,0.2,0.1
739.3,27.2,0.1,0.1,0.1
732.4,28.6,0.2,0.2,0.1
1208.3,44.2,0.4,0.3,0.3
1520.3,37.7,0.2,0.2,0.2
691.1,26.3,0.2,0.2,0.1
763.2,91.7,1,1,1
746.9,34.4,0.1,0.1,0.1
699.8,38.5,0.1,0.2,0.1
1092.5,26.8,0.1,0.1,0.2
710.7,29.1,0.2,0.2,0.1
755.7,27,0.1,0.1,0.2
682.7,25.7,0.1,0.1,0.2
698,26,0.1,0.1,0.2
716.9,26.9,0.2,0.2,0.1
694.6,25.4,0.1,0.2,0.1
697,27.1,0.3,0.2,0.3
780.8,27.9,0.2,0.1,0.1
687.6,27.4,0.1,0.1,0.2
670.3,25.8,0.1,0.2,0.1
665.9,25.7,0.2,0.2,0.1
670.3,26,0.1,0.2,0.1
679.3,26.1,0.2,0.1,0.1
692.6,25.6,0.1,0.2,0.1
652.3,26.9,0.1,0.1,0.1
754.8,26.1,0.2,0.1,0.1
696.6,25.9,0.1,0.1,0.1
728.7,25.9,0.1,0.1,0.1
867.9,39.1,0.2,0.3,0.3
694.6,26.4,0.1,0.1,0.1
693.7,25.9,0.2,0.2,0.1
640.2,26.1,0.2,0.2,0.1
725.6,26.5,0.2,0.1,0.1
697.9,37.7,0.3,0.2,0.2
657.9,26.6,0.1,0.1,0.1
730.1,26.9,0.2,0.2,0.1
695,30.2,0.2,0.1,0.1
686.1,26.8,0.1,0.2,0.1
694.4,28,0.1,0.1,0.2
791.4,26.3,0.1,0.1,0.2
669.3,26.8,0.1,0.2,0.1
732.5,26,0.1,0.2,0.1
732.8,34.5,0.1,0.1,0.2
729.2,26.5,0.2,0.1,0.1
711.6,26.2,0.2,0.1,0.1
650.8,26,0.1,0.1,0.2
899.6,25.8,0.1,0.2,0.1
1013,45.8,0.4,0.4,0.3
788.2,55.6,0.4,0.4,0.4
1060.5,26.4,0.2,0.2,0.1
702.5,26.6,0.1,0.2,0.1
714.9,26.5,0.2,0.1,0.1
780.9,28.1,0.1,0.2,0.2
752.4,84.1,1.1,0.7,1.1
813.1,28,0.2,0.2,0.1
740.8,27.4,0.1,0.2,0.1
780.4,28,0.1,0.2,0.1
696.7,30.2,0.2,0.2,0.1
683.4,26.8,0.1,0.1,0.1
664,25.9,0.1,0.1,0.2
688.7,28.2,0.2,0.1,0.1
708.5,49,0.2,0.2,0.1
808.3,38,0.1,0.2,0.1
857.6,27.3,0.1,0.1,0.1
712.2,35.2,0.1,0.1,0.2
745.3,29.4,0.1,0.1,0.2
1234.3,36.4,0.1,0.1,0.1
708.9,67.1,0.2,0.4,0.2
694.9,27.1,0.1,0.2,0.1
713.9,26.6,0.1,0.1,0.1
715.7,49.6,0.2,0.2,0.2
713.2,26,0.1,0.1,0.2
716.6,26.5,0.1,0.1,0.1
1267.5,28.1,0.1,0.1,0.1
702.5,27.7,0.1,0.1,0.2
686.7,26.6,0.1,0.1,0.2
701.5,32,0.1,0.2,0.1
786.5,26.3,0.1,0.2,0.1
698.8,25.8,0.1,0.1,0.2
664.6,25.7,0.2,0.1,0.1
689.2,36,0.2,0.1,0.1
705.1,25.5,0.1,0.1,0.2
753.9,80.1,0.3,0.3,0.3
725.3,25.7,0.2,0.1,0.1
719,25.8,0.1,0.2,0.1
694.9,26,0.2,0.1,0.1
681.6,26,0.1,0.2,0.1
698.1,26.1,0.1,0.1,0.2
717.9,26,0.1,0.2,0.1
717.3,26.7,0.2,0.1,0.1
676.8,26.7,0.1,0.2,0.1
693.5,26.9,0.2,0.2,0.1
968.6,30.7,0.2,0.1,0.2
691.5,26.3,0.1,0.1,0.2
682.8,25.7,0.1,0.1,0.1
1252.6,28,0.1,0.1,0.1
685.5,25.7,0.1,0.2,0.1
706.2,36.1,0.1,0.1,0.1
722.2,36.3,0.1,0.1,0.2
1127.8,28.5,0.2,0.2,0.1
775.5,25.7,0.1,0.1,0.1
701.4,25.9,0.1,0.2,0.1
645.9,36.2,0.1,0.1,0.1
776,27.2,0.1,0.1,0.2
1086.5,95.8,0.6,0.3,0.9
687.5,29.8,0.1,0.2,0.1
702,36.8,0.1,0.1,0.1
746.4,26.9,0.2,0.1,0.1
667.9,25.9,0.1,0.1,0.2
766.6,26.1,0.2,0.2,0.1
700.2,26.5,0.1,0.1,0.1
996.8,33,0.1,0.1,0.1
695.5,36.4,0.1,0.1,0.1
791.2,25.9,0.1,0.1,0.1
1178,75.6,1,1,1.1
696.4,25.8,0.2,0.1,0.1
699.5,28.8,0.2,0.2,0.1
715.3,26.9,0.1,0.1,0.1
1186.4,26.4,0.1,0.2,0.1
720.1,36.9,0.1,0.1,0.2
673.2,26.1,0.1,0.2,0.1
660.7,37.6,0.1,0.1,0.1
659.4,25.8,0.1,0.1,0.1
753.9,52.9,0.2,0.2,0.1
724.9,26.9,0.2,0.2,0.1
698.5,34.9,0.2,0.2,0.1
766.1,27,0.1,0.1,0.2
705.1,26.3,0.1,0.2,0.1
696.9,39.6,0.1,0.1,0.2
712.1,36.6,0.1,0.1,0.1
747.7,35.5,0.1,0.1,0.2
896.5,27.8,0.1,0.1,0.1
677,35.6,0.1,0.2,0.1
786.1,26.9,0.2,0.2,0.1
688.7,26,0.1,0.1,0.1
690.3,26,0.2,0.2,0.1
653.4,27.7,0.1,0.2,0.1
953.5,25.9,0.2,0.2,0.1
692.1,26.3,0.2,0.2,0.1
628.4,26,0.1,0.2,0.1
629.1,25.7,0.1,0.2,0.1
655.7,25.9,0.2,0.2,0.1
651.7,28,0.1,0.1,0.1
629,25.6,0.1,0.1,0.2
619.5,25.7,0.1,0.1,0.1
654.1,26.1,0.1,0.1,0.1
653.1,25.4,0.1,0.2,0.1
859.8,25.1,0.1,0.2,0.1
633.4,26.1,0.1,0.1,0.1
649.6,25.3,0.1,0.2,0.1
667.9,33.6,0.1,0.1,0.1
674.2,25,0.1,0.2,0.1
631.1,54.1,0.1,0.2,0.1
662.8,25.4,0.1,0.1,0.1
649.5,24.6,0.1,0.1,0.1
723.5,35.7,0.1,0.2,0.2
618.9,25.1,0.1,0.2,0.1
701.5,24.8,0.1,0.1,0.1
643.4,25.2,0.1,0.1,0.1
632.3,25,0.1,0.2,0.1
621.1,25.1,0.1,0.1,0.1
661.1,25.3,0.1,0.2,0.1
654.1,24.5,0.1,0.1,0.1
618.4,25,0.1,0.2,0.1
618.5,27.5,0.1,0.1,0.1
659.4,25.3,0.1,0.2,0.1
633.3,25.3,0.1,0.1,0.1
624.6,25.8,0.1,0.2,0.1
631.7,25.5,0.2,0.1,0.1
632.1,25.6,0.2,0.2,0.1
642.8,25.1,0.1,0.1,0.1
618.9,25.1,0.1,0.1,0.2
980.3,25.1,0.1,0.2,0.2
737.2,25.7,0.1,0.2,0.1
628.7,25.3,0.1,0.1,0.1
658.3,35.2,0.1,0.2,0.1
620.9,24.8,0.1,0.1,0.1
758.8,25,0.1,0.2,0.1
660.7,25.4,0.1,0.1,0.2
623.6,26,0.1,0.1,0.2
663.4,28.5,0.1,0.1,0.1
807.3,25.1,0.1,0.2,0.2
677.6,25.4,0.1,0.2,0.1
651.8,25.2,0.2,0.1,0.1
635,25.7,0.1,0.2,0.1
722.1,28.7,0.1,0.2,0.2
711.5,26.1,0.1,0.2,0.1
671.4,28.1,0.1,0.1,0.2
669.3,25.8,0.1,0.2,0.1
705.1,25.9,0.1,0.1,0.1
679.5,26.1,0.1,0.2,0.1
629.5,25.8,0.1,0.1,0.2
648.1,26,0.2,0.2,0.1
836.7,25.4,0.1,0.1,0.1
661.5,28.2,0.1,0.2,0.1
641.5,25.6,0.1,0.1,0.1
633.1,25.7,0.1,0.2,0.1
692,25.7,0.1,0.1,0.1
684.6,25.1,0.1,0.1,0.1
698.5,34.7,0.1,0.2,0.1
651.7,24.9,0.2,0.1,0.1
680.2,26.6,0.1,0.1,0.1
647.8,25.7,0.1,0.1,0.1
667.2,27.8,0.1,0.2,0.1
1051.1,25.8,0.2,0.2,0.1
669.5,25.3,0.1,0.1,0.1
627.7,25.6,0.1,0.1,0.1
650.5,25.7,0.1,0.2,0.1
778.1,25.9,0.1,0.1,0.1
678.7,26.7,0.1,0.1,0.1
709.6,25.6,0.2,0.2,0.1
658.1,34.2,0.1,0.1,0.2
1000.6,38.9,0.2,0.1,0.2
651.6,35.5,0.1,0.1,0.2
630.2,25.6,0.1,0.2,0.1
628.7,25.7,0.1,0.1,0.1
680.7,37,0.1,0.1,0.1
634.7,25,0.2,0.1,0.1
650.8,25.7,0.1,0.1,0.1
626.8,28.6,0.2,0.1,0.1
694.2,26,0.2,0.1,0.1
677.7,25.2,0.1,0.1,0.1
658,24.9,0.2,0.1,0.1
643.1,25.7,0.1,0.2,0.1
743.5,25.2,0.1,0.1,0.2
733.2,25.1,0.1,0.2,0.1
673.8,25.8,0.1,0.1,0.2
701.9,25.9,0.1,0.1,0.1
705.3,25.3,0.1,0.2,0.1
659.6,25.8,0.1,0.2,0.1
635.7,25.2,0.1,0.1,0.1
640,25.4,0.1,0.2,0.1
750.7,25,0.1,0.1,0.1
643.2,25.9,0.1,0.1,0.2
628.3,25.9,0.1,0.2,0.1
634.8,33.8,0.2,0.2,0.1
703.5,25.3,0.1,0.1,0.2
659,24.9,0.1,0.1,0.1
635.3,25.1,0.2,0.1,0.1
646.5,25.8,0.1,0.1,0.1
875.8,25.4,0.1,0.1,0.1
631.5,25.2,0.2,0.1,0.1
628.1,25,0.1,0.1,0.1
672.5,25.1,0.1,0.1,0.1
681.5,26,0.1,0.1,0.2
628.2,25.5,0.1,0.1,0.2
4977.9,25.7,0.1,0.2,0.1
4060.1,25.5,0.1,0.2,0.1
4087.8,25,0.1,0.2,0.1
4030.3,26.2,0.1,0.2,0.1
8019.2,26.8,0.1,0.1,0.1
5563.3,25,0.1,0.1,0.1
747.5,25.4,0.1,0.2,0.1
702.6,36.2,0.1,0.2,0.1
842,36.1,0.1,0.2,0.1
682.4,26,0.1,0.1,0.1
739.9,38.5,0.1,0.1,0.2
736.1,27.2,0.1,0.2,0.1
690.3,59.8,0.2,0.2,0.1
655.8,26.2,0.2,0.1,0.1
686.7,28.6,0.1,0.2,0.1
729.1,28.5,0.1,0.2,0.1
778.7,72.4,0.2,0.3,0.3
731.6,36.1,0.2,0.1,0.1
854.4,37.6,0.2,0.2,0.1
989,83.3,0.5,0.4,0.4
735.1,28,0.2,0.2,0.1
814.8,76.1,0.3,0.8,1
998.5,58.2,0.2,0.2,0.2
711.8,35.3,0.1,0.2,0.2
706.9,26.6,0.2,0.2,0.1
820.1,74.1,0.4,0.3,0.3
687.9,40.9,0.1,0.1,0.1
706,28.5,0.2,0.1,0.1
769.4,28,0.2,0.1,0.1
803,27.1,0.1,0.1,0.2
889.5,29.3,0.2,0.2,0.1
686.6,25.9,0.2,0.1,0.1
755,35.5,0.1,0.1,0.2
1371.4,27.5,0.1,0.1,0.1
805.6,40.2,0.2,0.2,0.2
1012.9,29.6,0.2,0.2,0.1
1083.2,88.9,0.6,0.3,1.2
708.8,29,0.1,0.1,0.1
1824.6,26.3,0.2,0.2,0.1
1114.7,65.4,0.3,0.5,0.3
1154,53.2,0.3,0.4,0.3
1120.5,54.2,0.4,0.5,0.4
827.4,44.7,0.3,0.3,0.3
686.7,27.1,0.1,0.1,0.1
957.8,51.1,0.3,0.2,0.3
703,29.5,0.1,0.2,0.1
1107.4,26.6,0.1,0.1,0.1
1448.3,33.2,0.1,0.2,0.1
721.5,31.2,0.3,0.2,0.2
1149.1,29.7,0.1,0.1,0.2
711.4,33.2,0.1,0.1,0.1
743.7,31.4,0.2,0.2,0.4
698.6,29.3,0.1,0.3,0.2
696,34.8,0.2,0.2,0.2
721.7,57.7,0.3,0.4,0.3
703.7,30.3,0.2,0.1,0.2
704.7,27,0.1,0.1,0.2
1436.7,26.3,0.1,0.1,0.1
1076,54.1,0.3,0.4,0.2
731.8,26.8,0.1,0.1,0.1
1495.9,28.7,0.2,0.2,0.1
694.4,28.9,0.1,0.1,0.1
683.1,26.3,0.1,0.1,0.2
1056.2,45.5,0.3,0.4,0.3
766.2,31.9,0.1,0.1,0.1
1204.4,26.5,0.2,0.2,0.1
710.9,26.8,0.1,0.2,0.1
951.9,38.2,0.2,0.2,0.3
713.6,31.9,0.4,0.1,0.2
710.6,31.9,0.1,0.2,0.2
722.2,33.1,0.2,0.2,0.2
684.3,29.8,0.2,0.3,0.2
686.9,26.5,0.1,0.1,0.2
933,28.4,0.1,0.2,0.2
986.2,33.9,0.2,0.3,0.1
716.3,33.6,0.2,0.2,0.2
732.6,35.2,0.2,0.2,0.2
723,38,0.2,0.1,0.2
758.5,40,0.2,0.1,0.1
991.9,27.3,0.1,0.1,0.1
707.3,28.5,0.2,0.2,0.1
1752.8,29.4,0.2,0.2,0.1
825.1,26.9,0.1,0.1,0.1
749.5,33.2,0.2,0.2,0.1
700.2,30.1,0.1,0.1,0.1
2305.2,32.1,0.2,0.1,0.2
705.7,26.4,0.1,0.2,0.1
714.6,26.5,0.1,0.2,0.1
681.7,26.6,0.1,0.1,0.1
857.8,42.5,0.3,0.4,0.3
676.9,27,0.1,0.1,0.1
687.2,27,0.1,0.1,0.2
1388.9,26.6,0.1,0.1,0.2
690.5,35,0.2,0.4,0.3
701.2,26.3,0.1,0.1,0.1
670.4,25.7,0.1,0.2,0.1
771.4,25.7,0.1,0.1,0.1
685.1,27.3,0.2,0.1,0.1
678.8,26.7,0.1,0.1,0.2
714.2,34.2,0.2,0.1,0.2
1493.4,111.9,0.3,0.4,0.3
678.9,26,0.1,0.2,0.1
1776.5,25.5,0.1,0.1,0.2
748.6,25.8,0.1,0.2,0.1
786.3,25.8,0.1,0.1,0.1
670.3,26.7,0.1,0.2,0.1
728.5,26,0.2,0.2,0.1
895.4,36.7,0.1,0.1,0.2
670.1,26.6,0.2,0.2,0.1
1146.3,25.6,0.2,0.2,0.1
746,26,0.1,0.2,0.1
706.8,26,0.1,0.1,0.2
731.8,35.6,0.2,0.2,0.1
821.7,51.6,0.1,0.2,0.1
708.3,28.9,0.1,0.1,0.1
715.4,27.1,0.1,0.2,0.1
950.6,30.3,0.2,0.1,0.2
728.3,52.3,0.1,0.1,0.2
720.8,36.1,0.1,0.1,0.1
688.1,35.5,0.1,0.2,0.1
758,25.8,0.1,0.1,0.1
662.5,25.9,0.1,0.1,0.2
655.5,25.7,0.1,0.2,0.1
650.3,25.8,0.1,0.1,0.1
764.1,26.4,0.1,0.1,0.1
692.5,25.2,0.2,0.2,0.1
892.5,28.5,0.2,0.1,0.1
884.5,34.9,0.1,0.2,0.1
701.5,37.9,0.1,0.1,0.2
823.7,26.5,0.1,0.1,0.1
1310.1,64.7,0.2,0.2,0.3
691,26.8,0.1,0.1,0.2
709.9,27.4,0.1,0.1,0.1
1418.9,90.4,0.7,0.3,1.1
719.9,26.4,0.1,0.1,0.1
1040.9,42.2,0.3,0.4,0.3
821.9,26.9,0.1,0.2,0.1
711.7,26.6,0.1,0.2,0.1
682,25.7,0.1,0.1,0.2
735.9,28.7,0.1,0.2,0.1
775.3,26,0.1,0.1,0.2
725.8,26,0.1,0.1,0.1
668.4,27.3,0.1,0.2,0.1
788,25.9,0.2,0.1,0.1
700.2,26.7,0.1,0.1,0.1
687.2,26.1,0.1,0.1,0.1
1351.6,35.8,0.1,0.2,0.1
688.1,28.8,0.2,0.1,0.1
702.2,25.8,0.1,0.1,0.1
676.4,25.7,0.1,0.1,0.2
705.8,26.9,0.1,0.1,0.1
676.2,46.9,0.1,0.1,0.1
722.1,25.8,0.1,0.2,0.1
759.9,26.6,0.1,0.1,0.1
689,28.4,0.1,0.1,0.1
637.1,25.7,0.1,0.2,0.1
886.9,25.7,0.1,0.2,0.1
648.5,25.2,0.1,0.2,0.1
677.8,26,0.1,0.1,0.3
630.6,25.1,0.1,0.2,0.1
626.2,25.4,0.1,0.1,0.1
617.2,25.5,0.1,0.2,0.1
686.2,37.2,0.2,0.2,0.1
636.7,25.1,0.1,0.1,0.1
612.3,28.1,0.1,0.1,0.1
614.5,27.8,0.2,0.1,0.1
661.9,26.6,0.1,0.2,0.1
676.8,25.9,0.1,0.1,0.2
669.8,27.9,0.1,0.2,0.1
616.7,25,0.1,0.2,0.1
743.8,26.6,0.1,0.2,0.1
648.4,25.3,0.1,0.1,0.1
622.6,44.8,0.1,0.2,0.1
613.3,27.6,0.1,0.1,0.1
659.3,25.2,0.1,0.1,0.1
633,25.4,0.1,0.1,0.1
618.3,25.2,0.2,0.1,0.1
639.9,25.3,0.1,0.1,0.1
656.7,36.3,0.1,0.2,0.1
677.8,25.3,0.2,0.1,0.1
622.7,41.8,0.1,0.1,0.1
921.4,25,0.1,0.2,0.1
676,25.8,0.1,0.2,0.1
692.8,25,0.1,0.2,0.1
629.7,25.8,0.1,0.2,0.1
630.9,27.9,0.2,0.1,0.1
672.3,25.8,0.1,0.2,0.1
664.9,25.3,0.1,0.2,0.1
626.6,25.1,0.1,0.2,0.1
649.2,25.2,0.1,0.1,0.2
677.7,45.8,0.1,0.1,0.1
628,24.9,0.1,0.2,0.2
673.9,27.7,0.1,0.1,0.1
636.2,25.7,0.1,0.2,0.1
667.7,27.6,0.1,0.1,0.1
678.1,24.8,0.1,0.1,0.1
628.7,25,0.1,0.1,0.1
630.8,25,0.1,0.1,0.1
650.4,25.4,0.1,0.1,0.2
656.7,25,0.1,0.1,0.2
641.1,25.5,0.1,0.1,0.1
617.4,25.4,0.1,0.1,0.1
631.3,45.6,0.1,0.2,0.1
653.7,25.1,0.1,0.2,0.1
695.6,28.6,0.1,0.2,0.1
630.1,25.2,0.1,0.2,0.1
780.5,25.7,0.1,0.1,0.2
629.1,25.2,0.1,0.1,0.1
623.2,36,0.2,0.1,0.1
616.5,25.1,0.1,0.2,0.1
997.9,25.2,0.1,0.1,0.1
668,35.2,0.1,0.1,0.1
621.1,25.7,0.2,0.1,0.1
612.5,27.6,0.1,0.2,0.1
978.2,25,0.2,0.1,0.1
714.6,26.1,0.1,0.2,0.1
627.5,25,0.1,0.1,0.1
623.4,25.3,0.1,0.1,0.1
1031.2,28,0.1,0.1,0.1
695.1,25,0.1,0.1,0.1
717.5,25.8,0.1,0.2,0.1
691.7,24.9,0.2,0.2,0.1
617.9,25.3,0.1,0.1,0.1
617.3,25,0.1,0.2,0.2
734.6,25,0.1,0.1,0.1
665,25.1,0.1,0.2,0.1
630.7,25.2,0.2,0.1,0.1
646.8,25.4,0.1,0.1,0.1
626.9,25.2,0.2,0.1,0.1
710,27.1,0.1,0.2,0.1
688.9,25.2,0.1,0.1,0.2
631.8,25.2,0.1,0.1,0.1
652.3,25.1,0.1,0.2,0.1
671.8,27,0.2,0.1,0.1
642,24.5,0.1,0.2,0.1
615.1,25.5,0.2,0.1,0.1
621.7,25.1,0.1,0.1,0.1
670.5,46.6,0.1,0.1,0.1
635,25.1,0.2,0.1,0.1
632.8,25.4,0.2,0.1,0.1
643.3,25.9,0.2,0.2,0.1
737.7,25.2,0.2,0.2,0.1
650.7,25.2,0.1,0.1,0.2
613,25.1,0.1,0.2,0.1
614.6,24.8,0.1,0.1,0.1
789.7,25.5,0.1,0.1,0.1
646.9,25.9,0.2,0.1,0.1
651.9,24.8,0.1,0.2,0.1
668,25.9,0.1,0.1,0.2
642.7,26.1,0.1,0.1,0.1
627.7,25.6,0.1,0.1,0.1
622.6,25,0.1,0.2,0.1
625.5,25.1,0.1,0.1,0.1
637.7,27.6,0.1,0.1,0.1
630.6,35.2,0.1,0.2,0.1
619.5,25.2,0.2,0.1,0.1
3986.4,24.6,0.2,0.1,0.1
3911.5,26.7,0.1,0.2,0.1
3871.2,26,0.1,0.1,0.1
3928.8,24.7,0.2,0.1,0.1
6167.2,24.9,0.1,0.1,0.1
6214.4,25.2,0.1,0.1,0.2
4039.2,27.5,0.1,0.2,0.1
4132.3,26,0.1,0.1,0.1
4293.3,25.3,0.1,0.2,0.1
4352.8,26.3,0.2,0.1,0.1
2868.2,26.6,0.2,0.1,0.1
696.7,28.4,0.1,0.2,0.1
755.1,26.2,0.1,0.2,0.1
656.6,39.7,0.1,0.1,0.1
688.2,29.3,0.1,0.2,0.1
736.9,27.4,0.1,0.2,0.1
802.7,29,0.1,0.1,0.1
1050.3,33.3,0.1,0.1,0.1
688.6,25.8,0.1,0.1,0.1
700.8,26.5,0.1,0.1,0.2
703.5,26,0.1,0.1,0.2
1000.4,27,0.1,0.2,0.1
704.4,26.7,0.1,0.2,0.1
676.4,25.8,0.1,0.2,0.1
1749.9,54.7,0.3,0.2,0.2
758.7,24.8,0.1,0.2,0.1
817.4,26.5,0.1,0.1,0.2
703.6,47.2,0.2,0.2,0.1
687.3,25.8,0.1,0.1,0.1
1345.8,62.6,0.3,0.3,0.3
780.4,43.2,0.2,0.2,0.1
702,27.4,0.1,0.1,0.1
867.1,80.1,0.4,0.3,0.3
2032.8,39.6,0.2,0.1,0.2
974.8,45.7,0.3,0.3,1
715.2,113.4,0.3,0.3,0.4
764,27.8,0.1,0.2,0.1
742.6,120.5,1,0.5,1.1
742.3,28,0.1,0.2,0.1
737.9,27.9,0.2,0.1,0.1
1170.8,40.8,0.3,0.2,0.3
697.2,26.8,0.1,0.2,0.1
683.2,27.8,0.1,0.1,0.1
754.9,27.7,0.1,0.1,0.2
695.9,29.2,0.1,0.1,0.2
685.2,27.3,0.1,0.2,0.1
715.5,27.2,0.2,0.2,0.1
724,29.3,0.2,0.1,0.1
791,46.2,0.1,0.2,0.1
803.3,29.5,0.2,0.2,0.1
1029.7,29.3,0.2,0.2,0.1
698.5,26.6,0.1,0.2,0.1
661.9,26.5,0.1,0.1,0.2
656.7,26.6,0.1,0.1,0.1
1539.6,51.5,0.3,0.2,0.3
932,26.1,0.1,0.2,0.1
830.6,26.1,0.1,0.1,0.1
679.2,38.4,0.1,0.2,0.1
706.1,29,0.1,0.1,0.2
710.6,25.8,0.1,0.2,0.1
672.5,25.8,0.1,0.1,0.1
1569.2,28.6,0.1,0.2,0.1
741,29,0.1,0.1,0.2
688.5,25.3,0.2,0.2,0.1
665,26.8,0.1,0.1,0.1
750.8,33.4,0.1,0.2,0.2
677.7,28.5,0.1,0.2,0.2
662.7,27.4,0.1,0.2,0.2
673.8,28.1,0.2,0.2,0.2
831.2,25.4,0.1,0.1,0.1
686.5,26.5,0.1,0.2,0.1
692.4,33.8,0.1,0.2,0.1
820.1,36.3,0.2,0.1,0.1
677.5,26.1,0.1,0.1,0.1
703.5,25.7,0.1,0.2,0.1
643.6,35.6,0.1,0.1,0.2
673.7,26.3,0.1,0.2,0.1
678.2,25.3,0.1,0.1,0.2
751.5,26,0.1,0.1,0.2
987.6,26.2,0.2,0.2,0.1
698.5,26.4,0.1,0.1,0.1
686.3,26,0.1,0.2,0.1
648.9,25.8,0.2,0.2,0.1
665.1,25.8,0.1,0.1,0.2
761.2,26.7,0.2,0.2,0.1
776.5,25,0.2,0.1,0.1
687.3,36.1,0.1,0.1,0.2
840.2,27.7,0.1,0.2,0.1
678.7,26.1,0.1,0.1,0.1
734.7,35.1,0.1,0.2,0.1
700.1,25.8,0.1,0.2,0.1
764.5,33.3,0.2,0.2,0.1
727.3,26.5,0.2,0.1,0.1
680,26.9,0.1,0.1,0.1
832.2,26,0.1,0.1,0.2
758.9,37.7,0.2,0.1,0.1
709.2,28.8,0.1,0.1,0.2
1248.7,27.1,0.1,0.1,0.2
697.8,26.8,0.1,0.1,0.1
692.5,25.2,0.1,0.1,0.2
677.4,26.7,0.1,0.1,0.1
691.9,37.4,0.1,0.1,0.2
697.5,27.2,0.1,0.1,0.1
720.9,60.1,0.2,0.4,0.3
735.7,58.2,0.2,0.2,1.3
697.5,26.4,0.2,0.1,0.1
698.8,26.6,0.1,0.1,0.1
1148.9,27.5,0.2,0.1,0.1
689.4,26.9,0.1,0.1,0.1
696.6,35.9,0.1,0.2,0.1
696.5,26.3,0.1,0.1,0.2
921.6,55,1,1,1.1
695.2,26,0.1,0.1,0.2
694.7,26.9,0.2,0.1,0.1
696,25.6,0.1,0.1,0.1
721.2,37,0.2,0.1,0.1
790.4,27.3,0.1,0.1,0.1
681.9,26.9,0.1,0.2,0.1
778.4,26.7,0.2,0.1,0.1
705.9,28.4,0.1,0.2,0.1
712.1,26.6,0.1,0.1,0.1
1058.1,26.6,0.1,0.1,0.1
731.7,26,0.1,0.1,0.2
694.7,27.7,0.1,0.1,0.2
679,26.4,0.1,0.1,0.1
765.5,28.5,0.1,0.2,0.2
723.4,35.2,0.2,0.2,0.1
697.6,27.3,0.1,0.1,0.2
865.9,27.8,0.2,0.1,0.1
716.3,25.9,0.1,0.1,0.2
1141.4,29.5,0.1,0.1,0.1
1054.5,25.5,0.1,0.1,0.1
704.2,25.8,0.1,0.1,0.2
693,26.1,0.2,0.2,0.1
686.8,45.9,0.2,0.1,0.1
767.2,38.7,0.2,0.1,0.1
686.5,26.3,0.1,0.1,0.2
715.3,28.6,0.2,0.1,0.2
731,25.6,0.1,0.2,0.1
762.1,36.4,0.1,0.2,0.1
708.5,26.5,0.1,0.1,0.1
689.1,26.2,0.2,0.2,0.1
687.7,36.7,0.1,0.2,0.1
713.5,45.8,0.1,0.2,0.1
691.7,29.2,0.2,0.2,0.2
671.1,26.3,0.2,0.1,0.1
851,30.3,0.2,0.1,0.1
695.9,25.9,0.1,0.1,0.1
690.9,26.3,0.2,0.1,0.1
768.3,25.6,0.1,0.2,0.1
708.4,29,0.1,0.2,0.1
658,25.8,0.1,0.1,0.1
646,25.9,0.1,0.1,0.1
628,25.7,0.1,0.1,0.1
728.1,25.7,0.1,0.2,0.1
723.6,24.6,0.2,0.1,0.1
626.6,26.1,0.1,0.1,0.1
650.5,28.6,0.1,0.1,0.2
729.5,25.7,0.1,0.2,0.1
671.2,25.6,0.1,0.2,0.1
648.4,25.6,0.1,0.2,0.1
620.8,28.4,0.1,0.2,0.1
642.1,25.4,0.2,0.2,0.1
735.3,28.4,0.1,0.1,0.2
651.5,25.2,0.1,0.1,0.1
633.3,25.2,0.1,0.1,0.1
630,25.7,0.1,0.1,0.1
703.2,29.3,0.1,0.1,0.2
728.1,34.1,0.1,0.1,0.1
641.6,25.3,0.1,0.2,0.1
652.7,25.3,0.1,0.2,0.1
845.6,25.5,0.1,0.2,0.1
631.4,25.1,0.1,0.2,0.1
615.1,25,0.1,0.1,0.1
654.3,25.4,0.2,0.1,0.1
653.3,25,0.1,0.1,0.1
649.2,25.1,0.2,0.1,0.1
618.7,25.8,0.1,0.1,0.1
708,29,0.1,0.1,0.1
738.7,26.8,0.2,0.1,0.1
660.6,26.3,0.1,0.1,0.1
646.4,26.5,0.2,0.1,0.1
745.4,27.3,0.1,0.2,0.1
963.1,27.1,0.1,0.1,0.1
783.4,30.7,0.1,0.1,0.1
658.8,26.7,0.1,0.2,0.1
720.8,36.2,0.1,0.1,0.2
684.2,27.4,0.1,0.1,0.2
746.2,28.3,0.1,0.1,0.2
711.6,100.4,0.2,0.3,0.1
670.3,26.8,0.1,0.2,0.1
672.2,25.8,0.2,0.1,0.1
915.6,28.4,0.2,0.1,0.1
658.3,27.1,0.1,0.1,0.1
643.2,25.6,0.1,0.1,0.2
634.9,26.9,0.2,0.2,0.1
810.2,60.8,0.1,0.2,0.1
638,26,0.1,0.2,0.1
747.2,26.7,0.1,0.2,0.1
632.9,26,0.1,0.1,0.1
645.2,26.1,0.1,0.2,0.2
636,25.6,0.1,0.1,0.2
684.1,26.1,0.1,0.1,0.1
675.5,24.8,0.1,0.2,0.1
731.5,26.3,0.1,0.1,0.1
651.2,29,0.1,0.1,0.1
690.6,25.9,0.1,0.1,0.1
715,25.8,0.1,0.2,0.1
723.3,26.1,0.1,0.1,0.1
658.1,26.7,0.2,0.2,0.1
685.6,25,0.2,0.1,0.1
693.7,26.2,0.1,0.1,0.2
671.6,35.5,10.6,0.2,0.1
635.5,25.4,0.1,0.1,0.2
632.2,25,0.1,0.1,0.1
823.8,24.8,0.1,0.2,0.2
666.9,25.6,0.1,0.1,0.1
655.9,25.1,0.1,0.1,0.1
632,25.2,0.1,0.2,0.1
672.2,25.2,0.1,0.1,0.1
701,27.5,0.2,0.1,0.1
735.2,26.1,0.1,0.2,0.1
633,25.1,0.1,0.2,0.2
1128.3,24.9,0.1,0.1,0.1
683.2,26.2,0.1,0.1,0.2
649.1,27.9,0.1,0.1,0.1
627.4,25.3,0.1,0.2,0.1
668.2,24.8,0.1,0.2,0.1
643.8,25.8,0.1,0.2,0.1
688.3,28.8,0.1,0.1,0.1
648.7,25.7,0.1,0.1,0.2
682.8,25.4,0.1,0.2,0.1
646.2,26,0.2,0.1,0.1
616.5,46,0.2,0.2,0.1
693.1,27.7,0.1,0.1,0.1
660.1,25.8,0.1,0.1,0.2
636.1,25.5,0.2,0.1,0.1
999.7,26.3,0.1,0.1,0.2
676.5,26.4,0.2,0.2,0.1
804.1,26.9,0.2,0.1,0.1
697.3,26.8,0.1,0.1,0.2
689.7,27.1,0.2,0.2,0.1
807.9,26.1,0.1,0.1,0.1
652.6,25.7,0.2,0.2,0.1
639.6,26.1,0.1,0.1,0.1
647.1,25.5,0.1,0.2,0.1
1039.6,25.1,0.1,0.2,0.1
671.9,28.8,0.1,0.1,0.1
628.8,25.6,0.1,0.2,0.1
639,27.7,0.1,0.1,0.1
930.6,27.5,0.1,0.1,0.2
664.2,24.7,0.1,0.1,0.1
637.8,25.3,0.1,0.2,0.1
629.3,25.8,0.1,0.1,0.2
715.7,28.4,0.2,0.1,0.1
650.4,25.2,0.2,0.1,0.1
