272.8,0.1,0.1,0.1,0.1
272.8,0.1,0.1,0.1,0.1
272.4,0.1,0.1,0.2,0.1
285.3,0.2,0.1,0.1,0.1
278.2,0.2,0.1,0.1,0.1
295.4,0.1,0.1,0.1,0.1
288.9,0.2,0.1,0.1,0.1
272,0.1,0.1,0.1,0.1
295,0.1,0.1,0.1,0.1
277.7,0.1,0.2,0.1,0.2
297.5,0.1,0.1,0.1,0.1
778.7,0.1,0.2,0.1,0.2
277.9,0.1,0.2,0.2,0.2
290.8,0.1,0.1,0.2,0.1
273.3,0.1,0.1,0.1,0.1
294.2,0.1,0.2,0.2,0.1
274.1,0.1,0.1,0.1,0.1
272.4,0.1,0.1,0.1,0.1
295.2,0.1,0.1,0.1,0.1
498.8,0.2,0.2,0.2,0.2
276.3,0.1,0.1,0.2,0.2
273.2,0.1,0.1,0.1,0.1
297.3,0.1,0.2,0.2,0.2
306.9,0.1,0.1,0.2,0.2
281.6,0.1,0.2,0.2,0.2
285,0.1,0.3,0.2,0.2
280.9,0.2,0.2,0.2,0.2
322.8,0.1,0.1,0.1,0.2
295.2,0.2,0.1,0.1,0.2
292.6,0.2,0.1,0.1,0.3
284.3,0.1,0.2,0.2,0.1
297.5,0.1,0.1,0.1,0.1
273.3,0.2,0.2,0.2,0.2
301.2,0.1,0.1,0.1,0.1
292.2,0.1,0.1,0.2,0.1
280.2,0.2,0.1,0.1,0.1
296.4,0.1,0.2,0.1,0.1
278.7,0.1,0.1,0.1,0.1
272.4,0.1,0.1,0.1,0.2
292.8,0.1,0.1,0.2,0.1
304.8,0.2,0.2,0.1,0.2
276.5,0.1,0.1,0.1,0.2
300.8,0.1,0.1,0.2,0.2
286.1,0.1,0.1,0.1,0.2
317.4,0.2,0.1,0.1,0.2
279.1,0.1,0.2,0.2,0.2
293.7,0.1,0.1,0.1,0.2
275.5,0.1,0.2,0.1,0.2
289.4,0.1,0.1,0.1,0.1
281.8,0.1,0.1,0.1,0.1
287.9,0.2,0.2,0.2,0.2
272.5,0.1,0.2,0.1,0.2
294.7,0.1,0.2,0.2,0.2
275.1,0.2,0.1,0.1,0.1
272.6,0.1,0.1,0.1,0.1
277.7,0.1,0.2,0.2,0.2
277.4,0.2,0.2,0.2,0.2
280.5,0.1,0.2,0.2,0.2
287.7,0.1,0.1,0.2,0.1
273.2,0.1,0.1,0.1,0.1
295.5,0.1,0.1,0.1,0.2
289.5,0.1,0.1,0.1,0.1
277.1,0.1,0.2,0.2,0.2
279.5,0.1,0.2,0.2,0.1
290.7,0.2,0.1,0.1,0.2
272.6,0.1,0.2,0.1,0.2
289.3,0.1,0.1,0.2,0.1
277,0.1,0.1,0.2,0.1
274.7,0.1,0.1,0.1,0.1
275.7,0.1,0.1,0.2,0.1
276,0.1,0.1,0.1,0.1
298.2,0.2,0.1,0.2,0.1
720.5,0.2,0.1,0.1,0.1
319.8,0.1,0.2,0.1,0.2
275.7,0.2,0.1,0.1,0.2
286.6,0.1,0.1,0.2,0.2
276.5,0.1,0.2,0.2,0.2
300.9,0.1,0.2,0.2,0.2
273.7,0.1,0.1,0.1,0.2
470,0.1,0.1,0.2,0.1
282.6,0.1,0.2,0.1,0.2
331.5,0.1,0.2,0.1,0.2
374,0.2,0.1,0.1,0.1
273.5,0.1,0.2,0.1,0.1
290.4,0.1,0.1,0.1,0.2
286.3,0.1,0.2,0.1,0.2
298.4,0.1,0.2,0.1,0.2
274.4,0.1,0.2,0.2,0.2
287.2,0.1,0.1,0.2,0.2
275.2,0.2,0.2,0.1,0.2
286.4,0.2,0.1,0.1,0.2
308.4,0.2,0.1,0.2,0.1
290,0.2,0.2,0.1,0.2
283.4,0.2,0.1,0.1,0.2
286.8,0.1,0.1,0.1,0.2
273.6,0.1,0.2,0.1,0.2
275.7,0.1,0.1,0.1,0.1
298.5,0.1,0.2,0.1,0.2
286.6,0.2,0.1,0.1,0.1
277.6,0.1,0.2,0.2,0.1
282.7,0.2,0.1,0.1,0.1
345.7,0.1,0.2,0.1,0.2
272.9,0.1,0.1,0.1,0.2
274.6,0.1,0.1,0.1,0.2
291.2,0.1,0.1,0.2,0.1
274.1,0.1,0.2,0.1,0.2
277,0.1,0.1,0.1,0.2
273.1,0.1,0.1,0.1,0.2
293.4,0.1,0.2,0.2,0.2
273,0.1,0.2,0.2,0.1
272.4,0.1,0.1,0.2,0.1
309.8,0.2,0.2,0.2,0.1
276.3,0.2,0.1,0.1,0.2
279.7,0.1,0.1,0.1,0.1
296.1,0.1,0.1,0.1,0.2
290.6,0.2,0.2,0.2,0.1
277.2,0.1,0.1,0.1,0.1
292.9,0.1,0.2,0.2,0.2
277.2,0.1,0.2,0.2,0.2
291.9,0.1,0.1,0.2,0.1
292,0.1,0.1,0.1,0.1
277.2,0.1,0.1,0.2,0.1
282.1,0.1,0.2,0.1,0.2
288,0.1,0.2,0.2,0.1
277,0.2,0.1,0.1,0.1
295.4,0.2,0.1,0.1,0.2
291.4,0.1,0.2,0.2,0.2
285.7,0.2,0.1,0.1,0.1
294.6,0.1,0.2,0.1,0.2
279.1,0.1,0.1,0.1,0.1
276.8,0.2,0.1,0.1,0.1
276.5,0.1,0.1,0.1,0.1
293.1,0.1,0.1,0.1,0.1
272.8,0.2,0.2,0.2,0.2
293.9,0.1,0.1,0.2,0.2
287.7,0.2,0.1,0.1,0.1
277.8,0.2,0.2,0.2,0.1
290.2,0.2,0.1,0.1,0.1
313.7,0.2,0.2,0.2,0.1
285.8,0.3,0.3,0.2,0.3
293,0.2,0.3,0.3,0.3
295.8,0.1,0.1,0.1,0.1
273.1,0.1,0.1,0.2,0.1
289,0.2,0.1,0.1,0.1
276.6,0.1,0.2,0.1,0.2
294.8,0.1,0.1,0.1,0.1
274.2,0.1,0.1,0.1,0.2
295.7,0.1,0.2,0.2,0.2
275.8,0.1,0.1,0.2,0.1
275.8,0.1,0.2,0.2,0.2
276.6,0.2,0.2,0.2,0.1
272.1,0.1,0.2,0.2,0.2
302,0.1,0.2,0.1,0.1
279.8,0.1,0.2,0.1,0.2
286.7,0.1,0.1,0.2,0.1
281.6,0.1,0.1,0.1,0.1
623.8,0.1,0.2,0.1,0.2
281.8,0.2,0.2,0.2,0.2
272.7,0.1,0.2,0.2,0.2
295.2,0.1,0.1,0.1,0.1
277.1,0.1,0.1,0.1,0.1
296.5,0.1,0.1,0.1,0.2
273.1,0.1,0.2,0.2,0.1
276,0.2,0.1,0.1,0.1
291.1,0.1,0.1,0.2,0.1
281.1,0.2,0.1,0.1,0.1
272.3,0.1,0.1,0.1,0.1
273.6,0.1,0.2,0.1,0.2
272.9,0.1,0.1,0.1,0.1
275.7,0.2,0.2,0.1,0.2
273.6,0.1,0.1,0.1,0.1
293.8,0.1,0.2,0.1,0.2
286.2,0.1,0.1,0.1,0.1
273.9,0.1,0.2,0.1,0.2
276.1,0.1,0.1,0.2,0.1
287.8,0.1,0.2,0.1,0.2
281.1,0.1,0.1,0.1,0.1
280.7,0.2,0.2,0.2,0.2
291,0.1,0.1,0.2,0.2
281.7,0.1,0.1,0.1,0.1
276.9,0.1,0.1,0.1,0.2
282.5,0.1,0.1,0.1,0.1
274.1,0.1,0.2,0.2,0.2
281.7,0.1,0.2,0.1,0.2
277.4,0.1,0.2,0.1,0.2
295.4,0.1,0.1,0.2,0.1
286.4,0.1,0.1,0.2,0.1
288.2,0.1,0.2,0.2,0.1
273.4,0.1,0.1,0.1,0.1
543.5,0.1,0.1,0.1,0.2
275.8,0.1,0.1,0.1,0.2
273.2,0.1,0.1,0.2,0.1
303.9,0.1,0.2,0.2,0.1
276.5,0.1,0.1,0.1,0.2
286.4,0.1,0.2,0.1,0.2
272.6,0.2,0.1,0.2,0.1
291.7,0.1,0.1,0.1,0.2
291.9,0.1,0.2,0.2,0.1
293.2,0.1,0.2,0.1,0.2
296.5,0.1,0.2,0.2,0.1
273.1,0.1,0.1,0.1,0.1
277.6,0.2,0.1,0.1,0.2
290.8,0.2,0.2,0.2,0.1
273,0.2,0.1,0.1,0.1
272.5,0.1,0.2,0.2,0.1
277.7,0.1,0.2,0.1,0.2
298,0.1,0.2,0.1,0.2
274.1,0.1,0.2,0.2,0.1
290.8,0.1,0.1,0.2,0.1
286.3,0.1,0.2,0.2,0.2
284.6,0.1,0.1,0.1,0.2
291.1,0.1,0.1,0.1,0.1
272.9,0.2,0.2,0.2,0.1
298.2,0.1,0.2,0.1,0.2
276.4,0.1,0.1,0.1,0.1
288,0.1,0.2,0.1,0.2
272.7,0.1,0.1,0.2,0.1
294.8,0.1,0.2,0.1,0.2
302.8,0.1,0.1,0.1,0.1
295,0.1,0.1,0.2,0.1
278,0.1,0.2,0.2,0.1
276.7,0.1,0.1,0.2,0.2
276,0.1,0.2,0.2,0.2
282.6,0.1,0.2,0.2,0.2
301.7,0.1,0.1,0.1,0.2
276.1,0.1,0.2,0.1,0.2
293.9,0.2,0.1,0.2,0.2
303,0.2,0.1,0.1,0.2
277.6,0.1,0.2,0.1,0.2
277.5,0.1,0.1,0.1,0.1
273.2,0.1,0.2,0.2,0.2
277.6,0.1,0.1,0.1,0.1
278.4,0.2,0.2,0.2,0.2
295.2,0.2,0.2,0.1,0.2
278.3,0.1,0.1,0.2,0.1
823.3,0.1,0.2,0.2,0.2
291,0.1,0.1,0.2,0.1
277.2,0.1,0.2,0.2,0.2
272.9,0.2,0.1,0.1,0.1
291.2,0.1,0.1,0.1,0.1
281.5,0.1,0.1,0.2,0.1
274,0.1,0.1,0.1,0.2
292.4,0.1,0.1,0.1,0.2
278.2,0.1,0.1,0.1,0.1
286.3,0.2,0.1,0.1,0.2
294.9,0.2,0.1,0.1,0.2
272.7,0.1,0.1,0.1,0.1
289.6,0.2,0.1,0.1,0.1
277.5,0.2,0.1,0.1,0.1
296.7,0.1,0.1,0.1,0.1
272.5,0.1,0.1,0.2,0.1
286.8,0.2,0.1,0.1,0.2
272.7,0.1,0.2,0.1,0.2
548.3,0.2,0.1,0.1,0.1
282.7,0.1,0.2,0.2,0.2
292.2,0.2,0.2,0.2,0.2
4529.4,0.2,0.2,0.2,0.1
4347.6,0.1,0.2,0.2,0.2
5033.4,0.1,0.2,0.1,0.1
1488.4,0.1,0.2,0.2,0.2
325.2,0.1,0.1,0.2,0.1
324.9,0.2,0.1,0.2,0.1
337,0.1,0.2,0.2,0.2
363.5,0.3,0.2,0.3,0.3
325.9,0.1,0.2,0.2,0.2
333.8,0.1,0.1,0.1,0.2
332.4,0.2,0.1,0.1,0.2
324.8,0.1,0.2,0.2,0.2
345.8,0.2,0.1,0.1,0.2
348.8,0.1,0.1,0.1,0.2
364.8,0.1,0.2,0.2,0.1
372.4,0.1,0.1,0.2,0.2
339.8,0.1,0.1,0.2,0.2
337.2,0.1,0.1,0.1,0.2
342.8,0.2,0.1,0.1,0.1
325.8,0.1,0.2,0.2,0.2
340.3,0.2,0.2,0.2,0.2
324.8,0.1,0.1,0.1,0.2
353.3,0.1,0.1,0.2,0.1
335.7,0.2,0.1,0.1,0.2
586.8,0.4,0.3,0.3,0.3
9894.1,0.1,0.1,0.2,0.2
329.5,0.4,0.3,0.6,0.3
322.9,0.1,0.2,0.1,0.2
353.1,0.3,0.3,0.4,11
375.4,0.2,0.2,0.1,0.2
323,0.1,0.2,0.2,0.2
323,0.3,0.2,0.2,0.2
330,0.2,0.2,0.3,0.2
319.1,0.2,0.2,0.2,0.2
328.9,0.1,0.1,0.2,0.3
314.5,0.1,0.2,0.1,0.3
329.3,0.1,0.1,0.1,0.1
321.4,0.1,0.1,0.1,0.1
317.9,0.1,0.2,0.2,0.2
319.9,0.1,0.2,0.2,0.2
318.7,0.1,0.1,0.1,0.1
319,0.1,0.2,0.2,0.2
311.9,0.2,0.2,0.2,0.2
314.8,0.1,0.1,0.1,0.1
318.2,0.3,0.3,0.4,0.3
316.3,0.1,0.1,0.1,0.2
329.8,0.1,0.1,0.3,0.2
312.9,0.2,0.2,0.2,0.3
317.4,0.1,0.2,0.2,0.2
313.6,0.1,0.2,0.2,0.2
316.4,1,0.2,0.3,0.2
317.4,0.2,0.2,0.2,0.2
548.2,0.1,0.2,0.1,0.2
317.9,0.2,0.2,0.1,0.2
474,0.1,0.1,0.1,0.1
334.6,0.2,0.1,0.1,0.2
877.9,0.1,0.1,0.1,0.1
330.7,0.1,0.2,0.2,0.2
334.5,0.1,0.1,0.2,0.2
317.6,0.2,0.2,0.2,0.2
308.1,0.1,0.2,0.2,0.2
312.7,0.1,0.1,0.1,0.2
311.8,0.1,0.2,0.1,0.3
323.3,0.1,0.1,0.2,0.2
316.4,0.1,0.2,0.2,0.2
330.2,0.2,0.2,0.1,0.2
315.3,0.1,0.2,0.1,0.2
321.3,0.1,0.2,0.2,0.2
324.1,0.1,0.2,0.2,0.2
332.5,0.1,0.2,0.1,0.2
312,0.1,0.1,0.2,0.1
322.6,0.1,0.2,0.2,0.2
316.9,0.1,0.1,0.1,0.2
320.2,0.1,0.2,0.1,10.7
334,0.1,0.1,0.1,0.1
311.2,0.1,0.1,0.2,0.1
313.3,0.2,0.2,0.2,0.2
313.3,0.2,0.2,0.2,0.2
324.4,0.1,0.1,0.2,0.2
317.2,0.1,0.1,0.1,0.2
317.4,0.2,0.2,0.1,0.3
317.2,0.1,0.2,0.2,0.2
319.9,0.1,0.2,0.2,0.2
341.4,0.1,0.2,0.1,0.2
312.4,0.2,0.2,0.2,0.2
313.5,0.1,0.2,0.2,0.2
333.4,0.2,0.1,0.1,0.1
318.3,0.1,0.1,0.2,0.2
320.6,0.1,0.2,0.2,0.3
336.7,0.2,0.2,0.2,0.2
313.2,0.1,0.2,0.2,0.2
321.5,0.1,0.2,0.4,0.1
317.1,0.1,0.1,0.2,0.1
326,0.1,0.2,0.1,0.2
336.4,0.2,0.2,0.1,0.2
326.8,0.1,0.2,0.1,0.2
327.2,0.1,0.2,0.1,0.3
333.2,0.2,0.2,0.2,0.3
308,0.1,0.2,0.1,0.1
312,0.1,0.2,0.2,0.2
310.1,0.1,0.2,0.2,0.2
311.7,0.2,0.2,0.2,0.2
358.2,0.1,0.1,0.2,0.3
328.5,0.3,0.3,0.3,0.4
339.5,0.2,0.2,0.2,0.2
335.4,0.1,0.2,0.1,0.2
344.2,0.1,0.2,0.2,0.2
319.7,0.1,0.1,0.1,0.2
638.1,0.2,0.1,0.2,0.2
308.7,0.1,0.2,0.2,0.2
349.3,0.1,0.1,0.1,0.2
353.4,0.1,0.2,0.2,0.2
314.8,0.1,0.1,0.1,0.2
321.1,0.2,0.1,0.2,0.2
316.2,0.2,0.2,0.2,0.2
343.5,0.3,0.3,0.3,0.3
314.7,0.1,0.2,0.2,0.2
316.2,0.1,0.2,0.2,0.2
329.3,0.1,0.2,0.2,0.2
309.4,0.2,0.1,0.1,0.2
312.1,0.1,0.1,0.2,0.2
324.9,0.1,0.1,0.2,0.3
328.7,0.3,0.3,0.3,0.3
325.8,0.3,0.3,0.2,0.3
312,0.1,0.2,0.1,0.2
529.8,0.2,0.1,0.1,0.2
312.7,0.1,0.2,0.1,0.1
332.3,0.1,0.2,0.1,0.2
314,0.1,0.2,0.2,0.2
325.9,0.2,0.2,0.2,0.2
331.5,0.2,0.1,0.1,0.2
316.2,0.1,0.1,0.1,0.2
312.7,0.1,0.1,0.2,0.2
313.1,0.1,0.1,0.2,0.2
323.1,0.1,0.2,0.1,0.2
340.3,0.1,0.1,0.2,0.2
312.3,0.2,0.2,0.2,0.2
311.5,0.1,0.2,0.2,0.4
313.5,0.1,0.2,0.2,0.3
321.8,0.1,0.2,0.1,0.2
327,0.2,0.2,0.2,0.3
316.2,0.1,0.2,0.1,0.2
603.2,0.1,0.1,0.1,0.3
311.9,0.1,0.2,0.1,0.2
583.5,0.1,0.1,0.1,0.2
316.5,0.1,0.1,0.1,0.2
322.6,0.1,0.1,0.2,0.2
313.8,0.1,0.1,0.1,0.2
315.3,0.1,0.1,0.1,0.2
317,0.1,0.1,0.1,0.2
321.3,0.1,0.1,0.1,0.2
312.5,0.2,0.2,0.2,0.2
321.6,0.1,0.2,0.2,0.2
329.6,0.1,0.1,0.1,0.2
313.2,0.1,0.1,0.2,0.2
365.9,0.2,0.1,0.2,0.2
309.4,0.2,0.2,0.1,0.2
312.3,0.1,0.1,0.1,0.5
312.9,0.1,0.2,0.2,0.3
311.4,0.2,0.1,0.2,0.2
312.4,0.2,0.2,0.2,0.2
318.8,0.1,0.2,0.1,0.2
538.4,0.1,0.2,0.2,0.2
308.3,0.1,0.1,0.1,0.1
322.3,0.1,0.1,0.1,0.2
312,0.1,0.1,0.1,0.3
325.5,0.2,0.2,0.1,0.2
311.7,0.1,0.1,0.1,0.2
320.3,0.1,0.2,0.1,0.2
313.4,0.1,0.1,0.1,0.2
311.7,0.1,0.1,0.1,0.2
320.3,0.1,0.1,0.1,0.2
317.8,0.1,0.2,0.2,0.2
325.7,0.2,0.1,0.1,0.3
317.4,0.2,0.2,0.2,0.2
320.7,0.1,0.2,0.2,0.2
312.4,0.2,0.1,0.2,0.2
328.1,0.1,0.2,0.2,0.2
324.6,0.1,0.2,0.2,0.2
324.5,0.1,0.1,0.1,0.2
324.3,0.2,0.2,0.1,0.2
312.2,0.1,0.1,0.1,0.3
320.8,0.1,0.2,0.1,0.2
315.4,0.1,0.2,0.1,0.2
313,0.1,0.1,0.1,0.3
506.8,0.1,0.2,0.2,0.2
312.4,0.1,0.1,0.1,0.1
331,0.1,0.1,0.2,0.1
326.9,0.1,0.1,0.1,0.2
328.2,0.2,0.1,0.1,0.3
314.3,0.1,0.1,0.1,0.2
331.3,0.1,0.1,0.1,0.2
320.6,0.1,0.1,0.1,0.2
312.3,0.1,0.2,0.2,0.1
314.4,0.1,0.1,0.1,0.2
317.7,0.1,0.1,0.1,0.4
601.7,0.1,0.1,0.1,0.2
325.3,0.1,0.2,0.1,0.2
313.9,0.1,0.1,0.1,0.2
312.8,0.1,0.2,0.2,0.2
320.8,0.1,0.1,0.1,0.2
519.1,0.1,10.6,0.1,0.2
315.5,0.1,0.2,0.1,0.2
310.6,0.2,0.1,0.1,0.2
316.5,0.1,0.2,0.2,0.2
592.4,0.1,0.2,0.1,0.2
312.7,0.1,0.1,0.1,0.2
317.7,0.2,0.2,0.1,0.2
313.9,0.1,0.1,0.1,0.3
317.7,0.1,0.1,0.1,0.3
324.9,0.1,0.1,0.2,0.2
310.6,0.1,0.2,0.2,0.2
565.2,0.1,0.2,0.2,0.2
313.6,0.1,0.2,0.1,0.2
315.1,0.1,0.2,0.2,0.2
313.3,0.1,0.1,0.2,0.2
317.3,0.2,0.1,0.1,0.1
312,0.1,0.4,0.1,0.1
312.4,0.1,0.2,0.2,0.2
312.4,0.1,0.2,0.2,0.2
336.9,0.2,0.1,0.2,0.1
311,0.1,0.1,0.1,0.2
324.9,0.2,0.2,0.2,0.3
317.1,0.1,0.1,0.1,0.3
361.3,0.1,0.1,0.1,0.2
315.8,0.1,0.1,0.1,0.2
310.3,0.1,0.1,0.1,0.2
310.2,0.2,0.2,0.2,0.2
310,0.1,0.1,0.1,0.2
329.1,0.1,0.1,0.1,0.2
314.9,0.1,0.2,0.2,0.3
323.7,0.2,0.1,0.2,0.2
312.1,0.1,0.1,0.1,0.2
333,0.1,0.1,0.2,0.2
312.6,0.1,0.2,0.2,0.3
311.1,0.2,0.1,0.1,0.2
325.5,0.1,0.1,0.1,0.2
332.8,0.1,0.1,0.2,0.2
311.3,0.1,0.1,0.2,0.2
315.2,0.1,0.1,0.1,0.2
312.2,0.1,0.1,0.1,0.3
323.6,0.1,0.1,0.1,0.3
309.3,0.1,0.2,0.2,0.2
324,0.2,0.1,0.1,0.3
312.2,0.2,0.2,0.1,0.2
314.5,0.1,0.2,0.1,0.4
332.3,0.1,0.1,0.1,0.2
312,0.1,0.1,0.1,0.2
311.8,0.1,0.1,0.1,0.2
329,0.1,0.1,0.1,0.3
311.8,0.1,0.1,0.2,0.2
335.8,0.1,0.1,0.2,0.2
310.8,0.1,0.1,0.1,0.2
333.4,0.1,0.2,0.1,0.2
334.5,0.2,0.1,0.1,0.1
310.2,0.1,0.1,0.1,0.1
4341.4,0.1,0.1,0.2,0.2
4458.7,0.1,0.2,0.1,0.3
4347.5,0.1,0.2,0.2,0.2
5971.3,0.2,0.1,0.1,0.2
348.1,0.1,0.2,0.2,0.2
332.6,0.1,0.3,0.1,0.2
332.1,0.1,0.2,0.2,0.2
367.2,0.1,0.2,0.2,0.2
333.4,0.1,0.2,0.2,0.2
332,0.2,0.1,0.1,0.2
352.3,0.1,0.1,0.3,0.2
960.1,0.1,0.1,0.2,0.2
341.7,0.1,0.1,0.2,0.2
331.7,0.1,0.1,0.1,0.2
329.7,0.1,0.1,0.1,0.2
359.9,0.2,0.2,0.1,0.2
340.5,0.2,0.2,0.1,0.3
371.4,0.1,0.2,0.2,0.2
375.9,0.1,0.2,0.1,0.2
334.1,0.1,0.1,0.1,0.2
326.6,0.1,0.1,0.1,0.2
341.2,0.1,0.1,0.2,0.3
331.3,0.1,0.1,0.1,0.2
326.4,0.1,0.1,0.1,0.1
1190,0.1,0.1,0.1,0.2
325,0.1,0.1,0.2,0.3
363,0.1,0.2,0.1,0.1
318.6,0.2,0.2,0.2,0.2
325.7,0.1,0.2,0.2,0.3
332.1,0.2,0.1,0.1,0.1
371.4,0.2,0.1,0.1,0.2
332.5,0.1,0.1,0.2,0.2
341.8,0.3,0.3,0.4,0.3
341.2,0.1,0.4,0.2,0.2
335.8,0.1,0.2,0.1,0.2
319.4,0.2,0.1,0.1,0.2
318.5,0.1,0.1,0.1,0.1
312.8,0.1,0.2,0.2,0.2
324.9,0.1,0.2,0.2,0.1
337,0.2,0.1,0.1,0.2
339.9,0.1,0.4,0.2,0.1
333.1,0.1,0.1,0.1,0.2
322.6,0.1,0.1,0.1,0.1
330.2,0.2,0.1,0.1,0.1
313,0.1,0.1,0.1,0.1
311.8,0.1,0.2,0.1,0.2
317.6,0.1,0.2,0.2,0.1
335,0.1,0.2,0.1,0.2
290.4,0.1,0.2,0.1,0.2
885.7,0.2,0.1,0.1,0.1
308.8,0.1,0.1,0.2,0.1
292.9,0.2,0.1,0.2,0.1
293.8,0.1,0.1,0.2,0.1
306.4,0.2,0.2,0.2,0.2
295.9,0.1,0.2,0.2,0.2
292.2,0.1,0.2,0.2,0.1
302.4,0.1,0.5,0.3,0.2
296.9,0.1,0.1,0.1,0.1
629,0.1,0.2,0.1,0.2
299.5,0.2,0.2,0.1,0.2
290.1,0.1,0.2,0.1,0.2
301.4,0.3,0.4,0.4,0.4
306.9,0.1,0.2,0.1,0.2
302.2,0.2,0.2,0.2,0.2
295.7,0.2,0.2,0.2,0.2
292,0.1,0.2,0.2,0.2
301.1,0.1,0.1,0.1,0.2
290.1,0.1,0.1,0.2,0.1
294.2,0.1,0.2,0.1,0.2
287.5,0.1,0.1,0.2,0.1
279.9,0.1,0.2,0.2,0.1
290.2,0.1,0.1,0.1,0.1
275.7,0.1,0.1,0.1,0.1
284.5,0.1,0.1,0.1,0.2
501.2,0.1,0.2,0.2,0.2
272.1,0.2,0.1,0.1,0.2
300.8,0.1,0.1,0.1,0.1
295.8,0.1,0.2,0.1,0.2
278.1,0.1,0.1,0.1,0.1
281.7,0.1,0.1,0.2,0.2
282,0.2,0.1,0.1,0.1
286.3,0.1,0.1,0.1,0.1
290.1,0.1,0.1,0.1,0.2
511,0.1,0.1,0.1,0.2
291.2,0.2,0.1,0.2,0.2
292.7,0.1,0.1,0.1,0.1
299.6,0.2,0.2,0.3,0.2
305.7,0.3,0.3,0.3,0.3
296.9,0.2,0.3,0.2,0.2
274,0.1,0.2,0.2,0.2
273,0.1,0.2,0.2,0.3
287.8,0.1,0.2,0.2,0.2
278.4,0.1,0.1,0.1,0.2
315.1,0.1,0.1,0.1,0.2
281.4,0.1,0.1,0.1,0.1
336.7,0.2,0.1,0.1,0.1
309.4,0.1,0.2,0.2,0.2
286.8,0.1,0.1,0.1,0.1
281.5,0.1,0.1,0.2,0.1
293.3,0.1,0.1,0.1,0.2
289.4,0.2,0.1,0.2,0.1
378.6,0.1,0.1,0.1,0.1
301.6,0.1,0.2,0.2,0.2
312.6,0.1,0.1,0.2,0.2
283.8,0.1,0.2,0.2,0.1
297.2,0.1,0.2,0.2,0.4
275.9,0.1,0.2,0.2,0.2
284.3,0.1,0.1,0.2,0.2
277.7,0.1,0.1,0.1,0.2
287,0.1,0.1,0.2,0.2
289.7,0.1,0.2,0.2,0.2
296.2,0.2,0.1,0.2,0.2
297.2,0.1,0.1,0.2,0.3
274.9,0.1,0.2,0.2,0.3
289,0.2,0.2,0.1,0.2
288.1,0.1,0.2,0.2,0.2
599.8,0.1,0.2,0.1,0.3
281.6,0.1,0.2,0.2,0.1
278.7,0.1,0.2,0.2,0.3
296.1,0.2,0.3,0.3,0.2
295.3,0.1,0.2,0.2,0.2
273.3,0.1,0.1,0.1,0.2
295,0.2,0.2,0.2,0.2
272.5,0.1,0.1,0.1,0.2
278.4,0.1,0.1,0.1,0.2
287.3,0.1,0.1,0.1,0.2
292,0.2,0.1,0.2,0.2
286,0.1,0.1,0.2,0.2
279.4,0.1,0.1,0.1,0.2
296,0.1,0.1,0.1,0.1
292,0.1,0.1,0.1,0.1
275.8,0.1,0.1,0.1,0.1
274.3,0.1,0.2,0.2,0.2
295.2,0.1,0.2,0.1,0.2
277.7,0.1,0.1,0.2,0.4
286.8,0.2,0.2,0.1,0.2
280.8,0.1,0.2,0.2,0.2
273.5,0.1,0.2,0.2,0.2
293.4,0.1,0.1,0.2,0.2
272.6,0.2,0.1,0.1,0.2
273.2,0.1,0.1,0.2,0.3
291.8,0.2,0.2,0.2,0.3
278.5,0.1,0.2,0.1,0.2
296.6,0.2,0.2,0.2,0.2
277.9,0.4,0.3,0.2,0.3
286,0.1,0.2,0.2,0.2
297.5,0.1,0.2,0.2,0.2
276.2,0.1,0.1,0.1,0.2
276.2,0.2,0.1,0.1,0.3
279.8,0.1,0.1,0.2,0.1
289.7,0.2,0.1,0.1,0.2
291.4,0.1,0.2,0.2,0.2
302.1,0.1,0.2,0.1,0.2
279.9,0.1,0.1,0.1,0.2
278.2,0.2,0.1,0.1,0.2
391.6,0.1,0.1,0.2,0.3
277.7,0.1,0.2,0.1,0.2
281.1,0.2,0.1,0.1,0.2
277.1,0.1,0.1,0.1,0.2
278.2,0.1,0.2,0.2,0.5
301.8,0.1,0.1,0.2,0.2
277.6,0.1,0.2,0.1,0.2
275.1,0.1,0.1,0.1,0.2
290.9,0.1,0.1,0.1,0.2
570.3,0.1,0.2,0.2,0.1
287.6,0.1,0.2,0.1,0.2
277.8,0.1,0.1,0.2,0.2
275.6,0.1,0.1,0.1,0.2
277,0.1,0.1,0.1,0.2
311.1,0.1,0.1,0.2,0.2
291.2,0.1,0.1,0.2,0.2
273.1,0.1,0.1,0.1,0.2
277.3,0.2,0.1,0.1,0.2
295,0.1,0.2,0.1,0.2
312.5,0.2,0.1,0.1,0.2
301.2,0.1,0.1,0.1,0.2
278.8,0.2,0.1,0.1,0.2
291.1,0.1,0.1,0.2,0.2
281.6,0.2,0.1,0.1,0.2
276.5,0.1,0.1,0.1,0.1
277.6,0.1,0.2,0.2,0.2
303,0.2,0.1,0.1,0.2
277.9,0.2,0.1,0.1,0.2
281.7,0.2,0.1,0.1,0.1
277.2,0.1,0.1,0.1,0.1
276.8,0.1,0.2,0.2,0.1
277.1,0.1,0.2,0.2,0.2
274.1,0.1,0.2,0.2,0.2
569.7,0.1,0.2,0.2,0.2
311.6,0.1,0.1,0.1,0.2
290.6,0.1,0.2,0.1,0.2
276.7,0.2,0.2,0.1,0.2
273.6,0.1,0.1,0.1,0.1
287.9,0.1,0.1,0.1,0.2
278,0.1,0.1,0.1,0.2
281.8,0.1,0.1,0.1,0.2
276.5,0.1,0.1,0.1,0.1
274.8,0.1,0.2,0.1,0.2
819,0.2,0.1,0.2,0.1
298.6,0.1,0.1,0.2,0.1
276.5,0.1,0.2,0.2,0.1
273.4,0.1,0.2,0.1,0.4
276.8,0.1,0.2,0.2,0.2
580.8,0.1,0.1,0.1,0.2
276.9,0.1,0.2,0.2,0.2
312.6,0.1,0.1,0.1,0.2
302.2,0.2,0.1,0.1,0.2
281,0.1,0.1,0.1,0.2
295.1,0.1,0.1,0.1,0.2
273.7,0.1,0.2,0.2,0.2
276.3,0.1,0.1,0.1,0.4
295,0.1,0.1,0.1,0.4
272.7,0.1,0.2,0.1,0.2
277,0.1,0.2,0.2,0.2
277.6,0.1,0.1,0.1,0.2
274.4,0.1,0.1,0.1,0.2
305.3,0.1,0.2,0.2,0.1
272.6,0.1,0.2,0.2,0.2
272.9,0.1,0.2,0.1,0.2
305.3,0.1,0.1,0.1,0.2
291.2,0.2,0.1,0.1,0.1
272.8,0.2,0.2,0.2,0.2
290.1,0.1,0.1,0.1,0.3
290.3,0.1,0.1,0.1,0.2
277.9,0.1,0.1,0.1,0.2
291.6,0.1,0.2,0.1,0.2
290.5,0.2,0.1,0.1,0.3
277.6,0.1,0.1,0.1,0.2
291,0.2,0.2,0.1,0.3
474.2,0.1,0.2,0.1,0.2
276.5,0.1,0.1,0.2,0.2
278.2,0.1,0.1,0.1,0.3
276.5,0.1,0.2,0.2,0.3
296.2,0.1,0.2,0.2,0.2
273.5,0.1,0.2,0.1,0.3
299.5,0.2,0.2,0.1,0.2
272.9,0.1,0.1,0.1,0.3
273.3,0.1,0.1,0.1,0.2
276.3,0.2,0.1,0.1,0.2
296.6,0.2,0.2,0.1,0.2
276,0.1,0.1,0.2,0.2
272.8,0.2,0.1,0.1,0.2
298.9,0.1,0.1,0.2,0.2
771.7,0.1,0.1,0.1,0.2
277.7,0.1,0.2,0.1,0.2
294.9,0.2,0.1,0.1,0.2
273.8,0.1,0.2,0.2,0.2
288,0.1,0.1,0.1,0.2
279.6,0.1,0.1,0.1,0.2
272.6,0.2,0.2,0.1,0.2
318.4,0.1,0.1,0.1,0.2
275.7,0.1,0.2,0.1,0.2
291.2,0.1,0.1,0.2,0.2
279.4,0.1,0.2,0.2,0.2
275.4,0.1,0.1,0.1,0.2
284,0.1,0.2,0.2,0.2
4400.7,0.2,0.1,0.2,0.3
4495.9,0.1,0.2,0.2,0.2
4367.2,0.1,0.2,0.1,0.2
351.4,0.1,0.1,0.1,0.2
328.5,0.1,0.2,0.2,0.2
338.3,0.1,0.1,0.2,0.1
328.9,0.1,0.2,0.2,0.1
338.1,0.2,0.1,0.1,0.2
343.2,0.3,0.3,0.3,0.4
351.5,0.2,0.1,0.1,0.1
348.4,0.1,0.2,0.2,0.2
349.7,0.1,0.1,0.1,0.1
349.6,0.1,0.1,0.1,0.1
329.3,0.1,0.2,0.2,0.1
329.2,0.1,0.1,0.1,0.1
335.5,0.1,0.2,0.1,0.2
328.4,0.1,0.1,0.2,0.1
353.7,0.1,0.1,0.1,0.1
335.6,0.2,0.2,0.2,0.1
350.8,0.2,0.1,0.2,0.1
354.3,0.1,0.1,0.1,0.2
344.9,0.1,0.1,0.1,0.3
335.5,0.1,0.1,0.2,0.2
325.9,0.1,0.2,0.2,0.1
316.5,0.1,0.1,0.1,0.1
325.2,0.1,0.1,0.1,0.1
338.6,0.1,0.2,0.2,0.2
318.3,0.1,0.2,3.4,0.2
326.2,0.2,0.2,0.2,0.3
315.6,0.1,0.1,0.1,0.2
318.8,0.1,0.2,0.2,0.2
327,0.1,0.2,0.2,0.1
663.9,0.1,0.2,0.1,0.4
376.4,0.1,0.2,0.2,0.1
328.5,0.2,0.1,0.1,0.2
328.6,0.1,0.2,0.2,0.2
331.2,0.1,0.2,0.2,0.4
313.4,0.2,0.2,0.1,0.2
311.7,0.2,0.1,0.2,0.1
314.1,0.1,0.1,0.1,0.2
339.1,0.2,0.1,0.1,0.1
313.4,0.2,0.3,0.3,0.4
357.1,0.1,0.1,0.1,0.1
321.6,0.2,0.1,0.1,0.1
317.6,0.1,0.1,0.2,0.1
295.2,0.1,0.1,0.1,0.1
324.7,0.1,0.1,0.1,0.1
295.1,0.2,0.1,0.1,0.1
308.4,0.1,0.1,0.1,0.1
295.4,0.1,0.2,0.2,0.1
292.1,0.2,0.2,0.1,0.2
316.7,0.1,0.2,0.2,0.2
293.4,0.2,0.1,0.2,0.2
288.7,0.1,0.1,0.1,0.1
288.9,0.1,0.1,0.2,0.1
286.4,0.1,0.1,0.1,0.1
315.1,0.2,0.2,0.1,0.2
302.9,0.2,0.1,0.1,0.1
290,0.1,0.1,0.2,0.1
305.8,0.2,0.1,0.1,0.1
309.5,0.1,0.1,0.1,0.1
678.7,0.1,0.1,0.1,0.1
619.2,0.1,0.2,0.2,0.2
836.2,0.2,0.1,0.1,0.1
313.4,0.1,0.1,0.2,0.2
314.8,0.1,0.2,0.2,0.2
291.2,0.1,0.2,0.2,0.3
292.3,0.2,0.2,0.1,0.2
273.1,0.1,0.2,0.2,0.1
272.9,0.1,0.1,0.2,0.1
294.4,0.1,0.1,0.2,0.1
283.1,0.1,0.1,0.1,0.1
295.1,0.1,0.1,0.1,0.1
277.6,0.1,0.1,0.1,0.2
272.8,0.1,0.1,0.1,0.1
282.4,0.1,0.1,0.2,0.2
301,0.1,0.2,0.2,0.2
279.6,0.1,0.1,0.1,0.1
291.6,0.2,0.2,0.1,0.2
280.8,0.2,0.2,0.2,0.2
285.5,0.1,0.1,0.2,0.1
279.2,0.1,0.1,0.1,0.1
304.5,0.1,0.1,0.1,0.1
289,0.2,0.1,0.2,0.1
294.2,0.2,0.1,0.1,0.1
301.4,0.2,0.2,0.2,0.2
278.5,0.1,0.1,0.1,0.1
300.5,0.1,0.1,0.1,0.1
276.3,0.1,0.1,0.1,0.1
301.7,0.2,0.1,0.1,0.1
275,0.1,0.2,0.2,0.2
272.9,0.2,0.1,0.1,0.1
287,0.1,0.1,0.2,0.1
292.4,0.1,0.1,0.1,0.1
298.1,0.2,0.1,0.1,0.1
292.4,0.1,0.2,0.1,0.2
287.9,0.1,0.2,0.2,0.2
280.1,0.2,0.2,0.1,0.2
293.6,0.1,0.1,0.1,0.1
280.4,0.1,0.1,0.1,0.1
295.2,0.1,0.2,0.2,0.2
279.5,0.2,0.2,0.2,0.2
286.5,0.1,0.2,0.2,0.2
309.5,0.1,0.1,0.1,0.2
324.5,0.2,0.1,0.1,0.2
300.3,0.2,0.2,0.2,0.2
293.2,0.1,0.1,0.2,0.2
281.4,0.1,0.1,0.2,0.2
280.4,0.1,0.1,0.2,0.2
283.2,0.1,0.1,0.1,0.3
284.4,0.1,0.1,0.1,0.2
291.6,0.1,0.1,0.1,0.2
301.1,0.2,0.2,0.2,0.3
290.9,0.1,0.1,0.1,0.2
282.8,0.1,0.1,0.2,0.2
301,0.1,0.2,0.2,0.2
281.2,0.1,0.1,0.1,0.1
283.2,0.2,0.2,0.1,0.2
298.2,0.2,0.2,0.2,0.2
278.3,0.2,0.2,0.2,0.2
290.7,0.1,0.1,0.1,0.2
294.6,0.1,0.2,0.2,0.2
276.2,0.1,0.1,0.1,0.1
272.7,0.1,0.1,0.1,0.1
320.3,0.1,0.1,0.1,0.1
315.2,0.2,0.2,0.2,0.1
279.1,0.1,0.1,0.1,0.1
572.5,0.1,0.2,0.2,0.2
281.3,0.2,0.1,0.1,0.1
278.3,0.1,0.2,0.2,0.1
273.5,0.1,0.2,0.1,0.2
301,0.1,0.2,0.2,0.1
317.6,0.1,0.2,0.1,0.1
295.4,0.1,0.1,0.1,0.2
308.3,0.2,0.1,0.1,0.1
297.7,0.1,0.2,0.1,0.2
285.9,0.1,0.2,0.2,0.2
282.5,0.1,0.1,0.1,0.1
277.8,0.1,0.1,0.1,0.1
276.8,0.1,0.1,0.1,0.1
277.1,0.1,0.2,0.2,0.2
287.8,0.2,0.1,0.1,0.1
290.6,0.3,0.3,0.2,0.3
276.3,0.2,0.1,0.1,0.1
289.5,0.2,0.1,0.1,0.1
280.3,0.2,0.2,0.2,0.2
292.3,0.1,0.2,0.2,0.1
274,0.1,0.1,0.1,0.1
295.2,0.1,0.1,0.1,0.1
272.8,0.1,0.2,0.2,0.1
312.3,0.1,0.1,0.2,0.2
293.2,0.2,0.2,0.1,0.2
289.8,0.1,0.2,0.2,0.2
276.2,0.1,0.3,0.2,0.2
277.8,0.1,0.1,0.1,0.2
287.4,0.1,0.2,0.1,0.2
286.7,0.1,0.2,0.2,0.1
287.7,0.1,0.1,0.1,0.1
274,0.2,0.1,0.1,0.1
278.4,0.2,0.2,0.1,0.2
289,0.1,0.2,0.1,0.1
278.3,0.2,0.1,0.1,0.1
277.8,0.1,0.1,0.1,0.2
277.8,0.1,0.1,0.1,0.1
314.9,0.2,0.2,0.2,0.2
273.3,0.1,0.1,0.2,0.2
286.7,0.1,0.1,0.2,0.2
277.9,0.1,0.1,0.2,0.2
294.9,0.1,0.2,0.2,0.2
289.1,0.1,0.1,0.1,0.2
273,0.1,0.1,0.1,0.2
277,0.1,0.1,0.1,0.2
274.3,0.1,0.1,0.1,0.1
272.7,0.1,0.1,0.1,0.1
284.4,0.1,0.1,0.2,0.1
278.3,0.1,0.1,0.1,0.1
286.1,0.1,0.1,0.1,0.1
273.5,0.1,0.2,0.1,0.2
275.8,0.1,0.2,0.2,0.2
291,0.1,0.1,0.1,0.3
277,0.1,0.2,0.2,0.2
277.3,0.2,0.2,0.2,0.2
278.7,0.1,0.2,0.1,0.2
275.1,0.2,0.2,0.1,0.2
276.2,0.2,0.1,0.1,0.2
279.6,0.1,0.1,0.1,0.2
279.7,0.1,0.1,0.1,0.2
278.5,0.1,0.2,0.2,0.2
276.2,0.1,0.1,0.1,0.2
294.5,0.1,0.2,0.1,0.2
291.8,0.1,0.1,0.2,0.1
302.8,0.1,0.2,0.2,0.2
281.6,0.1,0.1,0.1,0.2
286,0.1,0.1,0.2,0.2
279,0.1,0.1,0.2,0.2
277.6,0.1,0.2,0.2,0.1
278.3,0.2,0.2,0.2,0.2
294.6,0.1,0.1,0.1,0.1
278,0.2,0.2,0.2,0.2
278.6,0.1,0.2,0.2,0.2
291.6,0.1,0.2,0.1,0.2
581.7,0.2,0.2,0.2,0.2
275.7,0.2,0.2,0.4,0.2
294.9,0.1,0.2,0.2,0.2
275.2,0.1,0.2,0.2,0.2
277.4,0.2,0.2,0.1,0.3
277.8,0.1,0.2,0.2,0.2
282.2,0.2,0.1,0.1,0.2
285.8,0.1,0.1,0.1,0.2
277.7,0.1,0.1,0.2,0.2
546.5,0.1,0.2,0.1,0.2
273.9,0.1,0.2,0.2,0.2
277.5,0.2,0.2,0.2,0.2
277.5,0.2,0.1,0.1,0.2
277.2,0.1,0.1,0.1,0.2
291.2,0.1,0.2,0.2,0.2
281,0.1,0.2,0.2,0.2
295.1,0.1,0.1,0.1,0.2
273.1,0.1,0.2,0.2,0.4
276.2,0.1,0.1,0.2,0.2
285.4,0.1,0.1,0.2,0.2
272.8,0.2,0.1,0.1,0.2
273.5,0.1,0.2,0.2,0.2
293.4,0.1,0.1,0.1,0.2
276.2,0.1,0.1,0.1,0.1
310.9,0.1,0.1,0.1,0.2
315,0.1,0.1,0.1,0.2
294.8,0.2,0.1,0.1,0.2
272.8,0.1,0.1,0.2,0.1
277.2,0.1,0.1,0.1,0.1
294.5,0.1,0.1,0.1,0.1
273.7,0.1,0.2,0.1,0.2
296.9,0.2,0.1,0.1,0.1
285.6,0.1,0.2,0.1,0.2
277,0.1,0.2,0.2,0.2
295.3,0.1,0.2,0.1,0.2
280.3,0.1,0.1,0.1,0.1
273.1,0.1,0.2,0.2,0.2
295.5,0.1,0.2,0.2,0.1
277.8,0.1,0.2,0.1,0.2
308.2,0.1,0.1,0.1,0.2
276,0.1,0.2,0.2,0.2
306.6,0.1,0.1,0.2,0.2
278.7,0.1,0.1,0.1,0.2
290.7,0.1,0.2,0.2,0.2
276.2,0.1,0.1,0.1,0.2
277.6,0.1,0.1,0.1,0.2
285.7,0.2,0.1,0.1,0.2
286.6,0.1,0.2,0.1,0.2
278.1,0.2,0.2,0.2,0.5
299.9,0.1,0.1,0.1,0.2
301.8,0.1,0.1,0.1,0.3
296.8,0.1,0.1,0.2,0.2
281.3,0.1,0.1,0.1,0.3
277.7,0.1,0.1,0.1,0.2
301.3,0.1,0.1,0.1,0.5
4369.8,0.2,0.1,0.1,0.1
4362.3,0.1,0.2,0.1,0.2
4353.8,0.2,0.2,0.2,0.2
355.1,0.1,0.2,0.2,0.2
338.3,0.1,0.1,0.1,0.1
333,0.1,0.2,0.2,0.1
329.7,0.2,0.2,0.2,0.2
342.2,0.1,0.1,0.2,0.1
330,0.1,0.1,0.1,0.1
341.5,0.1,0.2,0.1,0.2
846.7,0.4,0.4,0.4,0.4
353,0.2,0.1,0.1,0.1
339.2,0.1,0.2,0.2,0.2
351.3,0.2,0.1,0.2,0.3
333.7,0.1,0.2,0.2,0.2
335.9,0.2,0.1,0.1,0.2
341.8,0.1,0.2,0.2,0.1
347.4,0.1,0.2,0.2,0.2
346.4,0.1,0.1,0.2,0.1
337,0.1,0.2,0.2,0.1
1049.8,1.1,1.1,0.4,1.2
328.2,0.1,0.1,0.1,0.1
330.9,0.1,0.1,0.2,0.1
334.1,0.1,0.1,0.1,0.1
328.3,0.1,0.2,0.2,0.1
330.8,0.1,0.1,0.1,0.2
311.6,0.1,0.2,0.1,0.2
323.6,0.2,0.2,0.2,0.2
335.9,0.1,0.1,0.1,0.2
363,0.1,0.1,0.1,0.1
341.1,0.1,0.2,0.2,0.2
333.6,0.1,0.1,0.1,0.2
312.7,0.1,0.1,0.1,0.1
316.5,0.1,0.1,0.1,0.1
358.5,0.1,0.1,0.1,0.1
335.6,0.3,0.3,0.2,0.3
327.4,0.3,0.3,0.2,0.3
321.8,1,1,1.1,1.1
312.9,0.1,0.2,0.2,0.2
333.8,0.1,0.1,0.1,0.2
627.3,0.1,0.5,0.1,0.2
315.6,0.1,0.1,0.1,0.2
313.3,0.1,0.2,0.2,0.1
312.1,0.1,0.1,0.1,0.1
317.3,0.2,0.2,0.2,0.2
303.7,0.1,0.1,0.1,0.1
337.8,0.1,0.1,0.1,0.1
838.8,0.1,0.2,0.1,0.2
313.3,0.1,0.2,0.2,0.2
316.9,0.2,0.1,0.1,0.1
303.9,0.1,0.1,0.1,0.1
294.1,0.1,0.2,0.2,0.2
290.6,0.1,0.2,0.2,0.3
299.4,0.2,0.1,0.1,0.2
287.2,0.1,0.1,0.2,0.1
286.1,0.1,0.2,0.2,0.2
318.9,0.2,0.1,0.2,0.1
293.9,0.1,0.1,0.1,0.2
298.4,0.1,0.2,0.2,0.2
301.9,0.1,0.2,0.2,0.1
289.3,0.1,0.1,0.1,0.1
285.4,0.2,0.1,0.1,0.1
290.5,0.2,0.2,0.2,0.2
299.4,0.2,0.1,0.1,0.2
285.4,0.1,0.1,0.1,0.1
301.7,0.1,0.1,0.2,0.1
290.1,0.1,0.1,0.1,0.1
304.4,0.1,0.2,0.1,0.2
279.1,0.1,0.2,0.2,0.2
287.3,0.1,0.2,0.1,0.2
294.3,0.2,0.1,0.2,0.1
275.2,0.2,0.2,0.2,0.2
281.5,0.2,0.1,0.1,0.2
274.6,0.1,0.1,0.1,0.2
277.7,0.1,0.2,0.1,0.2
295.1,0.2,0.2,0.1,0.1
291.3,0.1,0.1,0.1,0.1
296.4,0.1,0.2,0.1,0.2
281.8,0.2,0.1,0.1,0.1
291.3,0.1,0.1,0.1,0.1
291.7,0.1,0.2,0.2,0.1
282,0.1,0.1,0.1,0.1
278,0.1,0.2,0.1,0.2
305.1,0.1,0.2,0.2,0.2
273.7,0.2,0.2,0.2,0.2
276.5,0.2,0.1,0.1,0.1
294.8,0.1,0.2,0.1,0.2
301.9,0.1,0.1,0.1,0.2
291.9,0.1,0.2,0.2,0.2
285.5,0.1,0.1,0.1,0.1
284.3,0.2,0.2,0.2,0.2
895.6,0.2,0.1,0.1,0.1
273.1,0.1,0.1,0.1,0.1
282.7,0.1,0.2,0.2,0.2
298,0.1,0.1,0.1,0.3
290.4,0.2,0.1,0.2,0.1
277.6,0.1,0.2,0.1,0.1
290.5,0.1,0.1,0.1,0.2
363.8,0.1,0.3,0.2,0.3
276.2,0.1,0.1,0.1,0.1
306.8,0.1,0.2,0.1,0.2
279.1,0.2,0.1,0.2,0.1
274.2,0.1,0.1,0.1,0.1
278.3,0.2,0.2,0.2,0.2
290.2,0.1,0.1,0.2,0.1
272.5,0.1,0.2,0.1,0.2
276.4,0.1,0.1,0.2,0.1
294.8,0.1,0.1,0.1,0.2
315.7,0.1,0.1,0.2,0.1
273.6,0.1,0.2,0.2,0.2
293.3,0.1,0.2,0.1,0.2
290.8,0.1,0.1,0.1,0.1
276.4,0.2,0.1,0.1,0.1
289.9,0.1,0.1,0.2,0.1
322.5,0.1,0.1,0.1,0.2
286.9,0.5,0.2,0.2,1
274.9,0.1,0.2,0.1,0.2
288.6,0.1,0.2,0.2,0.2
277.3,0.2,0.1,0.1,0.2
283.5,0.1,0.2,0.2,0.2
291.1,0.1,0.2,0.1,0.2
290.7,0.1,0.1,0.1,0.1
639.2,0.1,0.2,0.1,0.2
293.1,0.1,0.2,0.2,0.2
275.5,0.1,0.1,0.1,0.1
289.3,0.1,0.2,0.2,0.2
276.8,0.2,0.1,0.1,0.1
290.4,0.1,0.1,0.1,0.2
279.1,0.1,0.1,0.1,0.1
299.2,0.1,0.1,0.1,0.1
280.2,0.1,0.1,0.1,0.1
280.2,0.1,0.1,0.1,0.1
277,0.1,0.2,0.2,0.2
280.5,0.1,0.1,0.1,0.1
277.5,0.2,0.1,0.1,0.1
306,0.2,0.1,0.1,0.2
282.8,0.1,0.1,0.2,0.1
293.4,0.2,0.1,0.1,0.1
306.9,0.1,0.2,0.1,0.2
277.9,0.1,0.2,0.2,0.1
291,0.2,0.2,0.2,0.2
282.6,0.1,0.2,0.1,0.2
289.9,0.1,0.2,0.2,0.2
296.3,0.2,0.1,0.1,0.1
276.2,0.1,0.1,0.1,0.1
277.3,0.1,0.2,0.1,0.2
281,0.1,0.2,0.1,0.2
276.9,0.2,0.1,0.1,0.1
299.6,0.2,0.1,0.1,0.1
289.8,0.1,0.2,0.1,0.2
277.5,0.1,0.1,0.1,0.1
278.6,0.2,0.2,0.2,0.1
289.9,0.1,0.1,0.1,0.2
273.7,0.2,0.1,0.1,0.1
287,0.1,0.1,0.1,0.2
274.8,0.1,0.1,0.1,0.1
292,0.1,0.2,0.1,0.1
280.1,0.1,0.2,0.2,0.1
274.7,0.2,0.2,0.2,0.2
286.9,0.2,0.2,0.1,0.2
286.4,0.1,0.1,0.1,0.1
278.3,0.1,0.1,0.1,0.2
291.3,0.1,0.1,0.1,0.1
274.4,0.1,0.2,0.2,0.1
281,0.2,0.2,0.2,0.2
273.4,0.1,0.1,0.1,0.1
276.6,0.2,0.1,0.2,0.1
278.9,0.1,0.2,0.2,0.2
286.3,0.1,0.2,0.2,0.2
290.8,0.1,0.2,0.2,0.2
333,0.1,0.2,0.2,0.2
299.4,0.2,0.1,0.1,0.2
287,0.1,0.2,0.1,0.2
282.7,0.1,0.1,0.1,0.1
292.3,0.1,0.1,0.1,0.1
273,0.1,0.2,0.2,0.2
545.1,0.1,0.1,0.1,0.1
299.9,0.1,0.2,0.2,0.2
297.3,0.1,0.2,0.2,0.1
292.8,0.2,0.2,0.1,0.1
292.1,0.1,0.2,0.2,0.2
284,0.1,0.1,0.1,0.1
300.4,0.2,0.1,0.1,0.1
282.1,0.1,0.1,0.1,0.1
275.2,0.1,0.1,0.2,0.1
290.6,0.1,0.2,0.1,0.1
287.7,0.1,0.1,0.2,0.1
284.8,0.2,0.2,0.1,0.2
283.2,0.2,0.2,0.1,0.2
283,0.1,0.1,0.1,0.1
279.2,0.1,0.1,0.1,0.1
290.9,0.1,0.1,0.1,0.1
273.7,0.1,0.1,0.1,0.1
274.8,0.1,0.1,0.1,0.1
289.9,0.1,0.2,0.2,0.2
277.6,0.3,0.3,0.3,0.3
296,0.1,0.1,0.1,0.1
281.5,0.2,0.1,0.1,0.1
278.1,0.2,0.2,0.2,0.2
288.8,0.2,0.1,0.1,0.1
275.2,0.1,0.1,0.1,0.1
273.3,0.1,0.2,0.2,0.2
277,0.1,0.1,0.2,0.1
288.4,0.1,0.1,0.1,0.1
285.7,0.1,0.1,0.1,0.1
309.9,0.1,0.2,0.2,0.1
284.2,0.1,0.1,0.2,0.1
282.4,0.2,0.1,0.1,0.1
291.2,0.2,0.4,0.3,0.3
277.9,0.1,0.1,0.1,0.1
277.6,0.2,0.1,0.2,0.1
273.4,0.2,0.2,0.1,0.2
285.5,0.1,0.1,0.1,0.2
277.6,0.1,0.2,0.2,0.2
305.2,0.1,0.1,0.1,0.1
273.3,0.2,0.3,0.3,0.3
276.6,0.1,0.1,0.1,0.1
526.3,0.2,0.1,0.1,0.1
277.3,0.1,0.1,0.1,0.1
272.8,0.2,0.1,0.1,0.1
287.3,0.1,0.2,0.1,0.2
273.5,0.1,0.1,0.1,0.1
295.1,0.1,0.1,0.1,0.1
285.6,0.1,0.2,0.1,0.2
277.2,0.1,0.2,0.2,0.2
284.9,0.2,0.2,0.2,0.1
290.4,0.1,0.2,0.1,0.2
277.3,0.1,0.1,0.1,0.1
274,0.2,0.1,0.1,0.2
277.9,0.2,0.1,0.1,0.1
294.6,0.1,0.2,0.1,0.1
285.6,0.1,0.2,0.2,0.2
281.2,0.1,0.1,0.1,0.2
290.7,0.1,0.1,0.1,0.1
284.5,0.1,0.1,0.1,0.2
280.4,0.1,0.1,0.1,0.2
317.4,0.2,0.2,0.2,0.2
276,0.2,0.2,0.1,0.2
276.6,0.1,0.1,0.2,0.2
315.5,0.1,0.1,0.1,0.2
865.5,0.2,0.2,0.1,0.2
304.2,0.1,0.1,0.1,0.2
275.9,0.1,0.1,0.1,0.2
277.2,0.1,0.2,0.2,0.1
279.1,0.1,0.1,0.1,0.1
273.2,0.2,0.2,0.2,0.2
291.7,0.1,0.1,0.2,0.1
278.8,0.2,0.1,0.1,0.1
276.5,0.2,0.1,0.1,0.1
286,0.1,0.2,0.2,0.1
285,0.1,0.1,0.1,0.1
272.7,0.1,0.1,0.1,0.1
277.9,0.2,0.2,0.1,0.1
281,0.2,0.1,0.1,0.1
275,0.1,0.1,0.1,0.3
304.6,0.2,0.1,0.1,0.2
4378.4,0.2,0.1,0.1,0.2
4345.5,0.1,0.1,0.2,0.1
373.5,0.1,0.1,0.2,0.1
333.3,0.1,0.1,0.1,0.2
331.9,0.1,0.2,0.1,0.1
329.3,0.1,0.1,0.2,0.1
344.4,0.2,0.2,0.1,0.2
831.9,0.2,0.1,0.1,0.1
355.4,0.1,0.1,0.2,0.1
334.4,0.2,0.1,0.2,0.1
346.4,0.2,0.1,0.2,0.2
334.6,0.1,0.1,0.1,0.2
340.1,0.1,0.1,0.1,0.2
341,0.1,0.1,0.1,0.2
344,0.1,0.1,0.1,0.4
327.8,0.1,0.1,0.1,0.1
326.7,0.2,0.1,0.2,0.1
328.3,0.1,0.1,0.2,0.2
789,0.1,0.1,0.1,0.2
325.7,0.1,0.1,0.1,0.2
339.2,0.1,0.1,0.2,0.2
325.1,0.1,0.1,0.1,0.2
323.7,0.2,0.2,0.1,0.2
336.8,0.2,0.1,0.1,0.2
318.9,0.1,0.1,0.2,0.2
329,0.2,0.1,0.2,0.2
317.3,0.1,0.1,0.1,0.2
313.5,0.2,0.1,0.1,0.1
312.6,0.1,0.2,0.2,0.2
513.6,0.1,0.1,0.1,0.1
316.5,0.1,0.2,0.2,0.2
317.3,0.1,0.2,0.1,0.1
355.5,0.1,0.2,0.1,0.1
316.8,0.1,0.2,0.3,0.2
327.8,0.1,0.1,0.1,0.1
311.6,0.1,0.1,0.2,0.1
314.4,0.1,0.2,0.2,0.1
309.1,0.1,0.1,0.1,0.2
311.6,0.1,0.1,0.1,0.1
311.6,0.1,0.2,0.2,0.1
332.7,0.1,0.2,0.2,0.2
330.7,0.2,0.1,0.1,0.2
310.7,0.1,0.2,0.1,0.2
309.8,0.1,0.2,0.2,0.2
325.3,0.1,0.2,0.1,0.1
296.8,0.2,0.1,0.1,0.1
290,0.1,0.1,0.1,0.1
299.1,0.1,0.1,0.1,0.1
284.9,0.1,0.2,0.1,0.2
299.4,0.2,0.2,0.2,0.2
304.3,0.1,0.1,0.2,0.1
286.9,0.2,0.2,0.2,0.2
285.5,0.1,0.1,0.1,0.2
293.1,0.1,0.2,0.2,0.2
308.9,0.1,0.1,0.2,0.1
290.1,0.1,0.1,0.1,0.1
285.1,0.1,0.1,0.1,0.1
304.1,0.1,0.2,0.1,0.2
294.8,0.1,0.1,0.1,0.1
303.3,0.1,0.1,0.1,0.1
300.4,0.1,0.1,0.1,0.2
305.5,0.1,0.1,0.2,0.1
288.9,0.1,0.1,0.1,0.1
297.1,0.2,0.1,0.1,0.2
310.1,0.3,0.3,0.3,0.3
290.8,0.1,0.1,0.2,0.1
310.3,0.1,0.2,0.1,0.2
297.2,0.2,0.1,0.1,0.1
301,0.1,0.1,0.1,0.1
277.5,0.1,0.2,0.2,0.2
284.1,0.1,0.1,0.1,0.1
276.3,0.2,0.1,0.1,0.1
292.3,0.1,0.2,0.1,0.2
301.5,0.2,0.1,0.1,0.2
272.3,0.2,0.2,0.2,0.2
288.1,0.2,0.1,0.1,0.2
276.5,0.2,0.1,0.1,0.1
304.7,0.1,0.2,0.2,0.2
282.2,0.2,0.1,0.1,0.1
284,0.2,0.1,0.1,0.1
298,0.2,0.2,0.1,0.2
275.3,0.1,0.2,0.2,0.2
277.6,0.1,0.1,0.1,0.1
272.8,0.1,0.2,0.1,0.2
279.6,0.1,0.1,0.1,0.1
276,0.1,0.1,0.1,0.1
289.3,0.1,0.1,0.1,0.1
282.9,0.1,0.2,0.1,0.2
279.8,0.1,0.2,0.2,0.1
293.6,0.2,0.1,0.1,0.2
276.8,0.1,0.1,0.1,0.1
278.4,0.1,0.2,0.1,0.2
275.8,0.1,0.2,0.2,0.2
275.5,0.1,0.2,0.2,0.2
290.4,0.1,0.2,0.2,0.2
286.3,0.2,0.2,0.2,0.2
273.4,0.1,0.1,0.1,0.1
290.7,0.1,0.2,0.2,0.2
294.5,0.1,0.2,0.1,0.2
557.5,0.1,0.1,0.1,0.1
277.3,0.1,0.2,0.2,0.2
274.2,0.2,0.1,0.2,0.1
273.4,0.1,0.2,0.2,0.1
287.1,0.1,0.1,0.2,0.1
277.6,0.1,0.1,0.1,0.1
291.7,0.1,0.1,0.2,0.1
437,0.2,0.1,0.1,0.1
285.8,0.1,0.2,0.1,0.2
281.1,0.1,0.1,0.1,0.1
286,0.2,0.2,0.2,0.2
287.5,0.2,0.1,0.1,0.2
290.1,0.2,0.1,0.1,0.1
295.2,0.1,0.1,0.1,0.1
279.9,0.1,0.2,0.2,0.2
283.4,0.2,0.2,0.2,0.1
281.8,0.1,0.2,0.2,0.1
285.7,0.1,0.1,0.1,0.2
288.8,0.1,0.1,0.1,0.1
280.4,0.1,0.2,0.2,0.2
281.6,0.1,0.1,0.1,0.1
294.3,0.1,0.2,0.2,0.2
282.8,0.2,0.2,0.2,0.2
277.8,0.1,0.2,0.2,0.2
276.9,0.1,0.1,0.1,0.1
606.1,0.1,0.2,0.2,0.2
284.1,0.2,0.2,0.2,0.1
276,0.2,0.1,0.1,0.1
284.3,0.2,0.1,0.2,0.1
324.7,0.1,0.2,0.2,0.1
276.4,0.1,0.2,0.2,0.2
285.9,0.2,0.2,0.1,0.2
279.3,0.1,0.1,0.2,0.1
277.6,0.1,0.1,0.1,0.1
272,0.1,0.2,0.1,0.2
273.1,0.1,0.2,0.2,0.2
291.1,0.1,0.1,0.1,0.2
281.6,0.1,0.2,0.1,0.2
295.3,0.2,0.1,0.1,0.2
272.5,0.2,0.1,0.1,0.2
297.4,0.2,0.1,0.1,0.1
288.5,0.1,0.1,0.1,0.2
542.4,0.2,0.1,0.1,0.2
275.2,0.2,0.1,0.2,0.2
281.1,0.2,0.2,0.2,0.2
291.1,0.2,0.2,0.2,0.2
282.8,0.1,0.2,0.2,0.2
286.9,0.1,0.1,0.1,0.1
323,0.1,0.2,0.2,0.3
276.2,0.2,0.2,0.2,0.2
282.4,0.1,0.2,0.1,0.2
276.5,0.1,0.1,0.1,0.1
281.4,0.1,0.1,0.1,0.1
278.7,0.1,0.2,0.2,0.2
309.2,0.1,0.2,0.1,0.2
286,0.1,0.2,0.2,0.2
277.4,0.1,0.2,0.2,0.2
276.2,0.1,0.2,0.2,0.2
276.2,0.1,0.1,0.1,0.1
284.4,0.1,0.2,0.2,0.2
286,0.1,0.1,0.2,0.1
291,0.1,0.1,0.2,0.1
281.2,0.1,0.2,0.2,0.2
293.4,0.1,0.2,0.2,0.2
548.7,0.2,0.2,0.2,0.2
277.6,0.2,0.1,0.1,0.1
296,0.1,0.1,0.1,0.1
300.9,1,1,1.1,1
277.2,0.1,0.1,0.1,0.1
276.6,0.1,0.1,0.1,0.1
285.1,0.2,0.2,0.2,0.2
278.5,0.1,0.2,0.2,0.2
272.4,0.1,0.2,0.2,0.1
290.2,0.1,0.1,0.2,0.2
288.8,0.1,0.2,0.2,0.1
284.7,0.2,0.1,0.1,0.1
292,1,1,1.1,1.1
276.1,0.1,0.1,0.1,0.2
280,0.2,0.1,0.1,0.2
293,0.1,0.1,0.1,0.1
288.7,0.1,0.2,0.2,0.2
276,0.1,0.2,0.2,0.2
293.7,0.2,0.1,0.1,0.2
289.6,0.1,0.2,0.1,0.2
293.3,0.2,0.2,0.2,0.2
276.5,0.2,0.1,0.1,0.1
281,0.1,0.2,0.1,0.2
278.7,0.1,0.1,0.1,0.1
276.8,0.1,0.1,0.1,0.1
290.3,0.1,0.2,0.1,0.2
294.4,0.1,0.1,0.1,0.2
277.1,0.1,0.1,0.1,0.1
298,0.2,0.1,0.1,0.1
285.1,0.1,0.2,0.2,0.2
291,0.1,0.2,0.2,0.2
282.3,0.1,0.1,0.1,0.1
293.3,0.2,0.1,0.2,0.1
300,0.2,0.1,0.1,0.1
278,0.1,0.1,0.1,0.1
273.7,0.1,0.2,0.1,0.2
277.4,0.1,0.1,0.1,0.2
294.1,0.2,0.1,0.2,0.2
283.4,0.1,0.1,0.1,0.1
301.3,0.1,0.2,0.1,0.1
511.5,0.1,0.2,0.2,0.2
295.4,0.1,0.1,0.1,0.1
279.8,0.1,0.1,0.1,0.1
272.8,0.2,0.1,0.1,0.1
286.7,0.1,0.2,0.2,0.2
275.5,0.2,0.1,0.1,0.1
304.5,0.1,0.1,0.1,0.2
278.7,0.2,0.1,0.1,0.1
278.5,0.1,0.1,0.1,0.1
281.3,0.2,0.1,0.1,0.1
303.4,0.1,0.2,0.2,0.2
293,0.1,0.1,0.1,0.2
277.5,0.1,0.1,0.1,0.1
273.6,0.1,0.1,0.1,0.1
272.6,0.1,0.1,0.1,0.2
272.8,0.1,0.1,0.1,0.1
299,0.1,0.2,0.1,0.2
272.5,0.1,0.2,0.2,0.2
272.8,0.1,0.1,0.2,0.1
277.4,0.1,0.2,0.2,0.2
277.4,0.1,0.1,0.1,0.2
272.9,0.1,0.2,0.1,0.2
278.8,0.1,0.1,0.2,0.1
272.8,0.1,0.2,0.2,0.2
276.7,0.1,0.2,0.2,0.2
284.4,0.1,0.2,0.2,0.1
291.9,0.1,0.2,0.1,0.2
300.9,0.1,0.1,0.2,0.1
282.4,0.2,0.1,0.2,0.1
281.8,0.1,0.1,0.1,0.1
282.5,0.1,0.1,0.1,0.1
280.7,0.1,0.1,0.1,0.1
285,0.1,0.1,0.1,0.1
280.3,0.2,0.1,0.1,0.1
291.7,0.1,0.2,0.1,0.1
281.5,0.2,0.2,0.1,0.1
291.4,0.1,0.1,0.1,0.1
281.2,0.1,0.2,0.1,0.2
283.3,0.1,0.1,0.1,0.1
287.1,0.1,0.1,0.1,0.2
277.6,0.2,0.2,0.1,0.2
297,0.2,0.1,0.1,0.2
282.4,0.1,0.1,0.2,0.1
301.8,0.1,0.1,0.1,0.2
274.2,0.1,0.2,0.2,0.2
277.5,0.1,0.1,0.2,0.1
508.2,0.2,0.1,0.1,0.2
276.4,0.1,0.2,0.2,0.2
295.8,0.1,0.1,0.1,0.1
282.1,0.2,0.2,0.2,0.1
291.2,0.1,0.1,0.1,0.1
282.1,0.2,0.1,0.1,0.2
286.8,0.2,0.2,0.2,0.2
4480.5,0.1,0.1,0.3,0.3
4349.2,0.2,0.2,0.1,0.1
332.5,0.3,0.3,0.2,0.3
330.4,0.2,0.1,0.2,0.2
329.9,0.2,0.2,0.1,0.3
325.5,0.1,0.1,0.1,0.1
345.6,0.1,0.1,0.1,0.2
332,0.1,0.1,0.1,0.2
328.6,0.1,0.1,0.2,0.1
324.8,0.2,0.1,0.1,0.1
328.3,0.1,0.1,0.1,0.1
329.5,0.1,0.2,0.2,0.2
330.2,0.1,0.1,0.1,0.1
341.8,0.2,0.1,0.1,0.2
981.7,0.2,0.2,0.1,0.2
357,0.1,0.1,0.2,0.1
898,0.2,0.2,0.2,0.2
353.8,0.1,0.2,0.2,0.2
686.1,0.1,0.2,0.2,0.2
326.2,0.1,0.2,0.2,0.2
326.1,0.1,0.2,0.2,0.1
346.1,0.1,0.1,0.1,0.1
311.9,0.1,0.2,0.2,0.2
310.6,0.1,0.1,0.1,0.1
316.7,0.2,0.1,0.1,0.1
321.1,0.2,0.1,0.1,0.1
314.9,0.2,0.1,0.2,0.1
311.4,0.1,0.1,0.1,0.2
311.9,0.1,0.2,0.2,0.3
311.3,0.2,0.1,0.1,0.2
333.2,0.1,0.2,0.1,0.2
317.5,0.1,0.1,0.1,0.2
312.7,0.1,0.1,0.1,0.2
623.9,0.1,0.1,0.1,0.2
311.7,0.2,0.2,0.2,0.2
312.7,0.1,0.1,0.2,0.1
332.7,0.1,0.1,0.2,0.4
312.4,0.1,0.2,0.2,0.2
309,0.1,0.1,0.1,0.2
307.7,0.2,0.2,0.1,0.2
313.3,0.1,0.1,0.1,0.2
311.7,0.1,0.1,0.2,0.1
310.8,0.2,0.1,0.1,0.1
307.6,0.1,0.2,0.2,0.2
307.1,0.2,0.1,0.1,0.1
298.9,0.1,0.1,0.1,0.1
285.8,0.1,0.1,0.1,0.1
290.7,0.1,0.1,0.1,0.1
285.9,0.1,0.2,0.2,0.1
286.9,0.1,0.2,0.2,0.2
285.7,0.1,0.2,0.1,0.2
286.3,0.1,0.2,0.2,0.1
303.1,0.1,0.1,0.2,0.1
286,0.1,0.2,0.2,0.1
285.8,0.2,0.2,0.1,0.2
307.4,0.1,0.1,0.1,0.2
290,0.1,0.2,0.2,0.2
285.8,0.1,0.1,0.1,0.1
298.4,0.1,0.1,0.2,0.1
286.7,0.1,0.2,0.1,0.2
285.5,0.1,0.1,0.1,0.1
495.4,0.1,0.1,0.1,0.2
286.3,0.2,0.1,0.1,0.2
285.4,0.1,0.1,0.2,0.1
285.8,0.1,0.2,0.1,0.2
289.4,0.1,0.1,0.1,0.1
287.6,0.1,0.2,0.1,0.1
291.1,0.2,0.1,0.2,0.1
295.8,0.1,0.1,0.1,0.1
292.7,0.1,0.2,0.1,0.2
272.6,0.1,0.1,0.1,0.1
306.6,0.1,0.1,0.1,0.1
272.1,0.1,0.1,0.1,0.1
272.7,0.1,0.2,0.2,0.2
285.3,0.2,0.1,0.1,0.1
273.1,0.2,0.1,0.1,0.1
306.7,0.1,0.1,0.1,0.1
296.5,0.1,0.1,0.2,0.1
273.9,0.1,0.2,0.1,0.2
272.3,0.1,0.2,0.2,0.1
274.2,0.1,0.2,0.1,0.1
615.8,0.2,0.1,0.1,0.1
273.5,0.1,0.2,0.2,0.1
294.8,0.1,0.2,0.1,0.1
275.6,0.1,0.1,0.1,0.1
272.1,0.1,0.2,0.1,0.2
293.9,0.1,0.1,0.1,0.2
273.9,0.1,0.1,0.2,0.1
274.3,0.1,0.1,0.2,0.1
273,0.1,0.1,0.1,0.1
275.5,0.2,0.2,0.1,0.1
278.3,0.1,0.2,0.1,0.2
278,0.1,0.1,0.2,0.1
272.6,0.1,0.1,0.1,0.1
274,0.1,0.1,0.1,0.1
273,0.1,0.2,0.2,0.1
273.9,0.1,0.1,0.2,0.1
272.8,0.1,0.2,0.2,0.2
278,0.1,0.2,0.1,0.2
275.9,0.2,0.1,0.1,0.1
286,0.1,0.1,0.1,0.2
298.5,0.2,0.1,0.1,0.2
305.1,0.1,0.1,0.2,0.2
296.2,0.2,0.1,0.1,0.2
276,0.1,0.1,0.1,0.2
281.8,0.1,0.1,0.1,0.2
284.1,0.2,0.2,0.2,0.2
279.3,0.1,0.2,0.2,0.2
285.8,0.1,0.1,0.2,0.2
286.2,0.1,0.1,0.1,0.2
278.4,0.1,0.1,0.2,0.2
273.4,0.1,0.2,0.2,0.2
280,0.2,0.2,0.2,0.4
275.1,0.1,0.1,0.1,0.2
372.6,0.1,0.1,0.2,0.1
277.5,0.2,0.2,0.1,0.2
286.2,0.1,0.2,0.1,0.2
274.4,0.1,0.2,0.1,0.2
294,0.2,0.1,0.1,0.2
285.8,0.2,0.2,0.1,0.2
277.3,0.1,0.1,0.2,0.2
277.2,0.1,0.1,0.1,0.2
294.8,0.1,0.2,0.2,0.2
281.8,0.2,0.1,0.1,0.2
273.1,0.1,0.2,0.2,0.2
278,0.1,0.1,0.1,0.1
276.9,0.2,0.1,0.2,0.1
874.8,0.2,0.4,0.3,0.3
290.7,0.1,0.2,0.1,0.1
869.3,0.1,0.1,0.1,0.1
276.4,0.1,0.2,0.2,0.1
281.7,0.1,0.1,0.1,0.2
273.8,0.1,0.1,0.1,0.2
272.5,0.1,0.1,0.1,0.2
298.7,0.2,0.1,0.1,0.1
271.6,0.1,0.1,0.1,0.1
277.4,0.2,0.1,0.1,0.2
282.2,0.1,0.2,0.2,0.1
290.7,0.1,0.2,0.2,0.2
273.1,0.1,0.1,0.1,0.1
296,0.2,0.2,0.2,0.1
273.6,0.2,0.1,0.1,0.1
275.2,0.1,0.2,0.2,0.2
304,0.2,0.1,0.1,0.1
303.2,0.2,0.1,0.1,0.1
318.2,0.1,0.2,0.2,0.2
580.4,0.2,0.1,0.1,0.1
290.1,0.1,0.1,0.1,0.1
275.7,0.1,0.2,0.1,0.2
277.1,0.2,0.2,0.2,0.2
277,0.1,0.2,0.1,0.2
273.4,0.1,0.1,0.1,0.2
272.8,0.1,0.1,0.2,0.2
281.2,0.1,0.2,0.2,0.2
276.6,0.1,0.2,0.1,0.2
307.8,0.1,0.1,0.1,0.2
276.1,0.1,0.2,0.2,0.2
298.8,0.1,0.2,0.1,0.2
289.3,0.1,0.1,0.1,0.1
296.5,0.1,0.2,0.1,0.2
307.8,0.1,0.2,0.2,0.2
276.4,0.2,0.2,0.2,0.2
277.8,0.1,0.1,0.1,0.2
277.6,0.1,0.1,0.1,0.2
538.8,0.1,0.2,0.1,0.2
297.8,0.1,0.1,0.1,0.1
290.1,0.1,0.2,0.2,0.2
296.7,0.1,0.2,0.2,0.2
291.7,0.7,1.2,1.1,1.1
295.3,0.2,0.2,0.2,0.1
308.1,0.1,0.1,0.1,0.2
281.7,0.1,0.1,0.1,0.1
281.5,0.1,0.2,0.1,0.2
276.3,0.1,0.1,0.1,0.2
274.1,0.1,0.1,0.1,0.1
325.3,0.1,0.2,0.2,0.2
278.6,0.1,0.2,0.1,0.2
928.4,0.1,0.1,0.1,0.1
294.3,0.1,0.1,0.1,0.2
278.1,0.1,0.1,0.1,0.1
288.4,0.1,0.1,0.1,0.1
287.9,0.1,0.2,0.1,0.2
277.1,0.1,0.1,0.1,0.2
299.5,0.1,0.2,0.2,0.4
280,0.1,0.2,0.2,0.2
275.9,0.2,0.1,0.1,0.2
867.2,0.1,0.1,0.1,0.1
313.1,0.1,0.1,0.1,0.2
290.5,0.1,0.2,0.1,0.2
273.5,0.1,0.1,0.2,0.2
301.6,0.1,0.1,0.1,0.2
280.9,0.1,0.1,0.1,0.1
327.6,0.1,0.1,0.1,0.1
281,0.1,0.1,0.1,0.1
298.4,0.1,0.2,0.2,0.1
297.2,0.1,0.1,0.1,0.1
290.4,0.1,0.2,0.2,0.1
294.8,0.1,0.1,0.1,0.1
273.4,0.1,0.2,0.2,0.2
279.1,0.1,0.1,0.1,0.1
278.8,0.2,0.1,0.1,0.1
273,0.1,0.2,0.1,0.2
295,0.1,0.2,0.2,0.1
282.1,0.1,0.2,0.2,0.2
295.3,0.2,0.2,0.2,0.2
284.8,0.1,0.1,0.2,0.2
845.4,0.1,0.2,0.2,0.2
284.4,0.2,0.2,0.2,0.2
512,0.1,0.2,0.2,0.2
273.1,0.1,0.2,0.2,0.2
282.6,0.2,0.1,0.1,0.2
282.3,0.1,0.1,0.1,0.1
273.4,0.2,0.1,0.1,0.2
279,0.1,0.1,0.1,0.2
290.7,0.2,0.1,0.1,0.1
281.1,0.1,0.1,0.1,0.1
285.1,0.1,0.1,0.2,0.1
281.1,0.4,0.3,0.3,0.4
296.3,0.2,0.1,0.2,0.1
277.3,0.1,0.1,0.1,0.1
276.9,0.1,0.1,0.1,0.1
279.2,0.1,0.1,0.2,0.2
281.1,0.1,0.3,0.1,0.2
286.1,0.2,0.1,0.1,0.2
277,0.2,0.2,0.2,0.2
308.2,0.1,0.2,0.2,0.2
301,0.2,0.2,0.2,0.1
276.3,0.1,0.1,0.1,0.1
298.2,0.1,0.2,0.2,0.2
278.5,0.2,0.2,0.2,0.1
288.6,0.2,0.1,0.2,0.1
275.8,0.1,0.1,0.2,0.2
287.5,0.1,0.2,0.1,0.2
277.1,0.1,0.2,0.2,0.2
298.1,0.2,0.2,0.1,0.2
279.5,0.1,0.2,0.2,0.2
296.6,0.1,0.2,0.2,0.2
280.5,0.1,0.2,0.2,0.3
297.2,0.2,0.2,0.2,0.2
278.8,0.1,0.1,0.1,0.2
548.9,0.1,0.1,0.1,0.2
276.3,0.1,0.1,0.1,0.1
282.6,0.1,0.2,0.2,0.1
273.2,0.1,0.1,0.1,0.2
286.6,0.1,0.2,0.2,0.2
279.8,0.1,0.2,0.2,0.2
277.5,0.2,0.1,0.2,0.1
344.3,0.1,0.1,0.1,0.1
274.1,0.1,0.2,0.1,0.2
283.9,0.1,0.2,0.1,0.2
280,0.1,0.1,0.1,0.1
296.9,0.1,0.1,0.1,0.2
287.7,0.1,0.1,0.1,0.1
281.5,0.1,0.2,0.2,0.2
551.4,0.1,0.1,0.1,0.4
280.2,0.1,0.1,0.1,0.1
274.3,0.1,0.3,0.2,0.2
323.7,0.3,0.3,0.4,0.4
310.9,0.2,0.2,0.2,0.5
279.9,0.1,0.1,0.2,0.2
281.2,0.1,0.1,0.2,0.3
300.9,0.1,0.1,0.2,0.3
273.2,0.2,0.2,0.1,0.2
273,0.2,0.2,0.2,0.2
276.5,0.1,0.1,0.1,0.2
286.6,0.2,0.1,0.1,0.2
277.9,0.1,0.1,0.1,0.1
291.5,0.1,0.1,0.1,0.2
312,0.1,0.1,0.1,0.1
290.6,0.1,0.1,0.2,0.2
571.9,0.1,0.1,0.1,0.2
341.5,0.1,0.1,0.1,0.2
276.3,0.2,0.1,0.1,0.2
276.3,0.1,0.1,0.1,0.2
316,0.2,0.2,0.2,0.2
276.1,0.1,0.2,0.2,0.1
310.5,0.1,0.1,0.1,0.2
276.2,0.2,0.1,0.1,0.2
289.7,0.1,0.1,0.2,0.2
278.1,0.2,0.1,0.1,0.2
277.6,0.1,0.1,0.2,0.2
307.4,0.1,0.2,0.2,0.2
290.9,0.1,0.2,0.1,0.3
276.9,0.1,0.1,0.1,0.4
287.8,0.1,0.1,0.1,0.4
306.2,0.1,0.1,0.1,0.2
277.1,0.1,0.2,0.2,0.2
286.1,0.2,0.2,0.2,0.2
384.6,0.2,0.2,0.1,0.2
272.8,0.1,0.2,0.1,0.2
273.1,0.1,0.1,0.1,0.1
280.7,0.1,0.4,0.1,0.2
276,0.1,0.2,0.1,0.2
304,0.2,0.1,0.1,0.3
278.2,0.1,0.2,0.2,0.2
276.3,0.1,0.1,0.2,0.2
295.2,0.1,0.1,0.2,0.2
286.3,0.1,0.1,0.1,0.3
277.3,0.2,0.1,0.1,0.2
277.7,0.2,0.2,0.1,0.2
278.7,0.1,0.2,0.2,0.2
277.3,0.1,0.1,0.1,0.3
329.8,0.1,0.2,0.2,0.3
282.6,0.2,0.1,0.1,0.2
715.9,0.1,0.2,0.1,0.2
278.6,0.1,0.1,0.1,0.2
283.8,0.1,0.1,0.1,0.1
272.4,0.2,0.2,0.1,0.2
305.8,0.1,0.2,0.1,0.2
275.4,0.1,0.1,0.1,0.2
281.7,0.1,0.1,0.2,0.2
305.2,0.2,0.2,0.2,0.2
278,0.2,0.2,0.2,0.2
280.3,0.1,0.2,0.2,0.2
275.9,0.1,0.1,0.1,0.2
276.7,0.1,0.2,0.2,0.2
276.2,0.2,0.1,0.2,0.2
299.5,0.1,0.1,0.1,0.1
291.8,0.2,0.2,0.2,0.2
279.8,0.2,0.2,0.1,0.3
278.5,0.1,0.1,0.2,0.2
300.2,0.1,0.2,0.2,0.2
280.9,0.1,0.1,0.2,0.1
294.1,0.1,0.2,0.2,0.1
293,0.1,0.1,0.2,0.1
275.3,0.1,0.1,0.1,0.1
277.6,0.1,0.2,0.1,0.2
289.1,0.3,0.3,0.2,0.3
276.3,0.1,0.2,0.2,0.2
290.4,0.1,0.1,0.1,0.1
288,0.1,0.1,0.1,0.3
276.3,0.1,0.3,0.2,0.2
282.2,0.3,0.3,0.3,0.3
294.3,0.1,0.2,0.1,0.2
278,0.1,0.1,0.1,0.2
272.8,0.1,0.1,0.1,0.1
294.3,0.1,0.2,0.2,0.1
273.3,0.1,0.2,0.2,0.2
295.3,0.2,0.1,0.1,0.2
277.3,0.2,0.1,0.2,0.2
272.9,0.2,0.1,0.2,0.1
273.5,0.1,0.1,0.1,0.1
274.2,0.1,0.2,0.1,0.2
273.4,0.1,0.2,0.1,0.2
277.8,0.1,0.1,0.2,0.1
286.7,0.1,0.1,0.1,0.1
278.2,0.2,0.1,0.1,0.1
278.8,0.1,0.2,0.1,0.2
287.1,0.1,0.1,0.2,0.1
291.7,0.1,0.2,0.1,0.2
273.1,0.1,0.1,0.1,0.1
288.2,0.1,0.1,0.1,0.2
277.3,0.1,0.1,0.1,0.2
273.3,0.2,0.2,0.1,0.2
290.3,0.1,0.2,0.1,0.1
278.4,0.2,0.1,0.1,0.1
315.2,0.1,0.1,0.1,0.1
292.2,0.1,0.2,0.1,0.2
287.3,0.1,0.2,0.2,0.2
272.7,0.1,0.1,0.1,0.2
273.4,0.2,0.1,0.1,0.1
876.6,0.1,0.1,0.1,0.1
280.4,0.1,0.1,0.1,0.1
302,0.1,0.2,0.1,0.1
320.6,0.2,0.1,0.1,0.1
289.2,0.1,0.1,0.1,0.1
281.3,0.1,0.1,0.1,0.1
282.7,0.1,0.2,0.2,0.2
291.2,0.1,0.2,0.2,0.2
292.5,0.1,0.2,0.2,0.2
297.4,0.2,0.1,0.2,0.1
274,0.2,0.1,0.2,0.1
274.4,0.1,0.1,0.1,0.2
277.6,0.1,0.2,0.1,0.2
287.5,0.1,0.2,0.1,0.1
277.9,0.1,0.2,0.2,0.2
278.1,0.1,0.1,0.2,0.1
272.8,0.2,0.2,0.1,0.2
284.3,0.1,0.2,0.2,0.2
295.6,0.1,0.2,0.1,0.2
272.5,0.1,0.1,0.2,0.1
274.3,0.2,0.1,0.1,0.2
278.8,0.1,0.1,0.1,0.1
274.7,0.1,0.1,0.1,0.1
278.2,0.1,0.1,0.1,0.1
290.8,0.1,0.2,0.2,0.1
272.8,0.1,0.2,0.2,0.2
277.5,0.1,0.1,0.1,0.2
297.6,0.1,0.1,0.2,0.1
291.1,0.1,0.2,0.2,0.1
294.6,0.2,0.2,0.2,0.1
284.2,0.2,0.2,0.1,0.2
276.7,0.2,0.2,0.1,0.2
273,0.1,0.1,0.1,0.2
295.7,0.1,0.1,0.1,0.1
276.9,0.1,0.1,0.1,0.1
274.8,0.1,0.1,0.1,0.2
293.1,0.1,0.1,0.2,0.1
278.6,0.1,0.1,0.1,0.1
274.7,0.1,0.2,0.2,0.2
296.3,0.1,0.2,0.2,0.1
299.6,0.1,0.1,0.1,0.1
273.8,0.1,0.2,0.2,0.2
292.9,0.2,0.1,0.2,0.1
277.7,0.1,0.1,0.1,0.1
286.3,0.1,0.1,0.2,0.1
273,0.1,0.1,0.2,0.1
274.6,0.1,0.2,0.1,0.2
301,0.1,0.1,0.1,0.1
274.2,0.1,0.1,0.1,0.1
277.6,0.2,0.1,0.2,0.1
279.2,0.1,0.1,0.2,0.1
283.2,0.1,0.2,0.2,0.2
275.4,0.1,0.2,0.2,0.2
277.4,0.1,0.2,0.2,0.2
275.5,0.1,0.1,0.1,0.2
289.5,0.1,0.1,0.1,0.1
274.9,0.1,0.1,0.1,0.1
285.8,0.1,0.2,0.1,0.2
291.3,0.1,0.1,0.1,0.2
277.4,0.1,0.1,0.1,0.1
279.7,0.2,0.1,0.1,0.1
278.1,0.1,0.1,0.1,0.1
278.4,0.1,0.1,0.1,0.1
288.1,0.2,0.2,0.2,0.2
285.9,0.1,0.1,0.1,0.1
277.9,0.1,0.1,0.2,0.1
292.5,0.2,0.1,0.2,0.1
273.3,0.1,0.2,0.2,0.2
286.5,0.1,0.2,0.2,0.1
290.4,0.1,0.1,0.1,0.1
279.4,0.2,0.1,0.2,0.1
284.6,0.1,0.1,0.1,0.1
273.1,0.1,0.1,0.1,0.2
286.5,0.1,0.1,0.2,0.1
276.1,0.2,0.2,0.1,0.2
290.8,0.1,0.2,0.2,0.2
273.1,0.2,0.1,0.1,0.1
273.5,0.1,0.1,0.2,0.2
273.8,0.1,0.2,0.2,0.2
278,0.1,0.2,0.1,0.2
273.3,0.1,0.1,0.1,0.1
277.1,0.1,0.1,0.1,0.1
291.1,0.1,0.2,0.2,0.2
281.7,0.1,0.1,0.1,0.2
293.9,0.1,0.2,0.2,0.2
289.4,0.1,0.1,0.1,0.1
279,0.1,0.2,0.2,0.2
280.3,0.2,0.2,0.2,0.2
278,0.1,0.1,0.1,0.1
291.1,0.1,0.2,0.2,0.2
294.7,0.2,0.1,0.1,0.1
273.3,0.1,0.2,0.2,0.1
295.8,0.1,0.2,0.2,0.2
294.2,0.2,0.1,0.1,0.2
272.8,0.1,0.1,0.1,0.1
272.6,0.2,0.1,0.2,0.1
272.1,0.1,0.1,0.1,0.2
290.4,0.1,0.1,0.1,0.2
317.5,0.1,0.2,0.2,0.1
277.2,0.1,0.1,0.1,0.1
277.6,0.2,0.1,0.1,0.1
276.7,0.1,0.1,0.1,0.1
294.2,0.1,0.2,0.1,0.2
272.6,0.1,0.2,0.2,0.2
276.8,0.1,0.1,0.2,0.1
298.5,0.1,0.1,0.2,0.1
272.8,0.2,0.2,0.2,0.2
272.6,0.1,0.1,0.1,0.1
290.3,0.1,0.1,0.1,0.1
277.1,0.1,0.1,0.1,0.1
299.1,0.1,0.1,0.1,0.1
278.3,0.1,0.1,0.1,0.2
272.6,0.1,0.1,0.1,0.2
292.5,0.1,0.2,0.2,0.2
287.4,0.1,0.1,0.2,0.1
273,0.2,0.1,0.1,0.2
272.5,0.1,0.1,0.2,0.1
291.3,0.1,0.1,0.2,0.1
277,0.1,0.2,0.1,0.2
304.1,0.2,0.1,0.1,0.2
297.8,0.2,0.1,0.1,0.1
274.7,0.1,0.2,0.2,0.2
298.3,0.1,0.1,0.1,0.1
291.5,0.1,0.2,0.2,0.2
312.4,0.1,0.1,0.1,0.1
308.5,0.1,0.1,0.1,0.1
424.6,0.1,0.2,0.2,0.2
316,0.1,0.2,0.1,0.2
295.7,0.1,0.2,0.2,0.2
277.5,0.2,0.2,0.2,0.1
277.4,0.1,0.1,0.1,0.1
282.2,0.1,0.1,0.1,0.1
273,0.1,0.1,0.1,0.1
287.9,0.1,0.2,0.2,0.1
288.4,0.1,0.2,0.2,0.2
286.6,0.1,0.2,0.2,0.1
273.3,0.1,0.2,0.2,0.2
285.2,0.1,0.2,0.2,0.2
302.8,0.1,0.1,0.1,0.1
280.8,0.2,0.1,0.2,0.1
290.1,0.1,0.1,0.1,0.1
283,0.2,0.2,0.2,0.2
291.6,0.2,0.2,0.1,0.2
272.7,0.1,0.2,0.1,0.2
273,0.2,0.2,0.2,0.1
295.1,0.2,0.1,0.1,0.1
279,0.2,0.1,0.1,0.1
275.9,0.1,0.1,0.2,0.1
293,0.1,0.1,0.1,0.1
273.3,0.1,0.2,0.1,0.2
500.3,0.2,0.1,0.1,0.1
