0,0.1,0.1,0.1,0.2
0,0.1,0.2,0.1,0.1
0,0.2,0.1,0.1,0.1
0,0.1,0.1,0.1,0.1
0,0.1,0.1,0.2,0.1
0,0.1,0.1,0.1,0.2
0,0.1,0.2,0.1,0.1
0,0.1,0.1,0.2,0.2
0,0.2,0.1,0.1,0.2
0,0.1,0.1,0.1,0.1
0,0.1,0.1,0.1,0.1
0,0.1,0.1,0.1,0.1
0,0.2,0.1,0.1,0.1
0,0.2,0.1,0.2,0.2
0,0.2,0.1,0.2,0.1
0,0.1,0.1,0.1,0.1
0,0.1,0.1,0.1,0.2
0,0.1,0.1,0.1,0.1
0,0.1,0.1,0.2,0.1
0,0.1,0.1,0.1,0.1
0,0.2,0.2,0.1,0.1
0,9.3,0.1,0.1,0.2
0,0.1,0.2,0.1,0.1
0,0.1,0.2,0.1,0.1
0,0.2,0.1,0.2,0.1
0,0.1,0.2,0.1,0.1
0,0.1,0.1,0.2,0.1
0,0.1,0.1,0.1,0.1
0,0.1,0.1,0.2,0.1
0,0.1,0.2,0.1,0.1
0,0.1,0.1,0.2,0.2
0,0.1,0.1,0.1,0.1
0,0.1,0.1,0.1,0.2
0,0.2,0.1,0.1,0.2
0,0.1,0.1,0.2,0.1
0,0.1,0.1,0.1,0.1
0,0.2,0.1,0.2,0.2
0,0.1,0.1,0.1,0.1
0,0.1,0.2,0.1,0.1
0,0.1,0.1,0.1,0.2
0,0.1,0.1,0.1,0.1
0,0.1,0.1,0.1,0.1
0,0.1,0.2,0.2,0.1
0,0.1,0.1,0.2,0.1
0,0.1,0.2,0.2,0.1
0,0.1,0.1,0.2,0.2
0,0.2,0.1,0.1,0.1
0,0.1,0.1,0.1,0.2
0,0.1,0.1,0.1,0.2
0,0.1,0.1,0.2,0.1
0,0.1,0.1,0.1,0.2
0,0.1,0.1,0.1,0.2
0,0.1,0.1,0.1,0.1
0,0.1,0.1,0.1,0.2
0,0.1,0.1,0.2,0.1
0,0.1,0.1,0.1,0.1
0,0.2,0.2,0.1,0.1
0,0.1,0.1,0.1,0.2
0,0.1,0.1,0.1,0.1
0,0.2,0.1,0.1,0.2
0,0.1,0.1,0.2,0.1
0,0.2,0.1,0.2,0.1
0,0.1,0.1,0.1,0.2
0,0.1,0.2,0.1,0.1
0,0.1,0.1,0.2,0.2
0,0.1,0.2,0.1,0.1
0,0.1,0.1,0.1,0.2
0,0.2,0.2,0.1,0.1
0,0.1,0.1,0.2,0.1
0,0.1,0.1,0.1,0.2
0,0.2,0.1,0.2,0.1
0,0.2,0.2,0.2,0.2
0,0.1,0.1,0.2,0.1
0,0.1,0.1,0.1,0.2
0,0.1,0.2,0.2,0.2
0,0.1,0.2,0.2,0.1
0,0.1,0.2,0.1,0.1
0,0.2,0.2,0.2,0.1
0,0.1,0.1,0.1,0.1
0,0.1,0.2,0.1,0.1
0,0.1,0.1,0.2,0.1
0,0.1,0.1,0.1,0.2
0,0.1,0.2,0.1,0.1
0,0.1,0.2,0.1,0.1
0,0.1,0.1,0.2,0.1
0,0.1,0.1,0.1,0.2
0,0.1,0.1,0.2,0.1
0,0.1,0.1,0.2,0.1
0,0.1,0.1,0.1,0.1
0,0.1,0.2,0.2,0.1
0,0.1,0.2,0.1,0.1
0,0.1,0.2,0.1,0.1
0,0.1,0.1,0.2,0.1
0,0.1,0.1,0.1,0.1
0,0.1,0.1,0.1,0.1
0,0.1,0.1,0.1,0.1
0,0.1,0.1,0.1,0.1
0,0.2,0.2,0.1,0.1
0,0.1,0.1,0.1,0.2
0,0.1,0.1,0.1,0.2
0,0.4,0.3,0.3,0.3
0,0.1,0.1,0.2,0.1
0,0.1,0.1,0.2,0.1
0,0.2,0.1,0.2,0.1
0,0.1,0.1,0.2,0.1
0,0.1,0.1,0.1,0.2
0,0.1,0.1,0.1,0.1
0,0.1,0.1,0.2,0.1
0,0.1,0.1,0.1,0.1
0,0.1,0.1,0.2,0.1
0,0.2,0.1,0.2,0.2
0,0.2,0.2,0.2,0.1
0,0.1,0.1,0.1,0.2
0,0.2,0.1,0.1,0.2
0,0.1,0.1,0.2,0.1
0,0.1,0.1,0.2,0.2
0,0.1,0.1,0.2,0.1
0,0.2,0.1,0.1,0.2
0,0.1,0.2,0.1,0.1
0,0.1,0.2,0.1,0.1
0,0.2,0.2,0.1,0.1
0,0.1,0.2,0.1,0.1
0,0.1,0.1,0.2,0.1
0,0.1,0.1,0.1,0.2
0,0.1,0.1,0.1,0.1
0,0.1,0.1,0.2,0.1
0,0.1,0.1,0.2,0.1
0,0.1,0.2,0.1,0.1
0,0.1,0.1,0.2,0.2
0,0.2,0.1,0.2,0.1
0,0.2,0.1,0.2,0.1
0,0.2,0.1,0.2,0.1
0,0.2,0.1,0.2,0.1
0,0.1,0.2,0.2,0.1
0,0.1,0.1,0.1,0.1
0,0.1,0.1,0.2,0.1
0,0.1,0.1,0.1,0.1
0,0.1,0.1,0.2,0.1
0,0.1,0.1,0.1,0.1
0,0.1,0.2,0.1,0.1
0,0.1,0.1,0.2,0.1
0,0.1,0.1,0.1,0.2
0,0.1,0.2,0.2,0.1
0,0.1,0.1,0.1,0.1
0,0.1,0.1,0.1,0.2
0,0.1,0.2,0.1,0.1
0,0.1,0.2,0.3,0.1
0,0.1,0.1,0.1,0.1
0,0.1,0.1,0.1,0.2
0,0.1,0.1,0.1,0.2
0,0.1,0.1,0.2,0.1
0,0.1,0.1,0.2,0.1
0,0.1,0.1,0.2,0.1
0,0.1,0.2,0.1,0.1
0,0.2,0.1,0.2,0.1
0,0.1,0.1,0.1,0.2
0,0.1,0.2,0.1,0.1
0,0.1,0.1,0.2,0.1
0,0.2,0.1,0.1,0.2
0,0.1,0.1,0.1,0.1
0,0.2,0.1,0.2,0.1
0,0.1,0.1,0.1,0.2
0,0.1,0.1,0.1,0.1
0,0.2,0.1,0.2,0.1
0,0.1,0.1,0.1,0.2
0,0.1,0.1,0.2,0.1
0,0.1,0.1,0.1,0.1
0,0.1,0.2,0.1,0.1
0,0.2,0.1,0.2,0.1
0,0.1,0.1,0.1,0.1
0,0.1,0.1,0.1,0.1
0,0.1,0.1,0.1,0.1
0,0.2,0.1,0.2,0.1
0,0.1,0.1,0.1,0.1
0,0.1,0.1,0.1,0.1
0,0.2,0.1,0.1,0.1
0,0.2,0.1,0.1,0.2
0,0.1,0.1,0.2,0.1
0,0.1,0.1,0.2,0.1
0,0.1,0.1,0.1,0.2
0,0.1,0.1,0.2,0.1
0,0.1,0.2,0.1,0.1
0,0.1,0.2,0.1,0.1
0,0.1,0.2,0.2,0.1
0,0.1,0.1,0.1,0.1
0,0.1,0.1,0.1,0.1
0,0.1,0.2,0.1,0.1
0,0.1,0.2,0.1,0.1
0,0.1,0.1,0.2,0.1
0,0.1,0.1,0.1,0.2
0,0.1,0.1,0.1,0.2
0,0.2,0.1,0.2,0.1
0,0.1,0.1,0.1,0.2
0,0.2,0.1,0.2,0.2
0,0.1,0.1,0.1,0.2
0,0.1,0.2,0.1,0.1
0,0.1,0.1,0.1,0.1
0,0.1,0.1,0.1,0.2
0,0.1,0.1,0.2,0.2
0,0.1,0.1,0.2,0.2
0,0.1,0.1,0.1,0.2
0,0.2,0.1,0.2,0.1
0,0.1,0.1,0.2,0.1
0,0.2,0.2,0.2,0.3
0,0.1,0.1,0.2,0.1
0,0.2,0.2,0.1,0.1
0,0.1,0.1,0.1,0.1
0,0.1,0.1,0.1,0.2
0,0.1,0.1,0.1,0.1
0,0.1,0.1,0.2,0.1
0,0.1,0.1,0.1,0.2
0,0.1,0.1,0.2,0.1
0,0.2,0.2,0.1,0.1
0,0.1,0.1,0.2,0.1
0,0.1,0.2,0.1,0.1
0,0.1,0.1,0.2,0.1
0,0.1,0.1,0.2,0.1
0,0.2,0.1,0.1,0.1
0,0.1,0.1,0.1,0.2
0,0.1,0.1,0.2,0.1
0,0.2,0.1,0.2,0.1
0,0.1,0.1,0.1,0.2
0,0.1,0.1,0.2,0.1
0,0.1,0.1,0.1,0.2
0,0.1,0.1,0.2,0.1
0,0.1,0.2,0.1,0.1
0,0.1,0.1,0.1,0.2
0,0.1,0.1,0.2,0.1
0,0.1,0.1,0.1,0.1
0,0.1,0.2,0.1,0.1
0,0.1,0.1,0.1,0.2
0,0.1,0.1,0.2,0.1
0,0.1,0.1,0.2,0.1
0,0.1,0.1,0.1,0.1
0,0.1,0.1,0.1,0.1
0,0.1,0.1,0.1,0.1
0,0.1,0.1,0.1,0.1
0,0.1,0.1,0.2,0.1
0,0.1,0.2,0.1,0.1
0,0.2,0.1,0.2,0.1
0,0.2,0.1,0.2,0.1
0,0.2,0.2,0.2,0.1
0,0.1,0.1,0.1,0.1
0,0.1,0.1,0.1,0.1
0,0.1,0.1,0.1,0.1
0,0.2,0.1,0.1,0.2
0,0.1,0.1,0.1,0.1
0,0.1,0.1,0.1,0.2
0,0.2,0.1,0.2,0.1
0,0.1,0.1,0.1,0.1
0,0.2,0.1,0.2,0.1
0,0.1,0.2,0.2,0.1
0,0.2,0.1,0.2,0.1
0,0.1,0.1,0.1,0.2
0,0.1,0.1,0.1,0.2
0,0.1,0.1,0.1,0.1
0,0.2,0.1,0.2,0.1
0,0.2,0.1,0.1,0.2
0,0.1,0.1,0.1,0.2
0,0.1,0.1,0.1,0.2
0,0.1,0.1,0.2,0.2
0,0.1,0.2,0.2,0.1
0,0.1,0.1,0.1,0.2
0,0.2,0.2,0.2,0.2
0,0.2,0.2,0.3,0.2
0,0.1,0.1,0.2,0.2
0,0.4,0.3,0.3,0.3
0,0.2,0.2,0.3,0.2
0,0.1,0.2,0.2,0.2
0,0.1,0.1,0.1,0.2
0,0.2,0.1,0.2,0.1
0,0.4,0.3,0.4,0.9
0,0.2,0.2,0.1,0.1
0,0.1,0.1,0.1,0.1
0,0.1,0.2,0.2,0.1
0,0.2,0.2,0.1,0.1
0,0.2,0.1,0.2,0.1
0,0.1,0.1,0.1,0.1
0,0.2,0.2,0.2,0.1
0,0.1,0.2,0.2,0.2
0,0.1,0.1,0.2,0.1
0,0.1,0.1,0.1,0.2
0,0.1,0.2,0.1,0.1
0,0.4,0.3,0.4,0.3
0,0.1,0.1,0.1,0.2
0,0.1,0.1,0.2,0.1
0,0.2,0.1,0.1,0.1
0,0.2,0.2,0.2,0.3
0,0.2,0.1,0.1,0.1
0,0.2,0.1,0.1,0.2
0,0.1,0.1,0.1,0.2
0,0.1,0.1,0.2,0.1
0,0.2,0.1,0.1,0.2
0,0.1,0.1,0.1,0.1
0,0.3,0.2,0.5,0.3
0,0.1,0.1,0.1,0.1
0,0.2,0.1,0.1,0.1
0,0.3,0.3,0.3,0.3
0,0.1,0.2,0.2,0.1
0,0.1,0.1,0.1,0.1
0,0.2,0.2,0.1,0.1
0,0.1,0.1,0.1,0.2
0,0.1,0.1,0.2,0.1
0,0.1,0.2,0.2,0.1
0,0.2,0.1,0.2,0.2
0,0.1,0.1,0.1,0.1
0,0.2,0.1,0.2,0.1
0,0.1,0.2,0.1,0.1
0,0.1,0.2,0.2,0.1
0,0.1,0.2,0.2,0.1
0,0.2,0.1,0.1,0.1
0,0.9,0.4,0.5,1
0,0.3,0.3,0.3,0.3
0,0.1,0.1,0.1,0.1
0,0.1,0.1,0.1,0.2
0,0.1,0.2,0.1,0.1
0,0.2,0.2,0.2,0.1
0,0.1,0.1,0.1,0.1
0,0.2,0.1,0.2,0.1
0,0.1,0.1,0.1,0.2
0,0.1,0.1,0.1,0.2
0,0.1,0.1,0.1,0.2
0,0.1,0.1,0.1,0.2
0,0.1,0.1,0.1,0.1
0,0.1,0.1,0.1,0.2
0,0.2,0.1,0.2,0.1
0,0.1,0.1,0.1,0.1
0,0.1,0.1,0.1,0.2
0,0.2,0.1,0.2,0.2
0,0.1,0.1,0.1,0.1
0,0.1,0.1,0.1,0.1
0,0.1,0.1,0.1,0.2
0,0.1,0.1,0.1,0.2
0,0.1,0.2,0.1,0.1
0,0.2,0.1,0.2,0.1
0,0.1,0.1,0.2,0.1
0,0.1,0.1,0.1,0.1
0,0.2,0.2,0.1,0.1
0,0.1,0.2,0.2,0.1
0,0.1,0.1,0.2,0.1
0,0.1,0.1,0.1,0.1
0,0.1,0.1,0.2,0.1
0,0.1,0.1,0.1,0.2
0,0.1,0.2,0.1,0.1
0,0.2,0.1,0.2,0.1
0,0.2,0.1,0.1,0.2
0,0.2,0.2,0.1,0.1
0,0.1,0.1,0.1,0.2
0,0.1,0.1,0.1,0.2
0,0.1,0.1,0.1,0.2
0,0.1,0.1,0.1,0.1
0,0.1,0.1,0.1,0.2
0,0.1,0.1,0.2,0.1
0,0.1,0.2,0.4,0.1
0,0.1,0.1,0.1,0.2
0,0.1,0.1,0.1,0.2
0,0.1,0.2,0.2,0.1
0,0.1,0.1,0.2,0.1
0,0.1,0.1,0.1,0.2
0,0.1,0.1,0.2,0.1
0,0.1,0.1,0.2,0.1
0,0.1,0.1,0.2,0.1
0,0.2,0.1,0.2,0.1
0,0.1,0.2,0.1,0.1
0,0.2,0.1,0.2,0.1
0,0.1,0.1,0.1,0.1
0,0.1,0.1,0.2,0.1
0,0.1,0.1,0.1,0.2
0,0.2,0.1,0.1,0.1
0,0.1,0.1,0.2,0.1
0,0.1,0.1,0.1,0.2
0,0.2,0.1,0.1,0.2
0,0.1,0.1,0.2,0.1
0,0.1,0.1,0.1,0.1
0,0.1,0.2,0.2,0.1
0,0.1,0.1,0.1,0.1
0,0.1,0.1,0.1,0.1
0,0.1,0.2,0.1,0.1
0,0.1,0.1,0.2,0.1
0,0.1,0.1,0.2,0.1
0,0.1,0.1,0.1,0.1
0,0.1,0.1,0.2,0.1
0,0.1,0.1,0.1,0.1
0,0.2,10.4,0.2,0.1
0,0.1,0.1,0.1,0.1
0,0.1,0.1,0.2,0.1
0,0.1,0.1,0.2,0.2
0,0.1,0.1,0.2,0.1
0,0.1,0.1,0.1,0.2
0,0.1,0.2,0.2,0.1
0,0.1,0.1,0.1,0.1
0,0.1,0.2,0.1,0.1
0,0.1,0.2,0.1,0.1
0,0.1,0.2,0.1,0.1
0,0.2,0.2,0.2,0.2
0,0.1,0.1,0.2,0.1
0,0.1,0.1,0.2,0.1
0,0.1,0.1,0.2,0.1
0,0.1,0.1,0.1,0.1
0,0.1,0.1,0.1,0.1
0,0.1,0.1,0.2,0.1
0,0.1,0.1,0.1,0.1
0,0.2,0.1,9.6,0.1
0,0.1,0.2,0.2,0.1
0,0.1,0.1,0.1,0.1
0,0.1,0.1,0.2,0.2
0,0.1,0.1,0.1,0.1
0,0.1,0.1,0.1,0.1
0,0.3,0.1,0.2,0.2
0,0.1,0.1,0.1,0.2
0,0.1,0.2,0.1,0.1
0,0.1,0.2,0.1,0.1
0,0.1,0.1,0.1,0.2
0,0.1,0.2,0.1,0.1
0,0.1,0.1,0.1,0.2
0,0.1,0.2,0.1,0.1
0,0.2,0.1,0.2,0.2
0,0.2,0.1,0.1,0.2
0,0.1,0.1,0.1,0.1
0,0.1,0.1,0.2,0.1
0,0.1,0.1,0.2,0.1
0,0.1,0.2,0.2,0.1
0,0.1,0.1,0.1,0.2
0,0.2,0.2,0.1,0.1
0,0.1,0.1,0.2,0.1
0,0.1,0.1,0.1,0.1
0,0.2,0.1,0.2,0.1
0,0.1,0.1,0.1,0.1
0,0.1,0.1,0.1,0.1
0,0.2,0.1,0.1,0.2
0,0.1,0.1,0.1,0.2
0,0.1,0.1,0.2,0.1
0,0.1,0.1,0.2,0.2
0,0.1,0.1,0.1,0.2
0,0.1,0.1,0.1,0.2
0,0.1,0.2,0.1,0.1
0,0.1,0.2,0.2,0.1
0,0.1,0.2,0.1,0.1
0,0.1,0.1,0.2,0.1
0,0.1,0.1,0.1,0.2
0,0.2,0.2,0.1,0.1
0,0.2,0.1,0.2,0.1
0,0.1,0.1,0.2,0.1
0,0.1,0.1,0.1,0.1
0,0.1,0.2,0.2,0.1
0,0.1,0.2,0.1,0.1
0,0.1,0.1,0.1,0.1
0,0.1,0.2,0.1,0.1
0,0.2,0.1,0.2,0.1
0,0.1,0.1,0.1,0.1
0,0.2,0.1,0.2,0.1
0,0.1,0.1,0.1,0.1
0,0.1,0.2,0.2,0.1
0,0.1,0.1,0.2,0.1
0,0.2,0.1,0.2,0.1
0,0.2,0.2,0.1,0.1
0,0.1,0.1,0.2,0.1
0,0.1,0.1,0.1,0.2
0,0.1,0.2,0.1,0.1
0,0.1,0.1,0.1,0.1
0,0.1,0.1,0.2,0.1
0,0.1,0.1,0.2,0.1
0,0.2,0.1,0.2,0.2
0,0.1,0.1,0.2,0.1
0,0.1,0.1,0.2,0.2
0,0.1,0.1,0.1,0.1
0,0.1,0.1,0.1,0.2
0,0.1,0.1,0.1,0.1
0,0.1,0.1,0.2,0.1
0,0.1,0.1,0.1,0.1
0,0.1,0.1,0.1,0.1
0,0.1,0.2,0.2,0.1
0,0.1,0.1,0.1,0.1
0,0.1,0.1,0.2,0.1
0,0.1,0.1,0.2,0.1
0,0.1,0.1,0.1,0.1
0,0.1,0.1,0.1,0.2
0,0.1,0.1,0.1,0.1
0,0.1,0.1,0.1,0.1
0,0.1,0.1,0.2,0.1
0,0.1,0.1,0.2,0.1
0,0.1,0.1,0.1,0.1
0,0.1,0.1,0.1,0.2
0,0.1,0.1,0.2,0.2
0,0.2,0.1,0.2,0.1
0,0.2,0.1,0.2,0.3
0,0.1,0.1,0.1,0.2
0,0.1,0.1,0.1,0.2
0,0.1,0.1,0.2,0.1
0,0.1,0.1,0.2,0.1
0,0.1,0.1,0.1,0.2
0,0.1,0.1,0.2,0.1
0,0.1,0.1,0.1,0.1
0,0.1,0.1,0.2,0.1
0,0.1,0.1,0.2,0.1
0,0.1,0.2,0.1,0.1
0,0.1,0.1,0.1,0.1
0,0.1,0.1,0.1,0.2
0,0.1,0.1,0.2,0.1
0,0.1,0.1,0.1,0.2
0,0.1,0.1,0.2,0.1
0,0.1,0.1,0.1,0.2
0,0.2,0.1,0.1,0.2
0,0.2,0.2,0.1,0.1
0,0.1,0.1,0.1,0.2
0,0.1,0.1,0.3,0.1
0,0.1,0.1,0.1,0.1
0,0.1,0.2,0.1,0.1
0,0.1,0.2,0.1,0.1
0,0.1,0.2,0.1,0.1
0,0.1,0.2,0.1,0.1
0,0.1,0.1,0.1,0.2
0,0.2,0.1,0.1,0.1
0,0.1,0.1,0.2,0.1
0,0.1,0.2,0.1,0.2
0,0.2,0.2,0.3,0.2
0,0.1,0.1,0.2,0.1
0,0.2,0.1,0.2,0.2
0,0.2,0.1,0.1,0.1
0,0.1,0.1,0.1,0.1
0,0.1,0.1,0.1,0.1
0,0.3,0.3,0.3,0.3
0,0.1,0.2,0.2,0.1
0,0.1,0.2,0.2,0.1
0,0.1,0.1,0.1,0.1
0,0.1,0.2,0.1,0.1
0,0.3,0.3,0.3,0.2
0,0.2,0.2,0.2,0.1
0,0.2,0.1,0.1,0.2
0,0.2,0.1,0.2,0.2
0,0.2,0.2,0.1,0.1
0,0.2,0.2,0.1,0.1
0,0.1,0.1,0.2,0.1
0,0.1,0.1,0.1,0.1
0,0.1,0.1,0.1,0.1
0,0.2,0.1,0.2,0.1
0,0.1,0.1,0.1,0.2
0,0.2,0.2,0.2,0.1
0,0.1,0.1,0.1,0.2
0,0.1,0.1,0.2,0.1
0,0.1,0.1,0.1,0.2
0,0.2,0.2,0.2,0.1
0,0.4,0.3,0.5,0.4
0,0.1,0.1,0.3,0.2
0,0.2,0.2,0.2,0.2
0,0.1,0.2,0.2,0.2
0,0.1,0.1,0.1,0.1
0,0.1,0.1,0.1,0.2
0,0.1,0.2,0.1,0.1
0,0.1,0.1,0.2,0.1
0,0.3,0.2,0.3,0.3
0,0.1,0.1,0.1,0.1
0,0.1,0.1,0.1,0.1
0,0.1,0.1,0.1,0.2
0,0.2,0.2,0.1,0.2
0,0.1,0.1,0.2,0.1
0,0.2,0.1,0.1,0.2
0,0.2,0.1,0.3,0.3
0,0.2,0.1,0.1,0.1
0,0.1,0.1,0.1,0.2
0,0.2,0.1,0.1,0.1
0,0.1,0.1,0.5,0.2
0,0.1,0.1,0.2,0.1
0,0.1,0.2,0.2,0.2
0,0.2,0.2,0.2,2.5
0,0.2,0.2,0.2,0.2
0,0.3,0.3,0.3,0.2
0,0.1,0.1,0.1,0.2
0,0.1,0.1,0.1,0.2
0,0.1,0.1,0.1,0.2
0,0.2,0.2,0.2,0.1
0,0.1,0.1,0.2,0.1
0,0.1,0.1,0.2,0.1
0,0.2,0.1,0.3,0.2
0,0.1,0.1,0.1,0.1
0,0.1,0.1,0.1,0.2
0,0.1,0.2,0.2,0.1
0,0.2,0.2,0.2,0.1
0,0.1,0.1,0.1,0.2
0,0.2,0.1,0.1,0.2
0,0.3,0.2,0.4,0.3
0,0.2,0.2,0.1,0.1
0,0.1,0.1,0.1,0.2
0,0.1,0.1,0.2,0.2
0,0.1,0.1,0.1,0.2
0,0.2,0.1,0.1,0.2
0,0.1,0.1,0.2,0.1
0,0.1,0.1,0.3,0.1
0,0.2,0.1,0.1,0.1
0,0.2,0.2,0.1,0.2
0,0.1,0.2,0.1,0.1
0,0.2,0.2,0.2,0.1
0,0.1,0.1,0.2,0.1
0,0.3,0.3,0.3,0.3
0,0.1,0.1,0.1,0.2
0,0.2,0.1,0.2,0.1
0,0.1,0.1,0.2,0.1
0,0.1,0.2,0.2,0.1
0,0.1,0.1,0.2,0.2
0,0.1,0.1,0.1,0.2
0,0.1,0.1,0.2,0.1
0,0.2,0.1,0.1,0.1
0,0.1,0.1,0.1,0.2
0,0.1,0.1,0.3,0.2
0,0.2,0.1,0.1,0.2
0,0.2,0.1,0.1,0.2
0,0.1,0.1,0.2,0.1
0,0.1,0.1,0.1,0.1
0,0.1,0.2,0.1,0.1
0,0.1,0.1,0.1,0.2
0,0.1,0.1,0.1,0.2
0,0.2,0.1,0.2,0.1
0,0.1,0.1,0.2,0.1
0,0.1,0.2,0.2,0.1
0,0.1,0.1,0.1,0.2
0,0.1,0.2,0.1,0.1
0,0.1,0.2,0.2,0.1
0,0.1,0.1,0.1,0.2
0,0.2,0.1,0.1,0.1
0,0.1,0.2,0.2,0.1
0,0.1,0.2,0.1,0.1
0,0.1,0.1,0.2,0.1
0,0.2,0.1,0.2,0.1
0,0.2,0.1,0.1,0.1
0,0.1,0.1,0.2,0.1
0,0.2,0.1,0.1,0.2
0,0.1,0.1,0.1,0.2
0,0.1,0.2,0.1,0.1
0,0.2,0.1,0.2,0.1
0,0.1,0.2,0.1,0.1
0,0.2,0.2,0.2,0.1
0,0.2,0.1,0.1,0.1
0,0.1,0.1,0.2,0.1
0,0.1,0.1,0.1,0.2
0,0.1,0.2,0.1,0.1
0,0.2,0.1,0.1,0.2
0,0.1,0.1,0.1,0.1
0,0.1,0.1,0.1,0.2
0,0.1,0.2,0.1,0.1
0,0.1,0.1,0.2,0.1
0,0.1,0.1,0.2,0.1
0,0.1,0.2,0.1,0.1
0,0.2,0.1,0.1,0.1
0,0.1,0.1,0.1,0.1
0,0.1,0.1,0.1,0.1
0,0.1,0.2,0.2,0.1
0,0.2,0.1,0.2,0.1
0,0.1,0.2,0.1,0.1
0,0.2,0.2,0.1,0.1
0,0.1,0.1,0.1,0.1
0,0.2,0.2,0.1,0.1
0,0.1,0.1,0.1,0.2
0,0.1,0.1,0.1,0.2
0,0.1,0.2,0.1,0.1
0,0.1,0.1,0.2,0.1
0,0.1,0.1,0.2,0.1
0,0.1,0.1,0.2,0.1
0,0.1,0.1,0.1,0.1
0,0.1,0.1,0.1,0.2
0,0.1,0.1,0.1,0.1
0,0.1,0.1,0.1,0.1
0,0.1,0.1,0.2,0.1
0,0.2,0.1,0.1,0.2
0,0.2,0.1,0.1,0.2
0,0.1,0.1,0.1,0.1
0,0.1,0.1,0.1,0.1
0,0.1,0.1,0.1,0.1
0,0.1,0.1,0.2,0.1
0,0.1,0.1,0.2,0.1
0,0.1,0.1,0.1,0.1
0,0.1,0.2,0.1,0.1
0,0.1,0.2,0.1,0.1
0,0.1,0.1,0.1,0.1
0,0.1,0.1,0.1,0.1
0,0.1,0.1,0.2,0.1
0,0.1,0.1,0.1,0.1
0,0.1,0.1,0.1,0.2
0,0.1,0.1,0.2,0.1
0,0.2,0.1,0.2,0.1
0,0.1,0.1,0.2,0.1
0,0.1,0.1,0.1,0.1
0,0.1,0.1,0.1,0.2
0,0.2,0.1,0.1,0.2
0,0.1,0.1,0.1,0.1
0,0.1,0.1,0.1,0.1
0,0.2,0.1,0.2,0.1
0,0.1,0.1,0.1,0.2
0,0.1,0.1,0.1,0.1
0,0.1,0.1,0.1,0.2
0,0.1,0.2,0.1,0.1
0,0.2,0.2,0.1,0.1
0,0.1,0.1,0.1,0.1
0,0.1,0.1,0.2,0.1
0,0.1,0.1,0.2,0.1
0,0.1,0.1,0.2,0.1
0,0.1,0.1,0.1,0.2
0,0.2,0.1,0.2,0.2
0,0.1,0.1,0.2,0.2
0,0.2,0.1,0.1,0.1
0,0.2,0.2,0.1,0.1
0,0.2,0.1,0.2,0.1
0,0.2,0.1,0.1,0.1
0,0.1,0.1,0.2,0.1
0,0.1,0.1,0.2,0.1
0,0.1,0.1,0.1,0.1
0,0.1,0.1,0.2,0.1
0,0.2,0.1,0.2,0.1
0,0.1,0.1,0.1,0.2
0,0.1,0.1,0.1,0.1
0,0.1,0.1,0.2,0.1
0,0.1,0.2,0.1,0.1
0,0.1,0.1,0.1,0.2
0,0.2,0.1,0.2,0.1
0,0.1,0.2,0.1,0.1
0,0.1,0.1,0.1,0.1
0,0.2,0.2,0.2,0.1
0,0.1,0.1,0.1,0.1
0,0.2,0.1,0.2,0.1
0,0.1,0.2,0.1,0.1
0,0.1,0.1,0.1,0.2
0,0.1,0.1,0.2,0.1
0,0.1,0.1,0.1,0.1
0,0.1,0.1,0.2,0.2
0,0.1,0.1,0.2,0.1
0,0.1,0.1,0.1,0.1
0,0.1,0.1,0.1,0.1
0,0.1,0.1,0.2,0.1
0,0.1,0.1,0.1,0.2
0,0.1,0.1,0.2,0.1
0,0.1,0.2,0.1,0.1
0,0.1,0.1,0.1,0.1
0,0.2,0.1,0.2,0.1
0,0.1,0.1,0.1,0.2
0,0.1,0.1,0.1,0.2
0,0.1,0.1,0.1,0.1
0,0.1,0.1,0.1,0.1
0,0.1,0.1,0.1,0.1
0,0.1,0.1,0.1,0.1
0,0.1,0.2,0.1,0.1
0,0.1,0.1,0.2,0.1
0,0.1,0.1,0.1,0.2
0,0.1,0.1,0.1,0.1
0,0.1,0.1,0.2,0.1
0,0.2,0.2,0.1,0.1
0,0.1,0.1,0.1,0.2
0,0.2,0.1,0.2,0.1
0,0.1,0.1,0.1,0.2
0,0.1,0.1,0.1,0.2
0,0.1,0.1,0.1,0.2
0,0.1,0.2,0.2,0.1
0,0.1,0.1,0.1,0.2
0,0.1,0.2,0.1,0.1
0,0.2,0.1,0.1,0.2
0,0.1,0.1,0.2,0.1
0,0.1,0.1,0.1,0.1
0,0.2,0.1,0.2,0.1
0,0.1,0.1,0.1,0.1
0,0.1,0.1,0.1,0.2
0,0.1,0.1,0.2,0.1
0,0.1,0.1,0.1,0.1
0,0.1,0.1,0.2,0.1
0,0.1,0.2,0.1,0.1
0,0.1,0.1,0.1,0.1
0,0.2,0.1,0.2,0.2
0,0.1,0.1,0.1,0.1
0,0.1,0.1,0.2,0.1
0,0.2,0.1,0.2,0.2
0,0.1,0.1,0.1,0.2
0,0.1,0.2,0.3,0.2
0,0.2,0.1,0.1,0.2
0,0.1,0.1,0.1,0.1
0,0.2,0.1,0.2,0.1
0,0.2,0.1,0.1,0.1
0,0.1,0.1,0.1,0.2
0,0.1,0.1,0.1,0.1
0,0.1,0.2,0.2,0.1
0,0.2,0.1,0.1,0.2
0,0.1,0.1,0.2,0.1
0,0.1,0.1,0.1,0.1
0,0.1,0.1,0.2,0.1
0,0.2,0.2,0.1,0.1
0,0.2,0.2,0.2,0.1
0,0.2,0.2,0.2,0.2
0,0.1,0.1,0.2,0.1
0,0.2,0.1,0.1,0.1
0,0.1,0.1,0.1,0.2
0,0.2,0.2,0.1,0.2
0,0.1,0.1,0.1,0.2
0,0.1,0.1,0.2,0.1
0,0.1,0.2,0.2,0.1
0,0.1,0.2,0.1,0.1
0,0.1,0.1,0.1,0.2
0,0.1,0.2,0.2,0.1
0,0.1,0.1,0.1,0.2
0,0.1,0.2,0.2,0.1
0,0.1,0.1,0.2,0.1
0,0.1,0.1,0.1,0.2
0,0.2,0.2,0.1,0.1
0,0.1,0.1,0.2,0.1
0,0.1,0.1,0.1,0.1
0,0.1,0.1,0.2,0.1
0,0.1,0.2,0.2,0.1
0,0.2,0.1,0.2,0.1
0,0.1,0.1,0.1,0.1
0,0.1,0.1,0.1,0.2
0,0.1,0.1,0.1,0.2
0,0.2,0.2,0.2,0.2
0,0.1,0.1,0.2,0.1
0,0.1,0.1,0.2,0.1
0,0.1,0.1,0.1,0.2
0,0.1,0.1,0.1,0.1
0,0.1,0.2,0.2,0.1
0,0.1,0.1,0.1,0.2
0,0.1,0.1,0.2,0.1
0,0.1,0.1,0.1,0.2
0,0.1,0.1,0.1,0.2
0,0.1,0.2,0.3,0.2
0,0.2,0.1,0.1,0.1
0,0.1,0.1,0.1,0.2
0,0.1,0.2,0.1,0.1
0,0.2,0.1,0.2,0.1
0,0.3,0.3,0.3,0.3
0,0.1,0.1,0.1,0.2
0,0.1,0.1,0.1,0.1
0,0.1,0.2,0.1,0.1
0,0.1,0.2,0.2,0.1
0,0.2,0.1,0.2,0.1
0,0.1,0.1,0.1,0.1
0,0.1,0.1,0.2,0.1
0,0.1,0.2,0.2,0.1
0,0.1,0.2,0.2,0.1
0,0.1,0.1,0.1,0.1
0,0.1,0.1,0.2,0.1
0,0.1,0.1,0.2,0.1
0,0.1,0.2,0.2,0.1
0,0.4,0.3,0.3,0.4
0,0.1,0.1,0.1,0.2
0,0.2,0.2,0.1,0.1
0,0.1,0.1,0.1,0.1
0,0.1,0.2,0.2,0.1
0,0.1,0.1,0.1,0.1
0,0.1,0.1,0.2,0.1
0,0.2,0.1,0.1,0.1
0,0.1,0.1,0.2,0.1
0,0.1,0.1,0.2,0.1
0,0.2,0.1,0.2,0.1
0,0.1,0.1,0.1,0.1
0,0.2,0.2,0.1,0.1
0,0.1,0.1,0.1,0.2
0,0.1,0.1,0.5,0.2
0,0.1,0.1,0.1,0.2
0,0.1,0.1,0.1,0.1
0,0.1,0.2,0.1,0.1
0,0.2,0.2,0.1,0.1
0,0.1,0.1,0.1,0.1
0,0.1,0.1,0.2,0.1
0,0.2,0.1,0.2,0.2
0,0.2,0.1,0.1,0.2
0,0.1,0.1,0.2,0.1
0,0.2,0.2,0.1,0.1
0,0.2,0.1,0.2,0.1
0,0.1,0.1,0.2,0.2
0,0.1,0.1,0.1,0.1
0,0.1,0.1,0.1,0.1
0,0.1,0.1,0.2,0.1
0,0.1,0.1,0.1,0.1
0,0.1,0.1,0.2,0.1
0,0.1,0.1,0.2,0.1
0,0.1,0.1,0.1,0.2
0,0.1,0.1,0.2,0.1
0,0.1,0.1,0.1,0.1
0,0.2,0.2,0.2,0.2
0,0.1,0.2,0.1,0.1
0,0.2,0.1,0.2,0.1
0,0.1,0.1,0.2,0.1
0,0.2,0.1,0.2,0.1
0,0.1,0.1,0.3,0.1
0,0.1,0.1,0.2,0.1
0,0.1,0.2,0.2,0.2
0,0.1,0.1,0.1,0.1
0,0.2,0.1,0.1,0.2
0,0.9,0.2,0.3,0.3
0,0.1,0.1,0.2,0.1
0,0.1,0.4,0.2,0.2
0,0.2,0.1,0.1,0.2
0,0.1,0.2,0.2,0.1
0,0.1,0.1,0.1,0.1
0,0.1,0.2,0.2,0.1
0,0.1,0.1,0.2,0.1
0,0.1,0.2,0.2,0.1
0,0.1,0.1,0.1,0.2
0,0.1,0.1,0.1,0.1
0,0.1,0.1,0.2,0.1
0,0.1,0.1,0.1,0.1
0,0.1,0.1,0.1,0.2
0,0.1,0.1,0.2,0.1
0,0.1,0.1,0.1,0.1
0,0.1,0.1,0.1,0.1
0,0.1,0.1,0.1,0.2
0,0.1,0.1,0.2,0.2
0,0.1,0.1,0.1,0.2
0,0.2,0.1,0.2,0.1
0,0.1,0.1,0.1,0.1
0,0.2,0.1,0.1,0.1
0,0.1,0.1,0.2,0.1
0,0.1,0.1,0.2,0.1
0,0.1,0.1,0.2,0.2
0,0.1,0.1,0.2,0.1
0,0.1,0.1,0.1,0.2
0,0.2,0.1,0.1,0.2
0,0.1,0.2,0.1,0.1
0,0.1,0.1,0.1,0.1
0,0.1,0.2,0.1,0.1
0,0.1,0.1,0.1,0.1
0,0.1,0.1,0.1,0.1
0,0.1,0.1,0.1,0.1
0,0.1,0.1,0.1,0.2
0,0.2,0.1,0.2,0.1
0,0.1,0.1,0.1,0.1
0,0.2,0.2,0.1,0.1
0,0.1,0.2,0.1,0.1
0,0.1,0.1,0.1,0.2
0,0.1,0.1,0.2,0.1
0,0.2,0.1,0.1,0.1
0,0.1,0.1,0.1,0.2
0,0.1,0.1,0.1,0.2
0,0.1,0.1,0.2,0.1
0,0.2,0.1,0.1,0.2
0,0.1,0.1,0.2,0.1
0,0.1,0.1,0.1,0.1
0,0.1,0.1,0.1,0.2
0,0.1,0.1,0.1,0.1
0,0.2,0.2,0.2,0.1
0,0.1,0.2,2.2,0.1
0,0.1,0.1,0.1,0.1
0,0.1,0.1,0.1,0.1
0,0.1,0.1,0.1,0.2
0,0.1,0.1,0.2,0.1
0,0.2,0.1,0.2,0.1
0,0.2,0.1,0.2,0.1
0,0.2,0.2,0.2,0.1
0,0.1,0.1,0.1,0.1
0,0.1,0.1,0.1,0.1
0,0.2,0.2,0.1,0.1
0,0.2,0.2,0.1,0.1
0,0.1,0.1,0.1,0.1
0,0.1,0.2,0.2,0.1
0,0.1,0.1,0.2,0.1
0,0.1,0.1,0.2,0.1
0,0.1,0.2,0.1,0.1
0,0.1,0.2,0.1,0.1
0,0.1,0.2,0.1,0.1
0,0.2,0.1,0.2,0.1
0,0.2,0.1,0.1,0.1
0,0.1,0.1,0.2,0.1
0,0.1,0.1,0.2,0.1
0,0.1,0.2,0.1,0.1
0,0.1,0.1,0.2,0.1
0,0.1,0.1,0.1,0.1
0,0.1,0.1,0.2,0.2
0,0.1,0.1,0.2,0.2
0,0.1,0.1,0.1,0.2
0,0.1,0.1,0.2,0.1
0,0.1,0.1,0.1,0.1
0,0.1,0.2,0.2,0.1
0,0.1,0.1,0.1,0.2
0,0.1,0.1,0.2,0.1
0,0.1,0.1,0.2,0.1
0,0.1,0.2,0.1,0.1
0,0.1,0.1,0.2,0.1
0,0.1,0.1,0.1,0.1
0,0.1,0.1,0.2,0.1
0,0.2,0.2,0.1,0.1
0,0.1,0.1,0.1,0.1
0,0.2,0.1,0.1,0.1
0,0.2,0.1,0.1,0.1
0,0.1,0.1,0.1,0.1
0,0.1,0.2,0.1,0.1
0,0.1,0.1,0.1,0.1
0,0.1,0.1,0.1,0.2
0,0.2,0.1,0.2,0.1
0,0.1,0.1,0.1,0.1
0,0.1,0.1,0.2,0.1
0,0.1,0.1,0.1,0.2
0,0.1,0.1,0.1,0.2
0,0.1,0.1,0.1,0.1
0,0.1,0.1,0.1,0.1
0,0.2,0.1,0.2,0.2
0,0.1,0.1,0.1,0.1
0,0.2,0.1,0.1,0.1
0,0.1,0.1,0.1,0.2
0,0.1,0.1,0.1,0.2
0,0.2,0.1,0.2,0.1
0,0.1,0.1,0.2,0.1
0,0.1,0.1,0.1,0.1
0,0.1,0.1,0.2,0.1
0,0.1,0.1,0.1,0.1
0,0.1,0.1,0.1,0.1
0,0.1,0.1,0.2,0.2
0,0.1,0.1,0.1,0.2
0,0.2,0.1,0.2,0.1
0,0.1,0.1,0.1,0.2
0,0.1,0.2,0.1,0.1
0,0.1,0.1,0.2,0.1
0,0.1,0.1,0.1,0.2
0,0.2,0.2,0.1,0.1
0,0.1,0.1,0.1,0.1
0,0.1,0.1,0.2,0.1
0,0.2,0.2,0.2,0.1
0,0.1,0.1,0.1,0.2
0,0.1,0.1,0.2,0.1
0,0.1,0.1,0.1,0.2
0,0.1,0.1,0.1,0.2
0,0.1,0.1,0.1,0.2
0,0.1,0.1,0.1,0.1
0,0.1,0.1,0.2,0.1
0,0.2,0.1,0.2,0.1
0,0.1,0.1,0.1,0.1
0,0.1,0.1,0.2,0.1
0,0.1,0.2,0.1,0.1
0,0.1,0.1,0.1,0.1
0,0.1,0.1,0.1,0.1
0,0.2,0.1,0.2,0.1
0,0.1,0.1,0.2,0.1
0,0.1,0.1,0.1,0.1
0,0.2,0.1,0.1,0.1
0,0.1,0.1,0.1,0.1
0,0.1,0.1,0.2,0.1
0,0.1,0.2,0.1,0.1
0,0.1,0.2,0.2,0.1
0,0.1,0.1,0.1,0.1
0,0.2,0.1,0.1,0.2
0,0.1,0.2,0.3,0.1
0,0.2,0.2,0.2,0.1
0,0.3,0.2,0.3,0.2
0,0.3,0.3,0.2,0.3
0,0.1,0.1,0.2,0.1
0,0.1,0.1,0.2,0.1
0,0.1,0.1,0.1,0.1
0,0.1,0.1,0.1,0.2
0,0.1,0.1,0.2,0.1
0,0.1,0.2,0.2,0.1
0,0.1,0.2,0.2,0.1
0,0.2,0.1,0.1,0.1
0,0.1,0.1,0.2,0.2
0,0.1,0.1,0.2,0.1
0,0.1,0.1,0.1,0.1
0,0.1,0.1,0.2,0.1
0,1.1,0.2,0.3,0.3
0,0.1,0.1,0.1,0.1
0,0.1,0.2,0.2,0.1
0,0.1,0.1,0.2,0.1
0,0.1,0.1,0.1,0.2
0,0.1,0.1,0.2,0.1
0,0.1,0.1,0.2,0.1
0,0.4,0.2,0.2,0.3
0,0.1,0.2,0.2,0.1
0,0.2,0.1,0.1,0.2
0,0.2,0.2,0.3,0.2
0,0.2,0.2,0.2,0.1
0,0.1,0.1,0.1,0.2
0,0.1,0.2,0.2,0.2
0,0.1,0.1,0.1,0.2
0,0.2,0.1,0.2,0.2
0,0.3,0.3,0.3,0.3
0,0.1,0.1,0.1,0.1
0,0.1,0.1,0.2,0.1
0,0.1,0.1,0.1,0.1
0,0.1,0.1,0.2,0.1
0,0.1,0.1,0.1,0.1
0,0.1,0.1,0.2,0.1
0,0.1,0.1,0.1,0.2
0,0.1,0.2,0.2,0.1
0,0.2,0.1,0.1,0.1
0,0.1,0.1,0.1,0.1
0,0.1,0.2,0.2,0.1
0,0.1,0.1,0.1,0.2
0,0.1,0.2,0.2,0.1
0,0.1,0.2,0.2,0.1
0,0.1,0.1,0.2,0.1
0,0.2,0.2,0.1,0.1
0,0.1,0.1,0.2,0.1
0,0.1,0.1,0.2,1.6
0,0.1,0.1,0.2,0.1
0,0.1,0.1,0.1,0.1
0,0.1,0.2,0.2,0.1
0,0.1,0.2,0.1,0.1
0,0.1,0.1,0.2,0.1
0,0.1,0.1,0.1,0.1
0,0.1,0.1,0.1,0.2
0,0.2,0.1,0.1,0.2
0,0.1,0.1,0.1,0.2
0,0.1,0.1,0.1,0.2
0,0.2,0.1,0.1,0.1
0,0.1,0.1,0.1,0.1
0,0.1,0.1,0.2,0.1
0,0.1,0.1,0.2,0.1
0,0.1,0.1,0.1,0.1
0,0.2,0.1,0.1,0.2
0,0.1,0.2,0.2,0.1
0,0.1,0.2,0.1,0.1
0,0.2,0.2,0.1,0.1
0,0.1,0.2,0.1,0.1
0,0.7,0.8,0.2,0.3
0,0.3,0.3,0.3,0.4
0,0.1,0.1,0.1,0.1
0,0.1,0.1,0.1,0.2
0,0.2,0.1,0.1,0.1
0,0.1,0.1,0.1,0.1
0,0.1,0.1,0.1,0.1
0,0.1,0.2,0.2,0.1
0,0.1,0.1,0.2,0.1
0,0.1,0.1,0.2,0.1
0,0.1,0.1,0.1,0.1
0,0.1,0.1,0.1,0.2
0,0.1,0.1,0.1,0.1
0,0.1,0.2,0.2,0.1
0,0.1,0.1,0.1,0.1
0,0.3,0.3,0.3,0.4
0,0.1,0.1,0.2,0.1
0,0.2,0.1,0.1,0.2
0,0.1,0.1,0.1,0.1
0,0.2,0.1,0.1,0.1
0,0.1,0.1,0.2,0.1
0,0.2,0.2,0.1,0.1
0,1.1,0.7,0.2,0.2
0,0.1,0.2,0.2,0.1
0,0.1,0.1,0.2,0.1
0,0.1,0.1,0.2,0.1
0,0.1,0.1,0.2,0.1
0,0.1,0.2,0.1,0.1
0,0.1,0.1,0.2,0.1
0,0.2,0.1,0.1,0.1
0,0.1,0.1,0.2,0.1
0,0.1,0.1,0.1,0.2
0,0.1,0.1,0.1,0.1
0,0.1,0.1,0.2,0.1
0,0.2,0.2,0.3,0.1
0,0.1,0.1,0.2,0.2
0,0.1,0.1,0.1,0.2
0,1.2,0.2,0.3,0.3
0,0.2,0.2,0.1,0.1
0,0.1,0.2,0.1,0.1
0,0.2,0.1,0.1,0.1
0,0.2,0.1,0.2,0.1
0,0.1,0.1,0.2,0.2
0,0.1,0.1,0.1,0.1
0,0.2,0.1,0.1,0.1
0,0.2,0.2,0.3,0.2
0,0.1,0.1,0.2,0.1
0,0.1,0.1,0.1,0.2
0,0.1,0.1,0.2,0.2
0,0.1,0.1,0.2,0.1
0,0.1,0.1,0.1,0.1
0,0.1,0.1,0.1,0.2
0,0.1,0.2,0.2,0.1
0,0.1,0.1,0.1,0.2
0,0.1,0.1,0.2,0.1
0,0.4,0.3,0.3,0.3
0,0.1,0.1,0.2,0.2
0,0.1,0.2,0.1,0.1
0,0.1,0.2,0.1,0.1
0,0.1,0.1,0.2,0.1
0,0.1,0.1,0.1,0.2
0,0.1,0.1,0.1,0.2
0,0.2,0.2,0.2,0.2
0,0.2,0.1,0.1,0.1
0,0.1,0.1,0.2,0.1
0,0.1,0.1,0.2,0.2
0,0.1,0.1,0.1,0.1
0,0.1,0.1,0.1,0.1
0,0.1,0.1,0.2,0.2
0,0.1,0.1,0.2,0.1
0,0.1,0.1,0.2,0.2
0,0.2,0.1,0.3,0.2
0,0.1,0.1,0.2,0.1
0,0.2,0.1,0.2,0.1
0,0.1,0.1,0.1,0.2
0,0.1,0.1,0.2,0.1
0,0.1,0.1,0.2,0.1
0,0.1,0.1,0.1,0.1
0,0.1,0.1,0.1,0.1
0,0.1,0.1,0.1,0.1
0,0.1,0.1,0.1,0.1
0,0.1,0.1,0.1,0.1
0,0.1,0.1,0.1,0.2
0,0.1,0.2,0.1,0.1
0,0.2,0.1,0.2,0.1
0,0.2,0.1,0.2,0.1
0,0.2,0.1,0.2,0.2
0,0.2,0.2,0.3,0.2
0,0.1,0.2,0.2,0.1
0,0.1,0.1,0.2,0.1
0,0.2,0.1,0.2,0.1
0,0.2,0.1,0.1,0.1
0,0.2,0.1,0.2,0.1
0,0.1,0.1,0.2,0.1
0,0.1,0.1,0.2,0.1
0,0.1,0.3,0.2,0.1
0,0.1,0.2,0.1,0.1
0,0.1,0.1,0.1,0.2
0,0.1,0.1,0.2,0.2
0,0.1,0.1,0.1,0.1
0,0.2,0.2,0.2,0.1
0,0.1,0.1,0.1,0.1
0,0.1,0.1,0.1,0.2
0,0.1,0.1,0.1,0.2
0,0.2,0.2,0.5,0.2
0,0.2,0.1,0.1,0.2
0,0.1,0.1,0.2,0.1
0,0.1,0.1,0.1,0.2
0,0.2,0.1,0.1,0.2
0,0.1,0.1,0.1,0.2
0,0.1,0.1,0.2,0.1
0,0.1,0.1,0.1,0.2
0,0.1,0.1,0.1,0.1
0,0.2,0.1,0.1,0.2
0,0.1,0.1,0.1,0.1
0,0.1,0.1,0.1,0.1
0,0.1,0.2,0.1,0.1
0,0.1,0.1,0.2,0.1
0,0.1,0.1,0.1,0.1
0,0.1,0.1,0.1,0.1
0,0.1,0.1,0.2,0.1
0,0.1,0.1,0.1,0.1
0,0.1,0.2,0.1,0.1
0,0.1,0.1,0.1,0.1
0,0.1,0.1,0.2,0.1
0,0.1,0.1,0.2,0.1
0,0.1,0.1,0.1,0.1
0,0.1,0.1,0.2,0.1
0,0.2,0.2,0.2,0.2
0,0.2,0.1,0.2,0.1
0,0.1,0.1,0.1,0.1
0,0.1,0.1,0.1,0.1
0,0.2,0.3,0.2,0.2
0,0.2,0.1,0.2,0.1
0,0.1,0.1,0.2,0.2
0,0.1,0.1,0.1,0.1
0,0.1,0.1,0.1,0.1
0,0.1,0.2,0.1,0.1
0,0.1,0.1,0.2,0.1
0,0.1,0.1,0.1,0.1
0,0.2,0.2,0.1,0.1
0,0.2,0.1,0.1,0.2
0,0.1,0.1,0.2,0.1
0,0.1,0.2,0.1,0.1
0,0.3,0.2,0.2,0.2
0,0.1,0.1,0.1,0.2
0,0.1,0.1,0.1,0.2
0,0.1,0.1,0.1,0.1
0,0.1,0.1,0.1,0.2
0,0.1,0.1,0.1,0.1
0,0.1,0.1,0.2,0.1
0,0.1,0.1,0.2,0.1
0,0.1,0.2,0.1,0.1
0,0.2,0.1,0.1,0.1
0,0.1,0.1,0.1,0.2
0,0.1,0.1,0.1,0.1
0,0.1,0.2,0.1,0.1
0,0.1,0.1,0.2,0.1
0,0.1,0.1,0.1,0.1
0,0.1,0.1,0.2,0.2
0,0.1,0.1,0.1,0.2
0,0.2,0.2,0.1,0.1
0,0.1,0.2,0.1,0.1
0,0.1,0.2,0.1,0.1
0,0.1,0.2,0.1,0.1
0,0.1,0.1,0.1,0.1
0,0.1,0.2,0.1,0.1
0,0.1,0.1,0.2,0.1
0,0.1,0.1,0.1,0.2
0,0.1,0.1,0.1,0.1
0,0.1,0.1,0.1,0.2
0,0.2,0.2,0.1,0.1
0,0.1,0.1,0.1,0.1
0,0.1,0.1,0.1,0.1
0,0.2,0.1,0.1,0.2
0,0.1,0.1,0.2,0.1
0,0.1,0.2,0.1,0.1
0,0.2,0.2,0.1,0.1
0,0.1,0.2,0.2,0.1
0,0.2,0.2,0.2,0.1
0,0.2,0.1,0.2,0.1
0,0.1,0.1,0.2,0.1
0,0.2,0.2,0.1,0.1
0,0.1,0.1,0.1,0.1
0,0.1,0.1,0.1,0.1
0,0.1,0.1,0.2,0.1
0,0.2,0.1,0.2,0.2
0,0.1,0.1,0.1,0.1
0,0.2,0.1,0.1,0.2
0,0.1,0.1,0.2,0.1
0,0.1,0.1,0.1,0.2
0,0.1,0.1,0.2,0.1
0,0.1,0.2,0.1,0.1
0,0.1,0.1,0.2,0.1
0,0.2,0.1,0.1,0.1
0,0.2,0.1,0.1,0.1
0,0.2,0.1,0.1,0.2
0,0.1,0.1,0.1,0.1
0,0.1,0.1,0.2,0.1
0,0.1,0.1,0.1,0.1
0,1.1,1.2,1.4,1.1
0,0.1,0.1,0.1,0.1
0,0.1,0.1,0.2,0.1
0,1.2,1.1,0.9,1.1
0,0.1,0.1,0.1,0.1
0,0.1,0.1,0.1,0.2
0,0.1,0.2,0.2,0.1
0,0.2,0.1,0.2,0.1
0,0.2,0.2,0.1,0.1
0,0.1,0.1,0.1,0.1
0,0.2,0.2,0.2,0.1
0,0.1,0.2,0.2,0.1
0,0.1,0.1,0.2,0.1
0,0.1,0.2,0.1,0.1
0,0.2,0.1,0.1,0.2
0,0.1,0.2,0.1,0.1
0,1,0.3,0.3,0.3
0,0.1,0.2,0.2,0.1
0,0.1,0.2,0.2,0.1
0,0.1,0.1,0.2,0.1
0,0.1,0.1,0.2,0.1
0,0.1,0.1,0.1,0.2
0,0.1,0.2,0.1,0.1
0,0.2,0.2,0.3,0.2
0,0.2,0.1,0.1,0.2
0,0.1,0.1,0.1,0.1
0,0.1,0.2,0.3,0.2
0,0.1,0.2,0.1,0.1
0,0.1,0.2,0.2,0.1
0,0.1,0.1,0.1,0.2
0,0.1,0.1,0.1,0.1
0,0.1,0.1,0.1,0.1
0,0.1,0.1,0.1,0.1
0,0.1,0.1,0.1,0.1
0,0.1,0.1,0.1,0.2
0,0.1,0.1,0.1,0.1
0,0.1,0.1,0.2,0.1
0,0.2,0.1,0.2,0.1
0,0.1,0.2,0.2,0.1
0,0.3,0.3,0.4,0.3
0,0.2,0.1,0.1,0.1
0,0.1,0.1,0.1,0.2
0,0.2,0.1,0.1,0.1
0,0.1,0.1,0.1,0.1
0,0.2,0.1,0.2,0.1
0,0.2,0.2,0.2,0.2
0,0.1,0.1,0.1,0.1
0,0.1,0.1,0.2,0.1
0,0.1,0.1,0.2,0.1
0,0.1,0.1,0.1,0.2
0,0.1,0.1,0.2,0.1
0,0.1,0.1,0.2,0.1
0,0.2,0.1,0.1,0.2
0,0.1,0.2,0.2,0.1
0,0.1,0.1,0.1,0.1
0,0.1,0.1,0.2,0.1
0,0.1,0.1,0.1,0.1
0,0.1,0.2,0.1,0.1
0,0.2,0.1,0.2,0.1
0,0.1,0.1,0.1,0.1
0,0.1,0.2,0.1,0.1
0,0.1,0.1,0.1,0.1
0,0.1,0.2,0.2,0.1
0,0.1,0.1,0.2,0.1
0,0.1,0.1,0.2,0.1
0,0.1,0.2,0.1,0.1
0,0.1,0.2,0.2,0.1
0,0.1,0.1,0.2,0.1
0,0.2,0.1,0.1,0.1
0,0.1,0.1,0.2,0.1
0,0.2,0.2,0.2,0.1
0,0.1,0.1,0.2,0.1
0,0.1,0.2,0.1,0.1
0,0.4,0.3,0.3,0.3
0,0.1,0.1,0.2,0.1
0,0.2,0.1,0.1,0.2
0,0.1,0.1,0.2,0.1
0,0.1,0.1,0.1,0.1
0,0.1,0.2,0.1,0.1
0,0.2,0.2,0.2,0.1
0,0.2,0.1,0.2,0.1
0,0.2,0.1,0.1,0.1
0,0.1,0.1,0.1,0.1
0,0.2,0.2,0.2,0.1
0,0.2,0.2,0.1,0.2
0,0.1,0.1,0.1,0.1
0,0.1,0.1,0.2,0.1
0,0.1,0.1,0.1,0.1
0,0.1,0.2,0.2,0.1
0,0.1,0.1,0.1,0.1
0,0.2,0.2,0.2,0.2
0,0.1,0.1,0.2,0.1
0,0.2,0.1,0.1,0.1
0,0.1,0.2,0.1,0.1
0,0.2,0.1,0.2,0.1
0,0.1,0.1,0.1,0.2
0,0.1,0.1,0.2,0.1
0,0.1,0.2,0.1,0.1
0,0.2,0.1,0.2,0.1
0,0.1,0.1,0.1,0.1
0,0.1,0.5,0.2,0.2
0,0.1,0.2,0.1,0.1
0,0.1,0.1,0.1,0.1
0,0.2,0.1,0.1,0.1
0,0.1,0.1,0.1,0.2
0,0.1,0.1,0.1,0.1
0,0.1,0.1,0.1,0.1
0,0.1,0.1,0.2,0.1
0,0.2,0.2,0.2,0.1
0,0.1,0.1,0.1,0.2
0,0.1,0.1,0.1,0.1
0,0.1,0.1,0.2,0.1
0,0.2,0.1,0.1,0.1
0,0.1,0.1,0.2,0.1
0,0.1,0.1,0.2,0.1
0,0.2,0.2,0.4,0.2
0,0.1,0.1,0.1,0.1
0,0.2,0.1,0.2,0.1
0,0.1,0.1,0.2,0.1
0,0.1,0.1,0.2,0.1
0,0.2,0.1,0.2,0.1
0,0.1,0.1,0.1,0.2
0,0.1,0.1,0.1,0.2
0,0.1,0.1,0.1,0.1
0,0.1,0.1,0.2,0.1
0,0.1,0.1,0.1,0.2
0,0.2,0.1,0.1,0.1
0,0.3,2.3,0.3,1.1
0,0.2,0.1,0.2,0.1
0,0.1,0.1,0.2,0.1
0,0.1,0.2,0.1,0.1
0,0.1,0.1,0.1,0.1
0,0.1,0.1,0.1,0.1
0,0.4,0.3,0.3,9.4
0,0.2,0.2,0.1,0.1
0,0.1,0.2,0.1,0.1
0,0.1,0.1,0.1,0.1
0,0.1,0.2,0.1,0.1
0,0.1,0.2,0.1,0.1
0,0.1,0.1,0.2,0.1
0,0.1,0.1,0.2,0.1
0,0.2,0.1,0.1,0.1
0,0.2,0.1,0.2,0.1
0,0.1,0.1,0.2,0.1
0,0.1,0.1,0.1,0.1
0,0.1,0.2,0.1,0.1
0,0.1,0.1,0.1,0.1
0,0.1,0.1,0.1,0.1
0,0.1,0.1,0.2,0.1
0,0.1,0.1,0.1,0.2
0,0.1,0.1,0.2,0.1
0,0.2,0.2,0.2,0.2
0,0.1,0.1,0.1,0.2
0,0.1,0.1,0.1,0.1
0,0.2,0.1,0.2,0.1
0,0.2,0.1,0.1,0.2
0,0.1,0.1,0.1,0.2
0,0.1,0.1,0.2,0.1
0,0.1,0.1,0.1,0.2
0,0.2,0.1,0.1,0.1
0,0.1,0.1,0.1,0.1
0,0.2,0.2,0.2,0.2
0,0.1,0.1,0.2,0.1
0,0.1,0.1,0.1,0.1
0,0.1,0.2,0.1,0.1
0,0.1,0.1,0.1,0.2
0,0.1,0.1,0.1,0.2
0,0.3,0.2,0.2,0.2
0,0.1,0.1,0.2,0.1
0,0.1,0.3,0.2,0.2
0,0.1,0.2,0.1,0.1
0,0.1,0.1,0.1,0.1
0,0.2,0.1,0.2,0.1
0,0.1,0.2,0.1,0.1
0,0.1,0.1,0.2,0.1
0,0.2,0.2,0.1,0.1
0,0.1,0.1,0.1,0.1
0,0.2,0.2,0.2,0.1
0,0.1,0.2,0.1,0.1
0,0.1,0.1,0.2,0.1
0,0.1,0.1,0.1,0.1
0,0.2,0.2,0.2,0.2
0,0.1,0.1,0.1,0.1
0,0.1,0.1,0.2,0.1
0,0.1,0.1,0.2,0.2
0,0.2,0.1,0.1,0.2
0,0.1,0.1,0.1,0.1
0,0.1,0.1,0.2,0.1
0,0.2,0.1,0.2,0.1
0,0.1,0.1,0.2,0.1
0,0.1,0.1,0.1,0.1
0,0.1,0.1,0.1,0.2
0,0.1,0.1,0.1,0.2
0,0.1,0.1,0.2,0.1
0,0.1,0.1,0.1,0.1
0,0.1,0.1,0.1,0.1
0,0.1,0.1,0.1,0.1
0,0.1,0.1,0.1,0.1
0,0.1,0.1,0.2,0.1
0,0.1,0.1,0.2,0.1
0,0.1,0.1,0.2,0.1
0,0.1,0.1,0.2,0.1
0,0.1,0.2,0.4,0.1
0,0.1,0.1,0.1,0.2
0,0.1,0.1,0.2,0.1
0,0.1,0.1,0.2,0.1
0,0.2,0.2,0.2,0.1
0,0.1,0.1,0.2,0.1
0,0.1,0.1,0.2,0.1
0,0.1,0.1,0.2,0.2
0,0.1,0.2,0.1,0.1
0,0.2,0.1,0.2,0.1
0,0.1,0.1,0.2,0.2
0,0.2,0.2,0.1,0.1
0,0.2,0.1,0.2,0.1
0,0.1,0.1,0.2,0.2
0,0.1,0.1,0.2,0.2
0,0.1,0.1,0.1,0.1
0,0.1,0.1,0.1,0.2
0,0.1,0.1,0.1,0.2
0,0.1,0.1,0.2,0.1
0,0.1,0.1,0.1,0.1
0,0.1,0.1,0.2,0.1
0,0.2,0.1,0.2,0.1
0,0.1,0.1,0.1,0.2
0,0.1,0.1,0.1,0.2
0,0.2,0.1,0.1,0.2
0,0.2,0.2,0.1,0.1
0,0.1,0.2,0.1,0.1
0,0.1,0.1,0.1,0.2
0,0.1,0.1,0.1,0.1
0,0.1,0.2,0.1,0.1
0,0.1,0.1,0.2,0.1
0,0.2,0.1,0.2,0.1
0,0.2,0.2,0.2,0.3
0,0.1,0.1,0.1,0.2
0,0.1,0.1,0.1,0.1
0,0.1,0.1,0.1,0.1
0,0.1,0.2,0.2,0.1
0,0.1,0.1,0.1,0.2
0,0.1,0.1,0.2,0.1
0,0.1,0.1,0.1,0.1
0,0.1,0.2,0.2,0.1
0,0.1,0.1,0.2,0.1
0,0.1,0.1,0.1,0.1
0,0.1,0.2,0.1,0.1
0,0.1,0.1,0.2,0.1
0,0.2,0.1,0.1,0.2
0,0.2,0.2,0.1,0.1
0,0.1,0.1,0.1,0.2
0,0.1,0.1,0.1,0.1
0,0.1,0.2,0.1,0.1
0,0.1,0.2,0.1,0.1
0,0.1,0.1,0.1,0.2
0,0.1,0.2,0.1,0.1
0,0.1,0.1,0.2,0.1
0,0.1,0.1,0.1,0.1
0,0.1,0.1,0.2,0.1
0,0.2,0.2,0.1,0.1
0,0.2,0.2,0.1,0.1
0,0.1,0.2,0.1,0.1
0,0.1,0.1,0.1,0.1
0,0.1,0.1,0.2,0.1
0,0.1,0.2,0.1,0.1
0,0.1,0.1,0.2,0.1
0,0.1,0.1,0.3,0.1
0,0.1,0.1,0.2,0.1
0,0.1,0.1,0.2,0.1
0,0.2,0.1,0.2,0.1
0,0.1,0.2,0.2,0.1
0,0.1,0.2,0.1,0.1
0,0.1,0.1,0.2,0.2
0,0.1,0.1,0.2,0.1
0,0.1,0.2,0.1,0.1
0,0.1,0.1,0.2,0.1
0,0.1,0.1,0.1,0.2
0,0.1,0.1,0.2,0.1
0,0.1,0.1,0.2,0.1
0,0.2,0.1,0.2,0.1
0,0.1,0.1,0.2,0.2
0,0.1,0.1,0.2,0.1
0,0.1,0.1,0.1,0.1
0,0.1,0.1,0.2,0.1
0,0.1,0.1,0.1,0.1
0,0.2,0.1,0.1,0.2
0,0.2,0.2,0.1,0.1
0,0.2,0.2,0.1,0.1
0,0.1,0.1,0.2,0.1
0,0.1,0.1,0.1,0.1
0,0.1,0.1,0.2,0.1
0,0.1,0.1,0.2,0.2
0,0.1,0.1,0.2,0.1
0,0.2,0.1,0.1,0.1
0,0.1,0.1,0.2,0.2
0,0.1,0.1,0.2,0.1
0,0.3,0.2,0.2,0.2
0,0.1,0.1,0.1,0.1
0,0.1,0.1,0.2,0.1
0,0.2,0.1,0.1,0.2
0,0.1,0.2,0.1,0.1
0,0.2,0.1,0.1,0.1
0,0.1,0.1,0.2,0.1
0,0.1,0.1,0.1,0.1
0,0.1,0.1,0.1,0.1
0,0.1,0.1,0.1,0.1
0,0.1,0.1,0.2,0.1
0,0.2,0.1,0.2,0.1
0,0.1,0.2,0.1,0.1
0,0.1,0.1,0.1,0.1
0,0.1,0.1,0.2,0.1
0,0.2,0.1,0.1,0.2
0,0.1,0.2,0.1,0.1
0,0.1,0.1,0.1,0.2
0,0.1,0.2,0.1,0.1
0,0.2,0.1,0.2,0.1
0,0.1,0.1,0.1,0.2
0,0.2,0.2,0.1,0.1
0,0.1,0.1,0.2,0.1
0,0.1,0.1,0.2,0.1
0,0.1,0.1,0.1,0.2
0,0.1,0.1,0.2,0.1
0,0.2,0.1,0.2,0.2
0,0.1,0.1,0.1,0.1
0,0.1,0.2,0.2,0.1
0,0.1,0.1,0.2,0.1
0,0.1,0.1,0.1,0.1
0,0.2,0.1,0.2,0.1
0,0.1,0.1,0.2,0.1
0,0.1,0.2,0.1,0.1
0,0.1,0.1,0.1,0.1
0,0.1,0.1,0.1,0.1
0,0.1,0.2,0.2,0.1
0,0.1,0.1,0.1,0.1
0,0.1,0.1,0.1,0.1
0,0.2,0.1,0.1,0.1
0,0.1,0.1,0.1,0.1
0,0.1,0.1,0.1,0.1
0,0.1,0.2,0.1,0.1
0,0.1,0.1,0.2,0.1
0,0.1,0.1,0.2,0.1
0,0.1,0.1,0.1,0.1
0,0.1,0.1,0.1,0.2
0,0.1,0.2,0.1,0.1
0,0.1,0.1,0.2,0.2
0,0.1,0.1,0.1,0.2
0,0.2,0.1,0.2,0.1
0,0.1,0.1,0.1,0.1
0,0.1,0.1,0.1,0.2
0,0.1,0.1,0.1,0.2
0,0.1,0.1,0.2,0.1
0,0.1,0.1,0.2,0.1
0,0.1,0.1,0.1,0.2
0,0.1,0.1,0.1,0.2
0,0.1,0.1,0.1,0.2
0,0.2,0.1,0.2,0.1
0,0.1,0.1,0.1,0.1
0,0.1,0.1,0.2,0.1
0,0.1,0.2,0.1,0.1
0,0.1,0.1,0.1,0.1
0,0.1,0.1,0.1,0.1
0,0.1,0.1,0.1,0.1
0,0.1,0.1,0.2,0.1
0,0.1,0.1,0.1,0.2
0,0.2,0.1,0.2,0.1
0,0.1,0.1,0.2,0.1
0,0.1,0.1,0.2,0.1
0,0.1,0.1,0.2,0.1
0,0.1,0.1,0.1,0.1
0,0.1,0.1,0.2,0.1
0,0.1,0.1,0.1,0.2
0,0.1,0.1,0.1,0.2
0,0.2,0.2,0.2,0.1
0,0.1,0.1,0.1,0.2
0,0.1,0.1,0.1,0.1
0,0.2,0.2,0.1,0.1
0,0.1,0.2,0.2,0.1
0,0.1,0.2,0.1,0.1
0,0.2,0.1,0.2,0.1
0,0.2,0.1,0.2,0.1
0,0.1,0.2,0.1,0.1
0,0.1,0.1,0.1,0.1
0,0.2,0.1,0.2,0.2
0,0.1,0.1,0.2,0.1
0,0.1,0.1,0.2,0.2
0,0.1,0.1,0.1,0.1
0,0.1,0.1,0.1,0.2
0,0.1,0.2,0.1,0.1
0,0.1,0.1,0.1,0.1
0,0.2,0.1,0.2,0.1
0,0.1,0.1,0.1,0.1
0,0.1,0.1,0.1,0.1
0,0.1,0.1,0.1,0.1
0,0.1,0.1,0.1,0.1
0,0.1,0.1,0.1,0.1
0,0.1,0.1,0.1,0.2
0,0.1,0.1,0.1,0.1
0,0.2,0.1,0.2,0.1
0,0.1,0.1,0.1,0.1
0,0.1,0.1,0.1,0.1
0,0.1,0.1,0.1,0.1
0,0.1,0.1,0.2,0.1
0,0.2,0.1,0.1,0.2
0,0.1,0.1,0.1,0.2
0,0.1,0.2,0.1,0.1
0,0.1,0.2,0.1,0.1
0,0.1,0.1,0.1,0.1
0,0.1,0.1,0.2,0.1
0,0.1,0.1,0.2,0.1
0,0.2,0.1,0.2,0.1
0,0.1,0.1,0.1,0.1
0,0.1,0.1,0.2,0.1
0,0.1,0.1,0.2,0.1
0,0.1,0.1,0.2,0.1
0,0.2,0.1,0.1,0.2
0,0.1,0.1,0.1,0.2
0,0.2,0.2,0.2,0.2
0,0.1,0.2,0.2,0.1
0,0.1,0.1,0.1,0.1
0,0.1,0.1,0.1,0.1
0,0.2,0.1,0.1,0.1
0,0.1,0.1,0.1,0.1
0,0.1,0.1,0.1,0.1
0,0.1,0.1,0.1,0.1
0,0.1,0.1,0.1,0.2
0,0.1,0.2,0.1,0.1
0,0.1,0.1,0.2,0.1
0,0.2,0.2,0.1,0.1
0,0.2,0.1,0.2,0.1
0,0.1,0.1,0.1,0.1
0,0.1,0.1,0.2,0.1
0,0.1,0.1,0.2,0.1
0,0.1,0.1,0.2,0.2
0,0.2,0.1,0.1,0.1
0,0.1,0.1,0.1,0.1
0,0.1,0.1,0.1,0.2
0,0.1,0.2,0.1,0.1
0,0.1,0.1,0.1,0.1
0,0.2,0.2,0.2,0.2
0,0.1,0.2,0.1,0.1
0,0.1,0.1,0.2,0.1
0,0.1,0.1,0.2,0.1
0,0.1,0.1,0.1,0.1
0,0.1,0.1,0.1,0.2
0,0.1,0.1,0.1,0.2
0,0.1,0.1,0.1,0.2
0,0.1,0.2,0.1,0.1
0,0.1,0.1,0.1,0.1
0,0.1,0.1,0.1,0.1
0,0.1,0.1,0.1,0.1
0,0.2,0.2,0.1,0.1
0,0.2,0.2,0.1,0.1
0,0.1,0.1,0.1,0.2
0,0.1,0.1,0.1,0.1
0,0.1,0.1,0.2,0.2
0,0.2,0.1,0.2,0.1
0,0.2,0.1,0.2,0.1
0,0.1,0.1,0.1,0.2
0,0.1,0.1,0.1,0.2
0,0.1,0.2,0.1,0.1
0,0.1,0.1,0.1,0.1
0,0.2,0.2,0.2,0.1
0,0.1,0.2,0.2,0.1
0,0.1,0.1,0.1,0.2
0,0.1,0.1,0.2,0.1
0,0.2,0.1,0.2,0.1
0,0.1,0.1,0.1,0.1
0,0.1,0.1,0.1,0.1
0,0.1,0.1,0.1,0.2
0,0.1,0.1,0.2,0.1
0,0.2,0.1,0.2,0.1
0,0.2,0.1,0.1,0.1
0,0.1,0.1,0.2,0.1
0,0.2,0.1,0.1,0.2
0,0.1,0.2,0.2,0.1
0,0.2,0.1,0.2,0.1
0,0.1,0.1,0.1,0.2
0,0.1,0.2,0.1,0.1
0,0.2,0.1,0.1,0.1
0,0.1,0.1,0.2,0.1
0,0.1,0.1,0.2,0.1
0,0.2,0.1,0.1,0.2
0,0.1,0.1,0.1,0.1
0,0.1,0.1,0.2,0.1
0,0.2,0.2,0.1,0.1
0,0.1,0.2,0.1,0.1
0,0.1,0.1,0.1,0.1
0,0.1,0.1,0.2,0.1
0,0.1,0.1,0.1,0.1
0,0.1,0.1,0.1,0.2
0,0.1,0.2,0.3,0.2
0,0.1,0.2,0.1,0.1
0,0.2,0.1,0.2,0.2
0,0.1,0.1,0.2,0.1
0,0.1,0.1,0.2,0.1
0,0.1,0.2,0.3,0.1
0,0.4,1,0.7,0.2
0,0.1,0.1,0.1,0.2
0,0.1,0.1,0.1,0.2
0,0.1,0.2,0.1,0.1
0,0.1,0.1,0.1,0.2
0,0.5,0.5,0.4,0.4
0,0.2,1.2,0.3,0.3
0,0.2,0.2,0.3,0.2
0,0.3,0.2,0.3,0.2
0,0.1,0.1,0.1,0.2
0,0.1,0.1,0.2,0.1
0,0.1,0.1,0.1,0.2
0,0.4,0.3,2.2,0.3
0,0.1,0.1,0.2,0.1
0,0.1,0.1,0.1,0.2
0,0.1,0.1,0.1,0.2
0,0.1,0.1,0.1,0.2
0,0.2,0.2,0.3,0.2
0,0.1,0.1,0.2,0.1
0,0.2,0.1,0.1,0.1
0,0.1,0.1,0.3,0.1
0,0.3,0.2,0.3,0.5
0,0.3,0.2,0.3,0.3
0,0.2,0.2,0.3,0.2
0,0.4,0.4,0.4,0.4
0,0.2,0.2,0.2,0.1
0,0.1,0.2,0.2,0.2
0,0.3,0.2,0.3,0.3
0,0.4,0.3,0.3,0.4
0,0.1,0.2,0.2,0.2
0,0.1,0.2,0.2,0.2
0,0.2,0.1,0.1,0.2
0,0.1,0.2,0.3,0.3
0,0.1,0.2,0.1,0.2
0,0.4,0.4,0.4,0.4
0,0.1,0.1,0.2,0.2
0,0.2,0.1,0.2,0.1
0,0.1,0.2,0.2,0.1
0,0.4,0.3,0.5,0.3
0,0.1,0.2,0.2,0.1
0,0.1,0.1,0.1,0.1
0,0.2,0.1,0.1,0.1
0,0.1,0.1,0.1,0.2
0,0.1,0.2,0.2,0.1
0,0.2,0.1,0.1,0.2
0,0.1,0.1,0.1,0.1
0,0.2,0.1,0.2,0.1
0,0.2,0.1,0.1,0.2
0,0.1,0.1,0.2,0.1
0,0.2,0.1,0.2,0.1
0,0.2,0.1,0.2,0.2
0,0.1,0.1,0.1,0.1
0,0.1,0.1,0.1,0.2
0,0.1,0.2,0.1,0.1
0,0.2,0.1,0.1,0.2
0,0.1,0.1,0.2,0.1
0,0.2,0.1,0.2,0.1
0,0.4,0.2,0.3,0.3
0,0.2,0.1,0.1,0.1
0,0.1,0.2,0.1,0.1
0,0.1,0.1,0.1,0.1
0,0.2,0.1,0.1,0.1
0,0.1,0.1,0.1,0.2
0,0.1,0.1,0.2,0.1
0,0.1,0.2,0.1,0.1
0,0.1,0.1,0.1,0.2
0,0.3,0.3,0.3,0.3
0,0.2,0.2,0.2,0.1
0,0.1,0.1,0.1,0.2
0,0.2,0.1,0.2,0.1
0,0.3,0.3,0.3,0.3
0,0.1,0.1,0.2,0.1
0,0.1,0.1,0.1,0.1
0,0.1,0.2,0.1,0.1
0,0.1,0.1,0.1,0.2
0,0.1,0.1,0.2,0.1
0,1.1,0.4,0.3,0.3
0,0.1,0.1,0.2,0.1
0,0.1,0.1,0.2,0.1
0,0.1,0.2,0.1,0.1
0,0.1,0.2,0.2,0.1
0,0.2,0.2,0.1,0.2
0,0.1,0.1,0.1,0.1
0,0.2,0.1,0.1,0.2
0,0.3,0.3,0.3,0.3
0,0.1,0.2,0.2,0.1
0,0.2,0.1,0.1,0.2
0,0.2,0.1,0.1,0.1
0,0.1,0.1,0.1,0.1
0,0.1,0.1,0.2,0.2
0,0.1,0.1,0.1,0.2
0,0.1,0.1,0.2,0.1
0,0.1,0.1,0.1,0.1
0,0.1,0.1,0.1,0.1
0,0.1,0.1,0.2,0.1
0,0.1,0.1,0.2,0.1
0,0.1,0.2,0.2,0.1
0,0.3,0.3,0.3,0.3
0,0.2,0.1,0.2,0.1
0,0.1,0.1,0.2,0.1
0,0.1,0.1,0.1,0.2
0,0.3,0.2,0.2,0.3
0,0.1,0.1,0.1,0.1
0,0.1,0.1,0.2,0.1
0,0.1,0.1,0.1,0.1
0,0.1,0.1,0.2,0.1
0,0.2,0.2,0.1,0.1
0,0.1,0.1,0.2,0.1
0,0.1,0.1,0.1,0.2
0,0.2,0.1,0.1,0.1
0,0.1,0.1,0.2,0.1
0,0.1,0.2,0.1,0.1
0,0.1,0.1,0.2,0.1
0,0.1,0.2,0.1,0.1
0,0.1,0.1,0.2,0.1
0,0.2,0.2,0.2,0.1
0,0.2,0.1,0.1,0.1
0,0.2,0.2,0.2,0.1
0,0.1,0.1,0.1,0.2
0,0.1,0.1,0.1,0.2
0,0.1,0.1,0.1,0.1
0,0.1,0.1,0.1,0.2
0,0.2,0.1,0.1,0.1
0,0.1,0.1,0.1,0.2
0,0.1,0.1,0.2,0.1
0,0.1,0.1,0.1,0.1
0,0.2,0.1,0.1,0.1
0,0.1,0.1,0.2,0.1
0,0.1,0.1,0.2,0.1
0,0.1,0.2,0.2,0.1
0,0.1,0.1,0.2,0.1
0,0.2,0.1,0.2,0.1
0,0.1,0.1,0.2,0.2
0,0.2,0.1,0.1,0.2
0,0.1,0.1,0.2,0.1
0,0.1,0.2,0.1,0.1
0,0.1,0.2,0.2,0.1
0,0.1,0.1,0.1,0.2
0,0.2,0.1,0.2,0.1
0,0.2,0.1,0.2,0.1
0,0.1,0.1,0.1,0.2
0,0.1,0.2,0.1,0.1
0,0.2,0.2,0.1,0.1
0,0.1,0.1,0.2,0.2
0,0.1,0.1,0.1,0.2
0,0.1,0.1,0.2,0.1
0,0.1,0.1,0.1,0.2
0,0.1,0.1,0.1,0.2
0,0.1,0.1,0.2,0.1
0,0.2,0.1,0.2,0.1
0,0.1,0.2,0.1,0.1
0,0.2,0.1,0.2,0.1
0,0.1,0.1,0.2,0.1
0,0.1,0.1,0.2,0.1
0,0.2,0.1,0.2,0.1
0,0.1,0.1,0.2,0.1
0,0.1,0.2,0.1,0.1
0,0.1,0.1,0.2,0.1
0,0.1,0.1,0.2,0.1
0,0.1,0.1,0.2,0.1
0,0.1,0.1,0.1,0.2
0,0.1,0.2,0.2,0.1
0,0.1,0.1,0.1,0.1
0,0.1,0.1,0.1,0.2
0,0.1,0.2,0.1,0.1
0,0.1,0.2,0.1,0.1
0,0.1,0.1,0.1,0.1
0,0.1,0.1,0.2,0.2
0,0.2,0.1,0.1,0.1
0,0.1,0.1,0.1,0.1
0,0.2,0.1,0.2,0.2
0,0.1,0.1,0.1,0.1
0,0.1,0.1,0.1,0.1
0,0.2,0.2,0.1,0.1
0,0.1,0.1,0.2,0.1
0,0.1,0.2,0.2,0.1
0,0.1,0.1,0.1,0.2
0,0.1,0.1,0.1,0.1
0,0.1,0.1,0.1,0.1
0,0.1,0.1,0.1,0.1
0,0.2,0.1,0.2,0.1
0,0.1,0.1,0.2,0.1
0,0.1,0.1,0.1,0.1
0,0.1,0.1,0.1,0.1
0,0.1,0.1,0.1,0.2
0,0.1,0.1,0.1,0.1
0,0.1,0.1,0.2,0.1
0,0.1,0.2,0.1,0.1
0,0.1,0.1,0.1,0.1
0,0.1,0.1,0.2,0.1
0,0.1,0.1,0.1,0.2
0,0.1,0.1,0.1,0.2
0,0.1,0.2,0.1,0.1
0,0.1,0.1,0.2,0.1
0,0.1,0.1,0.1,0.2
0,0.2,0.2,0.1,0.1
0,0.1,0.1,0.1,0.2
0,0.2,0.2,0.2,0.1
0,0.1,0.1,0.1,0.1
0,0.1,0.1,0.2,0.1
0,0.3,0.2,0.3,0.2
0,0.1,0.1,0.2,0.1
0,0.1,0.2,0.1,0.1
0,0.1,0.1,0.1,0.1
0,0.1,0.1,0.1,0.2
0,0.2,0.2,0.1,0.1
0,0.1,0.1,0.1,0.2
0,0.1,0.1,0.2,0.1
0,0.1,0.1,0.2,0.1
0,0.2,0.1,0.2,0.1
0,0.1,0.1,0.2,0.1
0,0.1,0.2,0.2,0.1
0,0.1,0.1,0.2,0.1
0,0.1,0.1,0.1,0.1
0,0.2,0.1,0.2,0.1
0,0.1,0.1,0.1,0.1
0,0.1,0.1,0.1,0.1
0,0.2,0.1,0.2,0.1
0,0.2,0.2,0.2,0.1
0,0.1,0.1,0.2,0.1
0,0.2,0.2,0.2,0.1
0,0.1,0.1,0.2,0.1
0,0.1,0.1,0.1,0.1
0,0.2,0.2,0.1,0.1
0,0.1,0.1,0.2,0.2
0,0.1,0.1,0.2,0.1
0,0.1,0.1,0.2,0.1
0,0.1,0.1,0.1,0.1
0,0.1,0.1,0.1,0.2
0,0.1,0.1,0.1,0.1
0,0.1,0.1,0.1,0.2
0,0.1,0.1,0.1,0.2
0,0.1,0.1,0.1,0.2
0,0.1,0.1,0.1,0.1
0,0.1,0.2,0.1,0.1
0,0.1,0.2,0.1,0.1
0,0.1,0.2,0.1,0.1
0,0.1,0.1,0.1,0.1
0,0.1,0.1,0.1,0.1
0,0.1,0.2,0.1,0.1
0,0.1,0.1,0.1,0.2
0,0.1,0.2,0.1,0.1
0,0.1,0.2,0.2,0.2
0,0.1,0.2,0.1,0.1
0,0.1,0.1,0.1,0.1
0,0.1,0.1,0.1,0.3
0,0.2,0.1,0.1,0.2
0,0.2,0.1,0.2,0.1
0,0.1,0.1,0.1,0.2
0,0.2,0.1,0.2,0.2
0,0.1,0.2,0.3,0.1
0,0.1,0.1,0.2,0.1
0,0.1,0.1,0.1,0.2
0,0.2,0.2,0.2,0.1
0,0.1,0.1,0.1,0.2
0,0.1,0.2,0.2,0.2
0,0.3,0.2,0.3,0.3
0,0.1,0.2,0.2,0.2
0,0.1,0.1,0.1,0.2
0,0.1,0.2,0.1,0.1
0,0.1,0.1,0.1,0.1
0,0.2,0.1,0.2,0.2
0,0.2,0.2,0.2,0.1
0,0.1,0.1,0.2,0.1
0,0.1,0.1,0.1,0.2
0,0.1,0.1,0.1,0.2
0,0.1,0.1,0.2,0.1
0,0.1,0.1,0.2,0.1
0,0.1,0.1,0.2,0.1
0,0.1,0.1,0.2,0.1
0,0.1,0.1,0.2,0.1
0,0.2,0.1,0.1,0.2
0,0.1,0.1,0.1,0.2
0,0.1,0.1,0.1,0.1
0,0.2,0.1,0.2,0.1
0,0.2,0.1,0.2,0.1
0,0.1,0.2,0.2,0.1
0,0.2,0.1,0.2,0.1
0,0.1,0.1,0.2,0.1
0,0.1,0.1,0.1,0.1
0,0.1,0.1,0.2,0.1
0,0.1,0.1,0.1,0.2
0,0.1,0.1,0.2,0.1
0,0.1,0.2,0.1,0.1
0,0.5,0.2,0.3,0.2
0,0.1,0.1,0.2,0.1
0,0.1,0.2,0.1,0.1
0,0.2,0.2,0.2,0.1
0,0.1,0.1,0.3,0.1
0,0.1,0.1,0.1,0.1
0,0.2,0.2,0.2,0.1
0,0.2,0.1,0.1,0.2
0,0.2,0.1,0.2,0.1
0,0.1,0.2,0.1,0.1
0,0.1,0.2,0.2,0.1
0,0.1,0.1,0.2,0.1
0,0.1,0.1,0.1,0.2
0,0.2,0.2,0.1,0.1
0,0.1,0.1,0.2,0.1
0,0.1,0.1,0.1,0.1
0,0.1,0.1,0.2,0.1
0,0.1,0.1,0.2,0.1
0,0.1,0.1,0.1,0.2
0,0.2,0.2,0.2,0.3
0,0.2,0.1,0.5,0.1
0,0.1,0.2,0.2,0.1
0,0.2,0.1,0.2,0.1
0,0.1,0.1,0.1,0.2
0,0.1,0.1,0.1,0.1
0,0.1,0.2,0.2,0.1
0,0.1,0.1,0.2,0.1
0,0.1,0.1,0.1,0.1
0,0.1,0.2,0.2,0.1
0,0.3,1,1,1.2
0,0.1,0.1,0.1,0.2
0,0.1,0.1,0.1,0.1
0,0.2,0.1,0.2,0.1
0,0.1,0.1,0.1,0.1
0,0.1,0.1,0.2,0.1
0,0.1,0.1,0.2,0.1
0,0.2,0.1,0.2,0.1
0,0.1,0.1,0.1,0.2
0,0.2,0.1,0.2,0.1
0,0.1,0.2,0.1,0.1
0,0.2,0.1,0.2,0.1
0,0.2,0.1,0.1,0.1
0,0.1,0.1,0.2,0.1
0,0.2,0.2,0.2,0.1
0,0.1,0.1,0.1,0.2
0,0.4,0.3,0.3,0.3
0,0.1,0.1,0.1,0.1
0,0.1,0.1,0.1,0.2
0,0.2,0.1,0.1,0.1
0,0.2,0.2,0.1,0.1
0,0.1,0.1,0.1,0.1
0,0.1,0.1,0.1,0.2
0,0.2,0.1,0.2,0.1
0,0.1,0.1,0.1,0.1
0,0.1,0.1,0.2,0.1
0,0.1,0.1,0.2,0.1
0,0.2,0.1,0.2,0.1
0,0.1,0.1,0.1,0.1
0,0.1,0.1,0.1,0.2
0,0.1,0.1,0.2,0.1
0,0.2,0.2,0.1,0.1
0,0.2,0.1,0.2,0.1
0,0.1,0.1,0.1,0.1
0,0.1,0.1,0.1,0.2
0,0.1,0.1,0.2,0.1
0,0.1,0.1,0.2,0.1
0,0.1,0.1,0.1,0.1
0,0.2,0.2,0.2,0.1
0,0.2,0.1,0.3,0.2
0,0.1,0.1,0.1,0.2
0,0.1,0.1,0.1,0.2
0,0.2,0.2,0.1,0.1
0,0.1,0.1,0.1,0.2
0,0.2,0.1,0.1,0.1
0,0.1,0.1,0.2,0.1
0,0.1,0.1,0.2,0.1
0,0.2,0.2,0.1,0.1
0,0.1,0.1,0.1,0.2
0,0.1,0.1,0.1,0.2
0,0.1,0.1,0.1,0.2
0,0.1,0.1,0.1,0.1
0,0.1,0.1,0.1,0.1
0,0.2,0.1,0.1,0.1
0,0.2,0.1,0.1,0.1
0,0.1,0.1,0.1,0.2
0,0.1,0.1,0.1,0.1
0,0.1,0.1,0.1,0.2
0,0.1,0.1,0.2,0.2
0,0.1,0.1,0.2,0.1
0,0.1,0.1,0.2,0.1
0,0.2,0.2,0.3,0.2
0,0.2,0.1,0.2,0.1
0,0.1,0.1,0.1,0.1
0,0.1,0.1,0.2,0.1
0,0.1,0.1,0.1,0.2
0,0.1,0.1,0.2,0.1
0,0.2,0.1,0.2,0.1
0,0.2,0.2,0.2,0.2
0,0.1,0.1,0.1,0.2
0,0.1,0.2,0.1,0.1
0,0.1,0.2,0.1,0.1
0,0.2,0.2,0.1,0.1
0,0.1,0.1,0.2,0.1
0,0.1,0.1,0.1,0.1
0,0.1,0.1,0.2,0.1
0,0.1,0.1,0.2,0.1
0,0.1,0.1,0.1,0.1
0,0.1,0.1,0.2,0.1
0,0.1,0.1,0.1,0.2
0,0.1,0.1,0.2,0.1
0,0.1,0.1,0.1,0.2
0,0.1,0.1,0.2,0.1
0,0.1,0.1,0.2,0.1
0,0.1,0.1,0.1,0.2
0,0.1,0.1,0.1,0.1
0,0.1,0.1,0.1,0.1
0,0.1,0.1,0.2,0.1
0,0.1,0.1,0.1,0.1
0,0.1,0.1,0.2,0.1
0,0.1,0.1,0.2,0.1
0,0.1,0.1,0.1,0.1
0,0.1,0.1,0.1,0.1
0,0.1,0.1,0.1,0.2
0,0.2,0.1,0.1,0.1
0,0.1,0.1,0.1,0.2
0,0.1,0.1,0.1,0.2
0,0.2,0.1,0.1,0.1
0,0.2,0.2,0.1,0.1
0,0.1,0.1,0.1,0.2
0,0.1,0.1,0.1,0.2
0,0.1,0.1,0.1,0.1
0,0.1,0.1,0.2,0.1
0,0.1,0.1,0.2,0.1
0,0.1,0.1,0.2,0.2
0,0.1,0.1,0.1,0.2
0,0.1,0.1,0.1,0.2
0,0.1,0.1,0.2,0.1
0,0.1,0.1,0.2,0.1
0,0.1,0.1,0.1,0.2
0,0.1,0.1,0.2,0.1
0,0.1,0.1,0.2,0.1
0,0.1,0.1,0.1,0.2
0,0.2,0.1,0.1,0.1
0,0.1,0.1,0.2,0.1
0,0.2,0.2,0.1,0.1
0,0.1,0.1,0.1,0.1
0,0.2,0.1,0.1,1.7
0,0.1,0.1,0.2,0.1
0,0.2,0.1,0.1,0.1
0,0.1,0.1,0.2,0.1
0,0.1,0.1,0.2,0.1
0,0.1,0.1,0.1,0.1
0,0.1,0.1,0.1,0.1
0,0.1,0.1,0.1,0.2
0,0.1,0.1,0.2,0.1
0,0.1,0.1,0.1,0.1
0,0.2,0.1,0.2,0.1
0,0.1,0.1,0.2,0.1
0,0.1,0.1,0.2,0.1
0,0.1,0.1,0.1,0.2
0,0.1,0.1,0.1,0.1
0,0.1,0.1,0.1,0.1
0,0.1,0.1,0.1,0.2
0,0.2,0.1,0.2,0.1
0,0.1,0.1,0.2,0.2
0,0.1,0.1,0.2,0.1
0,0.1,0.1,0.2,0.2
0,0.2,0.1,0.1,0.1
0,0.1,0.1,0.2,0.1
0,0.1,0.1,0.1,0.2
0,0.1,0.1,0.1,0.1
0,0.1,0.1,0.2,0.1
0,0.3,0.2,0.2,0.3
0,0.1,0.1,0.1,0.1
0,0.1,0.1,0.1,0.2
0,0.1,0.1,0.1,0.2
0,0.1,0.1,0.1,0.1
0,0.1,0.1,0.2,0.2
0,0.1,0.1,0.1,0.2
0,0.1,0.1,0.1,0.2
0,0.1,0.1,0.2,0.1
0,0.1,0.1,0.1,0.1
0,0.1,0.1,0.1,0.1
0,0.1,0.1,0.1,0.1
0,0.1,0.1,0.2,0.1
0,0.1,0.1,0.2,0.2
0,0.1,0.1,0.2,0.2
0,0.1,0.1,0.1,0.2
0,0.1,0.1,0.1,0.1
0,0.1,0.1,0.1,0.1
0,0.1,0.1,0.1,0.2
0,0.1,0.1,0.2,0.1
0,0.1,0.1,0.2,0.1
0,0.1,0.1,0.1,0.2
0,0.1,0.1,0.1,0.2
0,0.1,0.1,0.2,0.1
0,0.2,0.1,0.2,0.1
0,0.2,0.2,0.1,0.1
0,0.1,0.1,0.2,0.2
0,0.1,0.1,0.1,0.1
0,0.1,0.1,0.1,0.2
0,0.1,0.2,0.1,0.1
0,0.1,0.1,0.2,0.1
0,0.1,0.1,0.1,0.2
0,0.1,0.1,0.2,0.1
0,0.2,0.1,0.1,0.1
0,0.1,0.1,0.2,0.1
0,0.1,0.1,0.1,0.2
0,0.1,0.2,0.1,0.1
0,0.1,0.1,0.1,0.1
0,0.1,0.1,0.2,0.2
0,0.1,0.2,0.1,0.1
0,0.1,0.1,0.2,0.1
0,0.1,0.2,0.1,0.1
0,0.1,0.1,0.1,0.1
0,0.1,0.2,0.1,0.1
0,0.1,0.1,0.1,0.2
0,0.3,0.2,0.3,0.2
0,0.1,0.1,0.2,0.1
0,0.1,0.1,0.2,0.1
0,0.2,0.2,0.2,0.1
0,0.2,0.1,0.2,0.1
0,0.1,0.1,0.1,0.1
0,0.1,0.2,0.2,0.1
0,0.1,0.1,0.2,0.1
0,0.1,0.1,0.1,0.2
0,0.2,0.1,0.2,0.2
0,0.1,0.2,0.2,0.1
0,0.1,0.1,0.2,0.1
0,0.1,0.1,0.2,0.2
0,0.1,0.2,0.2,0.2
0,0.1,0.2,0.4,0.2
0,0.1,0.2,0.2,0.2
0,0.2,0.1,0.1,0.1
0,0.2,0.1,0.1,0.2
0,0.2,0.1,0.1,0.1
0,1.1,0.2,0.8,1
0,0.2,0.3,0.3,0.3
0,0.2,0.2,0.2,0.1
0,0.1,0.1,0.2,0.2
0,0.1,0.2,0.2,0.1
0,0.1,0.1,0.1,0.2
0,0.1,0.1,0.2,0.2
0,0.1,0.2,0.1,0.1
0,0.1,0.1,0.1,0.2
0,0.1,0.1,0.1,0.2
0,0.2,0.2,0.2,0.1
0,0.2,0.2,0.2,0.1
0,0.1,0.1,0.2,0.1
0,0.1,0.1,0.1,0.1
0,0.2,0.1,0.1,0.1
0,0.1,0.1,0.1,0.1
0,0.2,0.1,0.2,0.1
0,0.1,0.2,0.1,0.1
0,0.1,0.2,0.2,0.1
0,0.1,0.1,0.1,0.2
0,0.1,0.1,0.2,0.1
0,0.1,0.1,0.2,0.1
0,0.3,0.3,0.4,0.3
0,1.1,1.1,1.1,1.2
0,0.2,0.2,0.3,0.3
0,0.2,0.1,0.1,0.1
0,0.1,0.1,0.2,0.1
0,0.2,0.1,0.1,0.1
0,0.1,0.1,0.2,0.2
0,0.1,0.1,0.2,0.1
0,0.2,0.2,0.2,0.2
0,0.1,0.1,0.2,0.1
0,0.1,0.1,0.2,0.1
0,0.2,0.1,0.2,0.2
0,0.1,0.2,0.2,0.2
0,0.2,0.1,0.4,0.2
0,0.1,0.1,0.2,0.2
0,0.2,0.1,0.2,0.2
0,0.2,0.2,0.2,0.1
0,0.1,0.1,0.1,0.1
0,0.1,0.1,0.1,0.1
0,0.2,0.2,0.2,0.1
0,0.1,0.1,0.2,0.2
0,0.2,0.2,0.2,0.2
0,0.1,0.1,0.2,0.1
0,0.2,0.1,0.2,0.2
0,0.1,0.1,0.2,0.1
0,0.2,0.2,0.2,0.1
0,0.1,0.1,0.1,0.1
0,0.1,0.1,0.1,0.1
0,0.2,0.2,0.1,0.1
0,0.2,0.1,0.1,0.2
0,0.2,0.2,0.3,0.2
0,0.1,0.1,0.1,0.2
0,0.1,0.1,0.2,0.1
0,0.2,0.1,0.2,0.2
0,0.1,0.1,0.2,0.1
0,0.1,0.1,0.1,0.2
0,0.1,0.1,0.2,0.1
0,0.2,0.1,0.1,0.1
0,0.1,0.2,0.3,0.2
0,0.2,0.1,0.1,0.1
0,0.1,0.1,0.2,0.1
0,0.1,0.1,0.1,0.1
0,0.1,0.2,0.1,0.1
0,0.2,0.1,0.2,0.2
0,0.1,0.1,0.2,0.1
0,0.2,0.2,0.3,0.3
0,0.1,0.2,0.3,0.2
0,0.1,0.1,0.2,0.1
0,0.1,0.2,0.1,0.1
0,0.1,0.1,0.2,0.1
0,0.1,0.2,0.2,0.1
0,0.2,0.1,0.1,0.1
0,0.1,0.2,0.1,0.1
0,0.1,0.1,0.1,0.2
0,0.1,0.2,0.1,0.1
0,0.2,0.1,0.2,0.1
0,0.1,0.2,0.2,0.1
0,0.1,0.1,0.1,0.1
0,0.2,0.1,0.1,0.1
0,0.1,0.1,0.1,0.2
0,0.1,0.2,0.2,0.1
0,0.1,0.1,0.1,0.1
0,0.2,0.1,0.1,0.1
0,0.1,0.1,0.1,0.2
0,0.2,0.1,0.1,0.1
0,0.1,0.1,0.2,0.1
0,0.1,0.2,0.2,0.1
0,0.1,0.1,0.2,0.1
0,0.1,0.1,0.2,0.1
0,0.1,0.1,0.2,0.1
0,0.3,0.2,0.3,0.2
0,0.2,0.2,0.2,0.2
0,0.1,0.1,0.2,0.1
0,0.1,0.1,0.1,0.2
0,0.1,0.1,0.1,0.2
0,0.1,0.1,0.2,0.1
0,0.1,0.1,0.2,0.1
0,0.1,0.2,0.2,0.1
0,0.1,0.1,0.2,0.1
0,0.1,0.2,0.2,0.1
0,0.2,0.2,0.1,0.1
0,0.1,0.1,0.1,0.2
0,0.2,0.1,0.1,0.1
0,0.1,0.1,0.1,0.1
0,0.2,0.1,0.1,0.1
0,0.1,0.2,0.1,0.1
0,0.2,0.2,0.1,0.1
0,0.1,0.1,0.1,0.1
0,0.1,0.1,0.1,0.2
0,0.1,0.1,0.1,0.1
0,0.1,0.1,0.1,0.2
0,0.1,0.2,0.1,0.1
0,0.1,0.1,0.1,0.1
0,0.2,0.1,0.2,0.2
0,0.2,0.2,0.1,0.1
0,0.1,0.1,0.2,0.1
0,0.1,0.1,0.1,0.2
0,0.1,0.2,0.1,0.1
0,0.1,0.1,0.1,0.2
0,0.1,0.1,0.2,0.1
0,0.1,0.2,0.1,0.1
0,0.3,0.2,0.2,0.2
0,0.2,0.1,0.2,0.1
0,0.1,0.1,0.1,0.2
0,0.2,0.2,0.1,0.1
0,0.1,0.1,0.1,0.1
0,0.1,0.1,0.1,0.1
0,0.1,0.1,0.1,0.2
0,0.2,0.2,0.2,0.1
0,0.2,0.1,0.1,0.2
0,0.1,0.1,0.1,0.1
0,0.1,0.1,0.1,0.1
0,0.1,0.1,0.1,0.2
0,0.1,0.1,0.2,0.1
0,0.1,0.1,0.2,0.1
0,0.2,0.1,0.1,0.1
0,0.1,0.1,0.2,0.1
0,0.2,0.1,0.2,0.1
0,0.2,0.1,0.1,0.2
0,0.1,0.1,0.1,0.1
0,0.1,0.1,0.1,0.1
0,0.1,0.1,0.1,0.1
0,0.1,0.1,0.1,0.1
0,0.1,0.1,0.2,0.1
0,0.1,0.1,0.2,0.1
0,0.2,0.1,0.1,0.1
0,0.1,0.1,0.2,0.1
0,0.1,0.1,0.1,0.1
0,0.2,0.1,0.1,0.2
0,0.1,0.1,0.1,0.1
0,0.1,0.1,0.2,0.1
0,0.1,0.1,0.2,0.1
0,0.1,0.1,0.2,0.1
0,0.2,0.1,0.1,0.2
0,0.1,0.1,0.1,0.2
0,0.1,0.1,0.1,0.1
0,0.1,0.2,0.1,0.1
0,0.2,0.1,0.1,0.2
0,0.1,0.1,0.1,0.2
0,0.1,0.1,0.1,0.1
0,0.1,0.2,0.1,0.1
0,0.1,0.1,0.1,0.1
0,0.1,0.1,0.1,0.1
0,0.1,0.1,0.2,0.1
0,0.1,0.1,0.2,0.1
0,0.1,0.1,0.1,0.1
0,0.1,0.1,0.1,0.1
0,0.1,0.1,0.1,0.1
0,0.1,0.2,0.1,0.1
0,0.1,0.1,0.2,0.2
0,0.1,0.1,0.1,0.1
0,0.1,0.1,0.2,0.1
0,0.2,0.1,0.2,0.1
0,0.1,0.1,0.1,0.1
0,0.1,0.1,0.2,0.1
0,0.2,0.2,0.1,0.1
0,0.1,0.2,0.1,0.1
0,0.1,0.1,0.1,0.1
0,0.1,0.1,0.1,0.1
0,0.1,0.1,0.1,0.2
0,0.1,0.1,0.1,0.2
0,0.2,0.2,0.1,0.1
0,0.1,0.1,0.1,0.1
0,0.1,0.1,0.1,0.1
0,0.2,0.1,0.1,0.2
0,0.1,0.2,0.2,0.1
0,0.1,0.1,0.2,0.1
0,0.1,0.1,0.2,0.1
0,0.3,0.2,0.1,0.3
0,0.2,0.1,0.1,0.1
0,0.1,0.1,0.1,0.2
0,0.1,0.1,0.2,0.1
0,0.1,0.1,0.2,0.1
0,0.1,0.2,0.2,0.1
0,0.1,0.1,0.2,0.1
0,0.1,0.1,0.2,0.1
0,0.1,0.1,0.1,0.1
0,0.1,0.1,0.1,0.1
0,0.1,0.1,0.2,0.1
0,0.1,0.1,0.1,0.1
0,0.1,0.1,0.1,0.1
0,0.2,0.1,0.1,0.2
0,0.1,0.1,0.2,0.1
0,0.1,0.1,0.1,0.2
0,0.2,0.1,0.2,0.2
0,0.1,0.1,0.2,0.1
0,0.1,0.1,0.1,0.1
0,0.2,0.1,0.1,0.2
0,0.2,0.3,0.4,0.3
0,0.1,0.1,0.2,0.1
0,0.2,0.2,0.3,0.2
0,0.1,0.2,0.1,0.1
0,0.1,0.1,0.1,0.1
0,0.1,0.1,0.2,0.1
0,0.1,0.1,0.1,0.2
0,0.2,0.1,0.1,0.1
0,0.1,0.1,0.1,0.2
0,0.1,0.1,0.1,0.2
0,0.1,0.1,0.2,0.1
0,0.1,0.1,0.2,0.1
0,0.2,0.1,0.2,0.1
0,0.1,0.1,0.1,0.2
0,0.1,0.2,0.1,0.1
0,0.2,0.1,0.2,0.1
0,0.1,0.1,0.2,0.2
0,0.2,0.1,0.2,0.1
0,0.1,0.1,0.1,0.1
0,0.1,0.2,0.1,0.1
0,0.1,0.1,0.1,0.1
0,0.1,0.1,0.2,0.1
0,0.1,0.1,0.1,0.2
0,0.2,0.2,0.2,0.2
0,0.1,0.1,0.1,0.1
0,0.1,0.1,0.2,0.1
0,0.1,0.2,0.1,0.1
0,0.2,0.1,0.2,0.1
0,0.1,0.1,0.2,0.1
0,0.1,0.1,0.1,0.1
0,0.1,0.1,0.1,0.2
0,0.1,0.1,0.1,0.1
0,0.2,0.1,0.2,0.1
0,0.2,0.1,0.1,0.1
0,0.2,0.1,0.2,0.1
0,0.1,0.1,0.2,0.1
0,0.1,0.1,0.1,0.1
0,1.2,1.1,1.1,1.1
0,0.1,0.1,0.2,0.1
0,1.1,1,1,1
0,0.2,0.1,0.1,0.2
0,0.3,0.2,0.4,0.1
0,0.2,0.1,0.1,0.2
0,0.1,0.1,0.1,0.1
0,0.1,0.1,0.1,0.2
0,0.2,0.1,0.1,0.1
0,0.1,0.1,0.1,0.2
0,0.1,0.1,0.2,0.1
0,0.3,0.2,0.2,0.2
0,0.2,0.1,0.1,0.2
0,0.1,0.1,0.1,0.2
0,0.1,0.1,0.1,0.2
0,0.2,0.1,0.2,0.2
0,0.1,0.2,0.1,0.1
0,0.1,0.1,0.2,0.1
0,0.2,0.1,0.1,0.1
0,0.1,0.1,0.1,0.1
0,0.3,0.1,0.1,0.1
0,0.1,0.2,0.2,0.1
0,0.2,0.2,0.3,0.3
0,0.2,0.2,0.2,0.1
0,0.2,0.2,0.2,0.1
0,0.1,0.2,0.1,0.1
0,0.1,0.2,0.2,0.1
0,0.1,0.1,0.2,0.1
0,0.1,0.1,0.1,0.1
0,0.1,0.1,0.2,0.1
0,0.1,0.2,0.1,0.1
0,0.2,0.1,0.1,0.1
0,0.1,0.1,0.4,0.1
0,0.1,0.2,0.2,0.1
0,0.1,0.1,0.1,0.2
0,0.1,0.2,0.1,0.1
0,0.1,0.1,0.2,0.1
0,0.1,0.1,0.1,0.1
0,0.1,0.1,0.2,0.1
0,0.1,0.1,0.1,0.1
0,0.1,0.1,0.2,0.1
0,0.1,0.1,0.2,0.1
0,0.1,0.1,0.1,0.2
0,0.1,0.1,0.1,0.2
0,0.1,0.1,0.2,0.1
0,0.1,0.1,0.1,0.1
0,0.1,0.1,0.1,0.2
0,1.1,1.1,1.1,1
0,0.1,0.1,0.2,0.1
0,0.1,0.1,0.1,0.1
0,0.1,0.2,0.2,0.1
0,0.2,0.1,0.1,0.1
0,0.4,0.3,0.4,0.3
0,0.4,0.3,2.1,0.3
0,0.2,0.1,0.1,0.1
0,0.1,0.1,0.1,0.1
0,0.1,0.1,0.2,0.1
0,0.2,0.1,0.2,0.2
0,0.3,0.3,0.2,0.3
0,0.2,0.2,0.2,0.2
0,0.2,0.1,0.2,0.1
0,0.1,0.1,0.2,0.1
0,0.4,0.2,0.1,0.1
0,0.1,0.2,0.1,0.1
0,0.1,0.1,0.1,0.2
0,0.1,0.1,0.1,0.2
0,0.1,0.1,0.1,0.2
0,0.2,0.1,0.2,0.1
0,0.1,0.1,0.1,0.1
0,0.2,0.1,0.2,0.2
0,0.4,0.3,0.3,0.3
0,0.2,0.2,0.2,0.1
0,0.2,0.2,0.4,0.2
0,0.1,0.1,0.1,0.2
0,0.1,0.1,0.1,0.1
0,0.2,0.2,0.1,0.2
0,0.2,0.2,0.2,0.1
0,0.1,0.1,0.1,0.2
0,0.1,0.1,0.1,0.1
0,0.1,0.1,0.2,0.1
0,0.1,0.1,0.1,0.1
0,0.1,0.1,0.2,10.6
0,0.1,0.2,0.1,0.1
0,0.1,0.1,0.2,0.1
0,0.1,0.1,0.1,0.2
0,0.2,0.1,0.2,0.1
0,0.1,0.1,0.2,0.1
0,0.3,0.3,0.5,0.3
0,0.1,0.1,0.2,0.1
0,0.1,0.2,0.1,0.1
0,0.1,0.1,0.2,0.1
0,0.1,0.1,0.2,0.1
0,0.1,0.1,0.1,0.1
0,0.1,0.2,0.2,0.1
0,0.1,0.1,0.1,0.1
0,0.1,0.1,0.1,0.1
0,0.2,0.1,0.1,0.1
0,0.4,0.3,0.3,0.3
0,0.1,0.1,0.1,0.1
0,0.1,0.2,0.1,0.1
0,0.1,0.1,0.1,0.1
0,0.2,0.1,0.2,0.1
0,0.1,0.1,0.2,0.1
0,0.1,0.1,0.1,0.2
0,0.2,0.1,0.3,0.2
0,0.1,0.1,0.1,0.2
0,0.1,0.1,0.1,0.2
0,0.1,0.1,0.2,0.1
0,0.1,0.1,0.2,0.1
0,1.1,1,1.1,1
0,0.2,0.1,0.1,0.2
0,0.1,0.1,0.2,0.1
0,0.2,0.2,0.2,0.1
0,0.1,0.2,0.2,0.1
0,0.1,0.1,0.1,0.1
0,0.2,0.2,0.1,0.1
0,0.1,0.1,0.2,0.1
0,0.1,0.2,0.1,0.1
0,0.1,0.1,0.2,0.1
0,0.3,0.2,0.3,0.3
0,0.1,0.1,0.1,0.1
0,0.2,0.2,0.2,0.2
0,0.1,0.1,0.2,0.1
0,0.2,0.1,0.2,0.1
0,0.1,0.1,0.2,0.1
0,0.1,0.1,0.2,0.1
0,0.2,0.2,0.2,0.1
0,0.1,0.1,0.1,0.2
0,0.1,0.1,0.1,0.2
0,0.1,0.2,0.1,0.1
0,0.2,0.2,0.2,0.3
0,0.2,0.1,0.2,0.1
0,0.1,0.1,0.2,0.1
0,0.1,0.1,0.2,0.1
0,0.1,0.1,0.2,0.1
0,0.1,0.1,0.1,0.2
0,0.1,0.1,0.1,0.2
0,0.1,0.1,0.1,0.1
0,0.1,0.1,0.2,0.1
0,0.1,0.1,0.2,0.1
0,0.2,0.1,0.2,0.1
0,0.1,0.1,0.1,0.2
0,0.1,0.1,0.1,0.2
0,0.1,0.1,0.1,0.2
0,0.2,0.2,0.2,0.1
0,0.1,0.2,0.2,0.1
0,0.2,0.2,0.1,0.1
0,0.2,0.1,0.2,0.1
0,0.2,0.2,0.1,0.1
0,0.1,0.1,0.2,0.1
0,0.1,0.2,0.1,0.1
0,0.1,0.2,0.1,0.1
0,0.1,0.1,0.2,0.2
0,0.1,0.1,0.2,0.1
0,0.1,0.1,0.1,0.1
0,0.2,0.1,0.1,0.2
0,0.1,0.1,0.2,0.1
0,0.1,0.2,0.1,0.1
0,0.1,0.2,0.1,0.1
0,0.1,0.1,0.1,0.1
0,0.1,0.1,0.1,0.1
0,0.2,0.1,0.2,0.1
0,0.1,0.2,0.1,0.1
0,0.1,0.1,0.2,0.1
0,0.1,0.1,0.1,0.2
0,0.1,0.2,0.1,0.1
0,0.1,0.1,0.2,0.1
0,0.1,0.1,0.1,0.2
0,0.1,0.1,0.2,0.1
0,0.1,0.1,0.1,0.1
0,0.2,0.1,0.2,0.1
0,0.2,0.1,0.2,0.1
0,0.1,0.1,0.1,0.1
0,0.2,0.1,0.2,0.1
0,0.1,0.1,0.1,0.1
0,0.2,0.1,0.1,0.1
0,0.1,0.1,0.1,0.1
0,0.2,0.1,0.2,0.1
0,0.1,0.1,0.2,0.2
0,0.1,0.1,0.1,0.1
0,0.1,0.1,0.1,0.1
0,0.1,0.1,0.2,0.1
0,0.1,0.1,0.2,0.1
0,0.2,0.2,0.1,0.1
0,0.1,0.1,0.1,0.2
0,0.1,0.2,0.2,0.1
0,0.1,0.1,0.2,0.1
0,0.1,0.1,0.2,0.1
0,0.1,0.1,0.1,0.1
0,0.1,0.1,0.2,0.1
0,0.2,0.2,0.1,0.2
0,0.1,0.2,0.1,0.1
0,0.1,0.1,0.1,0.2
0,0.1,0.1,0.1,0.2
0,0.1,0.1,0.2,0.1
0,0.1,0.2,0.1,0.1
0,0.2,0.1,0.1,0.2
0,0.1,0.2,0.2,0.1
0,0.2,0.2,0.1,0.1
0,0.2,0.1,0.1,0.1
0,0.1,0.1,0.2,0.1
0,0.1,0.1,0.1,0.2
0,0.1,0.2,0.1,0.1
0,0.2,0.1,0.1,0.1
0,0.1,0.1,0.1,0.2
0,0.1,0.1,0.2,0.1
0,0.1,0.1,0.1,0.1
0,0.2,0.1,0.2,0.1
0,0.1,0.1,0.1,0.1
0,0.1,0.1,0.1,0.1
0,0.1,0.1,0.1,0.1
0,0.1,0.1,0.1,0.1
0,0.1,0.1,0.1,0.2
0,0.1,0.1,0.2,0.1
0,0.1,0.1,0.2,0.1
0,0.2,0.1,0.1,0.1
0,0.1,0.1,0.2,0.2
0,0.2,0.1,0.2,0.1
0,0.2,0.2,0.1,0.1
0,0.2,0.2,0.2,0.1
0,0.1,0.1,0.1,0.1
0,0.2,0.2,0.2,0.1
0,0.2,0.1,0.2,0.1
0,0.1,0.1,0.1,0.1
0,0.2,0.1,0.1,0.2
0,0.1,0.1,0.2,0.1
0,0.1,0.1,0.2,0.1
0,0.1,0.1,0.1,0.1
0,0.1,0.1,0.1,0.1
0,0.1,0.1,0.1,0.2
0,0.1,0.1,0.2,0.1
0,0.1,0.1,0.2,0.1
0,0.1,0.1,0.2,0.1
0,0.1,0.2,0.1,0.1
0,0.1,0.1,0.1,0.1
0,0.1,0.2,0.1,0.1
0,0.1,0.1,0.1,0.1
0,0.1,0.1,0.2,0.2
0,0.1,0.1,0.1,0.1
0,0.1,0.1,0.2,0.1
0,0.1,0.2,0.1,0.1
0,0.2,0.1,0.1,0.1
0,0.1,0.1,0.1,0.1
0,0.1,0.1,0.2,0.1
0,0.1,0.1,0.2,0.1
0,0.2,0.1,0.1,0.2
0,0.1,0.1,0.1,0.1
0,0.1,0.1,0.2,0.1
0,0.1,0.2,0.1,0.1
0,0.1,0.1,0.2,0.1
0,0.1,0.1,0.2,0.1
0,0.1,0.1,0.4,0.1
0,0.1,0.1,0.1,0.1
0,0.1,0.2,0.2,0.1
0,0.1,0.1,0.2,0.1
0,0.1,0.1,0.2,0.1
0,0.1,0.1,0.2,0.1
0,0.1,0.1,0.2,0.1
0,0.1,0.2,0.1,0.1
0,0.2,0.2,0.1,0.1
0,0.1,0.1,0.1,0.2
0,0.1,0.1,0.1,0.2
0,0.1,0.1,0.1,0.1
0,0.3,0.3,0.2,0.3
0,0.1,0.1,0.1,0.1
0,0.1,0.1,0.1,0.1
0,0.1,0.1,0.1,0.2
0,0.3,0.2,0.3,0.3
0,0.1,0.1,0.1,0.2
0,0.1,0.1,0.2,0.1
0,0.4,1.1,0.4,0.3
0,0.3,0.2,0.3,0.3
0,1.1,1.1,1.1,1
0,0.2,0.2,0.3,0.3
0,0.1,0.1,0.1,0.2
0,0.2,0.1,0.1,0.2
0,0.2,0.2,0.2,0.2
0,0.1,0.1,0.2,0.1
0,0.1,0.1,0.2,0.1
0,0.1,0.1,0.2,0.1
0,0.1,0.1,0.1,0.2
0,0.2,0.1,0.1,0.1
0,0.2,0.1,0.2,0.2
0,0.1,0.1,0.4,0.1
0,0.1,0.1,0.2,0.1
0,0.3,0.2,0.2,0.3
0,0.3,0.2,0.2,0.3
0,0.3,0.3,1.2,0.4
0,0.2,0.2,0.2,0.1
0,0.1,0.1,0.1,0.1
0,1.1,0.8,0.3,0.2
0,0.4,0.3,0.3,0.3
0,0.6,0.4,0.3,0.4
0,0.4,0.3,0.3,0.3
0,0.1,0.1,0.2,0.1
0,0.3,0.3,0.4,0.3
0,0.3,0.1,0.1,0.2
0,0.1,0.1,0.2,0.1
0,0.1,0.1,0.1,0.1
0,0.1,0.2,0.2,0.1
0,0.1,0.2,0.1,0.1
0,0.1,0.2,0.2,0.1
0,0.2,0.2,0.2,0.2
0,0.2,0.1,0.3,0.2
0,0.4,1,1,1.1
0,0.4,0.3,0.4,0.3
0,0.1,0.2,0.2,0.2
0,0.1,0.1,0.2,0.1
0,0.2,0.1,0.1,0.1
0,0.4,0.4,0.4,0.3
0,0.1,0.1,0.1,0.2
0,0.2,0.1,0.2,0.2
0,0.1,0.1,0.1,0.1
0,0.1,0.1,0.1,0.1
0,0.3,0.3,0.3,0.3
0,0.1,0.1,0.2,0.1
0,0.1,0.2,0.2,0.1
0,0.2,0.1,0.1,0.2
0,0.4,0.2,0.3,0.2
0,0.1,0.2,0.3,0.1
0,0.2,0.2,0.3,0.2
0,0.2,0.2,0.3,0.1
0,0.2,0.2,0.2,0.3
0,0.1,0.1,0.2,0.2
0,0.1,0.2,0.2,0.2
0,0.2,0.2,0.2,0.2
0,0.2,0.2,0.2,0.2
0,0.1,0.2,0.2,0.2
0,0.1,0.2,0.3,0.2
0,0.2,0.2,0.2,0.2
0,0.1,0.2,0.2,0.1
0,0.1,0.1,0.1,0.2
0,0.2,0.1,0.1,0.1
0,0.1,0.1,0.2,0.1
0,0.2,0.2,0.2,0.1
0,0.1,0.2,0.2,0.1
0,0.2,0.2,0.2,0.2
0,0.1,0.2,0.1,0.1
0,0.2,0.2,0.1,0.1
0,0.1,0.1,0.1,0.2
0,0.1,0.2,0.3,0.1
0,0.1,0.1,0.2,0.1
0,0.2,0.1,0.1,0.1
0,0.2,0.2,0.2,0.1
0,1.2,1,1,1.1
0,0.1,0.2,0.1,0.1
0,0.2,0.2,0.2,0.1
0,0.1,0.1,0.1,0.2
0,0.1,0.1,0.1,0.1
0,0.1,0.1,0.1,0.1
0,0.2,0.2,0.2,0.2
0,0.3,0.3,1.2,0.3
0,0.1,0.1,0.2,0.1
0,0.1,0.1,0.2,0.1
0,0.1,0.2,0.2,0.1
0,0.1,0.1,0.2,0.1
0,0.2,0.1,0.2,0.1
0,0.1,0.1,0.1,0.1
0,0.1,0.1,0.1,0.1
0,0.1,0.2,0.2,0.1
0,0.1,0.2,0.2,0.1
0,0.1,0.1,0.2,0.1
0,0.1,0.1,0.1,0.2
0,0.1,0.1,0.1,0.1
0,0.1,0.1,0.2,0.1
0,0.2,0.1,0.2,0.1
0,0.2,0.1,0.1,0.1
0,0.2,0.2,0.1,0.2
0,0.1,0.1,0.2,0.1
0,0.1,0.1,0.1,0.2
0,0.1,0.2,0.2,0.1
0,0.1,0.1,0.1,0.2
0,0.1,0.1,0.1,0.2
0,0.1,0.1,0.1,0.2
0,0.1,0.1,0.2,0.1
0,0.1,0.1,0.1,0.2
0,0.1,0.1,0.1,0.2
0,0.2,0.1,0.1,0.1
0,0.1,0.1,0.2,0.1
0,0.2,0.1,0.2,0.1
0,0.1,0.2,0.1,0.1
0,0.3,1,1.1,0.2
0,0.1,0.2,0.1,0.1
0,0.2,0.1,0.1,0.1
0,0.2,0.2,0.3,0.1
0,0.1,0.2,0.2,0.1
0,0.4,0.3,0.3,0.3
0,0.1,0.1,0.1,0.1
0,0.1,0.1,0.1,0.1
0,0.2,0.2,0.2,0.1
0,0.1,0.1,0.1,0.1
0,0.1,0.1,0.1,0.2
0,0.1,0.1,0.2,0.1
0,0.1,0.1,0.1,0.1
0,0.1,0.2,0.1,0.1
0,0.1,0.2,0.1,0.1
0,0.1,0.1,0.2,0.1
0,0.1,0.1,0.1,0.2
0,0.1,0.1,0.2,0.1
0,0.1,0.1,0.2,0.1
0,0.1,0.1,0.1,0.1
0,0.2,0.1,0.1,0.1
0,0.1,0.1,0.1,0.2
0,0.1,0.1,0.1,0.2
0,0.1,0.1,0.2,0.1
0,0.1,0.1,0.1,0.1
0,0.2,0.2,0.1,0.1
0,0.1,0.1,0.2,0.1
0,0.2,0.2,0.1,0.1
0,0.1,0.1,0.1,0.1
0,0.1,0.1,0.1,0.1
0,0.1,0.1,0.1,0.1
0,0.2,0.1,0.2,0.1
0,0.1,0.1,0.2,0.1
0,0.1,0.1,0.2,0.2
0,0.1,0.1,0.1,0.1
0,0.1,0.1,0.2,0.1
0,0.1,0.1,0.1,0.1
0,0.1,0.1,0.1,0.2
0,0.1,0.1,0.1,0.2
0,0.1,0.1,0.2,0.1
0,0.1,0.1,0.1,0.1
0,0.1,0.1,0.1,0.2
0,0.1,0.1,0.1,0.2
0,0.1,0.1,0.2,0.1
0,0.1,0.2,0.2,0.1
0,0.1,0.1,0.1,0.1
0,0.1,0.1,0.2,0.1
0,0.1,0.1,0.1,0.1
0,0.1,0.1,0.2,0.1
0,0.1,0.1,0.1,0.1
0,0.1,0.1,0.1,0.1
0,0.1,0.2,0.1,0.1
0,0.1,0.1,0.2,0.1
0,0.1,0.1,0.2,0.1
0,0.2,0.2,0.2,0.1
0,0.1,0.1,0.2,0.1
0,0.2,0.1,0.1,0.1
0,0.2,0.2,0.1,0.1
0,0.1,0.1,0.1,0.1
0,0.1,0.1,0.1,0.2
0,0.1,0.1,0.2,0.2
0,0.1,0.1,0.1,0.1
0,0.1,0.2,0.1,0.1
0,0.1,0.2,0.1,0.1
0,0.1,0.1,0.2,0.1
0,0.1,0.2,0.2,0.1
0,0.1,0.2,0.1,0.1
0,0.1,0.2,0.1,0.1
0,0.1,0.1,0.1,0.1
0,0.1,0.1,0.1,0.1
0,0.2,0.1,0.1,0.1
0,0.1,0.2,0.1,0.1
0,0.3,0.2,0.2,0.2
0,0.1,0.2,0.1,0.1
0,0.1,0.1,0.2,0.1
0,0.1,0.1,0.1,0.1
0,0.1,0.1,0.2,0.2
0,0.1,0.2,0.2,0.1
0,0.1,0.1,0.1,0.1
0,0.1,0.1,0.1,0.2
0,0.1,0.1,0.2,0.1
0,0.1,0.2,0.1,0.1
0,0.1,0.1,0.2,0.1
0,0.1,0.1,0.2,0.1
0,0.2,0.1,0.2,0.1
0,0.1,0.1,0.1,0.2
0,0.1,0.1,0.1,0.1
0,0.1,0.1,0.2,0.2
0,0.1,0.1,0.1,0.1
0,0.1,0.1,0.2,0.1
0,0.2,0.1,0.1,0.1
0,0.1,0.1,0.1,0.1
0,0.1,0.1,0.1,0.1
0,0.1,0.1,0.1,0.1
0,0.1,0.1,0.1,0.1
0,0.2,0.1,0.2,0.1
0,0.1,0.2,0.1,0.1
0,0.2,0.1,0.1,0.1
0,0.1,0.2,0.1,0.1
0,0.2,0.1,0.2,0.1
0,0.1,0.1,0.1,0.2
0,0.1,0.1,0.1,0.1
0,0.2,0.1,0.2,0.1
0,0.1,0.2,0.2,0.1
0,0.1,0.1,0.1,0.2
0,0.1,0.1,0.2,0.1
0,0.1,0.1,0.1,0.1
0,0.1,0.1,0.2,0.2
0,0.1,0.1,0.1,0.1
0,0.1,0.1,0.2,0.2
0,0.1,0.1,0.1,0.1
0,0.1,0.1,0.1,0.1
0,0.1,0.1,0.1,0.2
0,0.1,0.1,0.1,0.1
0,0.1,0.1,0.2,0.2
0,0.2,0.2,0.1,0.1
0,0.1,0.1,0.1,0.1
0,0.1,0.1,0.1,0.1
0,0.1,0.1,0.2,0.1
0,0.1,0.1,0.2,0.2
0,0.2,0.1,0.1,0.1
0,0.1,0.1,0.2,0.2
0,0.1,0.1,0.1,0.1
0,0.2,0.2,0.2,0.2
0,0.1,0.1,0.1,0.2
0,0.1,0.1,0.1,0.1
0,0.1,0.2,0.1,0.1
0,0.2,0.1,0.2,0.1
0,0.1,0.1,0.2,0.1
0,0.2,0.1,0.2,0.1
0,0.1,0.1,0.1,0.1
0,0.2,0.2,0.1,0.1
0,0.1,0.1,0.2,0.1
0,0.2,0.2,0.1,0.1
0,0.1,0.1,0.2,0.2
0,0.1,0.1,0.2,0.2
0,0.1,0.1,0.1,0.2
0,0.1,0.2,0.1,0.1
0,0.1,0.2,0.1,0.1
0,0.2,0.1,0.1,0.2
0,0.1,0.1,0.2,0.1
0,0.1,0.1,0.2,0.1
0,0.1,0.2,0.2,0.1
0,0.2,0.1,0.3,0.2
0,0.1,0.1,0.2,0.1
0,0.1,0.1,0.2,0.1
0,0.2,0.1,0.2,0.1
0,0.1,0.1,0.2,0.1
0,0.1,0.1,0.1,0.1
0,0.2,0.1,0.2,0.1
0,0.4,0.8,0.5,0.2
0,0.2,0.2,0.3,0.2
0,0.1,0.1,0.1,0.1
0,0.1,0.1,0.1,0.1
0,0.1,0.1,0.1,0.2
0,0.3,0.2,0.2,0.3
0,0.1,0.2,0.2,0.2
0,0.3,0.3,0.3,0.3
0,0.4,0.4,0.3,0.3
0,0.1,0.1,0.2,0.1
0,0.1,0.1,0.2,0.1
0,0.4,0.4,0.4,0.3
0,0.1,0.2,0.2,0.1
0,0.3,0.2,0.2,0.2
0,0.1,0.1,0.1,0.2
0,0.1,0.1,0.1,0.1
0,0.4,0.2,0.3,0.3
0,0.2,0.1,0.1,0.2
0,0.1,0.1,0.1,0.2
0,0.2,0.1,0.1,0.1
0,0.1,0.1,0.2,0.1
0,0.1,0.1,0.1,0.2
0,0.1,0.1,0.2,0.1
0,0.1,0.1,0.2,0.2
0,0.1,0.1,0.2,0.1
0,0.1,0.1,0.2,0.1
0,0.2,0.2,0.2,0.2
0,0.1,0.1,0.2,0.1
0,0.1,0.1,0.1,0.2
0,0.1,0.1,0.2,0.1
0,0.1,0.2,0.2,0.2
0,0.1,0.1,0.2,0.1
0,0.1,0.1,0.2,0.1
0,0.1,0.2,0.2,0.1
0,0.1,0.1,0.3,0.1
0,0.1,0.1,0.1,0.1
0,0.1,0.2,0.1,0.1
0,0.1,0.2,0.1,0.1
0,0.1,0.2,0.2,0.2
0,0.1,0.1,0.2,0.1
0,0.1,0.1,0.2,0.1
0,0.1,0.2,0.3,0.1
0,0.2,0.1,0.2,0.2
0,0.1,0.1,0.3,0.2
0,0.2,0.1,0.2,0.2
0,0.1,0.1,0.1,0.2
0,0.1,0.1,0.1,0.2
0,0.1,0.1,0.2,0.1
0,0.2,0.1,0.1,0.1
0,0.1,0.1,0.2,0.1
0,0.2,0.1,0.2,0.1
0,0.2,0.2,0.1,0.1
0,0.1,0.2,0.1,0.1
0,0.2,0.1,0.1,0.2
0,0.1,0.1,0.1,0.2
0,0.1,0.2,0.1,0.1
0,0.1,0.1,0.1,0.1
0,0.1,0.2,0.1,0.1
0,0.1,0.1,0.2,0.1
0,0.1,0.1,0.1,0.1
0,0.2,0.1,0.1,0.1
0,0.1,0.1,0.1,0.1
0,0.1,0.2,0.2,0.1
0,0.2,0.1,0.2,0.1
0,0.1,0.1,0.1,0.1
0,0.2,0.1,0.1,0.1
0,0.2,0.1,0.1,0.2
0,0.2,0.1,0.2,0.1
0,0.1,0.1,0.1,0.2
0,0.1,0.1,0.1,0.1
0,0.1,0.1,0.1,0.1
0,0.1,0.1,0.2,0.1
0,0.1,0.2,0.2,0.1
0,0.2,0.1,0.1,0.2
0,0.1,0.2,0.2,0.1
0,0.1,0.1,0.2,0.1
0,0.2,0.1,0.1,0.1
0,0.1,0.1,0.1,0.2
0,0.1,0.1,0.2,0.1
0,0.3,0.2,0.4,0.3
0,1,0.2,1.1,0.2
0,0.1,0.1,0.2,0.1
0,0.1,0.2,0.1,0.1
0,0.1,0.1,0.1,0.1
0,0.1,0.2,0.1,0.1
0,0.1,0.1,0.1,0.1
0,0.1,0.1,0.2,0.1
0,0.2,0.2,0.4,0.1
0,0.1,0.1,0.1,0.2
0,0.2,0.1,0.2,0.1
0,0.1,0.1,0.1,0.1
0,0.2,0.1,0.1,0.2
0,0.1,0.1,0.1,0.1
0,0.1,0.1,0.2,0.1
0,0.1,0.2,0.1,0.1
0,0.1,0.1,0.2,0.2
0,0.1,0.1,0.1,0.2
0,0.1,0.1,0.1,0.2
0,0.1,0.1,0.1,0.1
0,0.1,0.1,0.2,0.1
0,0.1,0.1,0.2,0.1
0,0.2,0.2,0.2,0.2
0,0.1,0.1,0.2,0.2
0,0.1,0.1,0.2,0.1
0,0.1,0.1,0.1,0.2
0,0.1,0.1,0.1,0.2
0,0.1,0.1,0.1,0.2
0,0.1,0.2,0.2,9.9
0,0.1,0.1,0.1,0.2
0,0.1,0.2,0.2,0.1
0,9.6,0.1,0.1,0.2
0,0.1,0.1,0.1,0.2
0,0.1,0.1,0.1,0.2
0,0.1,0.1,0.2,0.1
0,0.1,0.2,0.1,0.1
0,0.1,0.1,0.1,10.2
0,0.1,0.2,0.1,0.1
0,0.1,0.2,0.2,0.1
0,0.1,0.2,0.2,0.1
0,0.1,0.1,0.1,0.1
0,0.2,0.2,0.2,0.2
0,0.1,0.1,0.2,0.2
0,0.2,0.2,0.3,0.3
0,0.1,0.1,0.2,0.1
0,0.1,0.2,0.1,0.1
0,0.1,0.1,0.1,0.2
0,0.1,0.1,0.2,0.1
0,0.2,0.1,0.1,0.1
0,0.1,0.1,0.2,0.1
0,0.1,0.1,0.1,0.2
0,0.1,0.1,0.2,0.1
0,0.1,0.2,0.2,0.1
0,0.1,0.2,0.2,0.1
0,0.1,0.1,0.2,0.1
0,0.1,0.1,0.1,0.2
0,0.1,0.1,0.1,0.2
0,0.1,0.1,0.1,0.2
0,0.1,0.1,0.2,0.1
0,0.1,0.1,0.2,0.1
0,0.1,0.2,0.2,0.1
0,0.1,0.2,0.1,0.1
0,0.2,0.1,0.2,0.1
0,0.1,0.1,0.1,0.2
0,0.1,0.2,0.1,0.1
0,0.1,0.1,0.2,0.1
0,0.1,0.1,0.1,0.1
0,0.1,0.1,0.2,0.1
0,0.1,0.1,0.1,0.1
0,0.1,0.2,0.1,0.1
0,0.2,0.1,0.2,0.1
0,0.1,0.1,0.2,0.2
0,0.1,0.1,0.1,0.1
0,0.1,0.2,0.1,0.1
0,0.1,0.2,0.1,0.1
0,0.1,0.1,0.1,0.1
0,0.1,0.1,0.1,0.1
0,0.1,0.2,0.1,0.1
0,0.1,0.1,0.1,0.1
0,0.1,0.2,0.1,0.1
0,0.1,0.1,0.2,0.1
0,0.1,0.1,0.2,0.3
0,0.1,0.1,0.2,0.1
0,0.1,0.2,0.1,0.2
0,0.1,0.1,0.1,0.1
0,0.2,0.2,0.2,0.4
0,0.2,0.2,0.5,0.2
0,0.1,0.1,0.1,0.2
0,0.1,0.1,0.1,0.1
0,0.2,0.2,0.2,0.2
0,0.1,0.1,0.1,0.1
0,0.2,0.1,0.1,0.1
0,0.1,0.1,0.2,0.1
0,0.1,0.1,0.1,0.2
0,0.2,0.1,0.1,0.1
0,0.1,0.1,0.1,0.2
0,0.1,0.1,0.2,0.1
0,0.1,0.1,0.1,0.1
0,0.1,0.1,0.2,0.1
0,0.1,0.1,0.1,0.1
0,0.1,0.1,0.1,0.1
0,0.1,0.2,0.1,0.1
0,0.1,0.2,0.2,0.1
0,0.1,0.1,0.2,0.1
0,0.1,0.1,0.2,0.1
0,0.1,0.1,0.1,0.1
0,0.1,0.2,0.2,0.1
0,0.1,0.2,0.1,0.1
0,0.2,0.1,0.2,0.1
0,0.1,0.1,0.1,0.1
0,0.1,0.2,0.1,0.1
0,0.1,0.1,0.1,0.2
0,0.2,0.1,0.2,0.1
0,0.1,0.1,0.1,0.1
0,0.1,0.1,0.1,0.2
0,0.1,0.1,0.1,0.2
0,0.1,0.1,0.1,0.2
0,0.1,0.1,0.1,0.2
0,0.1,0.2,0.1,0.1
0,0.1,0.2,0.1,0.1
0,0.1,0.1,0.1,0.2
0,0.2,0.1,0.2,0.2
0,0.1,0.1,0.2,0.2
0,0.2,0.1,0.2,0.1
0,0.1,0.1,0.2,0.1
0,0.1,0.2,0.1,0.1
0,0.3,0.2,0.3,0.2
0,0.2,0.2,0.2,0.1
0,0.1,0.1,0.2,0.1
0,0.1,0.1,0.2,0.1
0,0.1,0.1,0.1,0.1
0,0.1,0.1,0.2,0.1
0,0.1,0.2,0.1,0.1
0,0.1,0.1,0.1,0.2
0,0.1,0.2,0.2,0.2
0,0.1,0.2,0.2,0.1
0,0.2,0.1,0.1,0.2
0,0.1,0.1,0.2,0.1
0,0.2,0.1,0.1,0.1
0,0.1,0.1,0.2,0.1
0,0.1,0.2,0.1,0.1
0,0.2,0.2,0.1,0.1
0,0.1,0.1,0.2,0.1
0,0.1,0.1,0.1,0.1
0,0.1,0.1,0.1,0.2
0,0.1,0.1,0.1,0.2
0,0.1,0.1,0.1,0.2
0,0.2,0.1,0.1,0.1
0,0.2,0.1,0.2,0.1
0,0.1,0.1,0.1,0.2
0,0.1,0.1,0.1,0.1
0,0.1,0.1,0.2,0.1
0,0.1,0.1,0.1,0.1
