0,0,0.1,0.2,0.1
0,0,0.1,0.1,0.1
0,0,0.1,0.1,0.1
0,0,0.1,0.1,0.1
0,0,0.1,0.2,0.1
0,0,0.1,0.1,0.2
0,0,0.1,0.2,0.1
0,0,0.1,0.1,0.1
0,0,0.1,0.2,0.1
0,0,0.1,0.1,0.1
0,0,0.2,0.1,0.2
0,0,0.2,0.1,0.2
0,0,0.1,0.1,0.1
0,0,0.2,0.1,0.2
0,0,0.1,0.1,0.1
0,0,0.1,0.1,0.2
0,0,0.1,0.2,0.1
0,0,0.2,0.2,0.2
0,0,0.2,0.2,0.2
0,0,0.2,0.2,0.2
0,0,0.2,0.2,0.1
0,0,0.2,0.2,0.2
0,0,0.1,0.1,0.2
0,0,0.2,0.2,0.2
0,0,2.3,0.2,0.2
0,0,0.2,0.2,0.1
0,0,0.2,0.2,0.2
0,0,0.1,0.2,0.1
0,0,0.1,0.3,0.1
0,0,0.1,0.2,0.1
0,0,0.1,0.2,0.2
0,0,0.1,0.1,0.2
0,0,0.2,0.2,0.2
0,0,0.2,0.1,0.2
0,0,0.2,0.2,0.1
0,0,0.1,0.1,0.1
0,0,0.1,0.1,0.1
0,0,0.1,0.1,0.1
0,0,0.1,0.1,0.2
0,0,0.1,0.1,0.2
0,0,0.2,0.2,0.2
0,0,0.2,0.2,0.2
0,0,0.1,0.2,0.1
0,0,0.1,0.3,0.1
0,0,0.1,0.3,0.1
0,0,0.1,0.2,0.1
0,0,0.1,0.2,0.1
0,0,0.2,0.2,0.2
0,0,0.1,0.1,0.1
0,0,0.1,0.2,0.1
0,0,0.1,0.1,0.1
0,0,0.1,0.1,0.1
0,0,0.2,0.1,0.2
0,0,0.1,0.1,0.1
0,0,0.1,0.2,0.1
0,0,0.1,0.2,0.1
0,0,0.2,0.1,0.2
0,0,0.2,0.1,0.2
0,0,0.1,0.1,0.1
0,0,0.1,0.1,0.1
0,0,0.1,0.1,0.1
0,0,0.1,0.2,0.1
0,0,0.2,0.2,0.2
0,0,0.1,0.1,0.1
0,0,0.1,0.2,0.1
0,0,0.1,0.2,0.1
0,0,0.1,0.1,0.2
0,0,0.1,0.1,0.1
0,0,0.1,0.1,0.1
0,0,0.1,0.1,0.1
0,0,0.2,0.2,0.1
0,0,0.1,0.2,0.2
0,0,0.1,0.3,0.1
0,0,0.1,0.2,0.1
0,0,0.2,0.2,0.2
0,0,0.1,0.3,0.1
0,0,0.1,0.1,0.1
0,0,0.2,0.2,0.2
0,0,0.2,0.2,0.2
0,0,0.1,0.2,0.1
0,0,0.2,0.4,0.1
0,0,0.1,0.3,0.1
0,0,0.2,0.3,0.1
0,0,0.1,0.2,0.2
0,0,0.2,0.2,0.1
0,0,0.1,0.2,0.2
0,0,0.1,0.5,0.1
0,0,0.1,0.2,0.2
0,0,0.1,0.2,0.1
0,0,0.2,0.4,0.1
0,0,0.1,0.2,0.1
0,0,0.1,0.3,0.1
0,0,0.1,0.2,0.1
0,0,0.1,0.2,0.1
0,0,0.1,0.2,0.1
0,0,0.1,0.2,0.1
0,0,0.1,0.2,0.2
0,0,0.1,0.2,0.2
0,0,0.1,0.2,0.1
0,0,0.1,0.2,0.1
0,0,0.1,0.2,0.2
0,0,0.1,0.2,0.1
0,0,0.1,0.2,0.1
0,0,0.1,0.2,0.1
0,0,0.1,0.2,0.1
0,0,0.1,0.2,0.1
0,0,0.2,0.1,0.2
0,0,0.1,0.1,0.1
0,0,0.1,0.1,0.1
0,0,0.1,0.1,0.2
0,0,0.1,0.2,0.1
0,0,0.2,0.2,0.2
0,0,0.2,0.1,0.2
0,0,0.2,0.2,0.1
0,0,0.1,0.2,0.1
0,0,0.1,0.1,0.1
0,0,0.1,0.1,0.2
0,0,0.1,0.1,0.2
0,0,0.1,0.1,0.1
0,0,0.1,0.1,0.1
0,0,0.2,0.2,0.1
0,0,0.1,0.1,0.2
0,0,0.1,0.1,0.1
0,0,0.1,0.1,0.1
0,0,0.1,0.1,0.1
0,0,0.2,0.1,0.2
0,0,0.1,0.1,0.2
0,0,0.1,0.1,0.2
0,0,0.1,0.2,0.1
0,0,0.2,0.2,0.2
0,0,0.1,0.1,0.1
0,0,0.2,0.2,0.2
0,0,0.1,0.1,0.1
0,0,0.1,0.2,0.2
0,0,0.2,0.2,0.2
0,0,0.1,0.1,0.1
0,0,0.2,0.2,0.2
0,0,0.1,0.1,0.1
0,0,0.1,0.1,0.2
0,0,0.3,0.3,0.3
0,0,0.3,0.2,0.3
0,0,0.2,0.2,0.2
0,0,0.1,0.1,0.1
0,0,0.1,0.1,0.1
0,0,0.1,0.1,0.1
0,0,0.2,0.1,0.2
0,0,0.1,0.1,0.1
0,0,0.1,0.2,0.1
0,0,0.1,0.1,0.1
0,0,0.1,0.2,0.1
0,0,0.1,0.1,0.1
0,0,0.1,0.2,0.1
0,0,0.1,0.2,0.1
0,0,0.1,0.2,0.2
0,0,0.2,0.2,0.2
0,0,0.2,0.2,0.2
0,0,0.1,0.2,0.1
0,0,0.1,0.1,0.1
0,0,0.1,0.2,0.1
0,0,0.1,0.1,0.1
0,0,0.2,0.1,0.2
0,0,0.1,0.1,0.1
0,0,0.2,0.2,0.2
0,0,0.2,0.1,0.2
0,0,0.2,0.1,0.2
0,0,0.1,0.1,0.1
0,0,0.1,0.1,0.2
0,0,0.1,0.2,0.1
0,0,0.2,0.2,0.1
0,0,0.1,0.1,0.1
0,0,0.1,0.2,0.1
0,0,0.2,0.1,0.2
0,0,0.2,0.2,0.2
0,0,0.1,0.2,0.1
0,0,0.2,0.2,0.2
0,0,0.1,0.2,0.1
0,0,10,0.1,0.1
0,0,0.2,0.2,0.2
0,0,0.2,0.2,0.2
0,0,0.1,0.1,0.1
0,0,0.2,0.2,0.2
0,0,0.2,0.2,0.1
0,0,0.2,0.2,0.2
0,0,0.2,0.1,0.2
0,0,0.2,0.2,0.2
0,0,0.1,0.2,0.1
0,0,0.1,0.1,0.2
0,0,0.1,0.1,0.1
0,0,0.1,0.1,0.2
0,0,0.1,0.1,0.2
0,0,0.2,0.2,0.1
0,0,0.2,0.1,0.2
0,0,0.1,0.1,0.2
0,0,0.1,0.1,0.2
0,0,0.1,0.1,0.2
0,0,0.1,0.1,0.1
0,0,0.1,0.2,0.1
0,0,0.1,0.1,0.1
0,0,0.2,0.2,0.2
0,0,0.1,0.2,0.1
0,0,0.1,0.2,0.1
0,0,0.1,0.2,0.1
0,0,0.2,0.2,0.1
0,0,0.1,0.1,0.1
0,0,0.2,0.2,0.2
0,0,0.1,0.1,0.1
0,0,0.1,0.1,0.2
0,0,0.1,0.1,0.1
0,0,0.1,0.2,0.1
0,0,0.1,0.1,0.2
0,0,0.2,0.1,0.2
0,0,0.2,0.2,0.2
0,0,0.2,0.2,0.2
0,0,0.1,0.2,0.1
0,0,0.2,0.2,0.2
0,0,0.2,0.1,0.2
0,0,0.1,0.1,0.1
0,0,0.2,0.1,0.1
0,0,0.1,0.1,0.1
0,0,0.1,0.2,0.1
0,0,0.2,0.2,0.2
0,0,0.1,0.2,0.1
0,0,0.1,0.2,0.1
0,0,0.1,0.1,0.1
0,0,0.1,0.2,0.1
0,0,0.1,0.2,0.1
0,0,0.1,0.2,0.2
0,0,0.2,0.2,0.2
0,0,0.2,0.2,0.1
0,0,0.2,0.2,0.2
0,0,0.1,0.1,0.1
0,0,0.1,0.2,0.1
0,0,0.1,0.2,0.2
0,0,0.1,0.1,0.2
0,0,0.2,0.2,0.2
0,0,0.1,0.2,0.1
0,0,0.1,0.1,0.2
0,0,0.2,0.2,0.2
0,0,0.2,0.2,0.1
0,0,0.2,0.1,0.2
0,0,0.1,0.1,0.2
0,0,0.1,0.2,0.1
0,0,0.1,0.1,0.2
0,0,0.2,0.2,0.2
0,0,0.1,0.1,0.1
0,0,0.1,0.1,0.1
0,0,0.1,0.2,0.1
0,0,0.1,0.1,0.2
0,0,0.2,0.2,0.2
0,0,0.1,0.1,0.2
0,0,0.1,0.1,0.1
0,0,0.1,0.1,0.2
0,0,0.2,0.2,0.2
0,0,0.1,0.1,0.2
0,0,0.2,0.2,0.2
0,0,0.1,0.2,0.1
0,0,0.1,0.1,0.1
0,0,0.1,0.1,0.1
0,0,0.2,0.2,0.2
0,0,0.2,0.2,0.2
0,0,0.1,0.1,0.1
0,0,0.1,0.1,0.1
0,0,0.1,0.2,0.2
0,0,0.2,0.2,0.1
0,0,0.1,0.2,0.2
0,0,0.1,0.3,0.1
0,0,0.1,0.2,0.1
0,0,0.1,0.2,0.2
0,0,0.1,0.2,0.1
0,0,0.1,0.2,0.2
0,0,0.1,0.3,0.2
0,0,0.2,0.2,0.1
0,0,0.1,0.2,0.1
0,0,0.2,0.2,0.2
0,0,0.2,0.2,0.2
0,0,0.2,0.2,0.2
0,0,0.1,0.2,0.1
0,0,0.1,0.2,0.2
0,0,0.1,0.1,0.1
0,0,0.2,0.2,0.2
0,0,0.3,9.3,0.3
0,0,0.1,0.2,0.2
0,0,0.4,0.3,0.5
0,0,0.4,0.3,1.9
0,0,0.3,0.3,0.9
0,0,0.1,0.2,0.1
0,0,0.2,0.2,0.2
0,0,0.2,0.2,0.2
0,0,0.1,0.4,0.2
0,0,0.1,0.2,0.3
0,0,0.1,0.5,0.2
0,0,0.1,0.1,0.2
0,0,0.1,0.1,0.1
0,0,0.1,0.2,0.2
0,0,0.1,0.1,0.1
0,0,0.1,0.1,0.1
0,0,0.2,0.2,0.2
0,0,0.1,0.2,0.1
0,0,0.2,0.2,0.2
0,0,0.1,0.1,0.1
0,0,0.3,0.4,0.3
0,0,0.2,0.2,0.2
0,0,0.1,0.2,0.1
0,0,0.1,0.2,0.1
0,0,0.2,0.2,0.1
0,0,0.2,0.2,0.2
0,0,0.1,0.2,0.2
0,0,0.1,0.2,0.1
0,0,0.2,0.2,0.2
0,0,0.1,0.1,0.1
0,0,0.2,0.2,0.2
0,0,0.2,0.2,0.2
0,0,0.2,0.2,0.1
0,0,0.2,0.2,0.2
0,0,0.1,0.2,0.2
0,0,0.2,0.2,0.2
0,0,0.1,0.2,0.1
0,0,0.2,0.2,0.2
0,0,0.2,0.2,0.2
0,0,0.1,0.2,0.2
0,0,0.1,0.1,0.1
0,0,0.1,0.1,0.1
0,0,0.1,0.1,0.1
0,0,0.1,0.2,0.2
0,0,0.2,0.2,0.2
0,0,0.2,0.2,0.2
0,0,0.1,0.1,0.1
0,0,0.1,0.1,0.1
0,0,0.1,0.1,0.1
0,0,0.1,0.2,0.1
0,0,0.1,0.1,0.1
0,0,0.2,0.2,0.1
0,0,0.1,0.2,0.1
0,0,0.2,0.2,0.2
0,0,0.1,0.1,0.1
0,0,0.1,0.2,0.2
0,0,0.1,0.2,0.1
0,0,0.1,0.2,0.1
0,0,0.2,0.2,0.2
0,0,0.1,0.2,0.2
0,0,0.2,0.2,0.2
0,0,0.2,0.2,0.1
0,0,0.1,0.1,0.1
0,0,0.1,0.5,0.1
0,0,0.2,0.5,0.1
0,0,0.1,0.2,0.1
0,0,0.2,0.2,0.2
0,0,0.1,0.2,0.1
0,0,0.1,0.2,0.2
0,0,0.2,0.3,0.1
0,0,0.2,0.2,0.1
0,0,0.1,0.2,0.2
0,0,0.2,0.2,0.1
0,0,0.1,0.2,0.1
0,0,0.1,0.2,0.1
0,0,0.2,0.2,0.2
0,0,0.2,0.2,0.2
0,0,0.1,0.2,0.1
0,0,0.1,0.2,0.1
0,0,0.3,0.4,0.4
0,0,0.2,0.2,0.2
0,0,0.2,0.2,0.1
0,0,0.2,0.2,0.1
0,0,0.2,0.2,0.2
0,0,0.1,0.2,0.3
0,0,0.2,0.2,0.2
0,0,0.1,0.2,0.1
0,0,0.2,0.2,0.2
0,0,0.2,0.2,0.2
0,0,0.1,0.4,0.1
0,0,0.2,0.2,0.2
0,0,0.2,0.4,0.3
0,0,0.1,0.2,0.1
0,0,0.1,0.2,0.1
0,0,0.1,0.1,0.1
0,0,0.2,0.2,0.1
0,0,0.1,0.2,0.1
0,0,0.1,0.2,0.2
0,0,0.2,0.2,0.1
0,0,0.1,0.2,0.1
0,0,0.1,0.3,0.2
0,0,0.2,0.2,0.2
0,0,0.2,0.2,0.1
0,0,0.1,0.1,0.1
0,0,0.1,0.2,0.2
0,0,0.1,0.2,0.2
0,0,0.1,0.2,0.2
0,0,0.2,0.2,0.1
0,0,0.5,0.2,0.2
0,0,0.2,0.2,0.2
0,0,0.1,0.2,0.2
0,0,0.2,0.2,0.2
0,0,0.2,0.2,0.2
0,0,0.2,0.2,0.2
0,0,0.1,0.2,0.2
0,0,0.2,0.2,0.2
0,0,0.1,0.2,0.2
0,0,0.1,0.2,0.1
0,0,0.4,0.2,0.1
0,0,0.2,0.2,0.2
0,0,0.2,0.2,0.1
0,0,0.1,0.2,0.1
0,0,0.2,0.2,0.2
0,0,0.2,0.2,0.2
0,0,0.1,0.3,0.1
0,0,0.2,0.2,0.2
0,0,0.1,0.2,0.1
0,0,0.1,0.1,0.1
0,0,0.1,0.1,0.1
0,0,0.2,0.2,0.2
0,0,0.2,0.2,0.2
0,0,0.3,0.2,0.2
0,0,0.1,0.2,0.1
0,0,0.1,0.2,0.1
0,0,0.2,0.2,0.1
0,0,0.2,0.2,0.1
0,0,0.2,0.2,0.1
0,0,0.1,0.2,0.1
0,0,0.2,0.2,0.2
0,0,0.1,0.2,0.1
0,0,0.1,0.2,0.1
0,0,0.1,0.1,0.2
0,0,0.1,0.1,0.1
0,0,0.1,0.2,0.1
0,0,0.1,0.3,0.1
0,0,0.1,0.2,0.1
0,0,0.2,0.2,0.2
0,0,0.1,0.2,0.1
0,0,0.1,0.2,0.1
0,0,0.1,0.2,0.2
0,0,0.2,0.2,0.2
0,0,0.1,0.2,0.1
0,0,0.2,0.1,0.2
0,0,0.2,0.2,0.2
0,0,0.1,0.2,0.2
0,0,0.1,0.2,0.1
0,0,0.1,0.1,0.2
0,0,0.1,0.2,0.2
0,0,0.1,0.3,0.1
0,0,0.1,0.2,0.1
0,0,0.2,0.3,0.2
0,0,0.1,0.2,0.1
0,0,0.1,0.2,0.1
0,0,0.1,0.2,0.1
0,0,0.1,0.2,0.1
0,0,0.2,0.2,0.2
0,0,0.1,0.3,0.1
0,0,0.1,0.2,0.2
0,0,0.2,0.2,0.2
0,0,0.1,0.2,0.1
0,0,0.1,0.2,0.2
0,0,0.1,0.2,0.1
0,0,0.1,0.3,0.2
0,0,0.1,0.2,0.1
0,0,0.2,0.2,0.2
0,0,0.1,0.2,0.2
0,0,0.1,0.1,0.1
0,0,0.2,0.2,0.2
0,0,0.1,0.4,0.1
0,0,0.1,0.2,0.1
0,0,0.1,0.2,0.1
0,0,0.2,0.2,0.1
0,0,0.1,0.2,0.1
0,0,0.1,0.2,0.1
0,0,0.1,0.3,0.1
0,0,0.1,0.3,0.1
0,0,0.2,0.2,0.2
0,0,0.1,0.2,0.1
0,0,0.2,0.2,0.2
0,0,0.1,0.2,0.2
0,0,0.2,0.2,0.2
0,0,0.2,0.2,0.2
0,0,0.1,0.2,0.1
0,0,0.1,0.3,0.1
0,0,0.1,0.2,0.1
0,0,0.1,0.2,0.1
0,0,0.1,0.2,0.1
0,0,0.2,0.2,0.2
0,0,0.1,0.2,0.2
0,0,0.1,0.4,0.1
0,0,0.2,0.2,0.2
0,0,0.2,0.2,0.2
0,0,0.1,0.3,0.1
0,0,0.1,0.2,0.1
0,0,0.1,0.3,0.1
0,0,0.2,0.2,0.2
0,0,0.1,0.1,0.1
0,0,0.1,0.2,0.1
0,0,0.1,0.2,0.1
0,0,0.1,0.2,0.2
0,0,0.1,0.3,0.1
0,0,0.1,0.3,0.1
0,0,0.1,0.2,0.1
0,0,0.1,0.2,0.2
0,0,0.1,0.2,0.2
0,0,0.1,0.2,0.1
0,0,0.2,0.2,0.2
0,0,0.1,0.1,0.1
0,0,0.1,0.1,0.1
0,0,0.1,0.1,0.1
0,0,0.1,0.1,0.1
0,0,0.1,0.2,0.1
0,0,0.1,0.1,0.1
0,0,0.1,0.2,0.2
0,0,0.2,0.2,0.2
0,0,0.1,0.1,0.1
0,0,0.1,0.4,0.1
0,0,0.2,0.2,0.1
0,0,0.1,0.1,0.1
0,0,0.2,0.1,0.2
0,0,0.2,0.1,0.2
0,0,0.2,0.2,0.2
0,0,0.1,0.2,0.2
0,0,0.1,0.2,0.1
0,0,0.1,0.2,0.2
0,0,0.1,0.2,0.1
0,0,0.2,0.3,0.2
0,0,0.1,0.2,0.1
0,0,0.1,0.2,0.3
0,0,0.1,0.2,0.2
0,0,0.1,0.2,0.2
0,0,0.2,0.2,0.1
0,0,0.2,0.2,0.2
0,0,0.1,0.2,0.1
0,0,0.2,0.2,0.2
0,0,0.1,0.3,0.1
0,0,0.1,0.2,0.1
0,0,0.1,0.2,0.1
0,0,0.1,0.2,0.2
0,0,0.1,0.1,0.1
0,0,0.2,0.2,0.2
0,0,0.2,0.2,0.2
0,0,0.2,0.2,0.2
0,0,0.2,0.2,0.1
0,0,0.2,0.2,0.2
0,0,0.2,0.2,0.2
0,0,0.1,0.2,0.1
0,0,0.1,0.2,0.2
0,0,0.1,0.2,0.1
0,0,0.2,0.2,0.2
0,0,0.1,0.2,0.1
0,0,0.1,0.1,0.1
0,0,0.1,0.2,0.1
0,0,0.2,0.2,0.1
0,0,0.3,0.4,0.4
0,0,0.1,0.2,0.1
0,0,0.2,0.2,0.2
0,0,0.1,0.2,0.1
0,0,0.1,0.1,0.1
0,0,0.1,0.1,0.1
0,0,0.1,0.1,0.1
0,0,0.2,0.2,0.2
0,0,0.1,0.2,0.1
0,0,0.2,0.2,0.2
0,0,0.2,0.2,0.2
0,0,0.2,0.1,0.2
0,0,0.1,0.1,0.1
0,0,0.1,0.1,0.1
0,0,0.2,0.2,0.2
0,0,0.2,0.2,0.2
0,0,0.1,0.1,0.1
0,0,0.2,0.2,0.2
0,0,0.1,0.2,0.1
0,0,0.1,0.1,0.1
0,0,0.1,0.2,0.1
0,0,0.1,0.1,0.1
0,0,0.1,0.3,0.1
0,0,0.1,0.2,0.2
0,0,0.2,0.2,0.2
0,0,0.1,0.2,0.1
0,0,0.2,0.2,0.2
0,0,0.2,0.2,0.1
0,0,0.2,0.1,0.2
0,0,0.3,0.4,0.4
0,0,0.1,0.2,0.1
0,0,0.1,0.3,0.1
0,0,0.1,0.2,0.2
0,0,0.1,0.3,0.1
0,0,0.2,0.2,0.1
0,0,0.1,0.2,0.2
0,0,0.1,0.1,0.2
0,0,0.1,0.1,0.1
0,0,0.1,0.1,0.1
0,0,0.1,0.1,0.1
0,0,0.2,0.2,0.2
0,0,0.2,0.2,0.1
0,0,0.2,0.2,0.2
0,0,0.1,0.1,0.1
0,0,0.2,0.2,0.2
0,0,0.2,0.2,0.2
0,0,0.2,0.2,0.1
0,0,0.2,0.2,0.2
0,0,0.2,0.2,0.1
0,0,0.1,0.2,0.1
0,0,0.2,0.2,0.2
0,0,0.1,0.2,0.1
0,0,0.1,0.2,0.4
0,0,0.1,0.1,0.1
0,0,0.2,0.2,0.2
0,0,0.2,0.2,0.2
0,0,0.2,0.3,0.2
0,0,0.2,0.3,0.2
0,0,0.2,0.2,0.2
0,0,0.1,0.2,0.1
0,0,0.1,0.2,0.1
0,0,0.1,0.2,0.2
0,0,0.2,0.2,0.2
0,0,0.1,0.1,0.1
0,0,0.1,0.1,0.1
0,0,0.1,0.1,0.2
0,0,0.1,0.2,0.1
0,0,0.1,0.1,0.2
0,0,0.2,0.2,0.1
0,0,0.1,0.1,0.1
0,0,0.1,0.3,0.1
0,0,0.1,0.2,0.2
0,0,0.1,0.2,0.1
0,0,0.2,0.2,0.2
0,0,0.2,0.4,0.2
0,0,0.1,0.2,0.2
0,0,0.1,0.2,0.2
0,0,0.2,0.2,0.1
0,0,0.1,0.3,0.1
0,0,0.1,0.3,0.1
0,0,0.1,0.2,0.2
0,0,0.1,0.2,0.1
0,0,0.2,0.2,0.1
0,0,0.1,0.2,0.2
0,0,0.1,0.2,0.2
0,0,0.3,0.2,0.2
0,0,0.1,0.2,0.1
0,0,0.2,0.2,0.2
0,0,0.1,0.3,0.1
0,0,0.1,0.2,0.1
0,0,0.2,0.2,0.2
0,0,0.1,0.1,0.1
0,0,0.1,0.2,0.1
0,0,0.2,0.2,0.2
0,0,0.1,0.2,0.1
0,0,0.1,0.2,0.1
0,0,0.1,0.2,0.1
0,0,0.1,0.2,0.1
0,0,0.1,0.2,0.1
0,0,0.2,0.2,0.1
0,0,0.1,0.2,0.1
0,0,0.1,0.2,0.1
0,0,0.1,0.2,0.2
0,0,0.1,0.3,0.1
0,0,0.2,0.2,0.1
0,0,0.1,0.2,0.2
0,0,0.1,0.2,0.2
0,0,0.1,0.2,0.1
0,0,0.1,0.2,0.1
0,0,0.1,0.3,0.1
0,0,0.1,0.2,0.2
0,0,0.1,0.2,0.2
0,0,0.3,0.4,0.3
0,0,0.1,0.2,0.1
0,0,0.2,0.2,0.2
0,0,0.1,0.2,0.2
0,0,0.1,0.2,0.1
0,0,0.2,0.2,0.1
0,0,0.1,0.4,0.1
0,0,0.2,0.2,0.1
0,0,0.1,0.3,0.1
0,0,0.2,0.2,0.2
0,0,0.1,0.1,0.1
0,0,0.1,0.1,0.1
0,0,0.2,0.2,0.1
0,0,0.2,0.2,0.2
0,0,0.2,0.2,0.1
0,0,0.1,0.1,0.1
0,0,0.1,0.3,0.1
0,0,0.1,0.4,0.2
0,0,0.1,0.2,0.2
0,0,0.3,0.3,0.3
0,0,0.1,0.2,0.1
0,0,0.1,0.2,0.1
0,0,0.1,0.2,0.2
0,0,0.1,0.2,0.2
0,0,0.1,0.2,0.1
0,0,0.1,0.2,0.1
0,0,0.1,0.2,0.1
0,0,0.2,0.2,0.2
0,0,0.2,0.2,0.2
0,0,0.1,0.2,0.1
0,0,0.2,0.2,0.2
0,0,0.1,0.2,0.1
0,0,0.1,0.2,0.2
0,0,0.1,0.3,0.1
0,0,0.2,0.2,0.1
0,0,0.2,0.2,0.1
0,0,0.2,0.2,0.1
0,0,0.1,0.2,0.1
0,0,0.1,0.2,0.1
0,0,0.2,0.2,0.1
0,0,0.1,0.1,0.1
0,0,0.1,0.1,0.2
0,0,0.2,0.2,0.2
0,0,0.1,0.3,0.2
0,0,0.1,0.2,0.1
0,0,0.1,0.2,0.1
0,0,0.2,0.5,0.2
0,0,0.2,0.2,0.1
0,0,0.2,0.1,0.2
0,0,0.1,0.2,0.1
0,0,0.1,0.1,0.2
0,0,0.1,0.1,0.1
0,0,0.2,0.2,0.2
0,0,0.1,0.1,0.2
0,0,0.1,0.2,0.1
0,0,0.1,0.1,0.1
0,0,0.1,0.1,0.1
0,0,0.2,0.2,0.1
0,0,0.1,0.2,0.1
0,0,0.1,0.2,0.1
0,0,0.1,0.2,0.2
0,0,0.1,0.2,0.1
0,0,0.2,0.2,0.2
0,0,0.1,0.2,0.1
0,0,0.1,0.1,0.2
0,0,0.1,0.2,0.1
0,0,0.1,0.2,0.2
0,0,0.1,0.2,0.1
0,0,0.2,0.2,0.2
0,0,0.1,0.2,0.1
0,0,0.2,0.2,0.2
0,0,0.2,0.2,0.2
0,0,0.1,0.4,0.1
0,0,0.1,0.2,0.1
0,0,0.1,0.2,0.2
0,0,0.2,0.2,0.1
0,0,0.2,0.2,0.1
0,0,0.2,0.2,0.2
0,0,0.1,0.2,0.1
0,0,0.1,0.2,0.1
0,0,0.1,0.2,0.2
0,0,0.1,0.2,0.1
0,0,0.2,9.8,0.2
0,0,0.1,0.2,0.1
0,0,0.1,0.2,0.2
0,0,0.2,0.2,0.2
0,0,0.1,0.2,0.2
0,0,0.4,0.2,0.2
0,0,0.2,0.2,0.2
0,0,0.1,0.5,0.2
0,0,0.1,0.2,0.1
0,0,0.1,0.2,0.1
0,0,0.2,0.2,0.2
0,0,0.2,0.2,0.1
0,0,0.2,0.2,0.2
0,0,0.1,0.2,0.1
0,0,0.2,0.2,0.2
0,0,0.2,0.2,0.2
0,0,0.1,0.2,0.1
0,0,0.1,0.1,0.2
0,0,0.1,0.2,0.1
0,0,0.1,0.2,0.2
0,0,0.1,0.4,0.1
0,0,0.2,0.1,0.2
0,0,0.1,0.1,0.1
0,0,0.1,0.3,0.1
0,0,0.1,0.2,0.2
0,0,0.2,0.2,0.2
0,0,0.1,0.2,0.2
0,0,0.1,0.4,0.1
0,0,0.2,0.2,0.2
0,0,0.1,0.2,0.2
0,0,0.2,0.2,0.2
0,0,0.1,0.1,0.2
0,0,0.1,0.2,0.2
0,0,0.1,0.2,0.1
0,0,0.1,0.2,0.1
0,0,0.1,0.2,0.1
0,0,0.1,0.2,0.1
0,0,0.2,0.2,0.2
0,0,0.3,0.3,0.3
0,0,0.1,0.1,0.1
0,0,0.1,0.2,0.1
0,0,0.1,0.1,0.1
0,0,0.1,0.1,0.1
0,0,0.1,0.1,0.1
0,0,0.2,0.2,0.2
0,0,0.1,0.2,0.1
0,0,0.1,0.1,0.1
0,0,0.1,0.1,0.2
0,0,0.2,0.1,0.2
0,0,0.2,0.2,0.2
0,0,0.1,0.1,0.1
0,0,0.2,0.2,0.1
0,0,0.1,0.1,0.1
0,0,0.1,0.2,0.1
0,0,0.1,0.2,0.1
0,0,0.1,0.1,0.1
0,0,0.1,0.2,0.2
0,0,0.1,0.2,0.1
0,0,0.2,0.2,0.1
0,0,0.1,0.2,0.1
0,0,0.2,0.2,0.2
0,0,0.1,0.1,0.2
0,0,0.2,0.3,0.2
0,0,0.2,0.2,0.2
0,0,0.2,0.2,0.1
0,0,0.2,0.2,0.2
0,0,0.2,0.2,0.2
0,0,0.1,0.1,0.1
0,0,0.1,0.2,0.1
0,0,0.1,0.1,0.1
0,0,0.1,0.1,0.1
0,0,0.3,0.4,0.3
0,0,0.2,0.2,0.1
0,0,0.1,0.2,0.1
0,0,0.1,0.2,0.1
0,0,0.1,0.2,0.2
0,0,0.2,0.2,0.1
0,0,0.1,0.1,0.1
0,0,0.2,0.2,0.2
0,0,0.1,0.1,0.2
0,0,0.1,0.1,0.2
0,0,0.1,0.1,0.1
0,0,0.1,0.1,0.1
0,0,0.1,0.1,0.1
0,0,0.1,0.1,0.1
0,0,0.2,0.2,0.2
0,0,0.1,0.2,0.1
0,0,0.1,0.1,0.1
0,0,0.1,0.2,0.1
0,0,0.1,0.1,0.1
0,0,0.2,0.2,0.2
0,0,0.1,0.1,0.2
0,0,0.2,0.2,0.2
0,0,0.2,0.1,0.3
0,0,0.2,0.3,0.2
0,0,0.2,0.2,0.2
0,0,0.2,0.3,0.2
0,0,0.1,0.1,0.1
0,0,0.1,0.1,0.2
0,0,0.1,0.1,0.1
0,0,0.1,0.1,0.2
0,0,0.2,0.2,0.2
0,0,0.1,0.2,0.1
0,0,0.1,0.1,0.2
0,0,0.1,0.1,0.1
0,0,0.1,0.1,0.1
0,0,0.1,0.1,0.1
0,0,0.2,0.2,0.2
0,0,0.1,0.1,0.1
0,0,0.1,0.1,0.1
0,0,0.1,0.1,0.2
0,0,0.1,0.1,0.2
0,0,0.2,0.2,0.2
0,0,0.1,0.1,0.1
0,0,0.1,0.1,0.1
0,0,0.2,0.2,0.1
0,0,0.1,0.2,0.2
0,0,0.2,0.2,0.2
0,0,0.2,0.2,0.2
0,0,0.1,0.2,0.1
0,0,0.2,0.2,0.2
0,0,0.2,0.2,0.2
0,0,0.1,0.2,0.1
0,0,0.2,0.2,0.2
0,0,0.2,0.1,0.2
0,0,0.1,0.1,0.1
0,0,0.2,0.2,0.2
0,0,0.1,0.1,0.1
0,0,0.1,0.1,0.1
0,0,0.2,0.1,0.2
0,0,0.1,0.1,0.1
0,0,0.1,0.1,0.1
0,0,0.1,0.2,0.1
0,0,0.2,0.2,0.1
0,0,0.2,0.2,0.2
0,0,0.1,0.2,0.1
0,0,0.1,0.2,0.1
0,0,0.2,0.2,0.2
0,0,0.1,0.2,0.1
0,0,0.1,0.2,0.1
0,0,0.2,0.2,0.2
0,0,0.1,0.2,0.1
0,0,0.2,0.3,0.2
0,0,0.2,0.2,0.2
0,0,0.1,0.3,0.1
0,0,0.2,0.2,0.2
0,0,0.1,0.1,0.1
0,0,0.1,0.1,0.2
0,0,0.1,0.2,0.1
0,0,0.1,0.1,0.1
0,0,0.1,0.1,0.1
0,0,0.1,0.2,0.1
0,0,0.1,0.1,0.1
0,0,0.1,0.1,0.2
0,0,0.2,0.1,0.2
0,0,0.3,0.3,0.3
0,0,0.2,0.2,0.2
0,0,0.1,0.1,0.1
0,0,0.1,0.1,0.1
0,0,0.1,0.1,0.1
0,0,0.1,0.2,0.1
0,0,0.1,0.1,0.2
0,0,0.1,0.2,0.1
0,0,0.1,0.2,0.1
0,0,0.1,0.1,0.2
0,0,0.1,0.2,0.1
0,0,0.2,0.2,0.2
0,0,0.2,0.2,0.2
0,0,0.2,0.2,0.2
0,0,0.1,0.2,0.1
0,0,0.1,0.1,0.2
0,0,0.1,0.2,0.1
0,0,0.4,0.3,0.3
0,0,0.1,0.1,0.1
0,0,0.1,0.1,0.2
0,0,0.2,0.2,0.2
0,0,0.2,0.2,0.2
0,0,0.1,0.1,0.1
0,0,0.1,0.1,0.2
0,0,0.1,0.1,0.1
0,0,0.2,0.2,0.2
0,0,0.2,0.2,0.2
0,0,0.1,0.2,0.1
0,0,0.2,0.2,0.2
0,0,0.2,0.2,0.1
0,0,0.1,0.1,0.1
0,0,0.1,0.1,0.1
0,0,0.1,0.1,0.1
0,0,0.2,0.1,0.2
0,0,0.2,0.2,0.2
0,0,0.1,0.1,0.2
0,0,0.1,0.2,0.1
0,0,0.1,0.1,0.1
0,0,0.1,0.1,0.2
0,0,0.2,0.2,0.2
0,0,0.1,0.1,0.1
0,0,0.1,0.1,0.1
0,0,0.1,0.2,0.1
0,0,0.1,0.3,0.1
0,0,0.2,0.2,0.2
0,0,0.1,0.2,0.1
0,0,0.1,0.4,0.1
0,0,0.2,0.2,0.2
0,0,0.1,0.2,0.1
0,0,0.2,0.1,0.2
0,0,0.1,0.1,0.2
0,0,0.1,0.1,0.1
0,0,0.1,0.1,0.1
0,0,0.1,0.2,0.1
0,0,0.1,0.2,0.2
0,0,0.2,0.2,0.2
0,0,0.1,0.2,0.1
0,0,0.1,0.2,0.2
0,0,0.2,0.2,0.2
0,0,0.1,0.2,0.1
0,0,0.2,0.2,0.1
0,0,0.2,0.2,0.2
0,0,0.2,0.2,0.2
0,0,0.2,0.2,0.2
0,0,0.1,0.2,0.1
0,0,0.1,0.2,0.1
0,0,0.1,0.2,0.2
0,0,0.1,0.2,0.1
0,0,0.2,0.2,0.1
0,0,0.1,0.2,0.1
0,0,0.1,0.1,0.1
0,0,0.1,0.1,0.1
0,0,0.1,0.1,0.1
0,0,0.2,0.1,0.2
0,0,0.1,0.2,0.1
0,0,0.1,0.2,0.2
0,0,0.1,0.2,0.1
0,0,0.2,0.2,0.2
0,0,0.1,0.1,0.1
0,0,0.1,0.1,0.1
0,0,0.2,0.2,0.2
0,0,0.1,0.2,0.2
0,0,0.2,0.3,0.1
0,0,0.2,0.2,0.1
0,0,0.1,0.2,0.2
0,0,0.2,0.2,0.2
0,0,0.1,0.2,0.1
0,0,0.2,0.2,0.1
0,0,0.1,0.2,0.2
0,0,0.1,0.2,0.1
0,0,0.2,0.2,0.2
0,0,0.1,0.2,0.2
0,0,0.1,0.3,0.1
0,0,0.1,0.3,0.1
0,0,0.2,0.2,0.2
0,0,0.1,0.2,0.2
0,0,0.1,0.1,0.1
0,0,0.1,0.2,0.1
0,0,0.2,0.1,0.2
0,0,0.2,0.1,0.2
0,0,0.2,0.2,0.2
0,0,0.2,0.2,0.2
0,0,0.1,0.1,0.2
0,0,0.2,0.1,0.2
0,0,0.2,0.2,0.1
0,0,0.1,0.1,0.1
0,0,0.2,0.2,0.2
0,0,0.2,0.2,0.2
0,0,0.1,0.1,0.1
0,0,0.1,0.1,0.1
0,0,0.1,0.2,0.1
0,0,0.1,0.1,0.1
0,0,0.2,0.2,0.2
0,0,0.1,0.1,0.1
0,0,0.1,0.2,0.1
0,0,0.1,0.3,0.1
0,0,0.1,0.2,0.2
0,0,0.1,0.2,0.1
0,0,0.1,0.2,0.1
0,0,0.1,0.2,0.1
0,0,0.2,0.2,0.1
0,0,0.2,0.2,0.2
0,0,0.1,0.4,0.2
0,0,0.1,0.2,0.2
0,0,0.1,0.2,0.1
0,0,0.1,0.2,0.2
0,0,0.1,0.2,0.2
0,0,0.2,0.2,0.1
0,0,0.2,0.2,0.1
0,0,0.1,0.3,0.2
0,0,0.2,0.2,0.2
0,0,0.2,0.2,0.1
0,0,0.2,0.2,0.2
0,0,0.2,0.2,0.2
0,0,0.2,0.2,0.2
0,0,0.2,0.2,0.2
0,0,0.2,0.1,0.2
0,0,0.2,0.2,0.2
0,0,0.2,0.1,0.2
0,0,0.1,0.1,0.1
0,0,0.2,0.2,0.2
0,0,0.4,0.4,0.3
0,0,0.2,0.2,0.2
0,0,0.1,0.1,0.1
0,0,0.2,0.2,0.2
0,0,0.2,0.2,0.2
0,0,0.1,0.2,0.1
0,0,0.1,0.2,0.1
0,0,0.1,0.2,0.1
0,0,0.1,0.1,0.1
0,0,0.1,0.2,0.1
0,0,0.3,0.3,0.3
0,0,0.1,0.1,0.1
0,0,0.1,0.2,0.1
0,0,0.1,0.1,0.2
0,0,0.1,0.1,0.1
0,0,0.2,0.2,0.1
0,0,0.1,0.2,0.1
0,0,0.1,0.1,0.2
0,0,0.2,0.1,0.1
0,0,0.1,0.1,0.2
0,0,0.1,0.2,0.2
0,0,0.2,0.2,0.2
0,0,0.2,0.2,0.2
0,0,0.2,0.2,0.2
0,0,0.2,0.2,0.2
0,0,0.3,0.3,0.3
0,0,0.3,0.3,0.2
0,0,0.9,1.1,1
0,0,0.1,0.1,0.1
0,0,0.2,0.2,0.2
0,0,0.1,0.4,0.2
0,0,0.5,0.1,0.2
0,0,0.2,0.2,0.2
0,0,0.1,0.2,0.1
0,0,0.2,0.2,0.2
0,0,0.1,0.1,0.1
0,0,0.1,0.2,0.1
0,0,0.1,0.1,0.2
0,0,0.1,0.1,0.1
0,0,0.1,0.1,0.1
0,0,0.2,0.2,0.2
0,0,0.1,0.1,0.1
0,0,0.1,0.2,0.2
0,0,0.2,0.2,0.2
0,0,0.2,0.1,0.2
0,0,0.1,0.1,0.1
0,0,0.2,0.2,0.1
0,0,0.2,0.2,0.2
0,0,0.2,0.2,0.2
0,0,0.1,0.1,0.1
0,0,0.1,0.1,0.1
0,0,0.1,0.2,0.1
0,0,0.2,0.2,0.2
0,0,0.2,0.2,0.2
0,0,0.2,0.2,0.2
0,0,0.1,0.1,0.2
0,0,0.1,0.1,0.1
0,0,0.1,0.2,0.2
0,0,0.1,0.2,0.3
0,0,0.2,0.2,0.1
0,0,0.1,0.1,0.2
0,0,0.1,0.1,0.1
0,0,0.1,0.1,0.1
0,0,0.1,0.1,0.1
0,0,0.1,0.1,0.1
0,0,0.2,0.1,0.2
0,0,0.1,0.1,0.1
0,0,0.1,0.1,0.1
0,0,0.1,0.1,0.1
0,0,0.1,0.2,0.1
0,0,0.1,0.1,0.2
0,0,0.2,0.2,0.2
0,0,0.1,0.1,0.2
0,0,0.2,0.2,0.2
0,0,0.1,0.1,0.1
0,0,0.1,0.1,0.1
0,0,0.1,0.1,0.2
0,0,0.1,0.1,0.1
0,0,0.2,0.2,0.1
0,0,0.2,0.2,0.1
0,0,0.2,0.2,0.2
0,0,0.2,0.1,0.2
0,0,0.1,0.1,0.1
0,0,0.1,0.2,0.2
0,0,0.2,0.2,0.1
0,0,0.1,0.2,0.1
0,0,0.1,0.2,0.2
0,0,0.1,0.2,0.1
0,0,0.2,0.2,0.1
0,0,0.1,0.1,0.1
0,0,0.1,0.1,0.2
0,0,0.1,0.1,0.1
0,0,0.1,0.1,0.1
0,0,0.1,0.2,0.2
0,0,0.1,0.1,0.2
0,0,0.1,0.2,0.1
0,0,0.2,0.1,0.2
0,0,0.1,0.2,0.1
0,0,0.1,0.1,0.2
0,0,0.1,0.1,0.1
0,0,0.1,0.1,0.2
0,0,0.2,0.2,0.2
0,0,0.1,0.2,0.1
0,0,0.1,0.1,0.1
0,0,0.2,0.2,0.1
0,0,0.2,1.1,0.7
0,0,0.1,0.2,0.1
0,0,0.1,0.1,0.1
0,0,0.1,0.1,0.1
0,0,0.1,0.2,0.1
0,0,0.2,0.2,0.2
0,0,0.1,0.1,0.1
0,0,0.2,0.2,0.2
0,0,0.2,0.2,0.1
0,0,0.1,0.2,0.1
0,0,0.2,0.2,0.2
0,0,0.1,0.2,0.1
0,0,0.1,0.1,0.2
0,0,0.2,0.1,0.2
0,0,0.1,0.2,0.1
0,0,0.1,0.1,0.1
0,0,0.2,0.2,0.2
0,0,0.1,0.1,0.1
0,0,0.2,0.2,0.2
0,0,0.1,0.2,0.2
0,0,0.2,0.1,0.2
0,0,0.1,0.1,0.1
0,0,0.1,0.2,0.1
0,0,0.1,0.1,0.2
0,0,0.1,0.1,0.1
0,0,0.1,0.1,0.1
0,0,0.1,0.1,0.1
0,0,0.1,0.1,0.1
0,0,0.1,0.2,0.1
0,0,0.1,0.2,0.1
0,0,0.2,0.2,0.2
0,0,0.2,0.2,0.1
0,0,0.2,0.2,0.2
0,0,0.1,0.1,0.1
0,0,0.1,0.2,0.1
0,0,0.1,0.2,0.2
0,0,0.2,0.2,0.2
0,0,0.2,0.2,0.1
0,0,0.2,0.2,0.2
0,0,0.1,0.2,0.1
0,0,0.1,0.1,0.2
0,0,0.1,0.1,0.1
0,0,0.1,0.2,0.1
0,0,0.1,0.1,0.1
0,0,0.2,0.1,0.2
0,0,0.1,0.2,0.1
0,0,0.1,0.1,0.1
0,0,0.1,0.1,0.1
0,0,0.1,0.1,0.1
0,0,0.1,0.1,0.1
0,0,0.1,0.1,0.2
0,0,0.1,0.1,0.1
0,0,0.1,0.1,0.1
0,0,0.1,0.1,0.1
0,0,0.1,0.1,0.1
0,0,0.1,0.1,0.2
0,0,0.2,0.2,0.2
0,0,0.1,0.1,0.1
0,0,0.1,0.1,0.1
0,0,0.2,0.2,0.2
0,0,0.2,0.2,0.1
0,0,0.1,0.1,0.1
0,0,0.2,0.1,0.1
0,0,0.1,0.1,0.2
0,0,0.1,0.2,0.1
0,0,0.2,0.2,0.2
0,0,0.1,0.1,0.2
0,0,0.1,0.2,0.1
0,0,0.1,0.1,0.2
0,0,0.1,0.1,0.1
0,0,0.1,0.1,0.2
0,0,0.1,0.1,0.1
0,0,0.2,0.2,0.2
0,0,0.1,0.1,0.2
0,0,0.2,0.1,0.2
0,0,0.1,0.1,0.1
0,0,0.2,0.1,0.2
0,0,0.1,0.1,0.2
0,0,0.1,0.1,0.2
0,0,0.1,0.1,0.1
0,0,0.3,0.3,0.4
0,0,0.1,0.1,0.1
0,0,0.1,0.1,0.1
0,0,0.1,0.2,0.1
0,0,0.2,0.2,0.2
0,0,0.2,0.2,0.2
0,0,0.2,0.2,0.1
0,0,0.1,0.1,0.2
0,0,0.1,0.1,0.1
0,0,0.1,0.1,0.1
0,0,0.1,0.1,0.1
0,0,0.2,0.2,0.2
0,0,0.1,0.1,0.1
0,0,0.3,0.3,0.3
0,0,0.1,0.1,0.1
0,0,0.1,0.2,0.1
0,0,0.1,0.2,0.1
0,0,0.1,0.2,0.1
0,0,0.1,0.2,0.1
0,0,0.1,0.1,0.1
0,0,0.2,0.2,0.2
0,0,0.1,0.1,0.2
0,0,0.1,0.1,0.2
0,0,0.2,0.2,0.2
0,0,0.1,0.1,0.1
0,0,0.1,0.2,0.1
0,0,0.1,0.1,0.1
0,0,0.2,0.2,0.1
0,0,0.1,0.2,0.1
0,0,0.1,0.2,0.1
0,0,0.1,0.1,0.1
0,0,0.2,0.1,0.1
0,0,0.1,0.1,0.1
0,0,0.2,0.2,0.2
0,0,0.1,0.1,0.1
0,0,0.1,0.2,0.1
0,0,0.1,0.1,0.1
0,0,0.1,0.2,0.1
0,0,0.1,0.1,0.1
0,0,0.2,0.1,0.2
0,0,0.1,0.2,0.2
0,0,0.2,0.2,0.1
0,0,0.2,0.2,0.1
0,0,0.1,0.2,0.1
0,0,0.1,0.2,0.2
0,0,0.1,0.2,0.1
0,0,0.2,0.2,0.2
0,0,0.2,0.2,0.2
0,0,0.1,0.1,0.1
0,0,0.2,0.2,0.2
0,0,0.1,0.1,0.1
0,0,0.1,0.1,0.1
0,0,0.1,0.1,0.2
0,0,0.1,0.1,0.1
0,0,0.2,0.1,0.2
0,0,0.2,0.1,0.2
0,0,0.2,0.2,0.2
0,0,0.2,0.2,0.2
0,0,0.2,0.2,0.1
0,0,0.2,0.2,0.2
0,0,0.1,0.2,0.1
0,0,0.1,0.1,0.2
0,0,0.2,0.1,0.2
0,0,0.1,0.1,0.1
0,0,0.1,0.1,0.2
0,0,0.1,0.1,0.2
0,0,0.1,0.1,0.2
0,0,0.1,0.2,0.1
0,0,0.1,0.1,0.1
0,0,0.2,0.1,0.1
0,0,0.2,0.2,0.2
0,0,0.2,0.2,0.2
0,0,0.2,0.2,0.2
0,0,0.1,0.2,0.2
0,0,0.1,0.2,0.1
0,0,0.2,0.2,0.2
0,0,0.2,0.2,0.2
0,0,0.1,0.1,0.2
0,0,0.2,0.2,0.2
0,0,0.1,0.2,0.1
0,0,0.2,0.2,0.2
0,0,0.1,0.4,0.1
0,0,0.2,0.3,0.2
0,0,0.1,0.2,0.1
0,0,0.1,0.2,0.1
0,0,0.1,0.2,0.1
0,0,0.1,0.2,0.1
0,0,0.1,0.2,0.2
0,0,0.1,0.1,0.2
0,0,0.1,0.1,0.2
0,0,0.1,0.1,0.1
0,0,0.2,0.2,0.3
0,0,0.1,0.1,0.2
0,0,0.1,0.2,0.1
0,0,0.2,0.5,0.2
0,0,0.2,0.2,0.2
0,0,0.1,0.1,0.1
0,0,0.1,0.2,0.1
0,0,0.1,0.1,0.1
0,0,0.2,0.2,0.2
0,0,0.2,0.1,0.2
0,0,0.1,0.1,0.1
0,0,0.1,0.2,0.1
0,0,0.1,0.1,0.1
0,0,0.1,0.1,0.1
0,0,0.1,0.1,0.1
0,0,0.2,0.1,0.2
0,0,0.2,0.1,0.2
0,0,0.1,0.1,0.1
0,0,0.1,0.1,0.1
0,0,0.1,0.1,0.2
0,0,0.1,0.2,0.1
0,0,0.1,0.1,0.1
0,0,0.1,0.2,0.1
0,0,0.2,0.2,0.1
0,0,0.2,0.2,0.2
0,0,0.1,0.1,0.1
0,0,0.2,0.2,0.1
0,0,0.1,0.2,0.1
0,0,0.2,0.1,0.2
0,0,0.1,0.1,0.2
0,0,0.1,0.1,0.1
0,0,0.2,0.2,0.1
0,0,0.1,0.1,0.1
0,0,0.1,0.2,0.1
0,0,0.1,0.1,0.1
0,0,0.1,0.1,0.2
0,0,0.1,0.1,0.1
0,0,0.2,0.2,0.2
0,0,0.1,0.1,0.1
0,0,0.2,0.2,0.2
0,0,0.1,0.1,0.1
0,0,0.1,0.2,0.1
0,0,0.1,0.1,0.1
0,0,0.1,0.1,0.1
0,0,0.2,0.2,0.1
0,0,0.1,0.1,0.2
0,0,0.1,0.1,0.2
0,0,0.1,0.1,0.1
0,0,0.2,0.2,0.2
0,0,0.2,0.2,0.1
0,0,0.1,0.1,0.1
0,0,0.2,0.1,0.2
0,0,0.1,0.2,0.2
0,0,0.1,0.1,0.2
0,0,0.1,0.1,0.1
0,0,0.1,0.1,0.1
0,0,0.1,0.1,0.1
0,0,0.1,0.2,0.2
0,0,0.1,0.1,0.1
0,0,0.2,0.2,0.1
0,0,0.2,0.1,0.2
0,0,0.1,0.1,0.1
0,0,0.1,0.1,0.1
0,0,0.1,0.1,0.1
0,0,0.1,0.2,0.1
0,0,0.1,0.2,0.2
0,0,0.1,0.1,0.1
0,0,0.1,0.1,0.1
0,0,0.2,0.2,0.2
0,0,0.1,0.1,0.2
0,0,0.1,0.1,0.1
0,0,0.1,0.1,0.1
0,0,0.1,0.1,0.1
0,0,0.1,0.1,0.1
0,0,0.1,0.1,0.1
0,0,0.2,0.2,0.2
0,0,0.1,0.1,0.1
0,0,0.1,0.1,0.1
0,0,0.1,0.1,0.1
0,0,0.1,0.1,0.1
0,0,0.1,0.1,0.1
0,0,0.2,0.2,0.2
0,0,0.1,0.1,0.1
0,0,0.2,0.1,0.2
0,0,0.1,0.2,0.1
0,0,0.1,0.1,0.2
0,0,0.1,0.2,0.1
0,0,0.2,0.2,0.2
0,0,0.2,0.1,0.1
0,0,0.1,0.1,0.1
0,0,0.2,0.2,0.2
0,0,0.2,0.2,0.2
0,0,0.1,0.1,0.1
0,0,0.1,0.1,0.1
0,0,0.1,0.2,0.1
0,0,0.2,0.2,0.1
0,0,0.1,0.1,0.1
0,0,0.1,0.1,0.2
0,0,0.2,0.1,0.2
0,0,0.1,0.1,0.1
0,0,0.1,0.1,0.1
0,0,0.2,0.2,0.1
0,0,0.2,0.2,0.1
0,0,0.1,0.1,0.1
0,0,0.1,0.1,0.1
0,0,0.1,0.1,0.1
0,0,0.1,0.1,0.1
0,0,0.1,0.1,0.1
0,0,0.1,0.1,0.1
0,0,0.1,0.1,0.2
0,0,0.2,0.1,0.1
0,0,0.2,0.2,0.2
0,0,0.2,0.2,0.2
0,0,0.2,0.2,0.2
0,0,0.2,0.2,0.2
0,0,0.2,0.2,0.2
0,0,0.1,0.2,0.1
0,0,0.2,0.2,0.1
0,0,0.2,0.2,0.1
0,0,0.1,0.2,0.1
0,0,0.2,0.2,0.2
0,0,0.2,0.2,0.2
0,0,0.2,0.2,0.2
0,0,0.1,0.2,0.1
0,0,0.1,0.1,0.1
0,0,0.2,0.2,0.2
0,0,0.1,0.2,0.1
0,0,0.1,0.1,0.1
0,0,0.2,0.2,0.2
0,0,0.2,0.1,0.2
0,0,0.1,0.1,0.1
0,0,0.1,0.2,0.1
0,0,0.2,0.2,0.2
0,0,0.1,0.1,0.1
0,0,0.2,0.2,0.2
0,0,0.2,0.1,0.2
0,0,1.1,1.1,1.1
0,0,0.1,0.1,0.2
0,0,0.1,0.1,0.2
0,0,0.1,0.1,0.1
0,0,0.1,0.1,0.1
0,0,0.1,0.1,0.1
0,0,0.2,0.2,0.2
0,0,0.2,0.2,0.2
0,0,0.2,0.2,0.2
0,0,1,0.9,1.1
0,0,0.2,0.2,0.2
0,0,0.2,0.2,0.1
0,0,0.2,0.2,0.2
0,0,0.2,0.2,0.2
0,0,0.1,0.2,0.1
0,0,0.1,0.1,0.2
0,0,0.2,0.2,0.2
0,0,0.2,0.2,0.2
0,0,0.1,0.2,0.1
0,0,0.1,0.1,0.1
0,0,0.1,0.1,0.1
0,0,0.1,0.1,0.2
0,0,0.1,0.1,0.2
0,0,0.1,0.2,0.1
0,0,0.2,0.2,0.1
0,0,0.1,0.2,0.1
0,0,0.2,0.2,0.2
0,0,0.1,0.1,0.1
0,0,0.1,0.1,0.1
0,0,0.2,0.2,0.2
0,0,0.1,0.2,0.2
0,0,0.1,0.1,0.1
0,0,0.1,0.1,0.2
0,0,0.1,0.1,0.2
0,0,0.1,0.2,0.2
0,0,0.1,0.1,0.2
0,0,0.1,0.1,0.1
0,0,0.2,0.2,0.2
0,0,0.2,0.2,1.6
0,0,0.1,0.1,0.1
0,0,0.1,0.1,0.1
0,0,0.1,0.1,0.1
0,0,0.1,0.1,0.2
0,0,0.1,0.1,0.1
0,0,0.1,0.1,0.1
0,0,0.2,0.2,0.2
0,0,0.2,0.2,0.2
0,0,0.2,0.2,0.2
0,0,0.2,0.2,0.1
0,0,0.2,0.2,0.2
0,0,0.2,0.2,0.2
0,0,0.1,0.2,0.1
0,0,0.1,0.1,0.1
0,0,0.1,0.1,0.2
0,0,0.1,0.2,0.1
0,0,0.1,0.1,0.1
0,0,0.2,0.2,0.2
0,0,0.2,0.2,0.2
0,0,0.1,0.1,0.2
0,0,0.1,0.1,0.1
0,0,0.1,0.1,0.1
0,0,0.1,0.1,0.2
0,0,0.1,0.2,0.1
0,0,0.1,0.1,0.2
0,0,0.1,0.1,0.2
0,0,0.1,0.2,0.1
0,0,0.1,0.1,0.1
0,0,0.2,0.2,0.1
0,0,0.2,0.1,0.2
0,0,0.2,0.2,0.1
0,0,0.1,0.1,0.1
0,0,0.2,0.2,0.1
0,0,0.1,0.1,0.2
0,0,0.1,0.1,0.2
0,0,0.2,0.1,0.2
0,0,0.1,0.1,0.2
0,0,0.2,0.1,0.2
0,0,0.1,0.1,0.1
0,0,0.1,0.1,0.2
0,0,0.1,0.1,0.1
0,0,0.2,0.2,0.2
0,0,0.1,0.1,0.1
0,0,0.1,0.1,0.1
0,0,0.2,0.2,0.2
0,0,0.1,0.1,0.1
0,0,0.1,0.1,0.1
0,0,0.2,0.2,0.1
0,0,0.1,0.1,0.1
0,0,0.2,0.1,0.1
0,0,0.1,0.2,0.2
0,0,0.2,0.2,0.2
0,0,0.2,0.1,0.2
0,0,0.1,0.3,0.2
0,0,0.1,0.2,0.1
0,0,0.2,0.2,0.1
0,0,0.1,0.1,0.1
0,0,0.2,0.1,0.2
0,0,0.1,0.1,0.1
0,0,0.1,0.1,0.2
0,0,0.1,0.2,0.1
0,0,0.1,0.2,0.2
0,0,0.1,0.2,0.1
0,0,0.2,0.1,0.2
0,0,0.1,0.1,0.1
0,0,0.1,0.1,0.2
0,0,0.1,0.1,0.2
0,0,0.1,0.1,0.1
0,0,0.2,0.2,0.2
0,0,0.1,0.2,0.1
0,0,0.2,0.2,0.2
0,0,0.1,0.2,0.1
0,0,0.1,0.2,0.1
0,0,0.2,0.2,0.2
0,0,0.1,0.1,0.1
0,0,0.1,0.2,0.1
0,0,0.1,0.1,0.1
0,0,0.2,0.1,0.2
0,0,0.1,0.2,0.1
0,0,0.1,0.2,0.1
0,0,0.1,0.2,0.1
0,0,0.1,0.2,0.1
0,0,0.1,0.2,0.1
0,0,0.1,0.2,0.1
0,0,0.1,0.2,0.1
0,0,0.1,0.2,0.1
0,0,0.1,0.5,0.1
0,0,0.2,0.2,0.2
0,0,0.2,0.2,0.2
0,0,0.1,0.2,0.1
0,0,0.2,0.2,0.1
0,0,0.2,0.2,0.1
0,0,0.1,0.1,0.2
0,0,0.2,0.2,0.2
0,0,0.1,0.2,0.1
0,0,0.1,0.1,0.2
0,0,0.1,0.1,0.1
0,0,0.2,0.1,0.2
0,0,0.2,0.1,0.2
0,0,0.2,0.2,0.1
0,0,0.2,0.2,0.2
0,0,0.2,0.2,0.2
0,0,0.2,0.1,0.2
0,0,0.1,0.1,0.2
0,0,0.2,0.2,0.2
0,0,0.2,0.2,0.2
0,0,0.2,0.1,0.2
0,0,0.2,0.2,0.2
0,0,0.2,0.2,0.2
0,0,0.1,0.2,0.1
0,0,0.1,0.1,0.1
0,0,0.1,0.2,0.1
0,0,0.1,0.1,0.1
0,0,0.1,0.1,0.1
0,0,0.1,0.1,0.1
0,0,0.2,0.2,0.2
0,0,0.2,0.2,0.2
0,0,0.1,0.1,0.2
0,0,0.2,0.1,0.2
0,0,0.2,0.2,0.2
0,0,0.1,0.2,0.1
0,0,0.2,0.2,0.2
0,0,0.1,0.2,0.1
0,0,0.1,0.2,0.1
0,0,0.1,0.1,0.2
0,0,0.1,0.1,0.1
0,0,0.1,0.2,0.1
0,0,0.1,0.2,0.1
0,0,0.1,0.1,0.1
0,0,0.1,0.1,0.1
0,0,0.1,0.1,0.1
0,0,0.1,0.1,0.1
0,0,0.2,0.2,0.1
0,0,0.1,0.2,0.1
0,0,0.2,0.1,0.2
0,0,0.2,0.2,0.1
0,0,0.1,0.1,0.2
0,0,0.1,0.1,0.1
0,0,0.1,0.2,0.1
0,0,0.1,0.2,0.1
0,0,0.2,0.2,0.2
0,0,0.1,0.2,0.1
0,0,0.2,0.2,0.1
0,0,0.1,0.2,0.1
0,0,0.1,0.1,0.1
0,0,0.2,0.2,0.1
0,0,0.1,0.1,0.1
0,0,0.2,0.2,0.2
0,0,0.2,0.1,0.2
0,0,0.1,0.2,0.1
0,0,0.1,0.1,0.1
0,0,0.1,0.2,0.1
0,0,0.1,0.2,0.1
0,0,0.2,0.2,0.1
0,0,0.1,0.2,0.1
0,0,0.1,0.2,0.2
0,0,0.2,0.2,0.1
0,0,0.2,0.2,0.2
0,0,0.2,0.2,0.2
0,0,0.2,0.2,0.2
0,0,0.1,0.2,0.2
0,0,0.1,0.2,0.1
0,0,0.2,0.2,0.2
0,0,0.1,0.2,0.2
0,0,0.1,0.2,0.2
0,0,0.1,0.4,0.1
0,0,0.1,0.2,0.2
0,0,0.2,0.1,0.2
0,0,0.2,0.2,0.2
0,0,0.1,0.2,0.1
0,0,0.2,0.2,0.2
0,0,0.1,0.2,0.1
0,0,0.2,0.2,0.1
0,0,0.1,0.2,0.2
0,0,0.2,0.2,0.2
0,0,0.2,0.2,0.1
0,0,0.1,0.1,0.2
0,0,0.2,0.2,0.1
0,0,0.3,0.3,0.3
0,0,0.1,0.2,0.2
0,0,0.1,0.1,0.1
0,0,0.1,0.2,0.1
0,0,0.2,0.2,0.2
0,0,0.1,0.1,0.2
0,0,0.1,0.1,0.1
0,0,0.1,0.1,0.1
0,0,0.2,0.2,0.2
0,0,0.1,0.1,0.2
0,0,0.1,0.1,0.1
0,0,0.1,0.1,0.1
0,0,0.2,0.2,0.2
0,0,0.1,0.1,0.1
0,0,0.1,0.2,0.1
0,0,0.1,0.2,0.1
0,0,0.2,0.2,0.2
0,0,0.1,0.1,0.1
0,0,0.1,0.1,0.2
0,0,0.2,0.2,0.2
0,0,0.1,0.1,0.2
0,0,0.1,0.1,0.1
0,0,0.1,0.1,0.1
0,0,0.1,0.1,0.1
0,0,0.1,0.2,0.2
0,0,0.1,0.1,0.1
0,0,0.2,0.1,0.2
0,0,0.1,0.3,0.1
0,0,0.1,0.2,0.1
0,0,0.2,0.2,0.1
0,0,0.1,0.2,0.2
0,0,0.2,0.2,0.2
0,0,0.1,0.1,0.1
0,0,0.2,0.2,0.2
0,0,0.2,0.2,0.2
0,0,0.2,0.2,0.1
0,0,0.1,0.1,0.2
0,0,0.2,0.2,0.2
0,0,0.2,0.2,0.2
0,0,0.2,0.2,0.2
0,0,0.1,0.2,0.2
0,0,1.1,1.2,11.2
0,0,0.1,0.3,0.1
0,0,0.2,0.2,0.2
0,0,0.1,0.1,0.1
0,0,0.1,0.1,0.2
0,0,0.1,0.2,0.1
0,0,0.1,0.2,0.2
0,0,0.2,0.2,0.2
0,0,0.2,0.2,0.2
0,0,0.2,0.1,0.2
0,0,0.1,0.2,0.1
0,0,0.2,0.2,0.2
0,0,0.2,0.2,0.2
0,0,0.1,0.1,0.1
0,0,0.2,0.2,0.2
0,0,0.1,0.3,0.1
0,0,0.1,0.2,0.1
0,0,0.2,0.2,0.1
0,0,0.1,0.2,0.1
0,0,0.1,0.3,0.3
0,0,0.2,0.2,0.2
0,0,0.1,0.3,0.1
0,0,0.1,0.1,0.2
0,0,0.1,0.2,0.1
0,0,0.2,0.3,0.3
0,0,0.2,0.2,0.2
0,0,0.1,0.1,0.1
0,0,0.2,0.2,0.2
0,0,0.1,0.1,0.1
0,0,0.1,0.2,0.2
0,0,0.2,0.2,0.2
0,0,0.2,0.2,0.1
0,0,0.2,0.2,0.2
0,0,0.1,0.1,0.1
0,0,0.1,0.1,0.1
0,0,0.2,0.2,0.1
0,0,0.1,0.2,0.1
0,0,0.1,0.1,0.1
0,0,0.2,0.2,0.1
0,0,0.2,0.2,0.2
0,0,0.1,0.3,0.2
0,0,0.2,0.5,0.1
0,0,0.2,0.2,0.2
0,0,0.1,0.2,0.1
0,0,0.1,0.2,0.1
0,0,0.1,0.1,0.2
0,0,0.1,0.2,0.1
0,0,0.2,0.2,0.2
0,0,0.2,0.2,0.2
0,0,0.3,0.3,0.3
0,0,0.1,0.1,0.1
0,0,0.2,0.2,0.2
0,0,0.1,0.1,0.1
0,0,0.1,0.2,0.2
0,0,0.1,0.2,0.2
0,0,0.1,0.2,0.1
0,0,0.2,0.2,0.2
0,0,0.1,0.2,0.1
0,0,0.2,0.2,0.2
0,0,0.2,0.2,0.1
0,0,0.1,0.2,0.1
0,0,0.1,0.1,0.1
0,0,0.1,0.1,0.2
0,0,0.2,0.4,0.3
0,0,0.1,0.3,0.1
0,0,0.1,0.2,0.1
0,0,0.2,0.2,0.2
0,0,0.2,0.2,0.1
0,0,0.2,0.2,0.2
0,0,0.2,0.4,0.2
0,0,0.1,0.2,0.2
0,0,0.2,0.2,0.2
0,0,0.2,0.2,0.2
0,0,0.2,0.2,0.2
0,0,0.1,0.1,0.1
0,0,0.1,0.1,0.1
0,0,0.2,0.1,0.2
0,0,0.2,0.2,0.2
0,0,0.2,0.1,0.2
0,0,0.2,0.2,0.1
0,0,0.2,0.2,0.2
0,0,0.1,0.1,0.1
0,0,0.1,0.1,0.1
0,0,0.1,0.1,0.2
0,0,0.1,0.1,0.1
0,0,0.1,0.1,0.1
0,0,0.1,0.1,0.1
0,0,0.2,0.2,0.2
0,0,0.1,0.2,0.2
0,0,0.2,0.3,0.3
0,0,0.2,0.2,0.2
0,0,0.1,0.1,0.2
0,0,0.1,0.1,0.2
0,0,0.2,0.2,0.2
0,0,0.1,0.2,0.2
0,0,0.2,0.2,0.2
0,0,0.2,0.2,0.1
0,0,0.1,0.2,0.1
0,0,0.1,0.2,0.2
0,0,0.2,0.2,0.1
0,0,0.1,0.3,0.1
0,0,0.1,0.2,0.2
0,0,0.2,0.2,0.2
0,0,0.2,0.2,0.1
0,0,0.2,0.2,0.2
0,0,0.1,0.3,0.1
0,0,0.2,0.2,0.2
0,0,0.1,0.2,0.1
0,0,0.2,0.2,0.2
0,0,0.2,0.2,0.2
0,0,0.2,0.2,0.1
0,0,0.1,0.2,0.1
0,0,0.2,0.2,0.2
0,0,0.1,0.2,0.1
0,0,0.1,0.2,0.1
0,0,0.1,0.2,0.1
0,0,0.2,0.2,0.2
0,0,0.1,0.2,0.1
0,0,0.1,0.2,0.2
0,0,0.2,0.2,0.1
0,0,0.1,0.3,0.1
0,0,0.2,0.2,0.2
0,0,0.1,0.3,0.1
0,0,0.1,0.2,0.2
0,0,0.1,0.3,0.1
0,0,0.1,0.2,0.1
0,0,0.1,0.1,0.1
0,0,0.1,0.1,0.1
0,0,0.1,0.2,0.1
0,0,0.2,0.2,0.1
0,0,0.2,0.2,0.1
0,0,0.1,0.2,0.1
0,0,0.2,0.2,0.1
0,0,0.1,0.2,0.1
0,0,0.2,0.1,0.2
0,0,0.1,0.2,0.1
0,0,0.1,0.1,0.1
0,0,0.2,0.2,0.2
0,0,0.1,0.2,0.1
0,0,0.1,0.2,0.2
0,0,0.1,0.2,0.2
0,0,0.1,0.2,0.1
0,0,0.1,0.2,0.2
0,0,0.2,0.2,0.2
0,0,0.1,0.2,0.1
0,0,0.1,0.3,0.1
0,0,0.1,0.2,0.1
0,0,0.1,0.1,0.1
0,0,0.2,0.2,0.1
0,0,0.1,0.2,0.1
0,0,0.2,0.5,0.2
0,0,0.1,0.2,0.1
0,0,0.1,0.4,0.1
0,0,0.1,0.1,0.1
0,0,0.2,0.2,0.2
0,0,0.1,0.1,0.1
0,0,0.1,0.1,0.2
0,0,0.1,0.1,0.1
0,0,0.1,0.1,0.1
0,0,0.3,0.3,0.3
0,0,0.2,0.2,0.2
0,0,0.1,0.1,0.2
0,0,0.2,0.2,0.1
0,0,0.4,0.2,0.2
0,0,0.4,0.3,0.2
0,0,0.1,0.2,0.1
0,0,0.1,0.1,0.1
0,0,0.1,0.1,0.1
0,0,0.1,0.1,0.1
0,0,0.1,0.2,0.2
0,0,0.2,0.2,0.1
0,0,0.1,0.2,0.2
0,0,0.1,0.2,0.1
0,0,0.1,0.2,0.1
0,0,0.2,0.2,0.1
0,0,0.1,0.1,0.2
0,0,0.2,0.1,0.2
0,0,0.2,0.2,0.2
0,0,0.1,0.1,0.1
0,0,0.2,0.2,0.1
0,0,0.1,0.1,0.2
0,0,0.1,0.1,0.2
0,0,0.2,0.2,0.1
0,0,0.1,0.2,0.1
0,0,0.2,0.2,0.2
0,0,0.1,0.1,0.2
0,0,0.1,0.2,0.1
0,0,0.1,0.1,0.1
0,0,0.1,0.1,0.2
0,0,0.1,0.2,0.1
0,0,0.1,0.2,0.1
0,0,0.1,0.1,0.2
0,0,0.2,0.2,0.2
0,0,0.1,0.1,0.1
0,0,0.2,0.2,0.2
0,0,0.1,0.2,0.1
0,0,0.1,0.1,0.1
0,0,0.1,0.1,0.2
0,0,0.1,0.1,0.1
0,0,0.2,0.3,0.2
0,0,0.2,0.2,0.2
0,0,0.1,0.1,0.2
0,0,0.2,0.1,0.2
0,0,0.1,0.1,0.2
0,0,0.2,0.2,0.2
0,0,0.1,0.1,0.1
0,0,0.1,0.2,0.1
0,0,0.1,0.2,0.1
0,0,0.1,0.2,0.1
0,0,0.2,0.2,0.2
0,0,0.1,0.1,0.1
0,0,0.1,0.2,0.1
0,0,0.1,0.1,0.1
0,0,0.1,0.2,0.1
0,0,0.2,0.1,0.1
0,0,0.2,0.1,0.2
0,0,0.2,0.2,0.2
0,0,0.2,0.2,0.1
0,0,0.2,0.2,0.2
0,0,0.2,0.1,0.2
0,0,0.1,0.1,0.1
0,0,0.1,0.1,0.1
0,0,0.1,0.1,0.1
0,0,0.1,0.1,0.2
0,0,0.2,0.2,0.2
0,0,0.1,0.1,0.1
0,0,0.1,0.2,0.1
0,0,0.1,0.1,0.2
0,0,0.1,0.1,0.2
0,0,0.1,0.1,0.2
0,0,0.2,0.2,0.2
0,0,0.2,0.2,0.2
0,0,0.1,0.1,0.2
0,0,0.2,0.2,0.2
0,0,0.1,0.2,0.1
0,0,0.1,0.1,0.2
0,0,0.2,0.2,0.1
0,0,0.1,0.2,0.1
0,0,0.2,0.2,0.2
0,0,0.2,0.2,0.2
0,0,0.1,0.2,0.1
0,0,0.2,0.2,0.2
0,0,0.2,0.1,0.2
0,0,0.1,0.1,0.1
0,0,0.1,0.3,0.1
0,0,0.1,0.1,0.1
0,0,0.2,0.2,0.2
0,0,0.1,0.2,0.1
0,0,0.1,0.1,0.2
0,0,0.1,0.1,0.1
0,0,0.1,0.2,0.1
0,0,0.1,0.2,0.1
0,0,0.1,0.1,0.2
0,0,0.2,0.1,0.2
0,0,0.1,0.1,0.2
0,0,0.1,0.1,0.2
0,0,0.1,0.1,0.1
0,0,0.1,0.2,0.1
0,0,0.1,0.1,0.1
0,0,0.1,0.1,0.2
0,0,0.1,0.2,0.1
0,0,0.1,0.1,0.1
0,0,0.2,0.2,0.1
0,0,0.2,0.2,0.1
0,0,0.2,0.1,0.2
0,0,0.1,0.1,0.2
0,0,0.2,0.2,0.2
0,0,0.1,0.2,0.1
0,0,0.1,0.1,0.2
0,0,0.1,0.1,0.2
0,0,0.2,0.1,0.2
0,0,0.1,0.1,0.1
0,0,0.1,0.1,0.1
0,0,0.1,0.1,0.1
0,0,0.1,0.2,0.1
0,0,0.2,0.2,0.2
0,0,0.2,0.2,0.2
0,0,0.1,0.2,0.2
0,0,0.2,0.1,0.2
0,0,0.1,0.1,0.1
0,0,0.1,0.1,0.2
0,0,0.1,0.1,0.1
0,0,0.2,0.2,0.2
0,0,0.1,0.1,0.1
0,0,0.1,0.1,0.1
0,0,0.2,0.1,0.2
0,0,0.1,0.1,0.1
0,0,0.1,0.1,0.1
0,0,0.1,0.1,0.1
0,0,0.2,0.2,0.2
0,0,0.1,0.1,0.1
0,0,0.1,0.2,0.1
0,0,0.2,0.2,0.2
0,0,0.2,0.2,0.2
0,0,0.1,0.2,0.2
0,0,0.1,0.1,0.2
0,0,0.1,0.1,0.1
0,0,0.1,0.1,0.1
0,0,0.2,0.1,0.2
0,0,0.2,0.2,0.2
0,0,0.1,0.1,0.2
0,0,0.1,0.1,0.2
0,0,0.1,0.1,0.1
0,0,0.2,0.2,0.1
0,0,0.1,0.3,0.1
0,0,0.1,0.2,0.1
0,0,0.1,0.2,0.1
0,0,0.2,0.1,0.1
0,0,0.2,0.2,0.2
0,0,0.1,0.1,0.1
0,0,0.1,0.1,0.2
0,0,0.1,0.2,0.1
0,0,0.2,0.1,0.2
0,0,0.1,0.1,0.1
0,0,0.2,0.1,0.2
0,0,0.1,0.1,0.1
0,0,0.1,0.1,0.2
0,0,0.2,0.2,0.2
0,0,0.2,0.2,0.1
0,0,0.1,0.1,0.1
0,0,0.1,0.1,0.1
0,0,0.1,0.1,0.1
0,0,0.2,0.2,0.1
0,0,0.2,0.2,0.2
0,0,0.1,0.1,0.2
0,0,0.1,0.1,0.2
0,0,0.1,0.1,0.2
0,0,0.2,0.2,0.2
0,0,0.1,0.2,0.1
0,0,0.1,0.1,0.1
0,0,0.2,0.2,0.2
0,0,0.1,0.2,0.2
0,0,0.1,0.1,0.1
0,0,0.1,0.1,0.1
0,0,0.2,0.2,0.2
0,0,0.1,0.1,0.1
0,0,0.2,0.2,0.2
0,0,0.1,0.1,0.2
0,0,0.1,0.1,0.1
0,0,0.1,0.1,0.1
0,0,0.1,0.1,0.2
0,0,0.1,0.1,0.1
0,0,0.1,0.2,0.1
0,0,0.1,0.1,0.2
