118
138
118
120
123
117
144
120
129
122
118
183
122
116
116
117
121
119
118
131
129
126
387
134
172
132
133
133
132
130
125
121
123
127
134
119
156
120
143
118
115
132
129
143
122
128
127
116
129
125
127
121
385
124
122
116
362
120
119
116
121
123
117
118
124
130
227
126
157
129
144
133
384
136
131
121
125
155
148
141
119
140
146
146
141
118
117
119
131
117
114
121
121
123
113
136
134
116
117
219
164
159
148
131
128
340
133
130
124
144
131
186
153
116
173
126
181
148
130
128
143
144
129
128
166
124
141
140
140
137
125
140
126
127
151
137
153
137
128
170
145
125
151
126
125
125
144
156
128
130
126
184
152
182
130
128
125
136
128
151
168
146
141
125
132
127
125
124
167
129
125
152
202
125
124
152
137
126
152
155
164
125
129
130
128
129
125
143
139
124
129
153
126
129
153
145
139
125
128
118
111
112
113
118
113
111
152
120
113
110
117
123
121
120
118
127
119
117
119
127
119
117
146
116
119
131
120
118
119
198
172
116
120
115
119
147
115
116
119
120
117
115
118
118
120
128
125
122
121
118
122
121
120
116
121
119
321
311
298
329
304
199
574
877
860
336
176
139
155
144
264
135
119
117
134
137
133
207
125
150
131
133
170
127
125
123
125
123
141
129
123
140
264
125
173
124
133
176
135
142
141
135
138
140
126
122
113
117
160
134
125
320
115
138
136
124
154
123
123
165
123
147
142
134
121
124
166
123
142
307
123
121
121
158
138
121
120
128
126
124
182
134
177
124
120
127
123
122
123
124
122
130
122
172
131
125
124
141
140
159
146
176
144
142
141
129
130
129
194
186
130
132
132
126
136
170
132
125
150
133
149
124
156
130
128
133
198
140
143
123
228
127
123
123
201
169
133
327
146
141
150
310
147
131
132
220
129
142
143
141
132
154
125
120
120
121
164
252
122
123
140
124
153
155
153
121
137
149
122
122
152
137
122
162
150
153
163
129
151
217
173
136
121
157
125
121
122
126
129
120
120
124
144
121
120
207
135
133
123
125
145
122
131
117
109
107
135
152
135
153
139
137
131
123
157
135
135
145
140
132
123
121
171
150
150
131
159
136
143
170
167
140
202
136
149
123
126
136
133
128
123
162
132
126
146
138
134
117
175
171
124
170
127
183
121
134
123
125
123
122
176
143
191
127
162
137
218
134
135
166
127
157
261
163
172
136
131
122
114
145
140
130
129
242
125
121
194
152
125
157
130
128
119
121
157
122
256
130
137
129
322
195
218
157
125
128
158
137
133
205
135
155
197
123
142
157
149
133
124
426
177
126
183
135
122
144
245
152
144
142
126
139
180
184
155
327
144
148
148
186
123
151
164
130
118
172
122
132
154
151
172
132
176
136
149
131
164
157
153
122
125
121
113
135
132
171
149
202
132
139
158
137
123
120
121
213
125
124
120
118
142
123
167
151
142
130
126
171
133
122
159
147
136
123
142
154
125
305
175
114
108
153
112
114
110
143
176
152
122
143
169
123
121
146
277
122
127
204
126
122
150
124
128
123
144
156
128
123
120
140
136
122
142
136
134
120
110
120
135
124
121
137
123
149
130
137
115
109
109
117
115
132
135
142
124
121
123
124
154
120
120
153
145
140
131
124
135
125
135
136
125
122
140
115
118
172
120
143
123
152
119
142
136
120
121
145
134
119
120
122
123
120
129
147
119
141
108
115
113
110
136
143
199
150
221
142
144
126
1008
308
213
185
330
191
189
198
328
292
286
295
340
146
129
141
137
134
122
152
145
132
137
144
143
135
140
137
161
141
145
157
131
152
146
248
142
137
130
120
118
272
118
136
140
176
137
142
344
165
170
153
129
127
125
153
170
117
178
134
172
131
127
135
159
136
185
137
159
182
143
134
172
131
164
144
135
142
135
136
221
144
131
136
140
137
151
175
135
152
130
170
125
126
128
123
130
126
129
219
123
167
162
138
192
125
130
131
440
143
156
137
393
149
138
548
138
132
181
197
219
207
148
169
133
146
147
122
120
144
135
129
120
142
114
168
120
166
140
158
139
144
150
138
124
135
148
122
123
155
127
124
124
128
185
125
128
146
154
128
164
199
153
161
159
152
127
244
148
136
171
132
126
126
143
400
173
152
142
131
129
124
124
125
136
125
123
150
132
142
123
122
144
160
151
140
148
135
138
123
120
120
149
153
137
122
143
136
128
145
129
124
127
266
141
128
123
158
159
123
122
189
114
117
111
122
110
108
107
117
199
147
341
174
157
127
129
171
142
129
131
128
124
163
207
138
170
290
192
141
109
285
137
139
136
138
310
199
2661
290
189
362
202
197
212
221
339
289
332
173
291
262
139
169
161
242
306
129
152
315
234
138
133
135
132
140
163
160
150
153
153
147
171
136
119
150
122
173
152
144
212
153
165
148
152
160
181
144
137
151
148
122
130
136
137
172
312
148
146
126
276
140
126
128
125
164
122
140
168
156
212
142
149
139
147
143
121
124
159
188
132
158
132
126
127
145
152
170
133
137
127
126
139
348
211
129
137
256
166
168
217
145
123
180
154
173
201
146
171
163
154
133
284
132
132
133
309
135
151
134
134
126
189
126
153
115
120
119
182
159
126
126
140
196
244
135
171
125
115
115
124
120
154
123
122
120
147
151
142
138
154
135
120
120
123
115
110
117
116
117
109
113
115
115
118
108
124
142
149
171
139
160
134
141
148
121
153
132
145
146
129
123
151
141
146
125
152
127
142
112
130
127
114
135
121
140
135
158
149
193
135
121
119
124
122
122
120
180
173
137
154
125
124
120
291
127
124
120
121
123
142
119
223
126
186
125
124
147
138
173
122
136
145
151
137
125
121
120
155
143
133
120
129
140
180
208
126
125
125
124
124
118
209
183
207
183
2848
179
195
189
185
221
456
208
297
182
158
150
209
117
132
120
118
133
125
148
127
340
137
120
149
146
122
126
125
189
138
152
154
206
142
142
133
152
149
258
154
168
199
162
154
134
140
126
125
184
158
289
150
146
131
169
191
179
134
156
144
150
139
130
190
238
133
142
122
147
138
137
201
164
140
122
118
124
192
129
147
141
114
119
168
135
184
136
131
148
167
174
147
136
127
136
177
141
141
188
149
157
136
125
356
148
126
132
185
148
132
177
204
127
124
134
136
130
123
155
143
151
191
142
367
152
153
140
122
118
180
146
166
136
134
139
194
224
195
131
128
139
134
150
199
121
146
132
161
152
164
145
194
115
111
163
122
145
119
126
210
153
122
122
192
153
134
120
135
124
119
120
124
154
171
120
143
124
124
120
122
123
121
246
160
138
120
120
150
177
123
190
123
126
148
119
144
136
121
120
115
113
107
109
117
119
108
108
194
161
112
111
153
173
121
120
120
122
151
122
123
121
127
125
121
122
136
119
120
158
122
121
149
139
138
135
121
124
124
123
124
152
123
251
189
169
147
132
217
128
144
141
129
147
172
121
189
124
183
120
209
136
228
124
224
144
154
149
138
132
122
124
124
126
120
223
126
130
121
141
164
130
120
124
170
128
158
125
172
145
122
125
125
127
142
123
144
159
135
122
120
167
122
163
291
129
124
121
123
144
121
120
119
167
145
120
120
220
134
121
121
122
120
120
120
136
150
154
119
151
138
120
121
142
111
108
124
126
125
147
120
122
121
122
142
123
123
137
142
135
136
131
121
163
151
120
134
280
126
122
125
201
124
122
120
155
124
123
122
126
125
120
148
134
191
126
119
230
123
121
119
149
179
145
139
122
184
134
120
188
127
120
120
120
121
123
119
121
121
122
122
120
125
125
133
121
167
151
133
131
151
121
120
127
140
173
133
133
123
154
150
141
169
123
120
120
139
124
121
124
125
123
178
122
124
118
189
120
141
141
136
136
141
163
136
161
145
187
138
290
448
141
287
134
157
140
152
135
123
123
149
159
122
135
163
152
152
181
127
158
123
141
161
134
143
129
121
158
134
130
137
120
274
142
137
151
156
131
121
118
116
140
123
121
147
165
251
248
118
118
119
121
138
130
143
140
136
114
961
995
959
986
312
237
210
173
129
196
256
194
161
135
167
136
253
232
132
287
134
133
135
184
133
173
212
180
138
384
160
169
248
186
288
133
128
136
159
161
192
130
126
150
141
147
132
138
119
119
135
140
134
135
132
134
139
161
163
151
129
132
235
186
152
228
157
162
236
168
169
154
247
126
122
202
121
159
286
126
148
138
142
130
137
157
122
123
122
415
133
148
135
130
183
135
160
143
154
307
151
165
143
124
135
113
130
155
130
141
121
120
122
127
134
123
123
131
125
123
152
188
123
112
109
125
112
110
124
143
124
119
119
131
132
127
153
163
130
144
239
140
123
121
132
128
123
132
126
143
123
134
119
162
138
153
142
172
119
122
120
152
133
125
140
140
128
153
195
160
139
137
133
125
137
158
134
186
109
108
111
117
109
111
110
204
111
116
110
122
115
107
130
107
111
141
122
120
125
121
120
122
144
127
121
111
119
127
126
130
128
126
128
126
174
145
108
111
112
110
124
121
155
246
130
112
140
136
122
119
269
119
133
193
130
125
123
121
163
156
122
121
186
122
121
157
129
132
122
121
175
141
134
124
139
149
131
161
150
211
173
133
146
149
135
187
140
216
121
122
125
162
152
150
170
136
133
145
316
122
120
153
242
176
132
154
135
124
122
133
192
143
144
147
132
125
163
154
132
131
130
186
143
144
137
270
173
130
126
120
334
133
155
125
137
150
126
166
132
135
135
151
130
124
134
135
124
120
126
120
119
119
133
121
122
141
124
116
123
110
115
133
111
109
110
114
127
122
122
200
125
120
134
128
128
149
120
122
168
207
136
210
133
129
119
206
129
138
133
121
144
210
142
255
134
131
160
160
128
142
124
138
126
131
126
124
123
177
121
151
147
129
109
154
184
130
139
138
156
146
167
137
160
151
121
133
163
126
124
124
196
124
137
140
226
133
204
127
133
127
128
155
127
130
124
191
134
127
133
126
187
139
141
150
128
123
139
132
185
124
169
123
124
121
153
133
146
129
149
120
124
121
158
123
124
120
149
132
123
159
133
120
122
121
186
126
122
135
127
139
122
113
108
108
139
111
137
128
154
132
126
124
166
163
120
120
123
152
120
138
121
122
121
128
119
127
125
122
125
124
123
123
160
143
163
182
134
189
130
123
122
124
124
123
138
129
134
149
173
128
132
121
143
166
132
130
136
147
125
141
311
175
160
125
134
306
126
124
127
121
151
189
155
135
135
204
155
135
130
299
134
150
118
129
156
187
225
152
149
147
168
164
198
161
140
168
128
133
137
156
154
137
151
135
289
145
167
171
160
132
130
143
117
144
128
144
145
158
285
131
151
132
135
136
134
170
130
130
135
133
127
123
121
152
147
133
153
141
147
135
147
138
125
123
175
118
123
133
199
137
158
136
143
132
136
174
125
126
122
168
121
148
164
130
124
133
123
125
115
107
110
140
140
124
141
179
134
120
120
129
146
150
131
128
134
127
182
202
158
125
132
194
144
123
159
283
146
135
155
189
144
144
131
126
120
122
242
121
111
135
127
159
142
120
148
126
154
144
171
134
137
133
143
122
150
144
123
164
119
119
213
124
175
124
126
122
139
113
117
123
120
139
126
137
133
138
136
133
120
119
123
125
123
120
122
196
140
123
136
124
119
122
124
136
117
111
187
135
146
150
131
132
153
168
130
137
123
161
213
123
120
172
140
148
111
115
143
149
129
139
133
157
119
144
129
133
130
126
280
242
214
343
193
227
401
320
129
131
170
143
151
132
134
134
158
124
122
143
137
164
162
281
162
147
147
146
131
120
117
153
142
127
126
165
155
123
145
249
144
123
134
126
119
150
130
156
152
133
130
127
127
141
157
140
136
184
159
129
123
172
129
139
138
142
128
128
135
120
122
137
172
167
128
183
166
126
125
281
146
154
144
133
153
167
141
123
116
121
155
121
136
121
169
148
114
138
125
128
139
122
152
123
162
169
123
130
135
172
125
118
131
187
155
155
135
185
140
123
123
128
265
158
163
199
134
134
131
135
143
149
142
176
126
169
179
135
120
168
132
148
131
151
171
135
157
173
113
142
111
119
125
122
121
181
135
150
119
167
153
161
192
117
187
116
141
112
134
134
123
124
123
120
153
126
125
142
123
128
123
121
120
145
122
123
142
244
137
124
128
155
141
124
163
149
145
137
154
162
141
124
155
157
149
142
312
121
134
133
164
125
156
141
286
128
179
128
138
147
142
161
130
125
123
126
165
127
124
141
152
136
120
175
127
124
142
146
183
118
133
154
125
124
123
127
249
142
149
154
125
119
121
156
139
142
328
306
189
199
315
156
270
132
128
152
143
135
122
129
205
182
136
117
330
175
205
146
177
123
168
145
218
170
151
348
128
138
280
151
310
223
413
126
413
209
205
208
125
131
148
142
141
187
160
129
157
129
128
129
181
152
124
211
200
140
202
127
126
286
133
143
181
175
126
385
166
155
161
418
169
136
130
130
127
272
166
147
134
146
226
182
124
194
131
136
137
142
145
144
128
188
165
157
133
163
212
149
173
134
136
149
164
134
131
171
133
192
152
305
190
149
147
156
140
442
184
140
134
231
167
131
142
161
124
142
159
124
141
319
172
149
150
153
179
139
163
149
157
171
161
166
139
136
151
146
153
130
191
233
144
116
112
130
116
109
133
171
125
122
158
120
154
136
126
121
148
165
120
119
139
122
122
123
127
147
121
139
155
141
122
122
159
142
128
123
142
122
162
124
171
140
133
133
125
120
119
141
183
135
123
122
142
123
121
119
124
125
133
120
122
150
134
121
125
151
110
137
121
120
160
141
132
112
291
116
139
120
171
140
134
176
154
141
133
109
128
115
119
108
107
114
139
135
150
127
121
123
121
171
129
120
307
179
311
202
206
202
348
296
392
523
193
142
133
173
160
466
151
177
141
176
288
161
135
159
218
165
149
149
119
160
167
154
141
141
302
181
131
237
147
131
151
135
135
145
134
174
158
154
142
137
138
125
122
118
177
135
171
265
136
128
165
156
137
131
187
126
123
118
220
158
137
125
179
131
164
133
159
131
119
125
168
148
126
294
172
136
140
133
141
169
272
155
174
131
131
145
125
149
122
152
151
154
231
168
192
148
135
135
142
129
123
123
122
123
194
165
190
182
150
164
134
158
124
127
123
146
284
142
136
152
136
136
139
176
153
170
138
124
143
124
150
124
132
171
127
130
147
135
136
141
161
112
112
110
111
144
123
116
111
117
110
110
111
113
152
142
134
123
121
119
136
142
131
120
125
143
120
167
154
156
124
126
150
153
148
148
131
162
180
127
167
136
128
127
133
122
145
227
128
123
127
125
122
153
144
147
142
128
161
122
120
156
136
138
133
113
138
136
120
140
130
178
139
153
143
163
139
148
122
126
146
127
120
197
173
142
124
186
145
161
157
153
129
124
114
110
115
134
123
148
205
128
135
124
115
122
130
112
180
116
111
136
130
129
137
121
158
138
129
147
125
114
111
132
131
143
116
141
213
202
123
155
132
285
160
134
218
127
116
139
122
111
138
119
143
144
149
162
264
304
149
141
264
172
157
141
115
115
124
123
127
117
111
161
123
116
131
143
131
113
126
136
120
115
165
192
247
214
175
219
160
155
191
178
146
156
152
143
146
139
147
150
145
118
236
151
149
140
158
147
153
165
128
116
177
142
147
185
246
116
163
188
157
123
140
122
114
126
150
111
136
124
293
128
152
128
120
121
114
118
134
129
141
133
149
123
143
141
129
118
139
124
113
127
164
168
122
130
192
153
115
130
116
145
126
119
133
114
162
159
150
208
147
120
134
149
120
128
123
132
149
108
239
196
126
112
112
295
117
124
224
138
182
181
130
121
123
130
142
123
115
138
128
138
194
112
139
125
123
149
115
113
125
130
126
127
134
148
134
158
125
114
128
128
128
128
134
126
125
118
123
123
119
139
167
136
241
169
198
150
243
157
180
145
170
183
133
113
114
141
125
117
119
124
124
129
116
113
120
117
313
189
114
118
118
147
119
129
138
115
125
126
303
324
289
149
116
120
127
204
134
128
135
115
129
144
151
170
138
120
144
122
158
158
155
144
143
154
144
135
145
167
152
201
143
139
141
208
146
136
146
136
134
246
126
157
133
169
137
124
233
187
134
149
133
111
196
144
149
161
138
129
137
131
134
217
127
246
129
132
132
164
128
151
154
162
150
133
115
114
198
179
130
146
126
162
160
132
130
318
189
400
127
123
152
166
138
148
190
167
114
132
147
134
132
141
140
133
134
140
188
208
248
155
152
128
190
164
288
148
322
124
124
150
153
125
119
133
148
150
138
183
160
172
121
176
149
134
139
132
143
135
126
120
152
132
134
120
144
119
139
119
138
120
133
130
125
146
117
134
127
233
142
129
165
133
151
116
306
129
117
130
130
121
117
141
136
184
118
158
139
126
123
131
214
114
155
124
114
125
134
127
117
266
130
115
118
114
125
125
390
116
121
122
176
194
116
132
119
288
167
188
135
245
176
133
138
118
136
134
130
127
154
182
163
143
128
124
124
199
138
128
155
163
120
133
143
142
134
134
132
118
130
130
160
152
130
114
130
156
117
163
114
133
152
131
154
159
202
320
329
212
160
132
139
156
124
167
163
132
141
136
151
149
143
146
149
140
152
120
125
150
158
146
147
161
183
134
319
205
158
184
163
135
126
144
142
197
145
149
139
131
117
119
174
162
128
137
135
129
152
125
150
162
175
133
119
153
147
136
127
159
129
139
127
174
194
169
121
134
125
158
119
109
145
202
134
133
123
118
127
155
212
182
159
174
171
124
131
133
136
131
144
131
132
123
113
132
122
143
173
131
152
142
133
129
118
130
115
150
143
173
130
136
142
144
121
152
128
115
122
115
138
139
132
124
136
138
130
116
111
135
126
129
136
138
118
114
130
133
118
129
164
135
147
158
196
149
210
156
125
145
170
155
119
154
198
230
154
150
169
157
119
149
158
139
141
184
135
127
119
139
115
148
198
156
122
242
197
159
129
152
113
241
115
131
120
115
157
140
108
140
140
159
109
141
163
124
275
128
126
134
138
164
120
124
115
112
117
130
112
120
125
110
125
138
141
128
135
112
129
125
138
129
135
130
132
138
159
122
133
156
125
124
133
131
118
143
140
116
135
115
116
170
139
131
113
118
126
140
146
116
113
116
215
335
151
142
117
140
178
197
360
131
163
136
137
115
111
114
167
166
145
149
168
138
127
120
122
165
177
165
189
201
153
187
187
209
251
198
152
117
114
143
163
157
186
154
136
132
157
145
183
136
141
133
126
132
119
112
296
192
140
150
124
131
127
212
142
145
193
132
115
121
123
110
124
150
124
163
140
158
130
143
140
125
130
137
145
173
135
178
118
132
115
113
130
146
136
142
146
139
142
118
148
123
218
169
171
185
243
169
217
187
123
145
124
132
124
143
127
154
176
148
141
125
118
113
222
150
156
142
123
125
118
186
190
125
125
143
127
133
116
114
113
138
130
125
143
125
174
144
131
111
160
123
132
115
112
111
136
112
119
109
132
114
114
137
169
116
111
113
137
135
112
122
126
110
116
110
131
113
111
161
140
139
134
186
144
204
158
186
203
159
161
205
140
257
143
136
112
138
233
116
130
146
179
130
132
167
128
121
121
123
118
148
121
143
112
133
114
164
123
114
128
113
126
129
119
156
140
126
115
113
128
115
143
117
111
124
275
111
164
172
194
175
198
154
157
161
146
154
153
140
162
155
157
159
142
214
210
329
189
129
140
310
118
133
140
146
180
139
152
135
118
116
130
176
147
164
169
118
127
136
133
132
121
143
126
256
143
147
128
144
261
251
327
262
136
143
158
157
128
152
126
248
133
130
294
174
169
166
120
269
127
114
137
148
154
136
167
119
139
127
132
180
197
140
132
139
126
127
117
147
119
159
130
129
126
125
139
152
125
125
111
129
195
134
176
142
140
142
128
220
166
157
168
139
180
129
148
174
134
114
137
127
132
160
342
126
149
143
115
141
140
133
164
166
131
144
150
128
173
166
160
137
133
131
196
161
152
130
121
117
120
158
120
149
301
127
152
129
186
139
153
121
121
135
143
122
138
117
133
139
158
116
129
136
142
119
132
114
156
160
141
161
140
120
142
195
397
131
146
131
128
117
130
153
154
255
183
131
142
121
124
184
144
161
190
139
121
125
116
130
196
140
134
136
119
161
130
126
140
212
185
227
195
176
146
142
121
118
113
125
165
135
127
124
117
138
159
113
124
126
129
159
146
116
117
117
123
119
115
121
129
146
164
158
149
178
223
148
147
119
132
117
141
119
116
254
150
130
119
212
154
179
298
215
156
145
114
119
144
163
128
137
148
147
151
125
125
141
147
126
133
129
134
134
136
163
133
128
119
120
122
356
125
135
172
170
130
139
129
126
129
133
133
129
122
137
191
136
126
125
142
123
120
131
130
120
161
120
135
154
152
132
146
149
124
140
151
117
127
218
174
170
187
140
150
139
146
166
123
141
136
151
137
198
137
128
134
149
167
130
302
174
125
124
123
117
172
151
151
140
146
130
160
121
114
132
145
194
151
166
167
139
176
148
143
130
165
132
171
190
145
147
122
161
121
134
122
149
124
138
145
137
153
138
145
136
116
129
145
181
142
128
143
135
192
138
146
136
253
140
127
129
139
176
119
187
159
137
122
142
175
134
147
166
135
127
118
140
162
193
130
129
126
115
161
128
145
151
137
169
132
131
121
141
126
280
134
181
130
114
129
134
123
193
147
147
124
128
167
116
117
124
139
148
133
144
165
138
119
124
118
127
139
154
157
177
172
121
117
121
117
130
138
111
200
125
119
137
133
273
122
130
160
145
149
162
158
152
159
123
122
166
144
131
126
150
249
243
151
125
127
135
126
236
128
122
156
140
203
170
151
157
222
123
120
121
189
147
146
132
119
132
157
129
154
172
188
130
136
152
129
136
152
147
121
145
124
116
155
134
117
146
115
117
133
117
118
147
121
116
124
112
117
137
119
115
114
117
116
143
136
192
123
141
123
131
144
114
159
161
133
252
152
112
138
139
138
121
118
117
115
118
115
113
119
134
114
157
114
115
110
137
143
144
148
182
131
129
112
127
118
118
119
130
120
118
141
136
149
169
220
169
155
190
209
263
161
222
164
161
175
155
176
123
158
191
130
156
187
122
158
170
121
129
195
178
120
152
117
115
115
110
119
110
116
117
126
118
146
129
139
170
152
137
148
140
165
137
209
123
143
127
167
152
176
281
172
141
183
130
132
134
125
233
142
298
150
128
136
148
126
181
162
161
137
149
125
139
134
166
147
186
177
196
176
173
153
144
164
167
162
166
136
143
170
168
136
153
118
143
139
135
169
159
155
168
138
139
143
142
135
119
140
134
137
160
153
135
158
126
121
127
152
243
205
126
161
123
168
175
134
141
176
144
135
144
127
147
120
113
130
139
178
128
129
149
123
125
133
144
121
224
149
141
159
156
148
135
128
148
138
125
143
133
121
164
152
167
154
172
139
161
206
171
166
153
166
143
131
123
149
118
130
145
120
159
144
173
146
135
121
135
123
122
140
133
133
119
155
205
152
160
152
148
137
123
141
184
139
161
130
148
141
138
165
158
158
141
139
167
128
138
132
127
160
143
129
147
139
149
127
163
119
117
128
144
143
199
123
146
144
135
119
128
123
131
130
126
120
117
129
135
133
118
151
127
124
125
118
125
113
169
155
139
192
198
150
126
138
123
120
117
185
120
135
123
117
126
117
121
121
136
121
139
135
117
143
120
121
128
137
114
135
137
173
134
136
126
145
117
141
133
136
135
134
116
140
119
142
129
144
122
129
136
138
118
120
139
118
150
118
123
139
120
120
118
119
144
141
121
132
134
138
126
128
145
135
116
116
117
157
131
151
183
126
121
124
123
135
136
119
140
122
140
117
117
178
135
170
114
118
141
117
113
124
119
132
120
128
205
125
119
129
157
136
122
140
122
166
129
122
143
210
161
207
178
258
148
129
118
149
116
148
134
132
119
131
145
162
128
136
292
136
120
143
123
125
130
123
162
