377.7,0.1,0.1,0.1,0.2
385.3,0.2,0.2,0.1,0.1
378.6,0.2,0.1,0.1,0.1
715.6,0.2,0.1,0.1,0.2
387.4,0.2,0.2,0.1,0.1
378.6,0.1,0.2,0.1,0.1
379,0.2,0.1,0.1,0.1
393.3,0.2,0.1,0.2,0.1
378.9,0.1,0.2,0.1,0.1
378.6,0.2,0.1,0.2,0.1
387.3,0.2,0.1,0.1,0.1
374.9,0.2,0.1,0.1,0.1
391,0.2,0.1,0.2,0.1
377.1,0.2,0.2,0.1,0.1
376.8,0.1,0.2,0.1,0.1
382.5,0.2,0.1,0.2,0.2
376.7,0.1,0.2,0.1,0.1
378.9,0.2,0.1,0.1,0.1
378,0.1,0.1,0.1,0.2
382.4,0.2,0.1,0.2,0.1
378.6,0.3,0.2,0.1,0.1
385.3,0.1,0.1,0.1,0.2
436.9,0.2,0.1,0.2,0.1
386.2,0.2,0.1,0.2,0.1
379.5,0.2,0.1,0.1,0.2
393.1,0.2,0.2,0.1,0.1
383.2,0.2,0.1,0.2,0.1
380.7,0.1,0.1,0.2,0.1
383.2,0.2,0.2,0.1,0.1
379.6,0.2,0.2,0.1,0.1
388,0.2,0.2,0.1,0.1
379,0.2,0.1,0.2,0.1
374.5,0.2,0.1,0.1,0.2
401.4,0.1,0.1,0.1,0.1
378.4,0.2,0.1,0.1,0.2
390.6,0.1,0.1,0.2,0.1
377.1,0.2,0.1,0.1,0.1
377.6,0.2,0.1,0.1,0.2
377.7,0.1,0.1,0.1,0.1
378.3,0.2,0.1,0.2,0.1
376.9,0.2,0.2,0.1,0.1
382.2,0.2,0.2,0.1,0.1
382,0.2,0.2,0.1,0.1
381.1,0.2,0.1,0.2,0.1
380.4,0.2,0.1,0.2,0.1
379.7,0.1,0.1,0.1,0.2
381.1,0.2,0.1,0.1,0.2
379.9,0.2,0.1,0.1,0.2
381.8,0.1,0.1,0.2,0.1
383.5,0.2,0.1,0.2,0.1
377.5,0.2,0.2,0.1,0.1
379.5,0.1,0.2,0.1,0.1
380.5,0.2,0.1,0.1,0.2
380.6,0.1,0.2,0.1,0.1
374.9,0.2,0.1,0.1,0.2
377.4,0.2,0.1,0.1,0.1
400.5,0.2,0.1,0.2,0.1
433.7,0.1,0.2,0.1,0.1
376.9,0.2,0.1,0.2,0.1
420.6,0.2,0.1,0.2,0.1
1152.5,0.2,0.1,0.1,0.1
382.7,0.2,0.1,0.1,0.1
386.6,0.1,0.1,0.1,0.1
377,0.1,0.2,0.1,0.1
386.9,0.1,0.1,0.2,0.1
379.6,0.1,0.2,0.1,0.1
379.7,0.1,0.1,0.1,0.1
379.3,0.2,0.1,0.2,0.1
404.5,0.2,0.2,0.2,0.1
385.7,0.2,0.1,0.2,0.1
386.4,0.2,0.1,0.2,0.2
386.2,0.3,0.2,0.2,0.2
741,0.2,0.1,0.2,0.1
384.6,0.2,0.1,0.2,0.2
823.4,0.2,0.2,0.2,0.2
400.9,0.2,0.1,0.2,0.1
385.5,0.2,0.2,0.1,0.1
402.6,0.5,0.2,0.2,10.5
397.2,0.2,0.1,0.1,0.1
394,0.2,0.2,0.1,0.1
381.7,0.2,0.4,0.1,0.2
401.1,0.2,0.2,0.1,0.1
380.8,0.2,0.1,0.2,0.1
420.2,0.2,0.1,0.2,0.2
393.1,0.1,0.1,0.2,0.1
379,0.1,0.1,0.1,0.1
385,0.1,0.2,0.1,0.1
383.2,0.1,0.2,0.1,0.1
383.1,0.2,0.1,0.1,0.1
378.8,0.2,0.2,0.2,0.1
378.5,0.2,0.1,0.1,0.1
376.7,0.2,0.1,0.2,0.1
383.9,0.2,0.1,0.1,0.1
378,0.2,0.1,0.2,0.1
379.9,0.1,0.1,0.1,0.1
374.5,0.2,0.1,0.1,0.1
379.8,0.2,0.2,0.1,0.1
378.4,0.2,0.1,0.1,0.2
378.4,0.2,0.1,0.2,0.1
389.5,0.1,0.1,0.1,0.1
392.3,0.4,0.3,0.2,0.3
415.5,0.1,0.1,0.2,0.1
396,0.2,0.1,0.1,0.2
385.8,0.2,0.1,0.1,0.2
384.9,0.2,0.2,0.1,0.1
380.3,0.1,0.1,0.1,0.2
392.4,0.2,0.1,0.1,0.1
393.4,0.2,0.2,0.1,0.1
378.5,0.2,0.2,0.1,0.1
1209.4,0.2,0.1,0.2,0.1
385.6,0.2,0.1,0.1,0.2
380.6,0.2,0.1,0.1,0.1
389.5,0.2,0.1,0.1,0.2
381.1,0.1,0.2,0.1,0.1
395.9,0.2,0.1,0.2,0.1
378.9,0.2,0.1,0.2,0.1
382.7,0.2,0.1,0.1,0.1
414.1,0.2,0.1,0.2,0.1
393,0.2,0.1,0.1,0.1
377,0.2,0.1,0.1,0.1
404.3,0.2,0.2,0.2,0.1
396.5,0.2,0.1,0.1,0.1
380.3,0.1,0.1,0.2,0.1
389.9,0.1,0.1,0.2,0.1
380.8,0.2,0.1,0.2,0.1
378.3,0.1,0.1,0.1,0.2
394.2,0.3,0.1,0.1,0.1
406.6,0.2,0.1,0.2,0.1
395.1,0.2,0.1,0.1,0.2
392.5,0.1,0.1,0.1,0.2
381.5,0.2,0.1,0.1,0.2
403.7,0.1,0.2,0.1,0.1
378.8,0.2,0.1,0.1,0.1
378,0.2,0.1,0.2,0.1
399.4,0.2,0.1,0.2,0.1
397.6,0.1,0.2,0.1,0.1
389.2,0.2,0.1,0.2,0.1
393.6,0.2,0.2,0.1,0.1
399.7,0.2,0.1,0.2,0.1
390.1,0.2,0.1,0.2,0.1
381.7,0.2,0.1,0.1,0.2
382.3,0.2,0.1,0.1,0.2
1117.6,0.2,0.1,0.2,0.1
443,0.2,0.1,0.2,0.1
384.2,0.2,0.1,0.1,0.1
381.7,0.2,0.1,0.2,0.1
402.4,0.2,0.2,0.1,0.1
400.1,0.2,0.1,0.2,0.1
380.6,0.2,0.1,0.1,0.1
383.9,0.1,0.1,0.1,0.2
382.7,0.2,0.1,0.2,0.1
383.9,0.2,0.1,0.1,0.1
403.5,0.1,0.1,0.2,0.1
738.8,0.2,0.1,0.1,0.2
381.8,0.2,0.1,0.1,0.2
385.7,0.2,0.1,0.2,0.1
379.5,0.2,0.1,0.2,0.1
383.8,0.2,0.1,0.1,0.2
382.9,0.1,0.2,0.1,0.1
398.9,0.2,0.1,0.1,0.1
395.2,0.1,0.1,0.1,0.1
383.6,0.2,0.1,0.2,0.1
395.9,0.2,0.1,0.2,0.1
391.8,0.2,0.1,0.1,0.2
1003.1,0.1,0.1,0.1,0.1
380,0.2,0.1,0.2,0.1
391,0.2,0.2,0.1,0.1
382.9,0.2,0.2,0.1,0.1
383.5,0.2,0.1,0.1,0.2
384,0.2,0.1,0.1,0.2
393.3,0.2,0.1,0.2,0.1
405,0.2,0.1,0.1,0.1
397.2,0.2,0.2,0.1,0.1
378.4,0.2,0.1,0.2,0.1
379.2,0.2,0.2,0.1,0.1
382.9,0.2,0.1,0.1,0.1
392.2,0.1,0.2,0.1,0.1
380.2,0.2,0.1,0.2,0.1
381.3,0.2,0.1,0.1,0.1
380.9,0.2,0.1,0.1,0.1
383.4,0.1,0.1,0.1,0.1
378,0.2,0.1,0.1,0.1
382.5,0.2,0.1,0.1,0.1
385.8,0.2,0.1,0.2,0.1
384.4,0.2,0.1,0.1,0.1
378.5,0.2,0.1,0.1,0.1
378.6,0.2,0.1,0.1,0.2
405.9,0.2,0.1,0.1,0.1
392.6,0.2,0.1,0.2,0.1
382.9,0.2,0.2,0.1,0.1
382.8,0.2,0.1,0.2,0.1
379.4,0.2,0.1,0.1,0.2
379.8,0.1,0.1,0.1,0.2
378.1,0.2,0.1,0.2,0.1
382.4,0.1,0.1,0.1,0.1
414.4,0.2,0.1,0.2,0.1
391.4,0.2,0.1,0.2,0.1
378.3,0.1,0.1,0.1,0.1
385.5,0.2,0.1,0.2,0.1
395.4,0.2,0.2,0.1,0.1
377.6,0.1,0.1,0.2,0.1
418.4,0.2,0.1,0.1,0.2
382.5,0.2,0.1,0.2,0.1
380,0.1,0.1,0.1,0.2
376.2,0.1,0.1,0.1,0.1
374,0.2,0.1,0.2,0.1
383.3,0.2,0.1,0.2,0.2
377.3,0.2,0.1,0.1,0.2
375.1,0.2,0.1,0.2,0.2
372.7,0.1,0.1,0.1,0.1
402.1,0.2,0.1,0.2,0.1
388.7,0.1,0.1,0.1,0.2
377.7,0.2,0.2,0.2,0.1
378.8,0.2,0.1,0.1,0.1
378.9,0.2,0.1,0.1,0.2
381.8,0.1,0.1,0.1,0.1
383.7,0.2,0.1,0.1,0.2
378.3,0.2,0.1,0.1,0.1
379.2,0.1,0.1,0.1,0.2
380.5,0.2,0.1,0.2,0.1
379.3,0.2,0.1,0.1,0.1
376,0.1,0.1,0.1,0.1
381.2,0.2,0.1,0.1,0.1
376.3,0.2,0.1,0.1,0.2
379.1,0.2,0.2,0.1,0.1
374.1,0.2,0.2,0.1,0.1
378.7,0.1,0.1,0.1,0.2
379.6,0.2,0.2,0.2,0.1
377,0.2,0.1,0.2,0.1
377,0.2,0.1,0.1,0.1
382.8,0.2,0.1,0.2,0.1
378.1,0.1,0.1,0.1,0.1
378,0.2,0.1,0.2,0.1
377.1,0.2,0.1,0.2,0.1
384.3,0.2,0.1,0.2,0.1
378.2,0.2,0.1,0.2,0.1
372.8,0.2,0.1,0.2,0.1
374.7,0.1,0.2,0.1,0.1
384.3,0.2,0.1,0.2,0.2
376.5,0.2,0.2,0.1,0.1
385.5,0.2,0.1,0.1,0.1
375.1,0.2,0.1,0.2,0.2
382.8,0.2,0.1,0.1,0.1
399,0.2,0.1,0.2,0.1
378.7,0.2,0.1,0.1,0.2
372.8,0.2,0.2,0.2,0.1
398.7,0.2,0.2,0.1,0.1
379.1,0.2,0.1,0.1,0.1
382.8,0.2,0.1,0.1,0.2
383.7,0.2,0.1,0.1,0.2
384,0.2,0.2,0.2,0.1
378.3,0.2,0.1,0.1,0.2
378.6,0.2,0.1,0.2,0.1
374.1,0.1,0.1,0.1,0.1
386.1,0.1,0.1,0.1,0.1
383,0.2,0.1,0.1,0.2
3883.5,0.2,0.1,0.2,0.1
5926.6,0.2,0.1,0.2,0.1
5984.7,0.2,0.1,0.2,0.1
4083.4,0.2,0.1,0.2,0.1
4024.6,0.2,0.2,0.1,0.1
4036.6,0.3,0.1,0.1,0.2
4140.6,0.2,0.1,0.1,0.2
6437.2,0.2,0.2,0.2,0.2
6788.6,0.4,0.2,0.3,0.2
4627.5,0.2,0.1,0.2,0.1
342.6,0.4,0.3,0.4,0.2
331.7,0.2,0.1,0.3,0.1
332.5,0.2,0.2,0.2,0.1
316.8,0.1,0.1,0.1,0.2
345.2,0.2,0.2,0.1,0.1
310,1.6,1.1,1.1,1
308.8,0.2,0.1,0.1,0.1
322.2,0.2,0.2,0.1,0.1
321.6,0.2,0.2,0.1,0.1
313.2,0.2,0.1,0.2,0.1
312.8,0.2,0.1,0.2,0.1
355,0.2,0.2,0.2,0.1
322.7,0.2,0.1,0.1,0.2
314.4,0.1,0.1,0.2,0.1
311.4,0.1,0.1,0.1,0.2
484.1,0.2,0.1,0.2,0.1
330.2,0.2,0.1,0.1,0.1
315.8,0.3,0.3,0.3,0.3
313,0.1,0.1,0.2,0.1
313,0.2,0.1,0.1,0.1
312.9,0.2,0.2,0.2,0.1
312.6,0.4,0.2,0.2,0.3
333.3,0.2,0.1,0.1,0.1
321.9,0.1,0.1,0.2,0.1
316.7,0.2,0.1,0.2,0.1
335.5,0.2,0.1,0.2,0.1
313.1,0.2,0.1,0.2,0.2
318.9,0.2,0.1,0.1,0.1
334,0.4,0.3,0.3,0.3
313,0.2,0.1,0.1,0.1
318.6,0.1,0.1,0.1,0.1
354.4,0.4,0.3,0.3,0.2
330.5,0.2,0.1,0.1,0.2
316.5,0.2,0.1,0.2,0.1
327.1,0.2,0.1,0.2,0.1
319.7,0.2,0.1,0.2,0.1
318.5,0.2,0.1,0.2,0.1
319,0.2,0.1,0.1,0.2
309.6,0.2,0.2,0.1,0.1
311.4,0.2,0.2,0.2,0.1
306.7,0.2,0.1,0.2,0.1
311.7,0.2,0.1,0.2,0.1
323.2,0.2,0.1,0.1,0.2
309.5,0.1,0.1,0.1,0.1
327,0.2,0.1,0.2,0.1
318.9,1.1,0.2,0.2,0.6
311.4,0.4,0.3,0.3,0.3
328,0.2,0.1,0.1,0.1
332.1,10.6,0.1,0.2,0.1
309.3,0.2,0.1,0.2,0.2
335.1,0.2,0.2,0.1,0.1
311.9,0.1,0.1,0.1,0.1
321.2,0.2,0.1,0.1,0.2
310.3,0.2,0.1,0.2,0.1
307.1,0.2,0.1,0.2,0.1
330.2,0.1,0.1,0.1,0.1
348.5,0.3,0.1,0.2,0.1
324.1,0.1,0.2,0.1,0.1
308.5,0.1,0.2,0.1,0.1
307.7,0.2,0.1,0.1,0.2
309.6,0.2,0.1,0.2,0.2
334.8,0.1,0.1,0.1,0.1
330,0.2,0.1,0.1,0.1
340.3,0.1,0.1,0.1,0.1
322.1,0.2,0.1,0.1,0.1
312.8,0.1,0.1,0.1,0.2
307.5,0.2,0.1,0.2,0.1
307.8,0.2,0.2,0.1,0.1
357.2,0.2,0.1,0.1,0.2
319.4,0.2,0.2,0.2,0.2
314.5,0.2,0.1,0.2,0.1
305.6,0.2,0.1,0.1,0.1
316,0.2,0.1,0.1,0.1
309.4,0.1,0.2,0.1,0.1
310,0.2,0.1,0.1,0.1
336.7,0.2,0.2,0.1,0.1
331.3,0.2,0.1,0.2,0.1
310,0.2,0.1,0.1,0.1
317.1,0.1,0.1,0.1,0.1
701.7,0.1,0.2,0.1,0.1
313.2,0.2,0.1,0.2,0.1
310.9,0.2,0.1,0.1,0.2
318.3,0.1,0.1,0.1,0.2
320.2,0.1,0.1,0.1,0.2
322.3,0.2,0.1,0.1,0.1
325.5,0.1,0.2,0.1,0.1
312.9,0.2,0.1,0.1,0.2
469.7,0.2,0.2,0.2,0.1
313.9,0.2,0.1,0.1,0.1
325.5,0.1,0.1,0.2,0.1
315.1,0.2,0.2,0.1,0.1
319.2,0.2,0.2,0.2,0.1
322.5,0.2,0.1,0.1,0.2
311.3,0.2,0.1,0.1,0.1
317.7,0.2,0.1,0.2,0.1
344.4,0.2,0.1,0.1,0.2
337.1,0.2,0.1,0.1,0.2
331.3,0.3,0.2,0.2,0.1
332,0.1,0.2,0.1,0.1
315,0.1,0.1,0.1,0.1
313.6,0.2,0.2,0.2,0.1
312.2,0.2,0.1,0.2,0.1
318,0.2,0.2,0.1,0.1
330.2,0.2,0.1,0.1,0.1
338.9,0.3,0.1,0.1,0.1
334.8,0.2,0.1,0.1,0.1
319,0.2,0.1,0.1,0.1
309.1,0.2,0.1,0.1,0.2
308.8,0.2,0.1,0.1,0.2
323,0.2,0.1,0.1,0.1
317.4,0.1,0.1,0.1,0.1
308.8,0.2,0.2,0.1,0.1
329.6,0.2,0.1,0.1,0.2
321,0.2,0.1,0.2,0.1
327.2,0.2,0.1,0.2,0.2
317,0.2,0.2,0.1,0.1
308.1,0.1,0.1,0.1,0.2
311.8,0.2,0.1,0.1,0.2
311.4,0.1,0.1,0.1,0.2
305.6,0.1,0.1,0.1,0.1
326.1,0.1,0.2,0.1,0.1
336.4,0.1,0.1,0.2,0.1
329.3,0.2,0.1,0.1,0.1
311,0.1,0.1,0.1,0.2
443.9,0.2,0.1,0.2,0.1
313.3,0.2,0.1,0.1,0.2
310.4,0.2,0.1,0.1,0.1
310,0.2,0.2,0.1,0.1
326.2,0.3,0.2,0.2,0.2
311.6,0.1,0.1,0.1,0.1
603.6,0.2,0.1,0.1,0.1
310.9,0.2,0.2,0.1,0.1
339.4,0.1,0.1,0.1,0.1
322.8,0.1,0.1,0.1,0.2
319.1,0.2,0.2,0.1,0.1
306.5,0.2,0.1,0.1,0.2
530.5,0.2,0.1,0.2,0.1
309.2,0.1,0.1,0.1,0.4
320.8,0.2,0.1,0.1,0.1
324.5,0.2,0.3,0.1,0.1
316,0.2,0.1,0.2,0.1
324.5,0.2,0.1,0.1,0.1
332.4,0.3,0.4,0.2,0.3
326.7,0.2,0.2,0.2,0.1
318.7,0.2,0.1,0.1,0.1
316.4,0.2,0.1,0.1,0.2
309,0.1,0.1,0.1,0.2
311.4,0.2,0.1,0.1,0.2
305.7,0.2,0.1,0.1,0.1
304.2,0.2,0.1,0.2,0.1
332.7,0.2,0.2,0.2,0.1
325.9,0.2,0.1,0.1,0.2
309.8,0.2,0.1,0.1,0.1
309.4,0.2,0.1,0.2,0.1
324.6,0.2,0.2,0.2,0.1
311.6,0.2,0.1,0.1,0.2
321.6,0.2,0.2,0.1,0.1
324,0.2,0.1,0.2,0.1
330.2,0.2,0.1,0.1,0.1
323,0.2,0.1,0.2,0.1
305.5,0.1,0.1,0.1,0.1
329.2,0.2,0.1,0.2,0.1
310.1,0.2,0.1,0.1,0.1
307.3,0.2,0.1,0.1,0.2
304.2,0.1,0.1,0.1,0.1
322.3,0.2,0.1,0.1,0.2
305.9,0.2,0.1,0.1,0.2
332.4,0.2,0.1,0.1,0.2
332.5,0.1,0.1,0.1,0.1
319,0.2,0.1,0.1,9.5
357.8,0.2,0.1,0.1,0.2
317.7,0.2,0.2,0.1,0.1
309.5,0.1,0.1,0.1,0.2
311,0.2,0.1,0.1,0.1
350.1,0.2,0.2,0.1,0.1
325.2,0.1,0.1,0.1,0.1
306.2,0.2,0.2,0.2,0.1
519.2,0.2,0.1,0.1,0.2
332.8,0.2,0.1,0.1,0.1
310.1,0.2,0.1,0.1,0.2
307.9,0.2,0.1,0.1,0.2
437.4,0.1,0.2,0.1,0.1
329.4,0.1,0.1,0.1,0.2
310.3,0.2,0.1,0.2,0.1
305.8,0.2,0.1,0.2,0.1
536.3,0.2,0.1,0.1,0.1
326.1,0.2,0.1,0.1,0.1
309.2,0.1,0.2,0.1,0.1
326.8,0.2,0.1,0.2,0.1
335.1,0.2,0.1,0.2,0.2
324.5,0.2,0.1,0.1,0.2
329.4,0.1,0.1,0.1,0.2
312.7,0.2,0.1,0.1,0.1
311.8,0.2,0.1,0.1,0.1
336.9,0.2,0.2,0.2,0.1
311.5,0.2,0.1,0.1,0.2
307,0.1,0.1,0.1,0.1
307.7,0.2,0.1,0.2,0.1
310.2,0.1,0.1,0.1,0.1
306.7,0.2,0.1,0.1,0.1
328.4,0.1,0.2,0.2,0.1
329.2,0.2,0.2,0.2,0.1
332,0.1,0.1,0.2,0.1
314,0.2,0.1,0.2,0.1
330.1,0.2,0.1,0.2,0.1
320.6,0.2,0.1,0.2,0.1
323.1,0.2,0.2,0.1,0.1
309.5,0.2,0.1,0.2,0.1
327.4,0.2,0.2,0.1,0.1
329.7,0.2,0.1,0.1,0.2
326.6,0.1,0.1,0.2,0.1
312.2,0.2,0.1,0.2,0.1
319.3,0.2,0.1,0.1,0.1
321.2,0.2,0.2,0.2,0.1
308.9,0.2,0.1,0.2,0.1
309.3,0.2,0.1,0.2,0.2
318.5,0.2,0.2,0.1,0.1
341.8,0.2,0.1,0.2,0.1
314.3,0.2,0.1,0.1,0.2
315.8,0.3,0.2,0.1,0.2
311.8,0.1,0.1,0.1,0.2
325.8,0.2,0.1,0.2,0.1
313,0.2,0.1,0.1,0.2
306.2,0.1,0.1,0.2,0.1
467.5,0.1,0.2,0.1,0.1
331.3,0.1,0.1,0.2,0.1
315.8,0.2,0.1,0.1,0.1
328.8,0.1,0.1,0.1,0.2
330.3,0.1,0.1,0.2,0.1
306.9,0.2,0.1,0.2,0.1
313.4,0.2,0.1,0.1,0.2
310.7,0.1,0.1,0.1,0.1
317.5,0.2,0.1,0.2,0.1
310.4,0.2,0.1,0.1,0.2
307.9,0.2,0.1,0.2,0.1
352.4,0.2,0.2,0.1,0.1
317.1,0.2,0.1,0.1,0.1
312.9,0.2,0.2,0.1,0.1
322.5,0.1,0.1,0.1,0.1
347.4,0.2,0.2,0.1,0.1
317.9,0.1,0.1,0.1,0.2
306.4,0.1,0.1,0.1,0.2
328,0.2,0.1,0.1,0.1
328.7,0.2,0.1,0.2,0.1
319.1,0.2,0.2,0.1,0.1
306.1,0.1,0.1,0.1,0.1
317,0.2,0.1,0.2,0.1
336.9,0.2,0.1,0.2,0.1
315.5,0.3,0.2,0.1,0.2
316.8,0.2,0.2,0.1,0.1
313,0.2,0.2,0.2,0.1
310.8,0.2,0.2,0.2,0.2
317,0.2,0.1,0.1,0.1
307.7,0.2,0.2,0.1,0.1
323.6,0.1,0.1,0.1,0.1
337.1,0.4,0.4,0.3,0.3
318.9,0.2,0.1,0.1,0.2
309.4,0.2,0.1,0.1,0.2
442.7,0.2,0.1,0.1,0.2
327.3,0.1,0.1,0.1,0.1
356.6,0.3,0.3,0.3,0.2
317.5,0.2,0.1,0.1,0.1
342.2,0.2,0.1,0.1,0.2
459.3,0.2,0.1,0.2,0.1
315.1,0.1,0.1,0.2,0.1
313.1,0.2,0.1,0.1,0.2
341.3,0.2,0.1,0.2,0.1
353.5,0.2,0.1,0.1,0.2
341.2,0.2,0.1,0.1,0.1
342.4,0.2,0.1,0.1,0.1
315.5,0.2,0.2,0.2,0.1
317.3,0.2,0.1,0.1,0.1
306.2,0.2,0.1,0.1,0.1
322.3,0.2,0.1,0.1,0.2
315,0.2,0.1,0.2,0.1
331.8,0.2,0.1,0.2,0.1
317.7,0.4,1.1,1.1,1.1
527,0.3,0.2,0.4,0.2
314.5,0.1,0.2,0.2,0.2
307.9,0.2,0.2,0.1,0.2
743.3,0.2,0.1,0.1,0.1
318.6,0.2,0.2,0.1,0.1
313.9,0.2,0.1,0.2,0.1
343.1,0.2,0.2,0.2,0.1
327,0.7,0.3,0.3,0.4
314,0.2,0.1,0.2,0.1
307.2,0.2,0.1,0.1,0.1
309.4,0.2,0.2,0.1,0.1
329.5,0.2,0.2,0.2,0.2
324.1,0.2,0.1,0.1,0.1
347.1,0.2,0.1,0.2,0.1
317.4,0.7,0.5,0.4,2.4
326.5,0.2,0.1,0.1,0.2
309.4,0.3,0.2,0.2,0.1
319.2,0.2,0.2,0.2,0.1
334.3,0.2,0.1,0.3,0.2
348.7,0.2,0.1,0.1,0.2
345,0.3,0.2,0.2,0.2
318.6,0.5,0.2,0.2,0.2
309.9,0.2,0.1,0.1,0.1
337.5,0.4,0.2,0.3,0.3
320.4,0.2,0.1,0.2,0.1
309.7,0.2,0.1,0.1,0.2
487.1,0.2,0.3,0.1,0.1
338.9,0.1,0.2,0.2,0.2
317.9,0.2,0.1,0.1,0.1
646,0.2,0.2,0.1,0.1
316.5,0.3,0.2,0.2,0.2
313.9,0.2,0.1,0.1,0.2
333.5,0.1,0.1,0.1,0.1
312.7,0.2,0.1,0.2,0.1
314.7,0.2,0.1,0.1,0.1
308.9,0.1,0.1,0.1,0.2
642.8,0.1,0.1,0.2,0.1
327.1,0.4,0.2,0.4,0.3
314.2,0.2,0.1,0.1,0.2
342.9,0.2,0.1,0.1,0.1
332.5,0.1,0.2,0.1,0.2
314.6,0.2,0.1,0.1,0.1
317.6,0.2,0.1,0.2,0.1
324,0.2,0.1,0.1,0.1
342.4,0.3,0.2,0.2,0.2
310.2,0.2,0.1,0.1,0.1
332.1,0.2,0.1,0.2,0.1
313.3,0.1,0.1,0.1,0.2
321,0.2,0.2,0.2,0.1
318.4,0.2,0.2,0.2,0.1
317,0.6,0.3,0.4,0.2
310.9,0.2,0.1,0.1,0.2
393.4,0.2,0.1,0.2,0.1
325.1,0.2,0.1,0.2,0.1
339,0.1,0.1,0.2,0.1
345.9,0.2,0.1,0.2,0.1
329.6,0.2,0.1,0.1,0.1
312.6,0.2,0.1,0.1,0.1
317.6,0.2,0.2,0.1,0.1
326.8,0.2,0.1,0.1,0.2
311.9,0.3,0.2,0.2,0.1
334.9,0.2,0.1,0.1,0.1
309.6,0.2,0.2,0.2,0.1
345,0.2,0.1,0.2,0.1
313.9,0.2,0.1,0.1,0.2
309.1,0.2,0.2,0.1,0.1
313.5,0.1,0.1,0.1,0.2
310.1,0.1,0.1,0.1,0.1
318.1,0.2,0.1,0.1,0.2
342.8,0.2,0.1,0.1,0.2
315.4,0.2,0.2,0.2,0.1
342.6,0.2,0.1,0.1,0.1
344.2,0.2,0.1,0.1,0.1
332.6,0.2,0.1,0.2,0.1
313.8,0.2,0.1,0.2,0.1
378.9,0.2,0.1,0.1,0.1
332.9,0.1,0.1,0.2,0.2
311.1,0.2,0.1,0.2,0.1
347,0.2,0.1,0.2,0.1
310.8,0.2,0.1,0.2,0.1
316.8,0.2,0.1,0.1,0.1
355.8,0.2,0.1,0.1,0.1
330.8,0.2,0.1,0.1,0.2
319.8,0.1,0.1,0.1,0.1
311.5,0.2,0.1,0.2,0.1
312.1,0.2,0.1,0.2,0.1
311.7,0.2,0.1,0.2,0.1
327,0.2,0.1,0.2,0.1
321.8,0.2,0.1,0.2,0.1
313.9,0.1,0.1,0.1,0.1
308.7,0.1,0.1,0.1,0.2
314.1,0.2,0.1,0.1,0.2
325.1,0.1,0.1,0.1,0.2
313.2,0.2,0.1,0.2,0.1
309.6,0.2,0.1,0.1,0.2
311.3,0.2,0.1,0.2,0.1
309.3,0.1,0.1,0.2,0.1
329.4,0.2,0.1,0.1,0.2
307.6,0.2,0.1,0.1,0.2
313.9,0.2,0.1,0.2,0.1
333.7,0.2,0.1,0.2,0.1
333,0.1,0.1,0.1,0.1
314.1,0.2,0.2,0.1,0.1
633.5,0.2,0.2,0.1,0.1
333.7,0.1,0.1,0.1,0.1
321.5,0.2,0.1,0.1,0.1
310.6,0.2,0.1,0.2,0.1
335.5,0.2,0.2,0.2,0.2
322.8,0.1,0.1,0.2,0.1
323.9,0.1,0.1,0.1,0.2
333.2,0.2,0.1,0.2,0.1
337.7,0.2,0.1,0.1,0.2
334.6,0.1,0.1,0.1,0.1
320.5,0.2,0.1,0.2,0.1
310.7,0.2,0.1,0.2,0.1
326.1,0.2,0.2,0.1,0.1
322.2,0.2,0.1,0.2,0.2
300.3,0.2,0.2,0.1,0.1
342,0.1,0.1,0.1,0.1
305.3,0.2,0.1,0.1,0.1
343.2,0.2,0.2,0.1,0.1
307.1,0.2,0.1,0.2,0.1
317.8,0.2,0.1,0.2,0.1
363.4,0.2,0.1,0.2,0.1
317.1,0.2,0.1,0.1,0.1
353.2,0.1,0.1,0.1,0.1
337.5,0.2,0.1,0.1,0.1
308,0.2,0.1,0.1,0.2
311.4,0.2,0.1,0.1,0.2
307.1,0.2,0.1,0.2,0.1
519.7,0.2,0.1,0.1,0.2
335.3,0.2,0.1,0.1,0.2
311.3,0.2,0.1,0.2,0.1
312.4,0.2,0.1,0.1,0.1
312.4,0.2,0.1,0.1,0.1
315.5,0.2,0.1,0.2,0.1
309.2,0.2,0.1,0.1,0.2
311.2,0.2,0.1,0.2,0.1
329.7,0.2,0.1,0.2,0.1
311.4,0.1,0.1,0.1,0.1
309.7,0.1,0.1,0.1,0.1
305.3,0.2,0.1,0.1,0.1
334,0.2,0.1,0.2,0.1
314.9,0.2,0.1,0.1,0.2
309.4,0.1,0.1,0.1,0.2
305.7,0.2,0.2,0.2,0.1
331.6,0.2,0.2,0.2,0.1
326,0.2,0.1,0.1,0.2
307.5,0.2,0.2,0.1,0.1
310.3,0.2,0.1,0.1,0.1
320.5,0.1,0.1,0.2,0.1
331.1,0.2,0.1,0.1,0.2
310.8,0.2,0.1,0.1,0.1
309.1,0.2,0.1,0.2,0.1
306.7,0.2,0.1,0.2,0.1
329.8,0.2,0.2,0.1,0.1
319.5,0.2,0.2,0.1,0.1
306,0.2,0.1,0.1,0.2
328.3,0.2,0.1,0.2,0.1
321.7,0.2,0.1,0.1,0.2
330.7,0.1,0.2,0.1,0.1
319.6,0.2,0.1,0.2,0.1
320.1,0.2,0.1,0.2,0.2
307.2,0.1,0.2,0.1,0.1
305.2,0.2,0.2,0.1,0.1
322.3,0.2,0.1,0.1,0.1
684.7,0.2,0.1,0.2,0.2
308.6,0.2,0.1,0.1,0.2
333.5,0.2,0.1,0.1,0.1
306.7,0.2,0.1,0.1,0.2
954.2,0.2,0.1,0.2,0.1
325.1,0.2,0.2,0.1,0.1
315.1,0.2,0.1,0.2,0.1
306,0.2,0.1,0.2,0.1
543.8,0.1,0.1,0.1,0.2
327.8,0.2,0.1,0.1,0.2
317.1,0.2,0.1,0.2,0.1
305.8,0.2,0.1,0.2,0.1
652.7,0.2,0.1,0.1,0.1
332.1,0.2,0.1,0.2,0.1
337.6,0.2,0.1,0.2,0.1
318.1,0.2,0.1,0.1,0.1
310.9,0.2,0.2,0.2,0.1
332.9,0.1,0.1,0.1,0.1
310.8,0.2,0.1,0.2,0.1
324.9,0.2,0.2,0.2,0.1
320.3,1,0.2,0.2,0.3
330.1,0.2,0.1,0.2,0.1
309.1,0.1,0.2,0.1,0.1
331.9,0.2,0.1,0.2,0.1
308.3,0.2,0.1,0.2,0.1
341.3,0.2,0.1,0.2,0.1
328.3,0.2,0.1,0.1,0.1
335.7,0.2,0.1,0.2,0.1
330.7,0.2,0.1,0.2,0.1
317.4,0.2,0.1,0.2,0.1
309.9,0.2,0.1,0.1,0.1
306.3,0.2,0.1,0.1,0.2
330.8,0.2,0.1,0.1,0.2
325.6,0.2,0.1,0.2,0.2
322.8,0.2,0.1,0.2,0.1
310.5,0.1,0.1,0.1,0.2
338.5,0.2,0.1,0.2,0.1
321.6,0.2,0.1,0.2,0.1
310.4,0.2,0.1,0.2,0.1
306.6,0.1,0.2,0.1,0.1
310.7,0.2,0.1,0.1,0.1
310.1,0.2,0.2,0.1,0.1
314.6,0.1,0.1,0.1,0.1
322.3,0.2,0.1,0.1,0.1
358.8,0.2,0.2,0.1,0.1
307.3,0.2,0.1,0.1,0.2
305.8,0.1,0.2,0.1,0.1
302.1,0.1,0.1,0.1,0.2
697.1,0.1,0.2,0.1,0.1
305.1,0.1,0.1,0.1,0.1
310.4,0.2,0.1,0.2,0.1
305,0.1,0.1,0.1,0.1
301.7,0.2,0.1,0.1,0.1
614.1,0.2,0.1,0.2,0.1
329.5,0.1,0.2,0.1,0.2
318.8,0.2,0.1,0.1,0.2
325.2,0.2,0.2,0.1,0.1
310.3,0.3,0.2,0.1,0.2
308.6,0.2,0.1,0.1,0.2
4615.8,0.5,0.2,0.2,0.2
4043.1,0.2,0.1,0.1,0.2
4141.1,0.2,0.1,0.1,0.1
4169.5,0.2,0.1,0.1,0.2
3971.9,0.2,0.1,0.1,0.2
3800.3,0.1,0.1,0.2,0.1
5787.8,0.1,0.1,0.1,0.1
5945.9,0.2,0.1,0.1,0.2
6883.4,0.1,0.1,0.1,0.1
4444.8,0.2,0.1,0.1,0.1
4021.3,0.2,0.2,0.2,0.1
3859.8,0.2,0.1,0.2,0.1
3830.8,0.2,0.1,0.1,0.1
7817,0.2,0.2,0.5,0.2
314.4,0.3,0.1,0.2,0.2
309.3,0.2,0.2,0.1,0.1
338.9,0.1,0.1,0.2,0.1
313.4,0.2,0.1,0.1,0.2
308.3,0.2,0.1,0.2,0.1
422.6,0.2,0.1,0.1,0.2
331.2,0.2,0.1,0.1,0.1
320.8,0.2,0.1,0.1,0.2
312.1,0.2,0.1,0.1,0.2
312.8,0.2,0.1,0.1,0.1
320.1,0.2,0.1,0.1,0.1
318.5,0.2,0.1,0.1,0.2
311,0.1,0.1,0.2,0.1
316.8,0.3,0.1,0.1,0.4
312.7,0.2,0.2,0.2,0.1
333.9,0.2,0.1,0.2,0.1
332.6,0.1,0.1,0.1,0.1
364.7,0.2,0.1,0.1,0.2
318.2,0.1,0.1,0.1,0.2
316.4,0.2,0.1,0.1,0.2
338,0.2,0.2,0.1,0.1
338.9,0.2,0.1,0.1,0.2
317.3,0.2,0.2,0.2,0.1
326.9,0.2,0.1,0.1,0.1
335.4,0.2,0.2,0.2,0.1
312.7,0.2,0.1,0.1,0.1
307.8,0.1,0.1,0.2,0.1
306.4,0.2,0.1,0.1,0.1
325.6,0.2,0.1,0.2,0.2
314.8,0.2,0.1,0.1,0.1
360.4,0.2,0.2,0.2,0.1
339.5,0.1,0.1,0.2,0.1
321.3,0.2,0.1,0.1,0.1
313.5,0.2,0.1,0.2,0.1
310.2,0.2,0.2,0.2,0.2
317.1,0.2,0.2,0.1,0.1
332.9,0.1,0.1,0.1,0.2
323.1,0.2,0.1,0.2,0.1
321.5,0.2,0.1,0.1,0.2
344.9,0.4,0.2,0.4,0.2
322.5,0.2,0.1,0.2,0.2
308.9,0.2,0.1,0.1,0.1
314,0.2,0.2,0.1,0.1
311.1,0.2,0.1,0.2,0.1
336,0.2,0.1,0.2,0.1
320.7,0.2,0.2,0.2,0.1
320.9,0.2,0.2,0.2,0.1
315,0.1,0.1,0.1,0.1
312.8,0.2,0.2,0.2,0.1
324.1,0.2,0.1,0.2,0.1
349.2,0.2,0.2,0.1,0.1
313.5,0.2,0.2,0.2,0.1
806.7,0.1,0.1,0.2,0.1
320.2,0.4,0.3,0.4,0.3
320.9,0.2,0.2,0.2,0.1
328.9,0.2,0.1,0.2,0.1
319.2,0.2,0.1,0.2,0.1
350,0.2,0.1,0.2,0.1
380.3,0.2,0.1,0.2,0.2
311.9,0.1,0.2,0.2,0.1
318.9,0.2,0.1,0.1,0.2
339.8,0.2,0.1,0.2,0.1
329.9,0.1,0.1,0.2,0.1
314,0.2,0.1,0.1,0.2
318.5,0.2,0.1,0.1,0.2
319.9,0.2,0.1,0.1,0.1
328.1,0.2,0.2,0.2,0.2
319.4,0.2,0.1,0.1,0.2
342.7,0.1,0.1,0.1,0.2
324.1,0.2,0.2,0.1,0.1
317.8,0.2,0.2,0.1,0.1
353.9,0.2,0.2,0.1,0.1
315.9,0.2,0.2,0.2,0.1
329,0.2,0.1,0.1,0.1
316,0.3,0.4,0.2,0.1
333,0.3,0.2,0.2,0.1
311.8,0.2,0.1,0.1,0.1
312.5,0.1,0.1,0.2,0.1
338.6,0.2,0.1,0.1,0.2
344.9,0.2,0.1,0.2,0.1
307.5,0.2,0.1,0.1,0.1
325.2,0.2,0.1,0.2,0.1
329.3,0.1,0.1,0.2,0.1
312.8,0.2,0.1,0.1,0.2
312.9,0.2,0.2,0.1,0.1
360.4,0.2,0.1,0.1,0.2
340.8,0.2,0.1,0.2,0.1
309.3,0.2,0.1,0.1,0.2
640.4,0.2,0.1,0.1,0.2
355.3,0.2,0.3,0.1,0.1
323.4,0.2,0.2,0.1,0.1
314.2,0.2,0.1,0.2,0.1
337,0.2,0.1,0.2,0.1
315.4,0.2,0.1,0.1,0.2
341.9,0.2,0.1,0.2,0.1
334.1,0.3,0.1,0.1,0.2
337.7,0.3,0.1,0.2,0.2
322.2,0.1,0.1,0.1,0.1
314.2,0.1,0.2,0.2,0.1
342.2,0.5,0.7,0.4,0.2
318.2,0.2,0.1,0.2,0.1
315,0.4,0.2,0.2,0.4
338,0.2,0.1,0.1,0.2
343.7,0.2,0.1,0.1,0.2
313.5,0.3,0.1,0.1,0.1
336.6,0.2,0.1,0.2,0.1
346,0.2,0.2,0.1,0.1
336.5,0.2,0.1,0.2,0.1
380.8,0.2,0.2,0.2,0.1
329.6,0.2,0.1,0.2,0.1
335.9,0.2,0.1,0.1,0.2
337,0.1,0.1,0.1,0.1
314.6,0.1,0.1,0.2,0.1
316.7,0.1,0.1,0.1,0.1
306,0.2,0.1,0.1,0.1
579.3,0.2,0.1,0.1,0.1
323.5,0.2,0.2,0.1,0.1
322.7,0.2,0.1,0.2,0.1
310.5,0.1,0.2,0.1,0.1
331.1,0.1,0.2,0.1,0.1
305.3,0.2,0.1,0.1,0.1
327.5,0.2,0.1,0.2,0.1
311.3,0.2,0.1,0.2,0.1
332.8,0.2,0.1,0.1,0.1
323,0.2,0.2,0.1,0.1
334.1,0.2,0.1,0.1,0.1
323.8,0.1,0.1,0.1,0.1
327.8,0.1,0.2,0.1,0.1
332.2,0.2,0.1,0.1,0.2
322.1,0.2,0.1,0.1,0.1
304.4,0.2,0.1,0.1,0.2
315.1,0.2,0.1,0.2,0.1
315.6,0.2,0.1,0.2,0.1
319.2,0.2,0.1,0.1,0.1
309.8,0.1,0.1,0.1,0.2
311.1,0.2,0.1,0.2,0.2
317.3,0.2,0.1,0.1,0.2
311.8,0.2,0.1,0.1,0.1
309.9,0.2,0.1,0.1,0.2
328.5,0.2,0.1,0.1,0.1
333.5,0.1,0.1,0.1,0.1
314.8,0.2,0.2,0.1,0.1
313.3,0.2,0.1,0.1,0.2
318,0.2,0.1,0.1,0.2
310,0.2,0.2,0.1,0.1
311.2,0.2,0.1,0.2,0.1
310.8,0.2,0.2,0.2,0.1
332,0.2,0.1,0.1,0.2
352.1,0.2,0.1,0.2,0.1
329.5,0.2,0.1,0.2,0.2
325.2,0.2,0.1,0.1,0.2
335.7,0.2,0.1,0.1,0.1
328.6,0.2,0.1,0.2,0.1
310.2,0.2,0.1,0.2,0.1
321.6,0.1,0.1,0.1,0.1
322.1,0.2,0.2,0.1,0.1
324.3,0.2,0.1,0.1,0.1
378.6,0.2,0.2,0.2,0.1
311.7,0.2,0.2,0.1,0.1
310.7,0.2,0.1,0.1,0.1
312.6,0.2,0.1,0.2,0.1
308.5,0.2,0.1,0.1,0.1
337.6,0.2,0.1,0.2,0.1
338.4,0.1,0.1,0.1,0.2
325.4,0.2,0.2,0.1,0.1
611.3,0.1,0.1,0.1,0.1
312.8,0.1,0.1,0.1,0.1
315.4,0.2,0.1,0.2,0.1
306.5,0.2,0.1,0.2,0.1
311.2,0.2,0.1,0.2,0.1
335.3,0.2,0.1,0.1,0.2
316.1,0.2,0.1,0.1,0.2
306.6,0.2,0.1,0.2,0.1
441.3,0.2,0.2,0.1,0.1
313.1,0.2,0.1,0.1,0.1
313.9,0.2,1.5,0.1,0.1
325.5,0.2,0.1,0.2,0.1
464.5,0.2,0.1,0.1,0.1
334,0.2,0.2,0.1,0.1
321.8,0.2,0.1,0.1,0.1
331.8,0.2,0.2,0.1,0.1
325.1,0.2,0.1,0.1,0.1
324.3,0.2,0.1,0.2,0.1
319,0.1,0.1,0.1,0.2
322.2,0.2,0.1,0.2,0.1
315.3,0.1,0.2,0.1,0.1
311.6,0.2,0.1,0.2,0.1
310.7,0.1,0.1,0.1,0.1
310.4,0.2,0.1,0.1,0.1
332.4,0.1,0.1,0.1,0.1
327.6,0.2,0.2,0.1,0.1
318.5,0.2,0.2,0.1,0.1
316,0.2,0.1,0.1,0.2
324,0.2,0.1,0.2,0.1
310.9,0.1,0.1,0.1,0.1
308.1,0.2,0.1,0.1,0.1
318,0.2,0.1,0.1,0.1
316.8,0.2,0.1,0.1,0.1
310.9,0.2,0.1,0.1,0.1
348.8,0.2,0.1,0.1,0.1
329.1,0.2,0.1,0.1,0.1
316.7,0.2,0.2,0.1,0.1
309.5,0.2,0.1,0.1,0.1
450.9,0.2,0.1,0.2,0.1
329.6,0.2,0.1,0.1,0.3
315.7,0.2,0.1,0.1,0.2
326.3,0.2,0.1,0.1,0.1
334.4,0.2,0.1,0.2,0.1
309.2,0.2,0.1,0.2,0.1
306.1,0.1,0.2,0.1,0.1
306,0.1,0.1,0.1,0.1
307.5,0.2,0.1,0.1,0.1
311.6,0.2,0.1,0.1,0.1
306,0.2,0.1,0.2,0.1
307.5,0.2,0.1,0.2,0.1
319.1,0.2,0.1,0.1,0.1
331,0.2,0.2,0.1,0.1
319.6,0.2,0.1,0.1,0.1
308.8,0.1,0.1,0.1,0.2
322.2,0.1,0.1,0.1,0.1
312.2,0.2,0.1,0.1,0.2
311.3,0.1,0.1,0.2,0.1
459.6,0.2,0.1,0.1,0.2
333.2,0.2,0.1,0.1,0.1
326.8,0.2,0.1,0.1,0.1
311.2,0.2,0.1,0.1,0.2
317.5,0.2,0.1,0.2,0.1
327.7,0.2,0.1,0.2,0.1
316.3,0.2,0.1,0.1,0.2
327.4,0.1,0.1,0.1,0.1
320.6,0.2,0.1,0.1,0.1
329.8,0.2,0.1,0.1,0.1
323.8,0.2,0.1,0.2,0.1
311.4,0.2,0.1,0.1,0.2
344.4,0.2,0.1,0.1,0.2
331.3,0.2,0.2,0.1,0.1
305.6,0.2,0.1,0.1,0.1
323.6,0.2,0.1,0.1,0.1
331.2,0.2,0.1,0.1,0.1
335.2,0.2,0.1,0.2,0.1
351.5,0.1,0.1,0.2,0.1
324.9,0.2,0.2,0.1,0.1
3996.9,0.2,0.2,0.2,0.2
4030.5,0.2,0.1,0.2,0.1
3852.8,0.1,0.1,0.2,0.1
5848.6,0.1,0.1,0.1,0.1
5802.3,0.2,0.2,0.1,0.1
7183.9,0.2,0.1,0.2,0.1
4110.8,0.2,0.1,0.1,0.1
4160.7,0.2,0.2,0.1,0.1
4124.4,0.2,0.1,0.7,0.1
3999.7,0.2,0.1,0.1,0.2
3900.4,0.4,0.3,0.2,0.3
5864.6,0.5,0.3,0.3,0.3
6299.7,0.2,0.2,0.1,0.1
4263.8,0.1,0.1,0.2,0.1
311.4,0.2,0.1,0.1,0.2
342.6,0.2,0.1,0.3,0.2
321.2,0.2,0.2,0.2,0.1
327.4,0.2,0.2,0.1,0.2
313,0.2,0.1,0.2,0.1
609.4,0.2,0.1,0.1,0.2
316.4,0.3,0.2,0.2,0.2
318.9,0.3,0.1,0.4,0.2
349.1,0.2,0.2,0.1,0.1
339,0.2,0.1,0.1,0.1
347.8,0.7,0.8,1.1,0.4
314.1,0.2,0.1,0.1,0.1
335.2,0.3,0.1,0.2,0.4
332.2,0.2,0.1,0.2,0.1
311.6,0.2,0.1,0.1,0.2
307.6,0.2,0.1,0.2,0.1
319.5,0.2,0.2,0.1,0.2
345.1,0.4,0.2,0.3,0.3
317.4,0.2,0.1,0.2,0.1
338.1,0.2,0.2,0.2,0.1
343.6,0.3,0.2,0.3,0.3
327.3,0.2,0.1,0.1,0.2
361.3,0.1,0.1,0.1,0.1
323.1,0.3,0.2,0.2,0.2
322.5,0.2,0.1,0.1,0.2
350.1,0.2,0.1,0.1,0.1
315.5,0.4,0.4,0.3,0.4
323.6,0.1,0.1,0.1,0.1
334.8,0.2,0.2,0.2,0.1
335.2,0.2,0.1,0.2,0.1
323.8,0.1,0.1,0.2,0.1
316.3,0.2,0.1,0.1,0.1
423.6,0.2,0.1,0.1,0.1
331.1,0.2,0.1,0.2,0.1
310.1,0.2,0.1,0.1,0.2
320.5,0.2,0.2,0.1,0.1
320.2,0.2,0.1,0.1,0.2
318.1,0.2,0.1,0.2,0.1
314.1,0.2,0.1,0.1,0.2
313.2,0.2,0.1,0.2,0.1
328.9,0.2,0.2,0.1,0.1
309.5,0.2,0.1,0.1,0.2
316.1,0.2,0.1,0.1,0.1
317.5,0.2,0.1,0.2,0.1
330.3,0.2,0.2,0.1,0.1
318.9,0.2,0.1,0.1,0.2
310.4,0.2,0.2,0.2,0.2
310.7,0.2,0.1,0.2,0.1
310.6,0.2,0.2,0.2,0.1
310.9,0.2,0.1,0.1,0.1
321.3,0.2,0.1,0.1,0.2
332.2,0.2,0.2,0.1,0.1
317.8,0.1,0.1,0.2,0.1
319.5,0.1,0.1,0.2,0.1
492,0.1,0.1,0.1,0.2
362.5,0.2,0.2,0.2,0.1
310.8,0.2,0.1,0.2,0.1
309.2,0.2,0.2,0.2,0.1
310.8,0.2,0.1,0.2,0.1
318.7,0.2,0.1,0.1,0.1
336.4,0.2,0.2,0.1,0.2
312.1,0.2,0.1,0.1,0.1
334.7,0.1,0.1,0.1,0.2
337.8,0.2,0.2,0.2,0.1
324.4,0.2,0.1,0.1,0.1
322.1,1.1,0.3,0.3,0.3
335,0.4,0.2,0.4,0.2
308.2,0.2,0.2,0.2,0.1
323.9,0.1,0.2,0.1,0.1
359.7,0.2,0.1,0.1,0.1
334.3,0.2,0.1,0.2,0.1
344.3,0.1,0.1,0.2,0.1
571.6,0.2,0.1,0.2,0.1
316,0.2,0.2,0.2,0.1
314.6,0.2,0.2,0.1,0.1
311.2,0.2,0.1,0.2,0.1
324.5,0.2,0.1,0.2,0.1
337.2,0.2,0.1,0.2,0.1
316.6,0.2,0.1,0.1,0.1
320.4,0.2,0.2,0.1,0.1
320.3,0.6,0.3,0.4,0.3
309.1,0.2,0.1,0.1,0.2
311.4,0.2,0.2,0.2,0.1
305,0.2,0.2,0.1,0.1
333.8,0.2,0.2,0.1,0.1
313.8,0.2,0.2,0.2,0.1
316.7,0.2,0.1,0.2,0.1
314.9,0.5,1,0.3,0.2
318,0.2,0.1,0.1,0.1
335.5,0.2,0.2,0.1,0.1
321,0.2,0.1,0.1,0.1
318.8,0.2,0.1,0.2,0.1
313.8,0.2,0.2,0.1,0.1
338.3,0.2,0.1,0.3,0.1
334.6,0.2,0.1,0.2,0.1
320,0.2,0.2,0.1,0.1
333.5,0.1,0.1,0.2,0.1
317.7,0.2,0.1,0.1,0.2
317.7,0.2,0.1,0.1,0.1
334.2,0.3,0.2,0.2,0.2
319.2,0.2,0.1,0.1,0.2
317.8,0.2,0.2,0.1,0.2
337.7,0.3,0.3,0.3,0.3
361.2,0.2,0.2,0.1,0.1
317.9,0.2,0.1,0.1,0.2
314.1,0.2,0.2,0.4,0.2
407.8,0.2,0.1,0.2,0.1
319.4,0.2,0.1,0.2,0.1
315.6,0.2,0.1,0.1,0.1
311.2,0.2,0.2,0.1,0.1
315.1,0.3,0.2,0.2,0.3
343.3,0.2,0.2,0.2,0.1
330,0.2,0.2,0.1,0.1
316.6,0.3,0.2,0.2,0.2
330.7,0.2,0.1,0.1,0.1
311.4,0.2,0.1,0.1,0.1
329.2,0.2,0.1,0.1,0.2
311,0.2,0.2,0.2,0.1
353.8,0.1,0.1,0.2,0.1
337.2,0.2,0.1,0.1,0.2
348.1,0.4,0.3,0.3,0.3
309.1,0.1,0.1,0.2,0.1
327.2,0.2,0.2,0.1,0.1
337.6,0.2,0.1,0.1,0.1
341.1,0.2,0.1,0.1,0.1
314.3,0.1,0.1,0.1,0.2
322.9,0.1,0.2,0.2,0.1
306.2,0.2,0.2,0.2,0.1
315.6,0.1,0.1,0.1,0.1
312.1,0.2,0.1,0.2,0.1
313.7,0.2,0.2,0.1,0.1
309.6,0.2,0.2,0.1,0.1
333,0.2,0.1,0.1,0.1
315.1,0.2,0.1,0.1,0.1
311.8,0.2,0.1,0.2,0.1
307,0.1,0.2,0.1,0.1
329.2,0.2,0.1,0.2,0.2
355.3,0.2,0.2,0.1,0.1
307.1,0.2,0.1,0.2,0.2
340.7,0.2,0.1,0.2,10.2
338.1,0.1,0.2,0.1,0.1
320.3,0.2,0.1,0.2,0.1
310.2,0.2,0.2,0.1,0.1
307.5,0.1,0.1,0.1,0.1
349.6,0.2,0.1,0.1,0.2
311.2,0.1,0.1,0.1,0.1
304.9,0.2,0.2,0.2,0.1
308.3,0.2,0.1,0.1,0.2
307,0.2,0.2,0.1,0.1
310.5,0.2,0.1,0.1,0.2
302.6,0.2,0.2,0.2,0.1
305.2,0.2,0.1,0.1,0.1
340.1,0.3,0.1,0.2,0.2
308.6,0.3,0.1,0.1,0.2
304.8,0.2,0.1,0.1,0.2
306.3,0.1,0.1,0.1,0.1
324.5,0.1,0.1,0.1,0.2
327.3,0.2,0.1,0.1,0.1
314.2,0.2,0.1,0.1,0.2
328.6,0.2,0.1,0.1,0.2
321.9,0.2,0.1,0.2,0.1
312.8,0.2,0.1,0.1,0.1
564.4,0.2,0.1,0.2,0.1
316,0.2,0.1,0.2,0.1
330.3,0.2,0.1,0.1,0.2
310.9,0.2,0.2,0.2,0.1
1383.4,0.2,0.1,0.1,0.1
317.8,0.1,0.2,0.2,0.1
347,0.2,0.2,0.2,0.1
579.3,0.4,0.2,0.3,0.2
313,0.2,0.1,0.1,0.1
310.4,0.2,0.2,0.1,0.1
309.9,0.1,0.1,0.1,0.1
372.5,0.2,0.1,0.2,0.1
318.7,0.2,0.2,0.1,0.1
312.8,0.2,0.1,0.1,0.2
311.9,0.2,0.1,0.1,0.1
338.6,0.2,0.1,0.1,0.1
327.7,0.2,0.2,0.1,0.1
308.1,0.1,0.1,0.1,0.2
314,0.2,0.1,0.2,0.2
306.7,0.2,0.1,0.2,0.1
308.4,0.2,0.1,0.2,0.1
335,0.2,0.1,0.1,0.2
312.3,0.2,0.1,0.2,0.2
348.1,0.1,0.1,0.1,0.1
320.1,0.2,0.1,0.2,0.1
321.2,0.2,0.1,0.2,0.1
331.3,0.2,0.2,0.1,0.1
307.2,0.1,0.1,0.1,0.1
327,0.2,0.1,0.1,0.2
307.4,0.2,0.2,0.1,0.1
309.6,0.2,0.1,0.1,0.2
324.9,0.2,0.2,0.1,0.1
336.6,0.2,0.1,0.1,0.2
311.4,0.2,0.1,0.1,0.2
320.4,0.2,0.1,0.2,0.1
332.4,0.3,0.2,0.3,0.2
343.5,0.1,0.1,0.1,0.1
319.1,0.1,0.1,0.1,0.2
309.2,0.2,0.1,0.2,0.1
307.4,0.2,0.2,0.1,0.1
310.7,0.2,0.1,0.2,0.1
305.6,0.2,0.1,0.2,0.1
308.6,0.2,0.1,0.1,0.1
311.2,0.2,0.1,0.1,0.1
318.7,0.1,0.1,0.2,0.1
310.8,0.1,0.1,0.2,0.1
310.2,0.2,0.1,0.1,0.1
347.4,0.3,0.2,0.2,0.2
313.4,0.2,0.1,0.1,0.2
309.6,0.2,0.1,0.2,0.1
338.1,0.3,0.1,0.1,0.2
310.9,0.1,0.1,0.2,0.1
322.2,0.1,0.1,0.1,0.1
308.8,0.1,0.1,0.2,0.1
309.2,0.1,0.1,0.1,0.2
341.1,0.2,0.2,0.1,0.1
323.2,0.2,0.1,0.1,0.2
325.7,0.1,0.1,0.2,0.1
320.4,0.2,0.1,0.2,0.1
348.5,0.2,0.1,0.1,0.2
310.3,0.2,0.1,0.1,0.1
327.9,0.2,0.1,0.2,0.1
320,0.2,0.2,0.1,0.1
346.4,0.1,0.2,0.1,0.1
312.5,0.2,0.1,0.1,0.2
311.7,0.2,0.1,0.2,0.1
312.3,0.2,0.1,0.1,0.2
334.4,0.2,0.2,0.1,0.1
320.7,0.2,0.1,0.1,0.1
310.1,0.2,0.1,0.1,0.1
316.5,0.2,0.2,0.2,10.1
337.8,0.1,0.2,0.1,0.1
311.6,0.2,0.1,0.1,0.2
310.6,0.1,0.1,0.1,0.2
314.2,0.2,0.1,0.1,0.1
317.7,0.2,0.1,0.1,0.2
314.5,0.2,0.2,0.1,0.1
311.3,0.2,0.1,0.2,0.1
310.9,0.2,0.1,0.1,0.1
310.3,0.2,0.1,0.2,0.2
4009.3,0.2,0.1,0.2,0.2
4000.1,0.2,0.1,0.1,0.1
3924.3,0.2,0.1,0.1,0.2
3833.8,0.1,0.2,0.1,0.1
3840,0.2,0.1,0.2,0.1
5956,0.2,0.1,0.1,0.2
6001.2,0.2,0.1,0.1,0.2
5958.7,0.2,0.1,0.2,0.1
3920.9,0.2,0.1,0.2,0.1
4043.8,0.1,0.1,0.1,0.1
4329.7,0.2,0.1,0.2,0.1
4206.7,0.2,0.2,0.1,0.1
3971.2,0.2,0.1,0.2,0.1
338.1,0.2,0.2,0.2,0.1
312.2,0.1,0.2,0.2,0.1
333.7,0.2,0.1,0.2,0.1
359.1,0.2,0.1,0.1,0.1
313.6,0.3,0.1,0.2,0.1
314,0.2,0.1,0.1,0.1
319.3,0.1,0.2,0.2,0.1
310.5,0.2,0.1,0.1,0.1
327.4,0.2,0.1,0.2,0.1
311.1,0.2,0.2,0.1,0.1
320.8,1.2,1.1,1.1,1.1
313.8,0.2,0.1,0.1,0.2
308.1,0.2,0.1,0.2,0.1
353.5,0.4,1.1,0.2,1.1
315.3,0.1,0.1,0.2,0.1
320.1,0.2,0.1,0.2,0.1
323.6,0.2,0.1,0.2,0.2
320.1,0.1,0.1,0.2,0.1
309,0.2,0.1,0.1,0.1
314.2,0.2,0.2,0.2,0.1
315.6,0.2,0.2,0.1,0.1
312.1,0.2,0.1,0.1,0.1
330.9,0.2,0.1,0.2,0.1
331.2,0.2,0.2,0.1,0.1
339.1,0.2,0.2,0.2,0.1
325.3,0.2,0.2,0.1,0.1
316.5,0.4,0.3,0.3,0.3
314.3,0.2,0.1,0.1,0.1
315.1,0.2,0.1,0.1,0.1
312,0.2,0.1,0.2,0.1
339.2,0.2,0.1,0.2,0.1
335.3,0.2,0.1,0.2,0.2
325.4,0.2,0.1,0.1,0.1
339.4,0.2,0.1,0.1,0.4
330.7,0.2,0.2,0.2,0.1
331.3,0.2,0.2,0.1,0.1
322.4,0.7,0.2,0.2,0.2
325.6,0.2,0.2,0.2,0.1
313.1,0.2,0.2,0.2,0.1
568.2,0.2,0.1,0.1,0.2
315.7,0.2,0.1,0.1,0.2
317.5,0.2,0.1,0.1,0.1
331.7,0.2,0.2,0.1,0.1
335.7,0.2,0.2,0.1,0.1
321.6,0.1,0.2,0.2,0.1
332.1,0.2,0.1,0.2,0.1
712.8,0.2,0.1,0.2,0.1
339.6,0.2,0.1,0.1,0.2
316.6,0.2,0.1,0.2,0.1
313.5,0.4,0.3,0.3,0.3
352.7,0.2,0.1,0.1,0.2
322.7,0.2,0.1,0.1,0.1
335.3,0.2,0.1,0.1,0.2
597.5,0.2,0.1,0.1,0.1
317.4,0.2,0.1,0.1,0.1
321.8,0.2,0.2,0.1,0.1
329.8,0.2,0.2,0.1,0.1
318.2,0.2,0.1,0.1,0.2
313,0.2,0.1,0.1,0.2
310.3,0.1,0.2,0.2,0.1
311.4,0.1,0.2,0.1,0.1
334.7,0.2,0.1,0.2,0.1
321.6,0.2,0.2,0.1,0.1
347.7,0.2,0.2,0.2,0.1
334.1,0.2,0.2,0.1,0.1
321.2,0.1,0.1,0.2,0.1
304.1,0.1,0.1,0.1,0.1
307,0.2,0.2,0.1,0.1
311.1,0.2,0.1,0.1,0.2
316.6,0.2,0.2,0.1,0.1
331.3,0.2,0.1,0.1,0.1
333.9,0.2,0.1,0.2,0.1
332.2,0.2,0.1,0.1,0.1
306.4,0.1,0.1,0.1,0.1
311,0.2,0.1,0.1,0.1
323.9,0.2,0.2,0.1,0.1
335.9,0.2,0.2,0.1,0.1
348.7,0.2,0.1,0.1,0.2
313.4,0.2,0.1,0.1,0.2
327.8,0.2,0.1,0.2,0.1
333.9,0.2,0.1,0.2,0.1
325.5,0.1,0.1,0.1,0.2
521,0.2,0.1,0.2,0.1
338.3,0.4,0.3,0.3,0.3
316.8,0.2,0.1,0.1,0.2
319.4,0.1,0.1,0.2,0.1
317.2,0.2,0.2,0.1,0.1
319.8,0.2,0.1,0.2,0.1
324.1,0.2,0.2,0.2,0.1
316.1,0.1,0.2,0.2,0.1
315.8,0.2,0.1,0.1,0.1
341.1,0.2,0.1,0.1,0.1
333.2,0.2,0.2,0.1,0.1
330.5,0.2,0.1,0.2,0.2
314.2,0.3,0.2,0.1,0.2
312.1,0.2,0.1,0.2,0.1
334.3,0.2,0.2,0.1,0.1
333.3,0.2,0.1,0.1,0.1
331.4,0.2,0.2,0.2,0.1
332.7,0.2,0.2,0.1,0.1
398,0.3,0.3,0.2,0.3
330.7,0.2,0.1,0.2,0.1
331.5,0.2,0.1,0.2,0.1
320.1,0.2,0.1,0.2,0.1
314.2,0.2,0.2,0.2,0.1
319,0.1,0.1,0.1,0.1
304.7,0.2,0.2,0.1,0.1
310.9,0.2,0.1,0.2,0.1
327.1,0.2,0.1,0.2,0.1
335.9,0.2,0.1,0.1,0.2
311.7,0.3,0.3,0.3,0.3
329.8,0.2,0.1,0.1,0.1
351.1,0.2,0.1,0.1,0.1
321.4,0.1,0.1,0.1,0.2
308,0.1,0.2,0.2,0.1
381.9,0.2,0.1,0.1,0.2
338.8,0.2,0.1,0.2,0.1
310.2,0.2,0.1,0.1,0.1
328.4,0.2,0.1,0.1,0.2
316.7,0.1,0.1,0.1,0.1
307.9,0.2,0.1,0.1,0.1
326.7,0.2,0.2,0.2,0.1
321.6,0.2,0.1,0.1,0.2
315.4,0.2,0.1,0.1,0.1
320.7,0.2,0.1,0.1,0.2
315.9,0.3,0.1,0.3,0.2
317,0.2,0.1,0.1,0.2
332.5,0.1,0.2,0.2,0.1
335,0.2,0.1,0.2,0.1
354.1,0.1,0.1,0.2,0.1
325.3,0.2,0.2,0.2,0.1
314,0.2,0.1,0.2,0.1
313.6,0.2,0.1,0.2,0.1
326.6,0.2,0.1,0.1,0.2
339.8,0.2,0.2,0.1,0.1
342.2,0.1,0.1,0.2,0.1
334.3,0.2,0.2,0.1,0.1
318.1,1.1,1.1,1.1,1.1
313.3,0.2,0.1,2.4,0.1
323.4,0.2,0.2,0.2,0.1
312.3,0.3,0.2,0.2,0.1
335.1,0.2,0.1,0.1,0.1
321.6,0.2,0.1,0.1,0.2
345,0.5,0.3,0.4,0.3
311.4,0.2,0.1,0.1,0.1
305,0.2,0.2,0.1,0.1
326.2,0.2,0.1,0.2,0.1
327.2,0.2,0.1,0.1,0.2
314.2,0.2,0.1,0.2,0.1
318.7,0.1,0.1,0.1,0.1
309.7,0.2,0.1,0.2,0.1
331.1,0.2,0.1,0.2,0.1
310,0.2,0.1,0.1,0.2
305.8,0.2,0.1,0.1,0.1
304.9,0.2,0.1,0.2,0.2
309.3,0.2,0.1,0.2,0.2
310.4,0.2,0.2,0.1,0.1
320.2,0.2,0.1,0.2,0.1
318.6,0.1,0.1,0.1,0.1
321.5,0.1,0.1,0.2,0.1
311.5,0.1,0.1,0.1,0.1
321.6,0.3,0.2,0.1,0.1
305.7,0.2,0.1,0.2,0.1
312,0.2,0.1,0.1,0.1
332.5,0.1,0.1,0.1,0.1
322.4,0.2,0.2,0.1,0.1
318.4,0.2,0.1,0.1,0.2
330.1,0.2,0.2,0.1,0.1
311.1,0.1,0.1,0.2,0.1
311,0.1,0.1,0.1,0.2
311.3,0.2,0.2,0.1,0.1
311.5,0.2,0.1,0.2,0.2
311.1,0.1,0.1,0.1,0.1
314.8,0.2,0.1,0.2,0.1
309.7,0.2,0.1,0.2,0.2
311.6,0.2,0.1,0.2,0.1
328.1,0.2,0.1,0.1,0.2
320.9,0.3,0.2,0.2,0.2
309.2,0.1,0.1,0.1,0.1
331.9,0.3,0.3,0.2,0.3
314.8,0.2,0.1,0.2,0.2
309.3,0.2,0.1,0.2,0.1
325.9,0.2,0.1,0.1,0.2
311.2,0.2,0.2,0.2,0.1
310.8,0.1,0.1,0.2,0.1
330.3,0.2,0.1,0.1,0.2
310.8,0.2,0.1,0.1,0.1
332.4,0.2,0.2,0.1,0.1
330.3,0.2,0.1,0.1,0.2
306.9,0.1,0.1,0.2,0.1
306.2,0.2,0.1,0.2,0.1
308.3,0.3,0.3,0.2,0.1
305.2,0.2,0.1,0.1,0.1
304.7,0.2,0.1,0.1,0.2
311.5,0.2,0.1,0.2,0.2
537.4,0.1,0.2,0.1,0.1
302.1,0.2,0.1,0.1,0.1
310.1,0.2,0.2,0.1,0.1
302.1,0.2,0.1,0.2,0.2
300.4,0.1,0.1,0.1,0.1
305.7,0.2,0.1,0.1,0.2
306.7,0.2,0.1,0.2,0.1
301.2,0.1,0.1,0.1,0.2
305.2,0.2,0.1,0.1,0.1
315.1,0.2,0.1,0.2,0.1
310.8,0.2,0.1,0.1,0.1
305.6,0.2,0.1,0.1,0.1
309.9,0.2,0.2,0.1,0.1
310.6,0.2,0.1,0.2,0.1
311.3,0.1,0.1,0.1,0.1
309.7,0.2,0.1,0.2,0.1
306.4,0.2,0.1,0.1,0.2
319.1,0.2,0.1,0.1,0.1
330.7,0.2,0.2,0.1,0.1
309.4,0.2,0.1,0.1,0.2
304.4,0.2,0.1,0.1,0.1
311.3,0.2,0.1,0.1,0.2
322.7,0.2,0.1,0.1,0.2
313.9,0.2,0.2,0.2,0.1
308.7,0.1,0.1,0.1,0.1
333,0.2,0.1,0.2,0.1
319.5,0.2,0.1,0.1,0.1
330.9,0.2,0.1,0.1,0.1
330.8,0.2,0.1,0.1,0.2
330.2,0.1,0.1,0.1,0.2
324.5,0.2,0.2,0.1,0.1
340.4,0.2,0.2,0.1,0.1
306.2,0.2,0.1,0.1,0.1
310.5,0.2,0.1,0.1,0.2
311,0.1,0.1,0.1,0.1
314.9,0.2,0.1,0.2,0.1
309,0.2,0.1,0.1,0.1
333.4,0.2,0.1,0.2,0.1
311.2,0.2,0.1,0.1,0.2
353.5,0.1,0.1,0.1,0.1
335,0.2,0.1,0.1,0.2
345.7,0.1,0.1,0.2,0.1
322.3,0.2,0.2,0.2,0.1
307.1,0.2,0.1,0.1,0.2
494.7,0.2,0.1,0.2,0.1
311,0.2,0.1,0.1,0.2
323.5,0.2,0.1,0.1,0.1
667.6,0.1,0.1,0.2,0.1
313.1,0.2,0.1,0.2,0.1
333.9,0.3,0.2,0.2,0.2
332.8,0.2,0.1,0.2,0.1
320.7,0.2,0.1,0.2,0.1
329,0.2,0.2,0.1,0.1
312.4,0.2,0.2,0.2,0.1
328.2,0.2,0.2,0.1,0.1
310.6,0.2,0.1,0.1,0.2
427,0.2,0.2,0.1,0.1
333,0.2,0.2,0.2,0.2
356.1,0.3,0.2,0.2,0.1
314.2,0.2,0.1,0.1,0.2
306,0.2,0.2,0.1,0.1
1015.7,0.1,0.1,0.2,0.1
343.3,0.1,0.1,0.1,0.2
332.8,0.2,0.2,0.1,0.1
321.5,0.2,0.1,0.1,0.2
334.7,0.2,0.1,0.1,0.1
312.5,0.2,0.1,0.2,0.1
310.4,0.2,0.1,0.1,0.2
309.1,0.2,0.2,0.1,0.1
315.2,0.2,0.2,0.1,0.1
310.8,0.2,0.1,0.2,0.1
309.9,0.2,0.1,0.1,0.2
322,0.2,0.1,0.2,0.1
332.5,0.2,0.1,0.1,0.1
312.7,0.2,0.1,0.2,0.1
331.1,0.2,0.2,0.2,0.1
341.3,0.2,0.1,0.2,0.1
316.7,0.1,0.1,0.2,0.1
309.3,0.2,0.1,0.1,0.1
311,0.2,0.1,0.2,0.1
310.9,0.2,0.2,0.2,0.1
314.2,0.2,0.1,0.2,0.1
321.6,0.2,0.1,0.2,0.1
316.3,0.2,0.1,0.1,0.2
310.8,0.2,0.1,0.1,0.1
332.4,0.2,0.1,0.1,0.2
311.9,0.1,0.1,0.1,0.1
356.3,0.2,0.2,0.2,0.1
310.7,0.2,0.1,0.2,0.1
326.1,0.1,0.1,0.1,0.2
330,0.2,0.1,9.6,0.1
319.6,0.2,0.1,0.2,0.1
310.6,0.2,0.1,0.2,0.1
316.7,0.2,0.1,0.2,0.1
343.8,0.2,0.1,0.1,0.2
310.9,0.1,0.2,0.1,0.1
307.1,0.2,0.2,0.1,0.1
325.3,0.2,0.2,0.2,0.1
310.6,0.2,0.1,0.2,0.1
317.8,0.2,0.1,0.1,0.2
329.8,0.1,0.1,0.1,0.2
314.1,0.2,0.2,0.1,0.1
309.3,0.2,0.1,0.1,0.1
309.9,0.2,0.2,0.2,0.1
308,0.1,0.1,0.2,0.1
324.2,0.2,0.1,0.1,0.1
323.2,0.2,0.1,0.1,0.1
310.5,0.2,0.1,0.1,0.1
306,0.2,0.1,0.1,0.1
334.2,0.2,0.1,0.1,0.2
310.9,0.3,0.2,0.3,0.2
309.1,0.2,0.1,0.2,0.2
305.6,0.2,0.1,0.2,0.1
328.6,0.2,0.1,0.1,0.1
320.8,0.2,0.1,0.1,0.1
309.5,0.1,0.1,0.1,0.1
326,0.2,0.1,0.2,0.1
315.3,0.2,0.2,0.1,0.1
310.9,0.2,0.1,0.2,0.1
313,0.2,0.1,0.2,0.1
310,0.2,0.1,0.1,0.2
332.1,0.1,0.1,0.1,0.1
338.5,0.2,0.1,0.1,0.1
313.9,0.2,0.1,0.2,0.1
318.1,0.2,0.1,0.2,0.1
327.2,0.1,0.1,0.2,0.1
337.3,0.2,0.1,0.1,0.2
310.7,0.2,0.2,0.1,0.1
311.4,0.2,9.7,0.2,0.2
331.3,0.2,0.1,0.1,0.2
310.3,0.2,0.1,0.1,0.2
308.5,0.1,0.1,0.1,0.1
323.9,0.1,0.2,0.1,0.1
311.9,0.2,0.1,0.2,0.1
312.8,0.2,0.1,0.1,0.2
335,0.2,0.1,0.2,0.1
306.7,0.1,0.2,0.1,0.1
312,0.2,0.2,0.1,0.1
311.6,0.2,0.1,0.2,0.1
314.7,0.1,0.1,0.1,0.1
309.5,0.2,0.1,0.2,0.1
432.4,0.2,0.2,0.1,0.1
310.7,0.2,0.1,0.2,0.1
331.4,0.2,0.1,0.1,0.1
325.4,0.2,0.1,0.2,0.1
436.2,0.2,0.1,0.1,0.1
329,0.2,0.1,0.1,0.2
332.7,0.2,0.2,0.1,0.1
308.7,0.2,0.1,0.1,0.1
311.8,0.2,0.2,0.1,0.1
333,0.2,0.1,0.2,0.1
310.4,0.2,0.1,0.2,0.1
309.9,0.2,0.1,0.1,0.2
309.3,0.2,0.2,0.1,0.1
323.8,0.1,0.2,0.1,0.1
307.6,0.2,0.1,0.1,0.1
308.8,0.2,0.1,0.2,0.1
319.6,0.2,0.1,0.2,0.1
314.3,0.2,0.1,0.1,0.1
326.2,0.2,0.1,0.1,0.1
309.1,0.1,0.2,0.1,0.1
305.1,0.2,0.2,0.1,0.1
311.4,0.1,0.1,0.2,0.1
329.7,0.1,0.1,0.2,0.1
308.7,0.2,0.1,0.2,0.1
305.4,0.2,0.2,0.1,0.1
308.1,0.2,0.1,0.1,0.1
314.6,0.2,0.2,0.1,0.1
330.9,0.2,0.1,0.1,0.2
323.8,0.2,0.2,0.1,0.1
311.4,0.2,0.1,0.2,0.1
314.9,0.2,0.1,0.2,0.1
310.9,0.2,0.1,0.1,0.2
305.6,0.2,0.1,0.2,0.2
311.4,0.2,0.1,0.1,0.2
314.1,0.2,0.1,0.1,0.2
310.4,0.2,0.1,0.1,0.2
309.5,0.2,0.1,0.2,0.1
310.5,10.1,0.1,0.2,0.1
334.6,0.2,0.1,0.1,0.2
327.1,0.1,0.1,0.1,0.1
311.6,0.2,0.2,0.1,0.1
311.3,0.2,0.1,0.2,0.1
325.8,0.2,0.1,0.1,0.1
309.6,0.1,0.1,0.1,0.1
310,0.2,0.1,0.1,0.1
321.1,0.2,0.1,0.2,0.2
318.2,0.2,0.1,0.1,0.2
310.3,0.2,0.1,0.1,0.2
310.4,0.2,0.1,0.1,0.1
312.2,0.2,0.2,0.1,0.1
310.7,0.2,0.2,0.1,0.1
310,0.1,0.1,0.1,0.1
309.4,0.1,0.1,0.1,0.2
308.1,0.2,0.2,0.1,0.1
310.7,0.2,0.1,0.2,0.1
314.8,0.1,0.1,0.1,0.1
313,0.1,0.1,0.2,0.1
458.1,0.1,0.1,0.1,0.1
311.4,0.2,0.2,0.1,0.1
309.9,0.2,0.1,0.2,0.1
310.6,0.1,0.1,0.1,0.1
310,0.1,0.1,0.1,0.1
330.3,0.2,0.1,0.2,0.1
324.3,0.2,0.2,0.1,0.1
311,0.2,0.1,0.2,0.1
459.4,0.2,0.1,0.2,0.1
312.8,0.2,0.2,0.1,0.1
311,0.2,0.1,0.2,0.2
310,0.2,0.1,0.1,0.1
617.9,0.2,0.1,0.2,0.1
314.7,0.1,0.1,0.1,0.2
326.5,0.2,0.1,0.2,0.1
318.6,0.2,0.1,0.2,0.1
459.3,0.2,0.1,0.2,0.1
326,0.2,0.1,0.1,0.2
314.3,0.2,0.1,0.1,0.1
325.9,0.2,0.2,0.1,0.1
354.1,0.2,0.1,0.2,0.1
312.1,0.2,0.1,0.2,0.1
314.6,0.2,0.1,0.2,0.1
309.4,0.1,0.1,0.1,0.1
311.1,0.1,0.2,0.1,0.1
323.3,0.2,0.2,0.1,0.1
305.9,0.2,0.2,0.1,0.1
308,0.2,0.2,0.2,0.1
459.2,0.2,0.1,0.1,0.2
318.2,0.2,0.1,0.1,0.1
345.2,0.1,0.1,0.1,0.2
319.7,0.1,0.1,0.1,0.1
311.8,0.2,0.2,0.2,0.2
310.7,0.2,0.2,0.1,0.1
327.8,0.2,0.1,0.1,0.1
317.7,0.2,0.1,0.2,0.1
552.3,0.2,0.1,0.2,0.1
308.5,0.2,0.1,0.2,0.1
307.8,0.2,0.1,0.1,0.1
307,0.2,0.1,0.1,0.1
312.8,0.1,0.1,0.1,0.2
308.4,0.2,0.1,0.2,0.1
311.3,0.2,0.2,0.1,0.1
341.8,0.2,0.1,0.1,0.1
367.8,0.2,0.1,0.1,0.1
337.6,0.2,0.1,0.2,0.1
306.8,0.2,0.1,0.2,0.1
318.6,0.2,0.1,0.1,0.1
362.3,0.2,0.1,0.2,0.1
332.4,0.2,0.1,0.1,0.3
322,0.2,0.1,0.1,0.2
336,0.2,0.2,0.2,0.2
316.7,0.2,0.1,0.1,0.2
319.9,0.2,0.1,0.1,0.1
353.8,0.4,0.2,0.3,0.2
323.6,0.2,0.2,0.1,0.1
309.1,0.2,0.2,0.2,0.1
309.9,0.1,0.1,0.1,0.2
312,0.2,0.1,0.2,0.2
321.9,0.2,0.1,0.1,0.2
310.1,0.2,0.1,0.1,0.1
309.5,0.2,0.1,0.2,0.1
332.3,0.2,0.1,0.1,0.2
332.6,0.2,0.1,0.2,0.1
329.9,0.2,0.2,0.1,0.1
498.8,0.2,0.2,0.1,0.1
311.8,0.2,0.1,0.2,0.1
330.7,0.2,0.1,0.2,0.1
321,0.2,0.1,0.2,0.1
320.9,0.2,0.3,0.2,0.1
348.7,0.1,0.2,0.1,0.1
330,0.1,0.1,0.1,0.2
310.3,0.2,0.1,0.2,0.1
311.6,0.2,0.1,0.2,0.1
310.1,0.2,0.2,0.1,0.1
316.2,0.2,0.1,0.1,0.2
324.1,0.2,0.2,0.1,0.1
344.3,0.2,0.1,0.1,0.2
337.1,0.2,0.2,0.1,0.1
308.8,0.2,0.1,0.1,0.1
306,0.2,0.2,0.1,0.1
329.4,0.1,0.1,0.1,0.1
324,0.2,0.2,0.1,0.1
330.5,0.2,0.1,0.1,0.1
333.3,0.2,0.1,0.2,0.1
314.6,0.2,0.1,0.1,0.1
320.4,0.2,0.1,0.2,0.2
305.7,0.2,0.1,0.2,0.1
333,0.1,0.1,0.1,0.2
325.3,0.2,0.2,0.1,0.1
307.8,0.2,0.1,0.1,0.1
311.9,0.2,0.1,0.1,0.2
330.5,0.2,0.1,0.1,0.2
327.4,0.2,0.1,0.1,0.1
329.7,0.2,0.1,0.2,0.1
657.2,0.2,0.1,0.1,0.1
317.6,0.2,0.1,0.2,0.1
312.9,0.2,0.2,0.2,0.1
363.8,0.2,0.1,0.1,0.2
640.6,0.2,0.1,0.1,0.2
330.6,0.2,0.2,0.1,0.1
349.5,0.2,0.1,0.2,0.1
331.5,0.2,0.1,0.1,0.2
332.9,0.2,0.2,0.2,0.1
333.4,0.1,0.1,0.2,0.1
303.9,0.2,0.2,0.1,0.1
6755.9,0.4,0.1,0.3,0.2
4795.3,0.3,0.2,0.2,0.1
5248.8,0.3,0.2,0.2,0.1
4865.5,0.2,0.1,0.1,0.1
3947.6,0.2,0.1,0.2,0.2
326.3,0.3,0.2,0.2,0.2
341.7,0.4,0.3,0.3,0.3
341.1,0.2,0.2,0.2,0.1
316.5,0.1,0.1,0.1,0.2
312.2,0.2,0.1,0.2,0.2
346.5,0.1,0.2,0.2,0.1
374,0.7,0.4,0.3,0.7
336.6,0.4,1.2,0.3,0.3
367,0.2,0.2,0.1,0.1
323.5,0.4,0.2,0.3,0.3
321.3,0.2,0.1,0.1,0.1
1340.1,0.2,0.1,0.1,0.1
332.5,0.2,0.2,0.2,0.1
327.3,0.4,0.3,0.3,0.3
665,0.1,0.1,0.2,0.1
316.1,0.2,0.2,0.2,0.1
307.8,0.2,0.2,0.2,0.1
322.1,0.2,0.2,0.1,0.1
321.7,0.3,0.2,0.3,0.1
314.7,0.2,0.1,0.1,0.1
314.2,0.2,0.2,0.1,0.1
960.5,0.2,0.2,0.2,0.1
342.4,0.5,0.3,0.4,0.3
316.4,0.4,0.3,0.2,0.3
345.5,0.3,0.2,0.3,0.2
327.8,0.5,0.3,0.4,0.4
314.9,0.1,0.1,0.1,0.2
346.5,0.2,0.1,0.1,0.1
327.1,0.4,0.3,0.4,0.3
340.5,0.4,0.3,0.3,0.3
310.6,0.3,0.3,0.2,0.2
312,0.2,0.1,0.2,0.1
313.1,0.2,0.1,0.1,0.1
328,0.2,0.2,0.2,0.2
326.7,0.2,0.2,0.5,0.1
329,0.5,0.3,0.4,0.3
322.8,0.2,0.1,0.2,0.2
330.6,0.2,0.1,0.2,0.1
326.9,0.1,0.2,0.2,0.1
342.4,0.9,1,1.1,1
312.4,0.3,0.1,0.1,0.1
311.3,0.2,0.1,0.1,0.2
320.2,0.2,0.2,0.1,0.1
309.3,0.2,0.1,0.1,0.1
309.1,0.2,0.1,0.1,0.1
310.7,0.1,0.2,0.2,0.1
1471.5,0.2,0.2,0.2,0.1
314.6,0.2,0.1,0.2,0.1
312.3,0.2,0.2,0.2,0.1
309.7,0.2,0.1,0.1,0.2
313.7,0.2,0.1,0.1,0.2
314.2,0.2,0.1,0.1,0.1
326,0.2,0.1,0.2,0.1
309.5,0.2,0.1,0.1,0.2
330.1,0.2,0.1,0.1,0.1
351,0.1,0.1,0.2,0.1
312.3,0.2,0.1,0.1,0.2
367,0.2,0.1,0.1,0.2
323.7,0.4,0.2,0.3,0.3
306.8,0.3,0.1,0.2,0.1
335.5,0.2,0.1,0.2,0.1
325.8,0.2,0.2,0.1,0.1
316.7,0.2,0.1,0.1,0.1
356.4,0.2,0.1,0.2,0.1
331.5,0.2,0.1,0.2,0.1
305.9,0.2,0.2,0.1,0.1
307.1,0.2,0.2,0.1,0.1
339.2,0.4,0.5,0.3,0.2
309.9,0.2,0.1,0.1,0.1
307,0.1,0.1,0.1,0.2
337.2,0.2,0.1,0.1,0.2
317.6,0.4,0.3,0.3,0.3
329.8,0.2,0.1,0.2,0.1
324.4,0.2,0.2,0.1,0.1
326,0.2,0.1,0.1,0.2
387.3,0.2,0.1,0.1,0.1
317,0.2,0.1,0.2,0.1
332.3,0.4,0.3,0.3,0.3
324.1,0.2,0.1,0.1,0.2
327.2,0.2,0.1,0.2,0.1
312.7,0.2,0.2,0.1,0.1
309.7,0.2,0.1,0.1,0.2
307.1,0.1,0.1,0.1,0.2
316.3,0.2,0.1,0.2,0.1
516.3,0.3,0.1,0.1,0.2
317.5,0.4,0.4,0.3,0.3
323.9,0.2,0.1,0.1,0.1
575.6,0.3,0.2,0.1,0.1
320.8,0.2,0.1,0.1,0.2
336.2,0.2,0.1,0.1,0.2
316.9,0.2,0.2,0.2,0.1
333.6,0.2,0.1,0.2,0.1
320.8,0.1,0.1,0.1,0.2
320.7,0.2,0.2,0.2,0.1
335.1,0.2,0.2,0.1,0.1
312.3,0.2,0.2,0.1,0.1
336.3,0.2,0.1,0.1,0.2
327.2,0.3,0.1,0.2,0.2
334.8,0.4,0.3,0.5,0.2
308,0.1,0.2,0.1,0.1
317.2,0.1,0.1,0.1,0.2
324.1,0.2,0.1,0.2,0.1
330.6,0.3,0.3,0.2,0.3
319.2,0.2,0.1,0.1,0.2
344,0.2,0.2,0.2,0.1
310.1,0.2,0.1,0.2,0.1
305.5,0.1,0.2,0.1,0.1
306.7,0.2,0.2,0.1,0.1
310.6,0.2,0.2,0.1,0.1
331.1,0.1,0.1,0.1,0.2
306.9,0.1,0.1,0.1,0.2
305.3,0.2,0.1,0.2,0.1
312.5,0.2,0.1,0.1,0.2
311.6,0.1,0.1,0.1,0.2
310.4,0.2,0.1,0.1,0.1
306.1,0.2,0.2,0.1,0.1
326.9,0.2,0.1,0.1,0.1
321.8,0.2,0.1,0.1,0.1
304.2,0.2,0.1,0.2,0.1
301.2,0.1,0.1,0.1,0.2
305.1,0.1,0.1,0.1,0.2
305.4,0.2,0.1,0.2,0.1
303.2,0.1,0.1,0.1,0.1
318.1,0.2,0.1,0.2,0.1
327.4,0.1,0.1,0.2,0.1
319.3,0.2,0.1,0.2,0.1
306.5,0.2,0.1,0.1,0.1
305.2,0.2,0.1,0.1,0.2
311.8,0.2,0.1,0.2,0.1
310.3,0.2,0.1,0.2,0.1
307.7,0.2,0.1,0.2,0.1
307.2,0.2,0.1,0.2,0.1
327,0.2,0.1,0.2,0.1
325,0.2,0.2,0.1,0.1
310.1,0.2,0.2,0.2,0.1
321.4,0.2,0.1,0.1,0.1
320.2,0.2,0.1,0.1,0.1
310.5,0.2,0.2,0.2,0.1
305.4,0.1,0.1,0.1,0.2
333.9,0.1,0.2,0.1,0.1
308.4,0.1,0.1,0.1,0.1
310.4,0.2,0.1,0.2,0.1
324.2,0.2,0.1,0.1,0.1
306.1,0.2,0.1,0.1,0.1
323.5,0.2,0.1,0.1,0.2
365.7,0.2,0.2,0.1,0.1
310.6,0.2,0.1,0.1,0.2
305.8,0.2,0.1,0.2,0.1
344.3,0.1,0.1,0.1,0.1
319.3,0.1,0.1,0.1,0.1
311.3,0.1,0.1,0.1,0.2
309.5,0.2,0.1,0.2,0.1
307.1,0.2,0.1,0.2,0.1
310.4,0.1,0.1,0.1,0.1
308.8,0.2,0.1,0.2,0.1
311.2,0.1,0.1,0.2,0.1
327.6,0.2,0.1,0.1,0.2
320.5,0.2,0.1,0.2,0.1
305.9,0.2,0.1,0.2,0.1
305.1,0.2,0.1,0.2,0.1
350.2,0.2,0.1,0.2,0.1
308.7,0.2,0.1,0.2,0.1
322,0.2,0.1,0.2,0.1
321.1,0.2,0.1,0.2,0.1
306.9,0.2,0.2,0.1,0.1
324.2,0.2,0.1,0.1,0.1
327.9,0.2,0.1,0.2,0.1
314.8,0.2,0.1,0.2,0.1
324.2,0.2,0.1,0.1,0.1
306.5,0.2,0.1,0.1,0.1
305.3,0.2,0.1,0.2,0.1
338.9,0.2,0.1,0.2,0.2
308,0.2,0.2,0.2,0.1
306,0.2,0.1,0.2,0.1
301.2,0.2,0.2,0.1,0.1
301,0.2,0.1,0.2,0.2
309.6,0.2,0.1,0.1,0.2
306.1,0.2,0.1,0.1,0.1
307.2,0.2,0.1,0.2,0.1
318.5,0.2,0.1,0.2,0.2
322.3,0.2,0.1,0.1,0.2
303.6,0.2,0.1,0.1,0.2
329.3,0.1,0.1,0.1,0.2
327.9,0.2,0.2,0.2,0.1
301.5,0.2,0.1,0.1,0.2
306.3,0.1,0.1,0.1,0.2
305.2,0.2,0.1,0.2,0.1
301.2,0.1,0.2,0.1,0.1
301.5,0.2,0.1,0.1,0.2
315.6,0.2,0.1,0.2,0.1
327.1,0.2,0.1,0.2,0.1
327.6,0.1,0.1,0.2,0.1
304.3,0.2,0.1,0.2,0.1
333.8,0.2,0.1,0.2,0.1
307.5,0.2,0.1,0.1,0.2
305.3,0.2,0.1,0.2,0.1
306.8,0.2,0.1,0.1,0.2
335.8,0.2,0.2,0.1,0.1
344.2,0.2,0.1,0.2,0.1
347.2,0.2,0.1,0.2,0.1
301.9,0.2,0.1,0.1,0.1
310.7,0.3,0.2,0.3,0.3
369.4,0.1,0.1,0.2,0.1
319.2,0.2,0.1,0.2,0.1
306.1,0.1,0.2,0.1,0.1
319.9,0.2,0.1,0.1,0.1
308.4,0.2,0.1,0.2,0.1
310.2,0.2,0.2,0.2,0.1
305.5,0.2,0.1,0.2,0.1
328.4,0.2,0.1,0.1,0.1
305.9,0.2,0.2,0.1,0.1
312.4,0.1,0.1,0.1,0.1
301.2,0.2,0.1,0.2,0.1
630.7,0.2,0.2,0.1,0.1
310.7,0.2,0.1,0.1,0.2
320.7,0.2,0.1,0.1,0.2
304.8,0.2,0.1,0.2,0.1
305.5,0.2,0.1,0.2,0.1
331.7,0.1,0.1,0.1,0.1
317.4,0.2,0.1,0.2,0.2
302.4,0.2,0.2,0.1,0.1
321.6,0.1,0.2,0.1,0.1
326.8,0.2,0.2,0.1,0.1
320.7,0.2,0.1,0.2,0.1
307.8,0.2,0.1,0.2,0.1
329.3,0.2,0.2,0.1,0.1
307,0.2,0.2,0.1,0.1
323.4,0.2,0.1,0.1,0.1
306.3,0.2,0.1,0.1,0.2
307.6,0.2,0.1,0.1,0.1
315.2,0.2,0.1,0.2,0.1
306.1,0.2,0.1,0.2,0.1
306.2,0.2,0.1,0.1,0.1
326.1,0.2,0.1,0.1,0.2
306.3,0.2,0.1,0.1,0.1
306,0.2,0.1,0.2,0.1
304.3,0.2,0.1,0.1,0.2
304.2,0.2,0.1,0.2,0.1
307.9,0.2,0.1,0.1,0.2
307.4,0.2,0.1,0.2,0.1
331,0.2,0.1,0.1,0.2
318.7,0.2,0.2,0.1,0.1
343.6,0.2,0.1,0.1,0.2
321.1,0.2,0.1,0.2,0.2
325.9,0.2,0.2,0.1,0.1
326.2,0.1,0.1,0.1,0.1
330.1,0.2,0.1,0.1,0.1
321.2,0.1,0.1,0.1,0.2
306.5,0.2,0.2,0.1,0.1
327.3,0.1,0.2,0.1,0.1
505.5,0.3,0.1,0.2,0.1
340.1,0.3,0.2,0.5,0.2
334.2,0.2,0.1,0.2,0.1
316.6,0.2,0.1,0.1,0.2
319.1,0.2,0.2,0.2,0.2
325.9,0.2,0.2,0.2,0.2
469.5,0.4,0.2,0.5,0.2
337.8,0.4,0.2,0.2,0.2
331.9,0.2,0.2,0.1,0.1
433.3,0.2,0.1,0.1,0.1
346.5,0.2,0.1,0.2,0.1
336.6,0.2,0.1,0.2,0.1
316.8,0.2,0.2,0.2,0.2
312.8,0.2,0.1,0.2,0.1
307.7,0.2,0.1,0.1,0.2
308.9,0.2,0.1,0.1,0.1
622.7,0.1,0.1,0.2,0.1
319,0.2,0.2,0.2,0.1
319.2,0.2,0.1,0.2,0.1
314.1,0.2,0.2,0.1,0.1
318.2,0.2,0.2,0.2,0.1
318.3,0.2,0.1,0.1,0.1
331.9,0.2,0.1,0.2,0.1
345.4,0.2,0.1,0.1,0.2
313.3,0.2,0.1,0.2,0.1
306,0.2,0.1,0.2,0.1
331.9,0.2,0.1,0.1,0.1
324.8,0.2,0.1,0.2,0.1
324.9,0.2,0.2,0.2,0.1
316.3,0.2,0.1,0.1,0.2
318.9,0.2,0.1,0.2,0.1
337.8,0.2,0.1,0.2,0.1
324,0.1,0.1,0.1,0.1
307.9,0.2,0.2,0.1,0.1
677.8,0.2,0.1,0.1,0.1
309.5,0.3,0.3,0.2,0.2
314.1,0.2,0.1,0.2,0.1
314,0.2,0.1,0.1,0.1
312,0.2,0.2,0.1,0.1
319.3,0.2,0.1,0.2,0.1
307,0.2,0.1,0.1,0.2
328.8,0.2,0.2,0.2,0.1
356.5,0.2,0.1,0.2,0.1
317.7,0.2,0.1,0.1,0.1
358.7,0.2,0.2,0.2,0.1
313.8,0.3,0.2,0.2,0.2
324.9,0.2,0.2,0.2,0.1
311,0.2,0.1,0.1,0.1
328.5,0.2,0.2,0.1,0.2
313.5,0.2,0.1,0.2,0.1
321.8,0.2,0.1,0.1,0.2
354.7,0.2,0.1,0.2,0.1
313.8,0.2,0.1,0.1,0.2
322.5,0.1,0.2,0.2,0.1
333.6,0.3,0.2,0.3,0.3
370.9,0.2,0.1,0.1,0.1
318.4,0.2,0.2,0.1,0.1
308.9,0.2,0.1,0.1,0.2
320,0.2,0.1,0.1,0.1
316.1,0.2,0.1,0.1,0.1
316.4,0.2,0.1,0.2,0.1
310.7,0.2,0.2,0.1,0.1
310.8,0.2,0.1,0.1,0.1
361.1,0.1,0.2,0.2,0.1
327.1,0.4,0.2,0.4,1.1
312.6,0.1,0.2,0.2,0.1
319.8,0.2,0.2,0.1,0.1
319.2,0.2,0.1,0.1,0.1
313.8,0.1,0.1,0.2,0.1
336.2,0.2,0.1,0.1,0.2
308.1,0.2,0.1,0.1,0.2
313.8,0.2,0.2,0.2,0.1
319.1,0.2,0.1,0.2,0.1
645.6,0.1,0.1,0.1,0.1
330.1,0.2,0.1,0.1,0.1
321.6,0.2,0.1,0.2,0.1
326.7,0.2,0.2,0.1,0.1
445.7,0.2,0.1,0.1,0.2
309.6,0.2,0.1,0.1,0.2
311.7,0.1,0.1,0.1,0.1
310.7,0.3,0.3,0.3,0.3
342,0.2,0.2,0.2,0.1
305,0.1,0.1,0.1,0.2
304.3,0.2,0.1,0.2,0.1
309.1,0.2,0.1,0.2,0.1
304.3,0.2,0.1,0.2,0.1
310.1,0.1,0.1,0.1,0.2
317.4,0.2,0.1,0.1,0.2
303.5,0.2,0.2,0.1,0.1
303.6,0.2,0.1,0.1,0.1
303.9,0.1,0.1,0.1,0.1
307.7,0.2,0.1,0.2,0.1
309.9,0.2,0.1,0.2,0.1
304.6,0.1,0.1,0.1,0.1
483.3,0.2,0.1,0.2,0.2
311.6,0.2,0.1,0.1,0.1
310.1,0.1,0.1,0.1,0.1
305.2,0.2,0.1,0.1,0.1
336.2,0.2,0.2,0.2,0.1
308.3,0.2,0.1,0.2,0.1
330.3,0.2,0.2,0.2,0.1
306.2,0.2,0.1,0.1,0.1
362.2,0.2,0.1,0.2,0.2
323.7,0.2,0.2,0.1,0.1
327.1,0.2,0.2,0.1,0.1
324.1,0.2,0.1,0.1,0.1
319.8,0.2,0.1,0.2,0.1
322.3,0.1,0.1,0.1,0.1
322.5,0.2,0.1,0.2,0.2
307.9,0.2,0.1,0.2,0.1
332.6,0.1,0.1,0.1,0.1
319.1,0.2,0.1,0.2,0.1
330.1,0.2,0.1,0.2,0.1
322.6,0.2,0.1,0.1,0.1
310.6,0.2,0.1,0.1,0.2
330.6,0.1,0.1,0.1,0.1
325.2,0.2,0.1,0.2,0.1
352.3,0.2,0.1,0.1,0.1
335.4,0.2,0.1,0.1,0.1
320.7,0.1,0.1,0.1,0.2
509.3,0.2,0.1,0.1,0.2
731.4,0.2,0.1,0.2,0.1
334.2,0.2,0.1,0.2,0.1
320.3,0.2,0.2,0.1,0.1
338.2,0.1,0.1,0.2,0.1
310.5,0.4,0.2,0.3,0.2
327.1,0.2,0.1,0.1,0.1
323.4,0.2,0.2,0.1,0.1
339,0.2,0.1,0.1,0.2
344.1,0.1,0.2,0.2,0.1
311.1,0.2,0.1,0.2,0.1
309.9,0.2,0.1,0.1,0.2
326.8,0.3,0.2,0.3,0.2
307.9,0.2,0.1,0.1,0.1
311,0.2,0.1,0.1,0.2
306.3,0.2,0.1,0.2,0.1
335.1,0.2,0.1,0.1,0.2
306.1,0.2,0.1,0.1,0.2
311.1,0.2,0.1,0.1,0.2
313.9,0.2,0.1,0.2,0.1
340,0.2,0.1,0.1,0.2
311,0.2,0.1,0.1,0.1
323.2,0.2,0.2,0.1,0.1
359,0.2,0.1,0.1,0.2
330,0.2,0.1,0.2,0.1
320.1,0.1,0.2,0.1,0.1
318.8,0.2,0.2,0.1,0.1
334.2,0.2,0.2,0.2,0.1
334.6,0.1,0.2,0.1,0.1
319.3,0.2,0.1,0.2,0.1
346.9,0.2,0.2,0.1,0.1
458.8,0.2,0.1,0.2,0.1
335.6,0.1,0.1,0.1,0.1
310.2,0.2,0.1,0.1,0.1
310,0.2,0.1,0.2,0.1
617.4,0.2,0.1,0.2,0.1
311.3,0.2,0.1,0.2,0.1
309.4,0.1,0.1,0.1,0.1
323,0.2,0.2,0.1,0.1
357,0.2,0.1,0.2,0.1
322.5,0.1,0.2,0.1,0.1
349,0.2,0.1,0.1,0.2
311.4,0.2,0.1,0.1,0.2
315.7,0.1,0.1,0.1,0.2
313.1,0.1,0.2,0.2,0.1
314.2,0.2,0.2,0.1,0.1
304.6,0.2,0.2,0.1,0.1
312.7,0.2,0.1,0.1,0.1
310.2,0.2,0.2,0.1,0.1
309.7,0.2,0.1,0.2,0.1
313.1,0.2,0.1,0.1,0.1
312.6,0.2,0.1,0.1,0.1
307.2,0.2,0.1,0.2,0.1
318.1,0.1,0.2,0.1,0.1
321.7,0.2,0.1,0.2,0.1
310.7,0.2,0.1,0.2,0.1
311,0.2,0.1,0.2,0.1
323.8,0.1,0.1,0.2,0.1
324.8,0.1,0.1,0.1,0.2
373.8,0.1,0.1,0.2,0.1
306.3,0.1,0.2,0.1,0.1
322.1,0.2,0.1,0.1,0.1
323.1,0.2,0.1,0.2,0.1
306.5,0.2,0.1,0.1,0.1
309.1,0.2,0.2,0.1,0.1
305.7,0.1,0.1,0.1,0.1
314.8,0.2,0.2,0.1,0.1
308.2,0.2,0.1,0.2,0.1
309.4,0.2,0.1,0.2,0.1
310.2,0.2,0.1,0.2,0.1
324.2,0.2,0.1,0.2,0.1
344.1,0.1,0.1,0.2,0.2
311.1,0.2,0.1,0.1,0.1
327.7,0.1,0.1,0.1,0.1
317.3,0.1,0.1,0.1,0.1
323.2,0.2,0.1,0.2,0.1
320,0.2,0.2,0.1,0.1
330.7,0.2,0.1,0.2,0.2
319,0.2,0.2,0.1,0.1
310.2,0.3,0.2,0.1,0.1
305.9,0.2,0.2,0.2,0.1
310.5,0.1,0.1,0.1,0.1
322.5,0.2,0.1,0.1,0.1
312,0.2,0.2,0.1,0.1
329.2,0.2,0.1,0.1,0.1
323.2,0.2,0.1,0.2,0.1
313,0.2,0.1,0.2,0.1
309.6,0.3,0.2,0.2,0.3
305.7,0.2,0.1,0.1,0.2
325.8,0.2,0.2,0.1,0.1
308.8,0.2,0.1,0.1,0.1
311.4,0.1,0.2,0.1,0.1
325.1,0.1,0.1,0.1,0.1
315.5,0.2,0.1,0.2,0.1
356.4,0.2,0.1,0.1,0.1
310.6,0.2,0.1,0.1,0.1
302.5,0.2,0.1,0.1,0.1
305.6,0.1,0.2,0.2,0.1
300.8,0.1,0.2,0.2,0.1
333.2,0.2,0.2,0.1,0.1
309.3,0.1,0.1,0.1,0.1
325.8,0.2,0.1,0.2,0.1
314,0.1,0.1,0.1,0.1
306.4,0.2,0.1,0.2,0.1
314.4,0.2,0.2,0.1,0.1
309.1,0.1,0.1,0.1,0.2
307.6,0.1,0.1,0.1,0.2
304.1,0.2,0.1,0.2,0.1
327.6,0.2,0.2,0.1,0.1
310.8,0.2,0.1,0.1,0.1
306.9,0.2,0.1,0.1,0.2
306.2,0.1,0.1,0.1,0.2
330,0.2,0.2,0.1,0.1
348.2,0.2,0.1,0.1,0.1
339.3,0.2,0.2,0.1,0.1
306.1,0.2,0.2,0.1,0.1
306.6,0.2,0.1,0.1,0.1
306.5,0.1,0.1,0.1,0.1
309.6,0.2,0.2,0.1,0.1
336.8,0.1,0.1,0.1,0.1
312.5,0.2,0.1,0.2,0.1
310.3,0.2,0.2,0.1,0.1
310,0.1,0.2,0.2,0.1
304.4,0.2,0.1,0.2,0.1
595.1,0.1,0.1,0.2,0.1
309.8,0.2,0.1,0.2,0.2
309.2,0.2,0.1,0.2,0.1
325.6,0.2,0.2,0.2,0.1
489.1,0.2,0.1,0.2,0.1
320.4,0.2,0.1,0.1,0.1
322.8,0.2,0.1,0.1,0.2
315.3,0.1,0.1,0.1,0.1
327.3,0.3,0.2,0.2,0.2
323.7,0.2,0.2,0.2,0.1
312.2,0.2,0.2,0.2,0.1
306.7,0.2,0.1,0.1,0.2
312.2,0.2,0.2,0.2,0.1
336.5,0.2,0.1,0.1,0.1
307.5,0.2,0.1,0.1,0.2
308.2,0.2,0.2,0.1,0.1
313.9,0.2,0.1,0.1,0.2
323.4,0.2,0.1,0.2,0.1
318.5,0.2,0.1,0.1,0.1
615.1,0.2,0.1,0.2,0.1
311,0.3,0.2,0.2,0.2
325.7,0.3,0.2,0.4,0.2
313.1,0.2,0.2,0.1,0.2
315.8,0.2,0.4,0.3,0.1
312.8,0.2,0.1,0.2,0.1
310.2,0.2,0.1,0.1,0.1
330.1,0.2,0.2,0.1,0.1
334.2,0.6,0.2,0.9,1.1
316.4,0.4,0.3,0.3,0.2
306.8,0.1,0.1,0.2,0.1
321.4,0.2,0.1,0.1,0.2
335.5,0.1,0.1,0.1,0.1
307.9,0.2,0.1,0.2,0.1
327.7,0.3,0.2,0.1,0.1
340.8,0.3,0.2,0.2,0.1
335.2,0.2,0.2,0.2,0.1
354,0.2,0.2,0.2,0.1
314.4,0.2,0.1,0.2,0.1
312.7,0.3,0.2,0.2,0.2
311,0.2,0.1,0.2,0.1
320.7,0.2,0.2,0.1,0.1
331.6,0.2,0.2,0.2,0.1
322.6,0.2,0.1,0.1,0.1
345,0.2,0.1,0.2,0.1
315,0.2,0.1,0.1,0.1
311,0.2,0.2,0.1,0.1
310.3,0.1,0.2,0.2,0.1
486,0.2,0.2,0.1,0.1
331.4,0.2,0.1,0.1,0.1
320.7,0.4,0.3,0.4,0.3
374.2,1.1,0.3,0.2,0.2
313.6,0.5,0.6,3,0.4
331,0.2,0.1,0.2,0.1
313,0.2,0.1,0.2,0.1
325.4,0.3,0.1,0.1,0.2
351.5,0.2,0.3,0.1,0.2
345.9,0.2,0.1,0.1,0.1
327.6,0.4,0.2,0.2,0.2
311,0.2,0.1,0.2,0.1
315,0.2,0.1,0.2,0.1
316.4,0.2,0.2,0.1,0.1
374.5,0.2,0.2,0.3,0.4
334.7,0.2,0.2,0.2,0.1
317,0.2,0.2,0.2,0.2
342.5,0.2,0.2,0.1,0.3
323.1,0.3,0.2,0.2,0.1
337.2,0.2,0.1,0.1,0.1
321.6,0.1,0.1,0.1,0.2
483,0.2,0.1,0.2,0.1
314.3,0.2,0.1,0.1,0.2
313.1,0.2,0.2,0.2,0.1
307.7,0.2,0.2,0.1,0.1
318.5,0.2,0.2,0.1,0.1
323,0.2,0.2,0.1,0.1
317,0.3,0.2,0.2,0.1
314.6,0.2,0.1,0.1,0.1
329.2,0.2,0.1,0.1,0.1
321.5,0.2,0.1,0.1,0.1
320.5,0.1,0.1,0.2,0.1
311.3,1.2,0.2,0.2,0.2
324.1,0.2,0.1,0.1,0.2
323.9,0.2,0.1,0.1,0.1
722.9,0.2,0.1,0.2,0.2
324.8,0.2,0.1,0.1,0.1
305.9,0.1,0.1,0.1,0.1
312.2,0.2,0.2,0.1,0.1
345.9,0.2,0.2,0.2,0.2
314.8,0.4,0.2,0.2,0.2
320.1,0.2,0.2,0.1,0.2
312.2,0.2,0.2,0.1,0.1
342.8,0.2,0.1,0.1,0.2
312.4,0.2,0.1,0.1,0.1
311.6,0.2,0.2,0.2,0.2
625.3,0.2,0.2,0.1,0.2
309.5,0.2,0.2,0.3,0.2
326.2,0.2,0.2,0.3,0.2
328.7,0.1,0.4,0.1,0.1
313.6,0.2,0.1,0.1,0.2
324.2,0.1,0.1,0.2,0.1
319.5,0.2,0.1,0.2,0.1
317.6,0.2,0.1,0.1,0.2
318.2,0.2,0.1,0.2,0.1
308.2,0.2,0.1,0.1,0.2
445.8,0.2,0.2,0.1,0.1
331.3,0.2,0.1,0.1,0.2
344.9,0.1,0.1,0.1,0.2
322.3,0.1,0.1,0.1,0.1
324.3,0.2,0.1,0.1,0.2
326.9,0.1,0.1,0.2,0.1
382.4,0.2,0.1,0.2,0.1
311.3,0.2,0.1,0.1,0.1
320.2,0.1,0.1,0.1,0.1
320.8,0.2,0.1,0.1,0.2
318.3,0.2,0.2,0.1,0.2
307.5,0.2,0.2,0.2,0.1
342.8,0.2,0.2,0.1,0.1
340.1,0.1,0.1,0.1,0.2
309,0.1,0.1,0.2,0.1
345,0.2,0.1,0.2,0.1
353.1,0.4,0.3,0.3,0.2
311.7,0.1,0.1,0.2,0.2
332.6,0.2,0.1,0.1,0.1
318.8,0.1,0.2,0.2,0.1
309.6,0.2,0.1,0.1,0.1
319.1,0.2,0.2,0.2,0.1
328.2,0.3,0.1,0.2,0.1
349.4,0.2,0.1,0.1,0.1
320.5,0.2,0.1,0.1,0.2
312.6,0.2,0.1,0.2,0.1
305.3,0.2,0.1,0.2,0.1
720.1,0.1,0.1,0.1,0.2
313.2,0.2,0.1,0.2,0.1
321.6,0.2,0.1,0.1,0.1
341.8,0.3,0.1,0.1,0.1
312.8,0.2,0.1,0.1,0.1
311,0.2,0.2,0.2,0.1
319.8,0.1,0.1,0.1,0.2
310,0.2,0.1,0.2,0.1
343.6,0.2,0.1,0.1,0.1
303,0.1,0.1,0.1,0.2
304.2,0.2,0.1,0.1,0.2
301.1,0.2,0.2,0.1,0.1
635.1,0.2,0.2,0.1,0.1
330.2,0.2,0.1,0.1,0.1
311.8,0.1,0.1,0.1,0.1
309.6,0.2,0.1,0.1,0.1
631.8,0.2,0.2,0.1,0.1
321.5,0.2,0.1,0.2,0.1
310.6,0.1,0.1,0.2,0.1
303.9,0.2,0.1,0.1,0.1
433.2,0.5,0.2,0.2,0.2
312,0.1,0.2,0.1,0.1
332.2,0.2,0.1,0.2,0.1
319.7,0.1,0.1,0.1,0.2
332,0.2,0.2,0.1,0.1
323.6,0.1,0.1,0.1,0.2
308.5,0.1,0.1,0.1,0.2
334.5,0.2,0.1,0.1,0.1
323.7,0.2,0.1,0.1,0.2
310.3,0.2,0.1,0.2,0.1
316.4,0.2,0.2,0.1,0.1
311.1,0.1,0.1,0.1,0.1
312.2,0.2,0.1,0.1,0.2
386.9,0.2,0.1,0.2,0.1
310.9,0.2,0.1,0.1,0.1
347.4,0.2,0.1,0.1,0.2
324.3,0.2,0.1,0.1,0.2
324.2,0.2,0.2,0.1,0.2
319,0.2,0.1,0.1,0.2
306.7,0.2,0.1,0.1,0.2
334.9,0.2,0.2,0.1,0.1
310.5,0.2,0.1,0.2,0.1
307.6,0.2,0.1,0.1,0.2
703.1,0.1,0.1,0.2,0.1
318.7,0.2,0.1,0.1,0.1
311.2,0.2,0.1,0.1,0.2
306.6,0.2,0.1,0.2,0.1
696.3,0.2,0.1,0.2,0.1
309.7,0.2,0.2,0.2,0.2
302.7,0.2,0.1,0.1,0.2
325.4,0.1,0.2,0.2,0.1
448.4,0.2,0.1,0.2,0.1
311.5,0.1,0.1,0.1,0.2
310.2,0.1,0.1,0.1,0.2
305,0.1,0.2,0.1,0.1
667.3,0.2,0.1,0.1,0.1
311.9,0.2,0.2,0.1,0.1
310,0.1,0.1,0.2,0.1
307.8,0.2,0.1,0.2,0.1
601.6,0.2,0.1,0.1,0.1
321.5,0.2,0.1,0.1,0.1
309.4,0.1,0.1,0.1,0.1
318.7,0.1,0.1,0.2,0.1
331.4,0.2,0.1,0.1,0.1
310.7,0.2,0.2,0.1,0.1
305.6,0.2,0.1,0.1,0.1
320,0.2,0.1,0.2,0.1
327.5,0.2,0.1,0.2,0.1
331.3,0.1,0.1,0.1,0.1
328.4,0.2,0.1,0.2,0.1
305.7,0.1,0.1,0.1,0.1
332.6,0.2,0.1,0.1,0.2
310.5,0.2,0.1,0.1,0.1
309.7,0.2,0.2,0.1,0.1
318.6,0.3,0.1,0.1,0.2
324.2,0.2,0.1,0.1,0.2
310.5,0.1,0.2,0.1,0.1
314,0.2,0.1,0.2,0.1
329.8,0.2,0.1,0.1,0.2
604.7,0.1,0.1,0.1,0.2
308.3,0.2,0.1,0.3,0.1
311.6,0.2,0.1,0.1,0.1
325.9,0.2,0.1,0.2,0.1
327.4,0.1,0.2,0.1,0.1
328.6,0.2,0.1,0.1,0.2
319.7,0.2,0.1,0.2,0.1
314.3,0.1,0.1,0.2,0.1
329.3,0.3,0.1,0.2,0.2
322.2,0.2,0.2,0.1,0.1
310.2,0.2,0.1,0.2,0.1
308.7,0.2,0.1,0.1,0.1
310.3,0.2,0.1,0.1,0.2
310.8,0.2,0.1,0.1,0.1
310.1,0.2,0.1,0.2,0.1
305.4,0.2,0.1,0.2,0.1
583.9,0.2,0.1,0.1,0.1
330.5,0.2,0.2,0.2,0.1
330.2,0.2,0.2,0.2,0.1
317.5,0.1,0.2,0.1,0.1
320.4,0.2,0.2,0.1,0.1
320,0.2,0.2,0.1,0.1
305.5,0.1,0.1,0.2,0.1
491.3,0.2,0.2,0.1,0.1
306.5,0.3,0.1,0.2,0.2
304.5,0.2,0.1,0.2,0.1
307.2,0.2,0.2,0.1,0.1
304.2,0.2,0.1,0.1,0.1
327.2,0.4,0.2,0.3,0.3
318.5,0.2,0.2,0.1,0.1
332.3,0.5,0.2,0.3,0.2
328.6,0.2,0.1,0.1,0.2
319.5,0.2,0.1,0.1,0.2
327.1,0.2,0.1,0.2,0.1
307,0.1,0.1,0.1,0.1
306.9,0.2,0.1,0.1,0.1
324.6,0.2,0.1,0.2,0.1
326,0.1,0.2,0.1,0.1
305.6,0.2,0.1,0.2,0.1
308.1,0.1,0.1,0.1,0.1
327.5,0.2,0.1,0.1,0.2
311.2,0.1,0.1,0.2,0.1
306.6,0.2,0.1,0.1,0.2
307.4,0.2,0.1,0.1,0.1
325.4,0.2,0.1,0.1,0.1
326.2,0.2,0.1,0.1,0.2
301.1,0.2,0.2,0.2,0.1
306,0.2,0.1,0.2,0.1
319.8,0.2,0.1,0.1,0.1
319.3,0.1,0.1,0.1,0.1
318.8,0.2,0.1,0.2,0.1
324.8,0.3,0.2,0.1,0.2
319.7,0.2,0.2,0.1,0.1
315.5,0.1,0.1,0.1,0.2
323.5,0.2,0.1,0.1,0.2
334,0.2,0.1,0.1,0.2
319.7,0.2,0.2,0.1,0.1
324.2,0.2,0.1,0.2,0.1
319.5,0.1,0.1,0.1,0.1
309.9,0.1,0.1,0.1,0.2
3919.1,0.2,0.1,0.2,0.1
3897.9,0.2,0.1,0.2,0.1
5907.7,0.2,0.2,0.1,0.1
6026.5,0.2,0.1,0.2,0.1
4185.5,0.2,0.1,0.2,0.1
4080.9,1.2,0.3,0.2,0.3
1671.9,0.2,0.1,0.1,0.1
381.2,1.1,0.2,0.2,0.3
317.6,0.2,0.2,0.2,0.1
322.3,0.2,0.2,0.3,0.2
324.4,0.2,0.2,0.2,0.1
330.6,0.2,0.2,0.1,0.1
338.7,0.2,0.2,0.2,0.1
329.2,0.1,0.1,0.2,0.1
317.8,0.2,0.1,0.2,0.1
314,0.1,0.2,0.1,0.1
320.7,1.1,0.8,1.1,0.2
318.5,0.2,0.1,0.1,0.1
327.2,0.2,0.1,0.1,0.2
348,0.2,0.2,0.1,0.1
338.8,0.1,0.1,0.2,0.2
333.1,0.2,0.1,0.2,0.1
320,0.2,0.2,0.2,0.1
311.7,0.2,0.1,0.1,0.1
323.7,0.2,0.1,0.1,0.1
331.6,0.3,0.1,0.1,0.2
323,0.2,0.1,0.2,0.1
316.1,0.2,0.1,0.2,0.2
317,0.2,0.1,0.1,0.1
319.7,0.2,0.1,0.2,0.1
309.4,0.2,0.2,0.1,0.1
333,0.2,0.2,0.2,0.1
329,0.1,0.1,0.1,0.2
321.4,0.2,0.1,0.1,0.2
312.8,0.2,0.1,0.1,0.1
322.4,0.2,0.2,0.2,0.1
318.9,0.2,0.1,0.2,0.1
324.1,0.2,0.1,0.2,0.1
628.2,0.1,0.1,0.1,0.2
357.9,0.1,0.2,0.1,0.1
324.8,0.2,0.1,0.2,0.1
306.3,0.2,0.1,0.2,0.1
329.5,0.2,0.1,0.1,0.1
366.2,0.2,0.1,0.2,0.1
305.9,0.2,0.1,0.1,0.1
363.1,0.2,0.1,0.2,0.1
332.4,0.2,0.2,0.2,0.1
315.3,0.2,0.1,0.1,0.2
331.4,0.2,0.1,0.1,0.2
319.6,0.2,0.1,0.2,0.1
311.4,0.2,0.1,0.1,0.2
324.1,0.1,0.1,0.1,0.2
544.7,0.3,0.3,0.3,0.2
323.3,0.2,0.2,0.2,0.1
320.7,0.1,0.2,0.1,0.1
311.8,0.2,0.1,0.2,0.1
322.8,0.2,0.2,0.1,0.1
328.3,0.4,0.3,0.2,0.3
323.4,0.4,0.3,0.4,0.3
318,0.2,0.1,0.2,0.1
313.1,0.2,0.1,0.1,0.2
314.9,0.2,0.1,0.1,0.2
346.3,0.2,0.2,0.1,0.1
354.9,0.3,0.3,0.3,0.2
344.7,0.3,0.2,0.1,0.2
313.9,0.2,0.1,0.1,0.1
313.5,0.2,0.2,0.2,0.1
317.6,0.2,0.1,0.2,0.1
313.4,0.2,0.1,0.2,0.1
311.8,0.1,0.1,0.1,0.1
322.9,0.2,0.2,0.1,0.1
455.9,0.2,0.1,0.1,0.1
341,0.3,0.2,0.2,0.1
442.5,0.2,0.1,0.2,0.1
328.1,0.3,0.1,0.1,0.2
336.4,0.4,0.4,0.3,0.3
653.4,0.3,0.2,0.2,0.2
314.3,0.5,0.2,0.2,0.2
317.4,0.1,0.1,0.1,0.1
322.3,0.2,0.1,0.1,0.1
315.8,0.4,0.2,0.2,0.2
335.7,0.2,0.1,0.1,0.1
311.6,0.1,0.1,0.2,0.1
328.8,0.2,0.2,0.1,0.1
320.4,0.2,0.1,0.1,0.2
347.8,0.2,0.1,0.1,0.2
322.8,0.2,0.2,0.1,0.1
314.3,0.2,0.1,0.2,0.1
315.9,0.2,0.1,0.1,0.1
357.9,0.2,0.1,0.1,0.2
655.2,0.2,0.1,0.1,0.2
313.7,0.2,0.1,0.2,0.1
315.8,0.4,0.3,0.3,0.3
329.4,0.2,0.2,0.2,0.1
353.5,0.2,0.2,0.1,0.1
332.7,0.2,0.2,0.1,0.1
320,0.2,0.1,0.2,0.1
317,0.2,0.1,0.1,0.1
318.1,0.2,0.1,0.1,0.1
327.4,0.2,0.1,0.1,0.2
313.1,0.2,0.1,0.1,0.2
312.6,0.2,0.2,0.2,0.1
323.8,0.5,0.3,0.2,0.3
316.2,0.2,0.2,0.2,0.1
331.2,0.2,0.2,0.2,0.1
331.3,0.2,0.1,0.1,0.2
312,0.2,0.2,0.1,0.1
332,0.1,0.1,0.2,0.1
311.9,0.1,0.2,0.2,0.1
336.9,0.3,0.2,0.3,0.2
317.5,0.2,0.1,0.2,0.1
319.2,0.2,0.1,0.1,0.2
306.3,0.1,0.1,0.1,0.2
357,0.2,0.1,0.2,0.1
328.3,1.1,1.1,1,1
318.1,0.2,0.2,0.2,0.2
326.5,0.2,0.1,0.1,0.1
341.3,0.2,0.1,0.1,0.1
335.9,0.2,0.1,0.2,0.1
323.4,0.2,0.2,0.2,0.1
314.5,0.2,0.1,0.1,0.2
331.3,0.3,0.1,0.2,0.1
327.2,0.2,0.1,0.1,0.1
352.3,0.2,0.1,0.1,0.1
499.7,1.1,0.3,0.3,0.3
334.7,0.2,0.1,0.1,0.2
325.5,0.3,0.2,0.2,0.2
329.8,0.2,0.1,0.1,0.2
321.7,0.2,0.1,0.1,0.2
330.7,0.2,0.2,0.1,0.1
316.9,0.2,0.1,0.1,0.1
322.5,0.2,0.1,0.1,0.1
311.8,0.2,0.1,0.2,0.1
328.6,0.2,0.1,0.1,0.2
319.4,0.2,0.1,0.1,0.2
310.3,0.4,0.3,0.2,0.1
333.3,0.2,0.2,0.3,0.2
316.1,0.2,0.2,0.1,0.1
327.8,0.1,0.1,0.1,0.2
339.3,0.2,0.1,0.2,0.1
330.2,0.2,0.2,0.1,0.1
322.8,0.2,0.1,0.2,0.1
313.9,0.1,0.1,0.1,0.2
326.2,0.2,0.1,0.1,0.2
317.5,0.2,0.1,0.1,0.2
317,0.2,0.1,0.1,0.2
311.7,0.1,0.1,0.1,0.1
343.6,0.1,0.1,0.1,0.1
309.9,0.2,0.1,0.1,0.1
304.3,0.2,0.2,0.1,0.1
306.9,0.2,0.2,0.1,0.1
321.1,0.2,0.1,0.1,0.2
310.3,0.2,0.1,0.2,0.1
314.7,0.2,0.2,0.1,0.1
309.3,0.2,0.1,0.1,0.1
331.2,0.2,0.1,0.1,0.1
325.7,0.2,0.1,0.1,0.1
331.7,0.2,0.1,0.1,0.1
310.6,0.2,0.2,0.1,0.1
323.7,0.2,0.1,0.2,0.1
312,0.2,0.1,0.1,0.1
332.3,0.2,0.1,0.1,0.2
310.5,0.2,0.1,0.2,0.1
306,0.2,0.1,0.1,0.2
322.9,0.2,0.1,0.1,0.1
319,0.2,0.1,0.2,0.1
325,0.1,0.1,0.1,0.1
318.4,0.1,0.1,0.1,0.1
330.2,0.1,0.1,0.1,0.1
320.9,0.2,0.2,0.1,0.1
307.3,0.2,0.1,0.1,0.2
327.2,0.2,0.1,0.1,0.2
312.1,0.1,0.1,0.1,0.1
332.5,0.2,0.1,0.1,0.2
308.2,0.2,0.1,0.1,0.2
333,0.2,0.1,0.2,0.2
310.2,0.2,0.1,0.2,0.1
311.4,0.1,0.1,0.1,0.2
319.2,0.2,0.2,0.2,0.1
310.3,0.2,0.1,0.2,0.1
310.9,0.2,0.1,0.2,0.1
315.2,0.2,0.1,0.2,0.2
306.2,0.2,0.1,0.1,0.2
313,0.2,0.1,0.2,0.1
311.3,0.2,0.2,0.1,0.1
311.2,0.2,0.1,0.2,0.1
306,0.2,0.1,0.1,0.2
581.6,0.2,0.1,0.2,0.1
339.2,0.2,0.1,0.2,0.2
309.7,0.1,0.1,0.2,0.1
309.2,0.2,0.1,0.1,0.1
577.9,0.2,0.1,0.1,0.2
327.7,0.1,0.1,0.1,0.2
322.6,0.2,0.1,0.1,0.2
308.1,0.2,0.1,0.1,0.2
331.5,0.2,0.1,0.2,0.2
320,0.2,0.1,0.1,0.1
323.4,0.1,0.1,0.1,0.1
331.5,0.2,0.2,0.2,0.2
316.9,0.2,0.1,0.2,0.1
321.4,0.2,0.1,0.1,0.1
306.8,0.1,0.1,0.1,0.1
330.2,0.2,0.1,0.2,0.1
328.2,0.2,0.1,0.1,0.2
311.2,0.2,0.1,0.1,0.1
320.8,0.2,0.1,0.1,0.1
310.3,0.1,0.1,0.1,0.2
317.4,0.1,0.1,0.1,0.2
329.2,0.2,0.1,0.1,0.2
310.1,0.1,0.1,0.1,0.2
378,0.1,0.1,0.1,0.1
340.5,0.2,0.1,0.1,0.1
321.8,0.2,0.2,0.1,0.1
327.3,0.2,0.1,0.2,0.1
643,0.2,0.1,0.1,0.2
313.4,0.2,0.1,0.1,0.2
313.7,0.2,0.1,0.1,0.2
310.9,0.1,0.1,0.1,0.2
329,0.1,0.1,0.1,0.2
329.5,0.2,0.2,0.1,0.1
316.2,0.2,0.1,0.1,0.2
323.1,0.2,0.1,0.2,0.1
317.6,0.2,0.1,0.2,0.1
309.4,0.2,0.1,0.1,0.2
308.8,0.2,0.1,0.1,0.2
307.7,0.2,0.2,0.1,0.1
329,0.2,0.1,0.2,0.1
314.5,0.1,0.1,0.1,0.2
314.8,0.2,0.1,0.1,0.1
309.9,0.2,0.1,0.2,0.1
308.5,0.1,0.1,0.2,0.1
324.5,0.1,0.1,0.1,0.1
310,0.2,0.1,0.2,0.1
333,0.2,0.1,0.2,0.1
331.1,0.2,0.1,0.2,0.1
311.6,0.2,0.1,0.2,0.1
326.7,0.2,0.2,0.2,0.1
313.9,0.2,0.2,0.2,0.1
338.5,0.2,0.1,0.2,0.1
332.1,0.2,0.1,0.1,0.1
330.4,0.2,0.1,0.2,0.2
311,0.2,0.1,0.2,0.1
312.1,0.2,0.2,0.1,0.1
311.7,0.2,0.1,0.2,0.1
306.5,0.2,0.1,0.2,0.1
310.7,0.2,0.1,0.1,0.1
314.5,0.2,0.1,0.2,0.2
327.2,0.2,0.1,0.2,0.1
310.9,0.2,0.1,0.2,0.2
325,0.2,0.2,0.2,0.1
313.4,0.2,0.1,0.1,0.1
315.6,0.2,0.1,0.2,0.1
306.1,0.1,0.2,0.1,0.1
580.7,0.2,0.1,0.2,0.1
327.1,0.2,0.2,0.1,0.1
310.8,0.2,0.2,0.1,0.1
5117.6,0.2,0.2,0.1,0.1
6213.9,0.2,0.1,0.2,0.1
3997.2,0.2,0.1,0.1,0.2
4000,0.2,0.1,0.1,0.1
5295.5,0.2,0.1,0.2,0.1
346.2,0.1,0.1,0.1,0.1
329.2,0.1,0.2,0.1,0.1
323,0.2,0.1,0.2,0.1
328.5,0.2,0.2,0.1,0.1
332.5,0.2,0.2,0.2,0.1
332,0.2,0.1,0.1,0.1
308.4,0.2,0.1,0.2,0.1
312.7,0.5,0.3,0.3,0.3
313.8,0.2,0.1,0.2,0.1
322,0.1,0.1,0.2,0.1
349.5,0.1,0.1,0.2,0.1
316.8,0.4,0.2,0.4,0.3
310.4,0.1,0.1,0.1,0.2
378.6,0.2,0.1,0.1,0.1
344.6,1.3,0.4,0.4,1
333.4,0.3,0.3,0.3,0.3
338.2,1.2,1.1,1.1,1.1
332,0.5,0.3,0.3,0.3
314.5,0.3,0.1,0.2,0.1
374.5,0.2,0.1,0.1,0.1
319.6,0.8,0.2,0.2,0.2
316.1,0.2,0.1,0.1,0.2
343.8,0.2,0.1,0.1,0.1
313.2,0.2,0.1,0.2,0.1
336.4,0.1,0.2,0.2,0.1
326.5,0.3,0.2,0.2,0.1
311.6,0.2,0.1,0.2,0.1
322.9,0.1,0.1,0.1,0.1
352.4,0.2,0.2,0.2,0.1
357.1,0.4,0.2,0.2,0.3
329.6,0.4,0.3,0.3,0.2
348.7,0.5,0.2,0.4,0.5
323.9,0.3,0.1,0.1,0.2
372.5,0.2,0.1,0.1,0.1
937.1,1.3,1,1,1.1
334.8,0.4,0.2,0.2,0.2
335.1,0.3,0.3,0.3,0.4
316.8,0.5,0.3,0.3,0.3
313.5,0.2,0.1,0.1,0.2
320,0.4,0.3,0.2,0.3
320.9,0.2,0.1,0.1,0.1
323.4,0.2,0.1,0.1,0.1
331,0.2,0.1,0.2,0.1
316.1,0.2,0.2,0.3,0.2
329.5,0.3,0.1,0.1,0.2
769.9,0.2,0.1,0.2,0.1
319,0.2,0.2,0.1,0.2
312,0.3,0.2,0.3,0.2
313.9,0.8,0.7,1.1,0.3
323.5,0.5,0.3,0.3,0.4
346.9,0.2,0.2,0.2,0.2
315.6,0.2,0.2,0.2,0.1
439.8,0.1,0.1,0.2,0.1
334.1,0.4,0.4,0.5,0.3
348.6,0.2,0.2,0.2,0.1
511.8,0.3,0.2,0.1,0.2
314,0.2,0.2,0.2,0.1
312.3,0.2,0.2,0.1,0.1
376.9,0.4,0.3,0.3,0.3
313.8,0.2,0.1,0.2,0.1
329.7,0.2,0.1,0.1,0.2
328.9,0.1,0.1,0.2,0.1
330.2,0.3,0.2,0.3,0.3
312.7,0.4,0.2,0.3,0.2
309.1,0.1,0.2,0.3,0.2
315.3,0.2,0.1,0.2,0.2
315.5,0.2,0.2,0.2,0.1
324.8,0.1,0.1,0.2,0.1
352.3,0.2,0.2,0.1,0.1
331.2,0.3,0.2,0.4,0.2
328.3,0.3,0.3,0.2,0.2
318.7,0.3,0.1,0.3,0.2
336.7,0.3,0.2,0.2,0.1
323.4,0.2,0.2,0.2,0.1
471.7,0.2,0.1,0.1,0.2
328.7,0.1,0.2,0.2,0.1
367.3,0.2,0.2,0.1,0.2
313.4,0.3,0.1,0.1,0.1
324.6,0.4,0.3,0.2,0.2
316.1,0.2,0.2,0.2,0.1
382.5,0.3,0.2,0.3,0.2
317.9,0.2,0.1,0.1,0.2
316.8,0.2,0.1,0.1,0.1
312.8,0.1,0.1,0.2,0.1
324.7,0.3,0.2,0.3,0.2
321.7,0.2,0.1,0.1,0.2
316.7,0.2,0.2,0.1,0.2
647.6,0.2,0.1,0.2,0.1
318.7,1.1,1,1.4,1
312,0.2,0.1,0.1,0.1
311,0.2,0.2,0.2,0.1
319.3,0.2,0.2,0.2,0.1
317,0.2,0.2,0.1,0.1
315.2,0.1,0.1,0.2,0.1
636.4,0.2,0.2,0.2,0.1
341.4,0.4,1.1,0.3,0.5
330,0.2,0.2,0.2,0.1
514.3,0.2,0.1,0.2,0.1
315.9,0.2,0.1,0.1,0.1
326.6,0.2,0.1,0.1,0.1
322,0.2,0.1,0.1,0.1
320.5,0.2,0.1,0.1,0.1
352.6,0.2,0.2,0.1,0.1
310.9,0.2,0.1,0.1,0.2
418.2,0.2,0.1,0.1,0.1
351.3,0.1,0.1,0.1,0.1
333.4,0.2,0.1,0.1,0.1
336.8,0.2,0.2,0.2,0.1
327,0.2,0.1,0.2,0.1
317.3,0.2,0.2,0.1,0.1
323.2,0.2,0.2,0.1,0.1
338.8,0.3,0.2,0.2,0.2
333.6,0.2,0.2,0.2,0.1
318.9,0.2,0.1,0.1,0.2
316.9,0.2,0.1,0.1,0.2
324.4,0.2,0.1,0.2,0.1
313.3,0.2,0.1,0.1,0.2
326.7,0.1,0.1,0.1,0.2
329.3,0.2,0.1,0.1,0.2
316,0.2,0.1,0.2,0.1
330.5,0.1,0.1,0.2,0.1
335,0.1,0.1,0.2,0.1
508.3,0.2,0.1,0.1,0.1
333.3,0.2,0.1,0.1,0.1
325.5,0.2,0.1,0.1,0.2
344.5,0.5,0.3,0.3,0.3
317.6,0.2,0.1,0.2,0.1
318.3,0.1,0.1,0.2,0.1
361.8,0.5,0.5,0.5,0.2
329.7,0.2,0.1,0.2,0.1
334.8,0.4,0.3,0.3,0.4
341.3,0.2,0.2,0.1,0.1
336.6,0.2,0.1,0.1,0.1
320.8,0.1,0.1,0.1,0.1
326.6,0.2,0.1,0.2,0.2
335.5,0.1,0.1,0.2,0.1
327.3,0.2,0.1,0.1,0.2
311.6,0.2,0.1,0.2,0.1
362.7,0.2,0.2,0.1,0.1
317.7,0.2,0.1,0.1,0.1
314.5,0.2,0.1,0.1,0.1
509.5,0.1,0.2,0.2,0.1
327.7,0.2,0.2,0.2,0.1
329.8,0.1,0.1,0.2,0.1
363.7,0.2,0.2,0.1,0.1
332.3,0.2,0.2,0.2,0.1
317.4,0.2,0.1,0.1,0.1
332.2,0.2,0.1,0.2,0.1
330.2,0.2,0.2,0.1,0.1
331.3,0.2,0.1,0.1,0.2
310.7,0.2,0.1,0.1,0.2
305.7,0.2,0.1,0.2,0.1
319.1,0.2,0.2,0.1,0.1
311.4,0.2,0.1,0.2,0.1
326.3,0.2,0.1,0.2,0.2
322.7,0.2,0.2,0.1,0.1
309.4,0.2,0.1,0.2,0.1
333.6,0.2,0.1,0.2,0.1
311.1,0.2,0.2,0.1,0.1
305.7,0.2,0.1,0.1,0.1
315.1,0.1,0.1,0.2,0.1
322.4,0.2,0.1,0.1,0.1
317.1,0.2,0.1,0.1,0.2
311.9,0.1,0.1,0.2,0.1
310.6,0.2,0.1,0.1,0.2
330.2,0.2,0.1,0.1,0.2
311.9,0.2,0.1,0.1,0.2
310.5,0.2,0.2,0.1,0.1
305.4,0.2,0.1,0.2,0.1
330.8,0.1,0.1,0.3,0.1
313.2,0.2,0.1,0.2,0.1
309.7,0.2,0.1,0.1,0.2
309.7,0.2,0.2,0.2,0.1
330.9,0.2,0.1,0.2,0.1
324.6,0.2,0.1,0.2,0.1
309.7,0.2,0.1,0.1,0.2
315.4,0.2,0.1,0.2,0.1
308,0.2,0.1,0.2,0.1
328.7,0.2,0.1,0.2,0.1
312,0.2,0.2,0.1,0.1
310.8,0.2,0.1,0.1,0.2
332.9,0.2,0.1,0.2,0.1
325.3,0.2,0.1,0.2,0.2
319.4,0.2,0.1,0.2,0.1
309.5,0.2,0.2,0.1,0.1
332.9,0.1,0.2,0.2,0.2
309.8,0.2,0.1,0.1,0.1
310.2,0.2,0.1,0.1,0.1
320.9,0.2,0.1,0.2,0.1
332.3,0.2,0.2,0.1,0.1
320.1,0.2,0.1,0.2,0.1
317.4,0.2,0.1,0.1,0.2
327.8,0.2,0.1,0.1,0.2
318.5,0.2,0.1,0.1,0.2
312.5,0.2,0.2,0.1,0.1
310.2,0.1,0.1,0.1,0.1
308.7,0.2,0.1,0.1,0.1
311.3,0.3,0.2,0.2,0.2
323.2,0.1,0.2,0.1,0.1
314.1,0.2,0.1,0.2,0.1
304.9,0.2,0.1,0.2,0.1
333.7,0.1,0.1,0.1,0.1
329.8,0.2,0.1,0.2,0.1
312.8,0.2,0.1,0.2,0.1
309.7,0.2,0.1,0.1,0.1
613.9,0.2,0.1,0.1,0.1
363.9,0.2,0.1,0.1,0.1
314.5,0.2,0.1,0.1,0.1
344.3,0.2,0.1,0.2,0.1
578.9,0.1,0.1,0.1,0.1
332.1,0.2,0.1,0.1,0.2
320.3,0.1,0.1,0.1,0.1
310.7,0.1,0.1,0.1,0.1
311.6,0.2,0.1,0.1,0.1
311.8,0.2,0.1,0.2,0.1
317.9,0.2,0.2,0.1,0.1
324.7,0.2,0.1,0.2,0.1
314.7,0.1,0.1,0.1,0.1
309.8,0.2,0.2,0.1,0.1
492.1,0.2,0.2,0.1,0.1
326.8,0.2,0.1,0.1,0.1
322.9,0.2,0.1,0.2,0.2
305.1,0.2,0.1,0.2,0.1
337.3,0.2,0.1,0.1,0.2
312.7,0.2,0.1,0.2,0.1
329.1,0.2,0.1,0.1,0.1
318.6,0.2,0.1,0.1,0.2
310.5,0.2,0.1,0.2,0.1
331.2,0.2,0.1,0.1,0.2
319.7,0.2,0.2,0.1,0.1
310,0.1,0.1,0.1,0.1
308,0.2,0.1,0.1,0.2
328.3,0.2,0.1,0.1,0.1
328.2,0.2,0.2,0.1,0.1
321.3,0.2,0.1,0.1,0.1
304.3,0.1,0.1,0.1,0.2
307.5,0.2,0.1,0.2,0.1
313.9,0.2,0.1,0.2,0.1
302.9,0.2,0.1,0.2,0.1
304.3,0.2,0.2,0.1,0.1
308.4,0.2,0.2,0.1,0.1
326.1,0.2,0.2,0.1,0.1
330.4,0.2,0.2,0.1,0.1
332.3,0.2,0.1,0.1,0.2
320.9,0.2,0.2,0.1,0.1
313.8,0.2,0.1,0.2,0.1
317.6,0.2,0.1,0.1,0.1
314.4,0.2,0.1,0.1,0.1
311.9,0.3,0.3,0.3,0.2
312.1,0.2,0.1,0.2,0.1
307.6,0.2,0.1,0.2,0.1
3922.4,0.2,0.2,0.1,0.1
5906.5,0.2,0.1,0.2,0.2
6000.8,0.2,0.1,0.1,0.2
6029.6,0.1,0.1,0.1,0.2
4000.1,0.2,0.1,0.2,0.1
4124.5,0.2,0.1,0.2,0.1
4116.2,0.2,0.1,0.2,0.1
3966.5,0.1,0.2,0.1,9.5
3902.4,0.2,0.1,0.1,0.1
5962.9,0.2,0.2,0.2,0.2
321.9,0.1,0.1,0.1,0.2
326,0.2,0.2,0.2,0.1
325.4,0.2,0.2,0.1,0.1
344.1,0.1,0.1,0.2,0.1
320.1,0.2,0.2,0.2,0.1
330.1,0.1,0.1,0.2,0.1
331.6,0.2,0.1,0.2,0.1
336.7,0.2,0.3,0.2,0.2
319.5,0.2,0.1,0.2,0.1
309.8,0.2,0.2,0.2,0.1
312.6,0.2,0.1,0.1,0.2
350.1,0.2,0.1,0.1,0.1
315.1,0.2,0.1,0.2,0.1
311,0.2,0.2,0.2,0.1
359.7,0.5,0.3,0.4,0.2
330.5,0.3,0.2,0.3,0.2
309.8,0.2,0.1,0.2,0.1
313.7,0.2,0.2,0.1,0.1
308.1,0.2,0.1,0.1,0.2
702.1,0.4,9.7,0.2,0.2
390.7,0.2,0.1,0.1,0.2
322.4,0.3,0.3,0.3,0.3
325.8,0.6,0.3,0.4,0.3
527.5,0.2,0.3,0.1,0.1
830.2,0.2,0.2,0.2,0.1
322.9,0.6,0.7,0.4,1.2
339.9,0.2,0.1,0.2,0.1
333.8,0.3,0.2,0.1,0.2
343.2,0.2,0.1,0.1,0.2
324.2,0.2,0.1,0.2,0.1
331.4,0.4,0.3,0.3,0.2
315.9,0.1,0.1,0.2,0.1
332.4,0.2,0.2,0.1,0.1
792.3,0.2,0.1,0.1,0.2
323.2,0.2,0.1,0.3,0.2
328.4,0.2,0.1,0.1,0.1
333,0.2,0.1,0.2,0.1
338.1,0.2,0.1,0.2,0.1
315.5,0.2,0.1,0.2,0.1
339.3,0.2,0.2,0.2,0.2
544.7,0.3,0.2,0.2,0.2
314.2,0.2,0.1,0.1,0.2
319.9,0.1,0.1,0.2,0.1
305.5,0.2,0.1,0.1,0.2
334.7,0.1,0.1,0.1,0.1
324.3,0.2,0.2,0.1,0.1
340.9,0.2,0.2,0.1,0.1
312.5,0.2,0.1,0.2,0.1
314.1,0.2,0.1,0.2,0.1
321.4,0.2,0.1,0.2,0.1
330.4,0.2,0.2,0.1,0.1
351.7,0.2,0.1,0.2,0.1
336.3,0.2,0.1,0.2,0.2
321.2,0.1,0.1,0.1,0.1
307.8,0.2,0.1,0.1,0.1
329,0.2,0.2,0.3,0.2
317.8,0.2,0.2,0.1,0.1
308.1,0.1,0.1,0.1,0.1
314.6,0.2,0.1,0.1,0.2
337.1,0.2,0.1,0.2,0.1
319.6,0.2,0.2,0.1,0.1
312.3,0.2,0.1,0.1,0.2
329.4,0.2,0.1,0.2,0.1
313.5,0.2,0.2,0.2,0.1
312.3,0.2,0.2,0.2,0.1
311.8,0.2,0.1,0.1,0.1
313.9,0.2,0.2,0.2,0.1
311.6,0.2,0.1,0.1,0.1
309.3,0.2,0.1,0.2,0.1
318.8,0.2,0.1,0.1,0.2
317.4,0.2,0.1,0.1,0.2
322.3,0.2,0.2,0.2,0.1
336.4,0.2,0.1,0.2,0.1
332.3,0.2,0.1,0.2,0.1
335.4,0.2,0.2,0.2,0.1
333.7,0.2,0.1,0.2,0.1
348.7,0.2,0.1,0.1,0.2
318.5,0.2,0.1,0.1,0.2
323.7,0.2,0.1,0.1,0.1
328.1,0.2,0.1,0.1,0.1
332.5,0.2,0.1,0.2,0.1
313.4,0.2,0.1,0.1,0.2
320.1,0.1,0.1,0.1,0.2
328.8,0.2,0.1,0.1,0.1
315.6,0.2,0.1,0.2,0.1
318.3,0.2,0.2,0.1,0.1
309.8,0.2,0.1,0.2,0.1
503.7,0.2,0.1,0.1,0.2
314.1,0.2,0.1,0.2,0.1
312.6,0.1,0.1,0.2,0.1
321.6,0.2,0.1,0.2,0.1
324.5,0.2,0.2,0.2,0.1
316.7,0.2,0.1,0.2,0.1
326,0.6,0.2,0.3,0.2
327.7,0.4,0.3,0.3,0.3
329.2,0.2,0.2,0.1,0.1
329,0.2,0.1,0.1,0.1
321.1,0.1,0.1,0.2,0.1
312.9,0.2,0.1,0.2,0.1
315.6,0.2,0.1,0.1,0.1
308.1,0.2,0.1,0.1,0.2
314.2,0.2,0.1,0.2,0.1
307.7,0.1,0.1,0.1,0.2
312.3,0.2,0.1,0.1,0.1
307.6,0.2,0.1,0.1,0.1
339.7,0.2,0.1,0.2,0.1
318.5,0.2,0.2,0.2,0.1
317.4,0.2,0.1,0.1,0.2
329.8,0.2,0.1,0.1,0.1
326.8,0.1,0.3,0.2,0.1
348.8,0.2,0.1,0.1,0.2
569.1,0.2,0.2,0.2,0.1
345.1,0.1,0.1,0.1,0.1
312.8,0.2,0.2,0.2,0.1
311.6,0.2,0.1,0.2,0.1
363.6,0.2,0.1,0.1,0.2
356.4,0.4,0.1,0.2,0.1
350.5,0.2,0.1,0.1,0.1
337.1,0.1,0.1,0.2,0.1
317.5,0.2,0.1,0.2,0.1
325.4,0.2,0.1,0.1,0.2
544.5,0.2,0.1,0.1,0.1
338.3,0.2,0.1,0.1,0.1
323.7,0.2,0.1,0.2,0.1
336.4,0.1,0.2,0.2,0.1
313.7,0.2,0.1,0.2,0.1
313,0.2,0.2,0.1,0.1
324.4,0.2,0.2,0.1,0.1
317.8,0.2,0.1,0.2,0.1
315.4,0.1,0.2,0.1,0.1
328,0.2,0.1,0.1,0.2
317.7,0.2,0.1,0.1,0.2
321.5,0.2,0.1,0.2,0.1
310.5,0.1,0.2,0.1,0.1
310.1,0.3,0.2,0.2,0.1
313.6,0.2,0.1,0.1,0.2
327.9,0.3,0.3,0.2,0.2
315.7,0.2,0.1,0.1,0.2
313.2,0.2,0.1,0.1,0.2
354.1,0.2,0.1,0.1,0.2
343.2,0.3,0.1,0.1,0.2
306.1,0.2,0.1,0.2,0.1
305.9,0.1,0.1,0.2,0.1
304.8,0.1,0.1,0.1,0.1
305.9,0.2,0.1,0.2,0.1
329.2,0.2,0.1,0.2,0.1
308,0.2,0.2,0.1,0.1
304.9,0.2,0.1,0.2,0.1
304.9,0.2,0.1,0.1,0.1
310.5,0.1,0.1,0.1,0.2
308.5,0.1,0.1,0.2,0.1
312.4,0.2,0.1,0.1,0.2
309.1,0.2,0.1,0.2,0.1
309.7,0.2,0.1,0.2,0.1
329.5,0.2,0.1,0.2,0.1
320,0.2,0.2,0.2,0.1
314.9,0.1,0.1,0.1,0.2
333.2,0.2,0.2,0.1,0.1
307.7,0.2,0.2,0.1,0.1
304.7,0.2,0.2,0.1,0.1
306,0.1,0.1,0.1,0.1
337.3,0.2,0.1,0.1,0.1
317.7,0.2,0.1,0.2,0.1
320.1,0.2,0.1,0.1,0.2
331.4,0.2,0.1,0.1,0.1
351.5,0.2,0.1,0.2,0.1
322.7,0.2,0.1,0.2,0.2
308.9,0.2,0.1,0.1,0.1
328.4,0.2,0.1,0.1,0.1
317.1,0.2,0.2,0.1,0.1
325.1,0.2,0.1,0.2,0.1
311.3,0.2,0.2,0.2,0.1
494,0.2,0.2,0.2,0.1
314.1,0.2,0.2,0.1,0.2
332.3,0.1,0.1,0.1,0.1
325.1,0.2,0.1,0.2,0.1
316.7,0.3,0.2,0.1,0.2
311.3,0.2,0.2,0.1,0.1
356.3,0.3,0.2,0.2,0.2
349.6,0.5,0.2,0.3,0.2
335.3,0.1,0.1,0.1,0.2
326.9,0.3,0.1,0.1,0.2
311.6,0.3,0.2,0.2,0.2
316.6,0.2,0.2,0.1,0.1
338.9,0.2,0.1,0.1,0.1
313.3,0.2,0.1,0.1,0.1
332,0.2,0.2,0.1,0.1
311.9,0.2,0.1,0.1,0.1
314.6,0.2,0.2,0.1,0.1
314.3,0.2,0.1,0.2,0.1
307.4,0.2,0.1,0.1,0.1
310.5,0.4,0.3,0.3,0.2
311.2,0.2,0.1,0.2,0.1
342.5,0.2,0.1,0.2,0.1
369.3,0.2,0.1,0.2,0.1
313.7,0.2,0.1,0.1,0.2
323.2,0.1,0.1,0.1,0.1
320.5,0.2,0.1,0.1,0.1
326.1,0.2,0.1,0.1,0.2
312.2,0.2,0.2,0.1,0.1
306.6,0.2,0.1,0.2,0.1
715.8,0.2,0.1,0.2,0.2
328.8,0.2,0.1,0.2,0.2
319.2,0.2,0.1,0.1,0.2
320.2,0.2,0.2,0.1,0.1
635.7,0.2,0.2,0.1,0.1
320.7,0.2,0.1,0.2,0.2
310.3,0.1,0.1,0.1,0.1
310.2,0.2,0.2,0.1,0.1
527.6,0.1,0.1,0.2,0.1
311.7,0.2,0.2,0.2,0.1
316,0.2,0.2,0.1,0.1
308.4,0.2,0.1,0.1,0.1
454.5,0.2,0.1,0.2,0.1
334.4,0.2,0.1,0.1,0.1
342.7,0.2,0.1,0.2,0.1
318.6,0.2,0.1,0.1,0.1
323.8,0.2,0.1,0.1,0.2
310.4,0.2,0.2,0.1,0.1
341.6,0.4,0.2,0.2,0.2
318.9,0.2,0.2,0.1,0.1
328.7,0.2,0.2,0.1,0.1
314.7,0.2,0.2,0.2,0.1
313.4,0.2,0.1,0.2,0.1
326.6,0.1,0.1,0.2,0.1
346.9,0.2,0.2,0.1,0.1
311.6,0.2,0.2,0.1,0.1
350.7,0.1,0.1,0.5,0.2
335.9,0.2,0.1,0.2,0.1
314.5,0.2,0.1,0.1,0.2
342.6,0.2,0.1,0.1,0.2
335,0.1,0.2,0.2,0.1
318.1,0.1,0.1,0.1,0.2
324.7,0.2,0.2,0.1,0.1
304.9,0.2,0.1,0.2,0.1
303.8,0.1,0.1,0.2,0.1
631.4,0.2,0.2,0.1,0.1
329.3,0.2,0.1,0.1,0.1
309.7,0.2,0.1,0.1,0.2
326.8,0.1,0.1,0.1,0.2
441.1,0.2,0.1,0.1,0.1
314.1,0.2,0.1,0.2,0.1
322.8,0.2,0.2,0.1,0.1
305.4,0.1,0.1,0.1,0.2
587.9,0.1,0.1,0.2,0.1
324.3,0.2,0.1,0.2,0.1
