467
364
280
353
445
390
287
377
312
502
310
402
406
330
308
344
365
300
284
388
411
460
382
608
348
427
348
410
332
417
651
338
502
309
418
313
367
284
407
464
350
427
384
340
392
405
329
362
293
376
312
338
404
339
445
288
414
339
394
310
362
320
403
287
384
503
341
377
489
450
412
422
412
903
872
415
399
1790
480
437
702
499
474
314
507
399
296
285
456
510
333
344
364
354
303
476
336
342
417
346
537
551
479
371
330
359
365
410
333
320
454
342
477
496
492
393
437
506
352
339
291
412
376
432
447
371
442
336
373
331
323
330
378
372
325
703
352
362
333
373
339
326
322
374
353
336
426
523
328
340
330
345
512
383
423
318
338
619
357
458
334
362
429
323
324
399
331
348
325
434
343
448
513
342
342
325
377
354
324
383
365
345
343
447
424
311
309
525
371
318
295
372
342
330
325
455
347
326
330
434
302
289
286
400
299
300
334
503
326
300
362
370
313
276
351
354
296
278
283
515
306
275
296
313
275
275
277
323
313
294
291
317
451
290
284
351
280
277
306
408
310
294
289
316
302
414
334
325
276
277
280
338
300
279
278
307
1045
691
592
893
732
561
812
616
1948
1841
701
1340
815
592
435
1750
429
362
485
424
427
440
444
415
332
377
661
528
379
386
394
552
365
428
391
414
394
385
533
372
395
986
392
388
403
400
391
394
646
430
348
457
421
367
366
486
638
370
349
335
407
468
357
336
592
434
355
379
422
300
324
379
558
316
336
348
426
342
382
532
362
326
351
344
326
501
379
455
322
391
359
337
313
330
309
339
314
496
479
368
385
562
422
371
425
483
408
508
581
526
418
391
470
426
563
335
412
362
313
373
546
307
316
564
376
327
315
473
433
350
409
420
443
298
292
405
334
337
317
498
618
404
403
352
384
336
415
884
380
868
410
369
1128
648
357
413
426
319
299
356
407
386
314
313
415
345
336
339
599
407
295
336
340
366
323
352
396
500
472
430
504
466
317
416
369
486
346
404
421
347
554
348
613
313
293
349
486
314
328
320
518
319
354
525
501
455
318
365
374
274
332
358
353
320
320
399
465
450
319
355
467
336
310
374
381
345
335
330
536
878
318
537
407
328
453
668
308
446
457
519
603
333
495
319
386
347
468
304
360
1147
337
437
332
459
387
412
630
429
532
368
412
409
394
322
408
786
369
507
437
505
695
761
518
742
481
511
579
451
480
571
483
581
357
444
1031
514
641
665
467
340
410
412
367
406
811
427
340
313
868
405
514
1246
407
443
461
917
611
897
1345
560
545
718
521
741
398
455
514
597
537
369
501
516
414
395
898
435
479
479
497
674
518
536
436
511
468
449
459
850
478
586
596
533
777
647
465
437
400
579
366
482
630
439
454
358
477
577
412
494
449
389
393
506
549
583
438
402
333
441
433
636
421
342
364
363
327
376
360
327
325
374
346
652
331
417
346
475
331
463
403
407
328
451
481
456
476
348
389
339
415
382
450
524
430
409
282
441
339
391
289
385
353
452
340
416
355
432
297
488
433
341
398
337
440
336
414
373
525
338
326
498
430
326
316
372
390
421
334
553
373
321
281
596
377
307
339
408
335
328
320
579
303
301
275
284
452
332
310
326
388
315
351
326
357
335
346
350
537
338
325
510
424
335
331
395
333
327
384
313
491
335
314
330
383
330
347
345
403
373
348
324
541
344
326
388
359
339
332
344
384
323
275
295
329
421
328
276
393
839
386
310
770
395
2262
726
924
684
622
727
606
617
640
687
774
889
730
697
706
476
418
440
355
461
406
383
342
347
410
659
472
389
438
391
472
636
428
387
400
484
377
454
404
390
410
344
393
353
418
400
537
463
747
438
411
359
413
417
621
443
409
393
424
536
578
380
462
422
540
568
460
704
410
595
594
454
550
446
408
368
365
391
411
361
384
559
415
371
482
461
399
366
416
449
381
411
477
556
373
522
372
500
452
414
483
348
426
454
557
404
459
457
425
838
765
421
410
794
552
1331
614
398
423
610
488
434
492
453
533
385
509
392
368
369
404
343
357
327
407
328
424
298
458
330
319
362
678
379
321
355
324
331
437
533
428
320
355
514
464
389
425
400
319
381
445
573
425
435
377
533
428
331
462
338
356
410
473
329
424
337
494
431
313
390
333
431
331
481
345
311
313
304
364
319
338
328
595
346
653
359
358
342
363
344
328
350
349
325
336
401
708
399
359
303
512
317
391
365
515
491
326
499
675
446
346
630
314
372
314
528
317
371
280
451
650
469
422
388
418
298
454
535
430
387
383
472
309
377
398
478
321
305
451
438
294
294
423
463
330
327
756
665
558
733
685
683
781
661
586
1209
844
730
775
702
529
1063
766
603
466
452
976
757
472
405
1765
514
548
429
496
349
536
572
406
641
536
388
513
758
433
589
657
375
489
597
433
607
425
478
523
396
450
402
440
442
509
354
333
633
461
477
485
387
365
367
375
390
383
409
382
423
398
430
360
534
595
413
470
400
373
1030
667
406
458
374
433
374
619
384
398
351
374
479
602
464
773
404
370
314
361
413
390
1492
622
427
475
714
471
588
487
396
331
447
441
535
537
430
1164
534
541
409
510
527
391
427
344
530
384
656
392
376
333
340
444
585
475
501
510
574
476
440
431
422
279
547
555
330
506
436
447
297
638
359
400
330
498
488
377
459
364
425
282
378
441
369
277
447
420
679
345
378
362
497
302
421
528
425
546
891
780
624
363
691
560
1168
565
472
358
618
354
417
386
493
408
386
281
309
539
345
326
380
347
323
307
398
334
327
323
401
320
442
298
407
401
358
327
376
329
347
342
357
331
314
443
320
336
312
305
349
386
315
316
335
480
521
526
505
387
434
348
440
365
405
344
412
408
410
610
424
432
326
479
394
401
364
407
501
737
474
534
666
716
479
573
645
501
731
618
656
654
733
489
412
430
428
375
482
325
509
591
466
416
383
722
374
348
486
503
365
366
484
412
404
473
396
404
492
408
474
400
452
954
419
968
441
421
1596
459
386
383
425
380
467
475
421
396
330
480
472
714
431
483
474
421
524
473
443
455
391
348
442
500
486
510
538
387
329
314
392
432
427
582
386
352
320
482
555
570
474
439
352
420
510
650
400
361
613
406
457
402
395
420
333
556
394
422
543
406
380
496
601
411
411
395
468
381
359
365
401
433
390
462
656
404
368
491
551
388
426
416
570
391
414
521
464
413
440
537
442
415
507
397
421
419
433
385
522
423
544
436
600
502
411
629
359
272
320
348
341
325
445
328
369
363
371
370
365
349
318
338
325
445
305
463
336
335
324
409
333
289
323
374
322
333
363
421
480
340
326
422
335
327
354
447
449
304
336
490
441
332
315
374
384
285
302
275
307
287
298
323
354
464
300
304
472
348
330
306
331
319
320
316
529
430
473
321
436
361
334
326
383
408
311
333
370
395
365
441
497
340
313
348
346
395
409
520
454
417
402
453
379
358
359
412
380
358
336
382
463
331
322
460
1084
832
651
357
417
374
541
415
373
354
315
334
341
311
351
336
510
351
441
330
411
330
314
298
358
319
326
303
377
338
416
336
376
495
326
338
327
338
326
335
373
388
330
543
602
316
325
326
401
362
304
338
364
347
310
305
503
348
333
350
559
317
324
379
371
405
322
324
365
494
303
323
381
348
276
371
356
323
357
321
324
392
432
332
326
445
302
330
318
350
322
311
337
324
319
444
336
368
322
443
362
390
372
328
352
338
327
327
462
326
341
358
356
370
405
295
362
382
313
330
357
589
393
378
738
345
371
341
339
388
334
361
354
321
441
298
336
371
474
333
324
363
392
330
325
326
455
467
319
326
414
333
371
332
472
341
317
320
472
404
397
324
401
327
346
324
372
335
323
314
344
444
476
337
361
340
315
325
391
294
293
424
349
329
437
418
361
301
321
902
879
378
732
436
393
1607
462
301
311
528
382
387
332
468
355
459
320
528
442
432
601
360
456
320
432
314
406
352
424
513
296
362
465
468
365
457
451
335
400
353
521
446
427
431
394
443
467
392
343
318
313
389
346
430
390
378
338
2769
1003
1806
686
707
582
638
425
443
772
535
2089
1084
473
937
402
439
430
786
430
425
360
375
474
441
392
423
1431
760
485
564
509
445
730
621
435
378
818
474
417
956
961
422
359
1533
453
378
416
439
316
342
357
457
393
415
549
412
464
389
633
397
375
351
670
351
495
405
393
426
534
373
343
769
417
336
437
617
373
415
514
458
442
742
458
417
397
411
377
307
478
663
591
429
437
389
484
663
480
399
444
518
322
409
914
396
284
333
653
408
493
394
303
439
629
328
304
312
522
349
310
316
500
362
284
397
441
357
272
508
385
338
319
328
385
363
409
469
500
350
620
339
401
331
308
302
398
324
331
367
393
348
356
325
423
364
370
327
443
346
328
321
488
360
309
324
413
353
306
351
464
350
333
340
528
463
364
408
398
318
286
284
382
351
329
298
281
383
457
282
506
359
299
304
301
315
427
330
319
354
389
443
380
339
358
400
311
348
402
375
381
364
339
397
321
355
362
287
305
288
326
448
327
341
366
328
441
347
356
352
327
342
386
355
344
354
395
367
362
441
343
344
303
323
353
321
334
311
561
356
304
303
629
392
315
320
454
1250
418
472
882
500
1524
1313
375
503
478
540
694
487
381
356
368
535
399
410
480
417
462
413
422
374
443
609
438
354
407
560
389
438
365
413
373
462
541
593
364
390
478
397
526
1262
471
411
469
441
410
435
409
371
827
541
579
388
433
426
417
354
394
578
615
405
577
400
360
363
409
430
353
398
452
386
353
376
473
344
588
348
424
324
290
300
330
307
298
289
294
502
312
306
334
447
393
318
345
376
343
309
355
587
331
312
518
346
330
312
380
392
323
314
464
372
434
358
352
371
340
885
837
450
410
1581
448
428
336
405
312
322
326
434
333
386
327
391
367
390
420
337
361
315
468
399
334
360
375
348
383
422
475
347
297
382
407
373
303
377
499
448
420
554
357
327
336
449
352
311
329
462
368
330
309
398
429
333
326
354
344
311
322
387
449
346
386
363
344
433
351
395
339
325
319
465
318
374
366
393
317
362
414
367
422
323
322
323
398
337
334
333
461
298
400
511
339
281
284
292
315
348
315
364
364
383
329
338
456
337
302
303
582
347
323
333
410
383
374
316
321
489
337
371
320
360
342
396
345
438
400
321
382
566
330
318
456
545
338
379
439
523
450
655
406
405
445
447
409
487
388
1043
480
376
942
415
422
451
1125
502
372
401
409
385
426
398
470
686
475
411
409
411
611
488
493
1015
445
377
810
480
452
1886
459
360
380
593
431
519
520
771
424
484
471
438
486
379
422
432
552
433
567
422
419
772
728
440
383
451
325
331
427
755
507
417
414
399
360
357
442
774
585
547
383
393
493
514
412
382
442
370
499
508
427
418
542
377
434
591
455
405
510
411
527
534
426
401
433
401
526
413
571
467
381
489
419
420
357
665
529
354
342
357
396
321
301
414
331
474
344
307
375
467
330
330
322
388
310
442
392
434
517
301
518
365
341
312
479
353
319
459
405
392
332
352
497
353
312
325
439
368
340
478
369
292
349
324
423
344
331
318
369
310
349
439
449
297
342
449
364
303
342
404
369
315
351
520
381
329
338
440
388
358
309
283
437
316
321
319
499
359
310
309
414
309
294
602
349
310
310
330
338
471
367
393
364
333
364
855
374
374
272
735
440
1267
763
377
327
370
391
341
322
324
396
371
338
444
405
357
320
290
349
344
296
322
416
359
314
328
606
348
361
341
458
810
686
654
708
585
1192
721
964
423
453
415
460
477
376
491
513
1127
592
479
442
442
417
344
372
443
521
403
506
523
374
372
387
407
362
408
477
482
477
368
605
417
310
432
387
336
464
786
429
567
641
364
534
490
501
412
379
453
574
615
472
418
375
394
694
533
389
410
565
395
365
773
424
1003
528
858
480
497
1547
403
378
629
397
399
436
487
377
617
428
374
335
366
579
631
395
507
366
316
383
429
372
332
389
464
469
369
378
407
362
457
523
455
359
346
530
1186
702
502
453
402
461
410
464
425
472
956
533
422
476
396
583
391
370
371
478
440
1004
829
498
403
452
501
414
552
438
406
388
354
543
398
315
304
354
429
327
312
380
349
292
335
388
463
381
336
453
370
377
308
318
363
321
331
354
458
335
321
379
337
308
321
442
391
303
305
366
360
448
332
322
400
311
344
350
391
312
343
447
354
445
389
401
404
318
349
376
356
333
331
347
413
473
391
499
337
368
356
521
328
354
339
387
354
390
670
349
316
312
521
350
372
312
525
398
346
410
447
323
318
359
467
367
328
387
381
351
312
422
358
409
325
361
435
355
335
323
456
318
737
485
719
773
662
643
585
472
427
459
404
395
483
387
455
583
761
443
401
957
478
1306
862
750
469
1813
557
476
515
406
514
478
569
535
850
500
748
574
418
801
811
705
725
398
803
443
435
424
493
428
401
405
525
385
480
456
447
378
674
447
433
646
490
640
864
396
432
579
419
402
486
439
578
677
787
627
601
419
405
446
567
454
684
428
584
442
397
342
362
637
403
381
414
638
428
388
448
369
377
416
930
406
345
570
350
380
500
500
376
360
419
411
430
471
533
482
446
577
380
376
422
361
320
326
604
553
475
586
917
446
1105
513
438
1534
598
625
493
423
425
755
411
413
383
452
413
449
475
434
469
385
485
446
406
398
482
324
284
389
343
298
323
324
495
356
321
323
386
387
330
328
493
361
329
324
661
360
324
320
455
344
340
326
438
526
322
309
556
380
311
323
380
361
316
318
522
499
321
323
375
339
348
353
343
394
348
344
407
341
422
310
316
386
357
320
323
353
358
332
326
417
305
562
335
322
324
400
317
300
307
381
379
313
341
397
457
325
306
445
365
279
322
323
328
284
285
373
359
431
405
417
319
304
320
353
324
305
859
570
463
726
639
473
729
573
675
836
488
518
414
414
494
713
523
547
451
406
408
838
410
464
821
683
621
494
427
657
891
443
1444
589
629
2140
500
750
479
403
597
522
408
545
627
465
416
619
491
607
491
407
326
316
374
432
456
531
482
369
346
369
465
376
442
613
368
329
324
438
487
468
383
434
387
383
580
434
373
360
407
424
346
335
386
423
485
483
403
669
443
450
554
476
428
559
555
416
457
558
470
543
554
474
1341
528
524
402
471
548
442
776
404
474
338
687
431
562
467
620
431
527
453
417
353
656
1131
508
600
441
468
513
459
367
367
659
443
416
464
407
388
358
412
499
502
431
401
424
422
396
549
351
271
283
293
527
347
290
300
341
309
291
279
316
391
334
339
457
460
328
338
524
335
326
332
358
362
323
391
377
460
449
393
606
931
444
959
403
618
1860
451
537
318
454
333
401
349
465
441
332
485
354
418
465
487
863
460
309
365
425
364
415
429
335
314
427
388
313
351
304
508
388
373
323
516
325
326
584
404
563
363
358
362
324
358
362
327
335
393
481
377
383
409
368
289
280
284
394
329
352
315
524
340
317
288
434
