167
142
139
138
216
150
135
168
136
149
136
151
183
137
136
158
138
140
140
137
176
148
138
186
143
143
141
145
142
143
209
138
149
136
140
137
140
136
139
187
137
178
146
143
178
149
142
145
150
143
141
144
169
138
143
134
147
139
140
136
138
137
140
135
148
142
137
141
186
174
139
186
159
212
181
154
147
302
149
143
176
184
139
138
145
140
136
136
195
151
136
140
153
147
136
177
159
168
191
139
266
182
142
143
141
140
141
145
136
141
176
142
143
156
141
181
143
140
137
136
142
163
137
149
141
141
274
137
138
137
137
168
160
138
136
141
137
143
136
138
137
141
158
174
137
137
145
142
146
140
137
138
168
137
139
143
141
160
159
149
137
138
139
137
138
183
156
138
145
171
137
150
139
137
137
136
138
137
189
146
138
159
140
176
143
150
158
137
138
164
136
194
137
136
137
151
136
137
136
147
136
136
136
221
137
140
136
153
137
136
137
143
139
188
147
142
139
167
157
148
140
140
141
143
142
140
139
153
137
136
136
153
152
136
135
139
136
137
136
169
136
137
137
137
142
156
142
141
140
140
140
173
140
139
141
141
178
150
150
155
149
169
172
180
247
160
314
227
185
157
149
577
168
142
145
172
159
167
155
147
194
147
168
288
148
147
242
239
146
148
149
175
148
148
330
146
154
485
218
153
157
154
149
150
196
148
149
156
148
180
150
489
310
136
166
137
150
140
139
181
184
137
144
138
138
137
137
193
139
136
137
138
138
141
138
202
137
139
138
147
165
150
161
139
137
140
138
137
139
140
138
138
137
169
161
149
169
185
168
147
145
169
245
162
198
144
152
142
169
154
144
158
148
141
141
154
146
141
141
145
139
140
179
321
141
136
136
152
142
140
136
140
148
142
174
176
142
144
142
141
146
211
212
242
141
220
144
143
255
154
141
141
140
137
137
137
177
166
136
140
154
143
138
137
144
138
138
152
137
139
138
137
139
150
140
202
154
153
141
142
143
140
143
138
203
137
184
138
186
136
137
137
147
137
137
196
141
141
141
163
148
184
153
143
185
135
147
146
142
155
179
192
139
150
142
141
159
159
137
180
192
136
146
176
171
209
141
146
149
141
139
147
140
174
140
140
167
141
177
140
143
182
148
140
144
147
137
143
146
142
218
145
158
170
203
169
160
152
150
147
144
305
147
152
145
148
331
175
163
267
150
142
146
161
158
157
159
183
143
221
208
159
390
198
186
160
144
177
164
175
357
153
146
144
194
149
172
245
147
163
147
184
275
200
249
158
336
319
170
198
156
168
148
197
149
155
192
149
142
156
388
151
147
179
149
206
155
164
150
145
151
144
175
361
145
150
175
159
249
146
152
156
143
175
145
168
163
156
142
155
143
146
166
175
145
142
146
147
185
191
164
143
141
185
143
163
138
138
158
138
136
139
139
142
137
142
149
186
137
145
137
139
222
143
142
146
143
139
185
148
182
142
143
138
162
138
175
185
164
141
136
148
138
139
140
139
138
140
137
176
137
139
137
138
141
137
150
174
155
138
138
141
143
137
158
174
144
141
137
143
139
140
159
158
139
137
136
147
141
140
137
162
138
136
136
139
138
136
141
137
192
138
158
137
143
138
152
137
138
141
137
136
181
137
137
151
148
205
141
205
137
136
137
142
151
137
137
151
139
136
136
144
139
138
142
171
141
137
137
145
148
137
173
202
143
137
142
136
137
148
137
136
247
175
143
141
200
154
238
151
209
147
147
149
214
178
148
151
180
147
179
188
300
153
148
154
146
155
147
149
144
146
147
152
150
178
152
142
199
180
145
193
143
148
154
149
181
148
143
141
163
141
147
143
145
150
185
146
146
142
149
220
181
146
148
150
143
149
161
389
156
158
142
157
148
321
151
187
159
151
158
149
147
141
143
147
148
146
148
176
143
142
156
146
153
148
179
150
153
148
150
162
146
147
147
144
165
189
162
165
165
186
185
186
144
149
152
171
179
157
149
434
188
243
175
143
176
183
142
148
156
146
142
146
183
139
137
149
139
141
138
171
172
137
164
154
140
136
162
158
184
139
136
137
166
137
150
139
164
142
142
137
140
152
143
145
143
167
154
161
138
138
137
188
139
138
140
140
156
147
144
141
144
172
141
140
140
142
138
139
137
220
138
141
140
141
137
158
159
143
171
137
179
141
165
223
137
138
137
136
146
138
200
137
180
138
142
140
140
138
139
183
197
150
141
185
142
139
136
169
138
139
136
142
147
140
137
139
169
164
154
165
167
176
143
197
137
159
175
144
142
143
218
140
136
137
142
139
137
135
210
138
137
173
191
185
177
141
164
194
158
140
168
251
322
322
146
146
147
166
174
161
174
178
194
174
152
162
636
157
216
143
158
146
169
276
148
188
302
142
144
227
149
175
322
143
172
148
165
150
148
177
157
143
143
149
145
165
162
140
142
187
175
178
151
164
164
142
142
149
147
150
144
149
137
160
147
145
219
148
172
143
142
542
392
165
155
171
145
166
164
149
161
142
160
183
147
151
373
148
164
140
141
143
163
486
239
144
143
145
155
306
147
143
249
187
179
210
145
159
548
144
169
164
169
149
145
143
175
162
166
192
147
143
141
146
147
148
264
170
148
180
156
147
281
173
140
186
184
138
207
139
140
136
262
142
174
168
140
140
138
174
139
140
139
147
145
144
140
164
162
195
137
141
162
140
137
140
180
165
186
193
197
193
141
164
173
216
145
145
138
151
160
144
137
140
192
143
136
138
165
137
136
137
161
137
172
137
138
142
136
168
138
149
136
160
139
139
181
137
143
137
136
143
141
140
149
166
187
137
143
171
138
139
140
141
141
206
138
184
138
137
137
142
161
138
137
163
160
139
217
140
161
154
176
160
142
143
170
156
175
160
141
140
143
139
139
138
138
139
139
205
176
145
144
149
147
152
143
158
140
166
147
339
155
147
601
147
143
155
153
145
147
144
148
147
153
148
152
353
149
151
157
155
188
144
175
155
144
292
144
145
146
154
154
142
209
149
156
144
149
152
282
148
157
145
147
150
178
164
150
157
141
162
149
159
282
168
143
141
141
148
168
167
144
149
143
165
146
156
183
149
144
143
143
189
323
149
143
176
146
145
148
147
147
142
186
181
155
147
147
144
150
488
144
155
147
151
147
141
151
143
151
244
184
145
142
155
145
148
150
161
165
144
146
148
145
148
203
184
180
142
144
159
143
146
144
142
147
146
328
160
143
149
158
142
348
142
140
136
140
172
136
149
137
138
136
137
137
139
137
136
139
138
157
136
150
137
159
137
142
142
141
140
168
139
142
140
162
151
165
136
164
182
137
137
142
141
146
137
161
138
147
136
207
183
137
136
136
137
136
141
136
138
136
142
137
138
138
137
137
138
137
140
140
142
144
155
137
142
139
140
136
138
138
136
137
137
152
136
148
148
140
140
142
141
139
138
154
143
143
143
162
142
140
203
169
172
138
180
150
150
137
138
140
177
409
201
143
143
142
175
140
138
138
140
140
141
143
136
141
143
137
148
137
142
137
141
142
142
141
145
142
142
137
150
138
138
163
140
141
141
142
136
137
160
136
155
152
164
141
137
141
137
137
142
137
138
193
159
137
162
137
140
137
155
137
136
137
137
137
161
137
144
138
137
156
139
138
158
137
142
147
137
137
137
139
149
185
136
204
137
137
140
143
138
136
137
161
137
149
139
137
137
137
137
138
138
136
137
140
138
138
152
138
138
137
139
137
139
137
136
141
136
137
136
183
137
136
178
159
138
137
137
167
141
136
168
176
150
136
142
139
138
137
137
136
184
158
136
136
173
150
158
136
142
136
137
182
139
159
163
138
139
175
137
175
140
136
136
182
142
137
140
140
142
152
137
172
145
137
136
137
139
137
136
143
138
158
162
139
137
139
145
166
211
142
160
167
142
275
140
140
140
143
144
140
183
141
137
141
137
141
140
138
168
137
140
140
144
137
139
232
144
145
137
153
139
140
167
156
146
138
142
158
142
192
140
149
142
165
140
143
162
141
140
143
147
184
142
142
141
228
149
149
262
149
187
307
145
144
152
232
657
639
217
266
149
154
151
241
153
149
146
147
200
150
150
153
287
239
430
342
168
158
313
321
204
174
159
186
167
374
165
150
149
478
152
147
146
149
144
147
146
156
147
147
212
162
181
142
150
147
186
175
316
154
163
139
161
143
146
157
166
326
151
141
143
300
143
139
141
143
145
268
145
144
144
149
146
143
160
308
156
217
151
143
159
176
145
143
144
145
147
235
325
140
137
137
272
136
179
140
172
149
158
138
140
141
147
141
140
141
146
142
140
140
163
137
140
150
144
141
140
137
143
142
141
149
140
136
156
137
163
140
139
136
140
140
140
141
140
158
148
137
139
137
136
158
153
137
141
138
163
137
141
141
141
142
141
158
143
136
137
136
138
164
136
195
143
137
180
137
173
143
137
136
136
161
158
140
153
141
136
135
136
137
144
141
136
170
138
150
137
167
154
147
141
205
143
145
138
165
141
152
140
141
139
136
149
191
135
139
142
136
138
138
137
137
142
146
140
136
149
146
170
142
138
138
138
137
138
143
137
136
138
137
137
136
138
164
137
136
162
143
140
136
168
218
159
217
210
158
239
239
162
147
158
155
203
150
148
165
156
157
148
146
145
149
154
152
152
145
162
176
139
147
149
161
149
148
143
260
189
151
157
151
147
142
153
147
180
204
145
155
196
152
150
144
149
147
246
156
162
155
149
150
149
144
167
171
435
149
159
167
153
153
145
155
157
143
166
141
141
146
157
141
295
163
164
140
138
140
141
140
140
141
140
154
137
140
136
184
138
157
149
143
140
138
187
167
138
149
143
138
138
137
153
138
136
138
138
138
178
137
142
142
164
168
174
184
148
276
159
142
155
144
140
147
167
203
147
138
194
140
142
141
142
140
141
141
140
139
140
142
139
138
140
141
148
141
140
137
140
142
140
141
157
143
143
144
142
140
141
139
137
161
177
143
142
145
141
142
142
142
139
155
138
142
141
141
141
136
137
137
138
149
137
140
159
137
143
138
139
139
140
171
146
137
146
142
137
137
137
181
136
136
172
138
201
141
166
146
142
140
136
136
138
143
136
136
140
142
139
139
155
162
137
137
152
138
136
136
187
137
136
137
137
150
137
137
137
161
137
305
137
167
138
137
167
168
141
141
142
152
147
152
150
172
150
171
182
187
180
171
148
207
149
620
297
147
146
147
148
163
192
204
152
151
178
142
180
167
144
177
145
148
147
144
187
251
300
396
150
165
168
154
179
368
153
161
202
228
169
227
188
194
155
168
201
156
149
154
183
148
410
201
161
189
162
335
156
144
186
143
142
144
162
235
251
155
165
142
172
164
188
174
168
145
147
147
149
147
144
148
151
187
159
157
143
147
204
147
149
317
188
142
143
144
188
321
153
156
165
168
148
155
156
144
150
187
143
164
142
182
144
141
140
141
162
141
137
175
180
184
141
141
137
140
136
135
181
184
138
150
138
140
141
141
210
139
141
140
164
141
141
150
149
165
146
151
203
150
141
141
208
136
137
151
163
140
146
141
165
165
136
136
143
142
187
172
137
141
141
173
182
136
149
148
139
136
136
151
142
140
177
146
139
159
140
140
152
137
136
136
192
141
141
193
139
137
137
247
144
140
140
141
143
165
136
168
146
140
164
204
142
163
140
388
145
255
151
142
137
138
139
137
137
137
139
182
141
150
138
137
137
148
158
138
136
137
174
138
137
142
140
147
137
136
146
177
141
140
159
144
666
151
367
149
189
152
149
151
213
231
168
652
165
158
167
151
147
140
145
172
154
162
178
149
143
143
147
152
141
166
144
178
149
175
146
160
141
155
172
150
167
176
149
159
143
147
153
311
146
154
152
144
346
333
153
145
146
189
617
175
158
156
200
149
143
157
200
228
159
170
227
198
282
148
145
231
144
154
154
164
148
187
144
142
143
163
146
406
142
143
165
141
142
153
160
146
147
246
151
143
149
144
170
166
185
144
143
152
156
709
172
179
169
142
177
146
393
156
144
559
146
182
159
147
212
142
154
166
211
150
227
172
148
172
169
166
184
169
161
167
143
143
149
143
141
142
161
165
149
141
149
137
137
142
136
149
139
180
140
136
171
137
137
137
137
137
138
150
137
141
148
139
140
140
141
138
136
137
144
146
186
157
137
139
140
146
137
138
136
141
181
141
147
150
153
143
141
141
138
144
141
141
142
139
150
137
139
140
199
141
140
137
141
141
163
140
150
210
182
140
140
168
138
141
147
142
138
136
150
140
138
141
141
140
141
137
138
138
142
141
149
151
138
136
141
145
137
137
137
142
140
145
139
140
146
151
139
143
170
164
143
170
174
270
154
151
150
425
162
229
464
196
595
330
191
145
355
189
230
151
147
156
144
194
155
256
190
503
155
150
582
340
370
323
148
287
246
148
166
189
181
156
181
179
259
447
181
155
147
342
148
192
153
150
313
157
148
149
277
184
186
193
174
150
180
205
190
202
186
186
150
168
177
156
188
158
188
148
144
148
260
149
149
149
345
142
152
166
153
147
195
601
143
141
158
142
147
145
190
147
154
144
163
156
184
163
169
211
172
178
183
143
143
164
142
147
167
160
165
184
145
424
147
159
495
146
308
144
146
167
164
159
142
171
143
147
149
165
178
142
142
159
198
142
148
149
141
140
142
191
135
138
138
199
138
141
141
149
143
143
137
162
141
157
142
153
137
137
137
184
138
164
137
143
138
141
145
142
141
137
137
206
138
140
141
143
138
137
137
137
137
137
137
183
138
146
137
138
138
153
137
137
165
138
142
137
182
137
137
142
150
140
141
139
137
136
139
136
137
160
147
137
137
138
170
136
146
136
186
137
136
140
138
137
136
136
170
150
137
151
138
142
136
138
166
176
137
142
177
154
140
138
140
146
213
143
185
145
155
142
191
157
168
191
177
144
150
144
203
148
143
303
212
168
219
143
335
186
160
373
257
220
516
180
601
150
184
295
154
149
149
154
149
149
155
232
156
181
148
144
146
202
176
145
168
154
154
141
147
165
162
167
194
163
155
154
151
172
162
175
145
144
173
146
158
143
145
148
143
142
159
147
140
166
145
144
165
195
203
147
145
143
182
182
148
149
144
146
210
158
341
584
156
145
168
170
158
149
305
145
145
141
220
149
158
146
180
144
145
147
153
147
185
239
156
151
144
210
155
144
141
184
201
154
170
166
176
146
148
166
202
192
144
184
154
149
142
171
143
140
141
150
151
141
144
141
142
140
146
140
146
138
138
141
152
149
138
137
139
137
137
137
138
147
186
160
154
140
246
167
209
174
143
174
148
207
364
167
142
215
145
140
143
266
174
146
141
140
192
139
137
140
278
178
141
141
144
137
139
180
138
137
136
138
137
137
150
147
146
148
136
143
142
137
139
140
210
142
141
142
182
142
141
140
145
147
159
149
155
143
141
140
140
158
150
141
141
141
151
140
140
145
162
