1146
1183
1168
1209
1186
1163
1182
1184
1154
1193
1115
1374
1178
1147
1153
1457
1155
1130
1204
1336
1250
1180
1493
1224
1278
1182
1259
1237
1169
1358
1374
1209
1169
1427
1176
1172
1152
1178
1175
1158
1130
1275
1231
1171
1409
1253
1136
1158
1282
1203
1156
1199
1535
1225
1144
1113
1503
1186
1105
1104
1192
1169
1112
1194
1178
1216
1284
1504
1303
1180
1192
1216
1944
1836
1242
1181
1178
1523
1247
1210
1174
1668
1195
1450
1199
1164
1143
1188
1244
1182
1126
1121
1166
1127
1138
1353
1167
1099
1389
1727
1687
1318
1324
1179
1174
1526
1176
1244
1138
1283
1216
1241
1281
1203
1220
1164
1758
1232
1158
1154
1271
1251
1150
1563
1329
1128
1191
1180
1169
1172
1207
1227
1160
1151
1223
1238
1257
1154
1413
1182
1166
1167
1171
1168
1142
1153
1299
1249
1151
1296
1252
1190
1283
1459
1197
1155
1154
1259
1154
1247
1925
1292
1223
1146
1230
1160
1155
1132
1257
1187
1154
1315
1488
1187
1138
1742
1214
1159
1226
1319
1208
1226
1201
1323
1194
1171
1176
1415
1176
1188
1436
1311
1174
1182
1503
1232
1185
1179
1214
1186
1156
1145
1185
1185
1135
1162
1222
1249
1131
1156
1201
1145
1132
1172
1166
1224
1150
1139
1187
1262
1151
1232
1261
1155
1145
1163
1165
1168
1127
1320
1221
1170
1142
1117
1450
1173
1111
1156
1149
1161
1133
1103
1170
1162
1150
1167
1237
1171
1170
1168
1196
1211
1165
1140
1199
1199
2529
2172
2474
2264
2251
2085
5201
4239
4050
2188
1407
1340
1364
1323
2051
1488
1172
1244
1312
1248
1328
2006
1224
1276
1191
1286
1406
1207
1420
1259
1255
1205
1359
1213
1266
1348
1368
1197
1344
1209
1237
1406
1221
1358
1278
1396
1270
1625
1236
1285
1159
1281
1270
1265
1763
2214
1253
1171
1397
1123
1273
1363
1412
1182
1202
1455
1274
1272
1148
1269
1301
1127
1194
1382
1257
1155
1164
1405
1186
1156
1112
1453
1259
1170
1153
1502
1451
1139
1200
1355
1152
1129
1110
1321
1242
1159
1139
1453
1238
1219
1215
1266
1297
1524
1392
1525
1334
1292
1318
1258
1248
1497
1505
1415
1244
1322
1286
1133
1146
1576
1242
1128
1246
1398
1213
1178
1363
1476
1181
1175
2657
1236
1174
1122
1852
1214
1119
1155
1375
1386
1515
1538
1219
1165
1169
1452
1343
1211
1227
1423
1262
1265
1523
1271
1154
1310
1343
1120
1150
1095
1354
1478
1103
1144
1326
1176
1185
1213
1270
1140
1119
1399
1255
1202
1187
1208
1141
1246
1213
1373
1411
1233
1308
1265
1221
1204
1126
1293
1187
1140
1149
1221
1237
1135
1167
1264
1264
1141
1140
1321
1197
1148
1225
1188
1207
1184
1192
1183
1119
1354
1185
1200
1153
1140
1207
1249
1203
1130
1169
1243
1160
1120
1170
1208
1147
1132
1159
1338
1411
1252
1435
1277
1195
1233
1712
1238
1262
1692
1277
1135
1193
1767
1241
1168
1185
1603
1193
1121
1180
1234
1137
1150
1713
1267
1161
1296
1300
1623
1227
1226
1292
1227
1195
1164
1483
1287
1582
1245
1427
1585
7671
1292
1250
1383
1252
1299
1896
1390
1486
1463
1273
1155
1166
1316
1353
1382
1255
1559
1174
1158
1741
1316
1288
1354
1243
1241
1149
1357
1308
1302
1782
1247
1215
1184
1916
1994
1907
1730
1595
1218
1401
1270
1286
1507
1284
1363
2137
1242
1261
1682
1354
1249
1222
1744
1687
1282
1828
1313
1253
1484
1827
1304
1232
1416
1277
1275
1558
1335
1294
1585
1339
1312
1405
1461
1257
1351
1420
1245
1239
1359
1316
1235
1346
1418
1351
1310
1434
1272
1275
1451
1637
1534
1524
1292
1297
1181
1143
1451
36150
2653
1393
1342
1247
1162
1360
1476
1195
1120
1384
1408
1183
1185
1277
1316
1231
1196
1828
1290
1215
1163
1217
1308
1199
1145
1266
1212
1277
1196
1367
1242
1209
1566
1459
1160
1127
1456
1199
1171
1155
1378
1538
1228
1151
1345
1230
1160
1163
1263
1458
1245
1124
1295
1184
1134
1269
1190
1193
1126
1132
1277
1185
1143
1140
1297
1438
1139
1138
1265
1158
1151
1483
1224
1179
1147
1119
1367
1128
1178
1176
1335
1129
1097
1303
1181
1140
1173
1121
1235
1177
1164
1119
1152
1223
1132
1130
1200
1227
1166
1551
1257
1188
1122
1125
1305
1162
1123
1134
1177
1144
1166
1104
1359
1173
1178
1143
1212
1161
1152
1120
1586
1222
1129
1088
1156
1144
1122
1206
1215
1225
1106
1078
1299
1109
1094
1096
1304
1374
1202
1323
1202
1237
1171
5956
2102
2073
2040
2361
2069
2118
1990
2673
2257
2166
3306
2370
1311
1280
1261
1300
1291
1193
1501
1223
1214
1212
1434
1369
1240
1267
1221
1446
1316
1638
1391
1252
1228
1243
1727
1350
1704
1283
1223
1223
1399
1141
1194
1376
1525
1360
1263
1568
1330
1322
1350
1306
1247
1328
1411
1387
1196
1364
1288
1385
1321
1378
1268
1479
1293
1487
1208
1353
1549
1274
1250
1451
1307
1267
1216
1344
1248
1222
1232
1572
1241
1176
1245
1360
1283
1355
1432
1262
1292
1271
1414
1324
1296
1227
1442
1250
1259
1328
1392
1189
1421
1328
1297
1373
1233
1260
1497
1827
1329
1376
1261
1959
1305
1310
2400
1304
1291
1401
1875
1441
1332
1435
1362
1344
1574
1346
1142
1137
1257
1150
1198
1161
1268
1162
1212
1162
1290
1169
1244
1141
1305
1334
1289
1147
1317
1223
1136
1555
1457
1163
1130
1251
1325
1292
1209
1354
1269
1196
1165
1485
1532
1215
1274
1384
1355
1173
1479
1264
1164
1260
1343
1231
1206
1239
1590
1406
1278
1306
1241
1196
1163
1217
1262
1174
1155
1142
1286
1229
1127
1174
1223
1248
5665
1503
1185
1220
1489
1331
1172
1171
1165
1330
1331
1169
1178
1462
1231
1153
1605
1243
1165
1222
1398
1218
1188
1137
1345
1396
1148
1163
1542
1171
1160
1141
1330
1122
1140
1133
1259
1378
1279
1544
1503
1232
1128
1251
1312
1271
1297
1246
1201
1187
1366
1352
1207
1217
1493
1418
1190
1116
1391
1254
1176
1179
1158
2126
1974
4470
2216
1997
2162
1950
2036
1977
4164
2239
2205
2382
1480
1663
1760
1323
1588
1374
1713
1454
1334
1387
2136
2934
1298
1376
1204
1227
1382
1481
1348
1295
1417
1333
1257
1498
1332
1441
1358
1219
1399
1451
1476
1443
1307
1347
1282
1291
1583
1516
1672
1330
1288
1260
1128
1179
1235
1253
1527
1561
1326
1151
1164
1490
1246
1446
1307
1254
1252
1229
1362
1339
1481
1424
1499
1274
1356
1406
1419
1246
1212
1510
1321
1232
1339
1247
1204
1166
1279
1343
1322
1234
1488
1244
1217
1186
1516
1718
1318
1239
1596
1369
1574
1500
1281
1373
1516
1304
1221
1815
1455
1525
1353
1325
1494
1803
1348
1230
1279
1481
1258
1307
1248
1307
1257
1340
1430
1389
1232
1344
1394
1429
1476
1300
1219
1554
1537
1413
1500
1304
1114
1189
1194
1193
1160
1310
1247
1187
1235
1355
1226
1144
1200
1309
1138
1224
1264
1187
1168
1084
1261
1319
1165
1106
1134
1146
1195
1119
1698
1286
1289
1207
1459
1230
1307
1298
1360
1298
1249
1433
1256
1272
1537
1209
1162
1569
1293
1304
1129
1404
1220
1200
1156
1297
1190
1168
1134
1299
1174
1134
1173
1371
1318
1177
1132
1168
1333
1116
1148
1121
1477
1305
1137
1580
1300
1185
1144
1515
1220
1115
1146
1150
1181
1196
1124
1383
1336
1223
1112
1112
1248
1170
1213
1306
1282
1263
1261
1303
1207
1123
1136
1452
1259
1133
1134
1431
1297
1212
1320
1175
1170
1209
1155
1203
1186
2126
1937
1991
3332
4680
2005
1979
1850
1930
1961
3461
2023
2185
1473
1420
1323
1865
1216
1239
1197
1167
1259
1357
1336
1215
1564
1255
1160
1633
1711
1262
1265
1267
1445
1276
1728
1391
1402
1470
1297
1270
1275
1360
1768
1356
1551
1585
1331
1356
1566
1262
1227
1255
1388
1479
1852
1300
1280
1151
1418
1426
1458
1509
1480
1331
1253
1252
1237
1748
1572
1253
1170
1144
1428
1290
1310
1768
1371
1201
1129
1276
1336
1330
1271
1506
1246
1186
1190
1466
1265
1526
1352
1331
1335
1381
1474
1346
1219
1240
1246
1413
1468
1278
1305
1200
1248
1293
1233
2559
1630
1293
1316
1436
1283
1267
1383
1720
1272
1231
1227
1563
1314
1352
1357
1293
1257
1438
1741
2230
1429
1322
1482
1240
1313
1880
1437
1486
1239
1324
1176
1391
2171
1847
1203
1270
1370
1299
1368
1502
1325
1246
1243
1313
1943
1347
1431
1373
1106
1131
1471
1184
1137
1129
1329
1400
1259
1129
1276
1429
1229
1144
1331
1345
1339
1162
1175
1303
1265
1148
1618
1303
1121
1135
1170
1262
1138
1139
1387
1506
1205
1127
1093
1437
1183
1156
1247
1246
1174
1597
1115
1292
1223
1147
1101
1201
1138
1047
1121
1324
1185
1115
1099
1664
1341
1302
1156
1159
1277
1133
1167
1180
1286
1160
1147
1116
1219
1180
1141
1173
1364
1233
1131
1139
1239
1189
1139
1202
1192
1229
1145
1169
1327
1099
1173
1202
1309
1199
1575
1799
1340
1325
1190
1420
1157
1181
1284
1277
1280
1209
1183
1317
1165
1204
1164
1920
1261
1639
1213
1418
1316
1277
1343
1380
1216
1115
1122
1690
1214
1096
1358
1259
1206
1162
1210
1475
1189
1100
1119
1369
1200
1229
1176
1318
1258
1146
1192
1579
1159
1172
1183
1325
1220
1150
1138
1419
1349
1141
1635
1522
1173
1123
1124
1252
1236
1164
1128
1193
1253
1205
1123
1170
1381
1116
1120
1109
1232
1128
1099
1144
1167
1215
1132
1436
1371
1195
1121
1137
1223
1161
1096
1130
1246
1184
1149
1140
1185
1141
1132
1097
1178
1204
1195
1159
1165
1190
1132
1176
1332
1327
1100
1145
1498
1169
1164
1187
1665
1178
1173
1157
1498
1181
1131
1095
1318
1179
1198
1267
1324
1451
1184
1131
1609
1315
1129
1125
1215
1318
1199
1173
1289
1325
1190
1144
1238
1204
1133
1106
1192
1227
1162
1285
1142
1163
1191
1165
1106
1224
1190
1140
1155
1279
1303
1196
1137
1314
1171
1121
1161
1211
1232
1223
1171
1178
1236
1155
1189
1343
1179
1144
1130
1294
1200
1111
1107
1134
1188
1273
1226
1153
1181
1187
1144
1284
1249
1161
1146
1307
1216
1169
1600
1276
1199
1225
1459
1941
1226
1427
1292
1298
1270
1564
1255
1086
1356
1327
1222
1151
1389
1308
1265
1190
1251
1235
1248
1260
1385
1275
1144
1350
1203
1116
1252
1304
1260
1181
1243
1424
1234
1151
1220
1509
1339
1223
1185
1332
1224
1168
1446
1259
1305
1611
1642
1184
1160
1161
1242
1182
1148
1214
1333
1197
1141
4141
5407
4142
4228
8004
1496
1828
1365
1306
1573
2318
1466
1529
1548
1454
1288
1516
1910
1316
1652
1257
1204
1669
1723
1285
1361
1768
1814
1283
2009
2026
1449
1990
1811
1720
1279
1378
1622
1336
1343
1874
1277
1243
1441
1673
1256
1209
1412
1273
1147
1242
1287
1254
1294
1263
1285
1360
1380
1820
1331
1198
1259
1933
1510
1800
1492
1335
1345
1789
1328
1308
1187
1677
1256
1231
2033
1221
1314
2212
1223
1232
1279
1323
1274
1311
1761
1256
1193
1199
2536
1284
1455
1327
1272
1402
1303
1468
1331
1457
1732
1285
1181
1285
1387
1123
1132
1641
1334
7145
1294
1139
1158
1516
1239
1167
1151
1357
1272
1153
1118
1734
1358
1135
1107
1831
1293
1082
1106
1680
1272
1154
1130
1488
1245
1237
1208
1459
1326
1182
1163
1382
1197
1119
1131
1576
1161
1142
1133
1383
1160
1124
1131
1246
1303
1189
1208
1169
1308
1130
1199
1215
1448
1157
1135
1198
1246
1134
1198
1282
1303
1164
1182
1187
1310
1474
1246
1213
1285
1089
1095
1130
1340
1112
1127
1108
1396
1415
1164
1079
1350
1167
1118
1095
1084
1287
1213
1125
1148
1263
1159
1207
1167
1252
1455
1174
1134
1293
1251
1178
1118
1254
1448
1171
1144
1278
1174
1087
1104
1182
1152
1132
1120
1382
1330
1109
1151
1238
1219
1133
1199
1465
1171
1150
1279
1413
1200
1116
1148
1442
1283
1125
1101
1412
1319
1109
1210
1122
1410
1127
1119
1204
1298
1205
1106
1176
1379
1470
1368
1362
1429
1506
1537
1528
1279
1280
1497
1542
2199
1249
1223
1238
2645
1698
1271
1525
1239
1273
1388
1940
1296
1328
1339
1528
1303
1249
1551
1276
1217
1188
1185
1808
1352
1375
1333
1305
1238
1515
1330
1288
1378
1346
1482
1379
1497
1346
1923
1535
1214
1220
1184
1649
1307
1477
1329
1310
1265
1207
1727
1402
1576
1281
1277
1440
1195
1386
1291
1186
1286
1238
1168
1152
1310
1229
1234
1481
1200
1208
1112
1123
1086
1371
1130
1094
1078
1076
1130
1225
1156
1147
1269
1183
1131
1581
1187
1163
1198
1109
1157
1247
1291
1238
1377
1224
1135
1242
1393
1136
1147
1180
1206
1250
1280
1249
1510
1173
1233
1429
1327
1238
1429
1493
1523
1195
1367
1143
1262
1171
1255
1151
1253
1183
1229
1182
1286
1465
1219
1192
1186
1380
1523
1225
1130
1611
1356
1265
1294
1304
1189
1184
1155
1314
1199
1151
1270
1540
1341
1377
1335
1281
1168
1192
1624
1216
1120
1187
1334
1249
1163
1142
1650
1269
1217
1207
1414
1194
1127
1197
1329
1324
1135
1278
1190
1300
1119
1234
1913
1409
1103
1211
1159
1346
1133
1236
1137
1204
1119
1107
1182
1237
1220
1127
1124
1148
1192
1369
1112
1153
1166
1336
1272
1278
1110
1084
1114
1309
1143
1135
1120
1423
1224
1151
1124
1383
1245
1125
1125
1153
1241
1115
1174
1155
1214
1137
1158
1111
1221
1165
1112
1151
1144
1184
1140
1264
1163
1339
1200
1134
1405
1230
1134
1100
1316
1219
1204
1400
1231
1235
1257
1370
1352
1383
1185
1252
1383
1222
1449
1398
1241
1216
1365
2630
1505
1477
1235
1255
1551
1207
1292
1385
1227
1362
1517
1536
1476
1191
1422
1677
1269
1416
1912
1340
1277
1256
1235
1313
1369
1832
1240
1252
1681
1569
1407
2080
1311
1254
1474
1276
1274
1240
1247
1444
1286
1409
1316
1427
1297
1332
1389
1426
1281
1269
1263
1194
1329
1339
1333
1429
1314
1501
1261
1205
1226
1312
1260
5723
1355
1246
1314
1359
1446
1267
1199
8746
1418
1390
1261
1294
1823
1360
1248
1285
1276
1230
1205
1253
1380
1239
1305
1499
1248
1301
1253
1286
1286
1285
1448
1229
1207
1262
1454
1244
1298
1429
1230
1152
1128
1161
1215
1158
1122
1126
1195
1205
1137
1242
1233
1181
1171
1138
1239
1179
1255
1156
1275
1167
1156
1465
1351
1354
1127
1569
1355
1200
1138
1318
1666
1242
1159
1343
1391
1158
1154
1206
1181
1130
1183
1586
1175
1303
1161
1206
1231
1131
1140
1426
1140
1326
1160
1450
1328
1165
1198
1393
1116
1202
1150
1356
1195
1123
1140
1448
1116
1248
1184
1283
1158
1126
1101
1143
1155
1148
1161
1234
1239
1148
1171
1202
1217
1189
1115
1176
1127
1105
1115
1158
1292
1233
1264
1265
1133
1124
1240
1356
1348
1164
1096
1343
1372
1505
1304
1143
1169
1484
1261
1148
1174
1177
1303
1446
1180
1273
1336
1161
1195
1191
1276
1144
1165
1119
1191
1162
1242
1222
1277
1158
1160
1173
1257
3275
2072
2117
2139
1890
2025
2241
1716
1349
1260
1389
1347
1397
1258
1361
1913
1556
1316
1290
1600
1270
1310
1337
1541
1330
1515
1385
1518
1290
1211
1330
1195
1259
1166
1458
1403
1460
1294
1233
2673
1264
1297
1247
1181
1211
1563
1304
1327
1508
1223
1272
1374
1399
1262
1234
1217
1345
1745
1476
1329
1235
1257
1331
1414
1321
2176
1406
1230
1209
1140
1274
1345
1546
1429
1237
1455
1415
1470
1218
1782
1321
1356
1243
1495
1401
1362
1403
1219
1135
1202
1422
1346
1277
1195
1349
1261
1177
1416
1298
1383
1295
1400
1449
1237
1251
1444
1311
1225
1260
1436
1218
1249
1988
1466
1458
1452
1299
1402
1405
1281
1454
1316
1498
1317
1463
1679
1283
1418
1354
1282
1218
1217
1724
1604
1251
1450
1589
1294
1244
1663
1353
1321
1230
1349
1474
1228
1470
1393
1111
1136
1294
1390
1150
1149
1168
1359
1196
1217
1391
1361
1298
1217
2134
1168
1413
1149
1276
1199
1155
1269
1301
1184
1172
1105
1361
1163
1106
1190
1132
1285
1184
1130
1200
1197
1168
1176
1120
1537
1150
1180
1163
1330
1181
1535
1268
1284
1242
1171
1489
1432
1205
1212
1565
1315
1176
1177
1423
1219
1154
1180
1480
1162
1158
1180
1546
1157
1342
1182
1263
1218
1188
1181
1256
1115
1104
1134
1397
1321
1133
1267
1389
1162
1103
1816
1208
1148
1207
1360
1303
1200
1149
1550
1284
1167
1267
1434
1436
1181
1408
1453
1168
1492
1155
1254
1167
1171
2052
2126
3378
1999
2078
1366
2050
1302
1339
1312
1431
1233
1181
1262
1523
6053
1315
1143
2226
1400
1526
1264
1753
1246
2013
1622
1673
1932
1309
4714
1449
1296
2090
1498
1915
2011
2083
1271
2760
1907
1833
1832
1347
1232
1435
1270
1305
1449
1348
1443
1351
1224
1235
1254
1482
1494
1244
1892
1785
1291
1624
1242
1665
2757
1360
1302
1681
1657
1421
2344
1337
1271
1540
2315
1555
1449
1403
1270
1332
1629
1617
1331
1558
1358
2403
1698
1197
1304
1370
1298
1216
1264
1539
1498
1248
1550
1548
1365
1224
1944
1801
1340
1429
1250
1238
1485
1332
1262
1209
1800
1238
1307
1592
1830
1401
1272
1306
1360
1249
1946
1318
1201
1175
1407
1340
1358
1333
1312
1382
1994
1512
1271
1306
1965
1411
1773
1334
1413
1443
1442
1323
1327
1422
1492
1336
1354
1416
1272
1267
1503
1297
1214
1385
1438
1226
1128
1148
1428
1150
1189
1141
1387
1192
1126
1187
1330
1282
1272
1167
1187
1338
1251
1118
1191
1295
1132
1135
1130
1190
1170
1137
1239
1303
1200
1124
1113
1311
1153
1125
1149
1411
1125
1296
1132
1488
1187
1154
1664
1194
1136
1105
1154
1382
1129
1162
1120
1343
1144
1124
1128
1182
1210
1120
1113
1154
1254
1628
1121
1179
1293
9128
1264
1123
1163
1269
1225
1239
1140
1332
1154
1244
1129
1654
1168
1162
1167
1557
1199
1119
1097
1625
1169
1109
1060
1065
1349
1200
1149
1228
1304
1130
1220
1166
1346
1140
1089
4547
1957
2092
2020
1949
1911
2392
2226
5189
3489
2015
1260
1396
1484
2216
1861
1323
1364
1230
1369
1783
1469
1251
1296
1706
1812
1405
1313
1174
1339
1444
1369
1500
1334
2550
1580
1495
1405
1305
1236
1414
1221
1250
1295
1214
1365
1331
1339
1295
1297
1328
1200
1179
1150
1444
1246
1449
1625
1268
1150
1256
1305
1343
1375
2016
1284
1184
1167
1312
1339
1267
1237
1425
1192
1275
1272
1462
1248
1258
1380
1368
1205
1213
1622
1298
1388
1239
1277
1399
1350
1626
1505
1435
1338
1234
1302
1264
1375
1220
1193
1259
1271
1502
1557
1435
1294
1250
1376
1226
1205
1466
1290
1194
1161
1706
1502
1568
1609
1241
1278
1310
1295
1370
1212
1222
1341
1861
1509
1289
1308
1234
1265
1245
1294
1351
1543
1273
1219
1424
1422
1277
1201
1468
1461
1416
1239
1291
1510
1283
1412
1258
1083
1084
1124
1330
1287
1141
1171
1196
1173
1116
1102
1231
1159
1255
1242
1550
1191
1174
1127
1290
1230
1125
1108
1322
1236
1152
1235
1450
1293
1216
1238
1399
1268
1275
1300
1265
1293
1450
1482
1265
1188
1293
1162
1185
1217
1398
1376
1204
1221
1413
1198
1186
1375
1211
1178
1273
1319
1282
1259
1223
1288
1210
1179
1142
1215
1189
1144
1153
1214
1255
1264
1154
1271
1269
1189
1576
1372
1169
1207
1318
1178
1120
1218
1432
1184
1143
1418
1536
1336
1542
1207
1279
1122
1382
1110
1148
1163
1148
1173
1479
1174
1182
1129
1167
1187
532
483
604
454
459
503
500
690
524
485
544
517
488
535
482
454
439
495
543
583
532
505
696
689
763
751
569
839
560
668
625
551
493
535
477
433
500
506
517
758
556
524
675
736
517
520
664
564
605
541
472
627
480
473
484
490
462
535
483
467
518
670
558
451
487
531
468
478
580
564
598
632
535
626
562
554
612
645
541
557
720
566
530
497
609
531
554
617
786
519
555
542
557
559
582
541
586
550
810
492
543
561
639
547
743
585
554
484
533
587
450
485
496
463
498
500
648
499
544
484
469
465
525
522
464
553
502
544
522
479
634
519
492
484
509
627
481
477
694
693
521
501
564
544
442
478
452
569
481
472
477
449
532
685
538
723
589
464
626
534
445
494
493
516
504
452
740
606
480
453
430
682
473
472
562
609
682
617
559
529
557
631
782
494
511
554
601
566
587
642
547
533
549
546
466
472
537
506
506
525
492
545
489
534
639
476
524
526
659
556
592
498
489
489
495
634
522
518
631
511
757
625
600
598
651
623
785
670
545
587
534
469
575
556
501
509
489
527
505
512
480
474
496
536
762
588
488
486
508
543
574
552
541
473
516
491
1338
1407
1329
670
525
515
704
961
581
543
584
486
528
572
899
649
613
556
655
560
622
658
655
637
691
808
610
583
940
726
753
708
673
645
618
702
703
591
641
622
588
982
540
954
592
692
597
547
755
691
588
617
598
465
751
628
673
777
598
554
613
730
567
967
599
1110
604
570
520
611
549
691
601
713
655
533
505
477
680
682
753
588
561
659
617
664
684
1004
667
923
559
507
552
768
597
643
765
635
626
537
563
546
611
690
617
569
574
594
704
755
1025
640
702
575
877
685
813
596
1181
531
688
631
639
569
513
644
578
641
522
645
619
784
550
692
819
675
833
588
562
715
542
533
737
565
576
517
649
516
603
538
615
533
549
709
544
626
505
605
520
901
579
532
748
609
573
503
1124
531
509
562
544
736
510
609
566
772
521
602
614
517
536
544
750
505
683
631
492
546
551
706
507
804
534
579
532
504
674
540
959
531
512
655
775
704
762
721
672
977
744
914
708
937
874
715
864
666
692
675
802
713
951
727
692
732
665
706
668
949
789
657
781
793
679
684
731
699
681
736
669
775
693
672
701
669
697
617
674
783
817
774
723
686
683
727
757
1078
1552
1757
1761
1201
939
729
774
826
941
795
800
730
737
768
711
939
788
775
743
818
822
653
693
682
890
793
937
739
893
744
1011
953
1011
852
901
736
804
732
747
810
754
769
748
718
692
705
912
1112
713
745
721
724
766
719
821
754
982
801
811
709
853
715
739
853
703
726
693
921
1130
759
697
816
691
720
673
598
764
879
731
840
671
696
670
948
1010
849
1062
1017
1073
708
787
660
722
732
785
706
775
676
602
690
743
793
811
735
779
710
765
724
627
684
620
1008
898
783
711
752
925
760
671
719
677
631
763
613
664
661
682
643
743
672
662
619
710
655
711
677
640
628
608
672
642
657
669
808
762
698
777
720
766
737
1021
717
714
692
911
721
731
762
765
1005
715
694
796
725
881
691
827
659
727
723
686
655
623
676
770
893
730
746
798
837
980
711
702
726
637
889
734
656
692
661
746
750
611
680
676
810
708
714
740
700
917
668
668
693
670
764
667
751
619
611
616
663
619
775
642
598
644
679
882
659
639
604
679
634
670
645
737
668
838
768
817
669
749
886
952
688
674
704
655
858
750
630
673
615
618
713
702
644
601
643
764
675
669
624
608
617
1466
1767
839
762
803
709
892
1137
1039
715
764
721
709
628
600
776
811
1110
757
771
861
769
715
666
710
823
1048
929
888
821
733
815
891
910
1002
882
929
645
635
716
880
1019
1006
760
795
713
709
978
996
733
715
763
722
668
646
632
1013
823
862
795
696
705
802
973
780
770
1175
746
785
622
617
639
630
791
614
904
738
758
696
892
705
863
693
737
694
839
718
866
647
696
798
604
773
783
786
746
761
747
666
631
809
702
1116
838
811
794
866
699
978
834
4351
952
676
694
733
739
702
761
868
783
724
664
810
602
900
765
773
746
677
898
606
819
1320
728
715
772
716
712
621
660
612
766
776
792
904
676
788
741
691
661
734
668
714
625
741
641
689
637
600
608
690
718
642
661
951
628
681
613
693
663
628
685
751
615
653
735
681
647
610
935
738
720
689
713
790
745
879
766
720
728
769
926
742
830
736
712
702
711
907
656
653
836
717
742
740
755
1015
859
651
626
640
715
647
689
661
691
629
549
629
475
562
471
492
523
500
577
586
540
465
464
532
495
570
509
492
505
689
468
831
655
655
569
640
583
614
621
567
659
582
548
631
621
605
614
741
631
1167
1386
674
584
548
731
510
542
612
637
700
588
669
589
506
496
540
878
609
651
608
536
540
583
782
557
506
573
583
988
602
616
566
656
888
1311
1037
820
596
613
686
635
567
634
795
786
573
599
1248
682
697
617
529
683
526
491
643
609
623
602
621
539
528
503
538
617
881
594
570
590
579
551
666
657
482
620
553
571
548
574
576
659
535
505
503
515
761
564
680
720
751
623
517
1022
594
585
612
683
706
592
642
677
571
518
514
499
562
606
849
565
611
583
478
592
664
579
701
648
595
1256
1240
1337
1188
1528
1199
1013
1381
1006
1203
1210
1118
1050
1022
1090
1001
1039
1046
1148
1736
1040
1170
1069
1284
1057
1002
1009
1040
1099
1070
969
1041
1003
1040
1001
1270
965
984
1120
1003
991
996
942
1139
1119
1046
1122
1205
1046
1114
1182
3727
1190
1160
1066
1024
979
1158
1445
1226
2001
1488
1046
1022
1026
989
1212
2134
1170
1163
1044
1020
1005
983
1105
1548
1127
1095
1119
1034
1093
1050
1069
1031
1224
1322
1315
1285
1316
1044
1012
1045
1006
1042
977
1049
1016
966
1039
1002
1233
1087
963
1107
890
997
1082
1223
981
955
1032
979
1002
1097
1018
991
1072
1065
985
938
1006
1068
949
984
938
1048
862
955
936
863
1172
1077
853
888
1135
1015
956
1894
1622
1085
967
879
899
969
978
951
901
963
1052
987
969
919
974
882
961
943
911
926
879
974
939
933
938
946
890
927
1391
1043
996
1230
1296
1185
923
937
951
862
951
939
965
822
1035
1279
918
966
901
941
877
958
913
861
917
1018
949
889
1199
1028
1001
1009
923
931
921
1010
893
998
1086
1008
975
1153
1088
993
966
1019
944
864
1078
1236
1015
956
1192
933
897
965
1008
1405
940
3881
1117
964
966
900
834
1114
1080
1019
1030
1093
1101
1002
904
873
903
955
1127
1019
1039
1061
966
1212
1024
1044
944
962
1022
1349
1036
1054
1083
969
1037
925
962
902
921
1044
990
967
1049
948
949
915
1097
885
911
997
1170
975
906
968
1173
1217
988
1115
1185
1143
1125
962
931
952
1081
852
1000
945
968
876
1317
1306
972
946
993
1015
932
916
1358
1072
1163
1006
945
945
924
1005
953
955
1017
995
995
910
963
881
916
951
1545
979
1039
965
832
886
918
1036
1208
998
1029
1029
901
962
875
868
854
984
1014
927
999
1055
966
893
948
901
842
936
1160
1167
1114
1078
867
860
899
882
876
858
865
1184
898
896
933
885
1163
932
886
1003
945
1024
962
989
1020
1018
887
861
1147
958
871
937
858
1008
1389
1106
962
913
994
870
5453
931
1039
1117
960
1592
1111
958
1048
1045
950
874
1080
963
935
1022
948
906
960
1092
903
1053
1027
1161
998
1010
1059
1187
984
914
1040
892
941
931
854
950
888
897
960
852
909
922
892
956
972
888
855
922
859
835
977
907
814
796
870
852
967
888
1011
874
885
922
879
879
877
1026
935
901
1105
869
830
932
947
1017
930
959
850
813
1056
880
828
871
957
986
932
819
897
818
896
1022
911
953
947
1126
875
863
936
882
924
852
939
879
865
1086
1050
982
1021
1122
1005
980
1131
1081
1162
961
1092
996
1002
1014
925
978
979
1195
1010
1203
1075
964
971
941
1123
928
891
1121
1101
1183
1029
907
950
843
856
846
844
862
910
910
905
1049
901
1101
1199
1087
1012
989
1510
1011
934
1130
942
920
918
1081
972
962
1621
1053
988
1021
972
889
949
918
1403
986
3185
1170
939
934
902
1013
1054
1059
1062
947
1015
897
1164
955
1046
1104
1038
1114
1072
1091
1006
1020
1013
1086
1043
1193
1058
920
997
1175
992
872
941
948
1050
988
1131
1018
970
35914
1190
1009
972
987
976
867
860
1048
1062
1086
1056
1039
1039
1039
939
5102
972
1143
1404
1133
914
1079
908
1102
1049
893
978
1350
1059
931
1047
945
891
887
825
1113
943
1112
1026
909
1188
869
897
921
922
913
1287
982
990
1060
1147
2034
1025
923
1013
916
1011
920
926
905
1165
1083
963
1069
1045
1032
1008
1039
1015
1100
1096
998
941
1021
975
933
910
919
931
905
1150
973
962
1000
1008
914
960
920
887
957
928
944
879
1090
1774
1023
1086
1185
1007
947
900
1158
1177
1017
1015
990
972
909
924
1003
1488
1036
972
984
1013
927
940
882
864
1197
1072
925
1160
1007
1122
906
1003
884
876
999
956
919
1138
987
1111
896
916
875
864
953
944
879
995
897
889
877
931
983
849
1012
900
958
881
858
944
838
1069
1126
945
1104
1252
1330
884
955
928
849
862
997
910
927
878
866
929
920
868
954
900
937
976
878
835
934
946
887
881
1094
829
901
898
1000
907
932
948
909
888
868
938
895
911
1005
871
1058
925
922
908
986
906
914
943
963
881
900
916
1022
957
897
871
997
884
867
927
900
952
1001
912
1072
880
927
919
878
951
947
840
836
859
982
929
948
1107
915
862
977
1128
910
978
911
904
946
936
870
856
946
966
907
872
938
961
872
825
917
912
888
905
892
1094
908
506
438
479
443
402
462
461
597
430
392
499
592
546
675
542
689
496
419
403
500
412
572
448
435
396
443
524
537
420
465
621
444
416
464
403
422
479
455
642
