1896
1894
1817
2472
1952
1843
1848
2521
1952
1909
1891
2071
1916
1840
1865
1880
1881
1853
1816
1862
1984
2009
2397
2133
1964
2050
2223
1975
2006
1967
2061
1913
1884
2344
2098
1846
1864
2496
1947
1917
1859
2280
1887
1851
1843
1938
1867
1855
1845
1899
1875
1843
1867
1993
1908
1799
2262
1929
1846
1887
2633
1942
1869
1906
2501
1964
1905
1900
2319
1961
1940
2614
3667
2827
3184
1907
1983
2483
2132
2067
1895
2110
2026
2381
2263
1875
1894
2518
1968
1876
1857
2031
1849
1840
1802
2166
1891
1816
1901
2611
2334
2188
2120
1958
1991
1975
1990
1969
1882
3076
1989
1962
2141
1888
2036
1924
2078
2116
2057
1905
2712
2107
1904
1958
1990
1921
2063
2644
2277
2005
1898
2728
1924
1953
2157
2240
2126
2079
2266
2209
1907
1890
2681
2127
1930
1921
2708
2052
1939
1974
1920
1959
2311
2858
2027
1941
1912
1965
1960
2110
2092
1955
2094
1929
2825
2036
1941
1907
2223
2028
1917
2212
2106
1956
1887
1883
2128
1927
1920
2565
2274
1937
2033
2189
1978
1922
1902
2094
2017
1928
2050
2007
2084
1928
2265
2075
2024
1953
2734
1895
1805
1860
2488
1866
1801
1811
2429
1975
1817
1831
2277
1927
1850
1818
2026
2105
1864
1810
2116
1887
1840
1810
1994
1838
1816
1869
2242
1916
1807
1867
2457
1863
1853
1800
2409
1850
1795
1853
2471
1866
1920
1802
2455
1961
1831
1812
2302
1838
1859
1831
2358
1869
1835
1848
2285
1889
13811
14037
14000
14314
14148
12136
13733
19027
21129
16416
2505
3725
2674
1853
1968
1861
1676
1651
1697
1798
1783
2218
1700
1797
1760
2101
1932
2201
1660
1670
1677
1758
1801
1724
1701
2159
1915
1685
1974
1690
2065
2574
1796
1942
1900
1781
1792
2257
1676
1651
1668
2013
1841
1741
1808
2147
2094
1821
1802
1670
2016
1736
1727
1652
1758
1921
2130
1775
1654
1670
1843
1942
1873
2009
1735
1894
1714
1882
1888
1779
1668
1633
1676
1686
1637
1895
1857
1684
1709
2391
1850
1654
1657
1932
1705
1770
2048
2463
1715
1771
1712
1969
1932
1784
2174
1910
2008
1896
2158
1754
1718
1710
1760
1906
1799
2522
1824
1657
1651
2142
1811
1666
1839
2202
1787
1733
1651
1814
1743
1640
1945
1916
1845
1672
2208
1760
1647
1684
2221
1830
2575
1703
1874
1746
1774
2176
2636
2034
1757
2537
1786
1873
2150
2186
1738
1688
1808
1647
1636
1695
2085
1870
1658
1648
1897
1726
1778
1733
1902
1752
1623
1820
1669
1684
1672
1845
1683
1887
1903
1815
2000
1761
1691
1877
2009
1763
1759
2210
1892
1680
1712
2182
1857
1655
1665
2120
1908
1750
1751
2344
1781
1793
1680
1685
1866
1675
1666
1613
1567
1530
1785
1938
1766
1622
1775
2177
1757
1672
1691
2082
1796
1659
1722
1986
1728
1673
1653
2452
1794
1789
1657
2387
1817
1868
2480
1835
1706
1864
2190
1741
1712
1879
1864
1724
1707
2239
1791
1743
1821
1944
1858
1604
2085
1983
1778
1947
1863
2788
1803
1748
1727
1705
1681
1626
1787
2012
1723
1717
2820
1988
2402
1980
1874
2562
1711
1968
2057
1974
1946
1835
1694
1755
1608
1711
1850
1894
1883
3015
1738
1632
2554
1755
1740
1905
2682
1678
1661
1680
1933
1764
2361
2095
1674
1751
2071
3214
2462
2219
1869
1826
2471
2064
1763
2614
1931
1914
2749
1754
1680
1704
2219
1787
1675
2310
2053
1686
2050
2485
1725
1970
2153
1914
1655
1895
1731
2012
2021
2070
1971
2220
1845
1911
1874
1896
1696
1738
2048
1731
1700
1716
2591
1813
1762
1739
1917
1843
2857
1922
1900
1849
1972
1774
2232
2089
2108
1743
1613
2084
1968
2120
1821
1888
1667
1645
1848
1810
1700
1690
1638
1749
1679
1742
1700
1663
1806
1671
1741
1926
1839
1708
2284
1952
1775
1662
1968
1868
1854
1701
1853
1927
1748
1871
1884
1646
1535
1699
1662
1649
1603
1637
1883
1924
1792
1978
1817
1681
1764
2269
1948
1637
1671
2075
1828
1739
1708
1821
1739
1693
1635
2447
1713
1649
1626
1983
1861
1699
1629
1805
1824
1707
1610
1908
1818
1753
1655
2054
1692
1793
1842
1773
1626
1585
1593
2152
1689
1777
1631
2518
1935
1640
1632
2278
1968
1664
1667
2585
2020
1844
1745
1707
1774
1661
1721
1933
1751
1734
1844
1879
1640
1781
1703
2124
1762
1757
1674
2352
1856
1767
1644
2404
1776
1677
1692
1878
1742
1641
1780
2416
1619
1545
1538
2094
1673
1627
1551
1722
2585
1994
1754
2341
2359
1612
21099
13883
13389
14613
12244
13854
13693
13979
14755
15264
12397
12155
13907
14847
1775
1717
2232
1692
1662
1953
1787
1733
1728
1924
1835
1801
1794
1957
1912
1830
2216
2049
1778
1901
2229
1971
1804
1820
2078
1715
1678
1915
1895
1646
1938
2770
1893
1879
1723
1838
1845
1739
2149
2079
2121
1878
1874
1658
2030
2287
1866
1858
1706
1744
2015
1772
2351
1822
1818
2026
2054
1916
2641
2010
1845
1870
1818
1758
1801
1862
2057
1869
1848
1945
2121
1933
1878
2116
1815
1831
1817
2032
2864
2302
1666
1743
1766
1726
1806
1952
1747
1752
2476
1991
1808
1676
1805
1731
2302
2503
2263
1758
1785
2557
1806
1977
1967
1813
1923
2030
2234
2031
2337
2063
2123
2365
1808
1724
1691
2440
1796
1727
1655
2339
1593
1810
1646
2423
1774
1848
1694
2021
1919
1778
1670
1682
1692
1667
1702
1919
1712
1672
1695
1924
1912
1688
1842
1727
1691
1674
1648
2031
1979
2037
2476
2010
2007
1661
1891
1756
1761
1884
1908
1696
1685
1708
1857
1956
1752
2376
1816
1696
1695
2234
1832
1672
1681
2071
1841
1646
1785
1948
1889
1755
2040
1808
1765
1740
1763
1689
1641
1736
1671
1844
1814
1769
1750
1814
1702
1736
2003
1705
1699
2104
1941
1715
1760
2184
1863
1723
1894
1893
1628
1641
1614
1992
1619
1602
1604
1994
2128
1880
1929
2103
1714
1670
1991
2006
1853
1823
1760
1794
1742
1804
1822
1828
1765
1767
2213
1916
1587
2025
1970
1823
1792
2381
11790
11892
11449
13778
13408
14774
14053
14641
11985
12253
14388
13732
14434
15081
1881
2215
1851
1931
1826
3769
2054
2626
2019
2181
3059
1930
2096
1923
1842
1750
2023
2394
1930
2225
2080
2027
2674
1772
1759
3057
1733
1842
1903
2013
1926
1912
2403
2175
1924
2010
2135
1783
1864
2273
1904
1676
1694
1858
1902
1853
1722
1654
1740
1702
1931
1766
1725
1740
2265
1940
1773
1738
1797
1933
2107
1785
1941
1835
1831
1876
1827
1718
1769
2067
1761
1825
2073
1697
1785
1701
2360
2115
1897
1842
1793
1662
1723
1719
2714
1856
1793
2512
2205
2037
1979
1842
1763
2628
1952
1803
1898
1825
1869
1905
1778
1813
2929
1934
1834
1812
2516
1962
1761
1722
2219
1743
1901
1702
1820
1650
1751
1629
2090
2021
2426
1933
1826
1909
2130
1755
1844
1611
2102
1641
1703
1632
2171
1709
1676
1635
1925
1870
1647
1884
2075
1776
1740
1721
1763
1619
1571
1762
1624
1601
1575
1595
1881
1671
1544
1555
1741
1956
1764
1797
1983
1685
2510
2154
2145
1758
3796
1799
1932
2776
1769
1686
1896
2019
1787
1692
1855
1848
1902
1582
1637
1665
1608
1812
1710
1927
1780
1778
1845
1854
1787
1640
1656
1847
1735
1651
1652
2123
1953
1780
1649
1755
1692
1703
1700
1693
1701
1661
1729
1837
1698
1647
1996
1954
1812
1681
1660
2209
1892
1858
1739
1829
1738
1862
1766
1862
1784
1675
1815
1922
1791
1656
1988
1958
1687
1742
1924
1774
1688
1780
1840
1635
13797
11610
11773
11533
11503
13734
13793
13538
13417
13828
14702
12079
12062
2063
1804
2007
2066
1899
2092
1663
1653
1908
1802
1995
1737
1677
4649
1659
1812
1823
1794
1816
2370
1869
1858
1896
2007
1950
1849
2731
1811
1809
1775
2870
2167
1877
3182
1857
1921
2088
1855
1694
2031
1899
1933
2158
1941
1810
1885
2453
1872
1821
1799
1856
2001
1950
2417
1727
1907
2085
1916
1728
1662
1989
1994
2016
2268
1955
1744
1597
1685
1698
1845
1964
1891
1789
1632
1624
2058
1976
2595
1771
1868
1821
1882
2260
2199
1777
1878
1841
1876
2148
2188
1828
1969
1845
2291
1697
1920
2059
1808
1827
2074
2186
1980
1877
1936
1747
1683
1633
1913
1906
1732
1956
2008
1906
1836
1770
2406
1862
1680
2072
1704
1708
1983
1912
1915
1795
2206
1805
1972
2021
2260
1881
1820
2016
1939
1871
1922
1974
2038
1863
2420
1779
1962
2002
2008
1656
1553
1828
1755
1661
1689
1720
1864
1763
1719
1653
1729
1859
1748
1708
1758
1665
1858
1665
1689
1843
1724
1689
1920
1673
1740
1691
1726
1756
1731
1668
2030
1858
1732
1652
2133
1695
1671
1821
1693
1768
1875
1637
1851
1853
1661
1641
1815
1591
1552
1598
1952
1727
1791
1671
1525
1684
1672
1617
1553
1844
1675
1629
1735
1685
1887
1693
1691
1725
1833
1801
1711
1674
1796
1675
1628
2162
1816
1728
1817
2043
1750
1805
1674
1683
1688
1667
1788
2235
1750
1933
1975
1952
1878
1848
2130
1800
1804
2559
1711
1752
1808
1721
1930
1741
1796
1645
2279
2539
2383
1754
1634
2741
1919
2098
1798
1920
1706
1653
1661
1876
1662
1798
1742
1921
1759
1838
1915
1826
1705
1713
1839
1806
1944
1678
1654
1886
1666
1800
1725
1823
1852
1680
1677
1845
1812
1846
1654
1767
1688
1708
1875
1740
1665
1664
1643
1916
1773
1642
1722
1896
1699
1636
1627
1888
1758
1702
1738
1866
1719
1652
1774
2123
1879
1640
1655
2187
1805
1696
1707
2116
1632
1557
1828
1822
1711
1826
1654
2321
1717
1692
1631
2353
1694
2097
1745
2110
1831
1706
1663
1854
1905
1640
1644
1668
1909
1717
1704
1824
1897
1800
1645
1824
1846
1729
1643
1724
1754
1686
1806
1768
1660
1807
1674
1647
1704
1714
1693
1693
1844
1933
1857
1664
1668
1870
1697
1625
1936
1711
1697
1661
1895
1774
1700
1663
1984
1712
1663
1653
2269
1696
1644
1663
2212
1915
1858
1643
2233
1742
1704
1674
2229
1771
1760
1733
2168
2042
1665
1810
2371
1782
1689
1647
2378
1728
1656
1712
1986
1838
1915
1779
2251
1607
1838
1704
2277
1821
1775
1824
2146
1906
1788
2130
1977
1919
1808
2217
2268
2607
1806
2540
1724
1836
2073
1766
1643
1701
1922
1761
1661
1712
1957
1985
1867
2128
1812
1933
1752
1867
2010
1776
1767
1752
1756
1849
1767
1845
1952
1741
1725
2024
1808
1933
2462
1764
1688
1614
1626
1841
1722
1664
2032
1872
1937
2549
1683
1671
1802
2175
1893
1803
1935
2572
1796
1594
20481
18354
20113
19861
11824
2098
2357
1974
1842
1987
2544
2955
2681
3078
2009
1786
3449
2058
2188
3301
1834
1779
1778
2067
1767
1741
3258
2382
1913
3115
2093
2174
2192
2321
2513
1766
1820
1873
1985
2357
2355
2135
1710
1814
2970
1741
1702
2540
1669
1590
1708
2980
1748
1808
1773
1955
1756
1857
1727
1933
1824
1743
3522
2634
2323
2102
1806
1848
2917
1863
1600
1592
2617
1673
1616
2711
2093
1854
1816
1784
1893
1907
2272
1836
1851
1721
1752
1703
1660
2897
1850
1882
2683
1818
1978
1779
1944
1834
1945
2664
2044
1895
1861
1803
1588
1755
1755
1895
1770
2103
1670
1724
1696
1803
1873
1641
1649
1794
1683
1718
1657
1950
1740
1578
1573
1718
1590
1540
1789
1839
1725
1727
1661
1950
1797
1730
1773
1910
1758
1659
1874
1868
1685
1634
2124
1847
1649
1743
1782
1822
1828
1644
1643
1836
1751
1655
1623
1817
1904
1797
1646
1910
1749
1912
1748
1833
1667
1766
1713
1620
1788
1827
1689
1875
1670
1666
1911
1762
1610
1522
1537
1785
1569
1573
1547
1899
1574
1673
1577
1606
1712
1535
1522
1520
1751
1841
1674
1660
2420
1707
1689
1655
2321
2095
1879
1553
1702
2041
1715
1700
1915
1695
1679
1662
2263
1578
1578
1591
1984
1588
1767
1640
1957
1920
1721
1618
1828
1932
1706
1633
1858
1673
1796
1677
1669
1842
1710
1715
1878
1823
1671
1653
1717
1660
1629
1880
1727
1785
1733
1661
2030
1794
1788
1669
1992
2293
1983
1917
2482
2165
2301
2334
1973
1742
2101
1938
1975
1767
1744
1732
1692
2031
1799
1803
1821
1755
1741
1869
2217
1739
1630
1918
1927
1860
1716
1794
1958
2060
1661
2374
1740
1665
1992
2015
1780
1645
2011
2024
1775
1934
1768
1837
1871
2196
1752
1973
2059
1690
1893
2088
3052
1948
1790
2278
1761
1764
1695
1865
2106
2034
1745
1880
1748
1641
1835
1707
1771
2155
2221
1728
1780
1728
1983
1697
1629
1664
2116
1593
1545
1556
1569
1592
1605
1569
1534
1635
1687
1685
1721
2389
1730
1678
1620
2114
1682
1875
1674
2241
1865
1743
1764
1851
1778
1725
1662
1847
1712
1756
1731
1681
1835
1737
1896
2002
1763
2133
2505
2348
1845
1865
1706
1812
1733
2343
1731
1806
1692
2048
1737
1808
1673
2454
1625
1700
1801
1878
1744
1872
1902
1962
1787
1693
1864
1959
1714
1772
2257
1844
1733
1691
2502
1848
1734
1891
2086
1875
1937
1717
1826
1710
1684
1857
1777
1701
1705
1664
1942
1697
1742
1998
1748
1746
1813
1840
2034
1681
1715
1748
1672
1711
1632
1827
1691
1665
1743
1774
1861
1619
1813
1661
1718
1675
1901
1706
1673
1685
1611
1681
1931
2049
1730
1655
2099
1642
1780
1637
2181
1776
1691
1916
1858
1639
1594
1594
1832
1737
1771
1702
1702
1868
1705
1652
1682
1741
1622
1607
1639
1866
1711
1846
1682
1837
1692
1622
1638
2203
1747
1690
1621
2338
1752
1676
1857
2418
1924
1805
1749
1950
1859
1737
1631
1715
1919
1745
1755
1764
1887
1922
2701
1705
1991
1716
1736
1789
1900
2086
2467
2001
1642
1774
2028
1903
2166
1868
1864
2297
1684
1745
1724
2415
1758
1800
1872
1905
1813
1717
2456
1926
1748
3314
1814
2002
1708
2063
1747
1954
2367
1687
1679
1720
2228
2169
2201
2017
1869
1928
1870
2760
1778
1790
1777
1892
1919
1963
1993
1882
1910
2018
1819
1898
1798
2425
1676
1643
1720
2361
1916
2032
1898
1874
1833
1702
2240
1723
1877
1940
1859
1799
1742
2178
2032
1693
2201
1837
2575
1863
1900
2030
2267
1781
1757
2210
2006
1737
1750
1674
1705
2100
2852
1775
1984
1791
1927
1827
1898
2287
1854
1652
1653
2485
1723
1720
2088
1777
1713
1824
1703
1975
1588
1557
1514
2347
1875
1659
1685
2159
1811
1669
1678
2249
1683
1905
1779
2164
1787
1683
1816
1934
1643
1721
1652
1716
1902
1750
1837
1868
1807
1721
1745
1936
1701
1720
2237
1810
1677
1684
2472
1717
1564
1781
1999
1728
1650
1701
2979
1720
1630
1637
2254
1847
1707
1725
2219
1636
1728
1719
2214
1938
1733
1616
2144
1692
1628
1723
2138
1691
1689
1656
2023
1673
1642
1814
2275
1928
1730
1744
2297
1848
1614
1669
1937
1657
1635
1650
2333
1952
1834
2014
1937
1753
1654
2019
1972
1586
1617
1561
3707
1777
1920
2096
1714
2238
1689
1714
1754
1768
1691
1840
1727
1679
1667
1750
1785
1784
1678
1589
2047
1728
1689
1893
1755
1661
1812
1971
1718
1797
1751
2000
11751
13870
13779
14124
14149
14352
8975
2859
1759
1904
1868
1891
1953
2540
2811
1803
2351
1896
1827
2573
1946
1903
1757
1903
1973
1894
1805
2023
1792
1740
1626
1709
1869
1783
1746
2034
1861
1765
2184
1938
1819
1584
1829
1866
1619
2000
2017
1946
2116
1951
1642
1858
2263
1903
1875
1689
2070
2274
2133
2098
1685
1706
1926
2052
2115
1851
1974
1725
1670
1637
1710
2149
2154
2630
2490
2073
2853
1758
1709
1904
1986
2000
1848
2395
2003
1953
2055
1815
1781
1796
2280
1715
2025
1781
1917
1851
1726
1823
1771
1767
1675
1742
2149
1709
1734
2369
1732
1753
1759
2512
1867
1700
1608
2179
2396
1902
1928
2031
1810
1940
1686
2257
1859
2034
2949
1981
1842
1862
2337
2023
1772
1735
1725
1953
1740
1709
2157
1843
1769
1997
1860
2225
1758
2066
1876
1772
1691
2300
1670
1559
1571
1627
1691
1666
1628
1867
1815
2020
1671
1761
1845
1879
1661
1629
1777
1728
1874
1691
1790
1746
1677
1767
1694
1671
1867
1746
1664
1724
1736
1673
1696
1686
2027
1790
1661
1725
1633
2129
1813
1670
1724
2328
1901
1792
1843
2132
1895
1811
2000
1777
1792
1680
1787
2013
1827
1770
1690
1702
1847
1866
2111
2001
1770
1833
2502
1741
1904
1727
2153
1911
1839
1850
2118
1686
1663
1678
1919
1910
1706
1738
1687
1834
1702
1871
1872
1764
1843
1914
1981
1663
1807
1942
1833
1680
1657
1709
1770
1867
1830
1917
2060
1659
1645
2297
1854
1836
22450
16849
16329
16745
17143
9108
2173
1768
1944
1919
1974
1725
1726
1733
2075
2532
2742
1755
2245
2469
1839
2048
3222
1778
1897
2065
1916
2180
2108
2675
2738
1779
2178
2614
2307
2578
2532
1765
3343
3166
2473
2533
1955
1686
2237
1824
2250
2963
2009
2277
2623
1773
1716
1714
2043
2014
2083
2762
2361
2060
2981
1693
1686
2781
1764
2758
2571
2187
1739
1748
2153
1947
1847
2289
2287
1792
1820
1789
2095
2325
1976
3601
2384
1819
1958
3847
1719
1737
1675
2006
1767
1784
3153
1838
1741
1731
1889
1855
1751
2340
3034
1818
3484
1895
1891
1767
1851
2084
1749
2445
1918
1915
1986
2131
1950
1881
2382
2019
1706
1832
1862
1633
1736
1889
1921
1937
2090
2294
1818
2011
3128
1794
1794
3336
1871
2323
2075
1914
1928
2196
1983
1938
1785
2022
1842
1820
2839
1778
1793
1901
1892
1754
1965
2100
1857
1598
1851
1849
1684
1597
1724
1634
1885
1661
1622
1650
1743
1780
1713
1636
2016
1706
1645
1633
1982
1716
1699
1672
1858
1905
1636
2014
1703
1849
1655
1657
1869
1830
1739
1783
2117
1651
1962
1687
1909
1784
1713
1770
1773
1687
1669
1633
1773
1792
1783
1695
2151
1728
1652
1632
2330
1848
1649
1694
2278
1970
1711
1666
2098
1805
1790
1831
1642
1677
2221
1838
1722
1583
1928
1767
1873
1736
1774
1847
1739
1631
1761
1824
1767
1625
1585
1677
1590
1550
1537
1844
1796
1797
1902
1796
1679
1911
1670
1782
1667
1644
11766
13650
13674
13673
14249
14040
14084
12058
12211
14872
6302
1970
1884
1877
1801
1828
2038
2790
1850
1707
1718
2369
1873
1834
6815
2305
1882
1782
1655
3201
2457
1833
3000
3604
3234
1904
1948
1914
1942
1898
3021
1844
1838
2760
1802
1797
1921
1987
1997
1968
2429
1695
1649
1624
2674
2072
2103
1882
1824
1777
1891
3138
2256
1753
1646
1932
1673
1633
1906
2072
1813
1679
2460
1761
1872
1712
1845
1681
1727
2077
1708
1838
1746
1867
1900
1970
1960
2172
1782
2143
2133
2155
2104
1766
1950
1920
1791
2832
1709
1761
1714
1856
2009
1942
2065
1954
1867
2324
1702
1753
1678
2110
1698
1714
1796
2013
1935
1846
1932
1847
1988
2598
1831
1689
1672
2079
2341
1899
2112
1839
2472
2399
1907
1838
1841
1914
1702
1787
1786
1851
1758
1684
1681
1722
1755
1759
2037
1818
1777
1988
2082
1607
1584
1569
1707
1943
1683
1697
1687
1646
1587
1586
1859
1686
1864
1814
1677
1866
1790
1677
1701
2032
1739
1721
1884
2013
1751
1685
1937
1812
1792
1695
2306
2167
2181
1801
2531
1677
2074
1836
1962
1867
2008
1716
1793
1665
2260
1672
1843
1670
1757
1740
1758
1907
1968
1693
1863
1947
1885
1712
1743
2389
1838
1769
1721
2139
1791
1695
1646
2181
1770
1858
1669
2459
1906
1838
1746
1902
1708
1982
1796
1758
1688
1645
1872
1885
1669
2356
1798
1973
1900
1991
1894
1748
1614
1602
2309
1830
1667
1833
2214
1762
1767
1665
1957
1764
4948
4373
4400
4895
4373
4600
4915
4402
5088
4404
4616
4913
4432
4713
4504
4529
4899
4395
4594
6552
4657
4929
5720
5554
4568
5483
4824
4893
5050
4936
4846
4647
4441
4686
4927
4412
4533
4861
4464
4576
4773
4801
5574
4892
5296
4823
5046
4736
4908
5301
4458
4404
4421
4383
4830
4399
4352
5076
4560
4382
4475
4585
4921
4381
4545
4549
4590
4837
4633
4866
5038
5071
5258
4981
5434
4762
4806
4767
4810
5363
4796
5405
4772
4684
5294
4830
5325
4816
4947
4802
4878
5127
4918
5239
4971
5252
4772
4715
4970
4859
5471
4924
5226
4761
4978
4726
4750
4784
4655
4600
4420
4609
4861
4363
4600
4865
4410
5245
4361
4502
5290
4407
4398
4389
4362
5198
4532
4530
4990
4629
4555
4435
4568
4836
4658
4508
4696
4619
5166
4813
4807
5075
4586
5362
4351
4522
4806
4656
4424
4437
4436
4827
4752
4672
5316
4976
5607
4615
4391
4653
4436
5117
4405
4430
4901
4422
4340
4453
4385
4908
4344
4634
4881
4492
4401
4583
5365
5411
4774
6251
4419
5618
4414
4498
4814
4626
4819
4449
4417
4936
4604
4404
4697
4416
5152
4381
4568
5196
4551
4452
4335
4559
5261
4442
4382
4869
4662
4451
4569
4521
5169
4553
4338
4915
4415
4724
4380
4510
5206
4696
4658
4811
4778
5213
5092
5420
4964
5006
4817
4651
4495
4334
4530
4511
4441
4919
4657
4414
4415
4616
4925
4383
4667
4647
4602
5239
4395
4649
4845
4665
4677
4634
4369
4867
4397
4522
64538
64259
68150
24686
5006
5531
5087
5341
5077
5072
5369
4989
5790
5276
5851
5420
6037
5055
5179
5055
5637
5649
5421
5622
6606
15796
6012
4953
5486
5928
5242
5313
5845
5058
5639
4936
5937
4970
4926
4940
4969
5854
4860
5602
5215
5695
5035
4877
5494
5111
6070
5005
6884
4916
6169
5466
5614
6209
5616
4885
5395
4948
4937
5162
4993
5633
5078
5398
5045
5521
4889
5182
5177
5630
5586
4900
5370
4818
5050
5107
4939
5215
4926
5977
4928
5597
5325
5459
5362
5530
5021
4976
5272
5182
5837
4977
5615
5210
4808
4974
4906
5307
5316
5413
5133
5230
5089
4885
5542
4912
6089
5196
6654
4942
6610
5552
6224
4956
5884
4865
5230
5067
5023
5142
4841
6254
4907
6359
4852
5644
5284
6267
5438
5559
6090
6406
5044
6278
4874
5214
5102
4826
6483
4919
6414
4838
6581
4870
6408
4926
5563
4895
5006
5495
4857
6221
4828
6385
4870
5094
4926
5053
6557
4918
6235
4808
5876
4953
4812
5602
4918
6364
4845
6608
4959
5641
4892
5061
5252
4981
6404
4896
5521
4870
5088
6425
4872
6398
5062
6169
4912
5926
4931
4848
4924
4787
6350
5084
5466
4834
4928
7474
5474
5296
4892
5855
4851
6317
4873
5492
4913
4953
6563
4889
5776
4843
5792
4857
5376
4844
5143
4889
5058
5339
5064
5500
5025
4853
5025
5043
5426
5277
5518
5101
5565
4871
4982
5120
4894
5425
4945
5782
4875
5055
4982
4805
5821
4889
4781
5014
4817
5857
4960
5685
5223
4919
61983
62659
62174
56777
5624
5752
6015
6019
5358
5668
5401
5740
5401
5645
5030
6179
5179
6253
5426
5296
5200
5070
5156
5110
5997
5167
5773
5136
5761
5065
5372
5382
5903
5319
5047
4945
4890
5270
4995
5939
5284
5681
5004
5785
4863
4871
5058
5927
4606
5428
4719
5257
4768
4614
4813
4569
5782
4706
5116
4748
5419
4969
4676
4825
4590
5364
4761
7070
5001
5119
4539
4594
4433
4643
4928
4335
4577
4939
4467
5088
4574
5042
4593
5680
5168
4795
5857
4722
5819
4999
4398
4432
4924
4645
5158
4744
4598
4506
4390
5209
4586
4800
4506
4814
5112
4663
5151
4525
4463
4873
4420
5205
4829
4458
4675
4609
5213
5405
4885
4467
4684
4659
4591
5067
4412
4581
5083
4567
4527
4671
4613
4856
4434
4533
4470
4642
4890
4341
4599
4657
4397
5183
4395
4681
4874
4482
5541
4887
5396
4729
4949
4918
4775
4884
4718
5353
4738
5446
4797
4898
4768
4787
5004
4928
5197
4858
5013
4752
4703
5130
4604
5006
4352
4603
4779
4845
5269
5033
5348
4797
4718
4824
4737
5050
4427
4422
4391
4528
5076
4753
5302
4508
4340
5184
4463
4776
4330
4416
5077
4689
4451
4455
4600
4970
4449
4550
4500
4370
4971
4380
4334
5158
4362
4348
4338
4333
5294
4402
4425
4752
4519
4829
4622
4611
4630
4541
5237
4414
4594
6493
4864
4928
5233
5383
4563
5095
4494
4420
4977
4623
4614
4390
4588
4847
4357
4654
4420
4575
4829
4519
4609
4770
4580
4708
4344
4350
62169
62459
52732
5434
5632
5209
5347
5451
5190
5242
5276
5415
5216
5631
5020
5543
5310
5389
5192
5337
5367
5343
5193
5088
5409
5260
6815
5309
5819
5346
5820
5147
5830
5656
6028
5606
5635
4871
5454
4926
5109
5267
5390
5104
4877
4791
4822
5196
5090
5212
4584
4911
4695
4608
4966
4504
4807
5176
4568
5133
4670
5345
6124
5820
5666
5485
5408
4613
4881
4408
4661
4584
4626
4713
4421
4460
5314
4745
5385
4609
4554
4495
4713
5247
4581
5341
4523
4688
4407
4485
4905
4379
4688
5168
4721
5001
4635
5101
4709
4354
4694
4420
5516
5083
5669
5049
5475
4850
4888
4832
4893
4694
4552
4569
4469
5288
4442
4656
4745
4803
5110
4711
4883
4369
4680
4981
4638
5284
4454
4379
4377
4584
5463
4513
5124
4647
4616
4689
4366
5026
4398
4750
5087
4428
5307
4432
5122
4557
4508
4466
4779
5119
4663
4371
4415
4352
5199
4363
4361
4879
4548
4351
4378
4564
5104
4396
4553
4462
4629
5223
4365
4361
4618
4372
4939
4349
4599
4788
4354
4648
4541
4363
5324
4390
4789
4838
4953
4781
4685
5383
4904
5256
4767
5124
4639
4454
4915
4615
4413
4398
4528
6088
4983
5191
5608
5114
4851
4414
4633
4449
4857
4458
4593
4453
4354
5200
4392
4588
4780
4336
4976
4457
4443
5163
4355
4745
4831
4554
4849
4361
4581
4959
4645
5201
4359
4676
4942
4385
4727
4596
4802
5052
5003
5320
4948
5366
4759
4907
4912
4839
5615
4754
5603
4906
5340
5030
61839
62061
57382
6041
5171
5067
5069
5215
5309
5212
5953
5332
5985
5389
5774
5084
5288
5234
5621
5289
6989
5146
5736
4994
5082
4993
4959
5577
5139
5980
5077
5676
4934
4887
5946
5877
5904
6351
4908
5725
6863
5760
5814
5693
5291
5142
4942
5183
4909
5337
4870
4652
4609
4731
5067
4517
4944
5393
4815
4882
4668
5029
4533
4675
4631
4763
5583
4863
4961
4551
4689
4909
4505
4406
4337
4554
5122
4583
4436
4520
4620
4946
4443
4800
4817
4567
4856
4604
5177
4724
4572
5244
4506
4850
4834
4884
4965
5099
5832
4429
5356
4586
4559
4705
4612
5022
4520
4653
5299
4553
5214
4586
4401
4986
5238
5986
4491
5012
4425
4497
4885
4712
5291
4816
5085
4535
4387
4626
4571
5005
4449
4999
4440
4373
4402
4818
4951
4840
5511
4701
5407
4548
4597
4756
4432
4979
4482
4802
4602
4594
4663
4368
5195
4430
4571
4428
4511
5160
4468
5269
4619
4408
4588
4410
4852
4397
4577
4418
4536
5219
5768
4613
4650
4956
4619
4909
5747
5615
5706
5643
4915
5195
4628
4993
4440
4816
5078
4533
4900
4708
5119
4577
5121
4489
4663
4613
4748
4880
4422
5101
4498
5163
4397
4648
5010
5163
4939
4845
4971
4372
4886
4425
4896
4388
4557
4490
4510
4919
4396
4427
4565
4325
5018
4616
4908
4509
4547
4500
4358
4977
4576
4912
4409
4649
4731
4726
5528
4915
5247
4775
5602
4776
5453
4435
4481
4397
4507
4898
4386
4565
4515
4454
4835
4633
5361
4812
61901
61916
26522
5053
5446
5366
5329
5617
5157
5567
5288
5203
5338
5296
5290
5085
5535
5133
6032
5065
6010
5111
5669
5053
5583
5031
5615
4858
4792
6096
5232
5830
5351
5120
5057
4874
4928
5210
4824
5325
5012
5649
4876
4834
4942
4758
5033
4642
5150
4673
4519
4623
4667
5113
4795
5328
4730
4834
4740
4765
4739
4668
5049
4793
5542
4534
4745
4770
5751
4504
5211
4688
5188
4677
4478
4654
4420
4963
4503
5686
4633
4877
4578
4366
4658
4499
5253
4448
7067
4749
4729
4572
4863
4385
4773
4987
4445
5135
4469
4978
4564
4998
4415
4530
4451
4610
5212
4562
5184
4601
4689
4658
4594
4847
4813
5087
4913
5462
4477
5101
4476
4753
4420
4448
5063
4483
4393
4697
4670
4852
4628
4977
4434
4484
4373
4566
4909
4752
4983
4488
4491
7173
4955
5490
4537
4782
4536
4879
4452
5134
4479
5203
4415
4849
4662
4415
4931
4509
4678
4626
4670
4534
4619
4792
4402
4755
4849
4625
4499
4425
5021
4488
4951
4643
4403
5172
4462
4967
4673
5146
4389
4650
4582
4648
4779
4610
5014
4390
4538
4541
4599
5589
4515
5169
4435
4423
4584
4373
4897
4405
4682
4619
4567
4986
4699
5090
4443
4592
4495
4619
5045
4632
4656
4844
4619
4631
4374
4847
4351
4568
4558
4435
4411
4451
4367
5270
4431
4478
4477
4541
5268
4650
5164
4581
4499
4544
4517
5083
4463
4691
4534
4693
5024
4416
4953
4606
4895
4452
4622
5006
4397
4730
4520
5105
4761
5311
62614
40624
5473
6074
5381
5589
5031
4990
5173
5021
5106
5093
5466
5255
5888
5193
5929
5448
7670
5487
6137
5287
5249
4983
4855
4920
5504
4933
5315
4805
5151
4856
4842
5547
4824
5411
5080
4806
4760
4919
5481
4860
5342
4837
4776
4707
4980
4475
4438
4757
4514
5099
4701
4542
4576
4744
4995
4491
4635
4456
4651
5173
4594
4520
4551
4512
5273
4540
4693
4538
4320
4818
4306
4313
4374
4318
4907
4643
4435
4435
4317
5047
4329
4450
4498
4502
5014
4332
4378
4436
4282
4905
4367
4361
4357
4295
4806
4380
4532
4576
4841
5559
4925
5639
5017
5355
4952
4828
4956
4851
4779
4851
5375
4799
5414
4767
5345
4790
4880
4788
4725
5087
4979
6353
4849
5029
5619
5639
4964
5093
4402
4342
4369
4312
4876
4338
4323
4505
4438
4886
4649
4410
4469
4608
5356
4811
5130
4601
5226
4485
4472
4458
4395
4849
4856
5317
4791
5853
4600
5272
4634
4448
4415
4488
4751
4621
5370
4747
5532
4705
5028
4553
4446
4841
4780
5193
4440
5186
4572
4431
4462
4695
4870
4927
5484
4949
5405
4960
5466
4828
4995
4698
4991
4459
4627
5290
4613
5135
4385
4489
4429
4573
6119
4886
5455
4807
5342
4887
5189
4575
5409
4558
4437
4459
4621
4951
4528
5366
4630
4440
4563
4534
4932
4652
4510
4722
5297
4515
5311
4493
4640
4565
4633
4901
4632
5024
4564
4470
4512
4359
4942
4408
4539
4394
4651
5127
4538
5285
4395
4465
4561
4660
5156
4522
5658
4853
5438
5159
4902
4520
4442
5060
4534
4914
4481
4605
4498
4559
5433
4983
5287
5018
5345
4847
5325
4747
4815
4747
4941
5094
4855
5344
4653
4867
4409
4739
4392
4581
5095
4495
5084
4531
4465
4821
4415
4920
4668
5198
4503
4391
4428
4548
5147
4767
5391
4539
5143
4392
4731
4887
4701
4871
4435
5179
4590
4420
4459
4710
5152
4538
5036
4731
4404
4620
4520
4946
4501
4950
4468
4663
4615
4428
5274
4685
4840
4384
4610
4443
4673
5274
4384
4323
4488
4401
5144
4534
4835
4562
4568
4728
4357
5068
4415
4405
4626
4347
5275
4568
4383
4481
4346
5198
4382
4576
5653
4850
5562
4933
5155
4515
4605
4520
4844
4359
4542
4393
4600
4861
4350
4578
4366
4391
5028
4471
4344
4629
4414
4877
4652
5259
4403
4517
4519
4377
5252
4462
4363
4652
4499
4876
4649
5276
4373
4634
4661
4433
4908
4362
4624
4406
4463
5219
4579
4873
4484
4520
4590
4377
5082
4527
4333
4476
4359
4945
4648
5176
4399
4516
4706
4633
5198
4379
4480
4465
4482
5165
4594
5009
4466
4439
4598
4402
4511
4580
4743
5098
4602
4896
4470
4391
4585
4531
4763
4655
5242
4444
4341
4662
4559
5200
4406
4355
4415
4595
4823
4344
4531
4654
4522
5167
4367
4868
4466
4382
4936
4688
4402
4808
4604
4369
4746
4609
4842
4525
4528
4814
5022
5146
4664
5171
4551
4517
5114
4377
4577
4469
4453
4865
4547
4826
4618
4569
5019
4757
4586
4383
4649
4878
4511
4665
4877
5724
