26
26
23
22
25
24
22
22
25
23
23
22
27
22
22
22
29
23
23
36
38
30
30
34
33
32
31
34
33
31
36
26
23
23
24
24
22
22
24
24
23
21
32
24
23
30
72
25
23
28
25
23
24
24
26
23
22
25
23
23
22
24
24
22
44
27
31
29
35
44
83
57
33
36
43
31
27
24
37
34
31
25
33
30
30
31
23
33
24
24
24
22
24
23
23
22
64
22
22
28
36
34
55
36
30
30
31
31
30
29
34
32
31
35
38
31
29
34
31
29
29
32
32
29
37
31
29
39
30
30
28
46
56
30
29
53
43
30
31
31
30
29
29
31
30
29
29
47
32
30
31
46
34
33
33
31
29
30
34
29
30
45
34
32
29
31
29
29
29
32
30
51
35
31
29
29
32
31
29
30
31
31
39
29
33
30
29
45
33
29
30
33
30
29
29
30
31
29
29
32
23
45
21
24
23
21
22
24
25
22
21
26
22
22
21
23
25
22
22
24
26
22
32
28
22
22
22
24
23
22
22
23
23
23
21
37
22
25
22
23
22
22
21
23
23
22
37
27
23
23
23
24
24
22
22
23
328410
96
41
88
71
53
53
148
61
48
71
85
45
44
47
59
35
31
40
39
40
38
42
32
34
39
49
50
31
37
35
92
28
39
34
28
38
33
28
48
35
31
39
37
41
40
39
44
68
32
42
27
56
36
34
55
53
25
30
34
30
33
36
32
30
30
33
34
30
30
31
54
29
30
31
31
30
29
32
29
30
29
30
31
29
45
34
31
30
30
35
31
30
30
30
25
28
34
40
31
32
31
38
40
40
54
42
37
38
36
39
39
151
41
50
31
48
33
29
30
72
34
30
30
36
31
31
38
42
30
30
99
32
36
29
44
30
30
30
36
52
40
36
30
30
30
32
35
33
54
37
36
32
40
33
30
37
32
29
29
30
46
31
30
31
37
39
29
30
30
31
30
32
33
31
29
31
29
31
31
35
39
32
30
32
31
31
30
31
31
29
30
34
32
29
29
66
31
29
29
43
31
30
33
52
30
30
31
34
22
23
30
31
30
29
39
56
30
30
30
31
29
30
29
31
30
29
29
50
37
35
66
35
31
30
45
33
35
70
32
31
32
95
33
31
30
40
31
30
107
33
30
24
43
31
30
310911
34
85
40
38
42
30
29
27
49
34
37
35
53
65
100
44
39
45
32
36
83
47
91
55
42
28
28
45
57
40
41
41
36
33
47
29
35
36
39
29
26
47
35
43
49
32
26
36
62
86
63
43
53
35
36
30
48
44
35
39
60
34
31
43
44
30
31
55
55
35
40
32
35
57
89
35
36
57
45
58
39
59
31
65
77
41
38
35
42
30
42
30
58
36
41
36
36
41
76
39
42
46
36
37
49
39
74
34
37
27
34
55
46
36
35
33
31
30
33
45
31
29
32
33
29
31
38
28
30
30
49
36
34
32
32
30
30
32
36
32
31
56
34
31
30
33
31
23
22
27
23
23
24
28
31
30
41
30
30
31
30
89
32
30
31
32
32
30
30
31
32
29
29
55
31
30
38
45
34
29
30
45
29
29
24
50
30
30
29
45
39
50
40
33
23
21
36
25
25
29
29
30
31
52
30
31
29
29
29
30
31
30
31
31
41
30
30
32
29
30
30
56
24
29
29
42
29
30
29
40
30
29
28
35
31
29
29
30
31
29
30
43
25
22
21
24
22
22
22
26
33
35
31
31
32
298298
43
37
39
53
59
66
56
39
43
70
67
57
72
58
52
52
40
32
28
38
35
36
34
46
100
42
37
42
35
43
112
84
46
32
42
36
46
96
38
29
27
38
25
29
37
49
46
30
47
33
28
43
38
33
36
37
39
28
51
114
35
36
40
39
35
48
57
38
46
44
53
39
89
62
34
32
40
42
38
41
36
40
35
40
47
45
43
50
46
35
43
53
33
33
101
35
33
36
37
35
32
28
34
34
43
44
39
74
38
29
38
48
61
45
72
43
39
90
44
44
59
54
63
60
54
59
37
29
28
40
29
28
28
30
23
28
29
32
29
29
29
34
41
31
35
32
30
38
35
34
31
30
44
36
30
31
31
33
32
30
35
51
47
47
48
33
31
35
32
29
29
35
31
31
31
31
33
32
33
32
31
30
43
34
34
31
30
65
31
29
29
31
31
40
38
30
33
45
33
30
29
30
35
30
29
56
33
32
31
35
65
30
31
32
32
31
42
35
32
30
30
32
23
23
22
29
22
22
23
44
52
52
52
52
33
32
33
31
30
65
34
32
30
35
31
30
30
32
36
30
22
23
32
52
58
310689
36
57
34
28
64
28
32
43
43
82
80
35
74
37
52
47
68
44
37
40
34
38
36
53
39
39
43
41
37
58
44
64
60
69
67
53
57
41
59
41
31
39
46
49
60
59
66
53
57
63
61
43
61
36
34
30
38
36
39
63
36
41
25
35
49
33
41
62
31
28
36
39
42
66
39
53
36
35
83
39
31
30
35
31
31
48
35
31
32
33
58
39
68
47
32
28
25
26
31
62
62
116
60
62
37
44
32
45
40
34
44
46
53
52
41
85
70
45
36
38
38
51
40
35
47
30
34
38
30
27
27
38
51
44
32
33
49
47
38
28
26
23
24
24
31
29
67
32
30
30
36
31
30
36
32
30
31
27
35
24
22
33
29
24
22
23
24
25
23
32
44
31
53
33
32
32
37
48
37
27
39
36
33
39
32
30
35
33
31
30
33
32
31
29
25
23
24
29
32
30
29
30
33
30
29
29
30
32
29
29
29
39
72
30
45
34
30
30
36
31
30
29
29
66
30
67
31
33
31
33
30
43
30
30
38
33
30
30
32
31
29
30
56
31
29
29
35
72
32
31
34
31
31
30
32
322836
41
25
33
53
33
29
26
27
29
48
58
46
56
61
57
44
43
35
32
30
39
48
41
41
31
35
30
31
42
56
33
35
28
48
44
44
42
40
103
48
35
45
52
42
39
61
39
35
37
40
26
31
32
28
31
52
42
35
34
40
52
55
51
47
43
37
39
34
43
50
45
36
31
43
48
37
37
33
28
26
45
41
38
48
34
30
27
52
58
89
45
46
35
37
44
96
42
35
47
43
49
51
44
36
33
50
62
34
91
41
32
54
46
42
50
41
41
36
26
26
30
38
32
35
36
34
36
63
54
34
30
36
29
30
40
85
52
40
35
34
49
49
36
39
53
46
37
35
54
32
35
38
36
45
38
39
28
22
22
31
30
29
41
34
32
29
29
44
31
29
29
35
32
33
30
34
36
29
29
36
32
30
30
32
34
30
29
29
32
30
29
28
36
30
28
29
54
30
30
30
55
31
30
29
25
22
21
22
36
22
23
22
25
22
24
32
27
23
50
29
34
31
31
30
31
42
31
30
30
36
30
47
29
35
30
29
29
56
31
29
61
44
30
32
29
35
30
56
47
34
44
32
34
32
30
29
40
38
29
29
31
30
29
33
75
30
47
33
35
39
44
38
76
34
30
48
37
31
29
31
41
33
29
30
39
31
30
30
35
31
32
31
60
31
29
31
33
33
30
30
32
30
51
51
35
30
29
38
35
34
30
29
32
31
29
29
33
31
29
35
33
32
29
29
31
32
29
29
30
30
30
29
29
33
32
29
30
43
23
22
30
37
39
29
29
55
30
30
30
32
30
30
31
32
30
31
51
31
30
30
40
32
30
29
30
32
30
29
29
43
31
31
30
34
30
29
33
32
31
29
29
34
47
29
30
31
34
29
29
56
31
31
29
30
32
30
29
30
33
30
30
30
30
30
30
29
44
30
30
29
31
31
31
29
32
29
29
29
24
31
29
39
31
30
31
30
43
31
29
29
35
29
31
30
31
31
31
31
31
24
29
37
53
34
94
47
53
49
48
30
49
47
49
49
29
35
32
47
36
32
38
31
29
34
33
30
32
33
33
31
31
34
123
31
32
36
31
32
34
31
30
31
34
35
31
30
62
32
31
30
120
34
32
27
30
31
31
41
32
32
48
44
23
25
23
29
31
30
31
36
28
452794
54
62
52
58
85
55
51
40
70
42
101
44
47
95
37
39
49
58
51
49
36
34
78
48
39
48
58
56
72
57
85
48
66
47
49
43
67
159
39
66
65
33
30
41
50
37
35
35
28
25
35
39
41
45
35
42
81
43
56
34
34
34
51
27
94
36
33
42
46
31
30
26
42
28
27
49
24
33
39
27
36
34
47
42
42
58
32
24
30
103
42
56
44
32
46
45
49
37
51
68
70
48
39
32
22
22
74
33
42
34
29
29
58
33
28
30
52
35
30
30
50
33
30
23
43
25
22
22
51
32
29
29
50
33
35
31
44
31
29
30
34
31
29
29
35
31
31
30
59
29
30
29
33
31
28
29
30
31
29
31
30
35
30
31
34
67
30
29
46
25
29
30
31
34
32
33
63
25
22
33
21
30
22
23
22
35
24
24
22
31
23
22
22
21
30
31
29
29
46
29
32
29
43
33
25
22
42
31
30
30
34
31
31
30
44
23
21
22
24
34
30
29
31
30
58
23
23
31
30
29
31
24
30
30
30
31
30
30
33
31
49
29
34
31
29
29
30
35
29
29
29
36
30
29
30
449716
43
43
51
39
55
43
43
37
45
51
81
70
36
29
31
118
47
40
43
41
41
47
54
34
28
32
36
37
42
69
40
35
33
32
57
45
48
48
49
30
36
42
47
40
55
41
37
36
63
83
63
36
29
29
37
46
60
53
45
34
33
64
51
44
49
36
31
32
31
42
31
37
32
28
27
41
32
30
68
35
24
22
22
23
25
22
22
22
22
23
33
30
29
30
31
29
31
32
31
29
29
56
33
29
31
31
51
29
32
32
29
29
29
35
30
30
35
34
30
34
36
37
37
65
49
44
32
36
30
44
29
34
30
30
29
54
48
33
56
33
31
30
83
34
30
33
35
44
64
33
35
32
30
29
56
31
30
33
36
40
36
39
36
32
32
71
30
30
30
48
34
30
31
81
31
31
30
33
31
30
31
35
30
30
29
34
51
29
29
37
32
29
28
52
30
54
31
31
32
29
29
31
44
30
44
29
53
30
31
30
30
30
44
28
27
23
21
21
23
23
29
29
31
54
33
30
46
32
29
29
30
62
29
39
54
53
29
30
55
67
31
30
30
31
31
30
31
31
44
29
53
33
51
30
30
417084
29
30
48
38
41
41
46
47
39
50
37
34
37
64
34
35
46
51
46
45
44
34
34
60
37
37
42
31
33
106
48
46
33
37
55
44
64
60
31
30
37
35
37
43
43
33
48
50
68
72
89
66
47
50
39
36
38
67
53
77
44
41
40
61
35
84
89
50
35
36
27
41
38
54
39
40
69
40
34
40
47
42
60
40
35
36
48
50
33
31
54
34
41
39
38
58
44
41
44
89
33
29
41
37
36
48
40
39
47
36
42
44
69
41
34
29
29
38
29
31
41
36
30
30
32
32
23
22
22
31
31
30
29
44
31
29
29
33
32
30
30
43
32
32
31
32
31
30
42
31
30
29
38
30
31
30
37
33
29
33
33
32
30
32
46
24
32
30
32
32
31
29
39
30
33
30
54
31
29
29
34
30
50
29
33
45
41
29
32
29
30
41
45
29
30
22
23
31
29
29
33
33
30
29
35
30
29
29
35
30
30
29
54
30
31
31
33
30
29
27
31
33
23
22
37
56
39
34
31
30
33
23
29
28
36
30
29
29
34
31
29
29
24
25
29
29
30
45
30
29
30
32
30
29
30
380405
74
30
134
49
94
41
45
50
48
35
42
47
40
32
44
103
34
52
44
57
39
36
35
41
37
51
56
91
40
32
55
47
34
32
43
38
78
35
28
91
25
37
31
27
42
71
60
53
96
30
51
33
54
38
34
31
46
56
65
33
31
26
31
44
33
105
43
36
28
26
48
33
40
80
32
40
41
35
37
48
41
51
35
38
41
34
34
28
28
28
38
42
34
32
35
26
26
33
33
27
40
38
43
32
28
43
31
35
40
38
32
25
42
46
54
39
44
36
91
62
86
32
40
38
50
43
47
51
60
39
33
33
120
66
31
47
51
54
32
55
42
32
37
40
71
36
40
27
22
23
27
33
31
30
31
30
29
39
32
31
32
33
64
24
27
25
24
24
39
29
52
40
31
30
35
30
30
31
30
54
30
29
30
33
30
31
29
33
31
32
32
54
30
34
32
36
32
31
50
36
30
32
57
32
31
31
55
26
29
32
32
32
32
31
34
30
33
34
34
32
33
32
34
31
40
42
36
34
30
62
25
29
28
55
31
31
31
48
32
23
29
36
35
30
31
36
33
29
33
33
31
31
62
32
31
419879
38
36
58
40
36
35
46
31
30
35
35
31
31
133
42
44
31
25
51
46
104
35
48
31
89
47
41
78
56
39
35
78
70
49
58
81
55
36
83
67
73
59
43
55
48
46
41
76
70
70
43
40
40
58
71
73
32
60
63
51
45
33
62
83
34
44
55
50
45
51
70
90
77
53
45
109
43
38
61
67
74
45
50
49
79
36
30
32
41
41
38
42
45
38
35
54
39
36
36
112
37
36
43
36
41
58
39
39
37
58
34
36
85
41
45
37
41
48
29
46
32
26
25
37
40
46
34
34
33
85
40
40
46
67
42
51
36
37
55
47
35
36
45
38
39
38
44
39
35
75
36
33
36
32
29
23
23
29
26
23
28
31
32
29
29
37
35
33
30
31
33
30
50
30
34
30
29
29
32
30
31
36
25
31
30
30
34
29
29
30
33
29
30
32
28
30
29
39
30
29
29
30
32
30
30
30
32
29
29
39
50
31
29
29
31
30
31
49
33
30
53
31
29
29
45
30
46
32
23
25
30
29
33
29
30
29
30
30
29
22
27
23
22
22
23
28
30
29
31
31
39
29
47
33
29
440795
39
35
36
44
35
35
40
55
73
40
40
36
46
69
91
45
37
40
46
36
62
43
37
43
90
86
41
32
27
38
72
75
57
79
51
43
64
49
34
36
42
38
48
43
36
39
47
39
46
41
41
29
26
26
37
34
39
54
39
33
52
56
31
38
48
43
39
35
49
44
37
28
45
37
33
36
43
30
28
48
39
63
32
36
38
31
31
71
56
59
87
73
59
62
41
45
50
102
31
28
37
65
82
90
69
38
37
52
57
35
40
31
29
27
45
44
38
52
38
36
41
39
46
32
29
47
88
45
40
36
38
43
35
33
37
43
30
32
55
39
33
27
32
75
38
46
41
50
37
53
26
24
23
22
26
31
30
22
31
22
22
22
23
23
53
31
32
30
30
29
32
30
29
29
51
30
30
29
34
31
30
32
35
34
32
35
31
39
35
33
32
33
37
31
41
30
56
27
33
33
33
29
31
48
31
33
32
26
33
31
30
31
30
30
29
31
30
29
29
32
34
34
30
56
32
29
33
32
51
56
33
31
29
50
41
32
30
40
81
39
37
36
35
30
23
22
24
31
30
29
35
32
30
30
38
35
15
14
12
15
13
11
24
14
13
17
12
14
34
34
16
18
14
37
16
19
17
17
45
20
19
42
44
56
42
43
18
18
18
15
18
14
13
18
23
38
42
41
41
17
42
42
41
40
39
46
16
13
14
12
16
18
12
16
17
15
25
13
16
17
13
16
26
15
16
16
42
41
44
43
42
42
40
60
44
66
19
18
44
43
41
41
42
42
18
41
41
42
41
44
60
18
46
42
42
50
45
56
43
17
43
42
18
19
15
18
16
14
14
13
11
18
15
14
14
24
14
14
13
17
15
14
12
22
13
13
14
14
22
15
13
19
14
11
22
22
19
16
37
15
13
21
14
15
11
16
11
15
38
39
43
20
20
13
26
15
11
17
16
17
15
11
16
15
12
14
12
11
17
12
15
14
39
46
19
18
19
19
19
13
15
14
13
13
15
15
14
22
13
13
14
14
15
33
13
15
13
13
13
22
15
14
12
13
12
12
15
11
13
13
14
25
11
12
24
12
45
43
44
43
42
42
41
43
43
18
17
16
17
16
15
18
41
17
16
15
17
14
24
19
25
15
15
13
16
14
29
16
12
14
14
268201
40
32
25
25
16
18
20
26
20
19
21
18
18
20
28
29
19
19
30
29
37
37
30
31
21
20
21
21
30
21
31
31
23
21
22
27
22
21
22
20
20
50
20
22
21
31
21
20
49
20
21
32
19
13
20
25
28
26
21
21
29
18
21
30
19
24
20
21
24
18
21
30
30
20
19
14
27
15
21
30
20
19
20
27
40
20
20
46
47
58
34
20
17
29
22
19
21
18
17
18
17
20
39
22
20
19
21
21
21
19
54
19
21
21
26
19
21
19
19
19
20
37
18
19
19
21
28
20
18
19
20
30
19
19
30
21
19
21
18
43
19
18
20
24
19
18
19
18
19
19
18
20
28
30
17
19
20
19
20
27
18
38
18
18
18
19
19
18
38
19
17
18
19
18
17
19
18
18
18
18
19
18
18
18
28
18
18
18
18
19
20
18
19
23
18
17
19
18
20
17
17
18
73
44
16
14
13
16
13
16
14
14
25
14
15
12
12
11
13
13
13
11
10
12
22
13
12
12
11
11
39
39
13
11
12
10
11
12
23
13
12
11
10
10
10
10
11
10
22
12
11
12
10
14
12
190372
19
50
22
29
16
16
18
16
16
18
18
27
27
18
24
26
17
18
15
16
17
13
12
12
15
16
17
15
14
10
38
67
15
18
17
17
11
10
20
17
16
12
12
12
9
12
44
41
12
17
13
10
12
16
17
14
17
17
10
10
12
23
12
18
15
23
12
37
24
13
11
15
10
21
10
9
15
13
12
12
12
11
12
16
45
20
36
35
17
14
22
21
17
13
12
11
15
10
9
10
10
68
17
16
17
17
16
17
12
13
12
19
26
28
36
21
24
39
13
22
31
12
10
10
10
20
11
20
11
10
10
11
10
21
11
10
11
10
9
22
10
11
12
11
12
11
66
37
12
13
37
41
12
12
37
37
13
39
12
14
37
93
38
37
38
37
11
36
36
12
11
11
10
10
36
37
11
36
40
40
14
12
36
10
9
12
11
10
38
36
10
10
9
9
9
9
9
9
10
9
12
10
12
13
10
22
12
11
12
10
12
23
11
11
11
11
11
10
13
19
19
11
10
10
10
20
12
11
20
14
14
14
17
18
15
13
13
11
13
11
12
13
10
11
11
10
10
21
10
12
10
10
20
12
11
195397
14
18
19
16
14
9
13
20
14
10
11
12
10
9
11
11
34
19
15
15
15
12
11
20
10
16
20
22
41
67
24
20
45
18
44
46
12
10
10
10
29
19
18
15
26
15
13
28
15
12
11
12
13
9
10
11
17
22
11
14
13
10
11
63
14
12
65
10
11
9
19
9
9
10
9
11
14
11
12
11
11
24
23
11
10
13
21
14
9
10
11
9
17
22
13
12
22
20
9
11
11
21
46
42
45
40
39
39
13
43
20
16
24
14
15
14
13
24
23
12
20
10
11
10
12
23
11
12
10
10
11
13
24
13
16
11
13
10
9
12
10
15
13
11
12
13
17
10
9
22
31
13
12
21
11
10
19
9
9
10
19
11
9
9
13
11
13
11
11
32
11
13
20
20
10
9
20
10
10
31
11
10
22
11
12
36
38
12
11
38
36
17
13
37
10
9
10
9
10
12
10
33
39
14
16
14
17
14
12
10
12
31
11
11
21
12
13
11
14
15
13
15
14
15
16
25
26
17
15
15
15
17
16
16
14
14
19
17
16
43
42
45
42
45
41
19
23
41
43
41
42
53
58
42
43
174227
21
22
31
20
18
28
25
25
20
20
19
18
20
20
19
20
29
21
30
28
20
18
17
27
27
24
14
17
28
20
19
19
19
29
57
26
36
61
19
19
54
18
19
18
20
29
21
29
20
19
28
19
20
16
16
16
19
29
19
19
19
16
12
21
25
17
30
18
20
27
20
18
13
14
14
22
16
43
19
18
28
29
19
14
13
23
21
44
24
25
26
19
15
43
42
45
43
45
20
18
20
19
20
17
11
14
25
28
20
20
20
29
17
19
20
21
29
19
15
20
20
20
20
30
21
17
18
15
28
19
19
21
19
19
26
31
18
27
21
19
19
18
20
16
14
18
12
20
28
14
17
17
20
12
15
15
29
17
15
17
15
23
15
13
18
14
22
18
21
42
23
18
18
20
15
17
18
20
20
21
21
20
14
17
19
25
27
23
24
22
38
16
18
20
28
19
19
20
17
29
18
39
19
26
46
27
56
23
18
17
18
17
19
17
18
17
14
18
16
17
17
15
38
15
17
17
18
17
15
36
17
18
27
38
16
40
43
43
44
43
45
43
43
18
18
24
14
18
14
17
16
13
16
42
43
175549
24
23
25
17
26
18
17
17
13
16
16
16
26
27
17
16
17
16
16
16
18
17
17
17
16
16
17
18
16
18
29
38
19
29
16
34
22
27
27
15
16
17
11
17
18
17
18
16
19
14
17
36
12
16
16
18
13
29
27
16
18
16
19
14
19
16
20
20
20
19
31
37
48
19
18
17
15
19
39
30
17
21
19
16
18
19
32
20
47
20
30
17
18
15
20
29
19
20
20
21
38
18
29
54
28
20
35
24
25
22
26
25
19
22
21
25
39
22
19
19
19
20
18
14
17
16
18
19
27
20
31
19
16
18
16
15
21
20
20
19
20
21
66
30
19
19
20
20
29
19
28
19
24
13
13
26
19
26
26
20
19
18
16
19
15
21
19
31
20
20
19
13
27
17
24
20
18
20
19
18
18
18
29
21
19
19
41
13
13
25
30
25
24
20
19
20
28
14
16
13
17
19
20
19
19
23
16
14
17
12
17
28
26
18
21
16
15
18
12
22
15
11
15
14
15
17
15
16
24
18
19
19
22
30
17
21
18
17
16
20
19
16
20
15
23
25
20
18
18
20
14
20
16
32
37
204723
21
47
43
44
43
19
16
17
16
15
17
15
17
25
61
16
65
43
21
20
19
19
19
17
16
13
16
15
16
16
18
16
15
15
16
16
26
17
17
17
18
14
17
13
13
27
19
13
12
25
13
16
14
15
17
12
16
14
32
13
13
16
13
15
11
12
15
11
16
18
12
16
14
14
15
14
15
16
16
14
13
16
11
13
15
14
17
14
15
14
11
17
17
18
25
24
16
13
28
66
43
44
44
44
44
44
45
19
41
119
42
41
42
41
43
42
47
66
88
41
62
42
18
45
18
17
45
46
19
18
13
17
14
12
15
14
12
17
22
18
20
17
37
21
22
20
20
44
32
19
19
18
17
17
18
44
84
55
19
19
22
20
15
14
20
24
20
43
19
18
30
18
26
41
46
19
18
25
18
30
20
17
46
46
46
20
19
45
19
41
24
20
24
20
20
19
20
20
13
17
26
28
19
20
46
45
24
22
21
18
20
19
14
15
16
31
27
21
30
21
30
19
18
15
18
22
31
18
23
29
19
18
18
20
23
20
29
20
18
18
18
47
26
19
19
19
17
21
14
14
16
16
17
53
20
213531
21
45
40
20
20
19
18
19
18
37
18
24
44
45
45
43
42
41
42
41
59
41
16
40
23
61
17
17
17
27
18
20
19
18
19
35
19
17
18
18
18
18
38
18
20
36
20
20
20
20
19
18
44
57
29
19
19
19
18
18
20
22
19
29
21
19
18
16
11
14
36
21
19
19
30
23
19
26
17
16
16
27
15
38
18
14
14
14
16
15
17
12
13
16
24
16
15
13
24
15
20
11
14
23
13
16
14
16
19
18
46
46
25
14
26
14
15
14
16
16
16
16
12
23
16
14
17
16
36
16
14
14
15
31
17
15
17
13
17
16
16
14
17
18
13
16
17
23
16
16
18
14
27
16
12
17
17
17
18
16
16
15
18
16
26
17
16
17
16
18
16
16
17
27
18
16
27
14
14
18
14
16
16
13
15
13
14
14
42
49
17
17
20
17
17
17
15
14
18
11
13
28
18
16
13
23
16
13
15
12
22
15
13
15
17
26
19
18
20
18
13
18
19
18
29
18
16
19
28
26
26
32
20
19
18
17
21
15
28
17
24
16
19
20
19
20
21
19
16
18
13
18
19
15
19
