0,0.2,0.1,0.2,0.1
0,0.2,0.1,0.2,0.1
0,0.1,0.1,0.2,0.1
0,0.2,0.1,0.1,0.1
0,0.2,0.1,0.2,0.2
0,0.2,0.1,0.2,0.1
0,0.2,0.2,0.1,0.1
0,0.2,0.1,0.1,0.2
0,0.1,0.1,0.2,0.1
0,0.1,0.1,0.1,0.2
0,0.1,0.1,0.2,0.2
0,0.1,0.1,0.1,0.2
0,0.2,0.1,0.1,0.2
0,0.2,0.2,0.2,0.1
0,0.1,0.1,0.2,0.1
0,0.2,0.1,0.1,0.2
0,0.1,0.1,0.1,0.1
0,0.1,0.1,0.1,0.2
0,0.1,0.1,0.2,0.1
0,0.1,0.1,0.1,0.2
0,0.1,0.1,0.2,0.1
0,0.1,0.1,0.2,0.1
0,0.1,0.1,0.1,0.1
0,0.1,0.2,0.2,0.1
0,0.2,0.1,0.2,0.1
0,0.2,0.1,0.1,0.1
0,0.1,0.2,0.2,0.1
0,0.1,0.1,0.2,0.1
0,0.1,0.1,0.2,0.1
0,0.1,0.1,0.1,0.2
0,0.2,0.1,0.2,0.1
0,0.2,0.1,0.1,0.1
0,0.1,0.1,0.1,0.1
0,0.1,0.1,0.2,0.1
0,0.2,0.1,0.2,0.1
0,0.2,0.1,0.2,0.1
0,0.1,0.1,0.2,0.2
0,0.1,0.1,0.2,0.1
0,0.2,0.2,0.2,0.1
0,0.1,0.1,0.2,0.1
0,0.1,0.1,0.2,0.1
0,0.1,0.1,0.2,0.1
0,0.1,0.1,0.2,0.2
0,0.1,0.1,0.2,0.1
0,0.1,0.1,0.2,0.1
0,0.2,0.1,0.2,0.1
0,0.2,0.1,0.1,0.2
0,0.1,0.2,0.2,0.1
0,0.1,0.1,0.2,0.1
0,0.2,0.1,0.1,0.2
0,0.1,0.2,0.2,0.1
0,0.2,0.1,0.1,0.1
0,0.1,0.2,0.2,0.1
0,0.1,0.1,0.1,0.1
0,0.1,0.1,0.1,0.2
0,0.1,0.1,0.1,0.1
0,0.1,0.1,0.1,0.2
0,0.1,0.1,0.1,0.1
0,0.1,0.1,0.1,0.1
0,0.1,0.1,0.1,0.1
0,0.1,0.1,0.2,0.1
0,0.1,0.1,0.1,0.1
0,0.1,0.1,0.2,0.1
0,0.1,0.1,0.1,0.2
0,0.1,0.1,0.1,0.1
0,0.1,0.1,0.1,0.1
0,0.1,0.1,0.2,0.1
0,0.1,0.2,0.2,0.1
0,0.2,0.1,0.1,0.2
0,0.2,0.1,0.1,0.1
0,0.1,0.1,0.1,0.1
0,0.1,0.2,0.2,0.1
0,0.1,0.1,0.2,0.2
0,0.2,0.1,0.2,0.1
0,0.1,0.2,0.3,0.1
0,0.2,0.1,0.1,0.2
0,0.2,0.1,0.2,0.1
0,0.2,0.2,0.4,0.2
0,0.2,0.1,0.2,0.1
0,0.2,0.2,0.1,0.1
0,0.1,0.1,0.2,0.2
0,0.1,0.1,0.2,0.1
0,0.2,0.2,0.1,0.1
0,0.1,0.1,0.1,0.1
0,0.2,0.1,0.1,0.2
0,0.1,0.1,0.2,0.1
0,0.1,0.2,0.1,0.1
0,0.2,0.1,0.1,0.1
0,0.1,0.2,0.2,0.1
0,0.2,0.1,0.2,0.1
0,0.2,0.2,0.1,0.1
0,0.1,0.2,0.1,0.1
0,0.1,0.1,0.1,0.1
0,0.1,0.1,0.2,0.1
0,0.2,0.1,0.2,0.1
0,0.2,0.1,0.2,0.1
0,0.2,0.1,0.1,0.2
0,0.1,0.1,0.1,0.2
0,0.1,0.1,0.2,0.1
0,0.1,0.1,0.2,0.1
0,0.3,0.2,0.3,0.3
0,0.2,0.1,0.2,0.1
0,0.1,0.1,0.2,0.1
0,0.1,0.2,0.2,0.1
0,0.2,0.1,0.2,0.1
0,0.2,0.1,0.1,0.1
0,0.2,0.1,0.1,0.1
0,0.1,0.2,0.2,0.1
0,0.1,0.1,0.1,0.1
0,0.2,0.2,0.1,0.1
0,0.2,0.1,0.2,0.1
0,0.1,0.1,0.2,0.1
0,0.2,0.1,0.2,0.1
0,0.2,0.1,0.2,0.1
0,0.1,0.1,0.2,0.2
0,0.1,0.1,0.2,0.1
0,0.1,0.2,0.2,0.1
0,0.1,0.1,0.1,0.2
0,0.2,0.1,0.1,0.1
0,0.1,0.1,0.1,0.2
0,0.2,0.1,0.1,0.1
0,0.2,0.1,0.2,0.1
0,0.1,0.1,0.2,0.1
0,0.1,0.1,0.2,0.1
0,0.1,0.1,0.2,0.1
0,0.2,0.1,0.2,0.1
0,0.1,0.1,0.2,0.2
0,0.2,0.2,0.2,0.1
0,0.2,0.1,0.2,0.1
0,0.1,0.1,0.2,0.2
0,0.1,0.1,0.2,0.1
0,0.2,0.2,0.3,0.2
0,0.1,0.2,0.2,0.1
0,0.1,0.1,0.2,0.1
0,0.1,0.1,0.2,0.1
0,0.2,0.2,0.2,0.1
0,0.2,0.1,0.2,0.1
0,0.1,0.1,0.1,0.1
0,0.1,0.1,0.2,0.1
0,0.1,0.1,0.1,0.2
0,0.2,0.1,0.1,0.2
0,0.1,0.1,0.1,0.2
0,0.2,0.1,0.1,0.1
0,0.2,0.1,0.2,0.1
0,0.1,0.1,0.1,0.1
0,0.1,0.1,0.2,0.2
0,0.2,0.1,0.1,0.2
0,0.2,0.1,0.2,0.1
0,0.2,0.1,0.2,0.1
0,0.2,0.1,0.1,0.1
0,0.2,0.1,0.2,0.1
0,0.1,0.1,0.1,0.1
0,0.1,0.1,0.2,0.2
0,0.1,0.1,0.1,0.1
0,0.2,0.2,0.2,0.1
0,0.2,0.1,0.1,0.2
0,0.2,0.1,0.2,0.1
0,0.2,0.2,0.3,0.2
0,0.1,0.1,0.1,0.1
0,0.1,0.2,0.2,0.1
0,0.1,0.1,0.1,0.2
0,0.1,0.1,0.1,0.2
0,0.1,0.1,0.2,0.1
0,0.1,0.1,0.2,0.1
0,0.2,0.1,0.1,0.1
0,0.1,0.1,0.1,0.1
0,0.1,0.2,0.2,0.1
0,0.1,0.1,0.1,0.1
0,0.1,0.1,0.2,0.1
0,0.2,0.2,0.1,0.1
0,0.2,0.1,0.1,0.1
0,0.1,0.1,0.2,0.1
0,0.2,0.1,0.2,0.1
0,0.1,0.2,0.2,0.1
0,0.2,0.2,0.2,0.1
0,0.2,0.1,0.1,0.1
0,0.2,0.1,0.2,0.1
0,0.1,0.1,0.1,0.1
0,0.2,0.3,0.2,0.3
0,0.1,0.1,0.1,0.1
0,0.2,0.1,0.2,0.1
0,0.1,9.5,0.2,0.2
0,0.1,0.2,0.2,0.1
0,0.1,0.1,0.2,0.1
0,0.1,0.1,0.2,0.1
0,0.2,0.2,0.2,0.1
0,0.1,0.2,0.1,0.1
0,0.2,0.2,0.1,0.1
0,0.1,0.1,0.2,0.1
0,0.3,0.2,0.2,0.2
0,0.2,0.1,0.1,0.2
0,0.1,0.1,0.2,0.1
0,0.1,0.1,0.1,0.1
0,0.1,0.1,0.1,0.1
0,0.1,0.1,0.1,0.1
0,0.2,0.1,0.3,0.1
0,0.2,0.1,0.1,0.1
0,0.1,0.1,0.2,0.2
0,0.2,0.2,0.2,0.1
0,0.1,0.1,0.2,0.2
0,0.1,0.1,0.1,0.2
0,0.1,0.1,0.2,0.2
0,0.1,0.1,0.2,0.2
0,0.1,0.1,0.2,0.2
0,0.2,0.1,0.1,0.1
0,0.1,0.1,0.2,0.2
0,0.1,0.1,0.2,0.1
0,0.1,0.2,0.2,0.1
0,0.1,0.1,0.2,0.1
0,0.1,0.1,0.2,0.1
0,0.2,0.1,0.2,0.1
0,0.2,0.1,0.1,0.1
0,0.1,0.1,0.2,0.1
0,0.1,0.1,0.2,0.1
0,0.1,0.1,0.2,0.1
0,0.1,0.1,0.1,0.1
0,0.1,0.1,0.2,0.1
0,0.1,0.2,0.2,0.1
0,0.2,0.1,0.1,0.2
0,0.1,0.1,0.2,0.1
0,0.1,0.2,0.1,0.1
0,0.1,0.1,0.2,0.1
0,0.1,0.2,0.2,0.1
0,0.1,0.1,0.2,0.1
0,0.2,0.1,0.1,0.2
0,0.2,0.1,0.2,0.1
0,0.1,0.1,0.2,0.1
0,0.1,0.1,0.1,0.2
0,0.1,0.1,0.2,0.1
0,0.1,0.1,0.2,0.2
0,0.1,0.1,0.1,0.1
0,0.1,0.1,0.2,0.1
0,0.2,0.2,0.2,0.1
0,0.1,0.1,0.2,0.1
0,0.2,0.2,0.2,0.1
0,0.1,0.1,0.1,0.1
0,0.1,0.1,0.1,0.1
0,0.1,0.1,0.2,0.1
0,0.1,0.1,0.1,0.2
0,0.1,0.2,0.2,0.2
0,0.2,0.1,0.2,0.1
0,0.1,0.1,0.2,0.1
0,0.1,0.1,0.2,0.1
0,0.1,0.1,0.1,0.2
0,0.1,0.1,0.2,0.1
0,0.2,0.1,0.1,0.1
0,0.1,0.1,0.2,0.1
0,0.2,0.1,0.1,0.1
0,0.1,0.1,0.2,0.1
0,0.1,0.1,0.2,0.1
0,0.2,0.1,0.1,0.2
0,0.2,0.1,0.1,0.1
0,0.2,0.1,0.1,0.2
0,0.1,0.1,0.2,0.1
0,0.1,0.1,0.2,0.1
0,0.2,0.1,0.1,0.2
0,0.1,0.2,0.2,0.1
0,0.1,0.2,0.2,0.1
0,0.1,0.1,0.2,0.1
0,0.1,0.2,0.1,0.1
0,0.2,0.1,0.1,0.1
0,0.1,0.2,0.2,0.2
0,0.1,0.1,0.1,0.2
0,0.1,0.1,0.1,0.1
0,0.1,0.4,0.2,0.1
0,0.2,0.1,0.2,0.1
0,0.2,0.2,0.2,0.1
0,0.2,0.2,0.3,0.1
0,0.1,0.2,0.4,0.2
0,0.1,0.1,0.2,0.2
0,0.2,0.1,0.1,0.2
0,0.9,1,0.4,1
0,0.2,0.1,0.1,0.2
0,0.1,0.1,0.2,0.1
0,0.1,0.1,0.2,0.1
0,0.1,0.1,0.1,0.1
0,0.2,0.1,0.2,0.1
0,0.1,0.2,0.2,0.1
0,0.2,0.1,0.2,0.1
0,0.1,0.2,0.2,0.1
0,0.1,0.1,0.2,0.1
0,0.1,0.1,0.2,0.2
0,0.2,0.1,0.1,0.1
0,0.4,0.3,0.3,0.3
0,0.2,0.1,0.2,0.1
0,0.1,0.2,0.2,0.1
0,0.3,0.3,0.2,0.3
0,0.3,0.3,0.3,0.2
0,0.2,0.2,0.2,0.1
0,0.1,0.1,0.1,0.2
0,0.1,0.1,0.1,0.2
0,10.5,0.2,0.2,0.1
0,0.1,0.1,0.2,0.1
0,0.1,0.2,0.2,0.1
0,0.4,0.3,0.3,0.3
0,0.2,0.1,0.1,0.2
0,0.1,0.2,0.2,0.1
0,0.3,0.3,0.3,0.2
0,0.4,0.3,0.4,0.3
0,0.1,0.2,0.2,0.1
0,0.2,0.1,0.2,0.1
0,0.1,0.1,0.2,0.1
0,0.2,0.1,0.2,0.1
0,0.2,0.2,0.2,0.1
0,0.2,0.1,0.3,0.2
0,0.2,0.1,0.2,0.1
0,0.1,0.1,0.2,0.1
0,0.2,0.1,0.1,0.3
0,0.1,0.1,0.2,0.1
0,0.8,0.4,0.3,2.4
0,0.1,0.1,0.1,0.1
0,0.5,0.4,0.3,0.4
0,0.3,0.3,0.4,0.4
0,0.2,0.1,0.2,0.1
0,0.1,0.1,0.2,0.1
0,0.2,0.1,0.1,0.1
0,0.1,0.1,0.2,0.1
0,0.1,0.1,0.1,0.2
0,0.2,0.2,0.2,0.1
0,0.1,0.1,0.2,0.1
0,0.2,0.1,0.2,0.1
0,0.2,0.2,0.1,0.1
0,0.1,0.1,0.1,0.1
0,0.1,0.1,0.2,0.1
0,0.1,0.1,0.2,0.1
0,0.1,0.1,0.2,0.1
0,0.1,0.1,0.2,0.2
0,0.1,0.1,0.2,0.1
0,0.2,0.1,0.2,0.1
0,0.1,0.1,0.1,0.1
0,0.1,0.1,0.1,0.1
0,0.2,0.1,0.2,0.1
0,0.2,0.1,0.2,0.1
0,0.1,0.1,0.1,0.1
0,0.1,0.1,0.2,0.1
0,0.2,0.2,0.2,0.1
0,0.1,0.1,0.2,0.1
0,0.1,0.1,0.2,0.1
0,0.2,0.1,0.2,0.1
0,0.2,0.1,0.2,0.1
0,0.1,0.1,0.2,0.1
0,0.1,0.1,0.2,0.1
0,0.1,0.1,0.2,0.1
0,0.1,0.1,0.1,0.1
0,0.1,0.2,0.2,0.1
0,0.1,0.1,0.2,0.1
0,0.1,0.1,0.1,0.1
0,0.1,0.1,0.1,0.1
0,0.1,0.2,0.2,0.1
0,0.2,0.1,0.2,0.1
0,0.2,0.2,0.2,0.1
0,0.2,0.2,0.2,0.1
0,0.1,0.1,0.1,0.1
0,0.2,0.1,0.1,0.1
0,0.1,0.2,0.2,0.1
0,0.1,0.1,0.2,0.1
0,0.2,0.1,0.2,0.1
0,0.2,0.1,0.2,0.2
0,0.1,0.1,0.1,0.2
0,0.2,0.1,0.2,0.1
0,0.1,0.1,0.2,0.1
0,0.2,0.1,0.1,0.1
0,0.2,0.1,0.1,0.1
0,0.1,0.1,0.2,0.1
0,0.2,0.1,0.1,0.1
0,0.1,0.2,0.4,0.1
0,0.2,0.2,0.2,0.1
0,0.1,0.1,0.2,0.1
0,0.1,0.2,0.2,0.1
0,0.2,0.1,0.1,0.2
0,0.2,0.1,0.1,0.2
0,0.1,0.1,0.2,0.1
0,0.1,0.2,0.2,0.1
0,0.1,0.2,0.2,0.1
0,0.1,0.1,0.2,0.1
0,0.1,0.1,0.1,0.2
0,0.1,0.1,0.2,0.1
0,0.2,0.1,0.1,0.2
0,0.1,0.1,0.2,0.1
0,0.1,0.1,0.2,0.1
0,0.1,0.1,0.2,0.1
0,0.2,0.1,0.1,0.2
0,0.2,0.1,0.1,0.1
0,0.4,0.3,0.4,0.3
0,0.2,0.1,0.1,0.1
0,0.2,0.1,0.2,0.1
0,0.1,0.1,0.2,0.1
0,0.2,0.2,0.2,0.1
0,0.2,0.1,0.1,0.1
0,0.2,0.1,0.1,0.2
0,0.1,0.1,0.2,0.1
0,0.1,0.1,0.1,0.1
0,0.2,0.1,0.1,0.2
0,0.1,0.1,0.2,0.1
0,0.2,0.1,0.1,0.1
0,0.1,0.1,0.2,0.1
0,0.1,0.1,0.2,0.1
0,0.1,0.1,0.2,0.1
0,0.2,0.1,0.1,0.1
0,0.2,0.1,0.1,0.2
0,0.2,0.1,0.2,0.1
0,0.2,0.1,0.2,0.1
0,0.2,0.1,0.1,0.1
0,0.1,0.1,0.2,0.1
0,0.2,0.1,0.1,0.2
0,0.2,0.1,0.1,0.1
0,0.2,0.1,0.2,0.1
0,0.1,0.2,0.2,0.1
0,0.2,0.3,0.3,0.1
0,0.2,0.1,0.1,0.1
0,0.1,0.2,0.2,0.1
0,0.2,0.1,0.1,0.1
0,0.1,0.1,0.2,0.1
0,0.1,0.2,0.2,0.1
0,0.1,0.1,0.2,0.1
0,0.1,0.2,0.2,0.1
0,0.2,0.2,0.3,0.2
0,0.1,0.1,0.1,0.1
0,0.2,0.2,0.2,0.1
0,0.1,0.1,0.1,0.1
0,0.2,0.1,0.2,0.1
0,0.1,0.1,0.2,0.1
0,0.1,0.1,0.2,0.2
0,0.2,0.1,0.2,0.1
0,0.2,0.1,0.1,0.1
0,0.1,0.1,0.2,0.1
0,0.1,0.1,0.2,0.1
0,0.1,0.1,0.1,0.1
0,0.1,0.1,0.1,0.1
0,0.1,0.1,0.2,0.2
0,0.1,0.1,0.2,0.1
0,0.1,0.1,0.1,0.1
0,0.2,0.2,0.2,0.1
0,0.1,0.1,0.1,0.2
0,0.2,0.1,0.2,0.1
0,0.2,0.2,0.2,0.1
0,0.2,0.1,0.1,0.2
0,0.1,0.1,0.2,0.1
0,0.1,0.1,0.2,0.1
0,0.2,0.1,0.1,0.2
0,0.2,0.2,0.2,0.1
0,0.1,0.1,0.2,0.1
0,0.1,0.1,0.1,0.1
0,0.1,0.1,0.1,0.2
0,0.1,0.1,0.1,0.1
0,0.2,0.2,0.2,0.1
0,0.2,0.1,0.2,0.1
0,0.2,0.1,0.2,0.2
0,0.1,0.1,0.1,0.1
0,0.1,0.1,0.1,0.1
0,0.1,0.1,0.2,0.1
0,0.2,0.1,0.1,0.1
0,0.1,0.1,0.2,0.1
0,0.2,0.2,0.2,0.1
0,0.2,0.2,0.2,0.1
0,0.1,0.1,0.2,0.2
0,0.1,0.1,0.1,0.1
0,0.2,0.1,0.1,0.1
0,0.1,0.1,0.2,0.1
0,0.1,0.1,0.2,0.1
0,0.1,0.1,0.1,0.2
0,0.2,0.1,0.2,0.1
0,0.2,0.2,0.2,0.1
0,0.2,0.1,0.1,0.2
0,0.1,0.2,0.1,0.1
0,0.1,0.1,0.1,0.1
0,0.2,0.1,0.1,0.2
0,0.1,0.1,0.1,0.2
0,0.1,0.2,0.2,0.1
0,0.1,0.1,0.2,0.1
0,0.1,0.1,0.1,0.2
0,0.1,0.1,0.1,0.1
0,0.1,0.1,0.2,0.1
0,0.2,0.1,0.1,0.2
0,0.2,0.1,0.2,0.1
0,0.2,0.1,0.1,0.2
0,0.1,0.1,0.2,0.1
0,0.1,0.1,0.2,0.1
0,0.1,0.1,0.1,0.1
0,0.2,0.1,0.2,0.1
0,0.1,0.2,0.2,0.1
0,0.1,0.1,0.2,0.2
0,0.1,0.1,0.2,0.1
0,0.2,0.2,0.3,0.3
0,0.2,0.1,0.2,0.2
0,0.2,0.2,0.1,0.1
0,0.2,0.1,0.1,0.2
0,0.2,0.1,0.1,0.2
0,0.1,0.1,0.2,0.2
0,0.1,0.1,0.1,0.2
0,0.2,0.2,0.1,0.1
0,0.2,0.1,0.2,0.1
0,0.2,0.1,0.1,0.2
0,0.2,0.1,0.2,0.1
0,0.1,0.1,0.2,0.1
0,0.1,0.1,0.2,0.1
0,0.1,0.2,0.2,0.1
0,0.1,0.2,0.2,0.1
0,0.1,0.1,0.2,0.1
0,0.1,0.1,0.1,0.2
0,0.1,0.1,0.2,0.1
0,0.1,0.2,0.2,0.1
0,0.1,0.2,0.2,0.1
0,0.1,0.2,0.2,0.1
0,0.2,0.1,0.2,0.1
0,0.2,0.1,0.2,0.2
0,0.2,0.2,0.2,0.1
0,0.1,0.2,0.2,0.1
0,0.1,0.1,0.1,0.1
0,0.2,0.2,0.2,0.1
0,0.2,0.1,0.2,0.1
0,0.1,0.1,0.1,0.1
0,0.2,0.1,0.1,0.2
0,0.2,0.2,0.2,0.1
0,0.1,0.2,0.2,0.2
0,0.2,0.2,0.4,0.2
0,0.1,0.2,0.2,0.1
0,0.1,0.1,0.1,0.2
0,0.2,0.1,0.1,0.1
0,0.1,0.1,0.2,0.4
0,0.2,0.1,0.1,0.2
0,0.3,0.2,0.3,0.3
0,0.1,0.1,0.2,0.1
0,0.2,0.1,0.1,0.1
0,0.2,0.1,0.1,0.1
0,0.1,0.1,0.2,0.1
0,0.3,0.3,0.3,0.3
0,0.2,0.1,0.1,0.2
0,0.2,0.1,0.2,0.1
0,0.2,0.2,0.4,0.2
0,0.1,0.1,0.2,0.2
0,0.2,0.1,0.2,0.1
0,0.2,0.1,0.1,0.2
0,0.1,0.1,0.1,0.2
0,0.1,0.2,0.2,0.1
0,0.1,0.1,0.2,0.1
0,0.1,0.1,0.2,0.1
0,0.1,0.1,0.2,0.2
0,0.2,0.1,0.1,0.1
0,0.1,0.1,0.2,0.2
0,0.1,0.1,0.2,0.1
0,0.2,0.1,0.1,0.2
0,0.1,0.2,0.2,0.2
0,0.2,0.3,0.3,0.1
0,0.1,0.2,0.3,0.2
0,0.1,0.2,0.2,0.1
0,0.1,0.2,0.2,0.1
0,0.1,0.1,0.2,0.1
0,0.1,0.1,0.2,0.2
0,0.1,0.2,0.2,0.1
0,0.4,0.3,0.4,0.3
0,0.1,0.1,0.2,0.1
0,0.1,0.1,0.2,0.2
0,0.1,0.1,0.1,0.2
0,0.2,0.2,0.4,0.2
0,0.1,0.2,0.2,0.1
0,0.1,0.2,0.2,0.1
0,0.2,0.2,0.3,0.2
0,0.1,0.2,0.2,0.1
0,0.2,0.1,0.2,0.1
0,0.1,0.2,0.2,0.1
0,0.2,0.2,0.3,0.1
0,0.4,0.3,0.3,0.3
0,0.1,0.1,0.2,0.2
0,0.2,0.2,0.3,0.2
0,0.2,0.1,0.2,0.1
0,0.4,0.2,0.3,0.2
0,1.1,0.3,0.3,0.9
0,0.2,0.1,0.1,0.1
0,0.2,0.1,0.2,0.1
0,0.2,0.1,0.1,0.1
0,0.2,0.1,0.2,0.1
0,0.1,0.2,0.2,0.1
0,0.1,0.1,0.2,0.1
0,0.1,0.1,0.2,0.1
0,0.2,0.1,0.1,0.1
0,0.2,0.1,0.2,0.1
0,0.2,0.1,0.2,0.1
0,0.2,0.1,0.1,0.1
0,0.1,0.1,0.2,0.1
0,0.2,0.1,0.2,0.1
0,0.1,0.2,0.1,0.1
0,0.1,0.1,0.2,0.1
0,0.2,0.1,0.2,0.1
0,0.1,0.1,0.2,0.1
0,0.2,0.1,0.2,0.1
0,0.1,0.1,0.1,0.1
0,0.2,0.1,0.1,0.2
0,0.1,0.2,0.2,0.1
0,0.1,0.2,0.1,0.1
0,0.2,0.1,0.1,0.1
0,0.2,0.1,0.1,0.1
0,0.2,0.2,0.3,0.3
0,0.4,0.4,0.4,0.3
0,0.1,0.1,0.2,0.1
0,0.1,0.1,0.2,0.1
0,0.1,0.1,0.1,0.1
0,0.2,0.1,0.1,0.2
0,0.1,0.2,0.2,0.1
0,0.2,0.1,0.1,0.1
0,0.1,0.1,0.1,0.1
0,0.1,0.2,0.2,0.1
0,0.1,0.2,0.2,0.1
0,0.1,0.2,0.2,0.1
0,0.1,0.2,0.2,0.1
0,0.1,0.1,0.1,0.1
0,0.2,0.1,0.2,0.1
0,0.1,0.1,0.2,0.1
0,0.1,0.1,0.2,0.1
0,0.1,0.1,0.2,0.1
0,0.1,0.2,0.2,0.1
0,0.1,0.1,0.2,0.1
0,0.2,0.1,0.2,0.1
0,0.2,0.1,0.2,0.1
0,0.1,0.1,0.2,0.1
0,0.1,0.1,0.2,0.1
0,0.2,0.1,0.2,0.1
0,0.1,0.1,0.1,0.2
0,0.2,0.1,0.1,0.1
0,0.3,0.3,0.3,0.3
0,0.2,0.1,0.1,0.1
0,0.2,0.1,0.1,0.1
0,0.2,0.1,0.1,0.2
0,0.1,0.1,0.2,0.1
0,0.2,0.1,0.1,0.2
0,0.1,0.1,0.1,0.1
0,0.1,0.1,0.1,0.2
0,0.1,0.1,0.2,0.1
0,0.1,0.1,0.1,0.1
0,0.2,0.1,0.2,0.1
0,0.1,0.1,0.1,0.1
0,0.1,0.1,0.2,0.1
0,0.2,0.2,0.2,0.1
0,0.1,0.1,0.2,0.1
0,0.2,0.2,0.2,0.1
0,0.1,0.1,0.2,0.1
0,0.1,0.1,0.1,0.2
0,0.1,0.1,0.2,0.1
0,0.2,0.1,0.2,0.1
0,0.1,0.1,0.2,0.1
0,0.1,0.1,0.2,0.1
0,0.1,0.1,0.2,0.1
0,0.3,0.3,0.3,0.5
0,0.1,0.1,0.1,0.1
0,0.2,0.1,0.1,0.2
0,0.1,0.1,0.2,0.1
0,0.1,0.1,0.2,0.1
0,0.1,0.1,0.1,0.2
0,0.1,0.1,0.1,0.2
0,0.1,0.2,0.2,0.1
0,0.1,0.2,0.2,0.1
0,0.1,0.1,0.1,0.2
0,0.1,0.2,0.2,0.1
0,0.1,0.1,0.1,0.2
0,0.1,0.1,0.2,0.1
0,0.1,0.1,0.1,0.2
0,0.2,0.1,0.1,0.2
0,0.1,0.1,0.2,0.2
0,0.1,0.1,0.2,0.1
0,0.1,0.1,0.1,0.1
0,0.2,0.1,0.2,0.1
0,0.1,0.1,0.2,0.1
0,0.2,0.1,0.2,0.1
0,0.2,0.1,0.2,0.1
0,0.2,0.1,0.1,0.1
0,0.1,0.1,0.2,0.1
0,0.1,0.1,0.2,0.2
0,0.1,0.1,0.2,0.1
0,0.1,0.1,0.2,0.1
0,0.1,0.1,0.2,0.1
0,0.1,0.1,0.2,0.1
0,0.1,0.1,0.1,0.1
0,0.2,0.2,0.2,0.1
0,0.1,0.1,0.1,0.1
0,0.1,0.1,0.2,0.1
0,0.1,0.1,0.2,0.1
0,0.1,0.2,0.2,0.1
0,0.1,0.2,0.2,0.3
0,0.1,0.2,0.2,0.1
0,0.1,0.1,0.2,0.1
0,0.2,0.1,0.1,0.1
0,0.1,0.2,0.2,0.1
0,0.1,0.1,0.2,0.1
0,0.1,0.1,0.2,0.1
0,0.1,0.1,0.1,0.1
0,0.1,0.2,0.2,0.1
0,0.2,0.1,0.1,0.2
0,0.1,0.2,0.2,0.1
0,0.1,0.1,0.1,0.1
0,0.1,0.1,0.1,0.1
0,0.1,0.1,0.1,0.1
0,0.2,0.1,0.1,0.1
0,0.2,0.2,0.2,0.1
0,0.1,0.1,0.2,0.1
0,0.1,0.1,0.2,0.1
0,0.2,0.1,0.2,0.1
0,0.2,0.1,0.2,0.1
0,0.2,0.1,0.1,0.2
0,0.2,0.1,0.1,0.1
0,0.1,0.2,0.2,0.1
0,0.1,0.1,0.1,0.2
0,0.2,0.1,0.1,0.1
0,0.1,0.1,0.1,0.1
0,0.2,0.1,0.2,0.1
0,0.1,0.1,0.1,0.1
0,0.1,0.1,0.2,0.1
0,0.1,0.1,0.1,0.1
0,0.1,0.1,0.1,0.1
0,0.1,0.1,0.2,0.1
0,0.1,0.1,0.2,0.1
0,0.2,0.1,0.2,0.1
0,0.1,0.1,0.1,0.1
0,0.2,0.1,0.2,0.1
0,0.2,0.2,0.2,0.1
0,0.2,0.1,0.2,0.1
0,0.2,0.1,0.1,0.1
0,0.2,0.1,0.1,0.1
0,0.1,0.1,0.2,0.1
0,0.1,0.1,0.2,0.1
0,0.1,0.1,0.1,0.2
0,0.1,0.1,0.2,0.2
0,0.1,0.1,0.1,0.2
0,0.1,0.2,0.1,0.1
0,0.2,0.1,0.1,0.1
0,0.1,0.1,0.1,0.1
0,0.2,0.1,0.1,0.1
0,0.2,0.1,0.1,0.1
0,0.1,0.1,0.1,0.1
0,0.1,0.1,0.2,0.1
0,0.1,0.2,0.2,0.1
0,0.1,0.1,0.2,0.1
0,0.1,0.1,0.2,0.1
0,0.1,0.1,0.1,0.1
0,0.1,0.1,0.2,0.1
0,0.1,0.1,0.1,0.2
0,0.1,0.1,0.2,0.2
0,0.1,0.1,0.2,0.1
0,0.2,0.2,0.2,0.1
0,0.2,0.2,0.2,0.1
0,0.1,0.1,0.2,0.1
0,0.1,0.1,0.1,0.1
0,0.1,0.1,0.1,0.2
0,0.2,0.1,0.1,0.1
0,0.2,0.1,0.2,0.1
0,0.1,0.1,0.1,0.2
0,0.2,0.1,0.1,0.1
0,0.1,0.1,0.1,0.2
0,0.1,0.1,0.2,0.1
0,0.1,0.1,0.2,0.1
0,0.2,0.2,0.2,0.1
0,0.2,0.2,0.2,0.1
0,0.2,0.1,0.2,0.1
0,0.2,0.1,0.2,0.1
0,0.2,0.2,0.1,0.1
0,0.2,0.1,0.1,0.2
0,0.1,0.1,0.2,0.1
0,0.1,0.1,0.1,0.1
0,0.2,0.1,0.1,0.1
0,0.1,0.1,0.1,0.1
0,0.2,0.1,0.2,0.1
0,0.1,0.2,0.1,0.1
0,0.2,0.1,0.2,0.1
0,0.1,0.1,0.2,0.2
0,0.1,0.2,0.1,0.1
0,0.1,0.1,0.2,0.1
0,0.1,0.1,0.2,0.1
0,0.1,0.1,0.3,0.1
0,0.2,0.1,0.2,0.1
0,0.2,0.3,0.4,0.2
0,0.1,0.1,0.1,0.1
0,0.2,0.1,0.1,0.2
0,0.1,0.1,0.1,0.1
0,0.2,0.1,0.1,0.2
0,0.1,0.1,0.2,0.1
0,0.2,0.1,0.2,0.1
0,0.1,0.1,0.2,0.1
0,0.1,0.1,0.1,0.2
0,0.2,0.1,0.2,0.1
0,0.1,0.2,0.2,0.1
0,0.1,0.1,0.2,0.1
0,0.1,9.3,0.2,0.2
0,0.1,0.2,0.3,0.1
0,0.5,0.3,0.9,0.5
0,0.2,0.1,0.2,0.1
0,0.1,0.2,0.1,0.1
0,0.1,0.1,0.2,0.1
0,0.2,0.1,0.1,0.2
0,0.1,0.2,0.2,0.1
0,0.1,0.1,0.2,0.2
0,0.1,0.1,0.2,0.1
0,0.2,0.1,0.1,0.2
0,0.1,0.2,0.2,0.1
0,0.2,0.1,0.2,0.1
0,0.2,0.1,0.2,0.1
0,0.2,0.1,0.2,0.1
0,0.1,0.1,0.1,0.1
0,0.2,0.1,0.2,0.1
0,0.2,0.1,0.2,0.1
0,0.1,0.2,0.2,0.1
0,0.2,0.1,0.2,0.1
0,0.2,0.1,0.1,0.1
0,0.2,0.1,0.1,0.1
0,0.1,0.1,0.2,0.1
0,0.2,0.1,0.2,0.1
0,0.2,0.1,0.2,0.1
0,0.1,0.1,0.2,0.1
0,0.2,0.2,0.2,0.2
0,0.1,0.1,0.1,0.1
0,0.2,0.1,0.2,0.1
0,0.1,0.1,0.2,0.1
0,0.2,0.1,0.1,0.1
0,0.1,0.2,0.2,0.1
0,0.1,0.1,0.2,0.1
0,0.1,0.1,0.2,0.1
0,0.1,0.1,0.1,0.2
0,0.1,0.1,0.2,0.1
0,0.1,0.2,0.2,0.1
0,0.2,0.1,0.1,0.2
0,0.1,0.1,0.2,0.1
0,0.2,0.1,0.1,0.1
0,0.1,0.1,0.2,0.1
0,0.2,0.1,0.2,0.2
0,0.1,0.1,0.1,0.1
0,0.1,0.1,0.1,0.1
0,0.2,0.1,0.1,0.2
0,0.2,0.2,0.2,0.1
0,0.1,0.1,0.2,0.1
0,0.1,0.2,0.2,0.1
0,0.2,0.1,0.1,0.1
0,0.4,0.4,0.3,0.4
0,0.1,0.2,0.2,0.1
0,0.2,0.1,0.1,0.1
0,0.1,0.1,0.2,0.1
0,0.2,0.1,0.2,0.1
0,0.2,0.1,0.2,0.1
0,0.4,0.3,0.4,0.3
0,0.2,0.1,0.2,0.1
0,0.1,0.1,0.1,0.2
0,0.1,0.2,0.2,0.1
0,0.1,0.1,0.2,0.2
0,0.2,0.1,0.1,0.1
0,0.2,0.1,0.2,0.1
0,0.2,0.1,0.1,0.1
0,0.1,0.1,0.2,0.1
0,0.1,0.1,0.2,0.1
0,0.2,0.1,0.2,0.1
0,0.1,0.2,0.2,0.1
0,0.2,0.1,0.1,0.2
0,0.2,0.1,0.2,0.1
0,0.1,0.1,0.1,0.1
0,0.1,0.2,0.2,0.1
0,0.2,0.1,0.1,0.1
0,0.1,0.1,0.2,0.1
0,0.1,0.1,0.2,0.1
0,0.2,0.2,0.2,0.1
0,0.2,0.1,0.1,0.1
0,0.2,0.1,0.2,0.1
0,0.2,0.1,0.2,0.1
0,0.1,0.2,0.2,0.1
0,0.1,0.1,0.1,0.1
0,0.1,0.1,0.2,0.1
0,0.1,0.1,0.1,0.2
0,0.1,0.1,0.2,0.1
0,0.2,0.1,0.1,0.2
0,0.1,0.1,0.2,0.1
0,0.2,0.1,0.1,0.1
0,0.1,0.1,0.3,0.1
0,0.2,0.1,0.1,0.1
0,0.2,0.1,0.2,0.1
0,0.2,0.2,0.2,0.1
0,0.2,0.2,0.2,0.1
0,0.1,0.2,0.2,0.2
0,0.2,0.1,0.2,0.1
0,0.2,0.1,0.2,0.1
0,0.1,0.2,0.2,0.1
0,0.2,0.1,0.1,0.2
0,0.1,0.2,0.2,0.1
0,0.1,0.1,0.2,0.1
0,0.2,0.1,0.3,0.1
0,0.1,0.2,0.2,0.1
0,0.2,0.2,0.2,0.1
0,0.4,0.3,0.4,0.3
0,1,0.2,0.3,0.2
0,0.2,0.2,0.3,0.4
0,0.2,0.1,0.2,0.1
0,0.1,0.1,0.2,0.1
0,0.2,0.1,0.1,0.2
0,0.2,0.1,0.2,0.1
0,0.1,0.1,0.2,0.1
0,0.1,0.1,0.1,0.1
0,0.1,0.2,0.2,0.1
0,0.1,0.2,0.2,0.1
0,0.1,0.1,0.2,0.1
0,0.2,0.1,0.2,0.1
0,0.2,0.1,0.1,0.2
0,0.1,0.1,0.2,0.1
0,0.1,0.1,0.2,0.1
0,0.1,0.1,0.1,0.1
0,0.2,0.1,0.1,0.1
0,0.1,0.2,0.2,0.1
0,0.1,0.2,0.2,0.1
0,0.1,0.1,0.1,0.1
0,0.2,0.1,0.2,0.1
0,0.1,0.1,0.2,0.1
0,0.2,0.1,0.2,0.1
0,0.2,0.1,0.2,0.1
0,0.1,0.1,0.1,0.1
0,0.1,0.1,0.1,0.1
0,0.1,0.1,0.1,0.1
0,0.1,0.1,0.2,0.1
0,0.1,0.2,0.1,0.1
0,0.1,0.1,0.2,0.1
0,0.1,0.1,0.2,0.1
0,0.1,0.1,0.1,0.1
0,0.1,0.2,0.2,0.1
0,0.1,0.1,0.2,0.1
0,0.1,0.1,0.1,0.2
0,0.1,0.2,0.2,0.1
0,0.2,0.1,0.2,0.1
0,0.1,0.1,0.2,0.1
0,0.1,0.2,0.2,0.1
0,0.2,0.1,0.1,0.1
0,0.1,0.1,0.2,0.1
0,0.1,0.2,0.2,0.1
0,0.1,0.1,0.1,0.1
0,0.1,0.1,0.2,0.1
0,0.1,0.1,0.2,0.1
0,0.2,0.1,0.1,0.2
0,0.1,0.1,0.2,0.1
0,0.2,0.1,0.1,0.1
0,0.2,0.2,0.2,0.1
0,0.2,0.1,0.2,0.1
0,0.1,0.1,0.1,0.2
0,0.1,0.1,0.1,0.1
0,0.2,0.1,0.1,0.1
0,0.1,0.1,0.2,0.1
0,0.1,0.1,0.2,0.1
0,0.2,0.1,0.2,0.1
0,0.1,0.1,0.2,0.1
0,0.2,0.1,0.2,0.1
0,0.1,0.2,0.2,0.1
0,0.1,0.1,0.2,0.1
0,0.2,0.1,0.1,0.2
0,0.1,0.1,0.1,0.2
0,0.1,0.1,0.1,0.1
0,0.1,0.1,0.2,0.1
0,0.2,0.1,0.2,0.1
0,0.1,0.2,0.2,0.1
0,0.1,0.1,0.2,0.1
0,0.1,0.1,0.2,0.1
0,0.1,0.1,0.1,0.2
0,0.2,0.2,0.2,0.2
0,0.1,0.1,0.1,0.2
0,0.2,0.1,0.1,0.2
0,0.1,0.2,0.2,0.1
0,0.1,0.1,0.2,0.1
0,0.1,0.1,0.1,0.1
0,0.2,0.1,0.2,0.1
0,0.2,0.1,0.2,0.1
0,0.2,0.1,0.1,0.2
0,0.1,0.2,0.2,0.2
0,0.2,0.1,0.2,0.1
0,0.2,0.1,0.1,0.2
0,0.2,0.1,0.1,0.2
0,0.1,0.1,0.2,0.1
0,0.2,0.1,0.2,0.2
0,0.1,0.1,0.1,0.1
0,0.2,0.1,0.2,0.1
0,0.2,0.2,0.2,0.1
0,0.2,0.2,0.2,0.1
0,0.1,0.1,0.2,0.2
0,0.1,0.1,0.1,0.1
0,0.2,0.2,0.2,0.1
0,0.1,0.1,0.2,0.1
0,0.1,0.1,0.2,0.1
0,0.2,0.1,0.1,0.1
0,0.1,0.2,0.2,0.1
0,0.1,0.2,0.2,0.1
0,0.2,0.2,0.2,0.1
0,0.2,0.1,0.1,0.1
0,0.1,0.1,0.2,0.1
0,0.2,0.2,0.1,0.1
0,0.1,0.1,0.2,0.1
0,0.2,0.1,0.2,0.1
0,0.1,0.1,0.1,0.2
0,0.2,0.1,0.2,0.1
0,0.2,0.2,0.2,0.1
0,0.1,0.1,0.1,0.1
0,0.1,0.1,0.1,0.1
0,0.2,0.2,0.1,0.1
0,0.1,0.1,0.2,0.1
0,0.2,0.2,0.2,0.1
0,0.1,0.1,0.1,0.2
0,0.1,0.1,0.2,0.2
0,0.1,0.1,0.1,0.1
0,0.1,0.1,0.2,0.1
0,0.2,0.1,0.1,0.1
0,0.1,0.1,0.2,0.1
0,0.1,0.1,0.1,0.1
0,0.1,0.1,0.2,0.1
0,0.1,0.1,0.1,0.2
0,0.1,0.2,0.1,0.1
0,0.1,0.2,0.2,0.1
0,0.2,0.1,0.1,0.2
0,0.1,0.1,0.1,0.1
0,0.1,0.1,0.2,0.1
0,0.2,0.1,0.1,0.1
0,0.2,0.1,0.1,0.1
0,0.1,0.1,0.2,0.1
0,0.1,0.1,0.2,0.1
0,0.1,0.1,0.2,0.1
0,0.2,0.1,0.1,0.2
0,0.1,0.2,0.2,0.1
0,0.2,0.1,0.2,0.1
0,0.1,0.1,0.1,0.2
0,0.2,0.1,0.1,0.1
0,0.1,0.1,0.2,0.1
0,0.2,0.1,0.2,0.1
0,0.1,0.1,0.1,0.1
0,0.2,0.1,0.2,0.1
0,0.1,0.1,0.1,0.1
0,0.1,0.1,0.2,0.2
0,0.1,0.1,0.1,0.2
0,0.2,0.3,0.2,0.3
0,0.2,0.2,0.2,0.1
0,0.2,0.1,0.2,0.1
0,0.1,0.1,0.1,0.1
0,0.2,0.1,0.1,0.1
0,0.1,0.1,0.2,0.1
0,0.1,0.1,0.2,0.1
0,0.1,0.1,0.2,0.1
0,0.2,0.1,0.1,0.1
0,0.1,0.1,0.2,0.1
0,0.2,0.1,0.1,0.2
0,0.3,0.3,0.3,0.2
0,0.4,0.3,0.3,0.3
0,0.1,0.1,0.2,0.1
0,0.1,0.1,0.2,0.1
0,0.1,0.2,0.1,0.1
0,0.1,0.2,0.3,0.1
0,0.1,0.1,0.2,0.1
0,0.1,0.1,0.1,0.2
0,0.1,0.1,0.1,0.2
0,0.1,0.1,0.2,0.1
0,0.2,0.1,0.3,0.2
0,0.1,0.2,0.2,0.1
0,0.2,0.1,0.1,0.2
0,0.1,0.1,0.1,0.1
0,0.4,1.4,0.8,0.3
0,0.1,0.1,0.2,0.1
0,0.1,0.2,0.2,0.2
0,0.1,0.1,0.2,0.1
0,0.1,0.1,0.2,0.1
0,0.1,0.1,0.1,0.2
0,0.1,0.1,0.3,0.1
0,0.4,0.4,0.4,0.3
0,0.1,0.1,0.2,0.1
0,0.2,0.1,0.2,0.1
0,0.2,0.2,0.2,0.1
0,0.1,0.1,0.2,0.1
0,0.2,0.1,0.2,0.1
0,0.2,0.1,0.2,0.2
0,0.1,0.1,0.2,0.1
0,0.2,0.1,0.1,0.1
0,1.1,0.3,0.4,0.2
0,0.1,0.2,0.2,0.1
0,0.2,0.2,0.2,0.2
0,0.1,0.2,0.2,0.1
0,0.2,0.1,0.2,0.1
0,0.1,0.2,0.2,0.1
0,0.1,0.2,0.2,0.1
0,0.2,0.1,0.1,0.1
0,0.1,0.1,0.2,0.1
0,0.1,0.2,0.2,0.1
0,0.1,0.2,0.2,0.1
0,0.1,0.1,0.2,0.2
0,0.1,0.1,0.2,0.1
0,0.1,0.1,0.1,0.2
0,0.1,0.2,0.2,0.1
0,0.1,0.1,0.1,0.1
0,0.2,0.1,0.1,0.2
0,0.1,0.1,0.2,0.1
0,0.1,0.2,0.1,0.1
0,0.2,0.1,0.1,0.2
0,0.2,0.1,0.2,0.1
0,0.2,0.2,0.2,0.1
0,0.1,0.1,0.2,0.1
0,0.1,0.1,0.2,0.1
0,0.2,0.1,0.1,0.2
0,0.1,0.1,0.1,0.1
0,0.1,0.1,0.1,0.2
0,0.1,0.1,0.2,0.1
0,0.1,0.1,0.2,0.1
0,0.1,0.1,0.1,0.1
0,0.1,0.1,0.1,0.1
0,0.1,0.1,0.2,0.1
0,0.1,0.1,0.2,0.1
0,0.2,0.1,0.2,0.1
0,0.1,0.1,0.2,0.1
0,0.2,0.2,0.2,0.1
0,0.2,0.1,0.1,0.1
0,0.2,0.1,0.2,0.1
0,0.1,0.1,0.2,0.1
0,0.3,0.3,0.3,0.2
0,0.3,0.3,0.3,0.3
0,0.2,0.1,0.1,0.1
0,0.2,0.1,0.1,0.2
0,0.2,0.1,0.1,0.2
0,0.1,0.1,0.1,0.2
0,0.2,0.1,0.2,0.1
0,0.1,0.1,0.2,0.1
0,0.2,0.1,0.2,0.1
0,0.1,0.2,0.2,0.1
0,0.2,0.1,0.1,0.1
0,0.2,0.2,0.2,0.1
0,0.2,0.1,0.2,0.1
0,0.1,0.2,0.2,0.1
0,0.2,0.2,0.2,0.1
0,0.2,0.1,0.1,0.1
0,0.1,0.1,0.2,0.1
0,0.2,0.1,0.2,0.1
0,0.1,0.1,0.2,0.1
0,0.1,0.1,0.2,0.1
0,0.1,0.1,0.2,0.1
0,0.2,0.2,0.2,0.1
0,0.5,0.2,0.3,1.1
0,0.2,0.1,0.1,0.2
0,0.2,0.1,0.1,0.2
0,0.1,0.2,0.2,0.1
0,0.2,0.1,0.1,0.1
0,0.1,0.1,0.2,0.1
0,0.3,0.3,0.5,0.3
0,0.1,0.1,0.2,0.1
0,0.1,0.1,0.2,0.1
0,0.2,0.2,0.2,0.2
0,0.7,0.2,1.2,0.2
0,0.2,0.1,0.1,0.1
0,0.2,0.1,0.2,0.1
0,0.1,0.2,0.2,0.1
0,0.2,0.1,0.1,0.2
0,1.1,1.1,1,1
0,0.1,0.1,0.2,0.1
0,0.1,0.1,0.2,0.1
0,0.1,0.2,0.2,0.1
0,0.1,0.1,0.2,0.2
0,0.2,0.1,0.2,0.1
0,0.1,0.2,0.2,0.1
0,0.1,0.1,0.2,0.1
0,0.1,0.1,0.1,0.2
0,0.1,0.2,0.2,0.1
0,0.1,0.2,0.2,0.1
0,0.2,0.2,0.3,0.2
0,0.1,0.1,0.1,0.2
0,0.1,0.1,0.2,0.1
0,0.1,0.1,0.2,0.1
0,0.1,0.1,0.1,0.2
0,0.2,0.1,0.1,0.1
0,0.1,0.2,0.2,0.1
0,0.3,0.3,0.4,0.3
0,0.2,0.1,0.1,0.2
0,0.2,0.1,0.1,0.1
0,0.1,0.2,0.1,0.1
0,0.2,0.1,0.1,0.1
0,0.2,0.1,0.2,0.1
0,0.5,0.3,0.5,0.3
0,0.1,0.1,0.2,0.2
0,0.1,0.1,0.2,0.1
0,0.2,0.1,0.2,0.2
0,0.1,0.1,0.1,0.1
0,0.2,0.2,0.2,0.1
0,0.1,0.2,0.2,0.1
0,0.1,0.1,0.2,0.2
0,0.1,0.1,0.2,0.1
0,0.2,0.2,0.2,0.1
0,0.2,0.1,0.1,0.2
0,0.2,0.1,0.2,0.1
0,0.1,0.1,0.2,0.1
0,0.1,0.1,0.1,0.2
0,0.2,0.2,0.2,0.1
0,0.2,0.2,0.2,0.1
0,0.1,0.1,0.2,0.1
0,0.2,0.2,0.2,0.1
0,0.1,0.1,0.1,0.2
0,0.2,0.1,0.1,0.1
0,0.1,0.1,0.2,0.1
0,0.1,0.1,0.1,0.1
0,0.2,0.1,0.1,0.1
0,0.1,0.1,0.2,0.1
0,0.1,0.1,0.2,0.1
0,0.2,0.1,0.1,0.1
0,0.2,0.1,0.1,0.1
0,0.1,0.1,0.2,0.1
0,0.2,0.2,0.2,0.1
0,0.2,0.1,0.1,0.1
0,0.3,0.1,0.2,0.2
0,0.2,0.2,0.1,0.1
0,0.1,0.1,0.2,0.2
0,0.1,0.1,0.1,0.1
0,0.1,0.1,0.1,0.2
0,0.1,0.1,0.2,0.1
0,0.1,0.1,0.2,0.1
0,0.2,0.2,0.3,0.2
0,0.2,0.1,0.2,0.1
0,0.2,0.1,0.3,0.2
0,0.1,0.2,0.2,0.1
0,0.1,0.2,0.2,0.1
0,0.1,0.1,0.2,0.1
0,0.2,0.2,0.6,0.3
0,0.2,0.1,0.1,0.2
0,0.2,0.1,0.2,0.1
0,0.2,0.2,0.2,0.1
0,0.1,0.1,0.2,0.1
0,0.1,0.1,0.1,0.1
0,0.2,0.1,0.2,0.1
0,0.1,0.1,0.2,0.2
0,0.1,0.1,0.2,0.2
0,0.2,0.1,0.1,0.1
0,0.1,0.1,0.2,0.1
0,0.1,0.1,0.2,0.1
0,0.1,0.1,0.1,0.2
0,0.1,0.1,0.2,0.1
0,0.1,0.1,0.1,0.2
0,0.1,0.1,0.1,0.2
0,0.1,0.1,0.1,0.1
0,0.1,0.2,0.2,0.1
0,0.1,0.1,0.2,0.1
0,0.2,0.2,0.2,0.2
0,0.1,0.1,0.2,0.1
0,0.1,0.1,0.2,0.1
0,0.1,0.1,0.1,0.1
0,0.1,0.1,0.2,0.1
0,0.2,0.1,0.2,0.2
0,0.2,0.2,0.2,0.1
0,0.1,0.1,0.2,0.1
0,0.1,0.1,0.2,0.1
0,0.1,0.1,0.2,0.1
0,0.2,0.2,0.2,0.1
0,0.1,0.1,0.2,0.1
0,0.1,0.1,0.2,0.1
0,0.2,0.2,0.2,0.1
0,0.1,0.2,0.2,0.1
0,0.2,0.2,0.2,0.1
0,0.2,0.2,0.2,0.1
0,0.1,0.1,0.3,0.1
0,0.1,0.2,0.2,0.1
0,0.2,0.1,0.1,0.2
0,0.2,0.1,0.1,0.1
0,0.1,0.2,0.2,0.1
0,0.2,0.2,0.2,0.1
0,0.1,0.2,0.2,0.1
0,0.1,0.1,0.1,0.1
0,0.2,0.2,0.1,0.1
0,0.1,0.1,0.2,0.1
0,0.1,0.1,0.1,0.1
0,0.2,0.1,0.1,0.1
0,0.2,0.1,0.2,0.1
0,0.1,0.1,0.2,0.1
0,0.2,0.1,0.1,0.1
0,0.1,0.1,0.1,0.1
0,0.2,0.1,10.1,0.1
0,0.1,0.1,0.2,0.1
0,0.1,0.1,0.2,0.1
0,0.1,0.2,0.2,0.1
0,0.1,0.1,0.1,0.1
0,0.2,0.1,0.2,0.3
0,0.1,0.1,0.1,0.1
0,0.1,0.1,0.1,0.1
0,0.1,0.1,0.1,0.2
0,0.1,0.2,0.2,0.1
0,0.1,0.1,0.2,0.1
0,0.2,0.1,0.2,0.1
0,0.1,0.1,0.2,0.1
0,0.2,0.1,0.2,0.1
0,0.1,0.1,0.2,0.1
0,0.1,0.1,0.1,0.2
0,0.1,0.1,0.2,0.1
0,0.2,0.2,0.1,0.1
0,0.1,0.1,0.2,0.1
0,0.1,0.2,0.1,0.1
0,0.2,0.1,0.1,0.2
0,0.2,0.1,0.2,0.1
0,0.2,0.1,0.1,0.1
0,0.1,0.1,0.1,0.2
0,0.1,0.1,0.2,0.1
0,0.2,0.2,0.2,0.1
0,0.2,0.2,0.2,0.1
0,0.1,0.1,0.2,0.1
0,0.1,0.1,0.1,0.1
0,0.1,0.1,0.2,0.1
0,0.1,0.1,0.1,0.1
0,0.1,0.1,0.2,0.1
0,0.2,0.1,0.1,0.1
0,0.2,0.1,0.1,0.1
0,0.1,0.1,0.2,0.1
0,0.1,0.2,0.2,0.1
0,0.2,0.1,0.1,0.1
0,0.1,0.2,0.2,0.1
0,0.1,0.1,0.2,0.1
0,0.1,0.2,0.3,0.1
0,0.1,0.1,0.1,0.2
0,0.1,0.1,0.1,0.2
0,0.1,0.1,0.2,0.1
0,0.1,0.2,0.2,0.1
0,0.1,0.1,0.1,0.1
0,0.2,0.1,0.1,0.1
0,0.1,0.1,0.1,0.2
0,0.4,0.2,0.4,2.4
0,0.1,0.1,0.2,0.1
0,0.2,0.1,0.1,0.2
0,0.1,0.1,0.3,0.1
0,0.2,0.1,0.1,0.1
0,0.2,0.1,0.1,0.1
0,0.1,0.1,0.2,0.1
0,0.1,0.2,0.2,0.1
0,0.1,0.1,0.1,0.1
0,0.2,0.1,0.2,0.1
0,0.2,0.1,0.1,0.2
0,0.1,0.1,0.1,0.2
0,0.2,0.1,0.1,0.2
0,0.3,0.4,0.3,0.3
0,0.1,0.1,0.2,0.2
0,0.2,0.1,0.2,0.1
0,0.1,0.2,0.2,0.1
0,0.2,0.1,0.2,0.1
0,0.2,0.2,0.2,0.1
0,0.1,0.1,0.2,0.1
0,0.2,0.2,0.2,0.2
0,0.1,0.1,0.1,0.2
0,0.1,0.1,0.2,0.1
0,0.2,0.2,0.3,0.2
0,0.1,0.1,0.2,0.1
0,0.1,0.1,0.2,0.1
0,0.1,0.1,0.2,0.1
0,0.1,0.1,0.2,0.1
0,0.1,0.1,0.1,0.1
0,0.1,0.2,0.2,0.1
0,0.1,0.1,0.1,0.2
0,0.1,0.2,0.2,0.1
0,0.1,0.2,0.2,0.1
0,0.1,0.1,0.2,0.1
0,0.1,0.1,0.3,0.1
0,0.2,0.1,0.2,0.1
0,0.2,0.2,0.2,0.2
0,0.2,0.1,0.2,0.1
0,0.2,0.1,0.2,0.1
0,0.1,0.1,0.2,0.1
0,0.1,0.1,0.1,0.2
0,0.1,0.2,0.2,0.1
0,0.2,0.2,0.2,0.1
0,0.1,0.1,0.2,0.2
0,0.1,0.1,0.1,0.2
0,0.2,0.1,0.2,0.2
0,0.2,0.1,0.1,0.2
0,0.1,0.2,0.2,0.1
0,0.1,0.2,0.2,0.1
0,0.1,0.2,0.2,0.1
0,0.3,0.3,0.4,0.3
0,0.1,0.2,0.2,0.1
0,0.1,0.1,0.2,0.1
0,0.1,0.1,0.2,0.1
0,0.2,0.1,0.1,0.1
0,0.1,0.1,0.2,0.2
0,0.1,0.2,0.2,0.1
0,0.2,0.1,0.2,0.2
0,0.1,0.1,0.1,0.1
0,0.1,0.2,0.2,0.1
0,0.2,0.1,0.1,0.2
0,0.1,0.1,0.2,0.1
0,0.1,0.2,0.2,0.1
0,0.1,0.1,0.2,0.1
0,0.2,0.2,0.2,0.1
0,0.2,0.1,0.1,0.1
0,0.1,0.1,0.2,0.1
0,0.1,0.1,0.2,0.1
0,0.1,0.1,0.2,0.1
0,0.1,0.1,0.1,0.2
0,0.4,0.3,0.4,0.3
0,0.1,0.2,0.2,0.1
0,0.2,0.1,0.2,0.1
0,0.1,0.3,0.2,0.3
0,0.2,0.1,0.1,0.2
0,0.2,0.1,0.1,0.1
0,0.1,0.1,0.2,0.2
0,0.1,0.1,0.1,0.1
0,0.1,0.1,0.1,0.2
0,0.1,0.1,0.2,0.1
0,0.1,0.1,0.1,0.2
0,0.2,0.1,0.2,0.2
0,0.1,0.2,0.2,0.1
0,0.2,0.1,0.1,0.2
0,0.1,0.1,0.2,0.1
0,0.1,0.1,0.2,0.1
0,0.1,0.1,0.1,0.1
0,0.3,1,1.1,1
0,0.2,0.1,0.1,0.2
0,0.2,0.1,0.2,0.1
0,0.1,0.2,0.2,0.1
0,0.2,0.1,0.1,0.1
0,0.2,0.1,0.2,0.1
0,0.2,0.1,0.1,0.2
0,0.1,0.1,0.2,0.1
0,0.2,0.1,0.2,0.1
0,0.1,0.1,0.2,0.1
0,0.3,0.3,0.4,0.3
0,0.2,0.1,0.1,0.1
0,0.2,0.1,0.1,0.1
0,0.1,0.1,0.1,0.2
0,0.2,0.1,0.1,0.1
0,0.2,0.1,0.2,0.1
0,0.1,0.2,0.2,0.1
0,0.1,0.2,0.2,0.1
0,0.1,0.1,0.2,0.1
0,0.1,0.1,0.2,0.1
0,0.1,0.1,0.1,0.1
0,0.1,0.2,0.2,0.1
0,0.1,0.1,0.2,0.1
0,0.1,0.2,0.2,0.1
0,0.2,0.1,0.2,0.1
0,0.2,0.1,0.2,0.2
0,0.2,0.1,0.2,0.1
0,0.2,0.3,0.3,0.2
0,0.1,0.1,0.1,0.1
0,0.1,0.1,0.2,0.1
0,0.1,0.2,0.2,0.1
0,0.1,0.1,0.2,0.1
0,0.1,0.1,0.2,0.1
0,0.1,0.1,0.2,0.1
0,0.1,0.2,0.2,0.1
0,0.1,0.1,0.1,0.2
0,0.1,0.1,0.2,0.1
0,0.2,0.2,0.2,0.1
0,0.2,0.1,0.2,0.1
0,0.1,0.2,0.2,0.1
0,0.1,0.1,0.2,0.1
0,0.2,0.1,0.2,0.1
0,0.2,0.1,0.1,0.1
0,0.4,0.4,0.4,0.3
0,0.1,0.1,0.1,0.2
0,0.2,0.1,0.2,0.1
0,0.2,0.2,0.2,0.1
0,0.1,0.2,0.2,0.1
0,0.1,0.1,0.1,0.1
0,0.1,0.1,0.1,0.1
0,0.2,0.1,0.1,0.1
0,0.1,0.1,0.2,0.1
0,0.2,0.1,0.2,0.1
0,0.2,0.1,0.2,0.1
0,0.2,0.1,0.2,0.1
0,0.1,0.1,0.2,0.1
0,0.2,0.2,0.2,0.1
0,0.1,0.1,0.1,0.2
0,0.2,0.1,0.2,0.1
0,0.2,0.1,0.3,0.1
0,0.1,0.2,0.2,0.1
0,0.1,0.1,0.1,0.1
0,0.1,0.1,0.1,0.1
0,0.1,0.1,0.2,0.1
0,0.2,0.1,0.2,0.1
0,0.2,0.1,0.1,0.2
0,0.1,0.1,0.2,0.1
0,0.1,0.2,0.2,0.1
0,0.1,0.2,0.2,0.1
0,0.1,0.1,0.1,0.1
0,0.1,0.2,0.2,0.1
0,0.2,0.2,0.2,0.2
0,0.1,0.2,0.2,0.1
0,0.1,0.1,0.1,0.1
0,0.1,0.1,0.2,0.1
0,0.1,0.1,0.1,0.2
0,0.2,0.1,0.1,0.2
0,0.2,0.1,0.2,0.1
0,0.2,0.1,0.2,0.1
0,0.2,0.1,0.1,0.1
0,0.1,0.1,0.2,0.1
0,0.2,0.1,0.1,0.1
0,0.2,0.2,0.2,0.1
0,0.1,0.1,0.2,0.1
0,0.1,0.2,0.2,0.1
0,0.1,0.1,0.2,0.1
0,0.1,0.1,0.2,0.2
0,0.1,0.2,0.2,0.1
0,0.2,0.2,0.2,0.1
0,0.1,0.1,0.2,0.1
0,0.1,0.1,0.1,0.1
0,0.2,0.1,0.3,0.2
0,0.3,0.1,0.2,0.2
0,0.1,0.1,0.2,0.1
0,0.2,0.1,0.2,0.1
0,0.1,0.1,0.1,0.2
0,0.1,0.1,0.1,0.1
0,0.1,0.1,0.1,0.1
0,0.1,0.1,0.2,0.1
0,0.2,0.1,0.1,0.1
0,0.1,0.1,0.2,0.1
0,0.1,0.1,0.1,0.1
0,0.1,0.1,0.2,0.1
0,0.1,0.1,0.1,0.1
0,0.1,0.1,0.2,0.1
0,0.1,0.1,0.1,0.2
0,0.2,0.2,0.2,0.1
0,0.2,0.1,0.1,0.1
0,0.1,0.1,0.2,0.1
0,0.2,0.2,0.2,0.1
0,0.1,0.2,0.2,0.1
0,0.1,0.1,0.2,0.1
0,0.2,0.1,0.1,0.1
0,0.2,0.1,0.2,0.2
0,0.1,0.2,0.2,0.1
0,0.2,0.1,0.1,0.1
0,0.2,0.1,0.1,0.2
0,0.2,0.1,0.1,0.1
0,0.2,0.1,0.2,0.1
0,0.1,0.1,0.1,0.1
0,0.1,0.1,0.1,0.1
0,0.1,0.1,0.2,0.2
0,0.2,0.1,0.2,0.1
0,0.1,0.1,0.1,0.1
0,0.2,0.1,0.1,0.1
0,0.2,0.1,0.2,0.2
0,0.2,0.1,0.2,0.1
0,0.2,0.1,0.1,0.2
0,0.1,0.1,0.2,0.1
0,0.1,0.1,0.2,0.1
0,0.1,0.2,0.2,0.1
0,0.2,0.1,0.1,0.1
0,0.1,0.1,0.1,0.1
0,0.1,0.1,0.1,0.2
0,0.2,0.1,0.1,0.1
0,0.2,0.1,0.2,0.1
0,0.1,0.1,0.2,0.1
0,0.2,0.1,0.2,0.1
0,0.1,0.1,0.1,0.2
0,0.2,0.1,0.1,0.1
0,0.1,0.1,0.2,0.1
0,0.1,0.2,0.1,0.1
0,0.1,0.2,0.2,0.1
0,0.1,0.1,0.2,0.1
0,0.2,0.1,0.1,0.2
0,0.1,0.1,0.1,0.2
0,0.2,0.1,0.2,0.1
0,0.1,0.1,0.1,0.1
0,0.1,0.1,0.2,0.1
0,0.2,0.1,0.2,0.1
0,0.1,0.1,0.1,0.2
0,0.1,0.1,0.2,0.1
0,0.2,0.1,0.2,0.2
0,0.2,0.1,0.2,0.1
0,0.1,0.1,0.1,0.1
0,0.1,0.1,0.2,0.1
0,0.1,0.1,0.1,0.1
0,0.1,0.1,0.2,0.1
0,0.1,0.1,0.2,0.1
0,0.1,0.1,0.2,0.1
0,0.2,0.2,0.2,0.1
0,0.1,0.1,0.2,0.1
0,0.1,0.1,0.1,0.1
0,0.1,0.1,0.2,0.1
0,0.2,0.1,0.1,0.1
0,0.2,0.1,0.2,0.1
0,0.1,0.1,0.2,0.1
0,0.2,0.1,0.1,0.2
0,0.2,0.1,0.2,0.1
0,0.2,0.1,0.1,0.1
0,0.1,0.1,0.2,0.1
0,0.1,0.1,0.1,0.1
0,0.1,0.1,0.2,0.1
0,0.1,0.1,0.1,0.1
0,0.2,0.1,0.1,0.1
0,0.1,0.1,0.3,0.1
0,0.1,0.2,0.2,0.1
0,0.1,0.1,0.2,0.1
0,0.1,0.1,0.2,0.1
0,0.2,0.1,0.1,0.1
0,0.1,0.2,0.2,0.1
0,0.1,0.1,0.1,0.1
0,0.1,0.1,0.2,0.1
0,0.1,0.1,0.1,0.2
0,0.2,0.1,0.2,0.1
0,0.2,0.1,0.1,0.1
0,0.2,0.1,0.1,0.2
0,0.2,0.1,0.1,0.1
0,0.1,0.1,0.1,0.2
0,0.2,0.1,0.2,0.1
0,0.1,0.1,0.2,0.1
0,0.1,0.1,0.2,0.2
0,0.2,0.1,0.2,0.1
0,0.1,0.1,0.1,0.1
0,0.1,0.1,0.2,0.2
0,0.1,0.1,0.2,0.1
0,0.2,0.1,0.1,0.2
0,0.1,0.1,0.2,0.1
0,0.1,0.1,0.2,0.1
0,0.2,0.1,0.1,0.1
0,0.2,0.2,0.2,0.1
0,0.1,0.1,0.1,0.1
0,0.1,0.2,0.2,0.1
0,0.1,0.1,0.2,0.2
0,0.1,0.2,0.2,0.1
0,0.2,0.1,0.2,0.2
0,0.1,0.1,0.2,0.1
0,0.1,0.1,0.1,0.2
0,0.2,0.1,0.2,0.1
0,0.1,0.1,0.2,0.1
0,0.1,0.1,0.1,0.1
0,0.1,0.1,0.1,0.1
0,0.2,0.1,0.1,0.1
0,0.1,0.1,0.2,0.2
0,0.1,0.1,0.2,0.1
0,0.1,0.1,0.2,0.1
0,0.2,0.1,0.1,0.1
0,0.1,0.1,0.2,0.1
0,0.2,0.1,0.2,0.1
0,0.1,0.1,0.2,0.2
0,0.1,0.1,0.1,0.1
0,0.2,0.1,0.2,0.1
0,0.1,0.1,0.2,0.2
0,0.1,0.1,0.2,0.1
0,0.1,0.1,0.2,0.1
0,0.1,0.1,0.1,0.2
0,0.1,0.1,0.2,0.1
0,0.1,0.1,0.2,0.1
0,0.2,0.1,0.2,0.1
0,0.1,0.1,0.2,0.1
0,0.1,0.1,0.2,0.1
0,0.1,0.1,0.2,0.1
0,0.2,0.2,0.2,0.1
0,0.2,0.1,0.1,0.1
0,0.1,0.1,0.1,0.1
0,0.1,0.2,0.1,0.1
0,0.1,0.1,0.1,0.1
0,0.2,0.1,0.2,0.1
0,0.2,0.1,0.2,0.1
0,0.2,0.2,0.2,0.1
0,0.1,0.2,0.2,0.1
0,0.1,0.1,0.2,0.1
0,0.1,0.1,0.2,0.1
0,0.2,0.2,0.2,0.1
0,0.2,0.2,0.2,0.1
0,0.1,0.1,0.2,0.1
0,0.1,0.1,0.2,0.2
0,0.1,0.1,0.2,0.1
0,0.2,0.1,0.2,0.1
0,0.1,0.1,0.1,0.1
0,0.1,0.1,0.1,0.1
0,0.2,0.1,0.2,0.1
0,0.1,0.2,0.2,0.1
0,0.1,0.1,0.1,0.1
0,0.2,0.1,0.2,0.1
0,0.1,0.1,0.2,0.1
0,0.1,0.1,0.2,0.2
0,0.1,0.2,0.2,0.1
0,0.2,0.2,0.2,0.1
0,0.1,0.1,0.1,0.1
0,0.2,0.2,0.2,0.1
0,0.2,0.1,0.1,0.1
0,0.1,0.1,0.2,0.1
0,0.1,0.1,0.1,0.1
0,0.1,0.1,0.2,0.1
0,0.1,0.1,0.2,0.1
0,0.1,0.1,0.2,0.1
0,0.1,0.1,0.1,0.1
0,0.1,0.1,0.1,0.1
0,0.2,0.1,0.1,0.2
0,0.1,0.1,0.1,0.1
0,0.2,0.1,0.2,0.1
0,0.2,0.1,0.2,0.1
0,0.2,0.1,0.2,0.1
0,0.1,0.1,0.2,0.1
0,0.1,0.1,0.2,0.1
0,0.2,0.1,0.1,0.2
0,0.2,0.1,0.2,0.1
0,0.2,0.2,0.2,0.1
0,0.1,0.1,0.2,0.1
0,0.2,0.2,0.2,0.1
0,0.2,0.2,0.1,0.1
0,0.1,0.1,0.2,0.1
0,0.1,0.1,0.2,0.2
0,0.1,0.1,0.2,0.1
0,0.1,0.1,0.1,0.2
0,0.2,0.1,0.2,0.1
0,0.1,0.1,0.2,0.1
0,0.2,0.1,0.2,0.1
0,0.2,0.1,0.1,0.2
0,0.2,0.2,0.2,0.1
0,0.1,0.1,0.2,0.1
0,0.2,0.1,0.2,0.1
0,0.1,0.1,0.2,0.1
0,0.1,0.2,0.2,0.1
0,0.2,0.1,0.2,0.1
0,0.1,0.2,0.2,0.1
0,0.2,0.2,0.2,0.1
0,0.2,0.1,0.2,0.1
0,0.2,0.2,0.1,0.1
0,0.1,0.2,0.2,0.1
0,0.2,0.2,0.2,0.1
0,0.2,0.1,0.2,0.2
0,0.1,0.2,0.2,0.1
0,0.1,0.1,0.1,0.2
0,0.1,0.1,0.1,0.1
0,0.1,0.1,0.2,0.2
0,0.2,0.1,0.2,0.1
0,0.1,0.1,0.1,0.1
0,0.2,0.2,0.2,0.1
0,0.2,0.2,0.2,0.1
0,0.2,0.1,0.3,0.1
0,0.1,0.1,0.2,0.1
0,0.2,0.2,0.2,0.2
0,0.1,0.1,0.2,0.1
0,0.1,0.1,0.1,0.1
0,0.1,0.1,0.2,0.1
0,0.2,0.1,0.2,0.1
0,0.1,0.1,0.2,0.1
0,0.1,0.1,0.2,0.1
0,0.2,0.1,0.1,0.1
0,0.1,0.1,0.2,0.1
0,0.2,0.1,0.1,0.2
0,0.2,0.1,0.2,0.1
0,0.2,0.1,0.1,0.1
0,0.1,0.1,0.1,0.1
0,0.1,0.1,0.2,0.1
0,0.1,0.1,0.2,0.2
0,0.1,0.1,0.2,0.1
0,0.1,0.1,0.2,0.1
0,0.2,0.2,0.2,0.1
0,0.1,0.1,0.1,0.2
0,0.1,0.1,0.2,0.1
0,0.1,0.1,0.2,0.1
0,0.1,0.1,0.2,0.1
0,0.1,0.1,0.1,0.1
0,0.2,0.2,0.2,0.1
0,0.1,0.1,0.2,0.1
0,0.1,0.1,0.1,0.1
0,0.1,0.2,0.2,0.1
0,0.2,0.1,0.2,0.1
0,0.2,0.1,0.2,0.1
0,0.2,0.2,0.2,0.1
0,0.1,0.1,0.2,0.1
0,0.2,0.1,0.2,0.1
0,0.1,0.1,10.1,0.1
0,0.1,0.2,0.2,0.1
0,0.2,0.2,0.4,0.2
0,0.1,0.1,0.2,0.1
0,0.2,0.1,0.1,0.1
0,0.1,0.2,0.2,0.1
0,0.1,0.1,0.1,0.1
0,0.1,0.1,0.2,0.1
0,0.1,0.1,0.1,0.1
0,0.1,0.1,0.2,0.1
0,0.1,0.1,0.1,0.1
0,0.1,0.1,0.1,0.2
0,0.1,0.1,0.2,0.1
0,0.2,0.1,0.2,0.1
0,0.2,0.1,0.2,0.1
0,0.2,0.1,0.1,0.1
0,0.2,0.1,0.2,0.1
0,0.1,0.1,0.2,0.1
0,0.2,0.1,0.1,0.1
0,0.1,0.1,0.1,0.2
0,0.1,0.1,0.2,0.1
0,0.2,0.1,0.2,0.1
0,0.1,0.1,0.2,0.1
0,0.1,0.1,0.1,0.1
0,0.1,0.1,0.2,0.1
0,0.1,0.1,0.2,0.1
0,0.1,0.2,0.2,0.1
0,0.1,0.1,0.2,0.1
0,0.1,0.1,0.2,0.1
0,0.2,0.1,0.1,0.1
0,0.2,0.1,0.1,0.2
0,0.1,0.1,0.1,0.2
0,0.2,0.1,0.1,0.1
0,0.1,0.1,0.2,0.1
0,0.1,0.2,0.2,0.1
0,0.1,0.1,0.1,0.2
0,0.1,0.2,0.2,0.1
0,0.2,0.1,0.2,0.1
0,0.1,0.1,0.2,0.1
0,0.2,0.1,0.2,0.1
0,0.1,0.2,0.2,0.1
0,0.1,0.1,0.2,0.1
0,0.2,0.1,0.1,0.2
0,0.1,0.1,0.2,0.1
0,0.2,0.1,0.1,0.1
0,0.1,0.1,0.1,0.1
0,0.2,0.1,0.2,0.1
0,0.1,0.1,0.2,0.1
0,0.1,0.2,0.2,0.1
0,0.1,0.1,0.2,0.1
0,0.1,0.1,0.1,0.1
0,0.1,0.1,0.2,0.2
0,0.2,0.1,0.1,0.2
0,0.2,0.1,0.1,0.2
0,0.2,0.1,0.2,0.1
0,0.2,0.1,0.2,0.1
0,0.1,0.1,0.2,0.1
0,0.5,1,1.1,1.1
0,0.1,0.1,0.1,0.1
0,0.1,0.2,0.3,0.2
0,0.2,0.1,0.2,0.1
0,0.2,0.1,0.1,0.1
0,0.1,0.2,0.2,0.1
0,0.2,0.1,0.1,0.2
0,0.1,0.1,0.2,0.1
0,0.4,0.4,0.6,0.4
0,0.7,0.5,0.4,0.3
0,0.2,0.2,0.2,0.2
0,0.3,0.2,0.3,0.2
0,0.2,0.1,0.2,0.1
0,0.2,0.1,0.1,0.2
0,0.1,0.1,0.2,0.1
0,0.1,0.1,0.2,0.2
0,0.2,0.1,0.1,0.2
0,0.2,0.1,0.1,0.1
0,0.1,0.2,0.2,0.1
0,0.1,0.2,0.2,0.1
0,0.1,0.2,0.4,0.2
0,0.1,0.1,0.2,0.2
0,0.1,0.2,0.2,0.1
0,0.1,0.1,0.2,0.1
0,0.2,0.2,0.3,0.1
0,0.2,0.1,0.2,0.1
0,0.4,0.3,0.6,0.3
0,0.4,0.3,0.6,0.3
0,0.1,0.1,0.1,0.2
0,0.1,0.1,0.2,0.2
0,0.4,0.3,0.4,0.3
0,0.4,0.3,0.4,0.3
0,0.2,0.2,0.4,0.2
0,0.1,0.2,0.3,0.2
0,0.1,0.2,0.2,0.1
0,0.2,0.2,0.3,0.2
0,0.1,0.2,0.3,0.2
0,0.3,0.3,0.5,0.3
0,0.2,0.1,0.2,0.1
0,0.2,0.2,0.2,0.1
0,0.2,0.2,0.2,0.1
0,2.3,0.4,0.6,0.4
0,0.1,0.2,0.2,0.1
0,0.2,0.1,0.1,0.1
0,0.1,0.1,0.2,0.2
0,0.2,0.1,0.2,0.2
0,0.1,0.2,0.2,0.1
0,0.1,0.2,0.2,0.1
0,0.1,0.1,0.1,0.2
0,0.1,0.2,0.2,0.1
0,0.2,0.1,0.1,0.1
0,0.2,0.1,0.1,0.1
0,0.1,0.1,0.1,0.1
0,0.2,0.2,0.2,0.1
0,0.2,0.1,0.1,0.2
0,0.2,0.1,0.1,0.2
0,0.1,0.2,0.2,0.1
0,0.2,0.1,0.2,0.1
0,0.3,0.2,0.3,0.2
0,0.2,0.2,0.2,0.2
0,0.4,0.3,0.4,0.3
0,0.2,0.1,0.1,0.2
0,0.1,0.2,0.2,0.1
0,0.1,0.1,0.1,0.1
0,0.2,0.1,0.1,0.2
0,0.1,0.1,0.2,0.1
0,0.2,0.1,0.1,0.2
0,0.1,0.2,0.2,0.1
0,0.1,0.2,0.2,0.1
0,0.4,0.3,0.3,0.3
0,0.1,0.1,0.2,0.1
0,0.2,0.1,0.1,0.2
0,0.2,0.1,0.1,0.1
0,0.3,0.3,0.3,0.3
0,0.1,0.2,0.2,0.1
0,0.1,0.1,0.1,0.1
0,0.2,0.2,0.2,0.1
0,0.1,0.1,0.3,0.1
0,0.1,0.1,0.1,0.2
0,0.1,0.2,0.2,0.2
0,0.1,0.2,0.2,0.1
0,0.1,0.2,0.2,0.1
0,0.1,0.1,0.2,0.1
0,0.1,0.1,0.2,0.1
0,0.2,0.1,0.1,0.1
0,0.2,0.1,0.2,0.1
0,0.2,0.1,0.2,0.2
0,0.3,0.3,0.3,0.2
0,0.2,0.1,0.1,0.1
0,0.1,0.1,0.1,0.2
0,0.2,0.2,0.1,0.1
0,0.2,0.1,0.2,0.1
0,0.2,0.1,0.1,0.2
0,0.2,0.1,0.1,0.1
0,0.1,0.2,0.2,0.1
0,0.1,0.1,0.2,0.1
0,0.2,0.1,0.2,0.1
0,0.1,0.1,0.2,0.1
0,0.1,0.2,0.2,0.1
0,0.2,0.2,0.2,0.1
0,0.3,0.3,0.2,0.3
0,0.1,0.1,0.1,0.2
0,0.1,0.1,0.2,0.2
0,0.2,0.1,0.2,0.1
0,0.3,0.3,0.3,0.2
0,0.1,0.1,0.1,0.2
0,0.2,0.1,0.1,0.1
0,0.1,0.1,0.2,0.2
0,0.3,0.2,0.2,0.2
0,0.2,0.1,0.1,0.2
0,0.2,0.1,0.1,0.2
0,0.1,0.1,0.2,0.2
0,0.1,0.2,0.2,0.1
0,0.2,0.1,0.1,0.2
0,0.1,0.2,0.2,0.1
0,0.1,0.1,0.2,0.1
0,0.1,0.2,0.2,0.1
0,0.1,0.1,0.1,0.1
0,0.2,0.1,0.1,0.2
0,0.1,0.2,0.2,0.1
0,0.1,0.2,0.2,0.1
0,0.1,0.1,0.2,0.1
0,0.2,0.1,0.1,0.1
0,0.2,0.2,0.2,0.1
0,0.1,0.1,0.2,0.1
0,0.2,0.1,0.2,0.1
0,0.2,0.1,0.2,0.1
0,0.1,0.2,0.2,0.1
0,0.1,0.1,0.2,0.1
0,0.1,0.1,0.1,0.1
0,0.2,0.1,0.2,0.1
0,0.2,0.1,0.1,0.2
0,0.1,0.2,0.2,0.1
0,0.2,0.1,0.1,0.2
0,0.1,0.1,0.2,0.1
0,0.2,0.2,0.2,0.1
0,0.2,0.1,0.2,0.1
0,0.2,0.2,0.2,0.1
0,0.1,0.1,0.1,0.1
0,0.1,0.1,0.2,0.1
0,0.1,0.1,0.1,0.2
0,0.2,0.1,0.1,0.1
0,0.2,0.1,0.2,0.1
0,0.2,0.1,0.1,0.1
0,0.2,0.1,0.1,0.1
0,0.1,0.1,0.2,0.1
0,0.2,0.2,0.2,0.1
0,0.1,0.1,0.2,0.2
0,0.1,0.1,0.1,0.1
0,0.2,0.2,0.2,0.1
0,0.1,0.1,0.2,0.1
0,0.1,0.1,0.2,0.1
0,0.1,0.1,0.1,0.2
0,0.2,0.2,0.1,0.1
0,0.1,0.1,0.2,0.1
0,0.1,0.1,0.2,0.2
0,0.1,0.1,0.2,0.1
0,0.1,0.1,0.1,0.2
0,0.2,0.1,0.2,0.1
0,0.1,0.1,0.1,0.1
0,0.2,0.1,0.2,0.1
0,0.1,0.1,0.2,0.1
0,0.1,0.2,0.2,0.1
0,0.1,0.1,0.2,0.1
0,0.2,0.1,0.1,0.2
0,0.2,0.2,0.2,0.1
0,0.1,0.1,0.2,0.1
0,0.1,0.1,0.1,0.2
0,0.1,0.1,0.2,0.1
0,0.1,0.1,0.1,0.1
0,0.1,0.1,0.2,0.2
0,0.2,0.1,0.2,0.1
0,0.2,0.1,0.2,0.1
0,0.3,0.3,0.3,0.3
0,0.1,0.1,0.1,0.2
0,0.1,0.1,0.1,0.1
0,0.1,0.1,0.1,0.2
0,0.1,0.1,0.2,0.2
0,0.1,0.1,0.2,0.1
0,0.2,0.1,0.1,0.1
0,0.1,0.2,0.2,0.1
0,0.1,0.1,0.1,0.1
0,0.1,0.1,0.1,0.1
0,0.1,0.1,0.2,0.1
0,0.1,0.2,0.1,0.1
0,0.1,0.1,0.2,0.1
0,0.2,0.1,0.2,0.1
0,0.1,0.2,0.2,0.1
0,0.2,0.2,0.2,0.1
0,0.1,0.1,0.1,0.1
0,0.2,0.2,0.2,0.1
0,0.1,0.1,0.1,0.1
0,0.1,0.2,0.2,0.1
0,0.1,0.1,0.2,0.1
0,0.2,0.2,0.2,0.1
0,0.1,0.1,0.2,0.1
0,0.2,0.1,0.1,0.1
0,0.1,0.2,0.2,0.1
0,0.1,0.1,0.1,0.2
0,0.3,0.1,0.3,0.2
0,0.1,0.2,0.2,0.1
0,0.1,0.1,0.2,0.2
0,0.1,0.2,0.2,0.1
0,0.2,0.2,0.2,0.1
0,0.2,0.1,0.1,0.1
0,0.1,0.1,0.1,0.2
0,0.1,0.1,0.1,0.2
0,0.2,0.1,0.1,0.2
0,0.1,0.1,0.2,0.1
0,0.1,0.1,0.2,0.1
0,0.1,0.2,0.2,0.1
0,0.2,0.1,0.2,0.2
0,0.1,0.1,0.2,0.1
0,0.2,0.1,0.1,0.1
0,0.1,0.1,0.2,0.1
0,0.2,0.2,0.2,0.1
0,0.1,0.1,0.1,0.1
0,0.1,0.1,0.2,0.1
0,0.1,0.1,0.2,0.2
0,0.1,0.1,0.1,0.2
0,0.2,0.2,0.2,0.1
0,0.2,0.1,0.2,0.1
0,0.1,0.1,0.2,0.2
0,0.2,0.1,0.2,0.1
0,0.1,0.1,0.2,0.1
0,0.1,0.1,0.1,0.2
0,0.2,0.1,0.1,0.1
0,0.1,0.1,0.2,0.1
0,0.1,0.2,0.2,0.1
0,0.2,0.2,0.2,0.1
0,0.1,0.1,0.1,0.1
0,0.2,0.1,0.1,0.1
0,0.1,0.1,0.2,0.2
0,0.1,0.1,0.2,0.1
0,0.2,0.1,0.2,0.1
0,0.2,0.2,0.2,0.1
0,0.1,0.1,0.2,0.1
0,0.2,0.1,0.2,0.1
0,0.2,0.1,0.1,0.1
0,0.1,0.2,0.2,0.1
0,0.1,0.1,0.2,0.1
0,0.1,0.1,0.1,0.1
0,0.1,0.1,0.2,0.1
0,0.2,0.2,0.2,0.1
0,0.1,0.1,0.2,0.1
0,0.1,0.1,0.2,0.1
0,0.2,0.2,0.2,0.1
0,0.1,0.1,0.1,0.1
0,0.1,0.1,0.2,0.1
0,0.1,0.2,0.2,0.1
0,0.2,0.1,0.1,0.1
0,0.1,0.1,0.2,0.1
0,0.2,0.1,0.1,0.1
0,0.3,0.2,0.6,0.4
0,0.2,0.2,0.2,0.1
0,0.2,0.1,0.1,0.2
0,0.1,0.2,0.3,0.1
0,0.1,0.2,0.2,0.1
0,0.2,0.2,0.3,0.1
0,0.3,0.2,0.4,0.2
0,0.1,0.2,0.2,0.2
0,0.1,0.2,0.2,0.1
0,0.2,0.1,0.2,0.1
0,0.2,0.1,0.1,0.2
0,0.2,0.1,0.2,0.2
0,0.1,0.2,0.2,0.1
0,0.2,0.1,0.2,0.1
0,0.2,0.1,0.1,0.1
0,0.2,0.1,0.1,0.1
0,0.1,0.1,0.1,0.1
0,0.2,0.1,0.1,0.2
0,0.1,0.2,0.2,0.1
0,0.1,0.1,0.2,0.1
0,0.2,0.2,0.2,0.1
0,0.2,0.1,0.1,0.1
0,0.1,0.2,0.2,0.1
0,0.1,0.1,0.1,0.1
0,0.1,0.1,0.2,0.1
0,0.2,0.1,0.2,0.1
0,0.1,0.2,0.2,0.1
0,0.1,0.1,0.1,0.1
0,0.1,0.1,0.1,0.2
0,0.1,0.1,0.2,0.2
0,0.1,0.1,0.2,0.1
0,0.1,0.2,0.2,0.1
0,0.2,0.2,0.1,0.1
0,0.2,0.1,0.2,0.1
0,0.2,0.2,0.2,0.1
0,0.2,0.1,0.2,0.1
0,0.2,0.1,0.1,0.1
0,0.1,0.1,0.2,0.2
0,0.1,0.1,0.1,0.2
0,0.2,0.2,0.2,0.1
0,0.1,0.1,0.2,0.1
0,0.2,0.1,0.1,0.2
0,0.1,0.1,0.1,0.2
0,0.2,0.1,0.1,0.2
0,0.1,0.2,0.2,0.1
0,0.2,0.1,0.1,0.2
0,0.1,0.1,0.2,0.1
0,0.2,0.2,0.2,0.2
0,0.1,0.2,0.2,0.1
0,0.2,0.2,0.2,0.1
0,0.1,0.1,0.2,0.1
0,0.1,0.1,0.1,0.2
0,0.1,0.2,0.2,0.1
0,0.2,0.2,0.3,0.2
0,0.1,0.1,0.2,0.1
0,0.2,0.1,0.1,0.2
0,0.2,0.1,0.1,0.2
0,0.2,0.2,0.2,0.1
0,0.1,0.1,0.1,0.2
0,0.1,0.1,0.1,0.2
0,0.2,0.1,0.1,0.1
0,0.1,0.1,0.2,0.1
0,0.2,0.2,0.2,0.1
0,10.3,0.3,0.3,0.3
0,0.2,0.1,0.2,0.1
0,0.2,0.1,0.1,0.1
0,0.2,0.1,0.1,0.2
0,0.2,0.1,0.2,0.2
0,0.1,0.1,0.3,0.1
0,0.2,0.1,0.1,0.1
0,0.2,0.1,0.1,0.2
0,0.2,0.1,0.1,0.1
0,0.2,0.1,0.1,0.1
0,0.2,0.2,0.2,0.1
0,0.1,0.2,0.2,0.1
0,0.2,0.1,0.1,0.2
0,0.1,0.1,0.2,0.2
0,0.2,0.1,0.1,0.2
0,0.2,0.1,0.1,0.1
0,0.3,0.3,0.3,0.3
0,0.2,0.1,0.1,0.1
0,0.2,0.1,0.1,0.2
0,0.2,0.1,0.2,0.1
0,0.1,0.1,0.1,0.2
0,0.2,0.1,0.1,0.1
0,0.2,0.1,0.1,0.2
0,0.1,0.1,0.1,0.1
0,0.2,0.1,0.1,0.1
0,0.1,0.1,0.2,0.1
0,0.1,0.1,0.1,0.2
0,0.1,0.1,0.1,0.1
0,0.1,0.1,0.2,0.1
0,0.1,0.2,0.1,0.1
0,0.1,0.1,0.2,0.1
0,0.2,0.2,0.1,0.1
0,0.2,0.2,0.2,0.1
0,0.2,0.1,0.2,0.1
0,0.1,0.1,0.2,0.1
0,0.2,0.1,0.1,0.2
0,0.2,0.1,0.1,0.2
0,0.1,0.1,0.2,0.2
0,0.2,0.2,0.2,0.2
0,0.1,0.2,0.2,0.1
0,0.2,0.1,0.1,0.1
0,0.1,0.1,0.2,0.1
0,0.1,0.1,0.1,0.2
0,0.2,0.1,0.2,0.1
0,0.1,0.1,0.2,0.1
0,0.1,0.1,0.2,0.1
0,0.2,0.2,0.1,0.1
0,0.2,0.1,0.1,0.1
0,0.1,0.1,0.2,0.1
0,0.2,0.1,0.1,0.1
0,0.1,0.1,0.2,0.2
0,0.2,0.1,0.2,0.1
0,0.1,0.1,0.1,0.2
0,0.2,0.1,0.2,0.1
0,0.1,0.2,0.2,0.1
0,0.2,0.1,0.1,0.1
0,0.2,0.1,0.2,0.1
0,0.1,0.1,0.2,0.1
0,0.1,0.1,0.2,0.1
0,0.2,0.1,0.1,0.1
0,0.1,0.1,0.2,0.1
0,0.3,0.3,0.6,0.3
0,0.1,0.1,0.1,0.2
0,0.2,0.1,0.2,0.1
0,0.1,0.1,0.2,0.1
0,0.2,0.1,0.1,0.2
0,0.1,0.1,0.2,0.1
0,0.1,0.1,0.1,0.1
0,0.2,0.1,0.2,0.1
0,0.1,0.1,0.2,0.1
0,0.2,0.2,0.2,0.1
0,0.1,0.1,0.1,0.1
0,0.1,0.1,0.2,0.1
0,0.2,0.2,0.1,0.1
0,0.1,0.1,0.2,0.1
0,0.1,0.1,0.1,0.2
0,0.1,0.1,0.1,0.1
0,0.1,0.1,0.2,0.1
0,0.1,0.2,0.2,0.1
0,0.2,0.1,0.1,0.2
0,0.2,0.1,0.1,0.1
0,0.1,0.1,0.2,0.1
0,0.1,0.1,0.2,0.1
0,0.2,0.1,0.2,0.1
0,0.2,0.1,0.1,0.1
0,0.1,0.1,0.1,0.1
0,0.1,0.1,0.2,0.1
0,0.1,0.1,0.1,0.2
0,0.1,0.1,0.2,0.1
0,0.1,0.1,0.1,0.1
0,0.1,0.1,0.2,0.1
0,0.1,0.1,0.1,0.1
0,0.1,0.1,0.2,0.1
0,0.2,0.1,0.2,0.1
0,0.1,0.1,0.2,0.1
0,0.2,0.2,0.1,0.1
0,0.2,0.1,0.1,0.2
0,0.2,0.1,0.2,0.1
0,0.1,0.1,0.2,0.1
0,0.2,0.1,0.1,0.2
0,0.1,0.1,0.2,0.1
0,0.1,0.1,0.2,0.2
0,0.1,0.1,0.2,0.1
0,0.2,0.2,0.1,0.1
0,0.2,0.1,0.1,0.1
0,0.1,0.2,0.2,0.1
0,0.1,0.1,0.2,0.1
0,0.2,0.1,0.1,0.2
0,0.2,0.1,0.2,0.1
0,0.1,0.1,0.1,0.2
0,0.1,0.1,0.2,0.1
0,0.1,0.1,0.2,0.1
0,0.1,0.1,0.2,0.1
0,0.1,0.1,0.1,0.2
0,0.1,0.2,0.2,0.1
0,0.2,0.1,0.2,0.1
0,0.2,0.1,0.2,0.1
0,0.2,0.1,0.2,0.1
0,0.1,0.1,0.2,0.1
0,0.2,0.1,0.1,0.2
0,0.1,0.1,0.2,0.1
0,0.1,0.1,0.2,0.1
0,0.2,0.1,0.2,0.1
0,0.1,0.2,0.2,0.1
0,0.1,0.2,0.2,0.1
0,0.1,0.1,0.1,0.2
0,0.1,0.1,0.1,0.1
0,0.2,0.1,0.2,0.1
0,0.1,0.1,0.2,0.1
0,0.2,0.2,0.2,0.1
0,0.1,0.1,0.1,0.1
0,0.1,0.1,0.2,0.2
0,0.1,0.1,0.1,0.1
0,0.1,0.1,0.1,0.2
0,0.1,0.1,0.2,0.1
0,0.2,0.1,0.2,0.2
0,0.1,0.1,0.1,0.2
0,0.1,0.1,0.2,0.2
0,0.1,0.1,0.1,0.2
0,0.1,0.1,0.2,0.1
0,0.1,0.1,0.2,0.1
0,0.1,0.1,0.2,0.1
0,0.1,0.1,0.2,0.1
0,0.2,0.1,0.2,0.1
0,0.1,0.1,0.1,0.2
0,0.1,0.1,0.2,0.1
0,0.1,0.1,0.2,0.1
0,0.1,0.2,0.2,0.1
0,0.1,0.2,0.2,0.2
0,0.2,0.1,0.2,0.1
0,0.1,0.2,0.2,0.1
0,0.1,0.1,0.1,0.2
0,0.2,0.2,0.1,0.1
0,0.1,0.1,0.2,0.1
0,0.1,0.1,0.2,0.1
0,0.1,0.1,0.1,0.1
0,0.1,0.1,0.2,0.2
0,0.2,0.1,0.2,0.2
0,0.1,0.1,0.2,0.2
0,0.1,0.1,0.2,0.1
0,0.2,0.1,0.1,0.1
0,0.2,0.1,0.1,0.1
0,0.1,0.1,0.2,0.1
0,0.1,0.2,0.2,0.1
0,0.1,0.1,0.2,0.1
0,0.2,0.1,0.1,0.1
0,0.1,0.1,0.2,0.1
0,0.1,0.1,0.2,0.2
0,0.1,0.1,0.2,0.1
0,0.2,0.1,0.2,0.1
0,0.1,0.1,0.1,0.2
0,0.1,0.1,0.2,0.1
0,0.1,0.1,0.1,0.2
0,0.1,0.1,0.1,0.1
0,0.2,0.1,0.1,0.1
0,0.1,0.1,0.1,0.2
0,0.1,0.1,0.2,0.1
0,0.1,0.1,0.1,0.1
0,0.2,0.2,0.2,0.1
0,0.1,0.1,0.2,0.1
0,0.1,0.1,0.1,0.1
0,0.1,0.1,0.1,0.1
0,0.1,0.1,0.2,0.1
0,0.2,0.1,0.1,0.1
0,0.2,0.2,0.1,0.1
0,0.1,0.2,0.2,0.1
0,0.1,0.2,0.2,0.1
0,0.1,0.1,0.2,0.1
0,0.1,0.1,0.2,0.1
0,0.2,0.1,0.2,0.1
0,0.2,0.1,0.2,0.1
0,0.1,0.1,0.2,0.1
0,0.1,0.1,0.2,0.1
0,0.2,0.1,0.1,0.1
0,0.1,0.2,0.2,0.1
0,0.1,0.1,0.1,0.1
0,0.1,0.1,0.2,0.2
0,0.1,0.1,0.2,0.1
0,0.2,0.1,0.2,0.1
0,0.2,0.1,0.2,0.1
0,0.1,0.2,0.3,0.2
0,0.1,0.2,0.4,0.2
0,0.2,0.1,0.3,0.1
0,0.2,0.2,0.3,0.2
0,0.1,0.1,0.2,0.1
0,0.2,0.1,0.1,0.2
0,0.1,0.1,0.2,0.1
0,0.4,1,0.3,0.2
0,0.1,0.1,0.3,0.1
0,0.1,0.2,0.2,0.1
0,0.1,0.1,0.2,0.1
0,0.1,0.2,0.2,0.1
0,0.1,0.1,0.2,0.1
0,0.1,0.1,0.1,0.1
0,0.2,0.1,0.2,0.1
0,0.3,0.2,0.4,0.3
0,0.1,0.2,0.2,0.1
0,0.2,0.1,0.2,0.1
0,0.1,0.1,0.3,0.1
0,0.1,0.1,0.2,0.1
0,0.1,0.1,0.1,0.1
0,0.1,0.1,0.2,0.1
0,0.1,0.1,0.2,0.1
0,0.1,0.1,0.1,0.2
0,0.1,0.2,0.2,0.1
0,0.2,0.1,0.2,0.1
0,0.2,0.2,0.2,0.1
0,0.2,0.1,0.1,0.2
0,0.1,0.2,0.2,0.1
0,0.2,0.1,0.2,0.2
0,0.1,0.2,0.3,0.1
0,0.2,0.2,0.2,0.2
0,0.2,0.1,0.2,0.1
0,0.1,0.1,0.2,0.1
0,0.1,0.2,0.2,0.1
0,0.1,0.1,0.1,0.1
0,0.1,0.2,0.2,0.1
0,0.2,0.1,0.4,0.2
0,0.1,0.1,0.2,0.1
0,0.2,0.1,0.2,0.2
0,0.1,0.2,0.2,0.2
0,0.2,0.2,0.3,0.2
0,0.1,0.2,0.3,0.2
0,0.2,0.4,0.4,0.1
0,0.1,0.2,0.2,0.2
0,0.2,0.2,0.2,0.1
0,0.2,0.1,0.1,0.2
0,0.1,0.1,0.2,0.2
0,0.9,0.3,0.3,0.3
0,0.1,0.1,0.1,0.1
0,0.2,0.1,0.2,0.1
0,0.2,0.1,0.1,0.2
0,0.2,0.1,0.2,0.2
0,0.2,0.2,0.2,0.1
0,0.3,0.4,0.3,0.3
0,0.2,0.2,0.2,0.3
0,0.1,0.1,0.1,0.1
0,0.1,0.1,0.2,0.1
0,0.1,0.1,0.1,0.1
0,0.3,0.3,0.3,0.3
0,0.1,0.1,0.1,0.2
0,0.2,0.1,0.1,0.1
0,0.2,0.2,0.2,0.1
0,0.2,0.2,0.3,0.1
0,0.1,0.1,0.2,0.1
0,0.2,0.1,0.2,0.1
0,0.2,0.1,0.2,0.1
0,0.2,0.2,0.4,0.2
0,0.3,0.3,0.4,0.3
0,0.1,0.1,0.2,0.1
0,0.1,0.2,0.2,0.1
0,0.1,0.1,0.2,0.1
0,0.1,0.1,0.3,0.1
0,0.1,0.2,0.3,0.1
0,0.1,0.3,0.3,0.1
0,0.1,0.2,0.2,0.1
0,0.1,0.1,0.2,0.2
0,0.1,0.2,0.2,0.1
0,0.2,0.2,0.2,0.1
0,0.2,0.2,0.2,0.1
0,0.2,0.1,0.2,0.1
0,0.1,0.1,0.1,0.2
0,0.2,0.1,0.1,0.1
0,0.1,0.1,0.2,0.1
0,0.1,0.2,0.2,0.1
0,0.1,0.1,0.2,0.1
0,0.1,0.1,0.2,0.1
0,0.1,0.1,0.2,0.1
0,0.1,0.2,0.2,0.1
0,0.2,0.1,0.1,0.1
0,0.1,0.1,0.1,0.2
0,0.2,0.1,0.1,0.1
0,0.2,0.1,0.1,0.2
0,0.1,0.2,0.2,0.1
0,0.1,0.1,0.1,0.1
0,0.2,0.1,0.2,0.1
0,0.1,0.1,0.2,0.1
0,0.2,0.1,0.2,0.1
0,0.1,0.1,0.1,0.2
0,0.4,0.4,0.3,0.3
0,0.2,0.1,0.2,0.1
0,0.1,0.1,0.1,0.2
0,0.2,0.1,0.2,0.1
0,0.2,0.1,0.2,0.1
0,0.2,0.1,0.2,0.1
0,0.1,0.2,0.2,0.1
0,0.2,0.1,0.1,0.2
0,0.1,0.1,0.2,0.1
0,0.1,0.1,0.1,0.2
0,0.2,0.1,0.2,0.1
0,0.1,0.1,0.2,0.1
0,0.1,0.2,0.2,0.1
0,0.1,0.1,0.1,0.1
0,0.2,0.1,0.2,0.1
0,0.1,0.1,0.2,0.1
0,0.1,0.1,0.2,0.2
0,0.1,0.1,0.2,0.1
0,0.1,0.1,0.2,0.2
0,0.1,0.1,0.1,0.2
0,0.1,0.1,0.2,0.1
0,0.1,0.1,0.2,0.1
0,0.2,0.1,0.1,0.1
0,0.1,0.2,0.2,0.1
0,0.1,0.1,0.1,0.1
0,0.1,0.2,0.2,0.1
0,0.1,0.1,0.1,0.1
0,0.1,0.1,0.1,0.2
0,0.1,0.1,0.2,0.1
0,0.1,0.1,0.1,0.2
0,0.2,0.1,0.2,0.1
0,0.1,0.2,0.1,0.1
0,0.1,0.1,0.2,0.1
0,0.1,0.1,0.2,0.1
0,0.2,0.2,0.2,0.1
0,0.1,0.1,0.2,0.2
0,0.1,0.1,0.2,0.1
0,0.1,0.2,0.2,0.1
0,0.2,0.1,0.2,0.1
0,0.1,0.1,0.1,0.2
0,0.1,0.1,0.2,0.1
0,0.2,0.1,0.1,0.1
0,0.1,0.1,0.2,0.1
0,0.1,0.2,0.2,0.1
0,0.2,0.1,0.1,0.2
0,0.1,0.1,0.2,0.1
0,0.2,0.1,0.2,0.1
0,0.2,0.2,0.2,0.1
0,0.1,0.2,0.2,0.1
0,0.2,0.1,0.2,0.1
0,0.1,0.1,0.2,0.2
0,0.2,0.1,0.1,0.2
0,0.2,0.2,0.2,0.1
0,0.2,0.1,0.1,0.2
0,0.1,0.1,0.2,0.1
0,0.1,0.3,0.1,0.1
0,0.1,0.1,0.1,0.1
0,0.1,0.1,0.2,0.1
0,0.1,0.1,0.2,0.1
0,0.1,0.2,0.2,0.1
0,0.2,0.1,0.2,0.1
0,0.1,0.1,0.2,0.1
0,0.2,0.1,0.1,0.1
0,0.2,0.1,0.3,0.1
0,0.2,0.1,0.2,0.1
0,0.1,0.1,0.1,0.1
0,0.2,0.2,0.2,0.1
0,0.1,0.1,0.2,0.1
0,0.2,0.2,0.2,0.1
0,0.1,0.1,0.1,0.1
0,0.2,0.1,0.2,0.1
0,0.2,0.1,0.2,0.1
0,0.1,0.2,0.2,0.1
0,0.1,0.1,0.2,0.1
0,0.2,0.1,0.1,0.2
0,0.2,0.1,0.1,0.2
0,0.2,0.2,0.2,0.1
0,0.1,0.1,0.1,0.1
0,0.1,0.1,0.2,0.1
0,0.1,0.1,0.1,0.2
0,0.1,0.1,0.1,0.2
0,0.2,0.1,0.1,0.1
0,0.2,0.2,0.2,0.1
0,0.1,0.2,0.1,0.1
0,0.2,0.1,0.1,0.2
0,0.1,0.1,0.2,0.1
0,0.1,0.2,0.2,0.1
0,0.1,0.1,0.2,0.2
0,0.1,0.1,0.1,0.1
0,0.2,0.1,0.1,0.1
0,0.1,0.1,0.2,0.1
0,0.1,0.1,0.2,0.1
0,0.2,0.2,0.2,0.1
0,0.1,0.1,0.2,0.1
0,0.2,0.1,0.1,0.1
0,0.2,0.1,0.3,0.1
0,0.1,0.2,0.2,0.1
0,0.1,0.1,0.3,0.1
0,0.2,0.2,0.2,0.2
0,0.1,0.1,0.2,0.1
0,0.1,0.1,0.2,0.1
0,0.1,0.1,0.1,0.2
0,0.2,0.1,0.1,0.1
0,0.1,0.1,0.1,0.1
0,0.2,0.1,0.1,0.1
0,0.1,0.1,0.2,0.1
0,0.2,0.1,0.1,0.2
0,0.2,0.1,0.2,0.1
0,0.1,0.1,0.1,0.2
0,0.1,0.1,0.1,0.1
0,0.1,0.1,0.2,0.1
0,0.1,0.1,0.2,0.1
0,0.1,0.1,0.2,0.1
0,0.1,0.2,0.2,0.1
0,0.1,0.2,0.2,0.2
0,0.2,0.2,0.2,0.1
0,0.2,0.1,0.1,0.1
0,0.2,0.1,0.1,0.2
0,0.4,0.3,0.5,0.3
0,0.1,0.2,0.2,0.1
0,0.2,0.2,0.7,0.2
0,0.1,0.1,0.2,0.1
0,0.2,0.1,0.2,0.1
0,0.1,0.1,0.1,0.1
0,0.1,0.1,0.1,0.2
0,0.2,0.1,0.2,0.1
0,0.2,0.1,0.1,0.1
0,0.1,0.1,0.1,0.2
0,0.1,0.1,0.1,0.1
0,0.2,0.1,0.2,0.1
0,0.1,0.1,0.2,0.1
0,0.2,0.1,0.1,0.2
0,0.1,0.2,0.2,0.1
0,0.1,0.1,0.1,0.1
0,0.2,0.1,0.2,0.1
0,0.1,0.2,0.2,0.1
0,0.1,0.1,0.1,0.2
0,0.1,0.1,0.1,0.1
0,0.2,0.2,0.2,0.1
0,0.2,0.1,0.1,0.1
0,0.2,0.1,0.2,0.1
0,0.2,0.2,0.2,0.2
0,0.1,0.1,0.2,0.1
0,0.1,0.1,0.1,0.1
0,0.2,0.1,0.2,0.1
0,0.2,0.1,0.2,0.1
0,0.2,0.2,0.2,0.1
0,0.2,0.1,0.1,0.1
0,0.1,0.1,0.1,0.1
0,0.1,0.1,0.1,0.2
0,0.2,0.1,0.2,0.1
0,0.1,0.1,0.2,0.2
0,0.1,0.1,0.2,0.1
0,0.1,0.1,0.2,0.1
0,0.1,0.1,0.2,0.1
0,1.1,0.3,1.1,0.8
0,0.1,0.1,0.2,0.1
0,0.2,0.1,0.2,0.1
0,0.1,0.1,0.1,0.2
0,0.2,0.1,0.1,0.2
0,0.1,0.2,0.2,0.2
0,0.1,0.1,0.2,0.2
0,0.2,0.2,0.2,0.1
0,0.4,0.3,0.4,0.2
0,0.2,0.2,0.2,0.2
0,0.2,0.1,0.2,0.1
0,1.1,1,11.1,1.1
0,0.2,0.1,0.2,0.2
0,0.1,0.1,0.2,0.1
0,0.1,0.2,0.2,0.1
0,0.1,0.1,0.2,0.1
0,0.1,0.1,0.1,0.1
0,0.1,0.2,0.2,0.1
0,0.2,0.1,0.1,0.1
0,0.2,0.1,0.1,0.1
0,0.1,0.1,0.2,0.1
0,0.3,0.4,0.3,0.3
0,0.2,0.1,0.1,0.2
0,0.1,0.1,0.2,0.1
0,0.1,0.1,0.2,0.1
0,0.1,0.1,0.2,0.1
0,0.1,0.2,0.2,0.1
0,0.1,0.2,0.2,0.1
0,0.1,0.1,0.2,0.1
0,0.1,0.1,0.2,0.1
0,0.2,0.1,0.1,0.1
0,0.1,0.2,0.2,0.1
0,0.1,0.1,0.2,0.1
0,0.3,0.3,0.4,0.1
0,0.1,0.1,0.2,0.1
0,0.1,0.1,0.1,0.2
0,0.2,0.1,0.1,0.1
0,0.2,0.1,0.1,0.1
0,0.3,0.1,0.2,0.1
0,0.2,0.1,0.1,0.1
0,0.1,0.1,0.1,0.1
0,0.2,0.1,0.1,0.1
0,0.1,0.1,0.1,0.2
0,0.2,0.1,0.2,0.1
0,0.1,0.1,0.2,0.1
0,0.1,0.1,0.2,0.2
0,0.2,0.1,0.1,0.1
0,0.2,0.1,0.2,0.1
0,0.1,0.1,0.2,0.1
0,0.2,0.1,0.1,0.1
0,0.1,0.2,0.2,0.1
0,0.1,0.1,0.2,0.1
0,0.3,0.4,0.4,0.3
0,0.4,0.3,0.4,0.3
0,0.1,0.1,0.2,0.1
0,0.1,0.1,0.1,0.2
0,0.1,0.2,0.2,0.1
0,0.2,0.2,0.1,0.1
0,0.6,0.3,0.7,1
0,0.2,0.1,0.2,0.2
0,0.2,0.1,0.2,0.1
0,0.1,0.1,0.1,0.2
0,0.1,0.1,0.2,0.1
0,0.2,0.1,0.2,0.1
0,0.1,0.2,0.2,0.1
0,0.1,0.2,0.2,0.1
0,0.1,0.1,0.2,0.1
0,0.2,0.2,0.3,0.1
0,0.2,0.2,0.2,0.1
0,0.1,0.2,0.2,0.1
0,0.1,0.2,0.1,0.1
0,0.1,0.1,0.1,0.1
0,0.2,0.3,0.4,0.2
0,0.2,0.1,0.2,0.1
0,0.2,0.1,0.1,0.1
0,0.2,0.2,0.2,0.1
0,0.1,0.2,0.2,0.1
0,0.1,0.1,0.2,0.1
0,0.1,0.2,0.2,0.1
0,0.2,0.1,0.2,0.1
0,0.1,0.1,0.2,0.2
0,0.1,0.1,0.2,0.1
0,0.1,0.2,0.2,0.1
0,0.2,0.1,0.1,0.1
0,0.1,0.2,0.2,0.1
0,0.1,0.1,0.2,0.1
0,0.2,0.1,0.2,0.1
0,0.3,0.2,0.5,0.2
0,0.2,0.2,0.2,0.1
0,0.1,0.1,0.2,0.1
0,0.1,0.1,0.1,0.1
0,0.1,0.2,0.2,0.1
0,0.2,0.1,0.1,0.2
0,0.2,0.1,0.1,0.1
0,0.2,0.2,0.2,0.1
0,0.1,0.2,0.2,0.1
0,0.1,0.1,0.1,0.2
0,0.2,0.1,0.2,0.2
0,0.1,0.1,0.1,0.2
0,0.1,0.1,0.2,0.1
0,0.1,0.1,0.2,0.2
0,0.1,0.1,0.2,0.1
0,0.2,0.1,0.2,0.1
0,0.1,0.1,0.1,0.1
0,0.2,0.2,0.2,0.2
0,0.1,0.1,0.2,0.1
0,0.1,0.1,0.1,0.2
0,0.1,0.1,0.2,0.1
0,0.1,0.1,0.2,0.1
0,0.7,0.5,0.9,0.2
0,0.2,0.1,0.1,0.1
0,0.1,0.1,0.2,0.1
0,0.2,0.1,0.1,0.2
0,0.1,0.1,0.2,0.1
0,0.1,0.1,0.2,0.1
0,0.1,0.2,0.2,0.1
0,0.2,0.1,0.2,0.1
0,0.1,0.1,0.2,0.1
0,0.1,0.1,0.2,0.1
0,0.3,0.2,0.3,0.3
0,0.2,0.1,0.1,0.2
0,0.2,0.2,0.2,0.2
0,0.1,0.1,0.1,0.2
0,0.2,0.2,0.2,0.1
0,0.2,0.1,0.2,0.1
0,0.2,0.1,0.1,0.2
0,0.1,0.1,0.2,0.1
0,0.2,0.1,0.2,0.1
0,0.2,0.2,0.2,0.1
0,0.1,0.2,0.2,0.1
0,0.2,0.1,0.2,0.2
0,0.1,0.2,0.2,0.1
0,0.1,0.1,0.2,0.1
0,0.2,0.1,0.1,0.2
0,0.2,0.1,0.2,0.1
0,0.2,0.1,0.2,0.1
0,0.2,0.1,0.2,0.1
0,0.1,0.1,0.2,0.1
0,0.1,0.1,0.1,0.1
0,0.2,0.1,0.1,0.1
0,0.1,0.1,0.2,0.1
0,0.1,0.1,0.2,0.1
0,0.1,0.2,0.2,0.1
0,0.2,0.2,0.2,0.1
0,0.2,0.1,0.1,0.1
0,0.1,0.1,0.2,0.1
0,0.1,0.2,0.2,0.1
0,0.2,0.1,0.1,0.2
0,0.2,0.1,0.1,0.2
0,0.2,0.1,0.1,0.2
0,0.2,0.1,0.2,0.1
0,0.1,0.1,0.2,0.1
0,0.1,0.1,0.2,0.1
0,0.2,0.1,0.1,0.1
0,0.1,0.1,0.1,0.1
0,0.1,0.1,0.2,0.1
0,0.2,0.1,0.2,0.1
0,0.2,0.1,0.2,0.1
0,0.1,0.1,0.1,0.2
0,0.2,0.1,0.2,0.1
0,0.1,0.1,0.1,0.2
0,0.2,0.1,0.2,0.1
0,0.1,0.2,0.2,0.1
0,0.2,0.1,0.1,0.2
0,0.2,0.1,0.1,0.1
0,0.1,0.1,0.2,0.1
0,0.1,0.1,0.2,0.1
0,0.1,0.1,0.2,0.1
0,0.1,0.1,0.2,0.1
0,0.1,0.1,0.2,0.1
0,0.2,0.1,0.2,0.1
0,0.1,0.1,0.1,0.1
0,0.1,0.1,0.2,0.1
0,0.2,0.1,0.1,0.1
0,0.1,0.2,0.2,0.1
0,0.1,0.1,0.1,0.1
0,0.1,0.2,0.2,0.1
0,0.2,0.2,0.2,0.1
0,0.1,0.2,0.2,0.1
0,0.1,0.2,0.1,0.1
0,0.2,0.1,0.1,0.1
0,0.1,0.1,0.1,0.2
0,0.1,0.1,0.2,0.2
0,0.1,0.1,0.2,0.1
0,0.1,0.2,0.2,0.1
0,0.1,0.1,0.1,0.1
0,0.1,0.2,0.2,0.1
0,0.1,0.1,0.2,0.1
0,0.1,0.1,0.1,0.1
0,0.1,0.1,0.2,0.1
0,0.2,0.2,0.2,0.1
0,0.1,0.1,0.2,0.1
0,0.1,0.1,0.1,0.2
0,0.2,0.1,0.1,0.1
0,0.1,0.2,0.2,0.1
0,0.1,0.2,0.2,0.1
0,0.1,0.1,0.2,0.1
0,0.2,0.1,0.1,0.1
0,0.2,0.1,0.1,0.1
0,0.1,0.1,0.2,0.1
0,0.1,0.1,0.1,0.1
0,0.1,0.1,0.2,0.1
0,0.2,0.1,0.1,0.1
0,0.1,0.1,0.2,0.1
0,0.2,0.1,0.1,0.1
0,0.2,0.1,0.2,0.1
0,0.1,0.1,0.1,0.1
0,0.1,0.1,0.1,0.2
0,0.1,0.2,0.2,0.1
0,0.1,0.2,0.2,0.1
0,0.1,0.1,0.1,0.1
0,0.2,0.1,0.1,0.2
0,0.1,0.1,0.2,0.1
0,0.1,0.2,0.2,0.1
0,0.1,0.1,0.2,0.1
0,0.1,0.1,0.2,0.1
0,0.2,0.1,0.1,0.2
0,0.1,0.1,0.4,0.1
0,0.2,0.1,0.1,0.2
0,0.1,0.1,0.2,0.1
0,0.1,0.1,0.2,0.1
0,0.1,0.1,0.1,0.1
0,0.2,0.1,0.2,0.1
0,0.1,0.1,0.2,0.1
0,0.1,0.1,0.1,0.1
0,0.1,0.1,0.2,0.1
0,0.2,0.1,0.1,0.1
0,0.1,0.1,0.1,0.1
0,0.1,0.2,0.2,0.1
0,0.1,0.1,0.1,0.1
0,0.1,0.2,0.2,0.1
0,0.2,0.1,0.1,0.2
0,0.1,0.1,0.2,0.1
0,0.1,0.1,0.2,0.1
0,0.2,0.1,0.2,0.1
0,0.1,0.1,0.2,0.1
0,0.1,0.1,0.1,0.2
0,0.2,0.2,0.2,0.1
0,0.2,0.1,0.1,0.2
0,0.1,0.1,0.2,0.1
0,0.1,0.1,0.2,0.1
0,0.2,0.1,0.2,0.1
0,0.1,0.1,0.2,0.1
0,0.1,0.1,0.2,0.1
0,0.2,0.1,0.1,0.2
0,0.1,0.1,0.2,0.2
0,0.2,0.1,0.1,0.1
0,0.2,0.1,0.1,0.1
0,0.1,0.1,0.1,0.1
0,0.2,0.1,0.1,0.2
0,0.2,0.1,0.1,0.2
0,0.1,0.1,0.2,0.1
0,0.1,0.1,0.1,0.1
0,0.1,0.1,0.2,0.1
0,0.2,0.1,0.1,0.1
0,0.1,0.2,0.2,0.1
0,0.2,0.1,0.1,0.1
0,0.1,0.1,0.2,0.1
0,0.1,0.2,0.2,0.1
0,0.2,0.1,0.2,0.1
0,0.1,0.1,0.2,0.1
0,0.2,0.2,0.2,0.1
0,0.2,0.1,0.1,0.1
0,0.1,0.2,0.1,0.1
0,0.1,0.1,0.3,0.1
0,0.1,0.1,0.1,0.1
0,0.2,0.1,0.2,0.1
0,0.9,1.1,1.1,1.1
0,0.1,0.1,0.2,0.1
0,0.2,0.1,0.2,0.1
0,0.4,0.2,0.4,0.2
0,0.2,0.1,0.2,0.2
0,0.3,1.2,1.1,1.1
0,0.3,0.3,0.4,0.3
0,0.2,0.1,0.2,0.1
0,0.1,0.2,0.2,0.1
0,0.4,0.3,0.6,0.4
0,0.1,0.1,0.2,0.1
0,0.1,0.1,0.2,0.1
0,0.2,0.2,0.2,0.1
0,0.1,0.1,0.2,0.1
0,0.1,0.2,0.2,0.1
0,0.1,0.2,0.2,0.1
0,0.2,0.1,0.1,0.1
0,0.2,0.2,0.2,0.1
0,0.2,0.2,0.2,0.2
0,0.1,0.2,0.2,0.1
0,0.5,0.3,0.8,0.7
0,0.2,0.1,0.2,0.1
0,0.2,0.1,0.2,0.1
0,0.5,0.4,0.5,0.3
0,1.1,0.3,0.4,0.4
0,1.1,0.3,0.5,0.4
0,0.3,0.3,0.4,0.3
0,0.2,0.1,0.2,0.1
0,0.3,0.3,0.3,0.3
0,0.2,0.1,0.1,0.2
0,0.1,0.1,0.1,0.1
0,0.2,0.2,0.2,0.1
0,0.1,0.2,0.3,0.2
0,0.1,0.1,0.1,0.1
0,0.2,0.1,0.2,0.1
0,0.2,0.1,0.3,0.2
0,0.2,0.2,0.3,0.2
0,0.2,0.4,0.3,0.2
0,0.3,0.4,0.6,0.3
0,0.1,0.2,0.4,0.2
0,0.1,0.1,0.1,0.3
0,0.2,0.1,0.1,0.1
0,0.3,0.4,0.6,0.4
0,0.1,0.1,0.1,0.2
0,0.2,0.2,0.2,0.2
0,0.2,0.1,0.2,0.1
0,0.2,0.1,0.1,0.1
0,0.3,0.3,0.3,0.3
0,0.1,0.1,0.1,0.2
0,0.1,0.2,0.2,0.1
0,0.1,0.2,0.2,0.1
0,0.3,0.3,0.3,0.3
0,0.1,0.2,0.3,0.2
0,0.2,0.2,0.4,0.2
0,0.2,0.2,0.4,0.1
0,0.2,0.2,0.4,0.2
0,0.1,0.2,0.2,0.1
0,0.2,0.1,0.2,0.2
0,0.2,0.2,0.3,0.2
0,0.2,0.1,0.3,0.2
0,0.2,0.2,0.4,0.2
0,0.1,0.3,0.3,0.2
0,0.2,0.2,0.2,0.2
0,0.1,0.2,0.2,0.1
0,0.1,0.1,0.1,0.1
0,0.2,0.2,0.2,0.1
0,0.1,0.1,0.1,0.1
0,0.2,0.2,0.3,0.2
0,0.2,0.2,0.2,0.1
0,0.2,0.2,0.4,0.2
0,0.2,0.1,0.2,0.1
0,0.2,0.1,0.1,0.2
0,0.2,0.1,0.1,0.1
0,0.3,0.3,0.5,0.3
0,0.1,0.2,0.2,0.1
0,0.2,0.2,0.2,0.1
0,0.1,0.1,0.1,0.1
0,0.2,0.2,0.2,0.1
0,0.1,0.1,0.2,0.1
0,0.1,0.2,0.2,0.1
0,0.1,0.1,0.1,0.2
0,0.2,0.1,0.1,0.1
0,0.1,0.2,0.2,0.1
0,0.4,0.3,0.4,0.3
0,1.2,1.1,1.3,1.1
0,0.2,0.1,0.2,0.1
0,0.1,0.1,0.2,0.1
0,0.1,0.2,0.2,0.1
0,0.2,0.1,0.1,0.2
0,0.2,0.1,0.2,0.1
0,0.1,0.1,0.2,0.1
0,0.1,0.2,0.2,0.1
0,0.1,0.1,0.2,0.2
0,0.1,0.2,0.2,0.1
0,0.1,0.2,0.2,0.1
0,0.2,0.1,0.1,0.2
0,0.1,0.2,0.2,0.1
0,0.1,0.1,0.1,0.1
0,0.1,0.1,0.2,0.1
0,0.1,0.1,0.2,0.2
0,0.1,0.2,0.3,0.1
0,0.2,0.1,0.1,0.2
0,0.1,0.1,0.1,0.1
0,0.2,0.2,0.2,0.1
0,0.1,0.1,0.2,0.1
0,0.2,0.2,0.2,0.1
0,0.1,0.1,0.1,0.2
0,0.1,0.2,0.2,0.1
0,0.1,0.1,0.2,0.1
0,0.2,0.1,0.2,0.1
0,0.2,0.1,0.2,0.2
0,0.1,0.1,0.2,0.1
0,0.1,0.2,0.3,0.2
0,0.2,0.1,0.2,0.1
0,0.2,0.2,0.2,0.1
0,0.1,0.1,0.2,0.1
0,0.2,0.1,0.1,0.1
0,0.3,0.3,0.5,0.3
0,0.1,0.1,0.1,0.1
0,0.3,0.3,0.3,0.4
0,0.1,0.1,0.2,0.1
0,0.1,0.1,0.2,0.2
0,0.1,0.2,0.2,0.1
0,0.2,0.1,0.2,0.1
0,0.1,0.1,0.2,0.1
0,0.2,0.1,0.1,0.1
0,0.1,0.2,0.2,0.1
0,0.1,0.2,0.2,0.1
0,0.1,0.2,0.2,0.1
0,0.2,0.1,0.1,0.1
0,0.2,0.1,0.1,0.2
0,0.2,0.1,0.2,0.2
0,0.2,0.1,0.1,0.1
0,0.2,0.1,0.1,0.2
0,0.2,0.1,0.2,0.1
0,0.1,0.2,0.2,0.1
0,0.1,0.1,0.2,0.1
0,0.1,0.1,0.2,0.1
0,0.1,0.2,0.2,0.1
0,0.1,0.1,0.1,0.1
0,0.1,0.1,0.1,0.2
0,0.1,0.1,0.2,0.1
0,0.1,0.1,0.2,0.1
0,0.1,0.1,0.1,0.1
0,0.1,0.1,0.2,0.1
0,0.2,0.1,0.1,0.1
0,0.1,0.2,0.2,0.1
0,0.1,0.1,0.2,0.2
0,0.2,0.2,0.1,0.1
0,0.1,0.1,0.2,0.1
0,0.1,0.2,0.2,0.1
0,0.1,0.1,0.2,0.1
0,0.2,0.1,0.2,0.2
0,0.1,0.1,0.2,0.1
0,0.1,0.1,0.2,0.1
0,0.2,0.2,0.2,0.1
0,0.1,0.1,0.2,0.1
0,0.2,0.2,0.1,0.1
0,0.2,0.2,0.1,0.2
0,0.2,0.1,0.1,0.1
0,0.2,0.2,0.2,0.1
0,0.1,0.1,0.1,0.1
0,0.1,0.1,0.2,0.1
0,0.1,0.1,0.2,0.1
0,0.1,0.1,0.1,0.1
0,0.1,0.1,0.2,0.2
0,0.2,0.1,0.1,0.1
0,0.1,0.1,0.2,0.1
0,0.2,0.1,0.1,0.2
0,0.2,0.1,0.2,0.1
0,0.1,0.2,0.2,0.1
0,0.1,0.1,0.2,0.1
0,0.2,0.2,0.2,0.1
0,0.1,0.1,0.2,0.2
0,0.2,0.1,0.2,0.1
0,0.2,0.2,0.2,0.1
0,0.1,0.1,0.2,0.1
0,0.1,0.1,0.2,0.1
0,0.2,0.1,0.2,0.1
0,0.2,0.1,0.2,0.1
0,0.1,0.1,0.1,0.2
0,0.1,0.1,0.1,0.1
0,0.1,0.1,0.1,0.1
0,0.1,0.1,0.1,0.1
0,0.1,0.1,0.2,0.1
0,0.1,0.1,0.2,0.1
0,0.1,0.1,0.1,0.1
0,0.1,0.1,0.1,0.1
0,0.1,0.1,0.1,0.1
0,0.1,0.1,0.2,0.1
0,0.2,0.2,0.1,0.1
0,0.1,0.1,0.1,0.1
0,0.1,0.1,0.2,0.1
0,0.1,0.1,0.2,0.1
0,0.2,0.2,0.2,0.1
0,0.1,0.3,0.2,0.1
0,0.2,0.1,0.2,0.1
0,0.2,0.1,0.2,0.1
0,0.1,0.1,0.2,0.2
0,0.1,0.1,0.2,0.1
0,0.1,0.1,0.1,0.2
0,0.1,0.1,0.1,0.2
0,0.1,0.2,0.2,0.1
0,0.2,0.1,0.1,0.1
0,0.1,0.1,0.2,0.1
0,0.2,0.2,0.2,0.1
0,0.1,0.1,0.1,0.2
0,0.1,0.1,0.2,0.1
0,0.1,0.1,0.1,0.1
0,0.1,0.1,0.2,0.2
0,0.1,0.1,0.1,0.1
0,0.1,0.1,0.1,0.2
0,0.1,0.1,0.2,0.1
0,0.2,0.2,0.1,0.1
0,0.2,0.1,0.2,0.2
0,0.1,0.1,0.1,0.1
0,0.2,0.2,0.2,0.1
0,0.2,0.1,0.1,0.1
0,0.1,0.1,0.2,0.2
0,0.2,0.1,0.2,0.1
0,0.2,0.1,0.2,0.1
0,0.2,0.2,0.2,0.1
0,0.1,0.1,0.2,0.1
0,0.2,0.1,0.2,0.1
0,0.2,0.1,0.2,0.2
0,0.2,0.1,0.2,0.1
0,0.2,0.1,0.1,0.1
0,0.1,0.1,0.2,0.1
0,0.1,0.1,0.1,0.1
0,0.2,0.1,0.1,0.1
0,0.1,0.2,0.1,0.1
0,0.2,0.1,0.2,0.1
0,0.2,0.2,0.2,0.1
0,0.1,0.1,0.1,0.1
0,0.1,0.1,0.2,0.1
0,0.1,0.1,0.2,0.1
0,0.2,0.1,0.1,0.1
0,0.1,0.2,0.2,0.1
0,0.2,0.1,0.2,0.1
0,0.1,0.1,0.1,0.1
0,0.1,0.2,0.2,0.1
0,0.2,0.2,0.2,0.2
0,0.1,0.1,0.2,0.1
0,0.2,0.1,0.1,0.1
0,0.1,0.1,0.1,0.1
0,0.1,0.1,0.1,0.2
0,0.2,0.1,0.2,0.1
0,0.1,0.1,0.1,0.1
0,0.1,0.1,0.2,0.2
0,0.2,0.1,0.1,0.1
0,0.1,0.2,0.2,0.1
0,0.2,0.1,0.2,0.1
0,0.2,0.1,0.2,0.1
0,0.2,0.1,0.1,0.2
0,0.2,0.1,0.2,0.1
0,0.1,0.1,0.2,0.1
0,0.2,0.1,0.2,0.1
0,0.1,0.2,0.2,0.1
0,0.2,0.1,0.2,0.1
0,0.1,0.1,0.1,0.2
0,0.1,0.1,0.2,0.1
0,0.2,0.1,0.2,0.1
0,0.1,0.2,0.2,0.1
0,0.2,0.1,0.2,0.1
0,0.4,0.3,0.3,0.2
0,0.1,0.1,0.2,0.1
0,0.1,0.1,0.2,0.1
0,0.1,0.2,0.2,0.1
0,0.2,0.1,0.2,0.1
0,0.4,0.3,0.3,0.3
0,0.2,0.2,0.1,0.1
0,0.2,0.1,0.1,0.2
0,0.2,0.3,0.5,0.3
0,0.2,0.1,0.3,0.2
0,0.3,0.3,0.3,0.5
0,0.4,1,0.7,1.2
0,0.1,0.1,0.2,0.2
0,1.1,0.3,0.4,1.1
0,0.2,0.1,0.2,0.1
0,0.2,0.2,0.1,0.1
0,0.3,0.3,0.3,0.3
0,0.1,0.1,0.2,0.1
0,0.2,0.1,0.1,0.2
0,0.2,0.1,0.1,0.2
0,0.1,0.2,0.2,0.1
0,0.2,0.1,0.2,0.1
0,0.2,0.1,0.2,0.1
0,0.1,0.1,0.2,0.1
0,0.2,0.1,0.1,0.1
0,0.1,0.1,0.1,0.1
0,0.2,0.2,0.2,0.1
0,0.2,0.1,0.2,0.1
0,0.1,0.2,0.2,0.1
0,0.1,0.1,0.2,0.2
0,0.3,0.2,0.3,0.3
0,0.1,0.1,0.2,0.1
0,0.2,0.1,0.1,0.2
0,0.2,0.1,0.1,0.2
0,0.1,0.1,0.3,0.1
0,0.1,0.2,0.2,0.1
0,0.1,0.2,0.2,0.1
0,0.1,0.1,0.2,0.1
0,0.1,0.1,0.2,0.1
0,0.2,0.1,0.2,0.1
0,0.1,0.1,0.2,0.1
0,0.2,0.1,0.4,0.2
0,0.2,0.2,0.2,0.2
0,0.1,0.2,0.3,0.2
0,0.2,0.2,0.4,0.1
0,0.2,0.1,0.2,0.1
0,0.1,0.2,0.2,0.1
0,0.2,0.1,0.2,0.1
0,0.1,0.2,0.2,0.1
0,0.1,0.1,0.1,0.2
0,0.2,0.1,0.1,0.2
0,0.2,0.1,0.2,0.1
0,0.1,0.1,0.1,0.1
0,0.2,0.1,0.1,0.2
0,0.2,0.1,0.1,0.2
0,0.1,0.1,0.2,0.1
0,0.1,0.1,0.2,0.1
0,0.1,0.1,0.2,0.1
0,0.1,0.2,0.2,0.1
0,0.1,0.1,0.1,0.1
0,0.1,0.2,0.2,0.1
0,0.1,0.1,0.1,0.1
0,0.1,0.2,0.2,0.1
0,0.2,0.2,0.2,0.1
0,0.1,0.2,0.2,0.1
0,0.1,0.1,0.2,0.1
0,0.1,0.2,0.2,0.1
0,0.2,0.1,0.2,0.1
0,0.1,0.2,0.2,0.1
0,0.1,0.1,0.1,0.1
0,0.2,0.1,0.1,0.1
0,0.1,0.1,0.2,0.1
0,0.2,0.1,0.1,0.1
0,0.1,0.1,0.1,0.1
0,0.2,0.1,0.1,0.1
0,0.2,0.1,0.1,0.1
0,0.2,0.2,0.2,0.1
0,0.1,0.2,0.2,0.1
0,0.2,0.1,0.1,0.1
0,0.2,1,1.1,1
0,1,0.2,1.1,0.4
0,0.1,0.2,0.2,0.1
0,0.1,0.1,0.1,0.2
0,0.2,0.1,0.1,0.2
0,0.1,0.2,0.2,0.1
0,0.2,0.1,0.1,0.1
0,0.2,0.1,0.2,0.1
0,1.1,1.1,1.3,1.1
0,0.1,0.1,0.2,0.1
0,0.1,0.1,0.1,0.2
0,0.1,0.2,0.2,0.1
0,0.1,0.2,0.2,0.1
0,0.2,0.1,0.1,0.2
0,0.1,0.2,0.2,0.1
0,0.2,0.1,0.1,0.1
0,0.2,0.2,0.1,0.1
0,0.2,0.2,0.1,0.1
0,0.1,0.1,0.1,0.1
0,0.2,0.1,0.1,0.2
0,0.2,0.1,0.1,0.1
0,0.1,0.1,0.2,0.1
0,0.2,0.2,0.2,0.1
0,0.1,0.1,0.2,0.2
0,0.2,0.1,0.1,0.2
0,0.2,0.1,0.2,0.1
0,0.2,0.1,0.1,0.2
0,0.2,0.1,0.2,0.1
0,0.2,0.1,0.1,0.2
0,0.1,0.1,0.1,0.2
0,0.1,0.1,0.1,0.2
0,0.1,0.1,0.2,0.1
0,0.2,0.1,0.1,0.2
0,0.2,0.1,0.2,0.1
0,0.1,0.2,0.2,0.1
0,0.1,0.1,0.1,0.2
0,0.2,0.1,0.1,0.1
0,0.1,0.1,0.1,0.2
0,0.1,0.2,0.2,0.1
0,0.2,0.1,0.1,0.2
0,0.1,0.1,0.2,0.2
0,0.2,0.1,0.2,0.2
0,0.1,0.2,0.2,0.1
0,0.2,0.1,0.3,0.2
0,0.1,0.2,0.2,0.1
0,0.1,0.2,0.2,0.1
0,0.1,0.1,0.1,0.1
0,0.1,0.2,0.2,0.1
0,0.1,0.1,0.2,0.1
0,0.1,0.1,0.1,0.2
0,0.1,0.1,0.2,0.1
0,0.1,0.1,0.2,0.1
0,0.1,0.2,0.2,0.1
0,0.1,0.1,0.2,0.1
0,0.1,0.1,0.1,0.1
0,0.1,0.2,0.2,0.1
0,0.1,0.1,0.2,0.1
0,0.1,0.1,0.2,0.1
0,0.2,0.2,0.2,0.1
0,0.1,0.1,0.1,0.1
0,0.1,0.1,0.1,0.1
0,0.1,0.1,0.1,0.1
0,0.2,0.2,0.2,0.1
0,0.1,0.1,0.1,0.1
0,0.2,0.1,0.2,0.1
0,0.2,0.1,0.1,0.2
0,0.2,0.1,0.2,0.1
0,0.2,0.1,0.2,0.1
0,0.1,0.1,0.1,0.1
0,0.1,0.1,0.2,0.1
0,0.1,0.1,0.2,0.1
0,0.2,0.1,0.2,0.1
0,0.1,0.1,0.1,0.2
0,0.1,0.2,0.2,0.1
0,0.1,0.1,0.2,0.1
0,0.1,0.1,0.2,0.1
0,0.1,0.2,0.2,0.1
0,0.1,0.1,0.1,0.1
0,0.1,0.2,9.5,0.1
0,0.2,0.2,0.2,0.1
0,0.1,0.1,0.2,0.1
0,0.2,0.1,0.1,0.1
0,0.1,0.1,0.1,0.2
0,0.2,0.2,0.3,0.2
0,0.2,0.1,0.1,0.2
0,0.2,0.1,0.2,0.2
0,0.2,0.1,0.4,0.2
0,0.1,0.1,0.2,0.1
0,0.2,0.1,0.1,0.1
0,0.2,0.2,0.2,0.2
0,0.2,0.1,0.2,0.1
0,0.2,0.1,0.2,0.1
0,0.1,0.2,0.2,0.1
0,0.1,0.1,0.1,0.1
0,0.1,0.1,0.2,0.1
0,0.1,0.2,0.2,0.1
0,0.2,0.1,0.1,0.1
0,0.1,0.2,0.1,0.1
0,0.1,0.1,0.1,0.2
0,0.1,0.1,0.1,0.2
0,0.1,0.1,0.2,0.1
0,0.2,0.1,0.2,0.1
0,0.2,0.2,0.2,0.1
0,0.1,0.1,0.2,0.1
0,0.1,0.1,0.2,0.1
0,0.1,0.1,0.1,0.1
0,0.1,0.1,0.2,0.1
0,0.2,0.2,0.2,0.1
0,0.1,0.1,0.2,0.1
0,0.2,0.1,0.2,0.1
0,0.1,0.1,0.1,0.2
0,0.1,0.1,0.2,0.1
0,0.1,0.2,0.1,0.1
0,0.2,0.1,0.2,0.1
0,0.2,0.2,0.2,0.1
0,0.2,0.2,0.2,0.1
0,0.2,0.2,0.1,0.1
0,0.1,0.1,0.2,0.1
0,0.1,0.2,0.2,0.1
0,0.1,0.1,0.2,0.1
0,0.1,0.1,0.1,0.1
0,0.1,0.1,0.2,0.2
0,0.1,0.1,0.2,0.1
0,0.2,0.1,0.1,0.1
0,0.1,0.1,0.1,0.2
0,0.1,0.1,0.2,0.1
0,0.2,0.1,0.2,0.1
0,0.2,0.1,0.1,0.2
0,0.1,0.1,0.2,0.1
0,0.1,0.1,0.2,0.1
0,0.2,0.1,0.2,0.1
0,0.1,0.2,0.2,0.1
0,0.1,0.2,0.2,0.1
0,0.2,0.1,0.1,0.1
0,0.1,0.2,0.2,0.1
0,0.2,0.1,0.2,0.2
0,0.2,0.1,0.2,0.1
0,0.1,0.1,0.1,0.1
0,0.2,0.2,0.2,0.1
0,0.2,0.1,0.1,0.2
0,0.2,0.1,0.2,0.1
0,0.1,0.1,0.2,0.1
0,0.1,0.1,0.2,0.1
0,0.1,0.1,0.1,0.2
0,0.2,0.2,0.2,0.1
0,0.1,0.1,0.2,0.1
0,0.1,0.1,0.2,0.1
0,0.2,0.1,0.2,0.2
0,0.1,0.1,0.1,0.1
0,0.1,0.2,0.2,0.1
0,0.1,0.1,0.1,0.2
0,0.1,0.1,0.2,0.1
0,0.2,0.2,0.2,0.1
