225.4,0.4,0.2,0.1,0.1
216.5,0.3,0.2,0.2,0.1
213,0.3,0.1,0.1,0.1
249,0.3,0.1,0.1,0.2
219.6,0.3,0.1,0.2,0.1
223.1,0.3,0.1,0.2,0.1
216.2,0.3,0.1,0.1,0.1
590.4,0.3,0.1,0.1,0.2
237.2,0.3,0.1,0.2,0.1
223.9,0.3,0.1,0.1,0.1
224.7,0.2,0.1,0.2,0.1
220.7,0.3,0.2,0.2,0.1
215.8,0.3,0.1,0.2,0.1
212,0.2,0.1,0.2,0.1
211.3,0.2,0.2,0.2,0.1
239.2,0.2,0.1,0.2,0.1
214.9,0.2,0.2,0.1,0.1
216.4,0.2,0.1,0.1,0.2
212.8,0.2,0.1,0.1,0.2
221.5,0.2,0.1,0.2,0.1
231.1,0.3,0.2,0.2,0.1
225.6,0.4,0.1,0.2,0.1
225.6,0.3,0.2,0.2,0.1
224.8,0.3,0.1,0.1,0.2
227.9,0.3,0.1,0.2,0.1
237.4,0.3,0.2,0.1,0.1
437.2,0.2,0.1,0.2,0.1
225.8,0.4,0.1,0.2,0.1
226.3,0.3,0.1,0.2,0.1
219.8,0.3,0.1,0.1,0.1
223.5,0.3,0.2,0.1,0.3
234.7,0.3,0.1,0.1,0.1
221.7,0.2,0.2,0.1,0.2
219.5,0.2,0.1,0.2,0.1
222.9,0.2,0.1,0.2,0.1
224.8,0.2,0.1,0.2,0.1
221.9,0.3,0.1,0.1,0.1
227.3,0.2,0.1,0.1,0.1
227.7,0.3,0.2,0.1,0.1
219.6,0.2,0.2,0.1,0.2
211.4,0.3,0.1,0.1,0.1
597.5,0.4,0.1,0.1,0.2
219.4,0.3,0.2,0.2,0.1
219.5,0.3,0.2,0.1,0.1
214.7,0.3,0.1,0.2,0.1
229,0.3,0.1,0.2,0.1
219.1,0.2,0.2,0.2,0.1
216.6,0.2,0.2,0.1,0.1
214.6,0.3,0.1,0.2,0.1
223.9,0.4,0.2,0.2,0.1
215.5,0.2,0.2,0.2,0.1
219.1,0.2,0.2,0.2,0.2
217.6,0.3,0.1,0.1,0.2
220.4,0.3,0.1,0.1,0.2
222,0.2,0.2,0.2,0.1
216.1,0.2,0.1,0.2,0.1
219.2,0.3,0.1,0.1,0.1
219.7,0.2,0.1,0.2,0.1
215.6,0.3,0.1,0.1,0.2
220,0.2,0.1,0.2,0.1
219.2,0.3,0.1,0.1,0.1
218.7,0.3,0.2,0.1,0.1
212.5,0.3,0.2,0.1,0.1
213.4,0.3,0.1,0.1,0.1
238.3,0.3,0.2,0.2,0.1
233.1,0.3,0.1,0.1,0.1
227.2,0.3,0.1,0.1,0.2
221.5,0.3,0.2,0.2,0.1
255.3,0.3,0.2,0.2,0.1
230.2,0.3,0.1,0.1,0.1
226.6,0.2,0.2,0.1,0.1
634.9,0.3,0.2,0.2,0.3
261.4,0.3,0.2,0.2,0.2
556.5,0.5,0.1,0.2,0.1
590.1,0.3,0.2,0.2,0.1
218.4,0.3,0.1,0.1,0.2
225.5,0.3,0.1,0.2,0.1
274.3,0.7,0.2,0.3,0.2
246,0.2,0.1,0.1,0.1
236.4,0.3,0.1,0.2,0.1
231.8,0.4,0.2,0.2,0.2
245.2,0.3,0.1,0.1,0.1
223.6,0.3,0.1,0.1,0.1
249.1,0.3,0.2,0.1,0.1
261.1,0.4,0.2,0.2,0.2
241.7,0.3,0.1,0.1,0.2
259.2,0.2,0.2,0.1,0.1
279.4,0.3,0.1,0.1,0.2
221.7,0.3,0.1,0.1,0.2
226.1,0.3,0.2,0.2,0.1
213.1,0.3,0.2,0.1,0.1
221.6,0.2,0.2,0.1,0.1
216.9,0.3,0.1,0.2,0.2
214.1,0.3,0.2,0.2,0.2
212,0.3,0.1,0.1,0.1
222.7,0.3,0.2,0.1,0.1
217.5,0.2,0.1,0.1,0.1
213,0.3,0.2,0.1,0.1
218.2,0.4,0.2,0.2,0.1
254.3,0.3,0.2,0.1,0.1
229.2,0.4,0.2,0.2,0.2
244.1,0.3,0.1,0.1,0.2
245.5,0.2,0.2,0.1,0.1
228.5,0.3,0.1,0.1,0.1
220.8,0.3,0.1,0.2,0.1
220.9,0.2,0.1,0.1,0.1
218.9,0.3,0.1,0.1,0.2
224.9,0.3,0.1,0.2,0.1
223.4,0.3,0.2,0.1,0.1
220.7,0.3,0.1,0.1,0.1
229.4,0.3,0.2,0.2,0.1
222.7,0.2,0.2,0.1,0.1
234.5,0.2,0.1,0.1,0.2
223.7,0.3,0.1,0.1,0.1
249.4,0.2,0.2,0.2,0.1
220.7,0.3,0.1,0.1,0.1
227.4,0.3,0.1,0.1,0.2
237.7,0.3,0.1,0.1,0.1
234.7,0.3,0.1,0.2,0.1
219.3,0.2,0.1,0.1,0.2
239.9,0.3,0.1,0.2,0.1
248,0.3,0.1,0.1,0.1
224.8,0.2,0.1,0.2,0.1
242.1,0.2,0.2,0.1,0.1
226.5,0.3,0.1,0.1,0.2
220.8,0.3,0.1,0.1,0.1
249.7,0.3,0.2,0.2,0.1
241.1,0.3,0.1,0.1,0.1
273.8,0.4,0.1,0.1,0.1
233.3,0.3,0.1,0.1,0.1
219,0.3,0.1,0.2,0.1
243.9,0.3,0.2,0.1,0.1
227.7,0.2,0.1,0.2,0.1
225.3,0.3,0.2,0.2,0.1
223.6,0.3,0.1,0.1,0.1
245.5,0.3,0.1,0.1,0.1
225.9,0.3,0.1,0.1,0.2
233.5,0.3,0.2,0.2,0.1
244.3,0.2,0.1,0.2,0.1
232.4,0.3,0.1,0.2,0.1
228.8,0.3,0.1,0.1,0.2
227.5,0.3,0.2,0.1,0.1
218.7,0.2,0.2,0.2,0.1
222.5,0.3,0.1,0.1,0.1
224.6,0.3,0.1,0.2,0.1
228.7,0.2,0.2,0.1,0.1
468.2,0.4,0.1,0.1,0.2
241.7,0.3,0.1,0.1,0.1
230,0.2,0.1,0.2,0.1
220.1,0.3,0.1,0.1,0.2
227.6,0.2,0.1,0.2,0.1
223.5,0.3,0.1,0.1,0.2
277.7,0.5,0.1,0.2,0.1
220.8,0.3,0.1,0.1,0.1
234.7,0.3,0.1,0.1,0.1
225.3,0.3,0.1,0.2,0.1
225,0.3,0.1,0.2,0.1
252.7,0.3,0.1,0.1,0.2
229.7,0.3,0.1,0.1,0.1
238.8,0.3,0.1,0.1,0.1
289.9,0.3,0.1,0.2,0.1
222.3,0.2,0.1,0.2,0.1
253.4,0.3,0.2,0.1,0.1
245.4,0.3,0.1,0.1,0.2
278.7,0.2,0.2,0.2,0.1
287.3,0.3,0.1,0.2,0.1
218.7,0.3,0.1,0.1,0.2
219.3,0.3,0.1,0.1,0.2
285.4,0.2,0.2,0.1,0.1
225.2,0.3,0.1,0.2,0.1
225.7,0.3,0.1,0.1,0.2
258.3,0.3,0.2,0.2,0.1
242.4,0.3,0.1,0.2,0.1
222,0.2,0.2,0.2,0.1
226.1,0.3,0.1,0.1,0.1
215,0.3,0.1,0.1,0.2
238.6,0.3,0.1,0.1,0.2
224.9,0.3,0.1,0.1,0.2
219.7,0.3,0.1,0.1,0.1
221.9,0.2,0.1,0.2,0.1
254.6,0.3,0.2,0.1,0.1
224.5,0.3,0.1,0.1,0.2
222.8,0.3,0.2,0.2,0.1
226.8,0.2,0.1,0.1,0.2
228,0.2,0.1,0.2,0.1
219.3,0.3,0.1,0.1,0.2
219.6,0.3,0.1,0.1,0.1
248.6,0.2,0.1,0.1,0.1
235.6,0.4,0.1,0.1,0.1
223.5,0.2,0.1,0.2,0.1
218.7,0.3,0.1,0.1,0.2
228.2,0.3,0.2,0.1,0.1
224.5,0.3,0.1,0.1,0.2
250,0.2,0.2,0.2,0.1
219,0.3,0.1,0.1,0.1
223.8,0.2,0.1,0.1,0.1
233.8,0.3,0.1,0.2,0.1
222.6,0.3,0.1,0.1,0.1
220.4,0.3,0.2,0.1,0.1
218.1,0.2,0.1,0.1,0.1
211.7,0.2,0.1,0.1,0.2
234.7,0.3,0.1,0.1,0.2
241.9,0.3,0.1,0.1,0.2
232.7,0.3,0.2,0.2,0.1
216.9,0.3,0.1,0.1,0.1
208.1,0.3,0.1,0.2,0.1
233.5,0.3,0.2,0.1,0.1
228.3,0.4,0.1,0.1,0.2
210.2,0.2,0.1,0.1,0.2
211.9,0.3,0.1,0.2,0.1
237.1,0.3,0.1,0.2,0.1
224,0.2,0.2,0.1,0.1
218,0.3,0.1,0.1,0.1
212.2,0.3,0.3,0.2,0.3
237.7,0.3,0.1,0.2,0.1
220.7,0.2,0.2,0.1,0.1
217.9,0.2,0.2,0.2,0.1
212,0.2,0.1,0.2,0.1
459.4,0.3,0.2,0.2,0.1
227.9,0.3,0.2,0.1,0.1
218.4,0.2,0.2,0.1,0.1
216.7,0.3,0.1,0.1,0.1
217.2,0.3,0.1,0.2,0.1
215,0.3,0.2,0.2,0.1
216.5,0.3,0.1,0.1,0.2
213.4,0.3,0.1,0.1,0.1
495.1,0.2,0.2,0.1,0.1
221.1,0.3,0.2,0.2,0.1
211.4,0.2,0.2,0.2,0.1
215.2,0.2,0.2,0.2,0.1
233.9,0.3,0.2,0.1,0.1
222.8,0.3,0.2,0.1,0.1
218.4,0.3,0.1,0.1,0.1
215.2,0.3,0.1,0.1,0.1
235.7,0.3,0.2,0.1,0.1
224,0.3,0.1,0.1,0.1
214.6,0.3,0.2,0.1,0.1
214.6,0.2,0.1,0.1,0.1
246.8,0.2,0.1,0.2,0.1
218.8,0.3,0.1,0.1,0.1
219.9,0.3,0.1,0.1,0.1
211.7,0.3,0.1,0.1,0.2
232.9,0.2,0.1,0.2,0.1
238.8,0.3,0.1,0.1,0.1
218.8,0.3,0.1,0.1,0.1
220.1,0.2,0.2,0.1,0.1
505.1,0.3,0.2,0.1,0.1
214.8,0.3,0.1,0.2,0.1
216,0.3,0.2,0.2,0.1
212.8,0.3,0.1,0.1,0.2
215.1,0.3,0.1,0.2,0.1
219.6,0.3,0.1,0.1,0.2
218.6,0.2,0.2,0.1,0.1
216.9,0.3,0.1,0.1,0.2
212.5,0.2,0.1,0.2,0.1
213.7,0.3,0.1,0.2,0.1
1875.2,0.5,0.2,0.2,0.2
1955.6,0.4,0.1,0.2,0.2
1985.7,0.3,0.2,0.2,0.2
1901.5,0.3,0.1,0.1,0.1
3823.5,0.3,0.2,0.1,0.1
1906.6,0.5,0.1,0.1,0.1
1961.3,0.4,0.2,0.2,0.2
2238.9,0.9,0.1,0.2,0.2
2729,0.8,0.2,0.3,0.1
2602,0.6,0.1,0.1,0.1
237.7,0.5,0.3,0.3,0.3
480.4,0.7,0.2,0.3,0.1
655.8,0.4,0.2,0.3,0.2
205.6,0.4,0.2,0.2,0.1
210.3,0.3,0.1,0.1,0.1
233.4,1.8,0.4,0.6,0.3
217.4,0.3,0.2,0.1,0.1
189.8,0.3,0.1,0.1,0.2
188.3,0.3,0.2,0.1,0.1
202.3,0.3,0.1,0.1,0.2
204,0.3,0.1,0.1,0.1
211.9,0.4,0.1,0.1,0.2
193.1,0.2,0.2,0.2,0.1
201.2,0.3,0.2,0.2,0.1
200.7,0.3,0.2,0.1,0.2
202.9,0.3,0.1,0.1,0.2
214,0.3,0.1,0.1,0.2
220.8,0.5,0.2,0.3,0.3
189.6,0.3,0.2,0.1,0.2
189.1,0.2,0.1,0.2,0.1
189.8,0.2,0.1,0.1,0.2
204.8,0.4,0.2,0.3,0.2
190.4,0.2,0.1,0.1,0.2
192.2,0.3,0.1,0.1,0.2
191.4,0.2,0.1,0.1,0.1
240.1,0.2,0.1,0.1,0.2
184.7,0.3,0.1,0.1,0.1
191.8,0.2,0.2,0.1,0.1
224,0.9,0.4,0.5,0.3
208.1,0.7,0.1,0.2,0.1
206.3,0.3,0.1,0.1,0.2
220.7,0.6,0.2,1,0.3
197.5,0.2,0.1,0.1,0.2
193.5,0.3,0.1,0.2,0.2
205.6,0.3,0.2,0.2,0.1
199.2,0.3,0.1,0.1,0.2
199.6,0.4,0.1,0.1,0.1
196,0.3,0.1,0.1,0.2
195.6,0.4,0.3,0.3,0.2
188.5,0.3,0.2,0.2,0.1
183.4,0.2,0.2,0.2,0.1
423.5,0.4,0.1,0.2,0.1
203.2,0.3,0.1,0.1,0.1
192.8,0.3,0.2,0.2,0.1
214.1,0.2,0.1,0.1,0.1
226.2,1.3,0.5,0.9,0.3
213.4,0.5,0.3,0.4,0.3
205.6,0.3,0.2,0.1,0.1
215.5,0.3,0.1,0.1,0.2
188,0.2,0.1,0.2,0.1
207.8,0.3,0.2,0.2,0.1
202.9,0.2,0.2,0.1,0.1
184.2,0.2,0.1,0.2,0.1
187.1,0.3,0.2,0.2,0.1
188.4,0.3,0.1,0.2,0.1
206,0.3,0.2,0.1,0.1
219.9,0.3,0.1,0.1,0.2
206.5,0.3,0.1,0.1,0.2
200.6,0.3,0.1,0.1,0.1
180.5,0.3,0.1,0.1,0.2
188.8,0.2,0.1,0.1,0.1
190.1,0.4,0.2,0.3,0.3
213.8,0.3,0.2,0.1,0.1
230.2,0.3,0.1,0.1,0.2
192.8,0.2,0.1,0.2,0.1
187.2,0.3,0.1,0.1,0.2
187.4,0.3,0.1,0.1,0.1
184.5,0.3,0.1,0.2,0.1
189.1,0.3,0.2,0.1,0.1
197.7,0.3,0.1,0.1,0.1
185.2,0.3,0.1,0.2,0.1
190.3,0.3,0.1,0.1,0.1
187.6,0.3,0.1,0.1,0.2
187.1,0.3,0.1,0.1,0.1
185.6,0.3,0.1,0.1,0.1
203.9,0.3,0.1,0.1,0.1
212.8,0.3,0.1,0.2,0.1
193.9,0.3,0.1,0.1,0.1
185.3,0.3,0.1,0.1,0.2
188.5,0.3,0.1,0.1,0.1
194.6,0.3,0.1,0.1,0.1
183.4,0.3,0.1,0.2,0.1
186.4,0.3,0.2,0.1,0.1
199.2,0.3,0.1,0.2,0.1
187.5,0.3,0.1,0.2,0.1
201.3,0.2,0.1,0.1,0.1
196,0.2,0.2,0.1,0.1
230.7,0.5,0.1,0.1,0.1
201.9,0.4,0.2,0.2,0.2
208.8,0.2,0.1,0.1,0.2
202.6,0.3,0.2,0.2,0.3
433.9,0.4,0.2,0.2,0.1
218.5,0.2,0.1,0.1,0.2
194.7,0.2,0.1,0.1,0.1
253.1,0.3,0.1,0.1,0.1
211.8,0.3,0.1,0.1,0.1
217.3,0.3,0.1,0.2,0.1
206.2,0.3,0.2,0.2,0.1
466.1,0.5,0.2,0.2,0.1
201.5,0.3,0.1,0.1,0.2
194.2,0.2,0.1,0.1,0.2
191.1,0.2,0.2,0.1,0.1
200.3,0.4,0.1,0.2,0.1
201.2,0.3,0.1,0.1,0.1
199.6,0.2,0.1,0.2,0.1
222.9,0.3,0.2,0.2,0.1
229.6,0.3,0.1,0.1,0.1
187.1,0.2,0.1,0.1,0.1
189.3,0.3,0.2,0.1,0.1
187.3,0.3,0.1,0.2,0.1
201.7,0.3,0.2,0.1,0.1
187.3,0.2,0.2,0.2,0.1
242.9,0.3,0.1,0.1,0.2
225.3,0.3,0.1,0.2,0.1
185.4,0.3,0.1,0.1,0.1
195.7,0.3,0.1,0.2,0.1
186.5,0.2,0.2,0.2,0.1
203.6,0.3,0.2,0.2,0.1
192,0.3,0.1,0.1,0.1
185.6,0.2,0.1,0.2,0.1
207.8,0.3,0.1,0.1,0.2
196.1,0.3,0.1,0.2,0.1
236.2,0.3,0.2,0.2,0.1
187.4,0.3,0.1,0.1,0.1
188.5,0.2,0.1,0.2,0.1
197.1,0.3,0.1,0.1,0.2
185.9,0.3,0.1,0.1,0.1
216.1,0.3,0.1,0.1,0.1
187.3,0.3,0.1,0.1,0.1
209.8,0.5,0.2,0.2,0.1
235,0.3,0.1,0.1,0.2
196.6,0.2,0.2,0.1,0.1
209.6,0.3,0.1,0.1,0.2
195.8,0.3,0.1,0.1,0.1
201.7,0.3,0.1,0.1,0.1
223.8,0.3,0.1,0.1,0.1
207.5,0.3,0.2,0.1,0.2
208.6,0.3,0.1,0.1,0.2
206.3,0.2,0.2,0.1,0.1
629,0.3,0.1,0.1,0.1
194.2,0.3,0.2,0.1,0.1
196.4,0.3,0.1,0.2,0.1
392.6,0.9,0.3,0.3,0.3
467.6,0.3,0.1,0.2,0.1
197.4,0.3,0.1,0.1,0.1
182.3,0.2,0.1,0.1,0.1
190,0.2,0.1,0.2,0.1
188,0.2,0.1,0.1,0.2
181.5,0.3,0.1,0.1,0.1
192.6,0.2,0.2,0.1,0.1
211.2,0.3,0.2,0.2,0.2
212.7,0.2,0.2,0.1,0.1
187.7,0.3,0.1,0.1,0.1
184.9,0.3,0.1,0.1,0.1
204.4,0.4,0.2,0.3,0.2
195.3,0.2,0.1,0.2,0.1
206.1,0.2,0.1,0.2,0.1
203.4,0.3,0.1,0.1,0.2
214.4,0.2,0.1,0.1,0.2
201.1,0.2,0.1,0.2,0.1
184.8,0.3,0.1,0.2,0.1
210.3,0.3,0.1,0.2,0.1
186.6,0.2,0.2,0.1,0.1
192.9,0.3,0.1,0.2,0.1
185.8,0.3,0.2,0.2,0.1
200.4,0.2,0.1,0.1,0.1
202,0.3,0.1,0.1,0.1
212.5,0.3,0.1,0.1,0.1
208.5,0.2,0.2,0.2,0.1
197.1,0.3,0.1,0.2,0.1
196.7,0.3,0.2,0.1,0.1
194.8,0.2,0.1,0.2,0.1
192.1,0.3,0.1,0.2,0.1
202.1,0.3,0.2,0.1,0.1
210.8,0.3,0.2,0.2,0.1
208.4,0.3,0.1,0.1,0.1
190.1,0.3,0.1,0.2,0.1
186.6,0.3,0.1,0.1,0.1
214.8,0.2,0.1,0.1,0.1
186,0.3,0.1,0.1,0.2
182.5,0.2,0.1,0.2,0.1
187.3,0.2,0.2,0.2,0.1
212.1,0.3,0.2,0.1,0.1
206.5,0.2,0.1,0.2,0.1
185.3,0.2,0.1,0.2,0.1
208.1,0.3,0.1,0.1,0.1
212,0.4,0.1,0.1,0.2
193,0.3,0.1,0.1,0.2
181.2,0.3,0.1,0.1,0.2
551.9,0.4,0.3,0.2,0.2
208.6,0.3,0.1,0.1,0.1
207.4,0.3,0.1,0.2,0.1
191.7,0.3,0.1,0.1,0.2
186.6,0.3,0.1,0.2,0.1
210.5,0.3,0.1,0.2,0.1
196.3,0.3,0.2,0.2,0.1
191.7,0.2,0.1,0.1,0.2
187.5,0.3,0.2,0.1,0.1
181.2,0.3,0.1,0.1,0.1
175.8,0.2,0.1,0.2,0.1
198.1,0.2,0.1,0.2,0.1
208.4,0.3,0.2,0.2,0.1
198,0.3,0.1,0.1,0.2
181.2,0.2,0.1,0.1,0.2
196.7,0.3,0.2,0.1,0.1
212.8,0.3,0.1,0.1,0.1
205.3,0.3,0.1,0.1,0.1
185.8,0.2,0.2,0.1,0.2
185.7,0.3,0.2,0.2,0.1
192.9,0.2,0.2,0.2,0.1
207.3,0.3,0.2,0.1,0.1
194.7,0.3,0.1,0.2,0.1
186,0.3,0.1,0.1,0.1
200.6,0.2,0.1,0.1,0.1
186.6,0.2,0.2,0.2,0.1
186.2,0.2,0.1,0.1,0.2
188.2,0.3,0.1,0.1,0.2
215.2,0.2,0.1,0.2,0.1
191.7,0.4,0.1,0.1,0.1
213.7,0.4,0.2,0.2,0.2
187.2,0.3,0.1,0.2,0.1
485.4,0.3,0.2,0.2,0.1
195.4,0.3,0.2,0.2,0.1
199,0.3,0.1,0.2,0.1
200.5,0.4,0.2,0.1,0.1
211.1,0.4,0.1,0.2,0.2
193.5,0.3,0.1,0.1,0.2
215,0.2,0.1,0.1,0.1
241.3,0.2,0.1,0.2,0.1
189.2,0.2,0.1,0.2,0.1
217.8,0.3,0.1,0.1,0.2
192.7,0.3,0.1,0.1,0.1
220,0.2,0.2,0.1,0.1
188,0.2,0.2,0.1,0.1
192,0.3,0.2,0.2,0.1
183.9,0.3,0.2,0.1,0.1
195.5,0.3,0.2,0.1,0.1
250.1,0.3,0.2,0.2,0.1
206.2,0.3,0.1,0.2,0.1
224.3,0.4,0.1,0.1,0.2
195.5,0.3,0.1,0.1,0.2
194.6,0.4,0.1,0.1,0.1
206.3,0.2,0.1,0.1,0.2
246.9,0.2,0.1,0.2,0.1
197,0.2,0.1,0.2,0.1
184.4,0.3,0.1,0.2,0.1
221.5,0.4,0.2,0.2,0.2
199.6,0.3,0.1,0.1,0.2
198.9,0.4,0.2,0.2,0.1
186.4,0.4,0.2,0.1,0.1
205,0.2,0.1,0.1,0.1
200.8,0.2,0.1,0.1,0.2
193.7,0.3,0.1,0.1,0.2
188.7,0.3,0.1,0.1,0.2
192.1,0.3,0.1,0.1,0.2
233.8,0.5,0.4,0.3,0.3
191.9,0.3,0.1,0.2,0.1
197.9,0.3,0.1,0.1,0.1
208.2,0.4,0.1,0.1,0.2
221.7,0.3,0.1,0.1,0.1
210.8,0.5,0.3,0.3,0.3
230.4,0.2,0.2,0.1,0.1
217.1,0.3,0.1,0.2,0.1
240.5,0.8,0.2,0.3,0.3
198.2,0.3,0.2,0.2,0.2
218,0.3,0.1,0.1,0.1
220.2,0.2,0.2,0.2,0.1
218.3,0.4,0.2,0.2,0.1
226.4,0.3,0.1,0.1,0.1
201.3,0.3,0.2,0.2,0.2
200.9,0.3,0.2,0.1,0.2
194.7,0.4,0.1,0.1,0.1
179.9,0.3,0.1,0.2,0.1
201.3,0.3,0.1,0.1,0.1
231.2,0.4,0.1,0.1,0.1
220,0.4,0.1,0.2,0.1
234.9,0.7,1,1,1.1
206,0.4,0.2,0.2,0.2
199.5,0.4,0.2,0.2,0.1
182.5,0.3,0.1,0.1,0.1
194.2,0.3,0.2,0.1,0.1
197.2,1,0.2,0.3,0.3
189,0.3,0.2,0.2,0.1
185.9,0.3,0.1,0.2,0.1
238,1,0.3,0.3,0.3
191.8,0.2,0.1,0.1,0.2
182.3,0.3,0.1,0.1,0.1
181.7,0.2,0.1,0.1,0.1
228.1,0.4,0.2,0.2,0.2
213.7,0.3,0.1,0.2,0.1
241.3,0.3,0.1,0.1,0.2
253.7,1,0.3,0.3,0.2
184.3,0.3,0.2,0.2,0.1
195.5,0.4,0.2,0.2,0.1
196.6,0.2,0.1,0.1,0.1
633.7,0.4,0.2,0.2,0.2
226.5,0.4,0.2,0.1,0.2
216.8,1.3,0.3,0.4,0.3
266.1,0.7,0.2,0.2,0.2
213.9,0.3,0.2,0.2,0.1
524.7,0.4,0.1,0.2,0.2
233.9,0.4,0.2,0.1,0.1
196.2,0.4,0.3,0.1,0.3
214.2,0.7,0.1,0.1,0.1
196.5,0.3,0.1,0.1,0.2
203.4,0.3,0.1,0.2,0.1
231.7,0.4,0.1,0.1,0.1
199.4,0.5,0.3,0.2,0.2
193,0.3,0.1,0.2,0.1
183.6,0.3,0.1,0.2,0.1
418.6,0.4,0.1,0.1,0.1
229.3,0.3,0.1,0.2,0.1
192.9,0.3,0.1,0.2,0.1
201,0.3,0.1,0.1,0.1
226.2,0.5,0.2,0.3,0.3
194.8,0.4,0.1,0.1,0.2
188.4,0.2,0.2,0.2,0.1
503.5,0.3,0.1,0.1,0.1
189.5,0.3,0.2,0.1,0.1
227.1,0.3,0.3,0.2,0.4
227.5,0.4,0.1,0.1,0.2
199,0.3,0.2,0.2,0.1
194.4,0.3,0.2,0.1,0.1
222.1,0.3,0.2,0.1,0.1
194.7,0.4,0.1,0.1,0.2
279.4,0.3,0.1,0.2,0.1
213.7,0.2,0.2,0.2,0.1
257.9,0.7,0.2,0.3,0.3
221.9,0.3,0.2,0.2,0.1
220.4,0.3,0.2,0.1,0.2
205,0.3,0.1,0.2,0.2
203.5,0.2,0.1,0.1,0.2
226.1,0.7,1,2.4,1
205.4,0.3,0.1,0.2,0.1
188.9,0.3,0.2,0.2,0.1
198.1,0.4,0.1,0.1,0.1
202.8,0.2,0.2,0.1,0.1
204.1,0.4,0.1,0.2,0.2
198.9,0.3,0.2,0.2,0.1
193,0.4,0.1,0.1,0.1
465.3,0.3,0.1,0.2,0.1
215.6,0.2,0.1,0.2,0.1
195.4,0.3,0.2,0.1,0.1
191.5,0.3,0.1,0.1,0.2
200.9,0.3,0.1,0.1,0.1
206.6,0.3,0.1,0.1,0.2
219,0.2,0.1,0.1,0.1
337.2,0.3,0.1,0.1,0.1
220.8,0.3,0.1,0.2,0.1
224.4,0.3,0.1,0.1,0.2
227.1,0.3,0.2,0.2,0.1
203,0.4,0.1,0.2,0.2
238.4,0.3,0.2,0.1,0.1
230.1,0.2,0.1,0.1,0.1
496.6,0.3,0.1,0.1,0.2
212.5,0.3,0.1,0.1,0.1
183.9,0.3,0.1,0.2,0.1
234.1,0.3,0.2,0.1,0.1
213.2,0.3,0.1,0.2,0.1
218.6,0.3,0.1,0.2,0.1
201.4,0.3,0.1,0.2,0.1
213.7,0.3,0.1,0.1,0.1
188.4,0.3,0.1,0.2,0.1
191.4,0.3,0.2,0.1,0.1
206.5,0.3,0.1,0.1,0.1
205.5,0.3,0.2,0.1,0.1
189.1,0.3,0.1,0.1,0.1
186.8,0.3,0.1,0.1,0.1
186.3,0.2,0.2,0.2,0.1
189.2,0.3,0.1,0.1,0.2
190.9,0.3,0.1,0.1,0.2
191.5,0.3,0.1,0.2,0.1
186.3,0.3,0.2,0.1,0.1
190.6,0.3,0.1,0.1,0.2
201.5,0.2,0.1,0.2,0.1
184.2,0.3,0.2,0.1,0.1
188,0.3,0.1,0.1,0.1
193.5,0.3,0.2,0.1,0.1
210.1,0.2,0.1,0.1,0.2
190.5,0.3,0.2,0.1,0.1
184.8,0.2,0.2,0.1,0.1
211.5,0.3,0.1,0.1,0.1
200,0.3,0.1,0.1,0.2
200.3,0.3,0.2,0.1,0.1
214.8,0.3,0.2,0.3,0.2
198.2,0.3,0.1,0.1,0.2
207.3,0.2,0.1,0.1,0.2
188.7,0.2,0.2,0.1,0.1
192.5,0.3,0.2,0.1,0.1
241.2,0.2,0.1,0.2,0.1
205.5,0.3,0.1,0.1,0.1
184.7,0.3,0.2,0.2,0.1
205.4,0.3,0.2,0.2,0.1
181.5,0.3,0.2,0.1,0.1
190,0.2,0.2,0.2,0.1
176.8,0.3,0.2,0.1,0.1
181.7,0.2,0.1,0.2,0.1
185,0.3,0.2,0.1,0.1
179.7,0.2,0.1,0.1,0.1
183.4,0.3,0.1,0.1,0.2
204.9,0.3,0.1,0.1,0.2
207.6,0.3,0.1,0.1,0.2
219.8,0.3,0.1,0.1,0.2
183.9,0.3,0.1,0.2,0.1
198.3,0.3,0.2,0.1,0.1
189.5,0.3,0.1,0.1,0.2
209.3,0.2,0.2,0.1,0.1
190.3,0.2,0.1,0.2,0.1
234,0.3,0.2,0.1,0.1
186.6,0.3,0.2,0.1,0.1
185.4,0.2,0.2,0.2,0.1
186.8,0.2,0.2,0.1,0.1
229.7,0.2,0.2,0.1,0.1
187,0.3,0.1,0.1,0.1
191.4,0.3,0.2,0.1,0.1
191.4,0.3,0.1,0.1,0.1
197.1,0.3,0.1,0.1,0.2
183,0.3,0.1,0.1,0.1
185.4,0.2,0.2,0.1,0.1
548.2,0.3,0.1,0.1,0.2
192.4,0.3,0.1,0.1,0.1
185.7,0.3,0.1,0.1,0.1
181.5,0.2,0.1,0.2,0.1
208.9,0.4,0.1,0.1,0.1
210.1,0.3,0.1,0.2,0.1
189.2,0.3,0.1,0.2,0.1
183.3,0.3,0.1,0.1,0.2
205.7,0.3,0.2,0.2,0.1
222,0.3,0.1,0.1,0.2
216,0.2,0.1,0.2,0.1
178.9,0.3,0.1,0.1,0.1
194,0.4,0.2,0.2,0.2
207.6,0.3,0.1,0.1,0.2
195.6,0.3,0.1,0.1,0.1
187,0.2,0.1,0.1,0.1
216.8,0.2,0.1,0.2,0.1
188.2,0.2,0.1,0.2,0.1
203.3,0.2,0.1,0.2,0.1
220.3,0.3,0.1,0.1,0.1
203.9,0.3,0.2,0.1,0.1
184.4,0.3,0.1,0.1,0.1
178.2,0.3,0.1,0.2,0.1
179,0.2,0.1,0.1,0.1
229.3,0.3,0.1,0.1,0.2
228,0.3,0.1,0.2,0.1
204.8,0.3,0.2,0.1,0.1
181.2,0.3,0.2,0.1,0.1
185.2,0.3,0.1,0.1,0.1
229.9,0.2,0.2,0.1,0.1
190.1,0.2,0.1,0.2,0.1
182,0.2,0.2,0.1,0.1
185.8,0.2,0.2,0.1,0.1
193,0.2,0.2,0.1,0.1
189.1,0.2,0.1,0.1,0.2
185.5,0.3,0.1,0.1,0.2
189.1,0.2,0.1,0.1,0.1
219.6,0.4,0.1,0.1,0.1
200.3,0.3,0.2,0.1,0.1
194.7,0.2,0.1,0.2,0.1
199.3,0.3,0.2,0.1,0.1
203.6,0.2,0.2,0.1,0.2
191.7,0.3,0.1,0.1,0.1
195,0.2,0.2,0.2,0.1
211.9,0.4,0.2,0.2,0.2
197.2,0.2,0.1,0.1,0.1
193.4,0.2,0.2,0.2,0.1
202.9,0.3,0.1,0.2,0.1
467.3,0.3,0.2,0.2,0.1
182.7,0.4,0.1,0.1,0.2
208.3,0.2,0.2,0.1,0.1
194.1,0.2,0.1,0.2,0.1
387.7,0.3,0.2,0.1,0.1
196.5,0.3,0.1,0.1,0.2
185.4,0.3,0.1,0.1,0.1
190.9,0.2,0.1,0.2,0.1
206.8,0.2,0.1,0.1,0.2
209,0.2,0.2,0.1,0.1
198.7,0.2,0.1,0.1,0.1
189.9,0.3,0.1,0.1,0.1
576,0.3,0.1,0.1,0.1
201.4,0.4,0.2,0.2,0.1
190.2,0.3,0.2,0.2,0.1
186.4,0.3,0.1,0.1,0.2
186.9,0.3,0.1,0.1,0.1
186.3,0.3,0.1,0.1,0.1
186.2,0.3,0.2,0.2,0.1
201.1,12.2,0.1,0.1,0.1
251.9,0.3,0.2,0.2,0.1
186.6,0.3,0.1,0.1,0.1
179.2,0.2,0.1,0.1,0.2
187.1,0.2,0.2,0.1,0.1
177.3,0.3,0.1,0.1,0.1
184.5,0.2,0.1,0.2,0.1
177.6,0.2,0.1,0.2,0.1
177.8,0.3,0.1,0.1,0.1
218.8,0.3,0.1,0.1,0.1
214.9,0.3,0.1,0.1,0.1
212.2,0.4,0.1,0.1,0.1
201.8,0.3,0.1,0.1,0.1
203.6,0.3,0.1,0.1,0.1
606.4,0.4,0.2,0.1,0.1
178.6,0.3,0.1,0.1,0.2
3376,1,0.2,0.3,0.2
1852.7,0.3,0.1,0.2,0.1
1838.8,0.3,0.2,0.2,0.1
3940.4,0.2,0.1,0.1,0.1
1865,0.3,0.1,0.2,0.1
1870.2,0.3,0.1,0.2,0.2
1907.7,0.3,0.2,0.1,0.1
1951.4,0.3,0.1,0.1,0.1
1855.6,0.3,0.2,0.2,0.1
1855.7,0.4,0.1,0.1,0.1
1898.2,0.4,0.1,0.1,0.2
1944.3,0.3,0.2,0.2,0.1
1879.3,0.4,0.2,0.1,0.1
1978.6,0.5,0.2,0.1,0.2
218,0.5,0.2,0.2,0.1
200,0.3,0.1,0.2,0.1
211.3,0.3,0.1,0.1,0.2
192.6,0.3,0.1,0.1,0.2
189.6,0.2,0.1,0.1,0.2
202.2,0.4,0.1,0.1,0.2
192.5,0.3,0.2,0.2,0.1
193.5,0.3,0.1,0.1,0.1
190,0.3,0.1,0.1,0.1
195.3,0.3,0.2,0.2,0.1
200.5,0.2,0.1,0.1,0.1
206.3,0.3,0.1,0.1,0.2
200.2,0.3,0.2,0.2,0.1
199.7,0.5,0.2,0.2,0.3
200.4,0.3,0.2,0.2,0.1
216.2,0.3,0.2,0.2,0.1
222.2,0.2,0.1,0.1,0.2
237.1,0.4,0.1,0.1,0.1
194.3,0.2,0.1,0.1,0.1
204.4,0.3,0.2,0.1,0.1
398.2,0.3,0.1,0.1,0.2
212.7,0.3,0.2,0.1,0.1
210.4,0.3,0.1,0.1,0.2
197.1,0.4,0.1,0.1,0.2
224.6,0.3,0.2,0.2,0.2
192.6,0.3,0.1,0.1,0.1
189.5,0.3,0.1,0.1,0.2
180.9,0.2,0.2,0.1,0.1
216.7,0.3,0.1,0.1,0.1
179.6,0.3,0.1,0.1,0.2
221.5,0.3,0.1,0.1,0.2
213.6,0.3,0.1,0.1,0.2
214.3,0.3,0.1,0.1,0.2
218.7,0.3,0.1,0.1,0.2
203,0.4,0.2,0.2,0.1
217.2,0.2,0.2,0.2,0.1
218.6,0.2,0.2,0.1,0.1
203.4,0.2,0.2,0.1,0.1
190.4,0.2,0.2,0.2,0.1
219.9,0.5,0.3,0.2,0.2
216,0.4,0.1,0.2,0.1
196.2,0.4,0.1,0.1,0.1
205.6,0.3,0.1,0.1,0.2
188.2,0.3,0.1,0.1,0.2
215,0.4,0.1,0.1,0.1
199.3,0.3,0.2,0.2,0.1
202.4,0.3,0.2,0.2,0.2
219.3,0.3,0.2,0.2,0.1
192.5,0.3,0.2,0.1,0.1
203.2,0.3,0.1,0.1,0.1
232.3,0.2,0.2,0.1,0.1
196.1,0.3,0.2,0.2,0.1
201.1,0.3,0.2,0.2,0.1
208.6,0.6,0.3,0.3,0.4
193,0.3,0.2,0.2,0.2
226.2,0.5,0.2,0.2,0.1
250.7,0.4,0.2,0.2,0.1
212.7,0.2,0.1,0.1,0.2
210.7,0.3,0.2,0.2,0.1
317.5,0.3,0.2,0.2,0.1
203.3,0.3,0.1,0.1,0.2
215.4,0.3,0.1,0.1,0.2
207.7,0.3,0.1,0.2,0.1
197.3,0.3,0.1,0.2,0.1
201.2,0.3,0.1,0.1,0.2
198.4,0.2,0.2,0.1,0.1
193.5,0.3,0.1,0.1,0.2
211.7,0.3,0.2,0.1,0.1
192.6,0.3,0.1,0.1,0.1
208.1,0.2,0.2,0.1,0.1
204.4,0.4,0.1,0.2,0.1
194.6,0.3,0.2,0.1,0.2
197.5,0.3,0.1,0.1,0.1
213.7,0.2,0.1,0.1,0.2
227.3,0.4,0.1,0.1,0.2
218.9,0.3,0.1,0.2,0.1
206.5,0.2,0.1,0.1,0.2
194.2,0.3,0.1,0.1,0.1
241.6,0.3,0.2,0.2,0.1
216.4,0.4,0.1,0.2,0.1
183.5,0.3,0.1,0.1,0.1
230.4,0.3,0.1,0.1,0.2
203.6,0.3,0.1,0.2,0.1
195.5,0.3,0.2,0.1,0.1
216.5,0.2,0.1,0.1,0.1
189.5,0.3,0.2,0.2,0.1
195.3,0.3,0.1,0.1,0.1
196.6,0.3,0.1,0.1,0.2
224.6,0.3,0.2,0.1,0.1
232.3,0.4,0.1,0.2,0.2
206.1,0.4,0.1,0.1,0.1
192.3,0.4,0.2,0.2,0.2
194.9,0.3,0.1,0.2,0.1
198.5,0.3,0.1,0.2,0.1
193.3,0.3,0.1,0.2,0.2
497.5,0.3,0.1,0.1,0.2
510.1,0.4,0.1,0.2,0.2
198.3,0.3,0.2,0.1,0.1
198.7,0.3,0.1,0.1,0.1
237.6,0.6,0.3,0.3,0.3
204.4,0.5,0.2,0.1,0.1
210.9,0.8,0.2,0.2,0.2
238.2,0.4,0.2,0.2,0.1
215.3,0.3,0.1,0.1,0.1
219.1,0.3,0.2,0.2,0.2
216.6,0.3,0.1,0.1,0.2
257.6,0.2,0.2,0.2,0.1
229.7,0.2,0.1,0.1,0.2
502.3,0.4,0.1,0.1,0.1
230.9,0.4,0.1,0.1,0.2
271.5,0.3,0.1,0.2,0.1
232.8,0.2,0.1,0.1,0.2
210.5,0.3,0.1,0.1,0.2
193,0.3,0.2,0.1,0.1
193.8,0.3,0.1,0.1,0.2
185.3,0.2,0.1,0.2,0.1
198.1,0.3,0.2,0.1,0.1
189.4,0.3,0.2,0.2,0.1
186.6,0.3,0.1,0.1,0.2
211.3,0.2,0.1,0.1,0.1
192.9,0.2,0.1,0.2,0.1
203.9,0.3,0.1,0.1,0.1
185.9,0.2,0.1,0.1,0.1
202.7,0.3,0.1,0.2,0.1
200.3,0.2,0.1,0.2,0.1
211,0.2,0.1,0.2,0.1
189.6,0.3,0.1,0.1,0.2
206.9,0.3,0.2,0.1,0.1
214.4,0.4,0.2,0.1,0.1
203.5,0.3,0.1,0.1,0.2
190.9,0.3,0.1,0.1,0.1
189.4,0.2,0.1,0.2,0.1
190.4,0.3,0.1,0.1,0.1
189.6,0.3,0.1,0.1,0.1
187.2,0.3,0.1,0.1,0.2
190.5,0.3,0.2,0.1,0.1
203,0.4,0.1,0.1,0.2
190.7,0.3,0.1,0.2,0.1
192.8,0.3,0.1,0.2,0.1
201.3,0.2,0.1,0.1,0.2
212.5,0.3,0.2,0.1,0.1
196.5,0.3,0.2,0.2,0.1
190.4,0.3,0.1,0.2,0.1
192,0.4,0.2,0.1,0.1
188.4,0.3,0.1,0.1,0.1
188.5,0.3,0.2,0.1,0.1
187.7,0.3,0.2,0.1,0.1
241,0.3,0.1,0.1,0.1
225.1,0.3,0.1,0.1,0.1
235.5,0.2,0.1,0.1,0.2
205.9,0.3,0.1,0.1,0.1
228.9,0.3,0.2,0.1,0.2
205,0.3,0.1,0.1,0.1
187.4,0.3,0.1,0.1,0.2
202.7,0.3,0.1,0.2,0.1
200.7,0.2,0.1,0.2,0.1
201.3,0.3,0.2,0.1,0.1
187.2,0.3,0.1,0.2,0.1
206.3,0.2,0.1,0.1,0.1
189.4,0.3,0.2,0.2,0.1
197.1,0.3,0.2,0.2,0.1
191.9,0.3,0.2,0.2,0.1
211.4,0.3,0.1,0.1,0.2
189.8,0.3,0.1,0.1,0.2
188.6,0.2,0.1,0.1,0.1
202.3,0.2,0.1,0.1,0.1
186.2,0.3,0.1,0.2,0.1
189.4,0.3,0.1,0.2,0.1
191.3,0.3,0.1,0.1,0.2
197.8,0.3,0.1,0.2,0.1
234.8,0.3,0.1,0.2,0.1
197.3,0.3,0.2,0.2,0.1
191.4,0.3,0.1,0.1,0.1
192.3,0.2,0.2,0.1,0.1
244.6,0.2,0.1,0.1,0.1
187.2,0.3,0.1,0.1,0.1
206.5,0.3,0.1,0.1,0.1
210.2,0.3,0.1,0.2,0.1
226.3,0.4,0.2,0.1,0.1
195.9,0.3,0.1,0.1,0.2
208.5,0.3,0.2,0.2,0.1
213.7,0.3,0.2,0.1,0.2
202.8,0.2,0.1,0.1,0.2
200.6,0.3,0.1,0.1,0.2
197.6,0.3,0.2,0.1,0.1
198.4,0.3,0.1,0.1,0.2
185.5,0.3,0.1,0.1,0.2
185.1,0.2,0.2,0.2,0.1
193.2,0.3,0.1,0.1,0.1
220,0.3,0.1,0.2,0.1
203.9,0.3,0.1,0.1,0.1
196.4,0.2,0.1,0.2,0.1
198.8,0.3,0.1,0.1,0.1
211.1,0.3,0.1,0.1,0.1
199.4,0.3,0.1,0.1,0.1
189.1,0.3,0.1,0.1,0.2
206.6,0.3,0.1,0.1,0.1
192,0.2,0.1,0.1,0.2
192.3,0.3,0.1,0.1,0.2
212.8,0.3,0.1,0.2,0.1
237.9,0.4,0.1,0.1,0.1
192.3,0.2,0.1,0.2,0.1
187.8,0.3,0.1,0.1,0.2
254.5,0.3,0.1,0.1,0.2
210.7,0.4,0.1,0.1,0.2
190.5,0.2,0.2,0.1,0.1
181.4,0.2,0.1,0.1,0.1
215.4,0.3,0.2,0.1,0.1
186.3,0.2,0.2,0.1,0.1
183.3,0.3,0.2,0.1,0.1
178.6,0.2,0.2,0.1,0.1
544.7,0.4,0.2,0.1,0.1
208.1,0.2,0.1,0.2,0.1
190.3,0.3,0.2,0.2,0.1
193.6,0.3,0.1,0.1,0.1
245.4,0.3,0.2,0.1,0.1
196.4,0.3,0.2,0.1,0.2
193.3,0.3,0.1,0.1,0.2
216.2,0.2,0.2,0.1,0.1
215.6,0.3,0.1,0.1,0.2
197.1,0.3,0.1,0.2,0.1
188.3,0.3,0.1,0.2,0.1
193.1,0.3,0.1,0.2,0.1
234,0.3,0.2,0.1,0.2
207.4,0.2,0.1,0.2,0.1
194,0.3,0.2,0.1,0.2
192.6,0.3,0.2,0.2,0.1
193.5,0.2,0.1,0.1,0.1
187,0.2,0.2,0.2,0.1
209.3,0.3,0.1,0.1,0.1
204.9,0.2,0.1,0.1,0.1
209.7,0.3,0.1,0.2,0.1
203.1,0.3,0.1,0.1,0.1
186.3,0.2,0.1,0.2,0.1
194.8,0.2,0.2,0.1,0.1
211.1,0.2,0.1,0.2,0.1
185.7,0.3,0.2,0.1,0.1
177.7,0.3,0.1,0.1,0.1
255.4,0.4,0.2,0.1,0.1
218.8,0.3,0.1,0.2,0.1
200.5,0.3,0.2,0.1,0.1
209.6,0.2,0.1,0.1,0.2
2028.3,0.3,0.2,0.2,0.1
2029.9,0.3,0.1,0.1,0.2
1877.3,0.3,0.2,0.2,0.1
1905.8,0.2,0.1,0.1,0.1
1875.3,0.3,0.1,0.1,0.1
1832.8,0.3,0.1,0.1,0.2
1833.1,0.3,0.1,0.1,0.2
3864.4,0.4,0.1,0.2,0.1
1885,0.3,0.2,0.1,0.1
1976.3,1.2,1.1,1.1,1.1
1959,0.6,0.3,0.3,0.3
1935.8,0.5,0.3,0.3,0.3
1856.3,0.4,0.1,0.2,0.2
1845.6,0.2,0.1,0.1,0.2
228.7,0.3,0.2,0.1,0.1
207.8,0.4,0.2,0.2,0.2
207.4,0.3,0.2,0.1,0.1
219,0.4,0.1,0.1,0.1
208.3,0.3,0.2,0.2,0.1
225,0.3,0.1,0.1,0.2
205.2,0.5,0.2,0.3,0.1
558.8,0.6,0.1,0.1,0.2
202.7,0.4,0.2,0.2,0.2
210.7,0.3,0.1,0.1,0.2
236.6,1,0.4,0.3,0.4
194.6,0.4,0.2,0.2,0.1
384.8,0.4,0.2,0.2,0.1
192.9,0.3,0.1,0.1,0.2
198.2,0.3,0.2,0.1,0.2
198.8,0.3,0.2,0.2,0.1
247.7,0.4,0.1,0.1,0.1
210.6,0.3,0.1,0.1,0.1
216.6,0.2,0.1,0.1,0.1
239.6,0.5,0.1,0.1,0.1
222.2,0.6,0.3,0.2,0.3
227.1,0.3,0.2,0.2,0.1
211.8,0.3,0.1,0.1,0.2
204.2,0.4,0.2,0.1,0.1
190.9,0.2,0.1,0.1,0.2
234,0.5,0.3,0.2,0.1
231.9,0.6,0.2,0.3,0.3
206.1,0.2,0.2,0.1,0.1
215.7,0.2,0.2,0.2,0.1
224.3,0.3,0.1,0.1,0.2
200.9,0.3,0.1,0.1,0.1
220.9,0.3,0.2,0.2,0.1
193.5,0.3,0.1,0.1,0.1
269.1,0.2,0.2,0.2,0.1
223.8,0.2,0.1,0.2,0.1
235.9,0.3,0.1,0.2,0.1
215,0.3,0.1,0.1,0.1
194.8,0.3,0.1,0.2,0.1
216.3,0.3,0.2,0.1,0.1
550.1,0.3,0.1,0.1,0.2
227.5,0.4,0.1,0.2,0.1
192.3,0.2,0.1,0.1,0.1
190.6,0.2,0.2,0.2,0.1
242.3,0.3,0.2,0.2,0.1
220.2,0.3,0.1,0.1,0.1
203.3,0.4,0.2,0.2,0.1
193,0.3,0.1,0.1,0.1
189.9,0.3,0.1,0.1,0.1
182.6,0.3,0.1,0.2,0.1
190.6,0.2,0.2,0.1,0.1
193.3,0.2,0.1,0.1,0.2
191.9,0.3,0.1,0.2,0.1
191.1,0.2,0.1,0.1,0.1
192.2,0.3,0.2,0.1,0.1
186.5,0.2,0.1,0.2,0.1
198.3,0.3,0.2,0.1,0.1
197.2,0.3,0.2,0.1,0.1
189.1,0.4,0.1,0.2,0.1
214.6,0.3,0.2,0.1,0.1
206.6,0.3,0.1,0.1,0.2
224,1.2,0.3,0.3,1.1
200.9,0.3,0.1,0.1,0.1
211.8,0.3,0.1,0.1,0.1
207.6,0.2,0.1,0.2,0.1
205,0.2,0.2,0.1,0.1
229.6,0.6,0.3,0.8,1.1
213.5,0.6,0.3,0.3,0.3
191.2,0.3,0.1,0.2,0.1
203.3,0.2,0.2,0.2,0.1
208.7,0.3,0.1,0.2,0.1
193.9,0.3,0.2,0.1,0.1
186.7,0.3,0.2,0.2,0.1
197.3,0.3,0.1,0.2,0.1
193.1,0.2,0.1,0.2,0.1
195.7,0.3,0.1,0.1,0.2
192.3,0.2,0.1,0.1,0.2
216.4,0.2,0.1,0.2,0.1
235.1,0.4,0.1,0.1,0.2
226.9,0.3,0.2,0.2,0.1
201.8,0.3,0.2,0.1,0.1
207.4,0.6,0.3,0.3,0.4
193,0.2,0.1,0.1,0.1
200.4,0.2,0.1,0.1,0.2
184.6,0.2,0.1,0.1,0.1
196.8,0.3,0.1,0.1,0.1
216.6,0.3,0.1,0.1,0.2
203.9,0.3,0.1,0.1,0.1
252,0.5,0.3,0.2,0.3
252.3,0.3,0.1,0.2,0.1
266.1,0.3,0.1,0.2,0.1
222.8,0.3,0.1,0.1,0.1
208.3,0.3,0.1,0.2,0.1
226.2,0.3,0.2,0.1,0.1
212.2,0.6,0.1,0.1,0.1
223,0.3,0.2,0.2,0.2
196.6,0.3,0.1,0.2,0.1
196.8,0.2,0.2,0.1,0.1
202.1,0.3,0.1,0.1,0.2
208,0.3,0.2,0.2,0.1
234.3,0.4,0.2,0.2,0.1
199.8,0.3,0.2,0.2,0.1
197.5,0.3,0.2,0.1,0.1
251.4,0.5,0.2,0.3,0.3
219,0.3,0.1,0.1,0.2
195.8,0.3,0.1,0.1,0.1
197.7,0.3,0.1,0.1,0.2
227.9,0.2,0.1,0.2,0.1
211.8,0.2,0.1,0.1,0.1
192.6,0.3,0.2,0.2,0.1
193.6,0.3,0.1,0.1,0.2
525.2,0.4,0.3,0.2,0.2
197.1,0.3,0.1,0.1,0.2
201.2,0.3,0.1,0.1,0.1
197.9,0.4,0.2,0.1,0.2
188.5,0.3,0.1,0.1,0.1
192,0.3,0.1,0.1,0.2
187.9,0.3,0.1,0.1,0.1
188,0.3,0.1,0.2,0.1
201.5,0.3,0.1,0.2,0.1
236.8,0.3,0.1,0.1,0.2
229.2,0.6,0.3,0.4,0.3
195.6,0.4,0.1,0.1,0.1
216.8,0.4,0.1,0.2,0.1
211.9,0.3,0.1,0.1,0.2
197.7,0.3,0.1,0.1,0.1
221.7,0.4,0.1,0.1,0.2
197.9,0.3,0.2,0.2,0.1
184.1,0.3,0.1,0.2,0.2
211.8,0.2,0.2,0.1,0.1
199.4,0.3,0.2,0.2,0.2
190.4,0.3,0.1,0.1,0.2
187.3,0.2,0.2,0.1,0.1
214.9,0.3,0.2,0.1,0.1
184.4,0.3,0.1,0.1,0.2
201.5,0.4,0.1,0.1,0.1
184.4,0.2,0.2,0.1,0.1
198.7,0.4,0.2,0.2,0.2
187.4,0.3,0.1,0.1,0.1
191.9,0.2,0.1,0.2,0.1
203.3,0.3,0.1,0.1,0.1
196.7,0.4,0.2,0.2,0.1
202.4,0.2,0.1,0.2,0.1
194.7,0.3,0.2,0.1,0.1
190.3,0.3,0.1,0.1,0.2
185.9,0.3,0.1,0.1,0.1
182.4,0.3,0.1,0.2,0.1
186.7,0.3,0.1,0.1,0.2
182.6,0.3,0.1,0.1,0.2
184.7,0.3,0.1,0.2,0.1
181.7,0.4,0.1,0.1,0.2
178.4,0.2,0.2,0.2,0.1
185.2,0.2,0.2,0.2,0.1
207.7,0.4,0.3,0.3,0.2
188.7,0.3,0.1,0.1,0.1
179.5,0.2,0.1,0.2,0.1
182.1,0.2,0.2,0.1,0.1
194,0.3,0.1,0.2,0.1
211.9,0.3,0.1,0.1,0.1
186.9,0.2,0.1,0.2,0.1
211.3,0.3,0.1,0.1,0.2
200.6,0.3,0.1,0.1,0.1
190.9,0.2,0.3,0.1,0.1
220.1,0.3,0.1,0.1,0.1
220.6,0.6,0.3,0.6,0.2
465.8,0.3,0.2,0.1,0.1
201.4,0.3,0.2,0.2,0.2
204.8,0.3,0.1,0.1,0.1
217.8,0.4,0.1,0.1,0.2
201.2,0.3,0.2,0.1,0.2
211.5,0.6,0.2,0.3,0.2
195.2,0.3,0.1,0.2,0.1
198.7,0.3,0.1,0.1,0.2
186.9,0.3,0.1,0.1,0.2
215.8,0.3,0.1,0.1,0.2
197.8,0.3,0.1,0.1,0.2
191.5,0.3,0.2,0.2,0.1
185.9,0.2,0.1,0.2,0.1
195.6,0.4,0.4,0.2,0.1
201.9,0.3,0.1,0.1,0.1
183.2,0.3,0.1,0.1,0.2
179.4,0.2,0.1,0.2,0.1
186.4,0.3,0.1,0.1,0.2
189.8,0.2,0.1,0.1,0.1
215.4,0.3,0.2,0.1,0.1
186.7,0.3,0.1,0.1,0.2
201.9,0.2,0.1,0.2,0.1
229.9,0.2,0.1,0.2,0.1
185,0.2,0.1,0.1,0.1
204.2,0.3,0.1,0.2,0.1
197.8,0.3,0.1,0.2,0.1
211.9,0.3,0.1,0.1,0.1
194.6,0.3,0.1,0.1,0.1
185,0.2,0.1,0.2,0.1
247.8,0.2,0.1,0.2,0.2
188.5,0.3,0.1,0.1,0.1
186.6,0.3,0.1,0.1,0.2
185.9,0.3,0.1,0.1,0.1
224.9,0.4,0.2,0.2,0.2
218.5,0.3,0.1,0.1,0.2
201,0.3,0.2,0.2,0.1
186,0.3,0.1,0.1,0.2
189.3,0.3,0.2,0.1,0.1
188.4,0.3,0.1,0.2,0.1
189.3,0.3,0.1,0.1,0.2
188.9,0.3,0.1,0.1,0.1
194.7,0.2,0.1,0.1,0.2
187.9,0.2,0.1,0.1,0.2
189.9,0.2,0.2,0.1,0.1
197.7,0.2,0.1,0.1,0.1
201.9,0.4,0.2,0.2,0.2
183.5,0.2,0.1,0.2,0.1
189.3,0.3,0.1,0.1,0.1
233.7,0.3,0.2,0.2,0.1
196.7,0.2,0.2,0.1,0.1
199.8,0.3,0.1,0.1,0.1
186.1,0.2,0.2,0.1,0.1
187.5,0.2,0.1,0.1,0.2
209.4,0.3,0.1,0.2,0.1
199.5,0.3,0.1,0.1,0.1
209.3,0.2,0.1,0.1,0.1
195.8,0.2,0.1,0.2,0.1
208.4,0.3,0.2,0.1,0.1
187.9,0.2,0.1,0.2,0.1
212.9,0.3,0.2,0.1,0.1
201.1,0.3,0.2,0.1,0.1
191,0.4,0.1,0.1,0.1
186.7,0.2,0.2,0.2,0.1
194.9,0.3,0.1,0.1,0.1
185,0.3,0.1,0.2,0.1
211.5,0.3,0.1,0.1,0.1
209.4,0.2,0.1,0.1,0.1
191,0.2,0.1,0.2,0.1
211.6,0.4,0.2,0.4,0.1
214,0.3,0.1,0.1,0.2
198.7,0.3,0.1,0.1,0.1
186.9,0.3,0.1,0.2,0.1
216.7,0.3,0.1,0.1,0.2
192.4,0.2,0.1,0.2,0.1
188.1,0.3,0.2,0.1,0.1
242.6,0.3,0.2,0.2,0.1
193.6,0.3,0.1,0.1,0.2
199.3,0.3,0.2,0.2,0.1
1913,0.3,0.2,0.2,0.2
1792.8,0.3,0.1,0.1,0.1
1845.9,0.2,0.1,0.2,0.1
1916.2,0.3,0.1,0.1,0.1
1932.5,0.3,0.1,0.1,0.2
2049.7,0.2,0.2,0.2,0.1
1887.1,0.2,0.1,0.2,0.2
1865.4,0.3,0.2,0.1,0.1
1803.1,0.3,0.1,0.1,0.1
1814.2,0.3,0.2,0.1,0.1
1917.7,0.3,0.1,0.2,0.2
1832.7,0.3,0.1,0.1,0.1
1932,0.4,0.2,0.1,0.1
242.1,0.3,0.1,0.1,0.2
205.4,0.3,0.1,0.2,0.1
232.4,0.2,0.1,0.1,0.1
223,0.3,0.2,0.2,0.1
236.1,0.3,0.1,0.2,0.1
489.1,0.3,0.1,0.1,0.1
189.9,0.4,0.1,0.1,0.2
182.6,0.3,0.1,0.1,0.2
219.9,0.3,0.2,0.2,0.1
198.1,0.2,0.2,0.2,0.1
221.6,0.5,0.3,0.2,0.3
206.9,0.2,0.1,0.1,0.2
190,0.3,0.1,0.2,0.1
236.9,0.5,1.1,0.3,0.3
196.1,0.3,0.1,0.2,0.1
198.6,0.2,0.1,0.1,0.2
200.9,0.3,0.1,0.1,0.1
210.5,0.3,0.2,0.2,0.1
186.8,0.2,0.2,0.1,0.1
529.5,0.3,0.1,0.1,0.2
199.5,0.3,0.2,0.1,0.1
192.9,0.2,0.1,0.1,0.1
212.5,0.3,0.1,0.1,0.1
210.7,0.2,0.2,0.1,0.1
205,0.3,0.1,0.1,0.1
200.4,0.3,0.1,0.1,0.2
591,0.4,0.3,0.2,0.2
202.5,0.3,0.1,0.1,0.1
200.8,0.3,0.1,0.1,0.2
197,0.2,0.2,0.1,0.1
221.8,0.3,0.2,0.2,0.1
246,0.3,0.1,0.1,0.1
196,0.3,0.1,0.1,0.2
399,0.4,0.2,0.2,0.2
195,0.2,0.1,0.2,0.1
205.6,0.2,0.1,0.1,0.2
228.5,0.8,0.3,0.2,0.2
232,0.2,0.1,0.1,0.2
196.8,0.3,0.1,0.1,0.1
189.3,0.3,0.1,0.1,0.2
201.7,0.3,0.2,0.2,0.1
228.8,0.2,0.1,0.1,0.2
219,0.2,0.1,0.1,0.1
212.4,0.3,0.1,0.1,0.1
199.1,0.3,0.2,0.1,0.1
215.5,0.2,0.2,0.1,0.1
223.1,0.2,0.1,0.2,0.1
207.5,0.3,0.1,0.1,0.2
197.8,0.3,0.1,0.1,0.1
205.9,0.4,0.3,0.4,0.4
204.8,0.3,0.2,0.2,0.1
214.5,0.3,0.1,0.1,0.2
220,0.3,0.1,0.1,0.2
198.2,0.3,0.2,0.2,0.1
201.4,0.4,0.2,0.2,0.2
220.4,0.3,0.2,0.2,0.1
217.5,0.3,0.1,0.1,0.2
201.8,0.3,0.1,0.1,0.1
195.8,0.3,0.2,0.1,0.1
192,0.3,0.1,0.1,0.1
236.5,0.4,0.1,0.1,0.2
231.1,0.4,0.1,0.2,0.1
231.7,0.3,0.1,0.2,0.1
228.7,0.5,0.2,0.3,0.2
198.7,0.3,0.1,0.2,0.1
195.9,0.3,0.1,0.1,0.2
182.5,0.3,0.1,0.2,0.1
193.2,0.3,0.1,0.1,0.2
194.8,0.3,0.2,0.2,0.1
232.5,0.2,0.1,0.1,0.2
198.7,0.2,0.1,0.2,0.1
196.1,0.3,0.1,0.1,0.1
193,0.3,0.1,0.2,0.1
183.1,0.2,0.1,0.2,0.1
192,0.3,0.1,0.1,0.1
213.4,0.3,0.2,0.2,0.1
232.2,0.3,0.1,0.2,0.1
292.7,0.3,0.2,0.2,0.1
201.8,0.3,0.1,0.1,0.1
193.5,0.3,0.1,0.1,0.2
215,0.3,0.1,0.2,0.1
198.6,0.2,0.1,0.1,0.2
204.2,0.4,0.1,0.1,0.2
229.5,0.5,0.3,0.3,0.4
200.3,0.3,0.1,0.1,0.2
196.4,0.2,0.1,0.2,0.1
204.7,0.2,0.1,0.2,0.1
197.2,0.3,0.1,0.1,0.1
207.1,0.2,0.2,0.1,0.1
220.7,0.3,0.1,0.1,0.1
205.2,0.3,0.2,0.2,0.1
216,0.3,0.1,0.1,0.2
201.1,0.3,0.1,0.2,0.1
421.1,0.4,0.2,0.2,0.2
199.2,0.5,0.2,0.3,0.2
207.5,0.2,0.1,0.1,0.2
192.3,0.3,0.1,0.1,0.1
189.2,0.3,0.1,0.1,0.2
187.9,0.3,0.2,0.1,0.1
214.3,0.3,0.2,0.1,0.1
228,0.5,0.2,0.2,0.2
230,0.3,0.1,0.1,0.2
220.4,0.3,0.1,0.1,0.1
210.1,0.2,0.1,0.1,0.1
208.9,0.2,0.1,0.2,0.1
189.7,0.3,0.1,0.2,0.1
183.5,0.2,0.1,0.2,0.1
189,0.2,0.2,0.1,0.1
190.5,0.3,0.1,0.1,0.1
204.8,0.3,0.2,0.2,0.1
255.6,0.4,0.3,0.2,0.3
226.5,0.3,0.1,0.2,0.1
211.9,0.3,0.1,0.1,0.1
203.2,0.3,0.1,0.1,0.2
207.2,0.3,0.1,0.1,0.2
228.7,0.3,0.1,0.1,0.1
192.6,0.3,0.1,0.1,0.1
194.1,0.3,0.1,0.1,0.2
499.9,0.5,0.1,0.2,0.1
186.4,0.3,0.1,0.1,0.2
219.4,0.3,0.2,0.1,0.1
209.9,0.3,0.2,0.2,0.1
204.8,0.2,0.1,0.1,0.1
241.6,0.3,0.2,0.2,0.1
200.1,0.3,0.1,0.1,0.1
534.8,0.5,0.2,0.2,0.3
214.9,0.3,0.2,0.2,0.1
223.7,0.3,0.1,0.2,0.1
205.5,0.2,0.1,0.2,0.1
243.5,0.3,0.2,0.1,0.1
199.8,0.3,0.1,0.1,0.1
191.9,0.3,0.1,0.2,0.1
220.4,0.3,0.2,0.2,0.1
236,0.3,0.2,0.2,0.1
218.2,0.2,0.1,0.1,0.1
201.5,0.2,0.1,0.1,0.1
218.7,0.3,0.1,0.1,0.2
214.3,1.3,1.1,1,1.1
214.1,0.4,0.1,0.1,0.2
215.5,0.2,0.1,0.1,0.1
199.9,0.3,0.1,0.2,0.1
199.8,0.3,0.1,0.2,0.1
200.6,0.3,0.1,0.1,0.2
240.7,0.6,0.3,0.4,0.3
183.2,0.3,0.1,0.1,0.1
177.3,0.3,0.1,0.1,0.2
221.8,0.2,0.1,0.2,0.1
196.5,0.4,0.1,0.1,0.1
187,0.3,0.1,0.1,0.2
185.1,0.2,0.1,0.1,0.1
187,0.3,0.1,0.2,0.1
208.9,0.3,0.2,0.1,0.1
185.9,0.3,0.2,0.1,0.1
185,0.2,0.2,0.1,0.1
190.3,0.2,0.1,0.2,0.1
197.2,0.2,0.1,0.2,0.1
192.4,0.2,0.1,0.2,0.1
206.6,0.2,0.1,0.2,0.1
195.5,0.3,0.1,0.2,0.1
201.3,0.2,0.1,0.2,0.1
187.6,0.3,0.2,0.1,0.1
210.9,0.3,0.1,0.1,0.2
184.7,0.2,0.1,0.1,0.1
192.1,0.2,0.2,0.2,0.1
199.2,0.3,0.1,0.2,0.1
210.1,0.3,0.1,0.1,0.2
184.7,0.3,0.2,0.1,0.1
214.9,0.2,0.2,0.2,0.1
187.2,0.2,0.2,0.2,0.1
190,0.3,0.2,0.2,0.1
190.9,0.2,0.2,0.2,0.1
187.5,0.3,0.2,0.2,0.1
187,0.3,0.1,0.1,0.1
187.6,0.3,0.1,0.1,0.2
184.5,0.2,0.2,0.1,0.1
467.9,0.3,0.2,0.2,0.1
205.8,0.3,0.1,0.1,0.1
203.8,0.4,0.2,0.2,0.2
189.1,0.3,0.1,0.1,0.1
209.6,0.4,0.2,0.2,0.3
190.2,0.3,0.1,0.2,0.1
188.2,0.3,0.1,0.2,0.1
206.4,0.3,0.1,0.2,0.1
192.8,0.3,0.1,0.1,0.2
192.6,0.2,0.2,0.1,0.1
209.4,0.3,0.1,0.1,0.1
187,0.3,0.1,0.1,0.1
208.7,0.3,0.1,0.2,0.1
209.6,0.2,0.1,0.1,0.1
199.6,0.2,0.2,0.2,0.1
184.5,0.2,0.1,0.2,0.1
190,0.4,0.2,0.2,0.1
183.5,0.3,0.1,0.1,0.1
177.5,0.3,0.1,0.2,0.1
180.9,0.2,0.1,0.2,0.1
177.2,0.3,0.1,0.2,0.1
189.9,0.2,0.1,0.1,0.1
179,0.3,0.1,0.2,0.1
183.6,0.2,0.2,0.1,0.1
177.1,0.2,0.1,0.2,0.1
180.6,0.2,0.1,0.1,0.2
181,0.2,0.1,0.2,0.1
185.5,0.3,0.2,0.1,0.1
182,0.2,0.1,0.2,0.1
190.9,0.2,0.1,0.2,0.1
189.3,0.2,0.1,0.2,0.1
190.3,0.2,0.1,0.2,0.1
189.3,0.3,0.1,0.1,0.2
192.1,0.2,0.1,0.1,0.1
245.6,0.3,0.2,0.1,0.1
187.6,0.3,0.1,0.2,0.1
213.5,0.3,0.2,0.1,0.1
194.4,0.3,0.2,0.2,0.1
212.5,0.3,0.1,0.1,0.2
229.9,0.3,0.1,0.1,0.2
185.4,0.3,0.1,0.1,0.1
188.4,0.2,0.1,0.1,0.2
199.5,0.2,0.1,0.2,0.1
190.3,0.2,0.2,0.1,0.1
184.4,0.2,0.2,0.1,0.1
219.7,0.2,0.2,0.1,0.1
200.5,0.2,0.1,0.1,0.2
189.6,0.3,0.1,0.1,0.2
186,0.3,0.1,0.1,0.1
211.8,0.3,0.1,0.2,0.1
201.3,0.2,0.1,0.1,0.1
199.5,0.2,0.1,0.1,0.1
186.5,0.3,0.1,0.1,0.2
195.1,0.2,0.1,0.1,0.1
187.7,0.2,0.2,0.1,0.1
186.3,0.3,0.2,0.1,0.1
188.2,0.3,0.1,0.1,0.2
193.1,0.3,0.2,0.2,0.1
189,0.2,0.1,0.2,0.1
207.9,0.2,0.2,0.1,0.1
215.6,0.3,0.1,0.1,0.2
215.6,0.2,0.2,0.2,0.1
207.6,0.3,0.1,0.1,0.1
205,0.3,0.1,0.2,0.1
190.3,0.3,0.1,0.1,0.1
198.7,0.2,0.2,0.2,0.1
207.6,0.3,0.1,0.2,0.1
204.8,0.2,0.1,0.2,0.1
194.1,0.3,0.1,0.2,0.1
196.5,0.2,0.1,0.1,0.1
188.9,0.3,0.1,0.1,0.2
199.1,10.3,0.1,0.1,0.1
205.3,0.4,0.2,0.2,0.3
192.9,0.3,0.1,0.1,0.2
201.1,0.2,0.1,0.2,0.1
185.4,0.2,0.1,0.1,0.1
192.9,0.2,0.1,0.1,0.1
218.6,0.4,0.1,0.2,0.1
376.2,0.8,0.3,0.4,0.3
199.5,0.3,0.1,0.1,0.2
182.8,0.2,0.2,0.1,0.1
213.1,0.3,0.1,0.2,0.1
211.9,0.2,0.1,0.1,0.2
239.7,0.2,0.1,0.2,0.1
199.5,0.2,0.1,0.2,0.1
231.9,0.2,0.1,0.2,0.1
192,0.3,0.1,0.1,0.2
191,0.3,0.2,0.2,0.1
187.3,0.3,0.1,0.1,0.2
194.9,0.3,0.1,0.2,0.1
194.8,0.3,0.2,0.1,0.1
190,0.2,0.1,0.2,0.1
200.5,0.3,0.1,0.2,0.1
215.1,0.2,0.1,0.1,0.2
186.6,0.3,0.1,0.2,0.1
207.7,0.2,0.2,0.1,0.1
194.9,0.2,0.2,0.2,0.1
196.5,0.3,0.1,0.2,0.1
191.4,0.3,0.2,0.1,0.1
186.1,0.3,0.1,0.1,0.2
232.1,0.3,0.1,0.1,0.1
200.7,0.2,0.2,0.1,0.1
201.9,0.3,0.1,0.1,0.2
183.7,0.3,0.1,0.2,0.1
186.8,0.2,0.1,0.1,0.1
218.8,0.2,0.2,0.2,0.1
191.4,0.3,0.1,0.1,0.2
191.4,0.3,0.2,0.1,0.1
183.2,0.3,0.2,0.1,0.1
190.6,0.3,0.1,0.1,0.1
213.3,0.2,0.2,0.2,0.1
197.1,0.3,0.1,0.2,0.1
186.9,0.2,0.1,0.1,0.1
193,0.2,0.1,0.1,0.2
212,0.3,0.1,0.1,0.1
212.3,0.3,0.1,0.1,0.1
200.1,0.2,0.2,0.1,0.1
208.1,0.2,0.1,0.1,0.1
189,0.2,0.1,0.1,0.1
186.1,0.3,0.1,0.1,0.1
215,0.3,0.2,0.1,0.1
196.9,0.3,0.1,0.2,0.1
187.1,0.3,0.2,0.2,0.1
184.9,0.3,0.2,0.2,0.1
185.9,0.3,0.1,0.2,0.1
204.8,0.2,0.2,0.1,0.1
228.2,0.2,0.1,0.2,0.1
187.8,0.3,0.2,0.2,0.1
184.5,0.3,0.2,0.2,0.1
204.2,0.3,0.1,0.1,0.2
196.8,0.3,0.2,0.1,0.1
190.1,0.2,0.2,0.1,0.1
195.4,0.3,0.2,0.2,0.1
210,0.4,0.1,0.1,0.2
196.2,0.2,0.1,0.1,0.1
188.8,0.2,0.1,0.1,0.1
181.5,0.2,0.1,0.2,0.1
190.2,0.3,0.1,0.2,0.1
231.9,0.3,0.2,0.1,0.1
191.4,0.3,0.1,0.1,0.1
205.6,0.2,0.2,0.2,0.1
209.6,0.2,0.1,0.2,0.1
208,0.2,0.1,0.2,0.1
185,0.2,0.1,0.2,0.1
184.3,0.2,0.1,0.2,0.1
203.1,0.3,0.2,0.2,0.1
202,0.3,0.1,0.2,0.1
185.1,0.3,0.1,0.1,0.2
221.3,0.3,0.2,0.1,0.1
210.4,0.3,0.1,0.1,0.1
186,0.3,0.2,0.1,0.1
182.7,0.3,0.1,0.1,0.1
201.3,0.3,0.1,0.1,0.1
200.4,0.3,0.2,0.2,0.1
207.5,0.3,0.2,0.2,0.1
210.7,0.3,0.1,0.1,0.2
189,0.3,0.1,0.1,0.1
217.8,0.3,0.1,0.2,0.1
189,0.3,0.1,0.1,0.2
182.2,0.2,0.2,0.1,0.1
185.6,0.2,0.2,0.2,0.1
211,0.3,0.2,0.1,0.1
202.1,0.3,0.2,0.1,0.1
189.2,0.3,0.1,0.1,0.2
185.7,0.3,0.1,0.2,0.1
200.7,0.3,0.2,0.2,0.1
218.7,0.4,0.2,0.1,0.1
186.6,0.3,0.1,0.1,0.2
187.6,0.3,0.1,0.1,0.2
206.6,0.3,0.1,0.1,0.1
220.3,0.3,0.1,0.1,0.1
186.4,0.2,0.1,0.2,0.1
186.6,0.3,0.2,0.1,0.1
186,0.3,0.1,0.2,0.1
205.1,0.3,0.1,0.1,0.1
190.7,0.2,0.2,0.1,0.1
205.5,0.2,0.2,0.2,0.1
217.6,0.3,0.1,0.1,0.1
201.6,0.3,0.1,0.1,0.2
202.3,0.3,0.1,0.1,0.2
193.9,0.2,0.1,0.1,0.1
185.9,0.3,0.1,0.2,0.1
255.8,0.4,0.2,0.1,0.1
191.3,0.2,0.1,0.2,0.1
185.2,0.3,0.1,0.1,0.2
186.8,0.3,0.2,0.2,0.1
188.7,0.3,0.1,0.1,0.1
213.6,0.3,0.1,0.1,0.1
210.7,0.3,0.1,0.1,0.1
208,0.2,0.1,0.2,0.1
187.3,0.2,0.2,0.1,0.1
207.8,0.3,0.1,0.2,0.1
189,0.3,0.1,0.2,0.1
184.5,0.2,0.1,0.1,0.2
207,0.3,0.1,0.1,0.1
207.9,0.2,0.1,0.2,0.1
188.3,0.2,0.1,0.2,0.1
190.5,0.3,0.2,0.2,0.1
191.6,0.3,0.2,0.1,0.1
208.9,0.3,0.2,0.1,0.1
210.8,0.3,0.2,0.1,0.1
192.2,0.3,0.1,0.1,0.1
187.8,0.3,0.1,0.1,0.1
206.8,0.3,0.1,0.1,0.2
192.7,0.3,0.2,0.2,0.1
184.5,0.3,0.2,0.1,0.1
203.9,0.3,0.2,0.1,0.1
187.4,0.3,0.2,0.1,0.2
184.2,0.3,0.2,0.1,0.1
189.3,0.3,0.1,0.1,0.1
359.1,0.2,0.1,0.1,0.2
195,0.3,0.2,0.1,0.1
185,0.3,0.1,0.1,0.1
189.8,0.3,0.2,0.2,0.1
416.6,0.3,0.1,0.1,0.1
191.3,0.3,0.1,0.2,0.1
205.1,0.3,0.1,0.1,0.1
187.8,0.2,0.1,0.2,0.1
184.8,0.2,0.2,0.1,0.1
189.5,0.3,0.1,0.1,0.1
185,0.2,0.1,0.2,0.1
208.1,0.3,0.1,0.1,0.1
183.6,0.2,0.1,0.2,0.1
194.7,0.4,0.1,0.1,0.1
273.8,0.3,0.1,0.1,0.2
187.9,0.2,0.1,0.2,0.1
186.4,0.2,0.1,0.2,0.1
190,0.3,0.1,0.2,0.1
180.6,0.3,0.1,0.1,0.2
184.8,0.3,0.1,0.1,0.1
194,0.3,0.2,0.1,0.1
214.5,0.3,0.1,0.1,0.2
196.9,0.3,0.2,0.2,1.6
207.1,0.3,0.1,0.1,0.2
197.6,0.3,0.1,0.1,0.1
190.6,0.3,0.2,0.1,0.1
190.9,0.3,0.1,0.2,0.1
203.3,0.3,0.1,0.2,0.1
214.1,0.3,0.1,0.1,0.2
191.3,0.3,0.1,0.1,0.1
189.5,0.3,0.1,0.1,0.1
189.6,0.3,0.1,0.1,0.2
185.6,0.3,0.2,0.1,0.1
195.1,0.3,0.1,0.1,0.1
200.1,0.3,0.2,0.1,0.1
186,0.3,0.1,0.1,0.2
195.3,0.3,0.2,0.2,0.1
187.5,0.3,0.1,0.1,0.2
214,0.3,0.2,0.1,0.1
200.8,0.2,0.1,0.2,0.1
211.4,0.3,0.1,0.1,0.2
187.6,0.2,0.1,0.2,0.1
203,0.3,0.2,0.1,0.1
198.1,0.2,0.2,0.2,0.1
217.3,0.2,0.2,0.2,0.1
208.7,0.3,0.1,0.2,0.1
208.5,0.2,0.1,0.1,0.2
210.1,0.2,0.2,0.2,0.1
492.5,0.3,0.1,0.1,0.1
237,0.3,0.1,0.1,0.1
204.6,0.3,0.1,0.1,0.1
207.7,0.3,0.1,0.2,0.1
218.9,0.3,0.1,0.1,0.1
182.4,0.3,0.1,0.2,0.1
203.8,0.2,0.2,0.1,0.1
231.6,0.2,0.1,0.2,0.1
215.7,0.4,0.2,0.2,0.2
520.7,0.3,0.1,0.1,0.1
201.6,0.3,0.2,0.2,0.1
626.3,0.3,0.1,0.2,0.1
199.4,0.2,0.1,0.1,0.2
193.7,0.3,0.1,0.1,0.2
230.6,0.9,0.4,0.3,0.2
202.2,0.3,0.1,0.1,0.2
186.3,0.2,0.1,0.1,0.1
201.5,0.3,0.2,0.1,0.1
194.4,0.4,0.1,0.2,0.1
204,0.2,0.1,0.1,0.2
187.2,0.2,0.1,0.1,0.2
192.7,0.3,0.1,0.1,0.1
191.4,0.2,0.2,0.2,0.1
230.4,0.2,0.2,0.1,0.1
214.1,0.3,0.1,0.1,0.1
199.8,0.2,0.1,0.2,0.1
210.7,0.2,0.1,0.2,0.2
219,0.3,0.1,0.1,0.1
196.6,0.3,0.1,0.1,0.1
207.2,0.2,0.2,0.1,0.1
230.3,0.2,0.1,0.2,0.1
200.6,0.2,0.1,0.2,0.1
191,0.2,0.2,0.1,0.1
193.4,0.3,0.1,0.1,0.2
267,0.3,0.2,0.1,0.1
191.1,0.3,0.2,0.1,0.1
204.8,0.3,0.1,0.2,0.1
208.8,0.2,0.2,0.2,0.1
212.4,0.3,0.1,0.2,0.1
186.2,0.2,0.2,0.1,0.1
189.3,0.4,0.2,0.1,0.1
207.2,0.3,0.1,0.1,0.1
205.5,0.3,0.1,0.1,0.2
186.9,0.3,0.1,0.1,0.1
226.1,0.3,0.1,0.1,0.2
201.8,0.3,0.2,0.2,0.1
195.5,0.2,0.1,0.2,0.1
190.2,0.3,0.1,0.2,0.1
185.9,0.3,0.1,0.1,0.1
207.1,0.4,0.2,0.1,0.2
192.8,0.3,0.1,0.1,0.1
188.2,0.2,0.1,0.2,0.1
211.2,0.2,0.1,0.1,0.2
212.5,0.3,0.1,0.1,0.2
203.8,0.3,0.1,0.1,0.2
192.2,0.2,0.1,0.2,0.1
191.2,0.3,0.1,0.1,0.2
183.2,0.2,0.1,0.1,0.2
180.4,0.3,0.1,0.2,0.1
193.4,0.2,0.2,0.2,0.1
218.4,0.2,0.1,0.1,0.1
199.3,0.3,0.1,0.2,0.1
229.4,0.3,0.1,0.1,0.2
658.2,0.3,0.2,0.1,0.1
199.8,0.3,0.1,0.1,0.2
182.9,0.3,0.1,0.2,0.1
2724.9,0.7,0.2,0.3,0.2
2616.4,0.2,0.2,0.2,0.1
2788.8,0.4,0.1,0.1,0.2
1901.1,0.4,0.1,0.1,0.2
1901.3,0.3,0.2,0.1,0.1
253.7,0.5,0.2,0.3,0.2
236.1,0.6,0.4,0.2,0.3
213.7,0.3,0.1,0.2,0.1
193.9,0.3,0.1,0.2,0.1
230.3,0.3,0.2,0.1,0.1
256.1,0.4,0.1,0.2,0.1
264,1.5,1.1,1,1
258.4,1.7,1.2,0.5,0.3
245.4,0.4,0.2,0.2,0.2
216.5,0.4,0.3,0.3,0.3
197.2,0.2,0.2,0.2,0.1
214.8,0.4,0.1,0.1,0.1
207.7,0.3,0.2,0.1,0.1
223,0.6,0.3,0.3,0.2
221.5,0.3,0.1,0.1,0.1
198.3,0.3,0.1,0.2,0.1
192.1,0.3,0.1,0.1,0.1
188,0.2,0.2,0.1,0.2
454.3,0.4,0.2,0.2,0.1
196.3,0.3,0.2,0.2,0.1
193.2,0.3,0.1,0.1,0.1
230.9,0.3,0.2,0.1,0.1
237.9,0.7,0.3,0.3,0.3
227.7,0.6,0.4,0.3,0.3
310.8,0.5,0.4,0.2,0.2
218.1,0.6,0.3,0.3,0.3
201.5,0.3,0.2,0.2,0.1
217.7,0.4,0.2,0.1,0.2
202.1,0.5,0.4,0.3,0.3
209.9,0.5,0.3,0.3,0.3
199.2,0.4,0.2,0.3,0.2
185.6,0.4,0.1,0.2,0.1
216.3,0.4,0.1,0.2,0.1
219.6,0.4,0.1,0.2,0.2
212.7,0.4,0.2,0.2,0.1
220.3,0.7,0.4,0.4,0.3
354.3,0.3,0.1,0.2,0.1
184.2,0.2,0.1,0.1,0.1
193.8,0.2,0.1,0.1,0.1
845.5,1.9,0.4,1.1,0.4
192.6,0.3,0.1,0.1,0.1
188.1,0.3,0.2,0.1,0.1
196.8,0.2,0.1,0.2,0.1
182.7,0.3,0.2,0.2,0.1
179.8,0.3,0.1,0.1,0.2
188.8,0.3,0.1,0.1,0.2
190.2,0.3,0.1,0.1,0.1
201.8,0.3,0.2,0.3,0.1
190.6,0.2,0.1,0.1,0.1
193,0.3,0.2,0.1,0.2
398.5,0.4,0.3,0.3,0.2
199,0.4,0.1,0.1,0.1
201.9,0.7,0.3,0.3,0.4
201.6,0.3,0.1,0.1,0.2
224.6,0.5,0.2,0.1,0.1
199.4,0.2,0.2,0.2,0.1
192.2,0.3,0.1,0.1,0.2
683.1,0.3,0.2,0.1,0.1
206.4,0.5,0.3,0.3,0.3
232.2,0.3,0.2,0.2,0.1
228.8,0.2,0.1,0.1,0.2
203.2,0.3,0.1,0.2,0.1
186.5,0.3,0.1,0.2,0.1
259.1,0.3,0.1,0.1,0.2
198.7,0.4,0.1,0.2,0.1
183.8,0.2,0.1,0.1,0.2
178.3,0.3,0.1,0.1,0.2
275.3,0.5,0.3,0.2,0.3
191,0.3,0.2,0.2,0.1
179.2,0.3,0.1,0.1,0.1
186.2,0.3,0.1,0.1,0.1
195.5,0.5,0.3,0.3,0.3
204.5,0.3,0.1,0.1,0.2
205.1,0.2,0.2,0.2,0.1
214,0.4,0.1,0.1,0.2
206.3,0.2,0.1,0.1,0.1
208.2,0.3,0.2,0.1,0.1
220.5,0.5,0.1,0.1,0.2
203.7,0.3,0.1,0.2,0.1
197.7,0.3,0.1,0.1,0.2
193.9,0.3,0.1,0.1,0.2
188,0.3,0.1,0.1,0.1
185.6,0.3,0.1,0.2,0.1
179.5,0.3,0.1,0.1,0.2
218.6,0.3,0.2,0.1,0.1
195.9,0.5,0.3,0.4,0.2
202.4,0.4,0.1,0.2,0.1
199.5,0.3,0.2,0.2,0.1
196.3,0.2,0.1,0.2,0.1
213.4,0.3,0.1,0.1,0.1
201.1,0.3,0.2,0.2,0.1
223.9,0.3,0.1,0.1,0.2
206.8,0.3,0.1,0.1,0.1
203.5,0.3,0.1,0.1,0.1
197.9,0.3,0.1,0.1,0.2
224.4,0.3,0.1,0.2,0.1
217.7,0.3,0.2,0.2,0.1
202.5,0.5,0.3,0.3,0.6
198.9,0.7,0.3,0.3,0.3
178.8,0.3,0.1,0.1,0.2
206.9,0.2,0.2,0.1,0.1
215.5,0.3,0.1,0.1,0.1
207.4,0.4,0.2,0.3,0.2
200.9,0.3,0.1,0.1,0.1
228.9,0.4,0.2,0.1,0.1
199.3,0.3,0.1,0.1,0.1
185.2,0.3,0.1,0.1,0.1
182.2,0.2,0.1,0.1,0.1
213.1,0.4,0.2,0.1,0.1
225,0.3,0.1,0.1,0.1
183.2,0.3,0.1,0.1,0.2
182,0.3,0.1,0.1,0.1
198.1,0.3,0.2,0.2,0.1
199.1,0.3,0.2,0.2,0.1
195.7,0.3,0.1,0.1,0.1
180.7,0.2,0.2,0.1,0.1
218.9,0.3,0.1,0.2,0.1
198.3,0.2,0.1,0.1,0.2
180.2,0.3,0.1,0.1,0.2
174.7,0.3,0.1,0.1,0.2
193.9,0.3,0.1,0.1,0.2
174.9,0.2,0.1,0.1,0.1
181.7,0.2,0.1,0.2,0.1
186,0.3,0.2,0.1,0.1
188.5,0.2,0.1,0.1,0.2
192.6,0.3,0.1,0.2,0.1
181.4,0.3,0.1,0.1,0.1
180.2,0.3,0.1,0.2,0.1
207.1,0.3,0.1,0.2,0.1
192.3,0.3,0.1,0.1,0.1
195.8,0.3,0.1,0.1,0.1
183.5,0.2,0.2,0.2,0.1
207.1,0.2,0.2,0.1,0.1
201.2,0.2,0.1,0.2,0.1
182.5,0.3,0.1,0.1,0.1
186.1,0.2,0.2,0.2,0.1
208.8,0.3,0.1,0.1,0.2
182.1,0.3,0.2,0.1,0.1
188.3,0.3,0.1,0.1,0.2
237,0.3,0.2,0.1,0.1
221.9,0.3,0.1,0.2,0.1
186.2,0.3,0.1,0.1,0.1
201,0.2,0.2,0.2,0.1
182.5,0.4,0.1,0.1,0.2
190.6,0.3,0.2,0.2,0.1
206.8,0.3,0.2,0.1,0.1
187.4,0.3,0.1,0.2,0.1
194.9,0.3,0.1,0.1,0.1
187.5,0.3,0.1,0.2,0.1
195.5,0.3,0.2,0.2,0.1
184.7,0.2,0.1,0.2,0.1
186.3,0.2,0.2,0.1,0.1
198.2,0.3,0.2,0.2,0.1
182.1,0.2,0.2,0.1,0.1
191.9,0.3,0.1,0.2,0.1
186.9,0.3,0.1,0.1,0.2
214.4,0.7,0.1,0.2,0.1
201.1,0.3,0.1,0.1,0.1
186.6,0.3,0.1,0.2,0.1
188.2,0.3,0.1,0.1,0.1
205.1,0.3,0.1,0.1,0.2
183.8,0.3,0.1,0.2,0.1
181.3,0.2,0.2,0.1,0.1
201.7,0.2,0.1,0.1,0.2
183.1,0.3,0.1,0.2,0.1
201.7,0.2,0.2,0.1,0.1
194.7,0.3,0.1,0.1,0.2
189.3,0.3,0.1,0.1,0.1
209.3,0.2,0.1,0.2,0.1
185.8,0.3,0.2,0.1,0.1
182.3,0.2,0.2,0.1,0.1
206.1,0.3,0.1,0.2,0.2
189.9,0.2,0.2,0.1,0.1
180.4,0.3,0.1,0.1,0.1
173.2,0.3,0.2,0.1,0.1
177.5,0.3,0.1,0.1,0.1
209.5,0.3,0.1,0.1,0.2
189.1,0.3,0.2,0.1,0.1
168.8,0.3,0.2,0.1,0.1
182,0.3,0.2,0.1,0.1
173.2,0.3,0.2,0.1,0.1
180,0.3,0.1,0.1,0.1
180.8,0.2,0.1,0.1,10.1
177.6,0.3,0.1,0.1,0.1
182,0.3,0.2,0.1,0.1
182.6,0.3,0.1,0.2,0.1
176,0.2,0.1,0.2,0.2
177,0.3,0.2,0.1,0.1
184.8,0.3,0.1,0.1,0.2
196.3,0.3,0.1,0.1,0.1
204.1,0.3,0.2,0.2,0.1
187,0.3,0.1,0.1,0.1
185.9,0.3,0.1,0.1,0.2
212.4,0.3,0.1,0.1,0.2
186,0.2,0.1,0.2,0.1
186.4,0.3,0.2,0.2,0.1
182,0.2,0.1,0.1,0.1
211.6,0.2,0.1,0.1,0.1
253.7,0.3,0.1,0.2,0.1
203,0.3,0.1,0.1,0.1
181.8,0.2,0.2,0.1,0.1
184.1,0.3,0.1,0.1,0.1
207.8,0.4,0.1,0.1,0.1
188.7,0.2,0.2,0.2,0.1
187.9,0.2,0.1,0.2,0.1
193.6,0.3,0.2,0.2,0.1
183.3,0.3,0.2,0.2,0.1
184,0.3,0.1,0.1,0.1
183.8,0.2,0.2,0.1,0.1
529.4,0.3,0.1,0.2,0.1
178.4,0.3,0.1,0.1,0.1
181.3,0.3,0.1,0.1,0.1
174.1,0.3,0.1,0.1,0.2
172.2,0.2,0.2,0.2,0.2
174.9,0.3,0.1,0.1,0.2
223,0.3,0.2,0.1,0.1
184.7,0.3,0.1,0.1,0.1
181.8,0.3,0.1,0.2,0.1
217,0.3,0.1,0.1,0.1
195.5,0.2,0.1,0.2,0.1
188.7,0.3,0.1,0.1,0.1
169.9,0.3,0.1,0.1,0.2
203.8,0.4,0.1,0.1,0.1
193.5,0.3,0.2,0.1,0.1
185.5,0.2,0.2,0.1,0.1
207.6,0.2,0.1,0.2,0.1
189.6,0.2,0.2,0.1,0.1
201.3,0.3,0.1,0.1,0.1
187.7,0.2,0.1,0.1,0.2
182.8,0.3,0.2,0.2,0.1
184.4,0.2,0.2,0.1,0.1
192.4,0.3,0.1,0.1,0.2
186.2,0.3,0.1,0.1,0.1
205.4,0.2,0.1,0.1,0.2
214.8,0.3,0.2,0.2,0.1
187.9,0.3,0.1,0.2,0.1
185.1,0.3,0.1,0.1,0.2
181.7,0.2,0.1,0.1,0.1
185.9,0.3,0.1,0.1,0.2
184,0.2,0.1,0.2,0.1
201.4,0.3,0.2,0.1,0.1
194.1,0.2,0.1,0.1,0.1
202.9,0.3,0.2,0.1,0.1
197.7,0.2,0.1,0.2,0.1
184.5,0.3,0.1,0.1,0.1
185.7,0.2,0.1,0.2,0.1
198.1,0.3,0.1,0.2,0.1
199.1,0.3,0.1,0.1,0.2
186.8,0.3,0.2,0.1,0.1
182.5,0.3,0.1,0.2,0.1
206.5,0.3,0.1,0.1,0.2
249.3,0.5,0.2,0.3,0.2
214.1,0.2,0.2,0.2,0.1
254.1,0.3,0.1,0.1,0.1
325.4,0.4,0.1,0.2,0.2
212.7,0.2,0.2,0.2,0.1
342.4,0.9,0.2,0.4,0.2
201,0.4,0.2,0.3,0.2
178.1,0.3,0.1,0.2,0.1
202.2,0.3,0.3,0.2,0.1
202.6,0.3,0.1,0.1,0.1
219.1,0.3,0.1,0.1,0.1
202.3,0.4,0.2,0.2,0.1
191,0.3,0.2,0.2,0.1
191.6,0.2,0.1,0.1,0.1
221.9,0.3,0.2,0.1,0.1
179.4,0.3,0.1,0.2,0.1
199.1,0.3,0.2,0.2,0.1
197.4,0.3,0.2,0.2,0.1
189.1,0.2,0.2,0.1,0.2
193.7,0.2,0.2,0.2,0.1
194.9,0.3,0.2,0.2,0.1
201,0.4,0.1,0.1,0.1
207.7,0.4,0.1,0.2,0.1
202.2,0.4,0.2,0.2,0.1
189.2,0.3,0.1,0.2,0.1
225,0.3,0.2,0.1,0.1
253.8,0.3,0.1,0.1,0.1
213.6,0.2,0.1,0.1,0.2
192.5,0.3,0.2,0.2,0.1
196.1,0.4,0.2,0.2,0.2
200,0.3,0.1,0.1,0.2
206.7,0.3,0.1,0.1,0.2
194.4,0.3,0.1,0.1,0.2
183.4,0.2,0.1,0.1,0.1
194.1,0.3,0.1,0.1,0.1
185.6,0.3,0.1,0.1,0.2
223.1,0.2,0.1,0.2,0.1
209.8,0.3,0.1,0.1,0.1
195.2,0.2,0.2,0.2,0.1
188.2,0.3,0.1,0.1,0.1
209.9,0.3,0.1,0.1,0.1
227.8,0.3,0.2,0.2,0.2
191.9,0.2,0.1,0.1,0.1
191,0.4,0.1,0.1,0.1
207.8,0.6,0.2,0.2,0.1
206.4,0.3,0.2,0.2,0.1
193.7,0.3,0.2,0.1,0.1
192.8,0.4,0.3,0.2,0.3
195.5,0.3,0.2,0.2,0.1
198.6,0.3,0.1,0.1,0.1
258.4,0.2,0.1,0.2,0.1
186.6,0.3,0.1,0.2,0.1
180.4,0.2,0.1,0.1,0.1
266.8,0.4,0.2,0.3,0.2
228.2,0.3,0.1,0.2,0.1
244.5,0.3,0.1,0.1,0.2
206.5,0.3,0.1,0.1,0.1
213.4,0.3,0.1,0.2,0.1
197,0.3,0.1,0.2,0.1
193.4,0.3,0.1,0.2,0.1
184.8,0.3,0.1,0.1,0.1
186.7,0.3,0.2,0.1,0.1
218.8,0.3,0.2,0.2,0.1
232.7,1.3,1.1,1.1,1
196.2,0.3,0.2,0.1,0.1
221.4,0.3,0.1,0.1,0.2
190.2,0.2,0.2,0.2,0.1
183.9,0.3,0.1,0.1,0.1
189.1,0.3,0.2,0.2,0.1
189.3,0.2,0.2,0.1,0.1
206,0.3,0.2,0.1,0.1
230.6,0.3,0.2,0.2,0.1
199.1,0.3,0.1,0.2,0.1
189.9,0.3,0.1,0.2,0.1
194.5,0.3,0.1,0.2,0.1
194.8,0.3,0.1,0.1,0.2
187.5,0.2,0.1,0.1,0.1
186.7,0.3,0.1,0.2,0.2
181.7,0.3,0.1,0.1,0.2
192.4,0.4,0.3,0.2,0.3
408.4,0.3,0.2,0.2,0.2
180,0.3,0.1,0.2,0.1
178.3,0.2,0.2,0.1,0.1
186.4,0.3,0.1,0.1,0.2
178.2,0.3,0.1,0.2,0.1
176.8,0.3,0.1,0.1,0.1
193.3,0.2,0.2,0.1,0.1
178.2,0.2,0.2,0.2,0.1
177.2,0.2,0.1,0.2,0.1
176.8,0.3,0.1,0.2,0.1
192.3,0.3,0.2,0.2,0.2
183.6,0.2,0.1,0.2,0.1
185.4,0.3,0.1,0.1,0.1
185.6,0.3,0.2,0.1,0.1
196.3,0.4,0.1,0.1,0.1
185.7,0.3,0.1,0.1,0.2
180.7,0.3,0.2,0.2,0.1
181.9,0.3,0.1,0.1,0.1
189.9,0.2,0.2,0.1,0.1
202.3,0.2,0.2,0.2,0.1
180.8,0.3,0.1,0.1,0.2
585.6,0.4,0.3,0.3,0.2
208.4,0.4,0.2,0.2,0.1
182.3,0.3,0.1,0.2,0.1
199.7,0.3,0.1,0.2,0.1
201.8,0.2,0.1,0.2,0.1
235.2,0.2,0.2,0.2,0.1
239.9,0.2,0.1,0.2,0.1
198.3,0.3,0.1,0.1,0.2
208.7,0.3,0.2,0.1,0.1
195.5,0.3,0.1,0.1,0.2
185.3,0.3,0.2,0.1,0.1
198.8,0.2,0.2,0.1,0.1
197.8,0.3,0.1,0.1,0.1
206,0.3,0.2,0.1,0.1
202.2,0.3,0.1,0.1,0.1
195.1,0.3,0.1,0.1,0.1
224.3,0.3,0.2,0.2,0.1
198,0.3,0.2,0.1,0.2
187.9,0.3,0.1,0.2,0.1
238.6,0.3,0.1,0.1,0.2
381.9,0.4,0.2,0.2,0.1
195.9,0.3,0.2,0.1,0.1
215.8,0.3,0.2,0.1,0.1
199,1.1,0.2,0.4,0.2
204.4,0.2,0.2,0.1,0.1
187.2,0.3,0.1,0.2,0.1
192.9,0.3,0.1,0.2,0.1
185.7,0.3,0.1,0.1,0.1
186.2,0.3,0.1,0.1,0.2
184.6,0.3,0.1,0.1,0.2
207.4,0.4,0.2,0.2,0.3
205.3,0.3,0.1,0.1,0.1
197.5,0.3,0.2,0.1,0.1
186.5,0.3,0.1,0.1,0.1
274.7,0.2,0.2,0.1,0.1
183.3,0.3,0.1,0.1,0.2
190.6,0.2,0.2,0.1,0.1
193.4,0.2,0.1,0.1,0.1
205.6,0.2,0.2,0.1,0.1
188.2,0.3,0.1,0.1,0.1
200.6,0.2,0.2,0.1,0.1
195.7,0.2,0.2,0.2,0.1
202.7,0.2,0.2,0.1,0.1
200.4,0.2,0.2,0.2,0.1
195.1,0.3,0.2,0.2,0.1
221,0.2,0.1,0.1,0.2
203,0.3,0.1,0.1,0.2
196.4,0.3,0.1,0.1,0.1
196.8,0.2,0.2,0.2,0.1
188.6,0.3,0.1,0.1,0.2
192.6,0.3,0.1,0.1,0.1
183.6,0.3,0.1,0.1,0.2
182.3,0.3,0.1,0.2,0.1
180.3,0.3,0.2,0.1,0.1
199.1,0.2,0.2,0.1,0.1
187.5,0.3,0.1,0.1,0.2
205.7,0.2,0.2,0.2,0.1
208.7,0.3,0.1,0.1,0.2
210.1,0.3,0.1,0.1,0.1
206.4,0.3,0.1,0.1,0.2
186.1,0.3,0.1,0.2,0.1
205.9,0.3,0.1,0.1,0.1
189.3,0.3,0.2,0.1,0.1
183,0.2,0.2,0.1,0.1
189.8,0.2,0.1,0.1,0.1
186.7,0.2,0.2,0.1,0.1
181.8,0.2,0.2,0.1,0.1
181.3,0.2,0.1,0.1,0.1
184,0.2,0.1,0.1,0.2
202.3,0.3,0.2,0.1,0.1
206.2,0.2,0.2,0.2,0.1
201.7,0.3,0.2,0.2,0.1
182.7,0.3,0.1,0.1,0.2
186.1,0.3,0.1,0.2,0.1
189.5,0.3,0.1,0.2,0.1
195.8,0.3,0.1,0.1,0.1
199.9,0.3,0.1,0.2,0.1
203.9,0.3,0.1,0.2,0.1
183.9,0.2,0.1,0.2,0.1
181.2,0.3,0.1,0.2,0.1
200.2,0.3,0.1,0.1,0.2
186.6,0.3,0.1,0.2,0.1
182.6,0.3,0.1,0.2,0.1
181.1,0.2,0.2,0.1,0.1
198.9,0.3,0.1,0.2,0.1
212.6,0.3,0.1,0.1,0.1
213.9,0.2,0.1,0.1,0.2
181.5,0.3,0.1,0.1,0.1
201.7,0.3,0.1,0.1,0.1
224.7,0.2,0.1,0.1,0.1
181.7,0.2,0.1,0.2,0.1
235.4,0.2,0.1,0.2,0.1
190.9,0.3,0.1,0.1,0.2
188,0.3,0.1,0.1,0.1
181.9,0.3,0.1,0.2,0.1
207.5,0.3,0.1,0.1,0.2
182,0.3,0.1,0.1,0.1
189,0.4,0.2,0.2,0.2
184.2,0.3,0.1,0.1,0.1
186,0.3,0.2,0.1,0.1
185.9,0.3,0.1,0.1,0.1
366.3,0.2,0.1,0.1,0.2
204.9,0.3,0.1,0.1,0.1
193.6,0.3,0.1,0.1,0.1
192.1,0.2,0.2,0.1,0.1
526.6,0.3,0.2,0.3,0.1
183.5,0.3,0.1,0.1,0.1
206.5,0.3,0.1,0.1,0.1
182.1,0.2,0.1,0.2,0.1
201.5,0.2,0.1,0.2,0.1
206.8,0.3,0.1,0.2,0.1
177.4,0.2,0.1,0.2,0.1
205.6,0.3,0.2,0.1,0.1
197,0.3,0.2,0.2,0.1
178.5,0.2,0.2,0.1,0.1
177.7,0.3,0.1,0.1,0.2
179.8,0.3,0.1,0.2,0.1
176.7,0.2,0.1,0.2,0.1
175.3,0.2,0.1,0.1,0.2
202.8,0.2,0.1,0.1,0.2
189.8,0.3,0.2,0.1,0.1
186.3,0.3,0.1,0.1,0.1
190.1,0.3,0.1,0.2,0.1
189.2,0.3,0.1,0.1,0.1
186.7,0.3,0.1,0.2,0.1
185.4,0.3,0.1,0.1,0.1
192.9,0.2,0.1,0.1,0.2
182.6,0.3,0.1,0.2,0.1
197.1,0.3,0.1,0.1,0.1
175.7,0.2,0.2,0.2,0.1
209.9,0.3,0.1,0.1,0.2
183.1,0.3,0.2,0.1,0.1
214.9,0.3,0.1,0.1,0.1
192,0.3,0.1,0.2,0.1
184.9,0.4,0.2,0.2,0.2
186.8,0.3,0.1,0.1,0.2
180.5,0.3,0.1,0.1,0.2
180.7,0.3,0.1,0.2,0.1
228.2,0.2,0.1,0.2,0.1
187.1,0.3,0.1,0.2,0.1
182.4,0.3,0.1,0.2,0.1
184.9,0.3,0.2,0.1,0.1
182.4,0.3,0.1,0.1,0.2
190.9,0.3,0.1,0.2,0.1
185.6,0.3,0.2,0.1,0.1
193.3,0.3,0.1,0.1,0.1
200.6,0.3,0.1,0.1,0.2
196.7,0.3,9.5,0.1,0.1
199.1,0.3,0.1,0.2,0.1
198,0.3,0.1,0.1,0.1
205.4,0.4,0.2,0.2,0.3
217.8,0.3,0.1,0.1,0.2
200.3,0.2,0.2,0.2,0.1
182.3,0.2,0.2,0.1,0.1
188.2,0.2,0.2,0.2,0.1
239.3,0.3,0.1,0.2,0.2
185.7,0.3,0.1,0.2,0.1
187,0.3,0.2,0.1,0.1
196.2,0.4,0.2,0.2,0.1
211.9,0.4,0.2,0.1,0.2
197.6,0.3,0.1,0.1,0.1
207.6,0.3,0.2,0.1,0.2
190.2,0.4,0.2,0.2,0.1
240.6,0.3,0.2,0.2,0.1
190.9,0.6,0.2,0.2,0.2
186.2,0.4,0.1,0.1,0.1
196.1,0.2,0.1,0.1,0.2
215.6,0.6,0.3,0.3,0.2
214.1,0.2,0.1,0.2,0.1
226.2,0.5,0.2,0.6,0.9
271,1.1,0.2,0.2,0.3
186.3,0.2,0.1,0.1,0.2
203.8,0.4,0.1,0.1,0.1
201.8,0.3,0.2,0.2,0.1
202.7,0.2,0.1,0.1,0.1
240.8,0.3,0.1,0.1,0.1
213.7,0.3,0.2,0.2,0.1
199.5,0.3,0.2,0.2,0.2
198.7,0.2,0.2,0.2,0.1
195.9,0.3,0.1,0.1,0.1
191.4,0.4,0.2,0.2,0.2
196.4,0.3,0.1,0.1,0.1
231.7,0.3,0.1,0.2,0.1
199.5,0.2,0.1,0.2,0.1
213.8,0.3,0.1,0.1,0.1
248.2,0.4,0.1,0.1,0.2
211.4,0.3,0.1,0.1,0.1
194.9,0.3,0.1,0.1,0.2
188.3,0.3,0.1,0.2,0.2
213.5,0.2,0.1,0.1,0.1
225.4,0.3,0.1,0.2,0.1
192.8,0.6,0.3,0.3,0.3
250.9,0.3,0.1,0.1,0.1
216,0.8,0.3,0.3,0.4
221.5,0.2,0.1,0.2,0.1
183.8,0.3,0.1,0.1,0.1
320,0.4,0.1,0.1,0.2
192.8,0.6,0.1,0.1,0.1
208.4,0.3,0.2,0.1,0.1
517.5,0.7,0.2,0.3,0.2
187.4,0.3,0.1,0.2,0.1
197.2,0.3,0.1,0.2,0.1
178.1,0.3,0.2,0.2,0.2
265,0.4,0.4,0.2,0.2
229.9,0.3,0.2,0.4,0.1
257.4,0.4,0.2,0.3,0.2
244.8,0.4,0.2,0.2,0.2
217,0.5,0.2,0.2,0.2
197.4,0.3,0.1,0.1,0.1
242.8,0.3,0.1,0.2,0.1
198.9,0.3,0.1,0.1,0.2
200.1,0.3,0.1,0.2,0.1
203.3,0.2,0.1,0.1,0.1
189.6,0.2,0.1,0.1,0.2
218.4,0.3,0.2,0.2,0.1
198.9,0.3,0.1,0.1,0.1
227.5,0.3,0.1,0.2,0.2
199.1,0.2,0.1,0.2,0.1
216.9,0.3,0.1,0.2,0.1
205,0.3,0.2,0.2,0.1
212.8,0.2,0.1,0.1,0.1
228.2,0.7,0.3,0.3,0.3
212.8,0.3,0.1,0.1,0.1
202.8,0.2,0.1,0.1,0.2
204.8,0.4,0.2,0.2,0.2
193.2,0.2,0.2,0.1,0.1
202,0.3,0.1,0.1,0.1
195.9,0.2,0.1,0.1,0.1
223.2,0.3,0.1,0.1,0.1
218.9,0.5,0.3,0.2,0.2
219.7,0.3,0.1,0.1,0.2
195.8,0.2,0.2,0.2,0.1
194.3,0.2,0.1,0.2,0.1
192.7,0.3,0.2,0.1,0.1
189.4,0.4,0.2,0.3,0.2
186.5,0.4,0.1,0.2,0.1
193.4,0.4,0.2,0.2,0.1
197.3,0.4,0.2,0.2,0.2
221.4,0.5,0.2,0.3,0.2
198.8,0.4,0.1,0.1,0.1
185.2,0.3,0.1,0.1,0.1
192.7,0.3,0.2,0.2,0.1
201.7,0.3,0.1,0.1,0.1
244.2,0.3,0.2,0.2,0.1
191.2,0.2,0.1,0.2,0.1
209.4,0.3,0.1,0.2,0.1
201.1,0.3,0.1,0.1,0.2
222.7,0.3,0.2,0.2,0.1
195.1,0.3,0.1,0.1,0.2
212.6,0.3,0.1,0.2,0.1
207.7,0.3,0.1,0.1,0.1
252.6,0.3,0.2,0.2,0.1
198,0.3,0.1,0.1,0.1
191.7,0.3,0.2,0.2,0.1
221,0.2,0.1,0.1,0.2
218.9,1.3,1.1,1.1,1.1
207.6,0.3,0.1,0.1,0.1
196.9,0.2,0.2,0.1,0.1
188,0.2,0.1,0.1,0.1
185.7,0.3,0.2,0.1,0.1
234.4,0.3,0.1,0.2,0.1
223.9,1.2,0.3,0.4,0.3
198.5,0.4,0.1,0.1,0.1
222.5,0.4,0.1,0.1,0.2
193.2,0.3,0.2,0.1,0.1
214,0.3,0.2,0.1,0.2
196.8,0.4,0.1,0.1,0.1
234.9,0.3,0.2,0.2,0.1
224.8,0.3,0.1,0.1,0.1
217.5,0.2,0.1,0.1,0.1
187.2,0.2,0.1,0.1,0.2
185.9,0.4,0.1,0.1,0.1
214.2,0.2,0.2,0.2,0.1
194.8,0.4,0.2,0.1,0.1
182.4,0.2,0.1,0.1,0.1
210.5,0.4,0.2,0.2,0.2
202.9,0.3,0.1,0.1,0.1
192.8,0.2,0.1,0.1,0.1
194.8,0.3,0.1,0.2,0.1
182.4,0.3,0.1,0.2,0.1
204.3,0.4,0.2,0.3,0.2
184.6,0.3,0.1,0.2,0.1
177.6,0.2,0.1,0.2,0.1
171.1,0.2,0.2,0.1,0.1
209.7,0.5,0.3,0.2,0.3
211.3,0.2,0.1,0.1,0.1
187.3,0.2,0.2,0.2,0.1
181.5,0.3,0.1,0.1,0.1
202.9,0.3,0.1,0.1,0.2
199.3,0.3,0.1,0.1,0.2
182.4,0.2,0.1,0.2,0.1
180.9,0.3,0.1,0.1,0.1
188.1,0.4,0.2,0.2,0.3
191,0.3,0.2,0.2,0.1
181.5,0.2,0.1,0.1,0.2
199.5,0.4,0.1,0.2,0.1
221.9,0.3,0.1,0.1,0.1
207.1,0.3,0.2,0.1,0.1
186.2,0.3,0.1,0.1,0.1
182.5,0.3,0.1,0.2,0.1
206.6,0.3,0.1,0.1,0.2
191.5,0.3,0.2,0.1,0.1
193.4,0.2,0.2,0.2,0.1
182.9,0.3,0.1,0.1,0.2
194.7,0.2,0.1,0.1,0.2
191.7,0.3,0.1,0.1,0.1
196.1,0.2,0.2,0.1,0.1
188.8,0.3,0.2,0.2,0.1
209.3,0.2,0.2,0.1,0.1
190.2,0.3,0.1,0.1,0.1
191.6,0.2,0.1,0.1,0.2
187.8,0.3,0.1,0.1,0.1
212.7,0.3,0.1,0.1,0.2
188.7,0.2,0.1,0.2,0.1
182,0.2,0.1,0.1,0.2
184,0.3,0.2,0.2,0.1
207.9,0.3,0.2,0.2,0.1
182.7,0.2,0.1,0.1,0.2
186,0.3,0.1,0.1,0.1
211.7,0.4,0.1,0.1,0.2
245.4,0.3,0.2,0.1,0.1
173.4,0.3,0.1,0.2,0.1
205.8,0.3,0.1,0.1,0.2
202.1,0.3,0.2,0.2,0.1
202.6,0.2,0.2,0.2,0.1
187.4,0.2,0.2,0.1,0.2
186.5,0.3,0.1,0.2,0.1
182.4,0.2,0.1,0.2,0.1
195,0.3,0.2,0.1,0.1
186.4,0.2,0.2,0.1,0.1
188.1,0.3,0.1,0.1,0.2
203.9,0.3,0.1,0.1,0.2
212.5,0.2,0.1,0.1,0.2
182.9,0.3,0.1,0.1,0.2
199.7,0.2,0.1,0.2,0.1
208.7,0.3,0.1,0.2,0.1
183.1,0.3,0.2,0.1,0.1
185.3,0.2,0.2,0.1,0.1
202.6,0.2,0.1,0.2,0.1
205.4,0.2,0.1,0.1,0.2
215.4,0.3,0.1,0.1,0.2
190.2,0.2,0.1,0.2,0.1
194,0.3,0.1,0.1,0.1
233.6,0.5,0.1,0.1,0.2
182.2,0.3,0.2,0.1,0.1
181.2,0.3,0.1,0.2,0.1
196.3,0.3,0.1,0.1,0.2
212.7,0.3,0.1,0.2,0.1
192.4,0.2,0.1,0.2,0.2
199.4,0.3,0.1,0.2,0.1
192.7,0.3,0.1,0.1,0.1
192.7,0.2,0.1,0.2,0.1
191.8,0.4,0.1,0.2,0.1
183.9,0.2,0.1,0.2,0.1
232.8,0.3,0.1,0.1,0.2
184.1,0.2,0.2,0.2,0.1
214.4,0.4,0.1,0.1,0.1
196.5,0.3,0.2,0.2,0.1
182.5,0.3,0.1,0.1,0.1
213.9,0.3,0.2,0.3,0.2
211.7,0.2,0.1,0.1,0.1
182.3,0.3,0.1,0.2,0.1
185.3,0.3,0.1,0.1,0.1
186.9,0.3,0.1,0.2,0.1
188.4,0.3,0.1,0.1,0.1
181.1,0.2,0.2,0.2,0.1
187.3,0.3,0.1,0.1,0.1
181.5,0.3,0.1,0.1,0.1
241.4,0.2,0.2,0.1,0.1
206.7,0.3,0.2,0.2,0.1
195.8,0.2,0.1,0.2,0.1
210,0.3,0.1,0.1,0.2
198.4,0.3,0.2,0.1,0.1
186.2,0.2,0.1,0.1,0.1
189.4,0.3,0.1,0.1,0.1
201.7,0.4,0.1,0.2,0.1
181.3,0.3,0.2,0.1,0.1
183.6,0.2,0.1,0.1,0.1
173.3,0.3,0.1,0.1,0.1
1483.4,0.6,0.3,0.4,0.3
191.6,0.2,0.1,0.1,0.2
220.8,0.6,0.2,0.3,0.2
388.3,0.3,0.2,0.2,0.1
197.8,0.3,0.2,0.1,0.1
244.9,0.2,0.2,0.1,0.1
178.4,0.3,0.1,0.2,0.1
188.3,0.3,0.1,0.1,0.1
202.2,0.3,0.2,0.1,0.1
185.3,0.2,0.1,0.2,0.1
180.5,0.2,0.1,0.2,0.1
222.9,0.2,0.1,0.2,0.1
198,0.3,0.1,0.1,0.1
182.7,0.2,0.2,0.1,0.1
183.6,0.3,0.1,0.1,0.1
183.9,0.3,0.1,0.1,0.2
199.7,0.3,0.1,0.2,0.1
181.5,0.3,0.2,0.1,0.1
193.8,0.3,0.1,0.1,0.2
177.3,0.3,0.2,0.1,0.1
264.2,0.3,0.2,0.1,0.1
205.4,0.2,0.1,0.2,0.1
193.6,0.3,0.2,0.1,0.1
204.8,0.3,0.2,0.1,0.2
202.3,0.3,0.2,0.1,0.1
186,0.2,0.1,0.2,0.1
200.8,0.3,0.1,0.1,0.1
208.1,0.3,0.2,0.1,0.1
195.9,0.2,0.2,0.2,0.1
205.1,0.2,0.2,0.1,0.1
190.3,0.3,0.2,0.1,0.1
181.5,0.3,0.1,0.2,0.1
1902.4,0.3,0.1,0.1,0.1
1976.7,0.2,0.2,0.1,0.1
1940.9,0.2,0.1,0.1,0.2
1857.2,0.3,0.2,0.2,0.1
1884.1,0.3,0.1,0.2,0.1
4163.5,1.3,1,1.1,0.2
1901.7,0.5,0.1,0.1,0.1
266.2,0.5,0.3,0.3,0.3
195.9,0.3,0.1,0.2,0.1
228.2,0.4,0.2,0.1,0.1
205.6,0.3,0.1,0.2,0.1
205.2,0.3,0.1,0.1,0.2
197,0.3,0.2,0.1,0.2
226.9,0.3,0.2,0.2,0.1
297.6,0.3,0.2,0.1,0.1
212.8,0.3,0.1,0.1,0.1
252.3,1.3,1.1,1,0.3
242,0.5,0.2,0.2,0.2
217.2,0.2,0.1,0.2,0.1
207.6,0.3,0.1,0.2,0.1
207.1,0.2,0.1,0.1,0.1
198,0.3,0.1,0.2,0.1
213.1,0.3,0.1,0.2,0.1
194.4,0.3,0.1,0.2,0.1
208.8,0.4,0.1,0.2,0.4
218.9,0.3,0.1,0.2,0.1
202.1,0.3,0.1,0.1,0.2
205.1,0.4,0.1,0.1,0.2
197.8,0.4,0.1,0.1,0.1
189.9,0.3,0.1,0.2,0.1
184.1,0.3,0.1,0.1,0.1
193.3,0.3,0.1,0.1,0.2
215.9,0.3,0.1,0.1,0.1
193.4,0.3,0.2,0.1,0.1
192.8,0.3,0.2,0.2,0.1
208.8,0.3,0.2,0.1,0.1
194.7,10.1,0.1,0.2,0.1
198.5,0.3,0.1,0.2,0.1
189.7,0.3,0.1,0.2,0.1
231.2,0.3,0.1,0.1,0.1
214,0.3,0.1,0.2,0.1
184.2,0.3,0.1,0.2,0.1
206.5,0.3,0.1,0.1,0.1
211.8,0.3,0.1,0.1,0.1
183.2,0.3,0.1,0.2,0.1
203,0.3,0.2,0.2,0.1
227.8,0.3,0.3,0.2,0.1
247.1,0.2,0.1,0.1,0.1
243.5,0.3,0.2,0.2,0.1
262.5,0.2,0.2,0.2,0.1
189.6,0.3,0.1,0.1,0.1
216,0.2,0.1,0.1,0.1
214.1,0.3,0.2,0.1,0.1
214.9,0.3,0.1,0.2,0.1
199.1,0.3,0.2,0.2,0.1
193.5,0.3,0.1,0.1,0.1
207.8,0.2,0.1,0.1,0.2
201.3,0.4,0.3,0.2,0.3
212,0.6,0.3,0.4,0.3
205.1,0.3,0.1,0.2,0.1
194.5,0.3,0.2,0.2,0.1
186.2,0.3,0.1,0.1,0.2
190.3,0.3,0.2,0.2,0.2
195.9,1.5,1.1,1,0.9
239.2,0.3,0.2,0.2,0.2
190.5,0.3,0.1,0.1,0.1
208.1,0.3,0.1,0.1,0.2
204.2,0.4,0.2,0.4,0.2
192.8,0.3,0.2,0.2,0.1
185.2,0.2,0.1,0.2,0.1
212,0.4,0.2,0.1,0.1
211,0.2,0.1,0.1,0.2
215.3,0.4,0.1,0.2,0.1
206.9,0.2,0.1,0.1,0.2
737.5,0.4,0.2,0.2,0.1
219.5,0.5,0.3,0.2,0.3
219.6,0.4,0.5,0.3,0.2
207.9,0.7,0.3,0.3,0.2
194.5,0.2,0.1,0.1,0.1
194.2,0.3,0.2,0.1,0.1
204.5,0.5,0.2,0.2,0.2
245.1,0.2,0.1,0.1,0.1
208.9,0.3,0.1,0.2,0.1
202.8,0.4,0.1,0.1,0.1
230,0.3,0.2,0.2,0.2
203.8,0.2,0.2,0.2,0.1
214.8,0.3,0.1,0.2,0.1
195.5,0.3,0.2,0.1,0.1
216.5,0.3,0.2,0.2,0.1
187.3,0.2,0.1,0.1,0.1
187.4,0.3,0.2,0.1,0.2
194.6,0.3,0.1,0.2,0.1
228.7,0.6,0.3,0.4,0.2
186.2,0.3,0.2,0.2,0.1
193.3,0.3,0.1,0.1,0.1
214,0.2,0.2,0.1,0.1
193.4,0.2,0.1,0.1,0.2
199.2,0.3,0.1,0.2,0.1
207.2,0.3,0.1,0.1,0.2
193.4,0.3,0.1,0.2,0.1
188.1,0.3,0.2,0.2,0.1
187.7,0.3,0.1,0.2,0.1
219.6,0.5,0.3,0.3,0.3
196.8,0.4,0.1,0.2,0.1
190.9,0.3,0.2,0.2,0.1
209.4,0.3,0.1,0.1,0.1
198.6,0.2,0.2,0.1,0.1
189.8,0.3,0.1,0.1,0.2
192.7,0.2,0.2,0.1,0.1
215.4,0.4,0.2,0.2,0.2
212.9,0.3,0.2,0.1,0.1
190.4,0.3,0.1,0.2,0.1
184.5,0.3,0.1,0.1,0.1
219,0.3,0.2,0.1,0.1
257.8,1,0.2,0.4,1.1
238.6,0.3,0.1,0.2,0.1
218,0.3,0.1,0.1,0.1
219.4,0.3,0.1,0.1,0.1
214.6,0.2,0.1,0.1,0.2
230.1,0.3,0.1,0.2,0.1
193.4,0.3,0.2,0.1,0.1
233.4,0.3,0.2,0.2,0.1
224.2,0.3,0.2,0.1,0.1
214.6,0.3,0.1,0.1,0.1
270.2,0.5,0.3,0.3,0.2
243.2,0.4,0.1,0.1,0.2
203.8,0.4,0.2,0.2,0.2
229.4,0.3,0.1,0.1,0.2
217,0.3,0.2,0.2,0.2
214.4,0.3,0.1,0.1,0.2
193.4,0.2,0.2,0.2,0.1
192,0.3,0.1,0.1,0.1
189.2,0.3,0.1,0.1,0.1
210.2,0.3,0.1,0.1,0.1
199.4,0.2,0.2,0.1,0.1
203.3,0.6,0.2,0.3,0.2
247.8,0.5,0.1,0.3,0.2
235.3,0.3,0.1,0.2,0.1
210.1,0.3,0.1,0.1,0.1
224.7,0.3,0.1,0.1,0.1
204.8,0.4,0.1,0.1,0.2
213.7,0.3,0.1,0.2,0.1
196,0.2,0.1,0.1,0.1
358.2,0.3,0.1,0.1,0.1
212.6,0.2,0.1,0.1,0.2
200.2,0.3,0.2,0.2,0.1
189.7,0.3,0.1,0.2,0.1
217.1,0.3,0.2,0.2,0.1
183.7,0.3,0.1,0.1,0.1
177.6,0.3,0.2,0.2,0.1
178.5,0.3,0.2,0.1,0.1
185.5,0.2,0.1,0.2,0.1
188.7,0.3,0.1,0.2,0.1
187,0.2,0.1,9.5,0.1
185.5,0.3,0.1,0.2,0.1
210.5,0.3,0.1,0.1,0.1
202.7,0.3,0.1,0.1,0.2
189.7,0.3,0.1,0.2,0.1
187.4,0.3,0.1,0.1,0.2
202.6,0.2,0.1,0.1,0.2
194.3,0.3,0.1,0.2,0.1
238.7,0.3,0.1,0.1,0.2
187.1,0.3,0.1,0.1,0.2
197.3,0.3,0.1,0.1,0.1
198.8,0.2,0.1,0.2,0.2
187.7,0.2,0.1,0.2,0.1
182,0.3,0.2,0.1,0.1
192.4,0.3,0.1,0.1,0.1
207.8,0.2,0.1,0.2,0.1
212,0.3,0.1,0.1,0.1
190.1,0.3,0.2,0.1,0.1
184.1,0.2,0.2,0.1,0.1
189.9,0.3,0.1,0.2,0.1
189.5,0.3,0.1,0.1,0.2
181.6,0.3,0.1,0.2,0.1
192.9,0.2,0.2,0.1,0.1
191.3,0.2,0.1,0.1,0.2
190.6,0.3,0.1,0.1,0.1
207.7,0.3,0.2,0.1,0.1
198.3,0.3,0.1,0.1,0.2
192.8,0.3,0.1,0.1,0.1
216.4,0.2,0.1,0.1,0.1
190,0.3,0.1,0.1,0.2
194,0.3,0.1,0.1,0.1
187,0.2,0.1,0.2,0.1
187.7,0.3,0.2,0.2,0.1
185.7,0.3,0.1,0.2,0.1
191,0.3,0.1,0.1,0.2
205.3,0.2,0.1,0.2,0.1
188.9,0.3,0.1,0.1,0.2
196.4,0.3,0.1,0.1,0.1
220.2,0.2,0.1,0.2,0.1
212.8,0.2,0.1,0.2,0.1
198,0.3,0.1,0.2,0.1
188,0.3,0.2,0.2,0.1
193.6,0.4,0.2,0.2,0.2
213.1,0.3,0.2,0.1,0.1
200.5,0.3,0.2,0.1,0.1
212.6,0.2,0.2,0.1,0.1
192.4,0.2,0.2,0.1,0.1
199.6,0.3,0.1,0.2,0.1
201.4,0.3,0.2,0.2,0.1
217.7,0.3,0.1,0.1,0.2
209.3,0.3,0.2,0.1,0.1
239.8,0.3,0.1,0.1,0.2
209.6,0.3,0.1,0.2,0.1
191.6,0.3,0.2,0.1,0.1
189.4,0.3,0.1,0.2,0.1
208.6,0.3,0.2,0.1,0.1
190.9,0.2,0.1,0.1,0.1
216.6,0.3,0.1,0.1,0.2
226.2,0.3,0.1,0.1,0.1
199.7,0.3,0.1,0.1,0.2
206.9,0.3,0.1,0.1,0.1
199.1,0.2,0.2,0.2,0.1
206.1,0.3,0.2,0.1,0.1
189.7,0.3,0.1,0.1,0.2
194.5,0.2,0.2,0.2,0.1
223.6,0.3,0.1,0.1,0.1
208.8,0.2,0.1,0.2,0.1
203.9,0.3,0.1,0.2,0.1
223.5,0.3,0.1,0.1,0.1
203.5,0.3,0.1,0.1,0.1
188.9,0.3,0.1,0.1,0.2
191.6,0.2,0.1,0.1,0.1
212.1,0.2,0.1,0.1,0.1
221.3,0.3,0.2,0.2,0.2
208.1,0.3,0.1,0.1,0.2
197.7,0.3,0.1,0.1,0.1
189,0.3,0.1,0.1,0.1
190.8,0.2,0.1,0.1,0.1
211.5,0.3,0.2,0.2,0.1
185.1,0.3,0.2,0.1,0.1
212.6,0.3,0.1,0.2,0.1
208,0.2,0.1,0.1,0.2
189,0.3,0.2,0.2,0.1
205.1,0.3,0.1,0.2,0.1
196.3,0.2,0.2,0.2,0.1
217.9,0.3,0.2,0.1,0.1
184,0.2,0.1,0.1,0.1
229.9,0.3,0.1,0.1,0.1
211.3,0.3,0.1,0.1,0.2
203.4,0.2,0.2,0.2,0.1
188.9,0.3,0.1,0.1,0.2
191.2,0.3,0.2,0.2,0.1
188.2,0.2,0.1,0.1,0.2
199.9,0.3,0.2,0.1,0.1
204.5,0.3,0.1,0.2,0.1
184.8,0.2,0.1,0.2,0.1
193.6,0.2,0.2,0.2,0.1
219.6,0.3,0.1,0.1,0.2
190.3,0.2,0.2,0.1,0.1
190.7,0.3,0.2,0.1,0.1
224,0.3,0.1,0.1,0.2
217.2,0.3,0.1,0.1,0.1
191,0.3,0.1,0.1,0.1
3400,0.3,0.1,0.2,0.1
1869.9,0.2,0.2,0.1,0.1
6352.7,0.3,0.2,0.1,0.1
1867.9,0.3,0.1,0.1,0.2
1886.7,0.2,0.1,0.1,0.1
1938.9,0.2,0.2,0.1,0.1
211.3,0.2,0.2,0.2,0.1
203.8,0.3,0.1,0.2,0.1
219.7,0.3,0.1,0.1,0.1
213.1,0.3,0.2,0.2,0.1
204.4,0.4,0.2,0.1,0.1
192.5,1,0.3,0.3,0.3
188,0.5,0.3,0.3,0.3
194,0.3,0.1,0.1,0.2
199.7,0.3,0.1,0.1,0.2
204.2,0.3,0.2,0.2,0.1
242.2,0.6,0.3,0.3,0.3
186.1,0.3,0.1,0.2,0.1
213.6,0.3,0.2,0.2,0.1
242.3,0.5,0.1,0.2,0.2
201.3,0.3,0.1,0.1,0.1
236.1,1.5,1,0.2,0.2
252.6,0.6,0.2,0.2,0.3
214.6,0.4,0.2,0.2,0.1
242.9,0.2,0.1,0.1,0.1
221,1.2,0.4,0.4,0.3
201.1,0.3,0.1,0.1,0.1
228.2,0.3,0.2,0.1,0.1
224.1,0.3,0.2,0.1,0.1
248.5,0.3,0.2,0.2,0.1
358.8,0.5,0.2,0.1,0.2
199.1,0.2,0.1,0.2,0.1
242.8,0.3,0.2,0.2,0.1
215.3,0.3,0.2,0.2,0.1
221.5,0.4,0.2,0.2,0.2
246.4,0.4,0.1,0.1,0.1
230.6,1.1,0.5,0.3,1.2
205.6,0.3,0.1,0.1,0.2
235.3,0.3,0.1,0.2,0.1
243.7,0.7,0.2,0.3,0.3
216.4,0.7,0.4,0.4,0.3
227.1,0.7,0.4,0.5,0.4
212.3,0.7,0.3,0.3,0.4
190.5,0.3,0.1,0.1,0.2
237.9,0.7,0.3,0.2,0.3
202.7,0.3,0.1,0.1,0.2
199.4,0.3,0.1,0.1,0.2
273.3,0.3,0.1,0.1,0.2
250.4,0.3,0.2,0.2,0.2
199.5,0.6,0.3,0.3,0.3
302.4,0.3,0.1,0.2,0.1
191.1,0.4,0.1,0.2,0.1
201.4,0.4,0.2,0.2,0.1
196.7,0.4,0.2,0.2,0.1
242.8,0.7,0.4,0.4,0.3
239.5,0.4,0.2,0.2,0.1
365.2,0.4,0.1,0.1,0.1
188.7,0.3,0.1,0.1,0.2
207.6,0.6,0.4,0.4,0.3
197.7,0.3,0.1,0.2,0.1
224.1,0.4,0.2,0.2,0.1
192.4,0.3,0.2,0.2,0.1
193.2,0.3,0.1,0.2,0.2
212.4,0.6,0.4,0.4,0.3
198.1,0.3,0.2,0.2,0.1
189.6,0.3,0.1,0.1,0.1
204.1,0.3,0.2,0.1,0.1
211.6,0.5,0.3,0.3,0.2
210.7,0.6,0.2,0.2,0.2
188.3,0.4,0.2,0.2,0.1
231.2,0.4,0.2,0.2,0.2
217.4,0.3,0.2,0.2,0.2
208.9,0.4,0.2,0.2,0.1
210.9,0.3,0.2,0.2,0.1
228.9,0.5,0.2,0.4,0.2
198.6,0.4,0.2,0.2,0.2
213.7,0.6,0.3,0.3,0.2
197.1,0.4,0.1,0.2,0.1
184.4,0.4,0.1,0.1,0.2
216.9,0.3,0.1,0.1,0.1
219.7,0.4,0.1,0.1,0.1
242.9,0.3,0.2,0.2,0.1
429.9,0.5,0.2,0.1,0.1
194.2,0.3,0.2,0.2,0.2
204.2,0.3,0.1,0.1,0.1
451.9,0.5,0.2,0.2,0.2
188.9,0.3,0.2,0.2,0.1
187.5,0.3,0.1,0.1,0.1
191.1,0.3,0.2,0.2,0.1
211.6,0.5,0.2,0.4,0.2
201.1,0.3,0.1,0.1,0.1
198.5,0.3,0.2,0.2,0.1
200.3,0.3,0.2,0.2,0.1
224.9,1.3,0.3,1.1,0.4
191.2,0.3,0.2,0.1,0.1
190.3,0.3,0.2,0.2,0.1
220.6,0.3,0.2,0.2,0.1
194.5,0.3,0.1,0.1,0.2
197,0.2,0.1,0.1,0.2
227,0.3,0.2,0.2,0.2
222.9,1.2,1,1.1,3.2
222.2,0.2,0.2,0.1,0.1
218.8,0.2,0.1,0.1,0.1
206.7,0.3,0.1,0.1,0.2
192.3,0.3,0.1,0.1,0.1
193.3,0.2,0.1,0.1,0.1
211.8,0.3,0.1,0.1,0.2
205.1,0.3,0.2,0.1,0.1
209.4,0.3,0.1,0.1,0.1
193.5,0.3,0.1,0.1,0.2
197.7,0.3,0.1,0.1,0.2
193.2,0.2,0.2,0.2,0.1
224.2,0.3,0.1,0.1,0.1
237.2,0.3,0.1,0.2,0.1
203.7,0.4,0.2,0.1,0.1
205.5,0.2,0.1,0.1,0.2
243.6,0.6,0.5,0.3,0.3
272.1,0.3,0.1,0.1,0.1
188.8,0.2,0.1,0.1,0.1
209.4,0.3,0.2,0.2,0.1
210.8,0.3,0.1,0.1,0.1
186.2,0.3,0.2,0.1,0.1
199.2,0.3,0.1,0.1,0.1
197.5,0.3,0.1,0.2,0.1
214.1,0.4,0.1,0.1,0.1
214.7,0.3,0.2,0.1,0.1
217,0.3,0.1,0.1,0.1
222.5,0.4,0.2,0.2,0.2
219.3,0.4,0.1,0.2,0.1
208.2,0.3,0.1,0.2,0.1
254,0.7,1.2,1.2,0.4
228.8,0.2,0.1,0.1,0.1
215.3,0.3,0.2,0.1,0.1
294,1.3,1.5,2.4,0.7
224.7,0.3,0.1,0.2,0.1
215.3,0.6,0.3,0.3,0.3
224.5,0.2,0.1,0.1,0.1
216.3,0.3,0.2,0.2,0.1
232.8,0.2,0.1,0.1,0.2
525.9,0.5,0.1,0.1,0.1
195,0.3,0.1,0.2,0.1
214.6,0.2,0.2,0.1,0.1
199.9,0.3,0.1,0.2,0.1
204.8,0.3,0.2,0.2,0.1
197.8,0.3,0.1,0.2,0.1
201.8,0.3,0.1,0.1,0.1
226.5,0.3,0.1,0.2,0.1
196.9,0.3,0.2,0.2,0.1
194.1,0.3,0.2,0.2,0.1
227.8,0.2,0.2,0.2,0.1
205.9,0.3,0.2,0.2,0.1
196.4,0.2,0.1,0.1,0.1
216.7,0.2,0.2,0.2,0.1
190.1,0.3,0.2,0.1,0.1
212.1,0.3,0.1,0.1,0.2
183.5,0.3,0.1,0.2,0.1
184.9,0.3,0.1,0.1,0.2
187.8,0.2,0.2,0.1,0.2
206.1,0.3,0.1,0.2,0.1
182.8,0.2,0.1,0.2,0.1
205.6,0.2,0.2,0.2,0.1
189,0.2,0.1,0.2,0.1
196.9,0.4,0.1,0.1,0.1
187.4,0.3,0.1,0.1,0.2
184.7,0.2,0.1,0.1,0.1
185,0.3,0.1,0.2,0.1
198.7,0.3,0.1,0.2,0.1
226.9,0.3,0.1,0.2,0.1
188.2,0.2,0.1,0.1,0.1
186.9,0.3,0.1,0.1,0.2
229.6,0.3,0.2,0.2,0.1
189.1,0.3,0.2,0.1,0.1
193.5,0.3,0.1,0.1,0.2
189.7,0.3,0.1,0.1,0.2
216.6,0.3,0.2,0.2,0.1
188.7,0.3,0.2,0.1,0.1
185.2,0.3,0.1,0.1,0.1
185.1,0.2,0.1,0.2,0.1
220.2,0.3,0.2,0.2,0.1
225.4,0.3,0.1,0.1,0.1
182.5,0.3,0.1,0.1,0.2
206.5,0.3,0.2,0.1,0.1
193.8,0.3,0.1,0.1,0.1
207,0.3,0.1,0.1,0.1
185,0.2,0.1,0.1,0.2
185.9,0.3,0.1,0.2,0.1
222.3,0.3,0.1,0.2,0.1
206.7,0.2,0.1,0.2,0.1
199.7,0.3,0.1,0.1,0.2
247.9,0.2,0.1,0.2,0.1
360.8,0.3,0.1,0.1,0.1
187.5,0.3,0.1,0.1,0.2
185.4,0.3,0.2,0.1,0.1
185,0.2,0.2,0.1,0.1
210.7,0.3,0.2,0.1,0.1
201.7,0.2,0.1,0.2,0.1
194.2,0.3,0.2,0.1,0.1
206.7,0.3,0.2,0.1,0.1
197.2,0.3,0.1,0.1,0.1
185.6,0.3,0.2,0.1,0.1
185.2,0.3,0.1,0.1,0.1
190.2,0.3,0.2,0.1,0.1
191.8,0.3,0.1,0.1,0.1
201.8,0.2,0.2,0.2,0.1
191.2,0.3,0.2,0.1,0.2
187.3,0.2,0.1,0.1,0.2
209.5,0.3,0.1,0.1,0.2
192.6,0.2,0.1,0.1,0.2
190.3,0.3,0.1,0.1,0.1
186.2,0.3,0.1,0.1,0.1
187.3,0.3,0.1,0.1,0.1
214.5,0.3,0.2,0.1,0.1
185.3,0.3,0.1,0.1,0.1
185.5,0.3,0.2,0.2,0.1
189.5,0.3,0.1,0.1,0.1
222.4,0.4,0.1,0.1,0.1
200.2,0.3,0.1,0.1,0.2
196,0.2,0.2,0.1,0.1
197.5,0.3,0.1,0.1,0.2
189.6,0.3,0.2,0.2,0.1
185.4,0.3,0.1,0.2,0.1
212.7,0.3,0.1,0.2,0.1
189.8,0.2,0.1,0.2,0.1
228.6,0.3,0.1,0.1,0.2
206.4,0.2,0.1,0.2,0.1
204.6,0.3,0.2,0.1,0.1
198,0.3,0.2,0.2,0.1
178.8,0.2,0.2,0.1,0.1
179.7,0.2,0.2,0.1,0.1
193.9,0.2,0.1,0.2,0.1
206.4,0.3,0.2,0.1,0.1
198.9,0.3,0.1,0.1,0.1
189.4,0.3,0.1,0.1,0.2
222.3,0.3,0.2,0.1,0.1
196.1,0.2,0.1,0.1,0.2
189.3,0.2,0.1,0.2,0.1
189.2,0.3,0.1,0.1,0.2
206.9,0.4,0.1,0.1,0.1
210.2,0.3,0.1,0.1,0.1
182.8,0.3,0.1,0.1,0.1
182.7,0.3,0.1,0.1,0.1
180.2,0.3,0.1,0.1,0.2
183.2,0.2,0.1,0.1,0.1
176.8,0.2,0.1,0.2,0.1
181,0.3,0.1,0.1,0.1
250.1,0.2,0.1,0.1,0.1
207.3,0.3,0.1,0.1,0.1
207.5,0.3,0.1,0.1,0.1
211.8,0.2,0.1,0.1,0.2
198.2,0.3,0.1,0.1,0.1
187.6,0.3,0.2,0.1,0.1
201.4,0.2,0.1,0.2,0.1
192,0.3,0.1,0.1,0.2
189.3,0.3,0.2,0.2,0.1
190.8,0.3,0.1,0.1,0.1
190.5,0.2,0.1,0.1,0.1
1967.3,0.3,0.1,0.1,0.1
1944.4,0.3,0.1,0.2,0.2
1903.3,0.3,0.1,0.1,0.1
1865.8,0.3,0.1,0.2,0.1
1914.4,0.3,0.2,0.2,0.1
1845.3,0.3,0.1,0.1,0.2
3838,0.2,0.2,0.2,0.1
1884.2,0.3,0.1,0.1,0.1
1923.3,0.3,0.1,0.1,0.1
2016.9,0.3,0.2,0.1,0.1
1822.6,0.3,0.1,0.1,0.2
221.6,0.3,0.1,0.1,0.1
210.9,0.2,0.1,0.2,0.1
215.8,0.2,0.1,0.1,0.2
211.4,0.3,0.2,0.2,0.1
199.6,0.4,0.1,0.1,0.1
245.8,0.4,0.1,0.1,0.1
593.3,0.4,0.2,0.2,0.1
206.7,0.2,0.2,0.2,0.1
198.8,0.4,0.1,0.2,0.1
190.7,0.2,0.2,0.2,0.1
272.9,0.3,0.1,0.2,0.1
211,0.2,0.1,0.1,0.2
220.1,0.3,0.1,0.2,0.1
1553,0.7,0.1,0.1,0.1
250,0.5,0.2,0.3,0.2
203.6,0.3,0.1,0.1,0.1
205.8,0.4,0.2,0.2,0.1
188.2,0.2,0.2,0.2,0.1
245.3,0.6,0.3,0.3,0.5
209.2,0.4,0.1,0.2,0.2
195,0.3,0.1,0.1,0.1
685.4,0.8,0.3,0.3,0.3
238.3,0.6,0.3,0.3,0.3
203.1,0.5,0.3,0.3,0.3
229.5,1.7,1,1,1.5
234.6,0.3,0.2,0.2,0.1
215.9,0.7,0.3,0.3,0.3
221,0.4,0.2,0.2,0.1
213.9,0.3,0.1,0.1,0.1
730.3,0.6,0.3,0.3,0.3
214.7,0.3,0.1,0.1,0.1
203.9,0.3,0.2,0.1,0.2
201.5,0.4,0.1,0.1,0.2
204.8,0.3,0.1,0.1,0.2
209,0.2,0.1,0.1,0.1
206.7,0.3,0.2,0.2,0.1
225.1,0.3,0.2,0.2,0.1
219,0.3,0.2,0.2,0.2
201.2,0.3,0.2,0.2,0.2
212.5,0.4,0.2,0.2,0.1
194,0.3,0.1,0.2,0.1
190.2,0.3,0.1,0.2,0.1
186,0.3,0.1,0.2,0.1
215.4,0.4,0.2,0.2,0.2
203.2,0.3,0.1,0.1,0.1
218.3,0.3,0.1,0.2,0.1
220.2,0.3,0.1,0.1,0.1
207,0.5,0.1,0.1,0.1
192.2,0.3,0.2,0.2,0.1
215.3,0.3,0.2,0.1,0.1
231.2,0.3,0.1,0.1,0.1
431.6,0.4,0.2,0.2,0.1
190.6,0.2,0.1,0.1,0.2
187.9,0.3,0.1,0.1,0.1
219.5,0.4,0.2,0.2,0.2
184.8,0.4,0.1,0.1,0.2
186.7,0.3,0.2,0.1,0.1
188.6,0.3,0.1,0.2,0.1
221.6,0.3,0.1,0.1,0.1
197.2,0.3,0.1,0.2,0.1
195.3,0.3,0.2,0.2,0.1
602.8,0.3,0.1,0.1,0.1
205.8,0.3,0.2,0.2,0.1
196.2,0.3,0.1,0.1,0.2
193.1,0.3,0.1,0.2,0.1
204.5,0.2,0.1,0.1,0.1
200.1,0.3,0.2,0.1,0.1
189.8,0.3,0.1,0.1,0.1
197.4,0.2,0.2,0.2,0.1
192.5,0.3,0.1,0.1,0.1
208.4,0.3,0.1,0.1,0.1
194.2,0.3,0.2,0.1,0.1
192.8,0.2,0.1,0.2,0.1
195.1,0.3,0.2,0.1,0.1
213,0.2,0.1,0.2,0.1
224.4,0.3,0.2,0.1,0.1
417.1,0.2,0.1,0.1,0.1
212.9,0.2,0.1,0.1,0.2
249,0.3,0.1,0.2,0.1
233,10.6,0.2,0.1,0.1
234.3,0.3,0.1,0.1,0.2
248.8,0.3,0.1,0.2,0.1
196.9,0.3,0.1,0.1,0.2
200.2,0.2,0.2,0.2,0.1
210.7,0.4,0.2,0.1,0.1
209.5,0.3,0.1,0.1,0.1
209.6,0.3,0.1,0.2,0.1
198.6,0.3,0.1,0.1,0.2
197.6,0.3,0.2,0.1,0.1
197.9,0.2,0.1,0.1,0.1
211.3,0.2,0.1,0.1,0.1
234.1,0.3,0.1,0.1,0.1
219.8,0.4,0.2,0.2,0.1
282.7,0.6,0.3,0.2,0.2
213.4,0.3,0.1,0.2,0.1
220.2,0.3,0.2,0.1,0.1
190.8,0.2,0.2,0.1,0.1
215.5,0.4,0.2,0.2,0.1
211.4,0.3,0.1,0.1,0.1
189.2,0.3,0.2,0.2,0.1
246.2,0.3,0.1,0.1,0.1
206.7,0.3,0.1,0.2,0.1
206.8,0.2,0.1,0.2,0.1
189.8,0.3,0.1,0.1,0.2
221.3,9.9,0.2,0.2,0.1
210.1,0.3,0.1,0.2,0.1
196.8,0.4,0.1,0.1,0.2
220.4,0.2,0.1,0.1,0.1
222.2,0.3,0.2,0.2,0.1
220.8,0.3,0.1,0.2,0.1
230.2,0.3,0.2,0.1,0.1
212.4,0.3,0.2,0.1,0.1
191.3,0.4,0.2,0.2,0.1
195.4,0.3,0.1,0.1,0.2
223.6,0.4,0.2,0.2,0.1
229,0.6,0.3,0.3,0.5
215.5,0.3,0.1,0.1,0.1
253.2,0.3,0.2,0.2,0.1
200.5,0.2,0.2,0.2,0.1
222.3,0.3,0.1,0.2,0.1
207.5,0.3,0.2,0.2,0.1
209.7,0.2,0.2,0.1,0.1
203.9,0.3,0.1,0.1,0.1
205.3,0.3,0.1,0.1,0.1
200.9,0.3,0.2,0.2,0.1
196.5,0.3,0.2,0.2,0.1
218.6,0.3,0.1,0.1,0.2
186.5,0.2,0.1,0.1,0.2
228.2,0.3,0.1,0.1,0.2
187.5,0.2,0.1,0.1,0.1
192,0.2,0.1,0.2,0.1
189.1,0.3,0.1,0.2,0.1
195.9,0.3,0.1,0.2,0.2
200.3,0.3,0.1,0.2,0.2
207,0.3,0.1,0.1,0.2
206.5,0.4,0.2,0.2,0.6
197.2,0.3,0.1,0.1,0.1
200.3,0.3,0.1,0.2,0.1
191.7,0.3,0.2,0.2,0.1
206.8,0.4,0.1,0.1,0.1
187,0.3,0.1,0.1,0.1
179.8,0.2,0.2,0.1,0.1
186.2,0.3,0.1,0.2,0.1
197,0.3,0.1,0.1,0.1
212.3,0.3,0.1,0.2,0.1
220.2,0.2,0.1,0.1,0.1
185.7,0.3,0.1,0.2,0.1
186.2,0.3,0.1,0.2,0.1
181.8,0.2,0.2,0.2,0.1
182.1,0.3,0.2,0.2,0.1
181.7,0.2,0.1,0.2,0.1
177.3,0.3,0.1,0.1,0.2
181.8,0.4,0.1,0.1,0.1
214.6,0.3,0.2,0.1,0.1
201.2,0.2,0.1,0.2,0.1
187.2,0.3,0.1,0.1,0.2
211.2,0.8,0.2,0.1,0.1
187.1,0.3,0.1,0.1,0.1
185.7,0.3,0.1,0.1,0.2
186,0.2,0.1,0.1,0.1
211.5,0.3,0.2,0.1,0.1
199.1,0.3,0.2,0.1,0.1
219.7,0.2,0.1,0.1,0.1
213.8,0.2,0.1,0.2,0.1
200.6,0.3,0.1,0.1,0.2
199.8,0.3,0.1,0.1,0.1
185,0.3,0.1,0.1,0.2
216.5,0.4,0.1,0.1,0.1
194.5,0.2,0.1,0.2,0.1
205.8,0.2,0.1,0.2,0.1
190.2,0.3,0.1,0.1,0.1
225.2,0.3,0.2,0.2,0.1
240,0.3,0.1,0.1,0.2
219.6,0.3,0.2,0.2,0.2
199.3,0.3,0.1,0.2,0.1
750.7,0.4,0.2,0.1,0.2
190.4,0.3,0.2,0.1,0.1
237.7,0.7,0.3,0.3,0.1
206.3,0.9,0.2,0.3,0.2
211.2,0.2,0.1,0.1,0.2
228.8,0.3,0.1,0.1,0.2
192.9,0.4,0.2,0.3,0.2
191.5,0.4,0.2,0.1,0.1
214.3,0.3,0.1,0.1,0.1
191.5,0.3,0.2,0.2,0.1
218,0.3,0.2,0.1,0.1
190.3,0.2,0.1,0.1,0.1
206.1,0.3,0.1,0.1,0.2
192.1,0.3,0.2,0.1,0.1
197.4,0.3,0.1,0.1,0.2
191.9,0.2,0.1,0.2,0.1
193,0.2,0.1,0.1,0.1
209.3,0.3,0.2,0.1,0.1
208.6,0.2,0.1,0.1,0.1
189.3,0.3,0.2,0.1,0.1
208.1,0.3,0.1,0.1,0.2
179.8,0.2,0.2,0.1,0.1
204.6,0.3,0.1,0.2,0.1
192.8,0.2,0.1,0.1,0.1
186.8,0.3,0.1,0.1,0.2
196.5,0.2,0.1,0.1,0.1
205.7,0.2,0.2,0.1,0.1
223.3,0.3,0.1,0.2,0.1
203.5,0.3,0.1,0.1,0.2
194.8,0.3,0.2,0.1,0.1
205.8,0.3,0.1,0.2,0.1
184.6,0.2,0.2,0.1,0.1
185.2,0.3,0.1,0.1,0.1
189.5,0.3,0.1,0.2,0.1
192.9,0.2,0.2,0.2,0.1
214.3,0.3,0.1,0.2,0.1
189.5,0.3,0.2,0.1,0.1
188.4,0.3,0.2,0.1,0.1
220.2,0.4,0.1,0.1,0.1
200.6,0.3,0.1,0.2,0.1
202.6,0.2,0.1,0.2,0.1
209.1,0.4,0.1,0.1,0.2
192.7,0.2,0.2,0.1,0.1
241,0.3,0.1,0.2,0.1
202.4,0.2,0.2,0.2,0.1
189.5,0.3,0.1,0.1,0.1
192.2,0.2,0.2,0.1,0.1
184.8,0.3,0.1,0.2,0.1
211.6,0.2,0.1,0.1,0.2
208.6,0.3,0.1,0.2,0.1
191.8,0.3,0.1,0.1,0.1
215.7,0.3,0.1,0.1,0.2
199.4,0.3,0.1,0.2,0.1
205.6,0.3,0.1,0.1,0.1
197,0.3,0.2,0.2,0.2
222.4,0.2,0.1,0.1,0.1
197.3,0.3,0.1,0.1,0.2
198.3,0.2,0.1,0.2,0.1
184.3,0.3,0.1,0.1,0.1
177.7,0.3,0.1,0.2,0.1
177.1,1.7,0.1,0.2,0.1
208.9,0.3,0.3,0.1,0.1
190.8,0.3,0.1,0.1,0.1
224.7,0.2,0.1,0.1,0.2
201.5,0.3,0.2,0.1,0.1
193.2,0.3,0.1,0.2,0.1
196.1,0.3,0.1,0.1,0.2
191.7,0.3,0.1,0.1,0.1
182.2,0.2,0.2,0.2,0.1
207,0.3,0.1,0.2,0.1
