0,0.3,0.2,0.2,0.1
0,0.2,0.1,0.1,0.2
0,0.2,0.1,0.2,0.1
0,0.2,0.1,0.1,0.1
0,0.3,0.1,0.1,0.2
0,0.2,0.1,0.1,0.2
0,0.2,0.2,0.1,0.1
0,0.2,0.1,0.1,0.2
0,0.3,0.2,0.2,0.1
0,0.2,0.1,0.1,0.1
0,0.3,0.2,0.2,0.1
0,0.2,0.2,0.2,0.1
0,0.2,0.1,0.2,0.1
0,0.2,0.1,0.2,0.1
0,0.2,0.1,0.1,0.2
0,0.2,0.1,0.1,0.2
0,0.2,0.1,0.1,0.2
0,0.2,0.2,0.2,0.1
0,0.2,0.2,0.1,0.1
0,0.2,0.2,0.2,0.1
0,0.2,0.1,0.2,0.1
0,0.2,0.1,0.1,0.1
0,0.2,0.2,0.1,0.1
0,0.3,0.1,0.2,0.1
0,0.2,0.1,0.1,0.2
0,0.2,0.2,0.2,0.1
0,0.2,0.2,0.2,0.1
0,0.3,0.2,0.2,0.1
0,0.2,0.1,0.1,0.2
0,0.2,0.2,0.2,0.1
0,0.3,0.1,0.2,0.1
0,0.2,0.1,0.1,0.1
0,0.2,0.1,0.1,0.1
0,0.2,0.1,0.2,0.1
0,0.2,0.1,0.1,0.1
0,0.2,0.1,0.2,0.1
0,0.2,0.1,0.1,0.2
0,0.2,0.1,0.1,0.2
0,0.2,0.2,0.2,0.1
0,0.2,0.1,0.2,0.1
0,0.2,0.2,0.2,0.1
0,0.2,0.1,0.2,0.1
0,0.2,0.1,0.1,0.1
0,0.3,0.2,0.1,0.1
0,0.2,0.2,0.2,0.1
0,0.3,0.2,0.1,0.1
0,0.2,0.1,0.1,0.2
0,0.2,0.1,0.2,0.1
0,0.2,0.2,0.1,0.1
0,0.2,0.1,0.1,0.2
0,0.2,0.2,0.1,0.2
0,0.2,0.1,0.1,0.2
0,0.3,0.1,0.1,0.2
0,0.2,0.1,0.1,0.2
0,0.2,0.1,0.1,0.2
0,0.2,0.1,0.1,0.2
0,0.2,0.1,0.1,0.1
0,0.3,0.1,0.1,0.1
0,0.2,0.1,0.1,0.2
0,0.2,0.2,0.2,0.1
0,0.2,0.1,0.2,0.1
0,0.2,0.1,0.2,0.1
0,0.3,0.1,0.2,0.1
0,0.2,0.1,0.1,0.1
0,0.3,0.1,0.1,0.1
0,0.2,0.1,0.2,0.1
0,0.2,0.1,0.2,0.1
0,0.3,0.1,0.1,0.1
0,0.2,0.1,0.1,0.2
0,0.2,0.1,0.2,0.1
0,0.2,0.1,0.1,0.2
0,0.2,0.2,0.1,0.1
0,0.2,0.1,0.2,0.1
0,0.3,0.2,0.2,0.2
0,0.2,0.2,0.2,0.1
0,0.2,0.2,0.1,0.1
0,0.2,0.1,0.2,0.1
0,0.7,0.2,0.3,0.2
0,0.2,0.2,0.1,0.1
0,0.2,0.1,0.1,0.1
0,0.3,0.1,0.2,0.2
0,0.2,0.1,0.1,9.6
0,0.3,0.2,0.2,0.1
0,0.2,0.2,0.1,0.1
0,0.2,0.1,0.1,0.2
0,0.2,0.1,0.1,0.1
0,0.2,0.1,0.1,0.1
0,0.3,0.1,0.1,0.2
0,0.2,0.1,0.1,0.2
0,0.2,0.1,0.2,0.1
0,0.2,0.1,0.2,0.1
0,0.2,0.2,0.2,0.1
0,0.2,0.1,0.1,0.2
0,0.2,0.1,0.2,0.1
0,0.2,0.2,0.2,0.1
0,0.2,0.1,0.1,0.1
0,0.3,0.2,0.1,0.1
0,0.2,0.1,0.1,0.2
0,0.2,0.1,0.1,0.2
0,0.2,0.1,0.2,0.1
0,0.4,0.3,0.2,0.3
0,0.2,0.2,0.2,0.1
0,0.2,0.1,0.2,0.1
0,0.3,0.1,0.2,0.1
0,0.2,0.2,0.2,0.1
0,0.2,0.2,0.2,0.1
0,0.2,0.1,0.1,0.2
0,0.3,0.2,0.1,0.1
0,0.2,0.1,0.1,0.1
0,0.2,0.1,0.1,0.2
0,0.2,0.1,0.2,0.1
0,0.2,0.1,0.1,0.1
0,0.2,0.2,0.1,0.1
0,0.2,0.1,0.2,0.1
0,0.3,0.1,0.2,0.1
0,0.2,0.1,0.2,0.1
0,0.2,0.2,0.2,0.1
0,0.2,0.2,0.1,0.1
0,0.2,0.1,0.1,0.2
0,0.2,0.1,0.1,0.1
0,0.2,0.1,0.1,0.2
0,0.2,0.1,0.1,0.1
0,0.2,0.1,0.2,0.1
0,0.2,0.1,0.2,0.1
0,0.2,0.1,0.1,0.1
0,0.2,0.2,0.1,0.1
0,0.3,0.1,0.2,0.1
0,0.2,0.1,0.2,0.1
0,0.2,0.1,0.2,0.2
0,0.2,0.2,0.2,0.1
0,0.2,0.1,0.1,0.1
0,0.2,0.1,0.2,0.1
0,0.2,0.1,0.2,0.1
0,0.2,0.1,0.1,0.2
0,0.2,0.1,0.1,0.2
0,0.2,0.1,0.2,0.1
0,0.2,0.1,0.2,0.1
0,0.2,0.1,0.2,0.1
0,0.2,0.1,0.1,0.2
0,0.2,0.1,0.1,0.1
0,0.2,0.2,0.1,0.1
0,0.3,0.1,0.1,0.2
0,0.2,0.1,0.2,0.1
0,0.2,0.2,0.2,0.1
0,0.2,0.1,0.1,0.2
0,0.2,0.1,0.1,0.2
0,0.3,0.1,0.1,0.2
0,0.2,0.1,0.1,0.2
0,0.3,0.1,0.1,0.2
0,0.1,0.1,0.1,0.2
0,0.2,0.1,0.1,0.2
0,0.2,0.1,0.1,0.1
0,0.2,0.1,0.2,0.1
0,0.2,0.1,0.1,0.2
0,0.2,0.1,0.1,0.2
0,0.2,0.2,0.2,0.1
0,0.2,0.1,0.2,0.1
0,0.3,0.1,0.1,0.1
0,0.3,0.1,0.2,0.1
0,0.2,0.1,0.1,0.1
0,0.2,0.2,0.1,0.1
0,0.2,0.1,0.1,0.1
0,0.3,0.1,0.1,0.1
0,0.2,0.2,0.1,0.1
0,0.2,0.2,0.2,0.1
0,0.2,0.1,0.2,0.2
0,0.2,0.1,0.2,0.1
0,0.2,0.1,0.2,0.1
0,0.4,0.2,0.2,0.2
0,0.2,0.1,0.1,0.2
0,0.2,0.2,0.2,0.1
0,0.2,0.1,0.1,0.2
0,0.2,0.1,0.1,0.1
0,0.2,0.1,0.2,0.1
0,0.2,0.1,0.1,0.1
0,0.2,0.1,0.2,0.1
0,0.2,0.1,0.2,0.1
0,0.2,0.1,0.1,0.2
0,0.2,0.1,0.2,0.1
0,0.2,0.1,0.1,0.1
0,0.2,0.1,0.1,0.2
0,0.2,0.1,0.1,0.1
0,0.2,0.2,0.2,0.1
0,0.4,0.2,0.2,0.2
0,0.2,0.2,0.2,0.1
0,0.2,0.2,0.2,0.2
0,0.2,0.1,0.1,0.2
0,0.2,0.1,0.2,0.1
0,0.2,0.1,0.1,0.2
0,0.2,0.2,0.1,0.1
0,0.2,0.1,0.1,0.2
0,0.2,0.1,0.2,0.1
0,0.2,0.1,0.2,0.1
0,0.2,0.1,0.2,0.2
0,0.2,0.1,0.1,0.2
0,0.2,0.1,0.2,0.1
0,0.2,0.1,0.1,0.1
0,0.3,0.1,0.1,0.2
0,0.3,0.1,0.1,0.2
0,0.2,0.1,0.2,0.1
0,0.2,0.2,0.1,0.1
0,0.2,0.1,0.2,0.1
0,0.2,0.2,0.1,0.1
0,0.2,0.2,0.2,0.2
0,0.2,0.1,0.2,0.1
0,0.3,0.2,0.1,0.1
0,0.2,0.1,0.2,0.1
0,0.3,0.2,0.2,0.2
0,0.2,0.1,0.1,0.2
0,0.2,0.1,0.2,0.2
0,0.2,0.1,0.1,0.2
0,0.3,0.2,0.2,0.1
0,0.2,0.2,0.2,0.1
0,0.2,0.1,0.1,0.2
0,0.3,0.1,0.1,0.2
0,0.2,0.1,0.1,0.1
0,0.3,0.1,0.1,0.2
0,0.2,0.1,0.1,0.1
0,0.3,0.1,0.1,0.1
0,0.2,0.2,0.1,0.1
0,0.2,0.1,0.2,0.1
0,0.2,0.1,0.1,0.2
0,0.2,0.1,0.1,0.2
0,0.3,0.1,0.1,0.1
0,0.2,0.2,0.2,0.1
0,0.2,0.1,0.2,0.1
0,0.2,0.1,0.1,0.1
0,0.3,0.2,0.2,0.1
0,0.3,0.1,0.2,0.1
0,0.2,0.1,0.2,0.1
0,0.2,0.2,0.1,0.1
0,0.2,0.1,0.2,0.1
0,0.2,0.1,0.1,0.1
0,0.2,0.1,0.1,0.1
0,0.2,0.1,0.1,0.2
0,0.2,0.2,0.1,0.1
0,0.2,0.1,0.1,0.2
0,0.3,0.2,0.2,0.1
0,0.2,0.2,0.1,0.1
0,0.2,0.1,0.1,0.1
0,0.3,0.2,0.2,0.1
0,0.2,0.2,0.1,0.1
0,0.2,0.1,0.1,0.2
0,0.2,0.1,0.2,0.1
0,0.2,0.1,0.2,0.1
0,0.2,0.1,0.1,0.1
0,0.3,0.2,0.1,0.1
0,0.2,0.1,0.2,0.1
0,0.2,0.1,0.2,0.1
0,0.2,0.1,0.1,0.2
0,0.2,0.1,0.1,0.2
0,0.2,0.2,0.1,0.1
0,0.2,0.1,0.1,0.2
0,0.2,0.1,0.1,0.1
0,0.2,0.1,0.1,0.2
0,0.2,0.1,0.1,0.2
0,0.2,0.1,0.1,0.2
0,0.2,0.1,0.2,0.1
0,0.2,0.2,0.2,0.1
0,0.2,0.1,0.2,0.1
0,0.2,0.1,0.1,0.2
0,0.2,0.1,0.2,0.3
0,0.3,0.2,0.1,0.1
0,0.3,0.1,0.2,0.1
0,0.7,0.2,0.4,0.4
0,0.2,0.1,0.2,0.2
0,0.3,0.2,0.2,0.2
0,0.5,0.3,0.4,0.4
0,0.3,0.2,0.1,0.2
0,0.2,0.1,0.1,0.1
0,0.2,0.1,0.2,0.1
0,1.7,1,1.2,1.4
0,0.2,0.1,0.1,0.2
0,0.2,0.2,0.3,0.1
0,0.3,0.2,0.1,0.1
0,0.3,0.1,0.1,0.2
0,0.2,0.1,0.1,0.2
0,0.2,0.2,0.1,0.1
0,0.3,0.2,0.2,0.2
0,0.2,0.2,0.2,0.1
0,0.2,0.1,0.2,0.1
0,0.2,0.2,0.2,0.1
0,0.3,0.1,0.2,0.2
0,0.3,0.2,0.2,0.2
0,0.2,0.2,0.2,0.1
0,0.3,0.1,0.2,0.1
0,0.3,0.1,0.2,0.2
0,0.3,0.2,0.2,0.2
0,0.3,0.1,0.1,0.2
0,0.2,0.1,0.1,0.2
0,0.2,0.1,0.1,0.1
0,0.2,0.1,0.2,0.1
0,0.2,0.1,0.1,0.2
0,0.2,0.1,0.1,0.2
0,0.3,0.2,0.2,0.2
0,0.2,0.1,0.2,0.1
0,0.3,0.2,0.2,0.2
0,1.2,0.3,0.3,0.3
0,0.3,0.3,0.3,0.3
0,0.2,0.1,0.1,0.1
0,0.3,0.1,0.1,0.2
0,0.2,0.1,0.1,0.2
0,0.2,0.1,0.1,0.1
0,0.3,0.1,0.2,0.1
0,0.3,0.2,0.2,0.2
0,0.3,0.1,0.1,0.1
0,0.2,0.1,0.1,0.1
0,0.2,0.1,0.1,0.1
0,0.3,0.1,0.1,0.1
0,0.3,0.1,0.1,0.1
0,0.2,0.2,0.2,0.1
0,0.7,0.4,0.3,0.4
0,0.4,0.3,0.3,0.3
0,0.2,0.2,0.1,0.1
0,1,0.2,0.3,0.3
0,0.2,0.1,0.2,0.1
0,0.2,0.1,0.1,0.2
0,0.2,0.1,0.2,0.1
0,0.2,0.1,0.1,0.2
0,0.2,0.1,0.1,0.1
0,0.2,0.1,0.1,0.1
0,0.3,0.1,0.1,0.1
0,0.2,0.2,0.2,0.1
0,0.2,0.1,0.2,0.1
0,0.2,0.2,0.1,0.1
0,0.2,0.1,0.1,0.2
0,0.2,0.2,0.2,0.1
0,0.2,0.2,0.2,0.1
0,0.3,0.1,0.2,0.1
0,0.2,0.1,0.1,0.2
0,0.2,0.2,0.1,0.1
0,0.2,0.1,0.1,0.1
0,0.2,0.1,0.2,0.1
0,0.2,0.1,0.2,0.1
0,0.3,0.1,0.1,0.1
0,0.2,0.1,0.2,0.1
0,0.3,0.2,0.2,0.1
0,0.2,0.1,0.1,0.2
0,0.2,0.1,0.2,0.1
0,0.2,0.1,0.2,0.1
0,0.2,0.3,0.2,0.2
0,0.1,0.1,0.2,0.1
0,0.2,0.1,0.1,0.2
0,0.2,0.1,0.1,0.2
0,0.3,0.1,0.2,0.1
0,0.2,0.1,0.1,0.1
0,0.2,0.1,0.1,0.2
0,0.3,0.2,0.2,0.1
0,0.2,0.2,0.2,0.1
0,0.2,0.1,0.1,0.2
0,0.2,0.1,0.1,0.1
0,0.3,0.2,0.2,0.1
0,0.2,0.2,0.1,0.1
0,0.3,0.2,0.1,0.2
0,0.3,0.2,0.2,0.2
0,0.2,0.1,0.2,0.1
0,0.2,0.1,0.1,0.2
0,0.3,0.1,0.2,0.1
0,0.3,0.1,0.1,0.2
0,0.2,0.1,0.1,0.2
0,0.2,0.1,0.1,0.2
0,0.3,0.1,0.1,0.1
0,0.3,0.2,0.1,0.1
0,0.3,0.2,0.1,0.1
0,0.3,0.1,0.2,0.1
0,0.3,0.1,0.1,0.1
0,0.2,0.1,0.1,0.1
0,0.2,0.1,0.1,0.2
0,0.2,0.1,0.2,0.1
0,0.2,0.1,0.1,0.2
0,0.2,0.1,0.1,0.2
0,0.2,0.2,0.2,0.1
0,0.2,0.1,0.1,0.2
0,0.2,0.1,0.2,0.1
0,0.2,0.1,0.2,0.1
0,0.4,0.2,0.2,0.3
0,0.3,0.2,0.2,0.1
0,0.3,0.1,0.2,0.1
0,0.2,0.1,0.2,0.1
0,0.2,0.2,0.1,0.2
0,0.2,0.1,0.2,0.1
0,0.2,0.1,0.2,0.1
0,0.3,0.2,0.2,0.1
0,0.2,0.1,0.2,0.1
0,0.2,0.1,0.1,0.2
0,0.3,0.2,0.2,0.1
0,0.2,0.1,0.2,0.1
0,0.3,0.1,0.2,0.2
0,0.3,0.1,0.1,0.2
0,0.2,0.1,0.1,0.1
0,0.2,0.1,0.2,0.1
0,0.2,0.1,0.2,0.1
0,0.2,0.1,0.2,0.1
0,0.3,0.1,0.1,0.2
0,0.3,0.1,0.1,0.2
0,9.6,0.1,0.1,0.2
0,0.2,0.1,0.2,0.1
0,0.2,0.2,0.1,0.1
0,0.2,0.1,0.1,0.2
0,0.2,0.2,0.2,0.1
0,0.3,0.2,0.2,0.2
0,0.3,0.1,0.1,0.2
0,0.3,0.1,0.1,0.1
0,0.3,0.2,0.2,0.2
0,0.2,0.1,0.2,0.1
0,0.2,0.2,0.1,0.1
0,0.3,0.1,0.2,0.1
0,0.3,0.1,0.1,0.2
0,0.5,0.2,0.3,0.3
0,0.2,0.1,0.2,0.1
0,0.2,0.2,0.2,0.1
0,0.2,0.1,0.2,0.2
0,0.2,0.1,0.1,0.2
0,0.2,0.1,0.2,0.1
0,0.2,0.1,0.1,0.2
0,0.2,0.1,0.1,0.1
0,0.3,0.2,0.2,0.2
0,0.2,0.1,0.1,0.1
0,0.3,0.1,0.2,0.1
0,0.2,0.1,0.2,0.2
0,0.2,0.1,0.2,0.1
0,0.2,0.2,0.2,0.1
0,0.2,0.1,0.2,0.1
0,0.1,0.1,0.1,0.1
0,0.3,0.1,0.1,0.1
0,0.3,0.1,0.1,0.2
0,0.2,0.1,0.1,0.2
0,0.2,0.1,0.2,0.1
0,0.2,0.1,0.2,0.1
0,0.2,0.1,0.2,0.1
0,0.2,0.1,0.2,0.1
0,0.2,0.1,0.1,0.2
0,0.2,0.1,0.2,0.2
0,0.2,0.1,0.1,0.2
0,0.3,0.1,0.2,0.1
0,0.3,0.1,0.1,0.2
0,0.2,0.1,0.2,0.1
0,0.2,0.1,0.1,0.1
0,0.2,0.2,0.2,0.1
0,0.3,0.1,0.2,0.1
0,0.2,0.1,0.1,0.2
0,0.3,0.1,0.2,0.1
0,0.2,0.2,0.1,0.1
0,0.3,0.1,0.1,0.2
0,0.2,0.2,0.1,0.2
0,0.3,0.1,0.2,0.1
0,0.2,0.1,0.1,0.2
0,0.3,0.2,0.1,0.1
0,0.3,0.1,0.2,0.1
0,0.2,0.1,0.1,0.1
0,0.3,0.2,0.2,0.1
0,0.2,0.2,0.1,0.1
0,0.3,0.1,0.2,0.1
0,0.3,0.2,0.2,0.1
0,0.2,0.1,0.2,0.1
0,0.2,0.2,0.2,0.1
0,0.2,0.2,0.1,0.1
0,0.2,0.2,0.2,0.1
0,0.2,0.1,0.2,0.1
0,0.4,0.3,0.3,0.2
0,0.2,0.1,0.1,0.1
0,0.2,0.1,0.1,0.2
0,0.4,0.2,0.2,0.2
0,0.2,0.1,0.1,0.2
0,0.2,0.2,0.2,0.1
0,0.2,0.1,0.1,0.2
0,0.3,0.1,0.1,0.2
0,0.2,0.1,0.2,0.1
0,0.3,0.2,0.2,0.1
0,0.2,0.1,0.1,0.1
0,0.2,0.1,0.2,0.1
0,0.3,0.1,0.1,0.1
0,0.2,0.1,0.1,0.2
0,0.2,0.2,0.1,0.1
0,0.3,0.1,0.1,0.2
0,0.2,0.1,0.1,0.1
0,0.2,0.1,0.2,0.2
0,0.2,0.1,0.2,0.1
0,0.2,0.2,0.2,0.1
0,0.3,0.2,0.2,0.1
0,0.2,0.1,0.2,0.2
0,0.2,0.1,0.2,0.1
0,0.3,0.1,0.1,0.2
0,0.4,0.3,0.3,0.3
0,0.2,0.1,0.2,0.1
0,0.2,0.2,0.2,0.2
0,0.3,0.1,0.1,0.2
0,0.3,0.1,0.1,0.1
0,0.2,0.2,0.1,0.2
0,0.2,0.1,0.2,0.1
0,0.3,0.2,0.2,0.1
0,0.2,0.1,0.2,0.1
0,0.2,0.1,0.2,0.1
0,0.2,0.1,0.1,0.2
0,0.2,0.1,0.1,0.2
0,0.3,0.1,0.1,0.2
0,0.2,0.1,0.2,0.1
0,0.2,0.1,0.2,0.1
0,0.2,0.1,0.2,0.1
0,0.3,0.1,0.1,0.2
0,0.2,0.1,0.1,0.2
0,0.2,0.1,0.1,0.2
0,0.2,0.1,0.1,0.2
0,0.2,0.1,0.1,0.2
0,0.2,0.1,0.1,0.2
0,0.2,0.1,0.1,0.2
0,0.2,0.1,0.2,0.1
0,0.1,0.2,0.1,0.1
0,0.3,0.2,0.2,0.1
0,0.2,0.2,0.1,0.1
0,0.2,0.1,0.2,0.1
0,0.2,0.1,0.2,0.1
0,0.2,0.2,0.1,0.2
0,0.3,0.1,0.1,0.1
0,0.4,0.2,0.3,0.3
0,0.2,0.4,0.2,0.2
0,0.2,0.1,0.2,0.1
0,0.2,0.1,0.1,0.1
0,0.2,0.1,0.2,0.1
0,0.3,0.1,0.1,0.2
0,0.2,0.1,0.1,0.2
0,0.5,0.3,0.3,0.3
0,0.2,0.1,0.1,0.2
0,0.2,0.2,0.2,0.1
0,0.3,0.1,0.1,0.2
0,0.2,0.1,0.1,0.1
0,0.4,0.3,0.3,0.3
0,0.2,0.1,0.2,0.1
0,0.3,0.2,0.1,0.1
0,0.4,0.2,0.3,0.3
0,0.2,0.2,0.1,0.2
0,0.2,0.1,0.2,0.1
0,0.2,0.1,0.1,0.2
0,0.2,0.1,0.1,0.1
0,0.2,0.1,0.2,0.1
0,0.2,0.1,0.1,0.1
0,0.3,0.1,0.2,0.2
0,0.2,0.1,0.1,0.2
0,0.2,0.1,0.1,0.1
0,0.2,0.1,0.2,0.2
0,0.2,0.1,0.1,0.2
0,0.2,0.2,0.2,0.1
0,0.4,0.1,0.2,0.2
0,0.4,0.2,0.2,0.2
0,0.3,0.2,0.2,0.2
0,0.3,0.2,0.1,0.1
0,0.2,0.2,0.1,0.1
0,0.2,0.1,0.2,0.1
0,0.2,0.1,0.2,0.1
0,0.2,0.1,0.1,0.2
0,0.7,0.3,0.5,0.4
0,0.3,0.1,0.2,0.1
0,0.3,0.1,0.1,0.1
0,0.2,0.1,0.2,0.1
0,0.4,0.2,0.2,0.3
0,0.2,0.2,0.2,0.1
0,0.2,0.2,0.1,0.1
0,0.3,0.1,0.4,0.3
0,0.2,0.1,0.1,0.2
0,0.3,0.2,0.2,0.2
0,0.3,0.1,0.1,0.1
0,0.3,0.1,0.2,0.2
0,0.5,0.7,0.3,0.2
0,0.3,0.2,0.3,0.1
0,0.5,0.2,0.2,0.3
0,0.3,0.2,0.1,0.1
0,0.4,0.1,0.3,0.2
0,0.4,0.2,0.3,0.2
0,0.2,0.2,0.1,0.1
0,0.3,0.2,0.2,0.1
0,0.2,0.1,0.1,0.2
0,0.3,0.1,0.1,0.2
0,0.2,0.1,0.2,0.1
0,0.2,0.2,0.2,0.1
0,0.3,0.1,0.2,0.1
0,0.2,0.1,0.2,0.2
0,0.2,0.1,0.1,0.2
0,0.2,0.1,0.2,0.1
0,0.3,0.2,0.2,0.1
0,0.2,0.1,0.2,0.1
0,0.3,0.1,0.1,0.2
0,0.3,0.1,0.2,0.1
0,0.2,0.1,0.1,0.2
0,0.4,0.3,0.3,0.3
0,0.2,0.1,0.1,0.2
0,0.3,0.1,0.2,0.1
0,0.2,0.1,0.1,0.1
0,0.2,0.1,0.1,0.1
0,0.2,0.2,0.1,0.1
0,0.2,0.1,0.1,0.2
0,0.3,0.1,0.2,0.1
0,0.2,0.1,0.2,0.1
0,0.3,0.1,0.1,0.2
0,1.3,1.1,1.1,1
0,0.2,0.2,0.2,0.1
0,0.2,0.1,0.2,0.1
0,0.2,0.1,0.1,0.1
0,0.3,0.1,0.1,0.1
0,0.2,0.1,0.2,0.1
0,0.2,0.1,0.1,0.2
0,0.2,0.1,0.1,0.1
0,0.2,0.1,0.1,0.1
0,0.2,0.1,0.1,0.2
0,0.3,0.1,0.2,0.1
0,0.3,0.1,0.1,0.2
0,0.3,0.2,0.1,0.2
0,0.3,0.1,0.1,0.2
0,0.2,0.2,0.2,0.1
0,0.2,0.1,0.2,0.1
0,0.3,0.1,0.1,0.2
0,0.2,0.2,0.2,0.1
0,0.2,0.1,0.1,0.2
0,0.2,0.1,0.1,0.2
0,0.4,0.2,0.2,0.2
0,0.2,0.1,0.2,0.1
0,0.2,0.1,0.1,0.2
0,0.2,0.1,0.2,0.1
0,0.2,0.2,0.2,0.1
0,0.2,0.1,0.1,0.2
0,0.5,0.3,0.4,0.3
0,0.2,0.1,0.2,0.2
0,0.2,0.1,0.1,0.2
0,0.2,0.1,0.2,0.1
0,0.3,0.2,0.1,0.1
0,0.3,0.1,0.2,0.1
0,0.2,0.1,0.2,0.1
0,0.2,0.1,0.2,0.1
0,0.2,0.2,0.2,0.1
0,0.2,0.1,0.1,0.2
0,0.3,0.1,0.1,0.2
0,0.2,0.1,0.1,0.1
0,0.2,0.1,0.1,0.2
0,0.3,0.1,0.2,0.1
0,0.2,0.1,0.2,0.1
0,0.2,0.1,0.2,0.1
0,0.2,0.1,0.2,0.1
0,0.2,0.1,0.2,0.1
0,0.3,0.1,0.2,0.1
0,0.2,0.1,0.2,0.1
0,0.2,0.1,0.2,0.1
0,0.2,0.2,0.2,0.1
0,0.2,0.2,0.1,0.1
0,0.3,0.2,0.2,0.2
0,0.2,0.1,0.1,0.1
0,0.2,0.1,0.2,0.1
0,0.2,0.1,0.1,0.1
0,0.2,0.2,0.2,0.1
0,0.2,0.1,0.2,0.1
0,0.2,0.2,0.1,0.1
0,0.2,0.1,0.1,0.2
0,0.3,0.1,0.2,0.2
0,0.2,0.1,0.1,0.2
0,0.2,0.1,0.1,0.2
0,0.2,0.1,0.2,0.1
0,0.2,0.2,0.1,0.1
0,0.2,0.1,0.1,0.2
0,0.2,0.1,0.1,0.1
0,0.2,0.1,0.1,0.2
0,0.2,0.2,0.1,0.1
0,0.2,0.2,0.1,0.1
0,0.2,0.1,0.2,0.1
0,0.2,0.1,0.1,0.2
0,0.2,0.1,0.2,0.1
0,0.2,0.2,0.1,0.1
0,0.2,0.1,0.2,0.1
0,0.2,0.1,0.1,0.1
0,0.2,0.2,0.2,0.1
0,0.2,0.2,0.1,0.1
0,0.2,0.1,0.1,0.2
0,0.2,0.1,0.1,0.1
0,0.2,0.1,0.1,0.2
0,0.2,0.1,0.2,0.1
0,0.2,0.1,0.1,0.1
0,0.2,0.1,0.1,0.2
0,0.2,0.1,0.1,0.1
0,0.3,0.1,0.2,0.1
0,0.2,0.1,0.2,0.1
0,0.2,0.1,0.1,0.1
0,0.2,0.2,0.2,0.1
0,0.2,0.2,0.2,0.1
0,0.3,0.1,0.1,0.1
0,0.2,0.1,0.1,0.1
0,0.2,0.1,0.1,0.1
0,0.2,0.2,0.1,0.1
0,0.2,0.2,0.2,0.1
0,0.3,0.1,0.1,0.2
0,0.2,0.1,0.2,0.1
0,0.3,0.1,0.1,0.2
0,0.2,0.1,0.2,0.1
0,0.2,0.1,0.1,0.1
0,0.2,0.2,0.2,0.1
0,0.2,0.1,0.1,0.1
0,0.2,0.1,0.1,0.2
0,0.2,0.1,0.2,0.1
0,0.3,0.1,0.2,0.1
0,0.2,0.1,0.2,0.1
0,0.2,0.1,0.1,0.1
0,0.2,0.2,0.2,0.1
0,0.2,0.1,0.2,0.1
0,0.2,0.1,0.1,0.1
0,0.2,0.1,0.2,0.1
0,0.2,0.1,0.2,0.1
0,0.2,0.1,0.2,0.1
0,0.3,0.2,0.1,0.1
0,0.2,0.1,0.2,0.1
0,0.3,0.1,0.2,0.1
0,0.2,0.2,0.1,0.1
0,0.2,0.1,0.2,0.1
0,0.2,0.2,0.1,0.1
0,0.2,0.1,0.1,0.2
0,0.2,0.1,0.1,0.2
0,0.2,0.2,0.2,0.1
0,0.2,0.1,0.1,0.2
0,0.2,0.1,0.2,0.1
0,0.2,0.2,0.2,0.1
0,0.2,0.1,0.2,0.1
0,0.2,0.1,0.1,0.2
0,0.2,0.1,0.2,0.1
0,0.2,0.1,0.1,0.2
0,0.2,0.1,0.1,0.2
0,0.2,0.1,0.1,0.2
0,0.2,0.1,0.1,0.2
0,0.2,0.2,0.1,0.2
0,0.3,0.1,0.2,0.1
0,0.2,0.1,0.1,0.2
0,0.2,0.1,0.1,0.1
0,0.2,0.1,0.2,0.1
0,0.2,0.1,0.2,0.1
0,0.2,0.2,0.2,0.1
0,0.2,0.1,0.2,0.1
0,0.2,0.1,0.2,0.1
0,0.2,0.1,0.2,0.1
0,0.2,0.1,0.2,0.1
0,0.2,0.2,0.2,0.1
0,0.2,0.1,0.1,0.2
0,0.2,0.1,0.2,0.1
0,0.2,0.1,0.2,0.1
0,0.3,0.3,0.3,0.2
0,0.2,0.1,0.2,0.1
0,0.2,0.1,0.2,0.1
0,0.2,0.1,0.1,0.1
0,0.3,0.3,0.2,0.2
0,0.2,0.1,0.2,0.1
0,0.3,0.2,0.1,0.1
0,0.3,0.2,0.1,0.1
0,0.2,0.1,0.1,0.2
0,0.2,0.2,0.2,0.1
0,0.2,0.1,0.1,0.1
0,0.2,0.1,0.2,0.1
0,0.2,0.1,0.1,0.2
0,0.2,0.1,0.2,0.1
0,0.2,0.1,0.2,0.1
0,0.2,0.1,0.1,0.1
0,0.4,0.3,0.3,0.3
0,0.2,0.1,0.1,0.2
0,0.3,0.1,0.1,0.1
0,0.2,0.2,0.2,0.1
0,0.2,0.1,0.1,0.2
0,0.2,0.1,0.1,0.2
0,0.2,0.1,0.1,0.2
0,0.2,0.1,0.2,0.2
0,0.2,0.2,0.2,0.1
0,0.3,0.2,0.2,0.1
0,0.2,0.2,0.2,0.1
0,0.2,0.1,0.2,0.1
0,0.2,0.1,0.1,0.2
0,0.3,0.2,0.1,0.2
0,0.3,0.1,0.1,0.1
0,0.7,0.2,0.2,0.3
0,0.3,0.1,0.2,0.1
0,0.2,0.1,0.2,0.1
0,0.2,0.1,0.2,0.2
0,0.2,0.1,0.2,0.1
0,0.2,0.1,0.2,0.1
0,0.2,0.2,0.2,0.1
0,0.3,0.1,0.2,0.1
0,0.3,0.1,0.1,0.2
0,0.3,0.2,0.2,0.1
0,0.2,0.1,0.1,0.1
0,0.2,0.2,0.1,0.1
0,0.2,0.2,0.1,0.2
0,0.3,0.1,0.2,0.1
0,0.8,0.5,0.5,0.5
0,0.2,0.2,0.2,0.2
0,0.3,0.1,0.1,0.2
0,0.2,0.1,0.1,0.2
0,0.2,0.1,0.2,0.1
0,0.3,0.1,0.1,0.2
0,0.2,0.1,0.2,0.2
0,0.3,0.2,0.2,0.2
0,0.2,0.1,0.1,0.1
0,0.2,0.1,0.2,0.2
0,0.2,0.1,0.2,0.2
0,0.2,0.1,0.1,0.1
0,0.2,0.2,0.2,0.2
0,0.2,0.1,0.1,0.2
0,0.2,0.2,0.2,0.1
0,0.2,0.2,0.2,0.1
0,0.2,0.1,0.1,0.2
0,0.2,0.1,0.1,0.2
0,0.2,0.1,0.2,0.1
0,0.3,0.1,0.1,0.2
0,0.2,0.1,0.1,0.2
0,0.3,0.1,0.1,0.1
0,0.2,0.1,0.2,0.1
0,0.2,0.1,0.2,0.2
0,0.3,0.2,0.2,0.2
0,0.2,0.2,0.2,0.1
0,0.2,0.1,0.2,0.1
0,0.2,0.2,0.1,0.1
0,0.2,0.1,0.1,0.1
0,0.2,0.1,0.2,0.1
0,0.2,0.1,0.1,0.2
0,0.2,0.1,0.1,0.2
0,0.3,0.1,0.1,0.2
0,0.2,0.1,0.1,0.2
0,0.2,0.1,0.1,0.2
0,0.2,0.2,0.2,0.1
0,0.3,0.1,0.1,0.1
0,0.2,0.2,0.2,0.3
0,0.2,0.1,0.2,0.1
0,0.2,0.1,0.1,0.2
0,0.2,0.1,0.2,0.2
0,0.2,0.2,0.1,0.1
0,0.2,0.1,0.1,0.1
0,0.3,0.2,0.1,0.2
0,0.2,0.1,0.2,0.1
0,0.2,0.1,0.1,0.1
0,0.2,0.1,0.1,0.2
0,0.5,0.3,0.4,0.3
0,0.3,0.2,0.2,0.2
0,0.2,0.1,0.2,0.1
0,0.2,0.1,0.2,0.1
0,0.3,0.1,0.1,0.2
0,0.3,0.1,0.1,0.1
0,0.5,0.4,0.4,0.3
0,0.2,0.2,0.2,0.1
0,0.2,0.1,0.1,0.2
0,0.2,0.1,0.2,0.2
0,0.2,0.1,0.1,0.2
0,0.2,0.1,0.1,0.1
0,0.2,0.1,0.1,0.2
0,0.2,0.1,0.2,0.1
0,0.2,0.2,0.2,0.1
0,0.2,0.1,0.1,0.2
0,0.2,0.1,0.2,0.1
0,0.2,0.1,0.1,0.2
0,0.2,0.1,0.2,0.2
0,0.2,0.1,0.2,0.2
0,0.3,0.2,0.1,0.1
0,0.2,0.1,0.2,0.1
0,0.3,0.1,0.1,0.2
0,0.2,0.1,0.1,0.1
0,0.3,0.1,0.1,0.2
0,0.2,0.1,0.1,0.1
0,0.2,0.2,0.2,0.2
0,0.3,0.1,0.1,0.2
0,0.2,0.2,0.2,0.2
0,0.3,0.2,0.2,0.1
0,0.2,0.1,0.2,0.2
0,0.3,0.1,0.2,0.1
0,0.2,0.1,0.1,0.2
0,0.3,0.2,0.1,0.1
0,0.2,0.2,0.2,0.1
0,0.3,0.1,0.2,0.1
0,0.2,0.1,0.2,0.1
0,0.2,0.2,0.2,0.1
0,0.3,0.2,0.2,0.1
0,0.3,0.1,0.2,0.1
0,0.2,0.1,0.1,0.1
0,0.2,0.1,10,0.1
0,0.3,0.2,0.2,0.2
0,0.2,0.1,0.2,0.1
0,0.2,0.1,0.1,0.1
0,0.2,0.1,0.1,0.2
0,0.3,0.1,0.1,0.2
0,0.3,0.1,0.1,0.1
0,0.3,0.4,0.1,0.2
0,0.3,0.2,0.2,0.2
0,0.2,0.1,0.1,0.1
0,0.2,0.1,0.2,0.1
0,0.4,0.1,0.2,0.2
0,0.2,0.1,0.2,0.1
0,0.7,0.2,0.2,0.5
0,0.3,0.1,0.1,0.1
0,0.2,0.2,0.1,0.1
0,0.2,0.1,0.1,0.2
0,0.3,0.1,0.1,0.2
0,0.2,0.2,0.1,0.1
0,0.2,0.2,0.2,0.2
0,0.3,0.1,0.1,0.2
0,0.2,0.1,0.1,0.2
0,0.3,0.1,0.1,0.2
0,0.3,0.2,0.1,0.1
0,0.3,0.3,0.2,0.3
0,0.2,0.1,0.1,0.1
0,0.2,0.2,0.1,0.1
0,0.2,0.1,0.2,0.1
0,0.2,0.1,0.1,0.2
0,0.3,0.2,0.1,0.1
0,0.3,0.1,0.1,0.2
0,0.3,0.1,0.1,0.1
0,0.2,0.1,0.2,0.1
0,0.2,0.1,0.2,0.1
0,0.2,0.1,0.1,11.7
0,0.4,0.2,0.2,0.2
0,0.2,0.1,0.1,0.2
0,0.2,0.1,0.1,0.2
0,0.2,0.2,0.1,0.1
0,0.2,0.1,0.1,0.2
0,0.2,0.1,0.1,0.1
0,0.2,0.1,0.1,0.2
0,0.3,0.2,0.2,0.1
0,0.2,0.1,0.1,0.1
0,0.2,0.2,0.2,0.1
0,0.2,0.2,0.2,0.1
0,0.2,0.2,0.2,0.1
0,0.2,0.1,0.1,0.2
0,0.3,0.1,0.2,0.1
0,0.2,0.1,0.1,0.2
0,0.3,0.2,0.1,0.1
0,0.2,0.1,0.1,0.2
0,0.3,0.2,0.2,0.1
0,0.2,0.1,0.1,0.1
0,0.3,0.2,0.1,0.1
0,0.3,0.2,0.1,0.1
0,0.2,0.1,0.2,0.1
0,0.2,0.1,0.1,0.2
0,0.2,0.1,0.2,0.1
0,0.3,0.1,0.1,0.2
0,0.2,0.1,0.1,0.2
0,0.2,0.2,0.1,0.1
0,0.2,0.1,0.2,0.1
0,0.2,0.2,0.2,0.1
0,0.2,0.1,0.2,0.1
0,0.2,0.1,0.1,0.1
0,0.2,0.1,0.1,0.1
0,0.2,0.2,0.2,0.2
0,0.2,0.1,0.1,0.2
0,0.2,0.1,0.1,0.2
0,0.2,0.1,0.1,0.2
0,0.2,0.2,0.2,0.1
0,0.3,0.1,0.1,0.2
0,0.2,0.1,0.1,0.2
0,0.2,0.1,0.1,0.2
0,0.2,0.2,0.1,0.1
0,0.2,0.1,0.2,0.1
0,0.2,0.2,0.1,0.1
0,0.2,0.1,0.2,0.1
0,0.3,0.1,0.2,0.1
0,0.2,0.1,0.1,0.1
0,0.3,0.2,0.2,0.1
0,0.3,0.2,0.2,0.1
0,0.2,0.1,0.2,0.1
0,0.3,0.1,0.1,0.2
0,0.3,0.1,0.2,0.2
0,0.2,0.1,0.2,0.1
0,0.2,0.2,0.2,0.1
0,0.3,0.1,0.1,0.1
0,0.2,0.1,0.1,0.2
0,0.3,0.1,0.1,0.1
0,0.2,0.2,0.1,0.1
0,0.2,0.2,0.2,0.1
0,0.3,0.1,0.1,0.1
0,0.2,0.1,0.1,0.1
0,0.3,0.2,0.1,0.1
0,0.2,0.1,0.1,0.1
0,0.2,0.1,0.1,0.2
0,0.3,0.2,0.2,0.1
0,0.2,0.1,0.1,0.2
0,0.2,0.2,0.1,0.1
0,0.3,0.2,0.2,0.1
0,0.3,0.1,0.1,0.2
0,0.2,0.1,0.1,0.2
0,0.2,0.1,0.1,0.1
0,0.2,0.1,0.2,0.1
0,0.2,0.1,0.1,0.2
0,0.2,0.1,0.1,0.1
0,0.2,0.1,0.1,0.2
0,0.2,0.1,0.2,0.2
0,0.2,0.1,0.1,0.1
0,0.2,0.1,0.2,0.2
0,0.2,0.1,0.1,0.1
0,0.3,0.1,0.2,0.1
0,0.3,0.2,0.1,0.1
0,0.2,0.1,0.2,0.1
0,0.2,0.1,0.2,0.1
0,0.2,0.1,0.1,0.2
0,0.2,0.1,0.1,0.2
0,0.4,0.3,0.2,0.1
0,0.2,0.2,0.2,0.1
0,0.3,0.1,0.1,0.1
0,0.2,0.1,0.1,0.1
0,0.3,0.2,0.2,0.1
0,0.2,0.1,0.2,0.1
0,0.3,0.1,0.1,0.1
0,0.3,0.2,0.2,0.1
0,0.2,0.2,0.1,0.1
0,0.2,0.1,0.1,0.2
0,0.2,0.2,0.1,0.1
0,1.9,0.2,0.1,0.1
0,0.3,0.1,0.2,0.1
0,0.3,0.2,0.1,0.1
0,0.3,0.1,0.1,0.2
0,0.2,0.1,0.1,0.2
0,0.3,0.2,0.2,0.1
0,0.3,0.1,0.2,0.1
0,0.2,0.1,0.2,0.1
0,0.2,0.1,0.1,0.2
0,0.2,0.1,0.2,0.1
0,0.3,0.1,0.1,0.2
0,0.2,0.1,0.1,0.1
0,0.2,0.1,0.1,0.2
0,0.3,0.1,0.1,0.2
0,0.3,0.1,0.1,0.2
0,0.2,0.1,0.1,0.1
0,0.3,0.2,0.1,0.1
0,0.2,0.1,0.1,0.2
0,0.2,0.1,0.1,0.2
0,0.2,0.1,0.1,0.2
0,0.2,0.1,0.1,0.1
0,0.2,0.1,0.2,0.1
0,0.3,0.1,0.1,0.1
0,0.3,0.2,0.1,0.1
0,0.2,0.1,0.1,0.2
0,0.2,0.1,0.1,0.2
0,0.2,0.1,0.2,0.1
0,0.2,0.1,0.2,0.2
0,0.2,0.1,0.1,0.2
0,0.2,0.1,0.1,0.1
0,0.3,0.1,3.1,0.1
0,0.2,0.2,0.1,0.1
0,0.3,0.1,0.2,0.1
0,0.3,0.2,0.1,0.1
0,0.3,0.3,0.3,0.3
0,0.3,0.2,0.2,0.1
0,0.3,0.2,0.2,0.1
0,0.3,0.2,0.2,0.1
0,0.2,0.1,0.2,0.1
0,0.3,0.2,0.2,0.1
0,0.3,0.2,0.2,0.1
0,0.2,0.1,0.2,0.1
0,0.3,0.1,0.2,0.1
0,0.2,0.1,0.1,0.2
0,0.4,0.2,0.3,0.4
0,0.3,0.2,0.2,0.1
0,0.3,0.1,0.1,0.2
0,0.2,0.2,0.2,0.1
0,1.7,0.3,0.4,0.4
0,0.2,0.1,0.1,0.2
0,0.2,0.1,0.2,0.2
0,0.2,0.1,0.1,0.2
0,0.2,0.1,0.1,0.2
0,0.3,0.1,0.1,0.1
0,0.3,0.1,0.2,0.1
0,0.3,0.2,0.2,0.1
0,0.2,0.2,0.2,0.2
0,0.2,0.1,0.1,0.2
0,0.3,0.1,0.2,0.2
0,0.3,0.1,0.1,0.1
0,0.2,0.1,0.2,0.1
0,0.3,0.2,0.1,0.2
0,0.2,0.1,0.2,0.1
0,0.2,0.1,0.1,0.1
0,0.3,0.2,0.2,0.2
0,0.2,0.2,0.1,0.1
0,0.2,0.2,0.1,0.1
0,0.2,0.1,0.2,0.1
0,0.2,0.1,0.2,0.1
0,0.2,0.1,0.1,0.2
0,0.2,0.2,0.2,0.2
0,0.2,0.2,0.2,0.1
0,0.2,0.1,0.2,0.1
0,0.2,0.2,0.2,0.1
0,0.2,0.1,0.2,0.1
0,0.2,0.2,0.2,0.1
0,0.2,0.1,0.1,0.2
0,0.4,0.4,0.3,0.3
0,0.4,0.3,0.3,0.2
0,0.2,0.2,0.2,0.1
0,0.2,0.2,0.1,0.2
0,0.6,0.3,0.4,0.3
0,0.2,0.1,0.2,0.1
0,0.2,0.1,0.1,0.2
0,0.3,0.1,0.2,0.1
0,0.2,0.1,0.2,0.2
0,0.2,0.1,0.1,0.2
0,0.2,0.1,0.2,0.1
0,0.2,0.1,0.1,0.2
0,0.3,0.1,0.2,0.1
0,0.2,0.1,0.1,0.2
0,0.2,0.2,0.2,0.1
0,0.2,0.1,0.1,0.2
0,0.3,0.1,0.2,0.1
0,0.2,0.1,0.2,0.1
0,0.2,0.1,0.2,0.1
0,0.2,0.2,0.2,0.2
0,0.2,0.2,0.2,0.1
0,0.3,0.1,0.2,0.1
0,0.2,0.1,0.2,0.2
0,0.2,0.1,0.1,0.2
0,0.2,0.2,0.2,0.1
0,0.2,0.1,0.1,0.1
0,0.4,0.3,0.4,0.3
0,0.5,0.3,0.3,0.3
0,0.2,0.1,0.2,0.1
0,0.2,0.1,0.2,0.1
0,0.2,0.1,0.1,0.1
0,0.2,0.1,0.1,0.1
0,0.2,0.2,0.2,0.2
0,0.3,0.1,0.1,0.2
0,0.2,0.1,0.1,0.1
0,0.2,0.1,0.2,0.1
0,0.2,0.1,0.1,0.2
0,0.2,0.2,0.2,0.1
0,0.6,0.2,0.3,0.3
0,0.3,0.2,0.2,0.1
0,0.2,0.1,0.1,0.2
0,0.6,1.1,0.7,1.1
0,0.2,0.1,0.1,0.2
0,0.3,0.1,0.1,0.2
0,0.2,0.1,0.2,0.1
0,0.2,0.1,0.1,0.1
0,0.2,0.2,0.2,0.1
0,0.2,0.2,0.1,0.1
0,0.4,1,1.1,0.3
0,0.2,0.1,0.2,0.1
0,0.2,0.1,0.2,0.1
0,0.2,0.1,0.1,0.2
0,0.2,0.1,0.1,0.2
0,0.2,0.1,0.2,0.1
0,0.4,0.3,0.4,0.2
0,0.3,0.2,0.1,0.1
0,0.2,0.1,0.1,0.2
0,0.3,0.2,0.2,0.2
0,0.3,0.1,0.1,0.1
0,0.3,0.2,0.1,0.1
0,0.3,0.1,0.2,0.1
0,0.2,0.1,0.2,0.1
0,0.2,0.1,0.1,0.1
0,1.2,1,1.1,1.1
0,0.3,0.1,0.1,0.2
0,0.2,0.1,0.1,0.1
0,0.2,0.1,0.1,0.2
0,0.2,0.1,0.2,0.1
0,0.2,0.1,0.1,0.2
0,0.2,0.1,0.1,0.1
0,0.2,0.1,0.1,0.2
0,0.3,0.1,0.1,0.2
0,0.3,0.2,0.2,0.1
0,0.2,0.2,0.2,0.1
0,0.3,0.2,0.3,0.1
0,0.2,0.1,0.2,0.1
0,0.3,0.1,0.1,0.1
0,0.2,0.1,0.1,0.1
0,0.2,0.1,0.2,0.1
0,0.3,0.1,0.1,0.2
0,0.2,0.1,0.2,0.1
0,0.4,0.2,0.2,0.2
0,0.2,0.1,0.1,0.2
0,0.2,0.2,0.1,0.1
0,0.3,0.2,0.2,0.1
0,0.2,0.1,0.1,0.1
0,0.3,0.1,0.1,0.2
0,0.5,0.5,0.5,0.3
0,0.2,0.2,0.2,0.2
0,0.2,0.1,0.2,0.1
0,0.3,0.2,0.1,0.1
0,0.3,0.1,0.1,0.2
0,0.2,0.1,0.1,0.2
0,0.2,0.1,0.1,0.2
0,0.2,0.1,0.2,0.1
0,0.2,0.1,0.2,0.2
0,0.2,0.1,0.1,0.1
0,0.3,0.1,0.2,0.1
0,0.2,0.1,0.1,0.2
0,0.3,0.1,0.2,0.1
0,0.3,0.1,0.1,0.1
0,0.3,0.1,0.1,0.1
0,0.2,0.1,0.1,0.1
0,0.3,0.2,0.2,0.1
0,0.3,0.1,0.1,0.2
0,0.3,0.1,0.2,0.1
0,0.2,0.1,0.1,0.2
0,0.2,0.2,0.2,0.1
0,0.2,0.2,0.1,0.1
0,0.2,0.2,0.2,0.1
0,0.2,0.1,0.2,0.1
0,0.2,0.1,0.2,0.1
0,0.2,0.1,0.2,0.1
0,0.3,0.1,0.1,0.2
0,0.3,0.1,0.2,0.1
0,0.3,0.2,0.2,0.1
0,0.3,0.1,0.2,0.1
0,0.2,0.1,0.1,0.1
0,0.2,0.1,0.2,0.1
0,0.2,0.1,0.1,0.1
0,0.2,0.1,0.1,0.2
0,0.2,0.2,0.2,0.1
0,0.3,0.1,0.2,0.1
0,0.2,0.2,0.1,0.1
0,0.3,0.2,0.2,0.3
0,0.4,0.3,0.3,0.2
0,0.3,0.2,0.2,0.2
0,0.2,0.1,0.1,0.2
0,0.2,0.2,0.1,0.1
0,0.2,0.2,0.2,0.1
0,0.7,0.2,0.2,0.3
0,0.2,0.1,0.1,0.2
0,0.2,0.2,0.1,0.1
0,0.2,0.2,0.2,0.1
0,0.2,0.1,0.1,0.2
0,0.4,0.3,0.2,0.2
0,0.3,0.1,0.1,0.2
0,0.2,0.1,0.2,0.1
0,0.2,0.1,0.2,0.1
0,0.2,0.2,0.1,0.1
0,0.2,0.2,0.1,0.1
0,0.2,0.1,0.2,0.1
0,0.3,0.1,0.2,0.1
0,0.2,0.1,0.1,0.2
0,0.2,0.1,0.2,0.1
0,0.2,0.1,0.2,0.1
0,0.2,0.1,0.1,0.2
0,0.2,0.1,0.1,0.1
0,0.2,0.1,0.1,0.1
0,0.2,0.1,0.1,0.2
0,0.2,0.1,0.2,0.1
0,0.2,0.2,0.2,0.1
0,0.2,0.1,0.1,0.2
0,0.2,0.1,0.2,0.1
0,0.2,0.1,0.2,0.2
0,0.2,0.1,0.1,0.2
0,0.2,0.1,0.1,0.2
0,0.2,0.1,0.1,0.2
0,0.2,0.1,0.1,0.1
0,0.2,0.1,0.1,0.1
0,0.2,0.2,0.2,0.1
0,0.2,0.1,0.1,0.1
0,0.2,0.1,0.1,0.2
0,0.2,0.1,0.2,0.1
0,0.2,0.1,0.1,0.2
0,0.2,0.1,0.1,0.2
0,0.2,0.2,0.2,0.1
0,0.2,0.1,0.1,0.1
0,0.3,0.1,0.2,0.1
0,0.2,0.1,0.1,0.2
0,0.2,0.1,0.1,0.1
0,0.3,0.2,0.1,0.1
0,0.2,0.1,0.1,0.2
0,0.3,0.1,0.1,0.1
0,0.2,0.1,0.2,0.1
0,0.3,0.1,0.1,0.2
0,0.2,0.1,0.1,0.2
0,0.3,0.1,0.1,0.2
0,0.2,0.1,0.2,0.1
0,0.3,0.2,0.2,0.1
0,0.2,0.1,0.2,0.1
0,0.2,0.1,0.1,0.2
0,0.2,0.1,0.1,0.2
0,0.2,0.1,0.2,0.1
0,0.2,0.1,0.1,0.2
0,0.2,0.1,0.1,0.2
0,0.2,0.1,0.2,0.1
0,0.2,0.2,0.3,0.2
0,0.2,0.2,0.2,0.1
0,0.3,0.1,0.2,0.1
0,0.2,0.1,0.2,0.1
0,0.2,0.1,0.2,0.1
0,0.2,0.1,0.2,0.1
0,0.2,0.1,0.2,0.1
0,0.2,0.2,0.1,0.1
0,0.2,0.1,0.2,0.1
0,0.2,0.1,0.2,0.1
0,0.2,0.2,0.1,0.3
0,0.3,0.1,0.1,0.2
0,0.3,0.2,0.2,0.1
0,0.2,0.1,0.2,0.1
0,0.3,0.1,0.1,0.2
0,0.3,0.1,0.2,0.1
0,0.3,0.2,0.1,0.2
0,0.2,0.2,0.1,0.1
0,0.2,0.1,0.2,0.1
0,0.2,0.1,0.2,0.1
0,0.2,0.2,0.1,0.1
0,0.2,0.1,0.1,0.1
0,0.2,0.1,0.1,0.2
0,0.2,0.2,0.2,0.1
0,0.2,0.1,0.1,0.2
0,0.2,0.1,0.1,0.1
0,0.2,0.1,0.1,0.1
0,0.2,0.2,0.1,0.1
0,0.2,0.1,0.1,0.2
0,0.2,0.1,0.1,0.2
0,0.2,0.1,0.1,0.2
0,0.2,0.1,0.2,0.1
0,0.3,0.1,0.2,0.2
0,0.3,0.2,0.2,0.1
0,0.2,0.1,0.1,0.2
0,0.2,0.1,0.1,0.1
0,0.2,0.1,0.2,0.1
0,0.3,0.1,0.2,0.1
0,0.2,0.1,0.2,0.1
0,0.3,0.2,0.2,0.2
0,0.2,0.1,0.1,0.2
0,0.2,0.2,0.2,0.1
0,0.4,0.2,0.2,0.3
0,0.2,0.2,0.2,0.1
0,0.2,0.2,0.2,0.1
0,0.2,0.2,0.1,0.1
0,0.2,0.1,0.2,0.1
0,0.2,0.1,0.2,0.1
0,0.2,0.1,0.1,0.2
0,0.2,0.2,0.2,0.1
0,0.3,0.1,0.2,0.1
0,0.2,0.1,0.1,0.2
0,0.2,0.1,9.9,0.1
0,0.2,0.2,0.2,0.1
0,0.2,0.1,0.2,0.2
0,0.5,0.3,0.3,0.3
0,0.2,0.2,0.2,0.2
0,0.2,0.1,0.2,0.1
0,0.3,0.2,0.2,0.1
0,0.3,0.1,0.1,0.1
0,0.3,0.1,0.1,0.2
0,0.3,0.1,0.2,0.1
0,0.3,0.2,0.2,0.2
0,0.3,0.1,0.2,0.1
0,0.2,0.1,0.2,0.1
0,0.6,0.4,0.5,0.5
0,0.2,0.1,0.1,0.2
0,0.2,0.1,0.1,0.2
0,0.2,0.2,0.2,0.1
0,0.2,0.2,0.2,0.1
0,0.2,0.1,0.2,0.2
0,0.2,0.1,0.1,0.2
0,0.2,0.1,0.1,0.2
0,0.2,0.1,0.1,0.2
0,0.3,0.1,0.1,0.1
0,0.2,0.2,0.2,0.1
0,0.3,0.1,0.1,0.1
0,0.2,0.1,0.1,0.2
0,0.3,0.2,0.1,0.2
0,0.3,0.2,0.2,0.1
0,0.3,0.1,0.1,0.1
0,0.2,0.2,0.2,0.1
0,0.2,0.1,0.1,0.1
0,0.2,0.1,0.1,0.1
0,0.3,0.2,0.2,0.2
0,0.3,0.1,0.1,0.1
0,0.2,0.1,0.1,0.2
0,0.3,0.1,0.2,0.1
0,0.3,0.1,0.1,0.2
0,0.2,0.1,0.1,0.2
0,0.2,0.2,0.1,0.1
0,0.2,0.1,0.1,0.2
0,0.5,0.4,0.3,0.4
0,0.2,0.2,0.2,0.1
0,0.2,0.1,0.2,0.1
0,0.2,0.2,0.2,0.1
0,0.2,0.1,0.1,0.2
0,0.2,0.1,0.1,0.2
0,0.2,0.1,0.1,0.2
0,0.2,0.1,0.1,0.2
0,0.3,0.1,0.1,0.1
0,0.3,0.2,0.2,0.1
0,0.2,0.1,0.2,0.1
0,0.2,0.1,0.2,0.1
0,0.2,0.1,0.1,0.2
0,0.2,0.1,0.2,0.1
0,0.3,0.1,0.2,0.1
0,0.2,0.2,0.2,0.1
0,0.2,0.1,0.1,0.2
0,0.2,0.1,0.2,0.1
0,0.3,0.1,0.1,0.2
0,0.3,0.2,0.2,0.1
0,0.5,0.3,0.3,0.4
0,0.3,0.1,0.2,0.1
0,0.3,0.2,0.2,0.1
0,0.2,0.1,0.1,0.1
0,0.2,0.2,0.2,0.1
0,0.3,0.1,0.1,0.2
0,0.2,0.1,0.2,0.2
0,0.3,0.1,0.1,0.1
0,0.3,0.1,0.1,0.2
0,0.2,0.1,0.2,0.1
0,0.3,0.1,0.1,0.2
0,0.3,0.2,0.2,0.2
0,0.2,0.2,0.2,0.1
0,0.2,0.1,0.2,0.1
0,0.3,0.2,0.2,0.1
0,0.2,0.2,0.2,0.1
0,0.2,0.1,0.2,0.1
0,1.2,1,1.1,0.9
0,0.2,0.1,0.1,0.1
0,0.2,0.1,0.2,0.2
0,0.2,0.2,0.2,0.1
0,0.2,0.1,0.1,0.1
0,0.3,0.1,0.2,0.1
0,0.2,0.1,0.1,0.1
0,0.2,0.1,0.2,0.1
0,0.2,0.1,0.2,0.1
0,0.3,0.1,0.2,0.1
0,0.4,0.3,0.3,0.3
0,0.4,0.4,0.4,0.3
0,0.3,0.1,0.1,0.2
0,0.2,0.2,0.2,0.1
0,0.2,0.1,0.1,0.2
0,0.2,0.1,0.1,0.1
0,0.3,0.1,0.1,0.2
0,0.2,0.1,0.2,0.1
0,0.2,0.1,0.2,0.1
0,0.2,0.1,0.1,0.2
0,0.2,0.1,0.1,0.2
0,0.3,0.1,0.1,0.2
0,0.3,0.1,0.2,0.1
0,0.2,0.2,0.1,0.1
0,0.2,0.1,0.1,0.2
0,0.3,0.2,0.2,0.2
0,0.2,0.1,0.1,0.1
0,0.2,0.1,0.2,0.1
0,0.2,0.1,0.2,0.1
0,0.2,0.1,0.2,0.1
0,0.2,0.1,0.1,0.1
0,0.2,0.2,0.1,0.1
0,0.3,0.1,0.3,0.1
0,0.2,0.1,0.1,0.1
0,0.2,0.1,0.1,0.2
0,0.2,0.1,0.1,0.1
0,0.2,0.1,0.2,0.1
0,0.3,0.2,0.2,0.2
0,0.2,0.1,0.2,0.2
0,0.2,0.1,0.2,0.1
0,0.2,0.2,0.2,0.1
0,0.2,0.1,0.2,0.1
0,0.2,0.1,0.1,0.2
0,0.6,0.3,0.4,0.3
0,0.2,0.1,0.2,0.1
0,0.3,0.2,0.2,0.1
0,0.2,0.1,0.2,0.2
0,0.2,0.2,0.1,0.1
0,0.2,0.1,0.1,0.2
0,0.2,0.1,0.1,0.2
0,0.2,0.1,0.1,0.2
0,0.2,0.1,0.1,0.1
0,0.3,0.1,0.2,0.1
0,0.2,0.2,0.1,0.1
0,0.2,0.1,0.1,0.1
0,0.2,0.1,0.2,0.1
0,0.2,0.1,0.1,0.1
0,0.2,0.2,0.2,0.1
0,0.2,0.1,0.2,0.1
0,0.2,0.2,0.2,0.1
0,0.2,0.1,0.2,0.1
0,0.2,0.1,0.2,0.2
0,0.2,0.1,0.2,0.2
0,0.2,0.1,0.1,0.2
0,0.2,0.1,0.2,0.1
0,0.2,0.2,0.2,0.1
0,0.2,0.1,0.2,0.1
0,0.2,0.1,0.1,0.2
0,0.2,0.1,0.2,0.1
0,0.2,0.1,0.2,0.1
0,0.2,0.1,0.2,0.1
0,0.2,0.1,0.2,0.2
0,0.2,0.2,0.1,0.1
0,0.3,0.1,0.2,0.1
0,0.2,0.1,0.2,0.1
0,0.3,0.1,0.1,0.2
0,0.2,0.1,0.1,0.2
0,0.3,0.2,0.1,0.1
0,0.2,0.1,0.2,0.1
0,0.2,0.1,0.2,0.1
0,0.2,0.1,0.1,0.2
0,0.2,0.2,0.2,0.1
0,0.2,0.1,0.1,0.2
0,0.2,0.2,0.1,0.1
0,0.2,0.2,0.1,0.1
0,0.3,0.1,0.1,0.2
0,0.2,0.1,0.1,0.1
0,0.2,0.1,0.1,0.1
0,0.2,0.1,0.1,0.1
0,0.3,0.3,0.3,0.2
0,0.2,0.1,0.2,0.1
0,0.3,0.2,0.2,0.2
0,0.3,0.1,0.2,0.1
0,0.2,0.1,0.2,0.1
0,0.2,0.2,0.2,0.1
0,0.2,0.1,0.2,0.1
0,0.2,0.1,0.2,0.1
0,0.2,0.1,0.1,0.1
0,0.2,0.1,0.2,0.1
0,0.2,0.1,0.1,0.1
0,0.2,0.1,0.1,0.2
0,0.2,0.1,0.2,0.1
0,0.2,0.2,0.2,0.1
0,0.2,0.1,0.1,0.2
0,0.2,0.1,0.1,0.1
0,0.2,0.1,0.1,0.1
0,0.2,0.2,0.2,0.1
0,0.2,0.2,0.1,0.1
0,0.3,0.1,0.2,0.1
0,0.2,0.1,0.2,0.1
0,0.2,0.2,0.1,0.1
0,0.2,0.1,0.1,0.1
0,0.3,0.1,0.1,0.1
0,0.2,0.2,0.2,0.1
0,0.2,0.1,0.1,0.2
0,0.2,0.1,0.1,0.2
0,0.2,0.1,0.1,0.1
0,0.2,0.2,0.1,0.1
0,0.2,0.1,0.1,0.2
0,0.2,0.1,0.1,0.1
0,0.2,0.1,0.1,0.2
0,0.3,0.1,0.2,0.1
0,0.2,0.1,0.1,0.1
0,0.2,0.1,0.1,0.2
0,0.2,0.1,0.1,0.2
0,0.2,0.1,0.2,0.1
0,0.2,0.1,0.2,0.2
0,0.2,0.1,0.2,0.2
0,0.4,0.2,0.2,0.1
0,0.2,0.1,0.1,0.2
0,0.2,0.1,0.1,0.2
0,0.2,0.2,0.2,0.1
0,0.2,0.1,0.1,0.1
0,0.2,0.1,0.2,0.1
0,0.3,0.1,0.1,0.1
0,0.2,0.1,0.1,0.2
0,0.2,0.1,0.1,0.2
0,0.3,0.1,0.1,0.1
0,0.2,0.1,0.2,0.1
0,0.3,0.2,0.2,0.2
0,0.2,0.1,0.2,0.1
0,0.2,0.1,0.2,0.1
0,0.2,0.1,0.1,0.2
0,0.3,0.2,0.2,0.1
0,0.2,0.1,0.1,0.1
0,0.2,0.1,0.1,0.2
0,0.3,0.2,0.2,0.1
0,0.2,0.2,0.1,0.1
0,0.3,0.2,0.2,0.1
0,0.2,0.1,0.1,0.2
0,0.2,0.2,0.1,0.1
0,0.2,0.1,0.1,0.2
0,0.2,0.1,0.1,0.1
0,0.6,0.3,0.3,0.4
0,0.2,0.1,0.1,0.2
0,0.2,0.2,0.1,0.1
0,0.2,0.1,0.2,0.1
0,0.2,0.1,0.2,0.1
0,0.2,0.1,0.1,0.2
0,0.2,0.1,0.2,0.1
0,0.2,0.1,0.1,0.2
0,0.2,0.1,0.1,0.1
0,0.3,0.1,0.1,0.2
0,0.2,0.1,0.2,0.1
0,0.3,0.2,0.2,0.1
0,0.2,0.1,0.2,0.1
0,0.2,0.1,0.1,0.2
0,0.2,0.1,0.1,0.2
0,0.2,0.1,0.1,0.2
0,0.2,0.2,0.1,0.1
0,0.3,0.1,0.2,0.1
0,0.2,0.2,0.1,0.1
0,0.2,0.1,0.1,0.2
0,0.2,0.1,0.2,0.1
0,0.2,0.1,0.1,0.2
0,0.2,0.1,0.2,0.1
0,0.2,0.1,0.2,0.1
0,0.2,0.2,0.2,0.1
0,0.2,0.1,0.2,0.1
0,0.2,0.1,0.2,0.1
0,0.2,0.1,0.2,0.1
0,0.2,0.1,0.2,0.1
0,0.2,0.1,0.2,0.1
0,0.2,0.1,0.1,0.2
0,0.2,0.2,0.1,0.1
0,0.2,0.2,0.1,0.1
0,0.2,0.1,0.2,0.1
0,0.2,0.2,0.2,0.1
0,0.2,0.1,0.2,0.1
0,0.3,0.1,0.1,0.1
0,0.2,0.1,0.2,0.1
0,0.2,0.1,0.1,0.2
0,0.2,0.1,0.1,0.1
0,0.2,0.1,0.2,0.1
0,0.2,0.1,0.2,0.1
0,0.2,0.2,0.1,0.1
0,0.2,0.2,0.1,0.1
0,0.2,0.1,0.2,0.1
0,0.2,0.2,0.1,0.1
0,0.2,0.1,0.1,0.2
0,0.2,0.1,0.2,0.1
0,0.2,0.1,0.2,0.1
0,0.3,0.2,0.2,0.1
0,0.2,0.1,0.2,0.2
0,0.2,0.1,0.2,0.1
0,0.2,0.1,0.2,0.2
0,0.2,0.1,0.1,0.2
0,0.2,0.1,0.1,0.2
0,0.2,0.1,0.2,0.1
0,0.2,0.1,0.2,0.1
0,0.2,0.2,0.2,0.1
0,0.2,0.1,0.1,0.1
0,0.3,0.1,0.2,0.1
0,0.2,0.1,0.1,0.2
0,0.2,0.2,0.2,0.1
0,0.2,0.1,0.2,0.1
0,0.2,0.1,0.1,0.2
0,0.2,0.2,0.2,0.1
0,0.2,0.1,0.2,0.1
0,0.3,0.1,0.2,0.1
0,0.2,0.1,0.2,0.2
0,0.2,0.1,0.2,0.1
0,0.2,0.2,0.1,0.1
0,0.2,0.1,0.1,0.1
0,0.2,0.2,0.1,0.1
0,0.3,0.1,0.1,0.2
0,0.2,0.1,0.1,0.2
0,0.2,0.1,0.1,0.2
0,0.2,0.1,0.2,0.1
0,0.2,0.1,0.1,0.2
0,0.2,0.1,0.2,0.1
0,0.2,0.1,0.2,0.1
0,0.2,0.1,0.1,0.2
0,0.2,0.2,0.2,0.1
0,0.2,0.2,0.2,0.1
0,0.2,0.1,0.2,0.1
0,0.2,0.2,0.1,0.1
0,0.2,0.1,0.2,0.1
0,0.2,0.1,0.2,0.1
0,0.2,0.1,0.1,0.1
0,0.2,0.1,0.2,0.1
0,0.2,0.2,0.2,0.1
0,0.2,0.1,0.1,0.2
0,0.2,0.1,0.2,0.2
0,0.2,0.1,0.2,0.1
0,0.3,0.1,0.2,0.1
0,0.2,0.1,0.1,0.2
0,0.3,0.1,0.2,0.1
0,0.2,0.1,0.2,0.1
0,0.3,0.1,0.1,0.2
0,0.2,0.1,0.1,0.2
0,0.2,0.1,0.1,0.1
0,0.2,0.2,0.1,0.1
0,0.2,0.1,0.2,0.1
0,0.3,0.1,0.1,0.2
0,0.2,0.1,0.1,0.2
0,0.2,0.1,0.2,0.1
0,0.2,0.1,0.1,0.1
0,0.2,0.1,0.2,0.1
0,0.2,0.2,0.2,0.1
0,0.2,0.1,0.1,0.1
0,0.2,0.2,0.2,0.1
0,0.2,0.1,0.1,0.2
0,0.2,0.2,0.1,0.1
0,0.3,0.1,0.2,0.1
0,0.3,0.1,0.2,0.1
0,0.2,0.1,0.2,0.1
0,0.2,0.1,0.2,0.1
0,0.2,0.1,0.1,0.2
0,0.3,0.1,0.1,0.2
0,0.2,0.2,0.1,0.1
0,0.2,0.1,0.1,0.1
0,0.3,0.1,0.1,0.1
0,0.4,0.3,0.3,0.3
0,0.2,0.1,0.2,0.1
0,0.3,0.1,0.1,0.1
0,0.2,0.1,0.1,0.2
0,0.2,0.1,0.1,0.2
0,0.2,0.1,0.2,0.1
0,0.2,0.1,0.1,0.2
0,0.2,0.2,0.2,0.1
0,0.2,0.1,0.2,0.2
0,0.2,0.1,0.2,0.1
0,0.2,0.2,0.2,0.1
0,0.2,0.1,0.1,0.2
0,0.3,0.1,0.1,0.2
0,0.2,0.1,0.1,0.2
0,0.2,0.1,0.1,0.1
0,0.2,0.1,0.2,0.1
0,0.2,0.1,0.1,0.1
0,0.2,0.1,0.2,0.1
0,0.2,0.1,0.2,0.1
0,0.2,0.1,0.2,0.1
0,0.3,0.1,0.1,0.2
0,0.2,0.2,0.2,0.1
0,0.2,0.1,0.2,0.2
0,0.2,0.1,0.1,0.1
0,0.2,0.1,0.2,0.1
0,0.3,0.1,0.2,0.1
0,0.2,0.1,0.1,0.2
0,0.2,0.1,0.1,0.1
0,0.2,0.1,0.1,0.2
0,0.2,0.1,0.1,0.1
0,0.2,0.1,0.2,0.1
0,0.2,0.1,0.2,0.1
0,0.3,0.2,0.1,0.1
0,0.2,0.2,0.2,0.1
0,0.2,0.1,0.2,0.1
0,0.2,0.1,0.1,0.1
0,0.2,0.1,0.2,0.1
0,0.3,0.1,0.1,0.2
0,0.2,0.2,0.1,0.1
0,0.2,0.1,0.2,0.1
0,0.2,0.1,0.2,0.1
0,0.2,0.1,0.2,0.1
0,0.3,0.1,0.1,0.2
0,0.2,0.2,0.2,0.1
0,0.2,0.2,0.1,0.1
0,0.3,0.1,0.1,0.2
0,0.2,0.2,0.2,0.1
0,0.2,0.1,0.2,0.1
0,0.2,0.2,0.2,0.1
0,0.2,0.1,0.1,0.2
0,0.2,0.2,0.2,0.1
0,0.2,0.1,0.1,0.2
0,0.2,0.2,0.1,0.1
0,0.2,0.1,0.1,0.2
0,0.2,0.1,0.1,0.2
0,0.2,0.1,0.1,0.2
0,0.2,0.1,0.1,0.2
0,0.2,0.1,0.1,0.1
0,0.2,0.1,0.1,0.2
0,0.2,0.1,0.1,0.1
0,0.2,0.1,0.1,0.1
0,0.2,0.1,0.1,0.2
0,0.2,0.1,0.1,0.1
0,0.2,0.1,0.1,0.2
0,0.2,0.1,0.2,0.2
0,0.1,0.2,0.2,0.1
0,0.2,0.1,0.1,0.2
0,0.2,0.1,0.1,0.1
0,0.3,0.2,0.2,0.1
0,0.3,0.2,0.2,0.2
0,0.2,0.1,0.2,0.1
0,0.3,0.2,0.1,0.1
0,0.3,0.2,0.2,0.1
0,0.2,0.1,0.1,0.2
0,0.8,0.1,0.3,0.2
0,0.3,0.2,0.1,0.1
0,0.2,0.1,0.1,0.1
0,0.2,0.2,0.2,0.1
0,0.2,0.2,0.2,0.1
0,0.2,0.1,0.2,0.1
0,0.3,0.2,0.1,0.1
0,0.2,0.2,0.1,0.1
0,0.2,0.1,0.1,0.1
0,0.2,0.1,0.1,0.2
0,0.3,0.1,0.2,0.1
0,0.2,0.1,0.1,0.1
0,0.2,0.1,0.1,0.1
0,0.2,0.1,0.2,0.1
0,0.3,0.1,0.2,0.1
0,0.3,0.1,0.1,0.1
0,0.3,0.1,0.2,0.1
0,0.2,0.2,0.1,0.1
0,0.2,0.1,0.1,0.2
0,0.3,0.1,0.1,0.2
0,0.3,0.1,0.1,0.1
0,0.3,0.2,0.2,0.1
0,0.2,0.2,0.2,0.1
0,0.3,0.1,0.1,0.2
0,0.3,0.1,0.1,0.1
0,0.2,0.1,0.2,0.1
0,0.2,0.1,0.1,0.2
0,0.2,0.1,0.2,0.2
0,0.3,0.1,0.2,0.1
0,0.3,0.2,0.1,0.1
0,0.4,0.3,0.3,0.3
0,0.3,0.2,0.2,0.1
0,0.2,0.1,0.2,0.1
0,0.2,0.1,0.1,0.2
0,0.2,0.2,0.1,0.1
0,0.2,0.2,0.1,0.1
0,0.2,0.1,0.1,0.2
0,0.3,0.1,0.2,0.1
0,0.2,0.1,0.1,0.1
0,0.2,0.1,0.2,0.1
0,0.2,0.1,0.2,0.1
0,0.2,0.1,0.1,0.1
0,0.3,0.2,0.2,0.1
0,0.2,0.2,0.1,0.2
0,0.3,0.2,0.2,0.1
0,0.3,0.1,0.1,0.2
0,0.3,0.1,0.1,0.2
0,0.2,0.1,0.2,0.1
0,0.2,0.2,0.2,0.1
0,0.2,0.1,0.2,0.1
0,0.2,0.1,0.2,0.1
0,0.2,0.1,0.2,0.1
0,0.2,0.1,0.1,0.2
0,0.2,0.1,0.1,0.1
0,0.3,0.2,0.1,0.1
0,0.3,0.2,0.2,0.2
0,0.2,0.1,0.2,0.1
0,0.2,0.2,0.3,0.3
0,0.3,0.1,0.1,0.1
0,0.2,0.1,0.2,0.1
0,0.2,0.1,0.2,0.1
0,0.2,0.2,0.2,0.1
0,0.3,0.1,0.1,0.1
0,2.7,0.4,0.5,0.4
0,1.2,0.2,1.2,0.8
0,0.2,0.2,0.2,0.3
0,0.4,0.3,0.3,0.3
0,0.2,0.2,0.2,0.1
0,0.2,0.1,0.1,0.2
0,0.2,0.1,0.2,0.1
0,0.2,0.1,0.1,0.2
0,0.2,0.1,0.1,0.1
0,0.2,0.1,0.2,0.1
0,0.2,0.2,0.2,0.1
0,0.2,0.1,0.1,0.2
0,0.3,0.2,0.3,0.2
0,0.2,0.2,0.2,0.1
0,0.2,0.1,0.2,0.1
0,0.2,0.1,0.1,0.2
0,0.7,0.4,0.4,0.4
0,0.3,0.2,0.2,0.2
0,0.6,0.3,0.5,0.4
0,0.7,0.3,0.4,0.3
0,0.3,0.2,0.1,0.1
0,0.2,0.1,0.2,0.2
0,0.5,0.3,0.3,0.3
0,0.5,0.3,0.3,0.3
0,0.3,0.2,0.2,0.2
0,0.2,0.2,0.3,0.1
0,0.2,0.2,0.2,0.1
0,0.3,0.2,0.2,0.2
0,0.2,0.2,0.3,0.3
0,0.7,0.3,0.5,0.4
0,0.3,0.2,0.2,0.1
0,0.3,0.1,0.2,0.1
0,0.3,0.1,0.1,0.2
0,0.8,0.4,0.4,0.6
0,0.2,0.1,0.2,0.1
0,0.2,0.1,0.1,0.1
0,0.3,0.2,0.2,0.1
0,0.3,0.1,0.1,0.2
0,0.3,0.1,0.1,0.2
0,0.2,0.1,0.2,0.1
0,0.2,0.1,0.1,0.1
0,0.3,0.1,0.2,0.2
0,0.2,0.1,0.1,0.2
0,0.2,0.1,0.1,0.2
0,0.3,0.1,0.2,0.1
0,0.2,0.2,0.2,0.2
0,0.2,0.1,0.1,0.2
0,0.2,0.1,0.1,0.1
0,0.2,0.1,0.2,0.1
0,0.3,0.1,0.2,0.1
0,0.3,0.2,0.2,0.2
0,0.3,0.2,0.2,0.1
0,0.5,0.3,0.4,0.4
0,0.3,0.1,0.1,0.2
0,0.3,0.1,0.2,0.1
0,0.2,0.1,0.2,0.1
0,0.2,0.2,0.2,0.1
0,0.2,0.1,0.1,0.2
0,0.2,0.2,0.2,0.1
0,0.2,0.1,0.2,0.2
0,0.2,0.1,0.1,0.2
0,0.5,0.3,0.3,0.3
0,0.3,0.1,0.1,0.1
0,0.3,0.1,0.1,0.2
0,0.3,0.1,0.1,0.1
0,0.4,0.3,0.3,0.3
0,0.2,0.2,0.2,0.1
0,0.2,0.1,0.2,0.1
0,0.2,0.1,0.1,0.2
0,0.3,0.1,0.1,0.2
0,0.3,0.1,0.1,0.1
0,0.4,0.2,0.3,0.3
0,0.2,0.1,0.1,0.2
0,0.3,0.1,0.1,0.2
0,0.2,0.1,0.2,0.1
0,0.2,0.2,0.2,0.2
0,0.2,0.2,0.2,0.1
0,0.2,0.1,0.1,0.2
0,0.3,0.1,0.2,0.1
0,0.4,0.3,0.2,0.3
0,0.3,0.1,0.1,0.2
0,0.3,0.1,0.1,0.2
0,0.3,0.1,0.1,0.1
0,0.3,0.2,0.2,0.1
0,0.3,0.1,0.2,0.1
0,0.2,0.1,0.1,0.1
0,0.2,0.1,0.1,0.2
0,0.3,0.1,0.1,0.2
0,0.2,0.2,0.2,0.1
0,0.3,0.1,0.2,0.1
0,0.3,0.1,0.1,0.1
0,0.3,0.1,0.2,0.2
0,0.4,0.1,0.2,0.2
0,0.2,0.2,0.1,0.1
0,0.2,0.1,0.2,0.1
0,0.2,0.1,0.1,0.1
0,0.3,0.1,0.2,0.2
0,0.2,0.2,0.2,0.1
0,0.3,0.1,0.3,0.1
0,0.3,0.1,0.1,0.1
0,0.2,0.1,0.2,0.1
0,0.2,0.2,0.2,0.1
0,0.2,0.1,0.1,0.2
0,0.2,0.1,0.2,0.1
0,0.2,0.2,0.1,0.1
0,0.3,0.1,0.1,0.2
0,0.3,0.1,0.2,0.1
0,0.2,0.2,0.2,0.1
0,0.2,0.1,0.2,0.1
0,0.2,0.2,0.2,0.1
0,0.3,0.1,0.1,0.2
0,0.2,0.2,0.2,0.1
0,0.2,0.1,0.1,0.1
0,0.2,0.2,0.2,0.1
0,0.2,0.1,0.1,0.2
0,0.2,0.1,0.1,0.1
0,0.2,0.1,0.1,0.2
0,0.3,0.1,0.1,0.2
0,0.2,0.1,0.2,0.1
0,0.2,0.1,0.1,0.2
0,0.2,0.1,0.2,0.2
0,0.2,0.1,0.2,0.1
0,0.2,0.1,0.1,0.1
0,0.3,0.1,0.1,0.2
0,0.3,0.1,0.2,0.1
0,0.2,0.1,0.1,0.2
0,0.3,0.1,0.2,0.1
0,0.2,0.1,0.2,0.1
0,0.2,0.2,0.2,0.1
0,0.2,0.1,0.2,0.1
0,0.2,0.1,0.1,0.1
0,0.3,0.1,0.2,0.1
0,0.2,0.1,0.2,0.1
0,0.2,0.1,0.1,0.2
0,0.2,0.1,0.1,0.2
0,0.3,0.2,0.2,0.1
0,0.2,0.2,0.2,0.1
0,0.2,0.1,0.2,0.2
0,0.2,0.2,0.1,0.1
0,0.2,0.1,0.2,0.1
0,0.2,0.1,0.2,0.1
0,0.2,0.2,0.2,0.1
0,0.2,0.1,0.1,0.1
0,0.3,0.2,0.1,0.1
0,0.2,0.1,0.2,0.1
0,0.3,0.1,0.1,0.2
0,0.2,0.1,0.2,0.1
0,0.3,0.1,0.2,0.1
0,0.2,0.1,0.2,0.1
0,0.2,0.1,0.2,0.1
0,0.2,0.1,0.2,0.1
0,0.3,0.1,0.1,0.1
0,0.2,0.1,0.1,0.2
0,0.2,0.1,0.2,0.1
0,0.2,0.2,0.2,0.1
0,0.2,0.2,0.2,0.1
0,0.2,0.2,0.2,0.1
0,0.2,0.1,0.2,0.1
0,0.2,0.1,0.1,0.2
0,0.2,0.1,0.2,0.2
0,0.2,0.1,0.2,0.1
0,0.2,0.1,0.1,0.2
0,0.2,0.1,0.1,0.2
0,0.2,0.2,0.2,0.1
0,0.3,0.2,0.2,0.1
0,0.3,0.2,0.2,0.1
0,0.3,0.2,0.2,0.1
0,0.2,0.1,0.2,0.1
0,0.2,0.1,0.1,0.2
0,0.2,0.2,0.2,0.1
0,0.3,0.2,0.2,0.2
0,0.2,0.1,0.1,0.2
0,0.2,0.2,0.2,0.1
0,0.2,0.1,0.2,0.1
0,0.2,0.1,0.1,0.2
0,0.2,0.1,0.1,0.2
0,0.3,0.1,0.1,0.2
0,0.2,0.1,0.2,0.1
0,0.3,0.1,0.1,0.2
0,0.2,0.2,0.1,0.1
0,0.2,0.2,0.1,0.1
0,0.2,0.1,0.1,0.1
0,0.2,0.2,0.1,0.1
0,0.2,0.1,0.1,0.1
0,0.2,0.1,0.2,0.1
0,0.2,0.1,0.1,0.2
0,0.2,0.2,0.2,0.1
0,0.3,0.2,0.1,0.1
0,0.2,0.1,0.1,0.1
0,0.2,0.1,0.1,0.2
0,0.2,0.1,0.1,0.2
0,0.2,0.1,0.1,0.1
0,0.3,0.1,0.1,0.1
0,0.3,0.1,0.2,0.1
0,0.2,0.1,0.1,0.2
0,0.3,0.2,0.1,0.1
0,0.2,0.2,0.2,0.1
0,0.2,0.1,0.1,0.2
0,0.2,0.1,0.1,0.2
0,0.3,0.2,0.2,0.1
0,0.3,0.1,0.1,0.2
0,0.2,0.2,0.2,0.1
0,0.2,0.1,0.2,0.1
0,0.2,0.2,0.1,0.1
0,0.2,0.2,0.2,0.1
0,0.2,0.1,0.1,0.2
0,0.2,0.1,0.1,0.2
0,0.2,0.1,0.1,0.1
0,0.2,0.2,0.1,0.1
0,0.3,0.1,0.2,0.1
0,0.2,0.1,0.2,0.1
0,0.2,0.2,0.2,0.1
0,0.3,0.2,0.2,0.1
0,0.2,0.1,0.1,0.1
0,0.2,0.2,0.1,0.1
0,0.2,0.2,0.2,0.1
0,0.2,0.1,0.2,0.1
0,0.2,0.1,0.2,0.1
0,0.2,0.2,0.2,0.1
0,0.2,0.2,0.1,0.1
0,0.2,0.2,0.1,0.1
0,0.2,0.1,0.1,0.1
0,0.2,0.1,0.2,0.1
0,0.2,0.1,0.1,0.2
0,0.2,0.1,0.1,0.1
0,0.3,0.2,0.1,0.1
0,0.2,0.2,0.2,0.1
0,0.2,0.1,0.1,0.1
0,0.2,0.1,0.1,0.1
0,0.3,0.1,0.2,0.1
0,0.2,0.1,0.1,0.1
0,0.2,0.1,0.1,0.1
0,0.2,0.2,0.2,0.1
0,0.3,0.1,0.1,0.2
0,0.2,0.1,0.2,0.1
0,0.2,0.2,0.1,0.1
0,0.2,0.1,0.2,0.1
0,0.3,0.1,0.1,0.2
0,0.3,0.1,0.2,0.1
0,0.2,0.1,0.1,0.1
0,0.2,0.1,0.1,0.2
0,0.2,0.2,0.2,0.1
0,0.2,0.1,0.1,0.2
0,0.2,0.1,0.1,0.2
0,0.2,0.1,0.1,0.2
0,0.4,0.2,0.3,0.2
0,0.2,0.2,0.2,0.2
0,0.3,0.2,0.1,0.1
0,0.3,0.3,0.2,0.2
0,0.2,0.1,0.2,0.1
0,0.3,0.2,0.3,0.3
0,0.5,0.3,0.3,0.3
0,0.2,0.2,0.5,0.1
0,0.2,0.1,0.2,0.1
0,0.2,0.1,0.2,0.1
0,0.2,0.1,0.2,0.1
0,0.3,0.2,0.2,0.2
0,0.2,0.1,0.2,0.2
0,0.2,0.1,0.1,0.2
0,0.2,0.1,0.2,0.2
0,0.2,0.1,0.2,0.1
0,0.3,0.1,0.1,0.1
0,0.2,0.1,0.1,0.1
0,0.3,0.1,0.2,0.2
0,0.3,0.1,0.2,0.1
0,0.3,0.1,0.1,0.2
0,0.2,0.1,0.3,0.1
0,0.3,0.1,0.2,0.1
0,0.3,0.1,0.1,0.1
0,0.2,0.1,0.1,0.1
0,0.2,0.1,0.1,0.2
0,0.3,0.2,0.2,0.1
0,0.3,0.2,0.2,0.1
0,0.2,0.1,0.1,0.2
0,0.3,0.1,0.2,0.1
0,0.2,0.1,0.1,0.2
0,0.2,0.2,0.2,0.2
0,0.3,0.1,0.1,0.1
0,0.3,0.1,0.1,0.2
0,0.3,0.1,0.1,0.4
0,0.3,0.1,0.2,0.2
0,0.2,0.1,0.1,0.2
0,0.2,0.1,0.2,0.1
0,0.2,0.1,0.1,0.1
0,0.3,0.1,0.1,0.1
0,0.2,0.2,0.1,0.1
0,0.3,0.1,0.1,0.2
0,0.2,0.2,0.2,0.1
0,0.3,0.1,0.2,0.1
0,0.3,0.1,0.1,0.1
0,0.2,0.1,0.1,0.2
0,0.2,0.1,0.1,0.1
0,0.2,0.1,0.2,0.2
0,0.2,0.1,0.2,0.2
0,0.2,0.1,0.1,0.1
0,0.3,0.2,0.2,0.1
0,0.2,0.2,0.2,0.1
0,0.2,0.1,0.2,0.2
0,0.4,0.2,0.3,0.2
0,0.2,0.1,0.1,0.2
0,0.2,0.1,0.1,0.2
0,0.2,0.1,0.1,0.1
0,0.2,0.2,0.2,0.1
0,0.2,0.2,0.2,0.1
0,0.2,0.2,0.2,0.1
0,0.2,0.1,0.1,0.1
0,0.2,0.1,0.1,0.2
0,0.3,0.1,0.2,0.2
0,0.3,0.1,0.2,0.1
0,0.3,0.1,0.2,0.1
0,0.3,0.1,0.2,0.1
0,0.2,0.1,0.2,0.1
0,0.3,0.1,0.1,0.1
0,0.2,0.1,0.1,0.2
0,0.2,0.1,0.1,0.1
0,0.2,0.1,0.1,0.2
0,0.2,0.1,0.1,0.2
0,0.2,0.1,0.1,0.2
0,0.2,0.2,0.2,0.1
0,0.2,0.1,0.2,0.1
0,0.2,0.1,0.2,0.1
0,0.3,0.1,0.1,0.2
0,0.2,0.1,0.1,0.2
0,0.2,0.1,0.1,0.2
0,0.4,0.3,0.3,0.3
0,0.2,0.1,0.1,0.1
0,0.3,0.1,0.2,0.1
0,0.2,0.1,0.2,0.1
0,0.2,0.1,0.1,0.2
0,0.2,0.2,0.2,0.1
0,0.2,0.1,0.1,0.1
0,0.2,0.2,0.2,0.1
0,0.2,0.2,0.1,0.1
0,0.2,0.1,0.1,0.2
0,0.2,0.1,0.1,0.2
0,0.3,0.1,0.1,0.2
0,0.2,0.1,0.2,0.1
0,0.2,0.1,0.2,0.1
0,0.2,0.1,0.1,0.2
0,0.3,0.1,0.1,0.1
0,0.2,0.1,0.2,0.1
0,0.3,0.1,0.1,0.2
0,0.3,0.7,0.2,0.2
0,0.3,0.2,0.2,0.1
0,0.2,0.1,0.1,0.2
0,0.2,0.1,0.2,0.1
0,0.3,0.1,0.2,0.2
0,0.2,0.1,0.1,0.2
0,0.3,0.1,0.1,0.2
0,0.2,0.1,0.2,0.1
0,0.2,0.1,0.1,0.1
0,0.2,0.2,0.1,0.1
0,0.2,0.1,0.1,0.2
0,0.2,0.1,0.1,0.2
0,0.2,0.1,0.1,0.2
0,0.3,0.2,0.2,0.1
0,0.2,0.1,0.1,0.1
0,0.2,0.1,0.2,0.1
0,0.2,0.1,0.2,0.1
0,0.3,0.1,0.2,0.1
0,0.2,0.1,0.2,0.1
0,0.2,0.2,0.2,0.1
0,0.2,0.1,0.2,0.1
0,0.2,0.1,0.2,0.1
0,0.2,0.1,0.2,0.1
0,0.2,0.2,0.2,0.2
0,0.2,0.1,0.1,0.2
0,0.3,0.1,0.1,0.2
0,0.2,0.1,0.2,0.1
0,0.6,0.2,0.3,0.3
0,0.3,0.1,0.1,0.2
0,0.2,0.2,0.2,0.1
0,0.4,0.3,0.3,0.3
0,0.2,0.2,0.1,0.1
0,0.2,0.2,0.2,0.1
0,0.3,0.1,0.2,0.1
0,0.3,0.1,0.2,0.1
0,0.2,0.1,0.2,0.1
0,0.2,0.2,0.2,0.1
0,0.2,0.1,0.2,0.1
0,0.2,0.1,0.2,0.1
0,0.2,0.1,0.1,0.2
0,0.2,0.1,0.2,0.1
0,0.2,0.1,0.1,0.2
0,0.2,0.2,0.2,0.1
0,0.2,0.2,0.2,0.1
0,0.2,0.1,0.2,0.1
0,0.2,0.1,0.1,0.2
0,0.2,0.1,0.2,0.1
0,0.2,0.1,0.1,0.2
0,0.2,0.1,0.2,0.1
0,0.2,0.1,0.2,0.1
0,0.3,0.2,0.2,0.1
0,0.2,0.1,0.1,0.2
0,0.2,0.1,0.2,0.1
0,0.3,0.1,0.1,0.1
0,0.2,0.2,0.2,0.1
0,0.2,0.1,0.2,0.1
0,0.3,0.1,0.1,0.1
0,0.3,0.1,0.1,0.2
0,0.2,0.1,0.1,0.2
0,0.2,0.1,0.2,0.1
0,0.3,0.1,0.1,0.1
0,0.3,0.2,0.2,0.1
0,0.2,0.2,0.2,0.1
0,0.2,0.1,0.1,0.2
0,0.2,0.2,0.2,0.1
0,0.2,0.1,0.2,0.1
0,0.2,0.1,0.2,0.1
0,0.2,0.2,0.1,0.1
0,0.2,0.2,0.2,0.2
0,0.2,0.2,0.1,0.1
0,0.2,0.1,0.1,0.2
0,0.2,0.2,0.1,0.2
0,0.2,0.2,0.2,0.2
0,0.2,0.2,0.2,0.1
0,0.3,0.1,0.1,0.1
0,0.3,0.1,0.2,0.1
0,0.3,0.1,0.1,0.1
0,0.2,0.1,0.2,0.1
0,0.2,0.1,0.2,0.1
0,0.2,0.2,0.2,0.1
0,0.3,0.1,0.1,0.1
0,0.2,0.1,0.2,0.1
0,0.2,0.1,0.1,0.1
0,0.2,0.2,0.1,0.1
0,0.2,0.2,0.2,0.1
0,0.2,0.1,0.1,0.2
0,0.2,0.1,0.1,0.1
0,0.2,0.1,0.2,0.1
0,0.2,0.2,0.1,0.1
0,0.3,0.1,0.2,0.1
0,0.2,0.1,0.2,0.1
0,0.3,0.2,0.2,0.2
0,0.2,0.1,0.2,0.2
0,0.3,0.2,0.2,0.1
0,0.2,0.1,0.1,0.1
0,0.3,0.2,0.2,0.1
0,0.2,0.1,0.1,0.2
0,0.3,0.2,0.1,0.1
0,0.2,0.1,0.1,0.2
0,0.2,0.1,0.2,0.1
0,0.2,0.1,0.1,0.1
0,0.3,0.2,0.2,0.1
0,0.2,0.1,0.1,0.2
0,0.2,0.1,0.1,0.2
0,0.2,0.1,0.2,0.1
0,0.2,0.1,0.2,0.1
0,0.2,0.2,0.2,0.1
0,0.2,0.1,0.1,0.2
0,0.2,0.1,0.2,0.1
0,0.3,0.2,0.2,0.1
0,0.3,0.1,0.2,0.1
0,0.2,0.1,0.1,0.1
0,0.2,0.1,0.2,0.1
0,0.2,0.1,0.2,0.1
0,0.2,0.1,0.1,0.2
0,0.2,0.1,0.1,0.1
0,0.2,0.1,0.1,0.2
0,0.2,0.2,0.2,0.1
0,0.2,0.1,0.2,0.1
0,0.2,0.1,0.1,0.2
0,0.2,0.1,0.2,0.1
0,0.2,0.2,0.2,0.1
0,0.2,0.2,0.1,0.1
0,0.3,0.1,0.1,0.2
0,0.2,0.1,0.2,0.1
0,0.2,0.1,0.1,0.1
0,0.2,0.2,0.1,0.1
0,0.2,0.1,0.1,0.2
0,0.2,0.2,0.2,0.2
0,0.2,0.2,0.2,0.1
0,0.2,0.1,0.2,0.1
0,0.2,0.1,0.1,0.2
0,0.2,0.1,0.2,0.1
0,0.2,0.1,0.1,0.1
0,0.3,0.2,0.1,0.1
0,0.2,0.1,0.2,0.1
0,0.2,0.2,0.2,0.1
0,0.2,0.1,0.1,0.2
0,0.3,0.1,0.2,0.1
0,0.2,0.1,0.1,0.2
0,0.2,0.1,0.2,0.2
0,0.2,0.2,0.1,0.1
0,0.2,0.1,0.1,0.2
0,0.3,0.1,0.2,0.2
0,0.3,0.1,0.1,0.2
0,0.2,0.1,0.2,0.1
0,0.2,0.1,0.1,0.2
0,0.2,0.2,0.1,0.1
0,0.2,0.1,0.1,0.2
0,0.2,0.1,0.1,0.1
0,0.2,0.1,0.1,0.2
0,0.2,0.1,0.1,0.1
0,0.2,0.1,0.1,0.1
0,0.2,0.1,0.2,0.1
0,0.2,0.2,0.2,0.1
0,0.3,0.1,0.1,0.1
0,0.3,0.1,0.1,0.2
0,0.2,0.1,0.1,0.2
0,0.3,0.1,0.1,0.2
0,0.2,0.2,0.2,0.2
0,0.2,0.1,0.1,0.2
0,0.3,0.1,0.2,0.1
0,0.2,0.1,0.1,0.2
0,0.3,0.1,0.2,0.1
0,0.2,0.1,0.2,0.2
0,0.3,0.1,0.1,0.2
0,0.2,0.1,0.2,0.2
0,0.3,0.2,0.3,0.3
0,0.3,0.4,0.2,0.1
0,0.2,0.1,0.2,0.2
0,0.2,0.1,0.1,0.2
0,0.2,0.1,0.2,0.1
0,0.2,0.1,0.2,0.1
0,1.1,0.3,0.3,0.3
0,1.3,1.1,1.1,0.5
0,0.3,0.1,0.2,0.1
0,0.3,0.2,0.2,0.1
0,0.2,0.1,0.2,0.2
0,0.2,0.1,0.1,0.2
0,0.2,0.1,0.1,0.2
0,0.2,0.2,0.2,0.1
0,0.2,0.1,0.2,0.1
0,0.2,0.2,0.2,0.1
0,0.2,0.1,0.2,0.1
0,0.2,0.2,0.2,0.2
0,0.2,0.2,0.2,0.1
0,0.2,0.1,0.1,0.1
0,0.2,0.2,0.2,0.1
0,0.2,0.1,0.1,0.1
0,0.2,0.1,0.1,0.1
0,0.2,0.1,0.1,0.2
0,0.2,0.1,0.2,0.1
0,0.2,0.2,0.1,0.2
0,0.2,0.1,0.1,0.2
0,0.3,0.1,0.1,0.1
0,0.3,0.2,0.2,0.2
0,0.3,0.2,0.2,0.1
0,0.5,0.2,0.2,0.2
0,0.2,0.1,0.1,0.2
0,0.2,0.1,0.2,0.1
0,0.2,0.1,0.2,0.1
0,0.2,0.2,0.1,0.1
0,0.3,0.2,0.3,0.2
0,0.7,0.5,0.3,0.2
0,0.3,0.2,0.2,0.2
0,0.2,0.2,0.2,0.1
0,0.3,0.1,0.2,0.2
0,0.3,0.2,0.3,0.3
0,0.2,0.2,0.3,0.2
0,0.2,0.2,0.2,0.2
0,0.3,0.2,0.3,0.3
0,0.3,0.2,0.2,0.2
0,0.3,0.2,0.2,0.1
0,0.2,0.1,0.1,0.2
0,0.4,0.2,0.3,0.3
0,0.2,0.1,0.2,0.1
0,0.2,0.1,0.1,0.2
0,0.2,0.1,0.1,0.1
0,0.3,0.2,0.2,0.2
0,0.2,0.1,0.1,0.2
0,0.6,0.4,0.4,0.3
0,0.2,0.1,0.2,0.1
0,0.3,0.2,0.2,0.2
0,0.3,0.1,0.1,0.2
0,0.2,0.1,0.1,0.2
0,0.5,0.3,0.3,0.3
0,0.2,0.1,0.1,0.2
0,0.2,0.1,0.1,0.2
0,0.3,0.2,0.1,0.2
0,0.2,0.1,0.1,0.2
0,0.2,0.2,0.2,0.1
0,0.2,0.2,0.2,0.2
0,0.3,0.1,0.2,0.1
0,0.3,0.2,0.5,0.3
0,0.3,0.1,0.1,0.1
0,0.2,0.2,0.2,0.2
0,0.3,0.2,0.2,0.1
0,0.2,0.1,0.1,0.1
0,0.3,0.2,0.2,0.2
0,0.2,0.2,0.2,0.1
0,0.4,0.2,0.2,0.3
0,0.2,0.1,0.1,0.1
0,0.3,0.2,0.1,0.1
0,0.3,0.2,0.1,0.1
0,0.3,0.1,0.1,0.1
0,0.2,0.2,0.2,0.1
0,0.2,0.1,0.2,0.1
0,0.2,0.1,0.2,0.1
0,0.2,0.1,0.1,0.2
0,0.2,0.1,0.2,0.1
0,0.2,0.1,0.2,0.1
0,0.7,1,0.3,0.6
0,0.3,0.1,0.2,0.1
0,0.3,0.1,0.1,0.1
0,0.2,0.2,0.2,0.2
0,0.2,0.1,0.1,0.2
0,0.3,0.1,0.1,0.2
0,0.3,0.1,0.1,0.2
0,0.3,0.1,0.2,0.1
0,0.4,0.2,0.2,0.1
0,0.2,0.1,0.1,0.1
0,0.3,0.1,0.2,0.1
0,0.2,0.1,0.2,0.1
0,0.2,0.2,0.1,0.2
0,0.2,0.1,0.2,0.2
0,0.5,0.3,0.3,0.3
0,0.2,0.1,0.1,0.1
0,0.2,0.2,0.1,0.1
0,0.2,0.1,0.2,0.1
0,0.4,0.2,0.3,0.2
0,0.2,0.2,0.2,0.1
0,0.3,0.1,0.2,0.1
0,0.4,0.2,0.2,0.2
0,0.3,0.1,0.1,0.2
0,0.2,0.2,0.2,0.1
0,0.2,0.2,0.2,0.1
0,0.2,0.1,0.1,0.2
0,0.2,0.1,0.2,0.1
0,0.2,0.1,0.1,0.2
0,0.3,0.1,0.1,0.2
0,0.2,0.2,0.2,0.1
0,0.2,0.1,0.2,0.1
0,0.3,0.1,0.1,0.1
0,0.2,0.1,0.1,0.2
0,0.2,0.2,0.2,0.1
0,0.2,0.2,0.2,0.1
0,0.2,0.1,0.2,0.1
0,0.2,0.2,0.2,0.1
0,0.2,0.1,0.2,0.2
0,0.2,0.1,0.2,0.1
0,0.2,0.1,0.1,0.2
0,0.2,0.2,0.1,0.1
0,0.2,0.1,0.2,0.1
0,0.2,0.2,0.1,0.1
0,0.2,0.2,0.1,0.1
0,0.1,0.2,0.1,0.1
0,0.3,0.1,0.1,0.2
0,0.2,0.2,0.1,0.2
0,0.2,0.1,0.1,0.2
0,0.2,0.1,0.1,0.1
0,0.2,0.1,0.2,0.1
0,0.2,0.2,0.2,0.1
0,0.2,0.1,0.2,0.1
0,0.2,0.1,0.2,0.1
0,0.2,0.1,0.2,0.1
0,0.2,0.2,0.2,0.1
0,0.2,0.2,0.2,0.1
0,0.2,0.1,0.1,0.1
0,0.2,0.1,0.1,0.2
0,0.2,0.1,0.2,0.1
0,0.2,0.2,0.2,0.2
0,0.2,0.1,0.2,0.2
0,0.2,0.1,0.2,0.1
0,0.2,0.1,0.1,0.2
0,0.2,0.1,0.2,0.1
0,0.2,0.2,0.2,0.1
0,0.2,0.2,0.2,0.1
0,0.2,0.2,0.1,0.1
0,0.3,0.1,0.1,0.2
0,0.2,0.2,0.2,0.1
0,9.6,0.2,0.1,0.1
0,0.2,0.1,0.1,0.2
0,0.2,0.1,0.2,0.1
0,0.2,0.2,0.1,0.1
0,0.2,0.1,0.1,0.2
0,0.2,0.1,0.1,0.2
0,0.2,0.1,0.1,0.2
0,0.2,0.2,0.2,0.1
0,9.5,0.1,0.1,0.2
0,0.2,0.1,0.1,0.2
0,0.2,0.1,0.1,0.2
0,0.2,0.1,0.2,0.1
0,0.3,0.2,0.2,0.1
0,0.2,0.2,0.2,0.1
0,0.3,0.1,0.2,0.1
0,0.3,0.1,0.2,0.1
0,0.2,0.1,0.2,0.1
0,0.2,0.1,0.2,0.1
0,0.2,0.1,0.2,0.1
0,0.3,0.1,0.1,0.1
0,0.2,0.1,0.2,0.1
0,0.2,0.1,0.1,0.1
0,0.2,0.1,0.2,0.1
0,0.2,0.1,0.2,0.1
0,0.2,0.1,0.2,0.1
0,0.2,0.1,0.2,0.1
0,0.2,0.1,0.2,0.1
0,0.2,0.1,0.1,0.2
0,0.2,0.1,0.2,0.1
0,0.2,0.2,0.2,0.1
0,0.3,0.1,0.1,0.2
0,0.2,0.1,0.1,0.2
0,0.3,0.1,0.2,0.1
0,0.2,0.2,0.2,0.1
0,0.2,0.2,0.2,0.1
0,0.2,0.1,0.2,0.1
0,0.2,0.1,0.1,0.1
0,0.2,0.1,0.1,0.2
0,0.3,0.1,0.1,0.2
0,0.2,0.1,0.1,0.1
0,0.2,0.1,0.2,0.1
0,0.2,0.2,0.2,0.2
0,0.2,0.1,0.2,0.1
0,0.3,0.1,0.1,0.2
0,0.2,0.1,0.2,0.1
0,0.3,0.2,0.1,0.1
0,0.2,0.1,0.1,0.2
0,0.2,0.1,0.1,0.1
0,0.2,0.1,0.1,0.2
0,0.2,0.2,0.2,0.1
0,0.3,0.1,0.2,0.1
0,0.3,0.2,0.2,0.1
0,0.2,0.1,0.1,0.2
0,0.2,0.1,0.2,0.1
0,0.2,0.2,0.2,0.1
0,13.3,0.1,0.1,0.1
0,0.2,0.1,0.2,0.1
0,0.2,0.2,0.2,0.1
0,0.2,0.2,0.2,0.1
0,0.3,0.2,0.2,0.1
0,0.2,0.2,0.2,0.1
0,0.3,0.1,0.1,0.1
0,0.3,0.1,0.2,0.1
0,0.6,0.3,0.5,0.3
0,0.3,0.1,0.1,0.2
0,0.6,0.2,0.2,0.3
0,0.3,0.1,0.2,0.1
0,0.2,0.1,0.1,0.2
0,0.3,0.1,0.2,0.1
0,0.2,0.1,0.1,0.2
0,0.3,0.1,0.2,0.1
0,0.2,0.1,0.1,0.1
0,0.2,0.1,0.1,0.2
0,0.2,0.1,0.1,0.2
0,0.2,0.1,0.1,0.2
0,0.3,0.1,0.1,0.1
0,0.2,0.1,0.1,0.1
0,0.2,0.1,0.1,0.2
0,0.2,0.1,0.2,0.1
0,0.2,0.1,0.2,0.1
0,0.2,0.1,0.1,0.1
0,0.2,0.1,0.2,0.1
0,0.2,0.2,0.2,0.1
0,0.2,0.1,0.2,0.2
0,0.2,0.1,0.2,0.1
0,0.2,0.1,0.2,0.1
0,0.3,0.2,0.2,0.1
0,0.2,0.1,0.2,0.1
0,0.2,0.2,0.2,0.1
0,0.2,0.1,0.2,0.1
0,0.2,0.1,0.1,0.2
0,0.2,0.1,0.1,0.1
0,0.2,0.1,0.1,0.1
0,0.2,0.1,0.1,0.1
0,0.2,0.1,0.1,0.2
0,0.2,0.1,0.1,0.2
0,0.2,0.1,0.2,0.1
0,0.2,0.2,0.2,0.1
0,0.2,0.1,0.1,0.1
0,0.2,0.1,0.1,0.1
0,0.5,1.1,1.1,1.2
0,0.2,0.1,0.1,0.2
0,0.3,0.1,0.1,0.1
0,0.2,0.2,0.2,0.2
0,0.2,0.1,0.1,0.2
0,0.2,0.2,0.2,0.1
0,0.2,0.1,0.2,0.1
0,0.2,0.2,0.2,0.1
0,0.2,0.2,0.2,0.1
0,0.3,0.2,0.2,0.2
0,0.3,0.1,0.1,0.1
0,1.3,1,0.3,1.1
0,0.3,0.1,0.2,0.2
0,0.2,0.2,0.2,0.2
0,0.3,0.1,0.1,0.2
0,0.3,0.1,0.2,0.1
0,0.2,0.1,0.1,0.1
0,0.2,0.1,0.1,0.1
0,0.2,0.1,0.2,0.1
0,0.2,0.1,0.1,0.1
0,0.2,0.1,0.2,0.1
0,0.3,0.2,0.2,0.1
0,0.3,0.1,0.2,0.2
0,0.2,0.1,0.1,0.2
0,0.2,0.2,0.2,0.1
0,0.2,0.1,0.1,0.2
0,0.2,0.1,0.1,0.2
0,0.2,0.1,0.2,0.1
0,0.2,0.1,0.1,0.1
0,0.2,0.1,0.2,0.2
0,0.2,0.2,0.1,0.1
0,0.2,0.2,0.2,0.1
0,0.2,0.2,0.1,0.1
0,0.3,0.1,0.2,0.2
0,0.2,0.2,0.2,0.1
0,0.2,0.1,0.1,0.2
0,0.2,0.1,0.1,0.2
0,0.2,0.1,0.2,0.1
0,0.2,0.1,0.1,0.1
0,0.2,0.2,0.2,0.1
0,0.2,0.2,0.2,0.1
0,0.2,0.1,0.2,0.2
0,0.3,0.1,0.2,0.1
0,0.2,0.1,0.2,0.2
0,0.3,0.2,0.1,0.1
0,0.2,0.2,0.2,0.1
0,0.2,0.1,0.1,0.2
0,0.2,0.1,0.2,0.1
0,0.2,0.1,0.1,0.2
0,0.2,0.1,0.1,0.2
0,0.3,0.1,0.1,0.2
0,0.2,0.2,0.2,0.1
0,0.4,0.3,0.3,0.3
0,0.4,0.4,0.4,0.3
0,0.2,0.2,0.2,0.1
0,0.2,0.1,0.1,0.2
0,0.2,0.1,0.1,0.1
0,0.3,0.1,0.2,0.2
0,1,1.1,1.1,0.2
0,0.3,0.1,0.2,0.2
0,0.2,0.1,0.1,0.2
0,0.3,0.1,0.1,0.1
0,0.2,0.1,0.1,0.2
0,0.2,0.1,0.2,0.1
0,0.2,0.1,0.1,0.2
0,0.3,0.1,0.1,0.1
0,0.3,0.2,0.1,0.2
0,0.4,0.2,0.1,0.2
0,0.3,0.1,0.2,0.1
0,0.3,0.2,0.1,0.2
0,0.2,0.2,0.1,0.1
0,0.2,0.1,0.2,0.1
0,0.9,0.2,0.4,0.3
0,0.3,0.1,0.1,0.2
0,0.2,0.1,0.2,0.1
0,0.4,0.3,0.3,0.3
0,0.2,0.1,0.2,0.1
0,0.3,0.1,0.1,0.2
0,0.2,0.1,0.2,0.2
0,0.2,0.1,0.2,0.1
0,0.2,0.1,0.1,0.1
0,0.3,0.1,0.1,0.2
0,0.2,0.1,0.1,0.2
0,0.3,0.2,0.1,0.1
0,0.2,0.1,0.2,0.1
0,0.2,0.2,0.2,0.2
0,0.2,0.1,0.1,0.2
0,0.5,1.1,1.1,1.2
0,0.2,0.1,0.2,0.1
0,0.2,0.1,0.1,0.2
0,0.2,0.1,0.1,0.2
0,0.2,0.1,0.2,0.1
0,0.2,0.2,0.1,0.1
0,0.3,0.1,0.1,0.2
0,0.2,0.2,0.1,0.1
0,0.2,0.1,0.1,0.2
0,0.2,0.1,0.2,0.1
0,0.3,0.2,0.2,0.2
0,0.3,0.1,0.2,0.1
0,0.3,0.1,0.1,0.1
0,0.2,0.1,0.2,0.1
0,0.2,0.1,0.1,0.1
0,0.3,0.2,0.1,0.1
0,0.2,0.1,0.1,0.2
0,0.3,0.2,0.2,0.2
0,0.2,0.1,0.2,0.1
0,0.2,0.1,0.1,0.2
0,0.2,0.2,0.2,0.1
0,0.2,0.1,0.2,0.1
0,0.4,0.9,0.3,0.2
0,0.6,0.3,0.3,0.3
0,0.2,0.2,0.2,0.1
0,0.3,0.1,0.2,0.1
0,0.2,0.2,0.2,0.1
0,0.2,0.1,0.1,0.2
0,0.3,0.2,0.2,0.1
0,0.3,0.1,0.1,0.2
0,0.2,0.1,0.1,0.2
0,0.3,0.1,0.1,0.1
0,1.2,1,1.1,0.2
0,0.3,0.1,0.1,0.2
0,0.3,0.2,0.2,0.1
0,0.3,0.1,0.1,0.2
0,0.2,0.1,0.1,0.2
0,0.2,0.1,0.1,0.1
0,0.2,0.1,0.2,0.1
0,0.2,0.2,0.2,0.1
0,0.2,0.2,0.2,0.1
0,0.4,0.2,0.2,0.2
0,0.3,0.1,0.2,0.1
0,0.4,0.1,0.1,0.1
0,0.2,0.1,0.1,0.2
0,0.3,0.1,0.1,0.3
0,0.2,0.2,0.2,0.1
0,0.3,0.1,0.2,0.1
0,0.3,0.1,0.1,0.2
0,0.4,0.3,0.3,0.3
0,0.2,0.1,0.2,0.1
0,0.3,0.2,0.2,0.1
0,0.3,0.1,0.1,0.2
0,0.2,0.1,0.1,0.1
0,0.2,0.1,0.1,0.1
0,0.2,0.1,0.1,0.2
0,0.2,0.1,0.1,0.1
0,0.2,0.1,0.2,0.1
0,0.2,0.2,0.2,0.1
0,0.2,0.1,0.1,0.2
0,0.3,0.2,0.2,0.1
0,0.2,0.1,0.1,0.1
0,0.3,0.1,0.1,0.1
0,0.2,0.1,0.2,0.1
0,0.2,0.1,0.1,0.2
0,0.2,0.1,0.2,0.2
0,0.2,0.1,0.2,0.1
0,0.2,0.1,0.1,0.2
0,0.2,0.1,0.2,0.1
0,0.2,0.1,0.1,0.1
0,0.2,0.1,0.1,0.2
0,0.2,0.1,0.1,0.2
0,0.2,0.1,0.2,0.1
0,0.2,0.1,0.2,0.1
0,0.2,0.1,0.1,0.2
0,0.2,0.1,0.1,0.1
0,0.2,0.1,0.2,0.1
0,0.3,0.2,0.2,0.1
0,0.2,0.2,0.2,0.1
0,0.2,0.1,0.2,0.1
0,0.2,0.1,0.2,0.1
0,0.2,0.1,0.2,0.1
0,0.3,0.1,0.2,0.2
0,0.2,0.1,0.1,0.2
0,0.2,0.2,0.1,0.1
0,0.2,0.1,0.2,0.1
0,0.2,0.2,0.2,0.1
0,0.2,0.1,0.1,0.2
0,0.2,0.2,0.2,0.1
0,0.2,0.2,0.1,0.1
0,0.2,0.1,0.1,0.2
0,0.2,0.2,0.1,0.1
0,0.2,0.1,0.1,0.2
0,0.3,0.1,0.1,0.2
0,0.3,0.1,0.1,0.2
0,0.2,0.1,0.1,0.2
0,0.3,0.2,0.1,0.1
0,0.2,0.1,0.2,0.1
0,0.2,0.1,0.1,0.2
0,0.2,0.1,0.2,0.1
0,0.2,0.1,0.1,0.2
0,0.2,0.2,0.1,0.1
0,0.2,0.2,0.2,0.1
0,0.3,0.2,0.1,0.2
0,0.2,0.2,0.2,0.1
0,0.2,0.1,0.2,0.1
0,0.2,0.2,0.2,10
0,0.3,0.1,0.1,0.2
0,0.2,0.1,0.1,0.2
0,0.2,0.2,0.2,0.1
0,0.3,0.1,0.2,0.1
0,0.2,0.1,0.2,0.1
0,0.2,0.1,0.2,0.1
0,0.2,0.2,0.2,0.1
0,0.2,0.1,0.1,0.2
0,0.2,0.2,0.2,0.1
0,0.2,0.1,0.2,0.1
0,0.2,0.1,0.1,0.2
0,0.2,0.1,0.1,0.1
0,0.2,0.2,0.1,0.1
0,0.2,0.1,0.2,0.1
0,0.2,0.2,0.2,0.1
0,0.2,0.1,0.1,0.2
0,0.2,0.1,0.2,0.1
0,0.2,0.1,0.2,0.1
0,0.3,0.1,0.1,0.1
0,0.3,0.1,0.1,0.2
0,0.3,0.1,0.2,0.1
0,0.2,0.1,0.1,0.2
0,0.2,0.1,0.1,0.1
0,0.2,0.1,0.1,0.2
0,0.2,0.1,0.2,0.1
0,0.3,0.1,0.1,0.2
0,0.2,0.2,0.2,0.1
0,0.3,0.1,0.2,0.1
0,0.2,0.1,0.1,0.1
0,0.2,0.1,0.1,0.1
0,0.2,0.1,0.1,0.2
0,0.2,0.1,0.1,0.1
0,0.2,0.2,0.2,0.1
0,0.2,0.1,0.1,0.1
0,0.2,0.1,0.1,0.1
0,0.2,0.1,0.1,0.1
0,0.2,0.1,0.1,0.2
0,0.3,0.1,0.1,0.1
0,0.2,0.1,0.2,0.1
0,0.3,0.2,0.2,0.1
0,0.2,0.1,0.1,0.1
0,0.2,0.1,0.2,0.1
0,0.2,0.1,0.2,0.1
0,0.3,0.2,0.2,0.1
0,0.3,0.1,0.1,0.1
0,0.2,0.1,0.1,0.2
0,0.2,0.1,0.2,0.1
0,0.2,0.1,0.1,0.1
0,0.2,0.2,0.1,0.1
0,0.2,0.1,0.1,0.2
0,0.2,0.1,0.2,0.1
0,0.4,0.2,0.2,0.3
0,0.2,0.1,0.2,0.1
0,0.3,0.2,0.2,0.1
0,0.2,0.1,0.1,0.1
0,0.2,0.1,0.1,0.2
0,0.3,0.2,0.2,0.1
0,0.2,0.1,0.1,0.2
0,0.2,0.1,0.2,0.1
0,0.2,0.2,0.2,0.1
0,0.2,0.2,0.1,0.1
0,0.2,0.1,0.2,0.1
0,0.3,0.1,0.1,0.2
0,0.2,0.1,0.1,0.2
0,0.2,0.1,0.2,0.1
0,0.3,0.2,0.2,0.1
0,0.2,0.2,0.2,0.2
0,0.4,0.3,0.2,0.2
0,0.3,0.1,0.1,0.1
0,0.3,0.1,0.2,0.1
0,0.2,0.2,0.2,0.1
0,0.2,0.1,0.2,0.1
0,0.2,0.1,0.1,0.1
0,1.1,1,1,1
0,0.2,0.1,0.2,0.1
0,0.2,0.1,0.1,0.2
0,1.1,1.1,1.2,1.1
0,0.3,0.2,0.1,0.1
0,0.9,1.1,1,1.1
0,0.5,0.4,0.4,0.3
0,0.3,0.1,0.2,0.2
0,0.2,0.1,0.2,0.1
0,0.9,0.3,0.4,0.7
0,0.3,0.2,0.2,0.1
0,0.2,0.2,0.2,0.1
0,0.2,0.1,0.2,0.2
0,0.3,0.1,0.1,0.2
0,0.2,0.1,0.1,0.1
0,0.2,0.2,0.1,0.1
0,0.4,0.3,0.3,0.2
0,0.2,0.2,0.2,0.2
0,0.4,0.3,0.3,0.3
0,0.2,0.1,0.1,0.1
0,0.8,0.3,0.4,0.3
0,0.2,0.2,0.1,0.1
0,0.2,0.1,0.2,0.1
0,0.6,0.4,0.4,0.3
0,0.6,0.4,0.5,0.4
0,2.8,0.4,0.5,0.4
0,0.5,0.2,0.3,0.3
0,0.2,0.1,0.1,0.2
0,0.4,0.3,0.3,0.3
0,0.2,0.2,0.2,0.1
0,0.2,0.1,0.2,0.1
0,0.4,0.3,0.3,0.3
0,0.4,0.1,0.2,0.2
0,0.2,0.1,0.2,0.1
0,0.2,0.2,0.2,0.2
0,0.2,0.2,0.2,0.3
0,0.2,0.2,0.3,0.3
0,0.2,0.2,0.1,0.2
0,0.5,0.4,0.4,0.3
0,0.2,0.3,0.2,0.2
0,0.2,0.1,0.1,0.1
0,0.2,0.1,0.1,0.1
0,0.6,0.4,0.4,0.3
0,0.3,0.1,0.1,0.1
0,0.3,0.1,0.1,0.2
0,0.2,0.2,0.2,0.1
0,0.2,0.1,0.1,0.2
0,0.5,0.4,0.3,0.3
0,0.3,0.2,0.1,0.2
0,0.2,0.1,0.2,0.1
0,0.2,0.1,0.2,0.1
0,0.4,0.3,0.3,0.2
0,0.2,0.2,0.2,0.3
0,0.3,0.1,0.3,0.1
0,0.2,0.1,0.2,0.4
0,0.3,0.2,0.4,0.2
0,0.2,0.2,0.2,0.1
0,0.3,0.1,0.2,0.2
0,0.4,0.2,0.3,0.1
0,0.2,0.2,0.3,0.2
0,0.2,0.2,0.3,0.3
0,0.3,0.1,0.2,0.3
0,0.2,0.1,0.4,0.3
0,0.3,0.2,0.2,0.2
0,0.2,0.1,0.1,0.2
0,0.2,0.2,0.2,0.1
0,0.2,0.1,0.1,0.2
0,0.3,0.2,0.2,0.3
0,0.2,0.1,0.1,0.2
0,0.2,0.2,0.2,0.3
0,0.2,0.1,0.1,0.1
0,0.2,0.1,0.1,0.2
0,0.2,0.2,0.2,0.2
0,0.5,0.2,0.2,0.3
0,0.3,0.1,0.1,0.1
0,0.2,0.1,0.2,0.1
0,0.3,0.2,0.2,0.1
0,0.6,0.3,0.3,0.3
0,0.2,0.1,0.2,0.1
0,0.2,0.1,0.1,0.2
0,0.2,0.1,0.2,0.1
0,0.3,0.2,0.2,0.1
0,0.3,0.2,0.2,0.1
0,0.2,0.1,0.4,0.2
0,1.3,1,1,1
0,0.2,0.1,0.2,0.1
0,0.2,0.1,0.2,0.1
0,0.2,0.1,0.2,0.1
0,0.3,0.2,0.1,0.1
0,0.2,0.2,0.1,0.1
0,0.2,0.1,0.1,0.2
0,0.2,0.1,0.2,0.1
0,0.2,0.2,0.2,0.1
0,0.2,0.2,0.2,0.1
0,0.2,0.1,0.1,0.2
0,0.2,0.1,0.2,0.1
0,0.2,0.1,0.2,0.1
0,0.2,0.1,0.1,0.2
0,0.2,0.2,0.2,0.1
0,0.3,0.1,0.1,0.1
0,0.3,0.3,0.2,0.1
0,0.2,0.1,0.2,0.1
0,0.2,0.1,0.1,0.2
0,0.2,0.1,0.1,0.2
0,0.2,0.1,0.1,0.2
0,0.2,0.1,0.1,0.2
0,0.2,0.1,0.2,0.1
0,0.2,0.2,0.2,0.1
0,0.2,0.1,0.1,0.2
0,0.2,0.1,0.2,0.1
0,0.2,0.2,0.2,0.1
0,0.3,0.1,0.2,0.1
0,0.4,0.2,0.2,0.2
0,0.2,0.1,0.1,0.2
0,0.5,0.2,0.2,0.4
0,0.2,0.1,0.2,0.1
0,0.2,0.2,0.2,0.2
0,0.7,0.2,0.2,0.2
0,0.2,0.1,0.1,0.2
0,0.4,0.4,0.3,0.4
0,0.3,0.2,0.1,0.1
0,0.2,0.1,0.2,0.2
0,0.3,0.1,0.2,0.1
0,0.3,0.2,0.2,0.2
0,0.3,0.1,0.2,0.2
0,0.2,0.1,0.2,0.1
0,0.2,0.1,0.2,0.1
0,0.2,0.1,0.2,0.1
0,0.2,0.2,0.2,0.1
0,0.2,0.1,0.1,0.1
0,0.2,0.1,0.2,0.2
0,0.3,0.1,0.2,0.2
0,0.2,0.2,0.2,0.1
0,0.2,0.2,0.2,0.1
0,0.3,0.1,0.2,0.1
0,0.2,0.1,0.1,0.1
0,0.2,0.1,0.1,0.2
0,0.2,0.2,0.2,0.1
0,0.3,0.1,0.1,0.1
0,0.2,0.1,0.1,0.1
0,0.2,0.2,0.2,0.1
0,0.2,0.1,0.1,0.1
0,0.2,0.1,0.2,0.1
0,0.2,0.1,0.1,0.2
0,0.2,0.1,0.1,0.2
0,0.2,0.2,0.2,0.1
0,0.2,0.1,0.2,0.1
0,0.2,0.1,0.2,0.1
0,0.2,0.1,0.1,0.1
0,0.2,0.1,0.1,0.1
0,0.2,0.1,0.1,0.2
0,0.2,0.1,0.2,0.1
0,0.2,0.1,0.1,0.2
0,0.2,0.1,0.2,0.1
0,0.2,0.1,0.2,0.1
0,0.2,0.1,0.1,0.2
0,0.2,0.1,0.1,0.2
0,0.2,0.1,0.2,0.1
0,0.2,0.1,0.1,0.2
0,0.2,0.1,0.2,0.1
0,0.2,0.1,0.2,0.2
0,0.2,0.1,0.2,0.1
0,0.2,0.2,0.2,0.1
0,0.2,0.1,0.2,0.1
0,0.3,0.1,0.1,0.2
0,0.2,0.1,0.1,0.2
0,0.3,0.1,0.1,0.2
0,0.2,0.1,0.1,0.2
0,0.2,0.2,0.2,0.2
0,0.2,0.2,0.1,0.1
0,0.3,0.1,0.1,0.1
0,0.2,0.1,0.1,0.1
0,0.2,0.1,0.1,0.2
0,0.2,0.1,0.2,0.1
0,0.2,0.1,0.1,0.2
0,0.2,0.2,0.2,0.1
0,0.2,0.1,0.1,0.2
0,0.3,0.2,0.1,0.1
0,0.3,0.1,0.1,0.2
0,0.2,0.1,0.2,0.2
0,0.2,0.1,0.2,0.2
0,0.3,0.2,0.2,0.1
0,0.2,0.1,0.2,0.1
0,0.2,0.2,0.1,0.1
0,0.2,0.1,0.2,0.1
0,0.2,0.1,0.1,0.2
0,0.2,0.1,0.2,0.1
0,0.2,0.2,0.1,0.1
0,0.2,0.1,0.2,0.1
0,0.2,0.1,0.1,0.2
0,0.2,0.1,0.2,0.1
0,0.2,0.2,0.2,0.1
0,0.2,0.1,0.2,0.1
0,0.2,0.2,0.2,0.1
0,0.2,0.1,0.1,0.2
0,0.3,0.1,0.1,0.1
0,0.2,0.1,0.1,0.1
0,0.2,0.2,0.2,0.1
0,0.2,0.2,0.2,0.1
0,0.2,0.1,0.1,0.2
0,0.2,0.1,0.2,0.1
0,0.2,0.1,0.2,0.1
0,0.2,0.1,0.1,0.2
0,0.2,0.1,0.2,0.1
0,0.2,0.2,0.2,0.1
0,0.1,0.2,0.2,0.1
0,0.2,0.1,0.1,0.2
0,0.2,0.1,0.1,0.2
0,0.2,0.1,0.2,0.1
0,0.2,0.1,0.1,0.2
0,0.3,0.1,0.1,0.1
0,0.2,0.1,0.1,0.1
0,0.2,0.2,0.2,0.1
0,0.2,0.1,0.2,0.1
0,0.2,0.2,0.2,0.1
0,0.2,0.1,0.1,0.2
0,0.2,0.1,0.1,0.2
0,0.2,0.1,0.1,0.2
0,0.2,0.1,0.2,0.1
0,0.3,0.1,0.2,0.1
0,0.2,0.1,0.1,0.2
0,0.3,0.1,0.1,0.1
0,0.3,0.1,0.2,0.1
0,0.2,0.1,0.2,0.2
0,0.2,0.2,0.1,0.1
0,0.2,0.1,0.1,0.1
0,0.2,0.2,0.2,0.1
0,0.2,0.2,0.1,0.1
0,0.2,0.1,0.2,0.1
0,0.2,0.1,0.2,0.1
0,0.2,0.1,0.1,0.2
0,0.2,0.1,0.1,0.2
0,0.2,0.2,0.2,0.1
0,0.2,0.1,0.2,0.1
0,0.2,0.1,0.2,0.1
0,0.3,0.1,0.2,0.1
0,0.2,0.1,0.2,0.1
0,0.2,0.1,0.2,0.1
0,0.2,0.1,0.2,0.2
0,0.2,0.1,0.1,0.1
0,0.2,0.1,0.1,0.2
0,0.3,0.2,0.2,0.1
0,0.2,0.1,0.2,0.1
0,0.2,0.2,0.1,0.1
0,0.2,0.1,0.1,0.2
0,0.2,0.1,0.1,0.2
0,0.3,0.1,0.1,0.2
0,0.4,0.3,0.2,0.2
0,0.2,0.1,0.2,0.2
0,0.2,0.1,0.1,0.2
0,0.2,0.1,0.1,0.2
0,0.3,0.1,0.2,0.1
0,0.2,0.1,0.2,0.1
0,0.2,0.1,0.1,0.1
0,0.3,0.1,0.1,0.2
0,0.4,0.2,0.3,0.3
0,0.4,0.1,0.2,0.1
0,0.3,0.1,0.2,0.2
0,0.2,0.1,0.2,0.1
0,0.2,0.2,0.2,0.2
0,0.2,0.1,0.2,0.1
0,0.3,0.2,0.1,0.2
0,0.2,0.1,0.1,0.1
0,0.2,0.1,0.1,0.2
0,0.5,0.3,0.4,0.3
0,0.2,0.1,0.2,0.2
0,0.3,0.2,0.2,0.1
0,0.2,0.1,0.2,0.1
0,0.2,0.1,0.1,0.1
0,0.4,0.2,0.3,0.3
0,0.2,0.1,0.1,0.2
0,0.3,0.1,0.2,0.1
0,0.7,0.4,0.4,0.5
0,0.6,0.4,0.4,0.4
0,0.4,0.2,0.2,0.2
0,1,0.3,0.3,0.3
0,0.2,0.2,0.2,0.1
0,1.4,0.3,0.3,1.2
0,0.2,0.1,0.2,0.1
0,0.2,0.2,0.2,0.2
0,0.4,0.3,0.3,0.3
0,0.8,0.2,0.3,0.3
0,0.2,0.1,0.2,0.1
0,0.3,0.1,0.1,0.1
0,0.2,0.1,0.1,0.1
0,0.3,0.2,0.2,0.1
0,0.2,0.2,0.2,0.1
0,0.2,0.2,0.2,0.1
0,0.2,0.1,0.1,0.2
0,0.2,0.2,0.2,0.1
0,0.3,0.2,0.2,0.1
0,0.2,0.2,0.2,0.1
0,0.2,0.2,0.2,0.2
0,0.2,0.2,0.2,0.1
0,0.3,0.1,0.1,0.2
0,0.2,0.1,0.1,0.2
0,0.2,0.1,0.1,0.2
0,0.2,0.1,0.2,0.1
0,0.2,0.1,0.1,0.1
0,0.2,0.2,0.2,0.1
0,0.2,0.1,0.1,0.1
0,0.2,0.1,0.2,0.1
0,0.3,0.1,0.1,0.2
0,0.3,0.1,0.2,0.1
0,0.2,0.1,0.1,0.1
0,0.2,0.5,0.2,0.3
0,0.3,0.1,0.2,0.1
0,0.2,0.1,0.1,0.2
0,0.2,0.2,0.2,0.2
0,0.2,0.2,0.1,0.1
0,0.3,0.1,0.1,0.2
0,0.3,0.1,0.1,0.2
0,0.2,0.1,0.1,0.1
0,0.2,0.1,0.1,0.2
0,0.2,0.1,0.2,0.1
0,0.3,0.1,0.1,0.2
0,0.2,0.1,0.2,0.1
0,0.2,0.1,0.1,0.2
0,0.3,0.1,0.1,0.2
0,0.2,0.2,0.1,0.2
0,0.3,0.2,0.1,0.2
0,0.2,0.1,0.1,0.1
0,0.3,0.1,0.1,0.2
0,0.3,0.2,0.2,0.1
0,0.3,0.1,0.1,0.1
0,0.2,0.2,0.2,0.1
0,0.3,0.1,0.1,0.2
0,0.2,0.2,0.1,0.1
0,0.2,0.1,0.2,0.1
0,0.2,0.1,0.2,0.1
0,0.2,0.1,0.1,0.2
0,0.4,0.2,0.3,0.2
0,0.2,0.1,0.1,0.2
0,0.2,0.1,0.1,0.1
0,0.2,0.1,0.1,0.2
0,0.2,0.1,0.1,0.2
0,0.3,0.1,0.2,0.1
0,0.3,0.2,0.2,0.2
0,0.2,0.1,0.1,0.2
0,0.2,0.2,0.2,0.1
0,0.2,0.2,0.2,0.2
0,0.2,0.2,0.1,0.1
0,0.2,0.1,0.1,0.1
0,0.5,0.4,0.5,0.3
0,0.4,0.2,0.3,0.3
0,0.2,0.1,0.1,0.2
0,0.2,0.2,0.2,0.1
0,0.2,0.2,0.1,0.1
0,0.3,0.1,0.2,0.1
0,0.2,0.1,0.2,0.1
0,0.2,0.1,0.2,0.1
0,0.2,0.1,0.2,0.1
0,0.2,0.1,0.2,0.1
0,0.2,0.1,0.1,0.2
0,0.2,0.1,0.1,0.2
0,0.2,0.1,0.2,0.1
0,0.2,0.2,0.2,0.2
0,0.2,0.1,0.2,0.1
0,0.2,0.1,0.2,0.1
0,0.3,0.2,0.2,0.1
0,0.2,0.1,0.1,0.2
0,0.2,0.1,0.1,0.1
0,0.2,0.1,0.1,0.2
0,0.2,0.1,0.1,0.2
0,0.2,0.1,0.1,0.2
0,0.2,0.2,0.2,0.1
0,0.3,0.2,0.2,0.1
0,0.3,0.1,0.1,0.2
0,0.2,0.1,0.1,0.2
0,0.3,0.1,0.2,0.2
0,0.3,0.1,0.2,0.1
0,0.2,0.1,0.2,0.1
0,0.3,0.2,0.2,0.1
0,0.3,0.1,0.2,0.1
0,0.2,0.2,0.2,0.1
0,0.4,0.3,0.3,0.3
0,0.3,0.2,0.2,0.1
0,0.2,0.1,0.2,0.1
0,0.2,0.1,0.2,0.1
0,0.3,0.2,0.2,0.1
0,0.2,0.1,0.2,0.2
0,0.2,0.2,0.2,0.2
0,0.2,0.2,0.2,0.2
0,0.2,0.2,0.2,0.1
0,0.3,0.1,0.2,0.2
0,0.3,0.1,0.1,0.1
0,0.3,0.1,0.1,0.2
0,0.3,0.2,0.2,0.1
0,0.2,0.1,0.1,0.2
0,0.2,0.1,0.2,0.1
0,0.2,0.2,0.2,0.1
0,0.2,0.1,0.2,0.1
0,0.2,0.1,0.1,0.2
0,0.2,0.2,0.2,0.2
0,0.2,0.2,0.2,0.1
0,0.3,0.1,0.1,0.2
0,0.3,0.2,0.2,0.1
0,0.3,0.2,0.2,0.1
0,0.3,0.1,0.1,0.2
0,0.2,0.1,0.1,0.2
0,0.2,0.1,0.1,0.1
0,0.2,0.1,0.2,0.2
0,0.2,0.2,0.2,0.1
0,0.2,0.1,0.2,0.1
0,0.2,0.1,0.1,0.2
0,0.2,0.1,0.1,0.2
0,0.2,0.1,0.2,0.1
0,0.2,0.1,0.1,0.1
0,0.2,0.1,0.1,0.2
0,0.2,0.1,0.1,0.2
0,0.2,0.2,0.1,0.1
0,0.2,0.1,0.1,0.2
0,0.2,0.1,0.2,0.2
0,0.3,0.1,0.2,0.1
0,0.2,0.1,0.1,0.2
0,0.2,0.2,0.2,0.1
0,0.2,0.1,0.1,0.1
0,0.2,0.1,0.2,0.1
0,0.2,0.1,0.1,0.2
0,0.3,0.2,0.1,0.1
0,0.2,0.1,0.2,0.1
0,0.2,0.1,0.1,0.2
0,0.2,0.2,0.1,0.1
0,0.2,0.1,0.1,0.2
0,0.3,0.2,0.2,0.1
0,0.2,0.1,0.1,0.2
0,0.2,0.2,0.2,0.2
0,0.3,0.2,0.2,0.2
0,0.3,0.1,0.1,0.2
0,0.7,0.2,0.3,0.3
0,0.3,0.2,0.1,0.1
0,0.2,0.1,0.1,0.2
0,0.3,0.2,0.2,0.2
0,0.2,0.2,0.2,0.1
0,0.2,0.1,0.1,0.2
0,0.2,0.1,0.2,0.1
0,0.3,0.1,0.1,0.2
0,0.2,0.2,0.1,0.1
0,0.3,0.1,0.1,0.1
0,0.3,0.1,0.2,0.1
0,0.2,0.2,0.1,0.1
0,0.3,0.1,0.2,0.1
0,0.3,0.2,0.1,0.1
0,0.2,0.1,0.2,0.1
0,0.3,0.2,0.1,0.1
0,0.2,0.1,0.1,0.2
0,0.2,0.1,0.1,0.2
0,0.2,0.1,0.1,0.2
0,0.2,0.1,0.1,0.2
0,0.2,0.1,0.1,0.1
0,0.3,0.2,0.2,0.1
0,0.3,0.1,0.2,0.1
0,0.2,0.1,0.1,0.2
0,0.2,0.1,0.1,0.1
0,0.2,0.1,0.1,0.1
0,0.3,0.1,0.2,0.1
0,0.2,0.1,0.1,0.1
0,0.2,0.1,0.2,0.1
0,0.2,0.1,0.2,0.1
0,0.2,0.1,0.2,0.1
0,0.2,0.1,0.1,0.2
0,0.3,0.1,0.2,0.1
0,0.3,0.1,0.1,0.2
0,0.2,0.1,0.1,0.2
0,0.3,0.2,0.2,0.1
0,0.2,0.1,0.2,0.2
0,0.2,0.1,0.2,0.1
0,0.2,0.1,0.1,0.2
0,0.2,0.2,0.2,0.1
0,0.3,0.1,0.2,0.1
0,0.2,0.1,0.1,0.1
0,0.3,0.1,0.1,0.1
0,0.2,0.1,0.1,0.1
0,0.3,0.1,0.1,0.2
0,0.2,0.1,0.1,0.2
0,0.2,0.2,0.2,0.1
0,0.2,0.1,0.1,0.1
0,0.2,0.1,0.1,0.1
0,0.2,0.2,0.2,0.1
0,0.2,0.1,0.1,0.1
0,0.2,0.1,0.1,0.2
0,0.2,0.1,0.2,0.1
0,0.2,0.1,0.2,0.1
0,0.2,0.1,0.2,0.1
0,0.2,0.1,0.1,0.1
0,0.3,0.1,0.1,0.2
0,0.2,0.2,0.2,0.1
0,0.2,0.1,0.1,0.1
0,0.2,0.1,0.1,0.1
0,0.2,0.2,0.1,0.1
0,0.2,0.1,0.2,0.1
0,0.2,0.1,0.1,0.2
0,0.2,0.1,0.2,0.1
0,0.2,0.1,0.2,0.2
0,0.2,0.2,0.2,0.1
0,0.2,0.2,0.1,0.1
