0,0,0.1,0.2,0.2
0,0,0.1,0.1,0.1
0,0,0.1,0.2,0.1
0,0,0.2,0.2,0.1
0,0,0.2,0.1,0.1
0,0,0.1,0.1,0.1
0,0,0.1,0.2,0.1
0,0,0.1,0.1,0.1
0,0,0.1,0.1,0.2
0,0,0.1,0.1,0.1
0,0,0.2,0.2,0.1
0,0,0.1,0.1,0.2
0,0,0.1,0.1,0.1
0,0,0.2,0.1,0.1
0,0,0.2,0.1,0.1
0,0,0.1,0.1,0.2
0,0,0.1,0.1,0.2
0,0,0.1,0.1,0.2
0,0,0.2,0.1,0.1
0,0,0.1,0.1,0.1
0,0,0.1,0.2,0.2
0,0,0.2,0.1,0.1
0,0,0.2,0.1,0.2
0,0,0.1,0.1,0.2
0,0,0.1,0.1,0.2
0,0,0.1,0.1,0.1
0,0,0.1,0.2,0.1
0,0,0.1,0.1,0.2
0,0,0.1,0.1,0.2
0,0,0.1,0.1,0.2
0,0,0.1,0.1,0.2
0,0,0.1,0.1,0.1
0,0,0.1,0.2,0.1
0,0,0.1,0.2,0.1
0,0,0.2,0.1,0.1
0,0,0.1,0.2,0.1
0,0,0.2,0.1,0.1
0,0,0.1,0.1,0.1
0,0,0.1,0.2,0.1
0,0,0.1,0.1,0.1
0,0,0.2,0.1,0.1
0,0,0.1,9.6,0.1
0,0,0.1,0.2,0.1
0,0,0.2,0.2,0.1
0,0,0.1,0.1,0.1
0,0,0.2,0.1,0.1
0,0,0.2,0.2,0.1
0,0,0.1,0.1,0.2
0,0,0.1,0.1,0.2
0,0,0.1,0.2,0.1
0,0,0.2,0.1,0.1
0,0,0.2,0.2,0.1
0,0,0.1,0.2,0.1
0,0,0.2,0.1,0.1
0,0,0.1,0.2,0.1
0,0,0.1,0.1,0.1
0,0,0.1,0.2,0.1
0,0,0.1,0.2,0.1
0,0,0.1,0.2,0.2
0,0,0.1,0.1,0.2
0,0,0.1,0.2,0.1
0,0,0.1,0.1,0.2
0,0,0.2,0.2,0.1
0,0,0.2,0.1,0.1
0,0,0.1,0.2,0.2
0,0,0.1,0.1,0.1
0,0,0.2,0.1,0.1
0,0,0.2,0.1,0.1
0,0,0.1,0.1,0.1
0,0,0.1,0.1,0.2
0,0,0.1,0.2,0.1
0,0,0.2,0.1,0.1
0,0,0.1,0.2,0.1
0,0,0.2,0.3,0.1
0,0,0.1,0.2,0.2
0,0,0.1,0.1,0.2
0,0,0.2,0.2,0.1
0,0,0.2,0.2,0.3
0,0,0.1,0.2,0.1
0,0,0.2,0.1,0.1
0,0,0.3,0.2,0.2
0,0,0.1,0.1,0.2
0,0,0.1,0.1,0.1
0,0,0.1,0.1,0.2
0,0,0.1,0.1,0.1
0,0,0.2,0.1,0.1
0,0,0.1,0.1,0.2
0,0,0.1,0.1,0.2
0,0,0.2,0.1,0.1
0,0,0.1,0.1,0.1
0,0,0.1,0.1,0.2
0,0,0.1,0.1,0.2
0,0,0.1,0.1,0.2
0,0,0.1,0.2,0.1
0,0,0.1,0.1,0.1
0,0,0.1,0.1,0.2
0,0,0.1,0.2,0.2
0,0,0.1,0.1,0.2
0,0,0.1,0.2,0.1
0,0,0.1,0.2,0.1
0,0,0.3,0.2,0.3
0,0,0.1,0.2,0.1
0,0,0.1,0.1,0.2
0,0,0.2,0.1,0.1
0,0,0.2,0.1,0.1
0,0,0.1,0.2,0.1
0,0,0.1,0.1,0.1
0,0,0.2,0.2,0.1
0,0,0.1,0.1,0.1
0,0,0.1,0.2,0.2
0,0,0.1,0.1,0.2
0,0,0.1,0.2,0.1
0,0,0.1,0.2,0.1
0,0,0.2,0.2,0.1
0,0,0.1,0.2,0.1
0,0,0.1,0.1,0.2
0,0,0.1,0.2,0.1
0,0,0.1,0.1,0.2
0,0,0.2,0.1,0.1
0,0,0.2,0.1,0.1
0,0,0.1,0.1,0.2
0,0,0.2,0.1,0.1
0,0,0.1,0.1,0.1
0,0,0.1,0.2,0.1
0,0,0.1,0.1,0.2
0,0,0.1,0.1,0.2
0,0,0.1,0.1,0.2
0,0,0.1,0.1,0.1
0,0,0.1,0.2,0.1
0,0,0.1,0.2,0.1
0,0,0.1,0.1,0.1
0,0,0.2,0.2,0.2
0,0,0.2,0.1,0.1
0,0,0.1,0.2,0.1
0,0,0.1,0.1,0.1
0,0,0.1,0.1,0.2
0,0,0.1,0.2,0.1
0,0,0.1,0.2,0.1
0,0,0.2,0.1,0.1
0,0,0.1,0.2,0.1
0,0,0.1,0.1,0.2
0,0,0.1,0.1,0.1
0,0,0.1,0.1,0.2
0,0,0.1,0.2,0.2
0,0,0.1,0.1,0.2
0,0,0.2,0.1,0.1
0,0,0.2,0.2,0.1
0,0,0.1,0.2,0.1
0,0,0.1,0.1,0.1
0,0,0.1,0.1,0.1
0,0,0.1,0.1,0.1
0,0,0.1,0.2,0.1
0,0,0.1,0.2,0.1
0,0,0.1,0.2,0.1
0,0,0.1,0.2,0.1
0,0,0.1,0.2,0.1
0,0,0.1,0.1,0.2
0,0,0.1,0.2,0.1
0,0,0.1,0.2,0.2
0,0,0.1,0.1,0.2
0,0,0.1,0.2,0.1
0,0,0.1,0.2,0.1
0,0,0.1,0.2,0.1
0,0,0.2,0.1,0.1
0,0,0.2,0.1,0.1
0,0,0.2,0.1,0.1
0,0,0.1,0.2,0.1
0,0,0.1,0.1,0.1
0,0,0.2,0.1,0.1
0,0,0.1,0.2,0.1
0,0,0.1,0.1,0.2
0,0,0.1,0.1,0.1
0,0,0.1,0.1,0.1
0,0,0.1,0.1,0.1
0,0,0.1,0.2,0.1
0,0,0.1,0.2,0.1
0,0,0.1,0.2,0.2
0,0,0.1,0.1,0.2
0,0,0.3,0.3,0.3
0,0,0.1,0.2,0.1
0,0,0.1,0.1,0.1
0,0,0.1,0.1,0.1
0,0,0.2,0.2,0.1
0,0,0.1,0.1,0.2
0,0,0.1,0.1,0.2
0,0,0.1,0.1,0.2
0,0,0.2,0.1,0.1
0,0,0.1,0.2,0.1
0,0,0.2,0.2,0.1
0,0,0.2,0.2,0.2
0,0,0.1,0.1,0.2
0,0,0.1,0.2,0.1
0,0,0.1,0.1,0.2
0,0,0.1,0.1,0.2
0,0,0.1,0.2,0.1
0,0,0.1,0.1,0.1
0,0,0.1,0.2,0.1
0,0,0.1,0.2,0.2
0,0,0.1,0.1,0.1
0,0,0.1,0.1,0.2
0,0,0.1,0.2,0.1
0,0,0.1,0.2,0.1
0,0,0.1,0.1,0.1
0,0,0.1,0.1,0.1
0,0,0.1,0.1,0.1
0,0,0.1,0.1,0.1
0,0,0.1,0.2,0.2
0,0,0.1,0.1,0.2
0,0,0.1,0.2,0.1
0,0,0.1,0.1,0.2
0,0,0.1,0.1,0.2
0,0,0.1,0.2,0.2
0,0,0.2,0.1,0.1
0,0,0.1,0.1,0.1
0,0,0.1,0.2,0.1
0,0,0.2,0.1,0.1
0,0,0.1,0.2,0.1
0,0,0.2,0.1,0.1
0,0,0.2,0.2,0.1
0,0,0.1,0.1,0.1
0,0,0.2,0.1,0.2
0,0,0.1,0.1,0.2
0,0,0.1,0.1,0.1
0,0,0.2,0.1,0.2
0,0,0.1,0.1,0.2
0,0,0.1,0.2,0.1
0,0,0.2,0.2,0.1
0,0,0.1,0.2,0.1
0,0,0.2,0.1,0.1
0,0,0.1,0.2,0.1
0,0,0.2,0.1,0.1
0,0,0.1,0.1,0.2
0,0,0.2,0.1,0.1
0,0,0.2,0.1,0.2
0,0,0.1,0.2,0.2
0,0,0.1,0.2,0.1
0,0,0.1,0.2,0.1
0,0,0.1,0.1,0.1
0,0,0.1,0.2,0.1
0,0,0.1,0.1,0.1
0,0,0.1,0.1,0.2
0,0,0.1,0.2,0.1
0,0,0.1,0.1,0.2
0,0,0.2,0.2,0.1
0,0,0.1,0.1,0.2
0,0,0.2,0.2,0.1
0,0,0.2,0.1,0.1
0,0,0.1,0.1,0.1
0,0,0.2,0.1,0.2
0,0,0.2,0.1,0.2
0,0,0.2,0.2,0.1
0,0,0.2,0.1,0.1
0,0,0.1,0.2,0.1
0,0,0.1,0.1,0.2
0,0,0.1,0.2,0.1
0,0,0.1,0.1,0.2
0,0,0.2,0.2,0.1
0,0,0.1,0.1,0.2
0,0,0.1,0.2,0.1
0,0,0.2,0.1,0.1
0,0,0.1,0.1,0.1
0,0,0.2,0.1,0.1
0,0,0.2,0.2,0.1
0,0,0.2,0.2,0.2
0,0,0.2,0.3,0.2
0,0,0.1,0.2,0.2
0,0,0.2,0.1,0.2
0,0,0.2,0.2,0.1
0,0,0.1,0.1,0.1
0,0,0.1,0.2,0.2
0,0,0.1,0.1,0.1
0,0,0.3,0.3,0.5
0,0,0.2,0.1,0.1
0,0,0.1,0.1,0.2
0,0,0.2,0.2,0.1
0,0,0.2,0.2,0.1
0,0,0.2,0.1,0.2
0,0,0.2,0.2,0.1
0,0,0.2,0.1,0.1
0,0,0.1,0.1,0.2
0,0,0.2,0.3,0.2
0,0,0.2,0.2,0.1
0,0,0.1,0.1,0.1
0,0,0.4,0.3,0.3
0,0,0.1,0.2,0.1
0,0,0.2,0.2,0.1
0,0,0.1,0.2,0.1
0,0,0.3,0.3,0.2
0,0,0.1,0.2,0.1
0,0,0.1,0.1,0.1
0,0,0.1,0.4,0.2
0,0,0.1,0.1,0.1
0,0,0.1,0.1,0.1
0,0,0.1,0.1,0.2
0,0,0.3,0.4,0.3
0,0,0.2,0.1,0.2
0,0,0.1,0.2,0.2
0,0,0.3,0.3,0.3
0,0,0.3,0.3,0.3
0,0,0.2,0.2,0.1
0,0,0.2,0.1,0.2
0,0,0.1,0.1,0.1
0,0,0.1,0.2,0.1
0,0,0.1,0.2,0.1
0,0,0.2,0.1,0.2
0,0,0.2,0.2,0.2
0,0,0.2,0.1,0.1
0,0,0.1,0.1,0.1
0,0,0.1,0.1,0.2
0,0,0.1,1.7,0.1
0,0,0.1,0.1,0.2
0,0,0.5,0.5,0.5
0,0,0.4,0.3,0.4
0,0,0.1,0.1,0.1
0,0,0.2,0.1,0.1
0,0,0.1,0.1,0.2
0,0,0.1,0.1,0.2
0,0,0.1,0.2,0.1
0,0,0.1,0.1,0.2
0,0,0.1,0.1,0.2
0,0,0.2,0.1,0.1
0,0,0.1,0.2,0.1
0,0,0.2,0.1,0.1
0,0,0.1,0.1,0.1
0,0,0.2,0.2,0.1
0,0,0.1,0.2,0.2
0,0,0.1,0.1,0.1
0,0,0.1,0.1,0.1
0,0,0.1,0.2,0.2
0,0,0.1,0.2,0.1
0,0,0.1,0.2,0.1
0,0,0.1,0.1,0.2
0,0,0.2,0.2,0.1
0,0,0.2,0.1,0.1
0,0,0.1,0.2,0.1
0,0,0.2,0.1,0.1
0,0,0.1,0.1,0.2
0,0,0.1,0.1,0.2
0,0,0.1,0.2,0.1
0,0,0.1,0.1,0.2
0,0,0.2,0.1,0.1
0,0,0.1,0.2,0.1
0,0,0.1,0.2,0.1
0,0,0.1,0.1,0.2
0,0,0.1,0.1,0.2
0,0,0.2,0.1,0.1
0,0,0.1,0.2,0.1
0,0,0.2,0.1,0.1
0,0,0.1,0.1,0.2
0,0,0.1,0.2,0.1
0,0,0.1,0.2,0.2
0,0,0.1,0.2,0.1
0,0,0.2,0.1,0.1
0,0,0.1,0.2,0.1
0,0,0.2,0.2,0.1
0,0,0.1,0.1,0.2
0,0,0.2,0.2,0.2
0,0,0.1,0.2,0.1
0,0,0.1,0.1,0.2
0,0,0.1,0.1,0.2
0,0,0.2,0.2,0.1
0,0,0.2,0.1,0.1
0,0,0.1,0.2,0.1
0,0,0.1,0.1,0.2
0,0,0.2,0.2,0.1
0,0,0.1,0.2,0.1
0,0,0.1,0.1,0.2
0,0,0.1,0.2,0.2
0,0,0.2,0.2,0.2
0,0,0.1,0.1,0.1
0,0,0.1,0.1,0.1
0,0,0.1,0.2,0.1
0,0,0.1,0.2,0.1
0,0,0.2,0.2,0.1
0,0,0.1,0.1,0.2
0,0,0.2,0.2,0.1
0,0,0.1,0.1,0.1
0,0,0.1,0.2,0.1
0,0,0.2,0.2,0.1
0,0,0.1,0.2,0.1
0,0,0.1,0.1,0.1
0,0,0.1,0.1,0.1
0,0,0.1,0.1,0.1
0,0,0.3,0.2,0.3
0,0,0.1,0.1,0.1
0,0,0.1,0.1,0.2
0,0,0.2,0.1,0.1
0,0,0.1,0.1,0.2
0,0,0.1,0.1,0.2
0,0,0.1,0.1,0.2
0,0,0.1,0.1,0.2
0,0,0.1,0.2,0.1
0,0,0.1,0.1,0.2
0,0,0.1,0.1,0.2
0,0,0.1,0.1,0.1
0,0,0.2,0.1,0.1
0,0,0.1,0.1,0.1
0,0,0.2,0.2,0.1
0,0,0.2,0.1,0.1
0,0,0.1,0.2,0.1
0,0,0.1,0.1,0.2
0,0,0.1,0.2,0.1
0,0,0.2,0.1,0.1
0,0,0.1,0.2,0.1
0,0,0.2,0.1,0.1
0,0,0.1,0.1,0.1
0,0,0.1,0.1,0.2
0,0,0.1,0.2,0.1
0,0,0.2,0.1,0.2
0,0,0.1,0.2,0.1
0,0,0.1,0.2,0.1
0,0,0.2,0.1,0.2
0,0,0.1,0.2,0.1
0,0,0.1,0.2,0.1
0,0,0.1,0.2,0.1
0,0,0.1,0.2,0.1
0,0,0.2,0.1,0.1
0,0,0.1,0.1,0.1
0,0,0.1,0.1,0.2
0,0,0.2,0.1,0.1
0,0,0.2,0.1,0.1
0,0,0.1,0.1,0.1
0,0,0.1,0.1,0.2
0,0,0.1,0.2,0.1
0,0,0.1,0.2,0.1
0,0,0.1,0.2,0.1
0,0,0.1,0.1,0.2
0,0,0.1,0.1,0.1
0,0,0.1,0.2,0.1
0,0,0.2,0.1,0.1
0,0,0.1,0.2,0.1
0,0,0.1,0.2,0.1
0,0,0.1,0.1,0.1
0,0,0.1,0.1,0.1
0,0,0.1,0.2,0.1
0,0,0.2,0.1,0.1
0,0,0.2,0.2,0.1
0,0,0.2,0.1,0.1
0,0,0.1,0.1,0.1
0,0,0.2,0.1,0.1
0,0,0.1,0.1,0.2
0,0,0.1,0.1,0.1
0,0,0.1,0.2,0.1
0,0,0.1,0.1,0.2
0,0,0.1,0.1,0.2
0,0,0.1,0.1,0.1
0,0,0.1,0.1,0.2
0,0,0.1,0.2,0.1
0,0,0.1,0.1,0.1
0,0,0.1,0.1,0.2
0,0,0.1,0.2,0.1
0,0,0.1,0.2,0.1
0,0,0.1,0.1,0.2
0,0,0.1,0.1,0.2
0,0,0.1,0.1,0.1
0,0,0.1,0.2,0.2
0,0,0.1,0.2,0.1
0,0,0.1,0.2,0.1
0,0,0.2,0.1,0.1
0,0,0.1,0.2,0.1
0,0,0.1,0.2,0.2
0,0,0.2,0.2,0.1
0,0,0.1,0.1,0.2
0,0,0.2,0.1,0.1
0,0,0.1,0.1,0.2
0,0,0.1,0.2,0.1
0,0,0.1,0.1,0.1
0,0,0.2,0.2,0.1
0,0,0.1,0.2,0.1
0,0,0.1,0.2,0.1
0,0,0.1,0.1,0.2
0,0,0.1,0.2,0.1
0,0,0.1,0.2,0.1
0,0,0.1,0.2,0.1
0,0,0.1,0.2,0.1
0,0,0.1,0.2,0.2
0,0,0.1,0.2,0.2
0,0,0.2,0.2,0.1
0,0,0.1,0.1,0.1
0,0,0.2,0.2,0.1
0,0,0.2,0.1,0.1
0,0,0.1,0.2,0.1
0,0,0.1,0.1,0.1
0,0,0.2,0.2,0.2
0,0,0.2,0.2,0.2
0,0,0.2,0.2,0.2
0,0,0.1,0.1,0.2
0,0,0.1,0.1,0.2
0,0,0.1,0.1,0.2
0,0,0.1,0.1,0.1
0,0,0.2,0.1,0.1
0,0,0.2,0.2,0.1
0,0,0.1,0.1,0.2
0,0,0.2,0.2,0.2
0,0,0.1,0.1,0.2
0,0,0.2,0.1,0.1
0,0,0.1,0.1,0.1
0,0,0.1,0.1,0.2
0,0,0.2,0.1,0.1
0,0,0.1,0.1,0.1
0,0,0.1,0.1,0.2
0,0,0.1,0.1,0.2
0,0,0.1,0.2,0.1
0,0,0.1,0.2,0.1
0,0,0.2,0.2,0.2
0,0,0.1,0.1,0.1
0,0,0.2,0.1,0.1
0,0,0.1,0.2,0.1
0,0,0.1,0.2,0.1
0,0,0.1,0.2,0.1
0,0,0.2,0.1,0.1
0,0,0.1,0.1,0.2
0,0,0.1,0.2,0.2
0,0,0.1,0.1,0.1
0,0,0.1,0.2,0.2
0,0,0.1,0.2,0.2
0,0,0.1,0.1,0.2
0,0,0.1,0.2,0.2
0,0,0.2,0.2,0.1
0,0,0.1,0.2,0.1
0,0,0.1,0.1,0.2
0,0,0.3,0.3,0.3
0,0,0.1,0.2,0.1
0,0,0.1,0.1,0.1
0,0,0.1,0.2,0.2
0,0,0.2,0.1,0.1
0,0,0.2,0.3,0.8
0,0,0.2,0.1,0.1
0,0,0.1,0.1,0.1
0,0,0.3,0.3,0.2
0,0,0.1,0.3,0.1
0,0,0.1,0.1,0.1
0,0,0.1,0.1,0.1
0,0,0.1,0.2,0.1
0,0,0.2,0.2,0.2
0,0,0.1,0.2,0.1
0,0,0.1,0.1,0.1
0,0,0.1,0.2,0.1
0,0,0.1,0.2,0.1
0,0,0.2,0.5,0.1
0,0,0.1,0.2,0.1
0,0,0.2,0.1,0.2
0,0,0.2,0.2,0.2
0,0,0.1,0.2,0.3
0,0,0.2,0.2,0.2
0,0,0.2,0.2,0.1
0,0,0.1,0.1,0.2
0,0,0.1,0.1,0.1
0,0,0.1,0.1,0.2
0,0,0.1,0.1,0.1
0,0,0.3,0.4,0.3
0,0,0.2,0.2,0.1
0,0,0.1,0.2,0.1
0,0,0.2,0.1,0.1
0,0,0.2,0.2,0.2
0,0,0.2,0.1,0.1
0,0,0.1,0.1,0.1
0,0,0.2,0.3,0.1
0,0,0.2,0.1,0.2
0,0,0.2,0.2,0.2
0,0,0.1,0.1,0.1
0,0,0.1,0.1,0.2
0,0,0.3,0.2,0.3
0,0,0.1,0.2,0.1
0,0,0.2,0.2,0.3
0,0,0.1,0.2,0.1
0,0,0.3,0.3,0.3
0,0,0.2,0.4,0.3
0,0,0.1,0.1,0.2
0,0,0.1,0.2,0.1
0,0,0.1,0.1,0.1
0,0,0.1,0.2,0.1
0,0,0.1,0.1,0.1
0,0,0.1,0.2,0.2
0,0,0.1,0.1,0.1
0,0,0.1,0.1,0.2
0,0,0.1,0.4,0.1
0,0,0.1,0.2,0.1
0,0,0.1,0.2,0.1
0,0,0.2,0.2,0.1
0,0,0.2,0.3,0.2
0,0,0.1,0.2,0.1
0,0,0.1,0.1,0.2
0,0,0.2,0.3,0.1
0,0,0.1,0.1,0.2
0,0,0.2,0.2,0.1
0,0,0.1,0.1,0.2
0,0,0.1,0.1,0.2
0,0,0.2,0.1,0.1
0,0,0.2,0.1,0.1
0,0,0.1,0.1,0.2
0,0,0.2,0.2,0.1
0,0,0.2,0.2,0.3
0,0,0.5,0.3,0.4
0,0,0.1,0.2,0.1
0,0,0.1,0.1,0.1
0,0,0.2,0.1,0.1
0,0,0.1,0.2,0.1
0,0,0.2,0.1,0.2
0,0,0.1,0.2,0.1
0,0,0.2,0.2,0.1
0,0,0.1,0.1,0.1
0,0,0.2,0.1,0.1
0,0,0.1,0.1,0.1
0,0,0.1,0.1,0.2
0,0,0.1,0.1,0.1
0,0,0.2,0.2,0.1
0,0,0.1,0.2,0.1
0,0,0.1,0.1,0.1
0,0,0.1,0.1,0.2
0,0,0.1,0.1,0.2
0,0,0.2,0.1,0.2
0,0,0.1,0.2,0.1
0,0,0.1,0.2,0.2
0,0,0.1,0.2,0.1
0,0,0.1,0.2,0.1
0,0,0.2,0.2,0.2
0,0,0.1,0.1,0.2
0,0,0.1,0.1,0.2
0,0,0.1,0.1,0.1
0,0,0.1,0.2,0.1
0,0,0.2,0.2,0.1
0,0,0.1,0.1,0.1
0,0,0.1,0.2,0.1
0,0,0.2,0.2,0.1
0,0,0.1,0.2,0.1
0,0,0.1,0.2,0.1
0,0,0.2,0.2,0.1
0,0,0.1,0.2,0.1
0,0,0.2,0.1,0.1
0,0,0.2,0.1,0.1
0,0,0.1,0.2,0.1
0,0,0.1,0.1,0.2
0,0,0.1,0.1,0.1
0,0,0.1,0.2,0.1
0,0,0.2,0.2,0.1
0,0,0.2,0.1,0.1
0,0,0.1,0.1,0.2
0,0,0.1,0.1,0.2
0,0,0.1,0.1,0.2
0,0,0.1,0.2,0.1
0,0,0.1,0.2,0.1
0,0,0.2,0.1,0.2
0,0,0.1,0.2,0.1
0,0,0.1,0.1,0.1
0,0,0.2,0.1,0.1
0,0,0.2,0.2,0.1
0,0,0.2,0.1,0.1
0,0,0.1,0.1,0.2
0,0,0.1,0.2,0.1
0,0,0.2,0.1,0.2
0,0,0.1,0.1,0.2
0,0,0.1,0.1,0.1
0,0,0.2,0.1,0.1
0,0,0.2,0.1,0.1
0,0,0.2,0.1,0.1
0,0,0.2,0.1,0.1
0,0,0.1,0.1,0.2
0,0,0.1,0.2,0.1
0,0,0.1,0.2,0.1
0,0,0.1,0.1,0.1
0,0,0.1,0.1,0.2
0,0,0.2,0.1,0.1
0,0,0.2,0.1,0.1
0,0,0.2,0.1,0.1
0,0,0.1,0.1,0.1
0,0,0.1,0.1,0.2
0,0,0.1,0.1,0.1
0,0,0.1,0.1,0.2
0,0,0.1,0.1,0.1
0,0,0.1,0.1,0.2
0,0,0.1,0.1,0.2
0,0,0.1,0.2,0.1
0,0,0.1,0.1,0.2
0,0,0.1,0.1,0.2
0,0,0.1,0.2,0.1
0,0,0.1,0.1,0.2
0,0,0.2,0.3,0.2
0,0,0.1,0.1,0.2
0,0,0.1,0.1,0.2
0,0,0.1,0.2,0.1
0,0,0.1,0.2,0.1
0,0,0.1,0.1,0.2
0,0,0.1,0.1,0.1
0,0,0.1,0.1,0.2
0,0,0.2,0.2,0.1
0,0,0.2,0.1,0.1
0,0,0.2,0.1,0.1
0,0,0.1,0.2,0.1
0,0,0.1,0.2,0.2
0,0,0.1,0.2,0.1
0,0,0.1,0.2,0.1
0,0,0.1,0.1,0.1
0,0,0.1,0.1,0.2
0,0,0.1,0.1,0.1
0,0,0.1,0.1,0.2
0,0,0.1,0.1,0.1
0,0,0.1,0.1,0.1
0,0,0.1,0.1,0.2
0,0,0.2,0.2,0.1
0,0,0.1,0.1,0.1
0,0,0.2,0.1,0.1
0,0,0.1,0.1,0.1
0,0,0.1,0.1,0.1
0,0,0.1,0.2,0.2
0,0,0.1,0.1,0.2
0,0,0.1,0.1,0.1
0,0,0.1,0.2,0.1
0,0,0.1,0.2,0.1
0,0,0.1,0.1,0.2
0,0,0.1,0.1,0.1
0,0,0.1,0.1,0.1
0,0,0.1,0.2,0.1
0,0,0.1,0.1,0.1
0,0,0.1,0.1,0.2
0,0,0.1,0.2,0.1
0,0,0.1,0.2,0.1
0,0,0.1,0.1,0.2
0,0,0.1,0.1,0.2
0,0,0.1,0.1,0.2
0,0,0.1,0.1,0.2
0,0,0.1,0.1,0.1
0,0,0.2,0.1,0.1
0,0,0.1,0.2,0.1
0,0,0.2,0.1,0.1
0,0,0.1,0.2,0.1
0,0,0.1,0.1,0.2
0,0,0.1,0.1,0.1
0,0,0.1,0.2,0.1
0,0,0.1,0.1,0.2
0,0,0.1,0.1,0.1
0,0,0.1,0.2,0.1
0,0,0.1,0.2,0.1
0,0,0.1,0.2,0.1
0,0,0.2,0.2,0.1
0,0,0.1,0.1,0.1
0,0,0.1,0.2,0.1
0,0,0.2,0.1,0.1
0,0,0.1,0.1,0.2
0,0,0.2,0.1,0.1
0,0,0.2,0.1,0.1
0,0,0.1,0.1,0.2
0,0,0.1,0.2,0.1
0,0,0.1,0.2,0.1
0,0,0.1,0.2,0.1
0,0,0.1,0.2,0.1
0,0,0.1,0.1,0.1
0,0,0.1,0.1,0.2
0,0,0.1,0.2,0.1
0,0,0.2,0.2,0.1
0,0,0.1,0.1,0.2
0,0,0.1,0.1,0.2
0,0,0.1,0.1,0.1
0,0,0.1,0.1,0.1
0,0,0.2,0.2,0.1
0,0,0.2,0.2,0.1
0,0,0.1,0.2,0.1
0,0,0.2,0.1,0.1
0,0,0.1,0.2,0.1
0,0,0.2,0.1,0.1
0,0,0.1,0.1,0.2
0,0,0.1,0.2,0.1
0,0,0.1,0.2,0.1
0,0,0.2,0.2,0.1
0,0,0.1,0.1,0.1
0,0,0.1,0.2,0.1
0,0,0.2,0.2,0.2
0,0,0.2,0.2,0.1
0,0,0.2,0.2,0.3
0,0,0.1,0.1,0.1
0,0,0.1,0.2,0.1
0,0,0.1,0.1,0.2
0,0,0.1,0.2,0.1
0,0,0.1,0.2,0.1
0,0,0.1,0.2,0.1
0,0,0.1,0.1,0.2
0,0,0.1,0.1,0.2
0,0,0.1,0.2,0.1
0,0,0.1,0.1,0.2
0,0,0.1,0.1,0.1
0,0,0.1,0.2,0.1
0,0,0.1,0.2,0.1
0,0,0.3,0.4,0.5
0,0,0.1,0.2,0.1
0,0,0.1,0.1,0.1
0,0,0.1,0.1,0.2
0,0,0.1,0.2,0.1
0,0,0.2,0.1,0.2
0,0,0.1,0.1,0.2
0,0,0.1,0.2,0.1
0,0,0.1,0.1,0.2
0,0,0.1,0.2,0.1
0,0,0.2,0.2,0.1
0,0,0.2,0.2,0.1
0,0,0.1,0.2,0.1
0,0,0.1,0.1,0.2
0,0,0.2,0.2,0.1
0,0,0.1,0.2,0.1
0,0,0.1,0.2,0.1
0,0,0.1,0.1,0.2
0,0,0.1,0.2,0.1
0,0,0.1,0.1,0.2
0,0,0.1,0.2,0.1
0,0,0.1,0.1,0.2
0,0,0.1,0.2,0.1
0,0,0.1,0.1,0.2
0,0,0.2,0.2,0.1
0,0,0.1,0.2,0.1
0,0,0.1,0.2,0.1
0,0,0.2,0.1,0.1
0,0,0.1,0.1,0.2
0,0,0.1,0.1,0.2
0,0,0.1,0.2,0.1
0,0,0.1,0.2,0.1
0,0,0.1,0.2,0.1
0,0,0.1,0.1,0.2
0,0,0.1,0.2,0.1
0,0,0.1,0.1,0.2
0,0,0.1,0.1,0.2
0,0,0.2,0.1,0.1
0,0,0.1,0.1,0.1
0,0,0.1,0.2,0.1
0,0,0.1,0.2,0.1
0,0,0.1,0.2,0.1
0,0,0.1,0.1,0.1
0,0,0.2,0.2,0.1
0,0,0.2,0.1,0.1
0,0,0.1,0.1,0.2
0,0,0.1,0.1,0.1
0,0,1.1,1.1,1.1
0,0,0.2,0.2,0.2
0,0,0.2,0.1,0.1
0,0,0.1,0.2,0.2
0,0,0.2,0.2,0.2
0,0,0.2,0.1,0.1
0,0,0.3,0.3,0.4
0,0,0.2,0.2,0.1
0,0,0.1,0.1,0.1
0,0,0.1,0.1,0.1
0,0,0.1,0.1,0.1
0,0,0.1,0.1,0.1
0,0,0.1,0.2,0.1
0,0,0.1,0.2,0.2
0,0,0.1,0.2,0.1
0,0,0.1,0.1,0.1
0,0,0.1,0.1,0.2
0,0,0.2,0.2,0.1
0,0,0.2,0.1,0.1
0,0,0.2,0.2,0.1
0,0,0.1,0.2,0.1
0,0,0.2,0.1,0.1
0,0,0.1,0.1,0.1
0,0,0.1,0.1,0.1
0,0,0.2,0.2,0.2
0,0,0.2,0.2,0.1
0,0,0.2,0.2,0.1
0,0,0.1,0.1,0.1
0,0,0.2,0.2,0.1
0,0,0.1,0.1,0.1
0,0,0.1,0.1,0.2
0,0,0.1,0.1,0.2
0,0,0.1,0.1,0.1
0,0,0.2,0.2,0.1
0,0,0.1,0.2,0.1
0,0,0.1,0.2,0.1
0,0,0.1,0.2,0.1
0,0,0.2,0.2,0.1
0,0,0.1,0.1,0.1
0,0,0.1,0.2,0.1
0,0,0.1,0.1,0.1
0,0,0.1,0.4,0.2
0,0,0.2,0.2,0.1
0,0,0.1,0.2,0.1
0,0,0.1,0.1,0.1
0,0,0.1,0.2,0.1
0,0,0.1,0.1,0.2
0,0,0.1,0.1,0.2
0,0,0.1,0.2,0.2
0,0,0.1,0.2,0.1
0,0,0.1,0.1,0.2
0,0,0.1,0.2,0.1
0,0,1.1,1.2,1.1
0,0,0.2,0.2,0.3
0,0,0.2,0.2,0.4
0,0,0.2,0.2,0.2
0,0,0.1,0.2,0.1
0,0,0.2,0.1,0.1
0,0,0.2,0.2,0.1
0,0,0.2,0.1,0.1
0,0,0.1,0.2,0.1
0,0,0.1,0.2,0.1
0,0,0.1,0.1,0.1
0,0,0.2,0.1,0.1
0,0,0.1,0.1,0.1
0,0,0.1,0.1,0.2
0,0,0.1,0.2,0.1
0,0,0.1,0.2,0.1
0,0,0.1,0.2,0.1
0,0,0.1,0.2,0.1
0,0,0.1,0.1,0.2
0,0,0.2,0.1,0.1
0,0,0.2,0.1,0.1
0,0,0.1,0.1,0.2
0,0,0.1,0.1,0.1
0,0,0.1,0.1,0.2
0,0,0.2,0.1,0.1
0,0,0.1,0.1,0.1
0,0,0.1,0.1,0.1
0,0,0.2,0.2,0.1
0,0,0.2,0.1,0.1
0,0,0.1,0.1,0.1
0,0,0.1,0.1,0.2
0,0,0.1,0.1,0.2
0,0,0.1,0.2,0.1
0,0,0.1,0.1,0.2
0,0,0.1,0.2,0.1
0,0,0.1,0.2,0.1
0,0,0.1,0.2,0.1
0,0,0.1,0.2,0.1
0,0,0.1,0.1,0.2
0,0,0.2,0.1,0.1
0,0,0.1,0.1,0.1
0,0,0.1,0.2,0.1
0,0,0.1,0.1,0.2
0,0,0.1,0.1,0.2
0,0,0.1,0.1,0.2
0,0,0.1,0.1,0.1
0,0,0.1,0.1,0.2
0,0,0.2,0.1,0.1
0,0,0.2,0.2,0.2
0,0,0.1,0.2,0.1
0,0,0.2,0.1,0.1
0,0,0.1,0.2,0.1
0,0,0.1,0.2,0.1
0,0,0.1,0.1,0.1
0,0,0.2,0.2,0.1
0,0,0.2,0.1,0.1
0,0,0.1,0.2,0.1
0,0,0.1,0.2,0.1
0,0,0.1,0.2,0.2
0,0,0.2,0.1,0.1
0,0,0.1,0.1,0.2
0,0,0.2,0.1,0.2
0,0,0.2,0.1,0.1
0,0,0.1,0.1,0.1
0,0,0.1,0.2,0.1
0,0,0.2,0.1,0.2
0,0,0.2,0.1,0.1
0,0,0.1,0.1,0.2
0,0,0.1,0.1,0.2
0,0,0.1,0.1,0.1
0,0,0.2,0.2,0.2
0,0,0.1,0.1,0.2
0,0,0.2,0.2,0.1
0,0,0.1,0.1,0.1
0,0,0.1,0.1,0.1
0,0,0.1,0.1,0.1
0,0,0.2,0.1,0.1
0,0,0.2,0.1,0.1
0,0,0.1,0.1,0.2
0,0,0.2,0.1,0.1
0,0,0.1,0.2,0.1
0,0,0.1,0.2,0.1
0,0,0.1,0.1,0.1
0,0,0.2,0.1,0.1
0,0,0.2,0.2,0.2
0,0,0.2,0.1,0.1
0,0,0.1,0.2,0.1
0,0,0.1,0.1,0.1
0,0,0.1,0.2,0.1
0,0,0.1,0.1,0.2
0,0,0.1,0.1,0.1
0,0,0.1,0.2,0.1
0,0,0.2,0.1,0.1
0,0,0.1,0.1,0.1
0,0,0.1,0.2,0.1
0,0,0.1,0.1,0.2
0,0,0.1,0.1,0.2
0,0,0.2,0.1,0.1
0,0,0.1,0.1,0.2
0,0,0.1,0.2,0.1
0,0,0.1,0.1,0.1
0,0,0.1,0.2,0.1
0,0,0.1,0.1,0.2
0,0,0.1,0.1,0.2
0,0,0.2,0.2,0.2
0,0,0.1,0.1,0.1
0,0,0.1,0.1,0.2
0,0,0.2,0.1,0.1
0,0,0.1,0.1,0.2
0,0,0.1,0.1,0.2
0,0,0.1,0.2,0.1
0,0,0.2,0.1,0.1
0,0,0.1,0.2,0.1
0,0,0.2,0.1,0.1
0,0,0.1,0.1,0.2
0,0,0.1,0.2,0.1
0,0,0.2,0.1,0.1
0,0,0.1,0.2,0.1
0,0,0.1,0.1,0.1
0,0,0.2,0.1,0.1
0,0,0.1,0.2,0.1
0,0,0.2,0.2,0.1
0,0,0.2,0.1,0.1
0,0,0.1,0.1,0.1
0,0,0.1,0.2,0.1
0,0,0.2,0.1,0.1
0,0,0.1,0.2,0.1
0,0,0.2,0.1,0.1
0,0,0.1,0.1,0.2
0,0,0.1,0.1,0.2
0,0,0.2,0.2,0.2
0,0,0.1,0.1,0.1
0,0,0.2,0.1,0.1
0,0,0.1,0.2,0.1
0,0,0.2,0.1,0.1
0,0,0.1,0.1,0.1
0,0,0.1,0.2,0.1
0,0,0.2,0.1,0.1
0,0,0.1,0.2,0.2
0,0,0.2,0.1,0.1
0,0,0.1,0.2,0.1
0,0,0.1,0.1,0.1
0,0,0.3,0.2,0.2
0,0,0.2,0.2,0.1
0,0,0.1,0.1,0.1
0,0,0.2,0.2,0.1
0,0,0.1,0.1,0.2
0,0,0.1,0.1,0.2
0,0,0.1,0.1,0.2
0,0,0.1,0.2,0.1
0,0,0.1,0.1,0.2
0,0,0.2,0.4,0.1
0,0,0.1,0.1,0.1
0,0,0.3,0.3,0.3
0,0,0.3,0.4,0.3
0,0,0.1,0.1,0.1
0,0,0.1,0.2,0.1
0,0,0.2,0.1,0.1
0,0,0.2,0.1,0.2
0,0,0.1,0.2,0.1
0,0,0.1,0.2,0.1
0,0,0.1,0.2,0.1
0,0,0.1,0.1,0.2
0,0,0.2,0.2,0.2
0,0,0.1,0.2,0.2
0,0,0.1,0.1,0.1
0,0,0.1,0.2,0.1
0,0,1.1,1.1,1.3
0,0,0.1,0.2,0.1
0,0,0.1,0.3,0.1
0,0,0.1,0.2,0.1
0,0,0.1,0.1,0.2
0,0,0.1,0.1,0.1
0,0,0.2,0.2,0.1
0,0,0.3,0.4,0.3
0,0,0.1,0.1,0.2
0,0,0.2,0.2,0.1
0,0,0.1,0.2,0.1
0,0,0.1,0.2,0.1
0,0,0.1,0.1,0.1
0,0,0.2,0.1,0.2
0,0,0.1,0.1,0.1
0,0,0.1,0.2,0.1
0,0,0.6,1.1,0.9
0,0,0.1,0.1,0.1
0,0,0.2,0.3,0.3
0,0,0.1,0.2,0.1
0,0,0.1,0.2,0.1
0,0,0.1,0.1,0.2
0,0,0.1,0.1,0.2
0,0,0.1,0.2,0.1
0,0,0.1,0.1,0.1
0,0,0.1,0.1,0.2
0,0,0.2,0.1,0.1
0,0,0.2,0.1,0.1
0,0,0.1,0.2,0.1
0,0,0.1,0.1,0.2
0,0,0.1,0.2,0.1
0,0,0.1,0.2,0.1
0,0,0.1,0.1,0.2
0,0,0.2,0.2,0.1
0,0,0.2,0.1,0.2
0,0,0.2,0.2,0.1
0,0,0.1,0.1,0.2
0,0,0.2,0.2,0.2
0,0,0.1,0.1,0.1
0,0,0.1,0.1,0.2
0,0,0.2,0.1,0.1
0,0,0.1,0.1,0.2
0,0,0.2,0.2,0.1
0,0,0.1,0.1,0.2
0,0,0.1,0.1,0.2
0,0,0.1,0.1,0.1
0,0,0.2,0.1,0.1
0,0,0.1,0.1,0.1
0,0,0.1,0.1,0.1
0,0,0.1,0.1,0.2
0,0,0.1,0.1,0.1
0,0,0.1,0.2,0.1
0,0,0.2,0.2,0.1
0,0,0.1,0.2,0.1
0,0,0.1,0.1,0.1
0,0,0.7,0.3,0.4
0,0,0.3,0.4,0.3
0,0,0.1,0.1,0.2
0,0,0.1,0.1,0.2
0,0,0.1,0.1,0.2
0,0,0.1,0.1,0.1
0,0,0.1,0.1,0.1
0,0,0.2,0.2,0.2
0,0,0.2,0.2,0.1
0,0,0.1,0.1,0.1
0,0,0.1,0.1,0.2
0,0,0.1,0.1,0.1
0,0,0.1,0.2,0.1
0,0,0.1,0.1,0.1
0,0,0.1,0.1,0.2
0,0,0.2,0.2,0.1
0,0,0.1,0.1,0.1
0,0,0.1,0.1,0.2
0,0,0.1,0.1,0.2
0,0,0.1,0.2,0.1
0,0,0.1,0.2,0.1
0,0,0.1,0.1,0.2
0,0,0.2,0.2,0.2
0,0,0.2,0.2,0.1
0,0,0.1,0.1,0.1
0,0,0.1,0.2,0.1
0,0,0.1,0.2,0.1
0,0,0.2,0.1,0.1
0,0,0.3,0.4,0.3
0,0,0.1,0.2,0.1
0,0,0.1,0.1,0.1
0,0,0.2,0.1,0.2
0,0,0.2,0.4,0.3
0,0,0.1,0.2,0.2
0,0,0.1,0.2,0.2
0,0,0.1,0.1,0.1
0,0,0.1,0.1,0.2
0,0,0.2,0.3,0.3
0,0,0.1,0.1,0.2
0,0,0.1,0.1,0.1
0,0,0.2,0.2,0.1
0,0,0.1,0.1,0.2
0,0,0.1,0.2,0.1
0,0,0.1,0.1,0.2
0,0,0.2,0.1,0.1
0,0,0.1,0.2,0.1
0,0,0.2,0.1,0.1
0,0,0.1,0.1,0.2
0,0,0.2,0.2,0.2
0,0,0.1,0.2,0.1
0,0,0.2,0.2,0.1
0,0,0.1,0.1,0.1
0,0,0.1,0.1,0.2
0,0,0.1,0.1,0.2
0,0,0.2,0.1,0.1
0,0,0.3,0.3,0.3
0,0,0.1,0.1,0.1
0,0,0.1,0.1,0.1
0,0,0.1,0.2,0.1
0,0,0.1,0.1,0.2
0,0,0.1,0.1,0.2
0,0,0.5,0.2,0.5
0,0,0.1,0.2,0.2
0,0,0.1,0.1,0.1
0,0,0.1,0.2,0.2
0,0,0.2,0.1,0.1
0,0,0.1,0.2,0.1
0,0,0.1,0.1,9.3
0,0,0.2,0.1,0.1
0,0,0.1,0.2,0.2
0,0,0.1,0.2,0.2
0,0,0.1,0.2,0.1
0,0,0.1,0.2,0.2
0,0,0.2,0.2,0.1
0,0,0.1,0.1,0.1
0,0,0.2,0.1,0.1
0,0,0.2,0.2,0.1
0,0,0.1,0.2,0.1
0,0,0.1,0.2,0.1
0,0,0.2,0.1,0.1
0,0,0.1,0.2,0.1
0,0,0.1,0.1,0.2
0,0,0.1,0.1,0.2
0,0,0.1,0.2,0.1
0,0,0.2,0.2,0.1
0,0,0.2,0.2,0.1
0,0,0.1,0.2,0.1
0,0,0.1,0.2,0.1
0,0,0.1,0.1,0.2
0,0,0.1,0.2,0.2
0,0,0.2,0.2,0.1
0,0,0.1,0.2,0.1
0,0,0.1,0.1,0.1
0,0,0.1,0.2,0.1
0,0,0.1,0.1,0.2
0,0,0.1,0.2,0.1
0,0,0.2,0.3,0.1
0,0,0.2,0.2,0.1
0,0,0.2,0.2,0.1
0,0,0.1,0.1,0.1
0,0,0.2,0.2,0.2
0,0,0.1,0.2,0.1
0,0,0.1,0.1,0.2
0,0,0.1,0.1,0.2
0,0,0.2,0.3,0.3
0,0,0.2,0.1,0.1
0,0,0.2,0.2,0.2
0,0,0.1,0.2,0.1
0,0,0.1,0.2,0.1
0,0,0.1,0.1,0.1
0,0,0.1,0.1,0.2
0,0,0.1,0.2,0.1
0,0,0.1,0.1,0.2
0,0,0.2,0.1,0.1
0,0,0.1,0.2,0.2
0,0,0.1,0.1,0.1
0,0,0.1,0.2,0.2
0,0,0.1,0.2,0.1
0,0,0.2,0.1,0.1
0,0,0.1,0.2,0.1
0,0,0.1,0.2,0.1
0,0,0.2,0.1,0.1
0,0,0.1,0.2,0.1
0,0,0.2,0.2,0.2
0,0,0.2,0.1,0.1
0,0,0.1,0.2,0.1
0,0,0.1,0.2,0.1
0,0,0.1,0.1,0.1
0,0,0.1,0.2,0.2
0,0,0.1,0.1,0.2
0,0,0.1,0.2,0.1
0,0,0.1,0.1,0.2
0,0,0.2,0.1,0.1
0,0,0.1,0.1,0.1
0,0,0.2,0.1,0.1
0,0,0.2,0.1,0.1
0,0,0.1,0.2,0.1
0,0,0.1,0.1,0.1
0,0,0.1,0.2,0.1
0,0,0.1,0.1,0.1
0,0,0.1,0.2,0.1
0,0,0.1,0.1,0.2
0,0,0.1,0.1,0.1
0,0,0.1,0.2,0.1
0,0,0.2,0.1,0.1
0,0,0.1,0.2,0.1
0,0,0.1,0.1,0.1
0,0,0.1,0.1,0.2
0,0,0.2,0.1,0.1
0,0,0.1,0.1,0.1
0,0,0.1,0.2,0.1
0,0,0.1,0.2,0.1
0,0,0.2,0.2,0.1
0,0,0.1,0.2,0.2
0,0,0.1,0.2,0.1
0,0,0.1,0.1,0.1
0,0,0.1,0.2,0.1
0,0,0.2,0.1,0.1
0,0,0.2,0.1,0.2
0,0,0.1,0.1,0.1
0,0,0.1,0.2,0.1
0,0,0.2,0.2,0.2
0,0,0.1,0.2,0.1
0,0,0.1,0.2,0.1
0,0,0.1,0.2,0.1
0,0,0.1,0.1,0.2
0,0,0.1,0.2,0.1
0,0,0.2,0.2,0.1
0,0,0.1,0.2,0.1
0,0,0.1,0.1,0.2
0,0,0.1,0.1,0.1
0,0,0.1,0.1,0.2
0,0,0.2,0.1,0.2
0,0,0.1,0.1,0.1
0,0,0.1,0.2,0.1
0,0,0.1,0.1,0.2
0,0,0.1,0.1,0.1
0,0,0.2,0.2,0.1
0,0,0.1,0.2,0.1
0,0,0.1,0.1,0.2
0,0,0.1,0.2,0.1
0,0,0.1,0.2,0.1
0,0,0.1,0.2,0.1
0,0,0.1,0.2,0.2
0,0,0.1,0.2,0.2
0,0,0.1,0.1,0.1
0,0,0.1,0.1,0.2
0,0,0.1,0.1,0.2
0,0,0.1,0.1,0.1
0,0,0.1,0.2,0.2
0,0,0.1,0.1,0.1
0,0,0.1,0.2,0.1
0,0,0.1,0.1,0.2
0,0,0.1,0.5,0.1
0,0,0.2,0.2,0.1
0,0,0.1,0.1,0.2
0,0,0.1,0.2,0.1
0,0,0.2,0.2,0.1
0,0,0.2,0.4,0.1
0,0,0.1,0.1,0.2
0,0,0.1,0.1,0.1
0,0,0.1,0.2,0.1
0,0,0.1,0.2,0.1
0,0,0.3,0.3,0.2
0,0,0.1,0.2,0.1
0,0,0.1,0.2,0.1
0,0,0.1,0.1,0.2
0,0,0.1,0.1,0.1
0,0,0.1,0.1,0.2
0,0,0.2,0.2,0.1
0,0,0.1,0.1,0.2
0,0,0.1,0.1,0.1
0,0,0.1,0.2,0.1
0,0,0.2,0.1,0.1
0,0,0.1,0.2,0.1
0,0,0.1,0.1,0.1
0,0,0.3,0.3,0.3
0,0,0.2,0.1,0.1
0,0,0.2,0.2,0.1
0,0,0.1,0.1,0.1
0,0,0.1,0.1,0.2
0,0,0.2,0.2,0.2
0,0,0.1,0.2,0.1
0,0,0.1,0.1,0.3
0,0,0.1,0.2,0.1
0,0,0.1,0.1,0.1
0,0,0.2,0.4,0.4
0,0,0.1,0.2,0.1
0,0,0.1,0.1,0.2
0,0,0.2,0.1,0.2
0,0,0.2,0.1,5.5
0,0,0.1,0.2,0.1
0,0,0.2,0.1,0.2
0,0,0.1,0.1,0.1
0,0,0.1,0.1,0.2
0,0,0.2,0.1,0.1
0,0,0.2,0.1,0.1
0,0,0.1,0.1,0.1
0,0,0.2,0.2,0.1
0,0,0.3,0.3,0.4
0,0,0.1,0.1,0.2
0,0,0.1,0.2,0.1
0,0,0.1,0.2,0.1
0,0,0.1,0.1,0.1
0,0,0.2,0.1,0.1
0,0,0.2,0.1,0.2
0,0,0.1,0.2,0.1
0,0,0.2,0.1,0.1
0,0,0.1,0.2,0.1
0,0,0.1,0.1,0.2
0,0,0.1,0.2,9.3
0,0,0.1,0.1,0.2
0,0,0.1,0.1,0.1
0,0,0.4,0.4,0.3
0,0,0.2,0.2,0.1
0,0,0.1,0.1,0.1
0,0,0.1,0.1,0.2
0,0,0.1,0.1,0.1
0,0,0.1,0.1,0.2
0,0,0.1,0.2,0.1
0,0,0.1,0.2,0.1
0,0,0.1,0.1,0.1
0,0,0.1,0.2,0.1
0,0,0.1,0.2,0.1
0,0,0.1,0.1,0.1
0,0,0.1,0.1,0.1
0,0,0.1,0.2,0.1
0,0,0.2,0.2,0.2
0,0,0.1,0.1,0.2
0,0,0.1,0.2,0.1
0,0,0.2,0.1,0.1
0,0,0.1,0.2,0.1
0,0,0.1,0.2,0.1
0,0,0.3,0.4,0.3
0,0,0.1,0.1,0.2
0,0,0.1,0.1,0.1
0,0,0.2,0.2,0.2
0,0,0.1,0.1,0.2
0,0,0.2,0.1,0.1
0,0,0.1,0.1,0.1
0,0,0.2,0.1,0.2
0,0,0.1,0.2,0.1
0,0,0.2,0.2,0.1
0,0,0.1,0.1,0.2
0,0,0.2,0.2,0.2
0,0,0.1,0.2,0.1
0,0,0.1,0.2,0.1
0,0,0.1,0.2,0.1
0,0,0.1,0.1,0.2
0,0,0.1,0.2,0.2
0,0,11.2,1.1,1
0,0,0.1,0.1,0.1
0,0,0.1,0.1,0.2
0,0,0.1,0.1,0.2
0,0,0.2,0.2,0.1
0,0,0.2,0.2,0.1
0,0,0.2,0.1,0.1
0,0,0.1,0.2,0.1
0,0,0.1,0.2,0.1
0,0,0.1,0.1,0.1
0,0,0.3,0.4,0.3
0,0,0.1,0.2,0.2
0,0,0.1,0.2,0.2
0,0,0.1,0.2,0.1
0,0,0.1,0.1,0.1
0,0,0.1,0.2,0.1
0,0,0.1,0.2,0.2
0,0,0.2,0.2,0.1
0,0,0.1,0.2,0.1
0,0,0.2,0.2,0.1
0,0,0.1,0.2,0.1
0,0,0.1,0.1,0.2
0,0,0.1,0.1,0.1
0,0,0.1,0.2,0.1
0,0,0.1,0.1,0.1
0,0,0.2,0.1,0.2
0,0,0.2,0.1,0.1
0,0,0.3,0.3,0.3
0,0,0.2,0.1,0.1
0,0,0.1,0.1,0.1
0,0,0.1,0.1,0.1
0,0,0.1,0.1,0.2
0,0,0.1,0.3,0.1
0,0,0.1,0.1,0.2
0,0,0.1,0.2,0.1
0,0,0.2,0.2,0.2
0,0,0.2,0.1,0.1
0,0,0.1,0.2,0.2
0,0,0.1,0.1,0.1
0,0,0.1,0.1,0.2
0,0,0.1,0.2,0.1
0,0,0.2,0.1,0.2
0,0,0.1,0.2,0.1
0,0,0.4,0.3,0.4
0,0,0.1,0.1,0.2
0,0,0.2,0.2,0.1
0,0,0.1,0.1,0.2
0,0,0.1,0.1,0.1
0,0,0.2,0.1,0.1
0,0,0.2,0.1,0.1
0,0,0.1,0.2,0.1
0,0,0.1,0.1,0.1
0,0,0.2,0.1,0.1
0,0,0.1,0.1,0.1
0,0,0.1,0.1,0.1
0,0,0.1,0.2,0.1
0,0,0.1,0.2,0.1
0,0,0.1,0.2,0.1
0,0,0.1,0.1,0.2
0,0,0.1,0.1,0.2
0,0,0.1,0.1,0.2
0,0,0.2,0.1,0.1
0,0,0.1,0.1,0.2
0,0,0.1,0.2,0.1
0,0,0.1,0.2,0.1
0,0,0.1,0.2,0.1
0,0,0.2,0.1,0.1
0,0,0.2,0.1,0.1
0,0,0.1,0.2,0.1
0,0,0.2,0.1,0.1
0,0,0.1,0.1,0.2
0,0,0.1,0.2,0.2
0,0,0.1,0.2,0.1
0,0,0.1,0.2,0.1
0,0,0.1,0.1,0.1
0,0,0.1,0.2,0.1
0,0,0.2,0.2,0.1
0,0,0.1,0.2,0.1
0,0,0.1,0.1,0.1
0,0,0.2,0.1,0.1
0,0,0.1,0.1,0.1
0,0,0.1,0.1,0.2
0,0,0.1,0.1,0.1
0,0,0.1,0.1,0.2
0,0,0.1,0.1,0.1
0,0,0.1,0.2,0.1
0,0,0.1,0.1,0.2
0,0,0.2,0.2,0.1
0,0,0.1,0.1,0.1
0,0,0.1,0.1,0.1
0,0,0.1,0.2,0.1
0,0,0.2,0.2,0.2
0,0,0.1,0.1,0.2
0,0,0.2,0.1,0.1
0,0,0.1,0.2,0.1
0,0,0.1,0.1,0.2
0,0,0.1,0.1,0.2
0,0,0.2,0.1,0.1
0,0,0.1,0.1,0.1
0,0,0.1,0.1,0.1
0,0,0.1,0.1,0.2
0,0,0.1,0.1,0.2
0,0,0.2,0.2,0.1
0,0,0.1,0.2,0.1
0,0,0.1,0.1,0.2
0,0,0.1,0.2,0.2
0,0,0.1,0.2,0.1
0,0,0.1,0.2,0.1
0,0,0.1,0.2,0.1
0,0,0.2,0.1,0.1
0,0,0.1,0.1,0.1
0,0,0.1,0.1,0.1
0,0,0.1,0.2,0.1
0,0,0.1,0.1,0.1
0,0,0.1,0.1,0.2
0,0,0.1,0.1,0.2
0,0,0.1,0.2,0.1
0,0,0.2,0.1,0.1
0,0,0.1,0.1,0.1
0,0,0.1,0.1,0.1
0,0,0.1,0.1,0.2
0,0,0.1,0.2,0.1
0,0,0.1,0.2,0.1
0,0,0.1,0.1,0.1
0,0,0.1,0.2,0.1
0,0,0.1,0.1,0.2
0,0,0.1,0.1,0.2
0,0,0.1,0.1,0.1
0,0,0.1,0.1,0.2
0,0,0.1,0.1,0.1
0,0,0.1,0.2,0.1
0,0,0.1,0.1,0.2
0,0,0.1,0.2,0.1
0,0,0.1,0.1,0.2
0,0,0.1,0.2,0.1
0,0,0.2,0.2,0.1
0,0,0.1,0.2,0.1
0,0,0.1,0.1,0.2
0,0,0.1,0.1,0.2
0,0,0.1,0.1,0.2
0,0,0.1,0.2,0.1
0,0,0.1,0.1,0.2
0,0,0.1,0.1,0.2
0,0,0.1,0.1,0.2
0,0,0.1,0.1,0.1
0,0,0.2,0.1,0.1
0,0,0.1,0.1,0.2
0,0,0.1,0.1,0.1
0,0,0.1,0.2,0.1
0,0,0.1,0.1,0.1
0,0,0.2,0.2,0.1
0,0,0.1,0.1,0.2
0,0,0.2,0.2,0.1
0,0,0.3,0.4,1
0,0,0.1,0.1,0.1
0,0,0.1,0.2,0.1
0,0,0.1,0.2,0.1
0,0,0.1,0.1,0.2
0,0,0.1,0.1,0.2
0,0,0.1,0.1,0.2
0,0,0.1,0.2,0.2
0,0,0.2,0.1,0.2
0,0,0.1,0.2,0.1
0,0,0.1,0.1,0.2
0,0,0.1,0.2,0.1
0,0,0.1,0.1,0.2
0,0,0.1,0.1,0.1
0,0,0.1,0.1,0.2
0,0,0.2,0.1,0.1
0,0,0.1,0.1,0.1
0,0,0.1,0.2,0.1
0,0,0.2,0.1,0.1
0,0,0.1,0.2,0.1
0,0,0.1,0.1,0.1
0,0,0.1,0.1,0.2
0,0,0.1,0.1,0.2
0,0,0.2,0.1,0.1
0,0,0.1,0.1,0.2
0,0,0.2,0.2,0.1
0,0,0.1,0.1,0.2
0,0,0.1,0.2,0.1
0,0,0.1,0.1,0.2
0,0,0.1,0.2,0.1
0,0,0.1,0.1,0.1
0,0,0.1,0.2,0.1
0,0,0.1,0.2,0.1
0,0,0.1,0.1,0.1
0,0,0.1,0.1,0.1
0,0,0.1,0.2,0.1
0,0,0.2,0.1,0.1
0,0,0.1,0.1,0.1
0,0,0.2,0.1,0.1
0,0,0.2,0.1,0.1
0,0,0.2,0.1,0.1
0,0,0.2,0.2,0.1
0,0,0.1,0.1,0.2
0,0,0.2,0.2,0.1
0,0,0.1,0.1,0.1
0,0,0.1,0.2,0.1
0,0,0.1,0.1,0.2
0,0,0.1,0.2,0.2
0,0,0.1,0.1,0.1
0,0,0.1,0.1,0.1
0,0,0.1,0.1,0.1
0,0,0.2,0.2,0.1
0,0,0.2,0.2,0.1
0,0,0.1,0.2,0.1
0,0,0.1,0.2,0.2
0,0,0.1,0.1,0.1
0,0,0.1,0.1,0.1
0,0,0.1,0.1,0.2
0,0,0.1,0.2,0.2
0,0,0.1,0.1,0.1
0,0,0.2,0.1,0.1
0,0,0.1,0.1,0.1
0,0,0.1,0.2,0.2
0,0,0.2,0.1,0.1
0,0,0.1,0.1,0.2
0,0,0.1,0.2,0.1
0,0,0.1,0.2,0.1
0,0,0.1,0.1,0.1
0,0,0.1,0.1,0.1
0,0,0.1,0.1,0.1
0,0,0.1,0.2,0.1
0,0,0.1,0.2,0.2
0,0,0.1,0.2,0.1
0,0,0.1,0.2,0.1
0,0,0.2,0.1,0.1
0,0,0.1,0.1,0.2
0,0,0.1,0.2,0.1
0,0,0.2,0.1,0.1
0,0,0.1,0.1,0.1
0,0,0.1,0.2,0.2
0,0,0.2,0.1,0.1
0,0,0.2,0.2,0.1
0,0,0.1,0.2,0.1
0,0,0.1,0.2,0.1
0,0,0.1,0.1,0.1
0,0,0.1,0.1,0.2
0,0,0.2,0.1,0.1
0,0,0.2,0.1,0.1
0,0,0.1,0.2,0.1
0,0,0.2,0.1,0.1
0,0,0.1,0.1,0.2
0,0,0.1,0.2,0.2
0,0,0.2,0.2,0.1
0,0,0.1,0.2,0.1
0,0,0.1,0.1,0.1
0,0,0.2,0.1,0.1
0,0,0.1,0.2,0.1
0,0,0.1,0.1,0.1
0,0,0.1,0.2,0.1
0,0,0.1,0.2,0.1
0,0,0.1,0.1,0.2
0,0,0.1,0.2,0.1
0,0,0.1,0.1,0.1
0,0,0.1,0.1,0.2
0,0,0.1,0.1,0.2
0,0,0.1,0.1,0.2
0,0,0.2,0.1,0.1
0,0,0.1,0.2,0.1
0,0,0.2,0.1,0.1
0,0,0.1,0.2,0.1
0,0,0.1,0.2,0.1
0,0,0.2,0.1,0.1
0,0,0.1,0.2,0.1
0,0,0.1,0.1,0.2
0,0,0.2,0.2,0.1
0,0,0.1,0.2,0.1
0,0,0.1,0.1,0.2
0,0,0.2,0.1,0.1
0,0,0.2,0.2,0.1
0,0,0.1,0.1,0.2
0,0,0.1,0.2,0.1
0,0,0.1,0.1,0.1
0,0,0.1,0.2,0.1
0,0,0.1,0.1,0.2
0,0,0.2,0.1,0.1
0,0,0.1,0.2,0.1
0,0,0.1,0.2,0.1
0,0,0.1,0.1,0.2
0,0,0.2,0.2,0.1
0,0,0.2,0.1,0.1
0,0,0.1,0.1,0.1
0,0,0.2,0.1,0.1
0,0,0.3,0.3,0.3
0,0,0.1,0.1,0.1
0,0,0.1,0.1,0.1
0,0,0.1,0.2,0.2
0,0,0.1,0.1,0.1
0,0,0.2,0.1,0.1
0,0,0.1,0.2,0.1
0,0,0.1,0.2,0.1
0,0,0.2,0.1,0.1
0,0,0.1,0.2,0.1
0,0,0.1,0.1,0.1
0,0,0.1,0.2,0.2
0,0,0.1,0.1,0.1
0,0,0.1,0.2,0.1
0,0,0.1,0.1,0.1
0,0,0.2,0.1,0.2
0,0,0.1,0.1,0.1
0,0,0.1,0.1,0.1
0,0,0.2,0.1,0.1
0,0,0.2,0.1,0.1
0,0,0.2,0.1,0.1
0,0,0.1,0.2,0.1
0,0,0.1,0.1,0.1
0,0,0.1,0.2,0.1
0,0,0.1,0.2,0.1
0,0,0.1,0.2,0.1
0,0,0.2,0.1,0.1
0,0,0.1,0.2,0.2
0,0,0.2,0.3,0.2
0,0,0.1,0.1,0.1
0,0,0.1,0.2,0.1
0,0,0.1,0.2,0.2
0,0,0.2,0.3,0.2
0,0,0.1,0.1,0.2
0,0,0.1,0.2,0.1
0,0,0.2,0.1,0.1
0,0,0.1,0.2,0.1
0,0,0.1,0.2,0.1
0,0,0.1,0.1,0.1
0,0,0.2,0.1,0.1
0,0,0.1,0.1,0.2
0,0,0.1,0.1,0.2
0,0,0.1,0.2,0.2
0,0,0.2,0.1,0.1
0,0,0.1,0.1,0.2
0,0,0.1,0.1,0.2
0,0,0.1,0.2,0.2
0,0,0.1,0.1,0.2
0,0,0.1,0.3,0.1
0,0,0.1,0.2,0.1
0,0,0.1,0.1,0.2
0,0,0.1,0.1,0.2
0,0,0.1,0.1,0.1
0,0,0.1,0.2,0.1
0,0,0.2,0.2,0.1
0,0,0.2,0.2,0.1
0,0,0.1,0.1,0.1
0,0,0.1,0.2,0.1
0,0,0.1,0.2,0.1
0,0,0.2,0.2,0.1
0,0,0.1,0.2,0.1
0,0,0.1,0.2,0.1
0,0,0.4,0.2,0.3
0,0,0.1,0.1,0.2
0,0,0.1,0.1,0.2
0,0,0.1,0.1,0.1
0,0,0.1,0.1,0.2
0,0,0.2,0.1,0.1
0,0,0.1,0.2,0.1
0,0,0.1,0.1,0.2
0,0,0.1,0.1,0.2
0,0,0.1,0.1,0.2
0,0,0.1,0.1,0.1
0,0,0.1,0.2,0.2
0,0,0.1,0.2,0.1
0,0,0.1,0.2,0.1
0,0,0.1,0.1,0.1
0,0,0.1,0.1,0.2
0,0,0.1,0.2,0.1
0,0,0.1,0.1,0.1
0,0,0.1,0.1,0.1
0,0,0.1,0.1,0.2
0,0,0.1,0.1,0.2
0,0,0.1,0.1,0.2
0,0,0.1,0.1,0.2
0,0,0.2,0.2,0.2
0,0,0.1,0.1,0.2
0,0,0.1,0.1,0.2
0,0,0.2,0.1,0.1
0,0,0.1,0.2,0.1
0,0,0.1,0.1,0.2
0,0,0.1,0.1,0.1
0,0,0.1,0.1,0.2
0,0,0.1,0.2,0.1
0,0,0.1,0.2,0.1
0,0,0.1,0.1,0.1
0,0,0.2,0.1,0.1
0,0,0.2,0.1,0.1
0,0,0.2,0.1,0.1
0,0,0.1,0.2,0.1
0,0,0.1,0.1,0.2
0,0,0.1,0.2,0.1
0,0,0.1,0.1,0.2
0,0,0.1,0.1,0.1
0,0,0.1,0.2,0.1
0,0,0.2,0.1,0.1
0,0,0.1,0.1,0.2
0,0,0.1,0.1,0.1
0,0,0.1,0.2,0.1
0,0,0.1,0.1,0.2
0,0,0.1,0.1,0.1
0,0,0.1,0.1,0.2
0,0,0.1,0.1,0.1
0,0,0.1,0.2,0.1
0,0,0.1,0.2,0.2
0,0,0.1,0.1,0.2
0,0,0.1,0.1,0.2
0,0,1.1,1.1,1.1
0,0,0.2,0.2,0.1
0,0,0.1,0.2,0.2
0,0,0.2,0.2,0.2
0,0,0.1,0.1,0.2
0,0,0.1,0.1,0.2
0,0,0.1,0.1,0.2
0,0,0.1,0.1,0.1
0,0,0.4,0.4,0.3
0,0,0.3,1.1,0.3
0,0,0.2,0.2,0.2
0,0,0.3,0.2,0.2
0,0,0.1,0.2,0.1
0,0,0.1,0.1,0.2
0,0,0.2,0.2,0.1
0,0,0.1,0.1,0.1
0,0,0.1,0.2,0.1
0,0,0.1,0.1,0.1
0,0,0.1,0.1,0.2
0,0,0.1,0.1,0.1
0,0,0.2,0.2,0.3
0,0,0.2,0.2,0.2
0,0,0.1,0.1,0.1
0,0,0.1,0.3,0.1
0,0,0.1,0.2,0.2
0,0,0.2,0.2,0.2
0,0,0.4,0.3,0.5
0,0,0.4,0.4,0.4
0,0,0.1,0.1,0.1
0,0,0.1,0.2,0.2
0,0,0.3,0.3,0.3
0,0,1,0.5,0.5
0,0,0.2,0.2,0.1
0,0,0.2,0.2,0.1
0,0,0.2,0.2,0.1
0,0,0.2,0.1,0.2
0,0,0.1,0.1,0.2
0,0,0.4,0.4,0.4
0,0,0.1,0.1,0.1
0,0,0.1,0.2,0.2
0,0,0.2,0.2,0.1
0,0,0.4,0.6,0.6
0,0,0.1,0.1,0.2
0,0,0.1,0.1,0.1
0,0,0.2,0.1,0.1
0,0,0.1,0.2,0.1
0,0,0.1,0.1,0.1
0,0,0.1,0.1,0.1
0,0,0.1,0.1,0.2
0,0,0.1,0.2,0.1
0,0,0.2,0.2,0.1
0,0,0.1,0.2,0.1
0,0,0.2,0.2,0.1
0,0,0.1,0.1,0.1
0,0,0.2,0.1,0.1
0,0,0.1,0.2,0.1
0,0,0.1,0.2,0.1
0,0,0.1,0.1,0.2
0,0,0.1,0.1,0.1
0,0,0.2,0.3,0.3
0,0,0.3,0.3,0.3
0,0,0.1,0.1,0.2
0,0,0.1,0.1,0.2
0,0,0.1,0.1,0.2
0,0,0.1,0.1,0.2
0,0,0.1,0.1,0.2
0,0,0.2,0.2,0.1
0,0,0.1,0.1,0.2
0,0,0.1,0.2,0.1
0,0,0.3,0.4,0.3
0,0,0.2,0.2,0.1
0,0,0.1,0.1,0.1
0,0,0.1,0.2,0.1
0,0,0.3,0.3,0.3
0,0,0.1,0.1,0.1
0,0,0.1,0.2,0.1
0,0,0.2,0.1,0.1
0,0,0.1,0.1,0.2
0,0,0.1,0.2,0.1
0,0,0.2,0.2,0.1
0,0,0.1,0.1,0.1
0,0,0.1,0.1,0.2
0,0,0.1,0.1,0.2
0,0,0.1,0.1,0.1
0,0,0.1,0.1,0.1
0,0,0.1,0.1,0.2
0,0,0.1,0.2,0.2
0,0,0.3,0.3,0.3
0,0,0.1,0.1,0.1
0,0,0.2,0.1,0.2
0,0,0.1,0.1,0.2
0,0,0.1,0.1,0.2
0,0,0.1,0.2,0.1
0,0,0.1,0.1,0.1
0,0,0.1,0.2,0.1
0,0,0.1,0.1,0.2
0,0,0.1,0.1,0.2
0,0,0.2,0.2,0.2
0,0,0.1,0.1,0.2
0,0,0.1,0.2,0.2
0,0,0.3,0.3,0.3
0,0,0.1,0.2,0.2
0,0,0.1,0.2,0.1
0,0,0.1,0.2,0.1
0,0,0.3,0.3,0.3
0,0,0.2,0.1,0.1
0,0,0.1,0.2,0.2
0,0,0.1,0.1,0.2
0,0,0.2,0.2,0.2
0,0,0.1,0.2,0.1
0,0,0.1,0.1,0.1
0,0,0.1,0.2,0.1
0,0,0.1,0.2,0.1
0,0,0.1,0.1,0.2
0,0,0.2,0.2,0.1
0,0,0.1,0.1,0.2
0,0,0.2,0.2,0.1
0,0,0.1,0.1,0.1
0,0,0.1,0.2,0.1
0,0,0.1,0.1,0.2
0,0,0.2,0.2,0.1
0,0,0.2,0.1,0.2
0,0,0.1,0.1,0.1
0,0,0.1,0.1,0.1
0,0,0.1,0.1,0.1
0,0,0.1,0.1,0.1
0,0,0.1,0.1,0.2
0,0,0.1,0.2,0.1
0,0,0.1,0.1,0.2
0,0,0.2,0.1,0.1
0,0,0.1,0.1,0.1
0,0,0.1,0.1,0.2
0,0,0.1,0.2,0.1
0,0,0.1,0.1,0.2
0,0,0.1,0.1,0.2
0,0,0.1,0.1,0.1
0,0,0.2,0.2,0.1
0,0,0.1,0.1,0.2
0,0,0.2,0.1,0.1
0,0,0.1,0.2,0.1
0,0,0.2,0.1,0.1
0,0,0.1,0.2,0.1
0,0,0.1,0.1,0.2
0,0,0.2,0.1,0.1
0,0,0.1,0.1,0.1
0,0,0.1,0.2,0.1
0,0,0.1,0.1,0.1
0,0,0.1,0.1,0.2
0,0,0.1,0.1,0.2
0,0,0.1,0.1,0.2
0,0,0.1,0.2,0.1
0,0,0.1,0.1,0.1
0,0,0.1,0.1,0.2
0,0,0.2,0.1,0.1
0,0,0.2,0.1,0.1
0,0,0.1,0.2,0.1
0,0,0.1,0.2,0.1
0,0,0.1,0.2,0.1
0,0,0.1,0.1,0.1
0,0,0.1,0.2,0.1
0,0,0.1,0.2,0.1
0,0,0.1,0.2,0.1
0,0,0.1,0.2,0.1
0,0,0.2,0.1,0.2
0,0,0.1,0.1,0.1
0,0,0.1,0.1,0.1
0,0,0.1,0.2,0.1
0,0,0.1,0.1,0.1
0,0,0.1,0.1,0.1
0,0,0.1,0.2,0.1
0,0,0.1,0.3,0.1
0,0,0.1,0.1,0.1
0,0,0.2,0.1,0.1
0,0,0.2,0.2,0.2
0,0,0.2,0.1,0.1
0,0,0.1,0.1,0.1
0,0,0.1,0.2,0.1
0,0,0.1,0.1,0.2
0,0,0.1,0.1,0.1
0,0,0.1,0.1,0.1
0,0,0.1,0.2,0.1
0,0,0.1,0.1,0.1
0,0,0.2,0.1,0.1
0,0,0.1,0.1,0.2
0,0,0.1,0.1,0.1
0,0,0.1,0.1,0.1
0,0,0.2,0.2,0.2
0,0,0.1,0.1,0.1
0,0,0.1,0.1,0.2
0,0,0.2,0.1,0.1
0,0,0.1,0.1,0.1
0,0,0.2,0.1,0.1
0,0,0.1,0.1,0.1
0,0,0.1,0.1,0.1
0,0,0.1,0.2,0.1
0,0,0.2,0.2,0.3
0,0,0.1,0.1,0.2
0,0,0.1,0.2,0.1
0,0,0.1,0.2,0.1
0,0,0.2,0.3,0.3
0,0,0.1,0.1,0.1
0,0,0.1,0.1,0.1
0,0,0.2,0.2,0.1
0,0,0.2,0.2,0.2
0,0,0.1,0.1,0.1
0,0,0.1,0.1,0.1
0,0,0.2,0.1,0.1
0,0,0.1,0.1,0.1
0,0,0.1,0.2,0.1
0,0,0.1,0.1,0.2
0,0,0.2,0.1,0.1
0,0,0.1,0.1,0.2
0,0,0.1,0.1,0.1
0,0,0.1,0.2,0.1
0,0,0.2,0.2,0.1
0,0,0.2,0.2,0.1
0,0,0.1,0.1,0.1
0,0,0.1,0.1,0.2
0,0,0.1,0.2,0.1
0,0,0.1,0.2,0.1
0,0,0.1,0.1,0.2
0,0,0.2,0.1,0.1
0,0,0.1,0.2,0.1
0,0,0.1,0.1,0.2
0,0,0.1,0.2,0.1
0,0,0.1,0.1,0.2
0,0,0.2,0.1,0.1
0,0,0.1,0.2,0.2
0,0,0.2,0.2,0.1
0,0,0.2,0.1,0.1
0,0,0.2,0.1,0.1
0,0,0.1,0.1,0.2
0,0,0.1,0.1,0.1
0,0,0.1,0.1,0.1
0,0,0.1,0.1,0.2
0,0,0.1,0.2,0.1
0,0,0.1,0.2,0.1
0,0,0.1,0.2,0.1
0,0,0.1,0.2,0.1
0,0,0.1,0.1,0.1
0,0,0.1,0.1,0.1
0,0,0.1,0.2,0.1
0,0,0.1,0.2,0.1
0,0,0.1,0.1,0.1
0,0,0.1,0.1,0.1
0,0,0.1,0.2,0.1
0,0,0.1,0.2,0.1
0,0,0.1,0.1,0.1
0,0,0.1,0.2,0.1
0,0,0.1,0.3,0.1
0,0,0.1,0.1,0.2
0,0,0.1,0.1,0.2
0,0,0.1,0.1,0.1
0,0,0.1,0.2,0.1
0,0,0.2,0.2,0.2
0,0,0.1,0.2,0.1
0,0,0.2,0.4,0.2
0,0,0.2,0.4,0.1
0,0,0.2,0.2,0.2
0,0,0.2,0.2,0.3
0,0,0.1,0.2,0.1
0,0,0.1,0.1,0.1
0,0,0.1,0.1,0.2
0,0,0.2,0.2,0.1
0,0,0.2,0.1,0.2
0,0,0.1,0.1,0.2
0,0,0.1,0.2,0.1
0,0,0.1,0.1,0.1
0,0,0.2,0.1,0.1
0,0,0.1,0.1,0.2
0,0,0.2,0.1,0.2
0,0,0.2,0.1,0.1
0,0,0.1,0.1,0.2
0,0,0.1,0.1,0.2
0,0,0.2,0.2,0.1
0,0,0.1,0.2,0.1
0,0,0.1,0.1,0.1
0,0,0.1,0.1,0.1
0,0,0.1,0.2,0.1
0,0,0.2,0.1,0.2
0,0,0.1,0.2,0.1
0,0,0.1,0.1,0.1
0,0,0.2,0.2,0.1
0,0,0.1,0.2,0.1
0,0,0.2,0.2,0.1
0,0,0.1,0.2,0.2
0,0,0.2,0.1,0.1
0,0,0.1,0.1,0.1
0,0,0.1,0.1,0.1
0,0,0.1,0.1,0.1
0,0,0.2,0.1,0.2
0,0,0.2,0.2,0.1
0,0,0.1,0.1,0.1
0,0,0.1,0.1,0.1
0,0,0.1,0.2,0.1
0,0,0.1,0.2,0.1
0,0,0.2,0.2,0.1
0,0,0.1,0.2,0.1
0,0,0.1,0.1,0.2
0,0,0.2,0.2,0.1
0,0,0.2,0.3,0.2
0,0,0.2,0.2,0.1
0,0,0.2,0.1,0.1
0,0,0.2,0.2,0.2
0,0,0.1,0.1,0.2
0,0,0.2,0.2,0.1
0,0,0.2,0.2,0.2
0,0,0.2,0.2,0.1
0,0,0.1,0.1,0.1
0,0,0.2,0.1,0.1
0,0,0.1,0.2,0.2
0,0,0.1,0.1,0.1
0,0,0.1,0.1,0.2
0,0,0.2,0.1,0.1
0,0,0.1,0.1,0.1
0,0,0.2,0.1,0.2
0,0,0.4,0.4,0.3
0,0,0.2,0.1,0.1
0,0,0.1,0.1,0.1
0,0,0.2,0.1,0.1
0,0,0.1,0.1,0.2
0,0,0.2,0.2,0.2
0,0,0.1,0.1,0.2
0,0,0.2,0.1,0.1
0,0,0.1,0.1,0.1
0,0,0.2,0.2,0.1
0,0,0.1,0.2,0.1
0,0,0.1,0.1,0.1
0,0,0.2,0.2,0.1
0,0,0.1,0.2,0.1
0,0,0.1,0.1,0.1
0,0,0.2,0.1,0.1
0,0,0.4,0.3,0.3
0,0,0.2,0.2,0.1
0,0,0.1,0.1,0.2
0,0,0.1,0.2,0.1
0,0,0.1,0.1,0.1
0,0,0.1,0.1,0.2
0,0,0.1,0.2,0.1
0,0,0.2,0.1,0.1
0,0,0.1,0.2,0.1
0,0,0.1,0.1,0.2
0,0,0.1,0.3,0.1
0,0,0.1,0.1,0.2
0,0,0.1,0.2,0.1
0,0,0.1,0.1,0.1
0,0,0.2,0.1,0.1
0,0,0.1,0.2,0.2
0,0,0.1,0.2,0.1
0,0,0.1,0.1,0.2
0,0,0.1,0.1,0.2
0,0,0.2,0.2,0.1
0,0,0.2,0.1,0.1
0,0,0.1,0.1,0.2
0,0,0.2,0.1,0.1
0,0,0.1,0.2,0.1
0,0,0.1,0.2,0.2
0,0,0.1,0.1,0.2
0,0,0.2,0.1,0.1
0,0,0.1,0.2,0.1
0,0,0.2,0.1,0.1
0,0,0.1,0.2,0.1
0,0,0.1,0.1,0.1
0,0,0.1,0.2,0.1
0,0,0.2,0.1,0.1
0,0,0.2,0.1,0.1
0,0,0.2,0.1,0.1
0,0,0.2,0.1,0.1
0,0,0.1,0.1,0.1
0,0,0.2,0.1,0.1
0,0,0.1,0.1,0.2
0,0,0.1,0.2,0.1
0,0,0.1,0.2,0.1
0,0,0.1,0.2,0.1
0,0,0.2,0.2,0.2
0,0,0.1,0.2,0.1
0,0,0.2,0.2,0.1
0,0,0.2,0.3,0.3
0,0,0.1,0.1,0.1
0,0,0.1,0.2,0.1
0,0,0.1,0.1,0.2
0,0,0.2,0.1,0.2
0,0,0.1,0.1,0.2
0,0,0.1,0.1,0.1
0,0,0.2,0.1,0.1
0,0,0.1,0.1,0.1
0,0,0.2,0.1,0.1
0,0,0.2,0.1,0.1
0,0,0.1,0.1,0.2
0,0,0.1,0.1,0.2
0,0,0.1,0.1,0.1
0,0,0.1,0.2,0.1
0,0,0.1,0.1,0.1
0,0,0.1,0.2,0.1
0,0,0.1,0.2,0.1
0,0,0.1,0.2,0.1
0,0,0.1,0.2,0.1
0,0,0.1,0.1,0.2
0,0,0.1,0.2,0.1
0,0,0.2,0.1,0.1
0,0,0.1,0.1,0.2
0,0,0.1,0.2,0.1
0,0,0.2,0.1,0.1
0,0,0.1,0.1,0.2
0,0,0.1,0.1,0.1
0,0,0.2,0.2,0.1
0,0,0.2,0.2,0.1
0,0,0.2,0.1,0.1
0,0,0.1,0.1,0.2
0,0,0.2,0.1,0.1
0,0,0.1,0.1,0.1
0,0,0.1,0.1,0.1
0,0,0.2,0.1,0.1
0,0,0.1,0.1,0.1
0,0,0.2,0.2,0.1
0,0,0.1,0.2,0.1
0,0,0.1,0.1,0.1
0,0,0.1,0.2,0.1
0,0,0.1,0.2,0.1
0,0,0.1,0.2,0.1
0,0,0.1,0.2,0.1
0,0,0.1,0.1,0.2
0,0,0.1,0.2,0.1
0,0,0.1,0.1,0.1
0,0,0.1,0.1,0.1
0,0,0.1,0.1,0.2
0,0,0.1,0.1,0.2
0,0,0.1,0.1,0.1
0,0,0.1,0.1,0.1
0,0,0.1,0.2,0.1
0,0,0.2,0.2,0.1
0,0,0.1,0.1,0.1
0,0,0.1,0.1,0.2
0,0,0.1,0.2,0.1
0,0,0.1,0.1,0.2
0,0,0.2,0.2,0.1
0,0,0.2,0.1,0.1
0,0,0.1,0.1,0.1
0,0,0.1,0.2,0.2
0,0,0.1,0.1,0.1
0,0,0.1,0.1,0.2
0,0,0.1,0.2,0.1
0,0,0.1,0.2,0.1
0,0,0.1,0.1,0.1
0,0,0.2,0.2,0.1
0,0,0.1,0.2,0.1
0,0,0.1,0.2,0.1
0,0,0.2,0.1,0.1
0,0,0.1,0.2,0.1
0,0,0.2,0.1,0.1
0,0,0.1,0.2,0.1
0,0,0.2,0.1,0.1
0,0,0.1,0.2,0.1
0,0,0.1,0.2,0.1
0,0,0.1,0.2,0.1
0,0,0.1,0.1,0.2
0,0,0.1,0.1,0.2
0,0,0.1,0.2,0.2
0,0,0.2,0.1,0.1
0,0,0.1,0.1,0.1
0,0,0.2,0.1,0.1
0,0,0.1,0.1,0.1
0,0,0.2,0.1,0.1
0,0,0.1,0.1,0.2
0,0,0.1,0.1,0.1
0,0,0.1,0.2,0.1
0,0,0.1,0.1,0.1
0,0,0.1,0.2,0.1
0,0,0.1,0.1,0.2
0,0,0.1,0.1,0.2
0,0,0.1,0.1,0.1
0,0,0.1,0.2,0.1
0,0,0.1,0.1,0.1
0,0,0.2,0.1,0.1
0,0,0.1,0.2,0.1
0,0,0.2,0.1,0.1
0,0,0.1,0.1,0.2
0,0,0.1,0.1,0.2
0,0,0.1,0.2,0.1
0,0,0.2,0.2,0.1
0,0,0.2,0.2,0.1
0,0,0.1,0.2,0.1
0,0,0.1,0.2,0.1
0,0,0.1,0.2,0.1
0,0,0.1,0.2,0.2
0,0,0.1,0.1,0.1
0,0,0.1,0.1,0.2
0,0,0.1,0.2,0.1
0,0,0.2,0.1,0.1
0,0,0.1,0.2,0.1
0,0,0.1,0.2,0.1
0,0,0.1,0.1,0.2
0,0,0.2,0.1,0.1
0,0,0.1,0.1,0.1
0,0,0.1,0.2,0.2
0,0,0.2,0.1,0.1
0,0,0.1,0.2,0.1
0,0,0.1,0.2,0.1
0,0,0.1,0.1,0.2
0,0,0.1,0.1,0.1
0,0,0.1,0.2,0.1
0,0,0.1,0.1,0.1
0,0,0.1,0.2,0.2
0,0,0.2,0.1,0.1
0,0,0.1,0.1,0.2
0,0,0.1,0.2,0.1
0,0,0.1,0.1,0.1
0,0,0.2,0.1,0.1
0,0,0.2,0.2,0.1
0,0,0.1,0.2,0.1
0,0,0.2,0.2,0.1
0,0,0.2,0.1,0.1
0,0,0.1,0.1,0.2
0,0,0.1,0.1,0.2
0,0,0.2,0.2,0.1
0,0,0.2,0.1,0.1
0,0,0.1,0.2,0.1
0,0,0.1,0.2,0.2
0,0,0.1,0.2,0.1
0,0,0.1,0.2,0.2
0,0,0.1,0.2,0.1
0,0,0.1,0.1,0.1
0,0,0.1,0.2,0.1
0,0,0.3,0.7,1.1
0,0,0.1,0.2,0.1
0,0,0.1,0.2,0.1
0,0,0.2,0.1,0.1
0,0,0.1,0.1,0.2
0,0,0.1,0.2,0.1
0,0,0.1,0.1,0.2
0,0,0.1,0.2,0.1
0,0,0.3,0.3,0.2
0,0,0.2,0.2,0.1
0,0,0.1,0.1,0.2
0,0,0.2,0.2,0.1
0,0,0.1,0.1,0.1
0,0,0.1,0.2,0.2
0,0,0.1,0.2,0.1
0,0,0.1,0.1,0.2
0,0,0.2,0.3,0.2
0,0,0.1,0.2,0.1
0,0,0.1,0.1,0.1
0,0,0.1,0.2,0.1
0,0,0.1,0.1,0.2
0,0,0.1,0.2,0.2
0,0,0.2,0.2,0.2
0,0,0.1,0.2,0.1
0,0,0.2,0.2,0.2
0,0,0.1,0.2,0.1
0,0,0.1,0.1,0.2
0,0,0.1,0.2,0.2
0,0,0.2,0.2,0.2
0,0,0.2,0.1,0.1
0,0,0.2,0.2,0.2
0,0,0.1,0.1,0.2
0,0,0.1,0.3,0.2
0,0,0.1,0.2,0.2
0,0,0.1,0.2,0.2
0,0,0.1,0.2,0.2
0,0,0.1,0.2,0.1
0,0,0.1,0.1,0.2
0,0,0.2,0.1,0.2
0,0,0.2,0.2,0.1
0,0,0.1,0.1,0.2
0,0,0.1,0.4,0.1
0,0,0.1,0.2,0.1
0,0,0.2,0.2,0.2
0,0,0.2,0.2,0.1
0,0,0.2,0.2,0.2
0,0,0.1,0.1,0.2
0,0,0.3,0.3,0.4
0,0,0.2,0.2,0.2
0,0,0.1,0.1,0.2
0,0,0.1,0.1,0.1
0,0,0.1,0.1,0.2
0,0,0.3,0.3,0.3
0,0,0.1,0.1,0.1
0,0,0.1,0.2,0.1
0,0,0.1,0.2,0.2
0,0,0.1,0.2,0.1
0,0,0.1,0.1,0.1
0,0,0.1,0.1,0.2
0,0,0.1,0.1,0.2
0,0,0.1,0.2,0.2
0,0,0.3,0.2,0.3
0,0,0.1,0.1,0.2
0,0,0.1,0.1,0.2
0,0,0.1,0.1,0.2
0,0,0.2,0.2,0.2
0,0,0.1,0.2,0.2
0,0,0.1,0.3,0.2
0,0,0.1,0.3,0.1
0,0,0.1,0.2,0.1
0,0,0.1,0.1,0.2
0,0,0.1,0.1,0.2
0,0,0.1,0.1,0.2
0,0,0.2,0.1,0.1
0,0,0.1,0.2,0.1
0,0,0.1,0.2,0.1
0,0,0.1,0.2,0.1
0,0,0.1,0.1,0.2
0,0,0.1,0.2,0.1
0,0,0.1,0.2,0.1
0,0,0.1,0.1,0.2
0,0,0.1,0.1,0.2
0,0,0.1,0.1,0.1
0,0,0.1,0.2,0.1
0,0,0.2,0.2,0.2
0,0,0.1,0.2,0.1
0,0,0.1,0.1,0.1
0,0,0.1,0.2,0.1
0,0,0.2,0.2,0.1
0,0,0.1,0.1,0.2
0,0,0.1,0.1,0.1
0,0,0.1,0.1,0.1
0,0,0.4,0.3,0.3
0,0,0.2,0.3,0.1
0,0,0.1,0.1,0.1
0,0,0.1,0.1,0.2
0,0,0.1,0.1,0.1
0,0,0.1,0.1,0.2
0,0,0.1,0.2,0.1
0,0,0.1,0.1,0.2
0,0,0.1,0.2,0.1
0,0,0.1,0.2,0.1
0,0,0.2,0.2,0.1
0,0,0.1,0.1,0.1
0,0,0.2,0.3,0.2
0,0,0.1,0.2,0.1
0,0,0.1,0.2,0.2
0,0,0.1,0.1,0.2
0,0,0.1,0.1,0.2
0,0,0.1,0.2,0.1
0,0,0.2,0.2,0.1
0,0,0.2,0.2,0.1
0,0,0.1,0.2,0.1
0,0,0.1,0.1,0.1
0,0,0.2,0.2,0.1
0,0,0.2,0.1,0.2
0,0,0.1,0.2,0.1
0,0,0.1,0.2,0.1
0,0,0.1,0.1,0.2
0,0,0.1,0.1,0.2
0,0,0.1,0.1,0.2
0,0,0.2,0.1,0.1
0,0,0.1,0.1,0.2
0,0,0.2,0.1,0.1
0,0,0.1,0.2,0.1
0,0,0.1,0.2,0.1
0,0,0.1,0.1,0.1
0,0,0.1,0.2,0.1
0,0,0.2,0.2,0.1
0,0,0.2,0.1,0.1
0,0,0.1,0.2,0.1
0,0,0.1,9.6,0.2
0,0,0.1,0.2,0.1
0,0,0.1,0.1,0.2
0,0,0.1,0.1,0.2
0,0,0.1,0.2,0.1
0,0,0.1,0.1,0.1
0,0,0.1,0.1,0.1
0,0,0.1,0.2,0.1
0,0,0.1,0.2,0.1
0,0,0.1,0.1,0.1
0,0,0.1,0.2,0.1
0,0,0.1,0.1,0.1
0,0,0.2,0.1,0.1
0,0,0.1,0.1,0.1
0,0,0.1,0.1,0.2
0,0,0.1,0.2,0.1
0,0,0.1,0.2,0.1
0,0,0.2,0.1,0.1
0,0,0.1,0.1,0.2
0,0,0.1,0.1,0.1
0,0,0.1,0.2,0.1
0,0,0.1,0.2,0.1
0,0,0.1,0.1,0.2
0,0,0.2,0.2,0.2
0,0,0.1,0.1,0.1
0,0,0.1,0.1,0.2
0,0,0.1,0.2,0.1
0,0,0.1,0.1,0.2
0,0,0.1,0.1,0.1
0,0,0.1,0.2,0.1
0,0,0.1,0.2,0.1
0,0,0.1,0.1,0.1
0,0,0.2,0.1,0.1
0,0,0.2,0.2,0.1
0,0,0.1,0.2,0.1
0,0,0.1,0.2,0.2
0,0,0.2,0.1,0.1
0,0,0.1,0.1,0.2
0,0,0.1,0.2,0.1
0,0,0.1,0.1,0.2
0,0,0.1,0.2,0.1
0,0,0.1,0.1,0.2
0,0,0.1,0.2,0.1
0,0,0.1,0.2,0.2
0,0,0.1,0.1,0.2
0,0,0.1,0.1,0.1
0,0,0.2,0.2,0.1
0,0,0.1,0.1,0.2
0,0,0.1,0.2,0.1
0,0,0.1,0.2,0.1
0,0,0.1,0.2,0.1
0,0,0.2,0.2,0.1
0,0,0.2,0.2,0.1
0,0,0.1,0.1,0.2
0,0,0.1,0.1,0.1
0,0,0.2,0.1,0.1
0,0,0.1,0.1,0.1
0,0,0.1,0.2,0.1
0,0,0.1,0.1,0.1
0,0,0.2,0.2,0.3
0,0,0.1,0.2,0.1
0,0,0.1,0.1,0.2
0,0,0.1,0.2,0.1
0,0,0.1,0.2,0.1
0,0,0.2,0.1,0.1
0,0,0.1,0.2,0.1
0,0,0.1,0.2,0.1
0,0,0.1,0.1,0.1
0,0,0.2,0.1,0.1
0,0,0.1,0.1,0.2
0,0,0.1,0.2,0.1
0,0,0.1,0.1,0.2
0,0,0.1,0.2,0.1
0,0,0.1,0.1,0.2
0,0,0.1,0.1,0.2
0,0,0.2,0.2,0.2
0,0,0.1,0.1,0.1
0,0,0.1,0.1,0.2
0,0,0.1,0.1,0.2
0,0,0.3,0.5,0.4
0,0,0.1,0.2,0.1
0,0,0.2,0.2,0.2
0,0,0.2,0.2,0.1
0,0,0.1,0.1,0.2
0,0,0.1,0.2,0.1
0,0,0.2,0.2,0.1
0,0,0.1,0.1,0.1
0,0,0.1,0.2,0.1
0,0,0.1,0.1,0.2
0,0,0.1,0.1,0.1
0,0,0.1,0.1,0.2
0,0,0.1,0.2,0.1
0,0,0.1,0.1,0.1
0,0,0.1,0.1,0.1
0,0,0.1,0.1,0.1
0,0,0.1,0.1,0.1
0,0,0.1,0.1,0.1
0,0,0.1,0.1,0.2
0,0,0.1,0.1,0.2
0,0,0.1,0.1,0.2
0,0,0.1,0.2,0.1
0,0,0.1,0.1,0.2
0,0,0.2,0.2,0.1
0,0,0.1,0.1,0.1
0,0,0.1,0.1,0.1
0,0,0.1,0.1,0.2
0,0,0.1,0.2,0.1
0,0,0.1,0.1,0.2
0,0,0.1,0.1,0.2
0,0,0.2,0.1,0.1
0,0,0.1,0.1,0.2
0,0,0.1,0.1,0.1
0,0,0.1,0.2,0.1
0,0,0.1,0.2,0.1
0,0,0.1,0.1,0.2
0,0,0.1,0.1,0.1
0,0,1.1,0.3,1
0,0,0.1,0.1,0.2
0,0,0.2,0.2,0.2
0,0,0.1,0.2,0.1
0,0,0.1,0.2,0.1
0,0,0.2,0.2,0.1
0,0,0.1,0.2,0.1
0,0,0.2,0.2,0.1
0,0,0.4,0.3,0.3
0,0,0.3,0.2,0.2
0,0,0.2,0.2,0.1
0,0,0.9,1.2,0.9
0,0,0.1,0.1,0.1
0,0,0.1,0.1,0.2
0,0,0.2,0.2,0.1
0,0,0.1,0.1,0.1
0,0,0.2,0.2,0.1
0,0,0.1,0.1,0.1
0,0,0.1,0.1,0.1
0,0,11.1,0.2,0.1
0,0,0.1,0.1,0.1
0,0,0.3,0.2,0.3
0,0,0.1,0.2,0.1
0,0,0.1,0.1,0.2
0,0,0.1,0.1,0.1
0,0,0.1,0.1,0.2
0,0,0.1,0.1,0.1
0,0,0.1,0.1,0.1
0,0,0.1,0.1,0.2
0,0,0.2,0.2,0.1
0,0,0.1,0.1,0.2
0,0,0.1,0.2,0.1
0,0,0.1,0.1,0.1
0,0,0.2,0.1,0.1
0,0,0.1,0.1,0.2
0,0,0.1,0.1,0.2
0,0,0.1,0.1,0.2
0,0,0.1,0.1,0.2
0,0,0.3,0.1,0.2
0,0,0.1,0.2,0.1
0,0,0.1,0.1,0.2
0,0,0.4,0.8,2.2
0,0,0.1,0.1,0.1
0,0,0.1,0.1,0.2
0,0,0.1,0.2,0.1
0,0,0.1,0.1,0.1
0,0,0.1,0.1,0.1
0,0,0.2,0.2,0.1
0,0,0.1,0.2,0.1
0,0,0.1,0.1,0.1
0,0,0.1,0.2,0.1
0,0,0.2,0.2,0.1
0,0,0.3,0.4,0.3
0,0,0.4,0.7,0.3
0,0,0.1,0.2,0.1
0,0,0.2,0.2,0.1
0,0,0.2,0.2,0.2
0,0,0.1,0.2,0.2
0,0,0.7,0.3,1.1
0,0,0.1,0.2,0.2
0,0,0.1,0.1,0.2
0,0,0.2,0.2,0.1
0,0,0.2,0.1,0.2
0,0,0.2,0.1,0.2
0,0,0.1,0.1,0.1
0,0,0.2,0.1,0.1
0,0,0.2,0.2,0.1
0,0,0.1,0.2,0.2
0,0,0.1,0.2,0.1
0,0,0.2,0.2,0.2
0,0,0.2,0.1,0.2
0,0,0.2,0.2,0.1
0,0,0.5,0.2,0.3
0,0,0.2,0.2,0.1
0,0,0.1,0.1,0.2
0,0,0.1,0.1,0.2
0,0,0.2,0.2,0.1
0,0,0.1,0.2,0.1
0,0,0.2,0.2,0.1
0,0,0.1,0.1,0.1
0,0,0.1,0.1,0.1
0,0,0.2,0.1,0.1
0,0,0.1,0.2,0.1
0,0,0.1,0.1,0.1
0,0,0.1,0.1,0.2
0,0,0.1,0.1,0.2
0,0,0.2,0.2,0.1
0,0,0.2,0.3,0.2
0,0,0.1,0.1,0.2
0,0,0.2,0.1,0.1
0,0,0.1,0.1,0.2
0,0,0.2,0.1,0.2
0,0,0.1,0.1,0.1
0,0,0.1,0.1,0.2
0,0,0.1,0.2,0.1
0,0,0.1,0.1,0.1
0,0,0.1,0.1,0.1
0,0,0.2,0.2,0.2
0,0,0.2,0.2,0.1
0,0,0.1,0.2,0.1
0,0,0.1,0.1,0.2
0,0,0.1,0.2,0.1
0,0,0.1,0.2,0.1
0,0,0.1,0.1,0.1
0,0,0.1,0.2,0.2
0,0,0.1,0.1,0.2
0,0,0.1,0.1,0.2
0,0,0.2,0.2,0.1
0,0,0.2,0.1,0.1
0,0,0.2,0.2,0.3
0,0,0.2,0.1,0.2
0,0,0.2,0.2,0.1
0,0,0.1,0.1,0.1
0,0,0.1,0.2,0.1
0,0,0.2,0.1,0.1
0,0,0.1,0.1,0.1
0,0,0.1,0.1,0.1
0,0,0.1,0.2,0.1
0,0,0.1,0.1,0.1
0,0,1.1,1.2,1.2
0,0,0.1,0.1,0.2
0,0,0.2,0.1,0.2
0,0,0.1,0.1,0.2
0,0,0.1,0.2,0.1
0,0,0.2,0.1,0.1
0,0,0.1,0.1,0.2
0,0,0.1,0.2,0.1
0,0,0.2,0.2,0.1
0,0,0.2,0.2,0.1
0,0,0.1,0.1,0.2
0,0,0.1,0.2,0.1
0,0,0.1,0.3,0.2
0,0,0.1,0.2,0.2
0,0,0.1,0.2,0.1
0,0,0.1,0.1,0.2
0,0,0.1,0.1,0.2
0,0,0.1,0.1,0.1
0,0,0.1,0.1,0.2
0,0,0.1,0.1,0.2
0,0,0.1,0.1,0.2
0,0,0.1,0.2,0.1
0,0,0.1,0.2,0.1
0,0,0.1,0.1,0.2
0,0,0.1,0.2,0.1
0,0,0.1,0.1,0.2
0,0,0.2,0.2,0.1
0,0,0.1,0.2,0.1
0,0,0.1,0.2,0.1
0,0,0.2,0.1,0.1
0,0,0.2,0.2,0.1
0,0,0.1,0.1,0.1
0,0,0.1,0.2,0.1
0,0,0.1,0.1,0.2
0,0,0.1,0.2,0.1
0,0,0.1,0.2,0.1
0,0,0.2,0.1,0.1
0,0,0.1,0.1,0.2
0,0,0.2,0.2,0.1
0,0,0.1,0.1,0.2
0,0,0.2,0.1,0.1
0,0,0.1,0.1,0.2
0,0,0.1,0.1,0.1
0,0,0.1,0.1,0.2
0,0,0.2,0.1,0.1
0,0,0.1,0.2,0.1
0,0,0.1,0.1,0.1
0,0,0.1,0.1,0.1
0,0,0.1,0.2,0.1
0,0,0.1,0.1,0.1
0,0,0.1,0.1,0.1
0,0,0.1,0.2,0.1
0,0,0.1,0.1,0.2
0,0,0.1,0.1,0.1
0,0,0.1,0.1,0.1
0,0,0.1,0.2,0.1
0,0,0.1,0.1,0.1
0,0,0.2,0.1,0.1
0,0,0.1,0.1,0.2
0,0,0.1,0.2,0.1
0,0,0.1,0.1,0.1
0,0,0.1,0.1,0.1
0,0,0.2,0.1,0.1
0,0,0.2,0.1,0.1
0,0,0.2,0.1,0.1
0,0,0.1,0.1,0.2
0,0,0.2,0.1,0.1
0,0,0.2,0.1,0.1
0,0,0.1,0.1,0.1
0,0,0.1,0.2,0.1
0,0,0.1,0.1,0.2
0,0,0.2,0.1,0.1
0,0,0.2,0.1,0.1
0,0,0.1,0.1,0.1
0,0,0.1,0.2,0.1
0,0,0.2,0.1,0.1
0,0,0.1,0.1,0.2
0,0,0.2,0.1,0.1
0,0,0.1,0.2,0.1
0,0,0.1,0.2,0.1
0,0,0.1,0.1,0.1
0,0,0.1,0.1,0.2
0,0,0.1,0.1,0.2
0,0,0.2,0.2,0.1
0,0,0.1,0.2,0.1
0,0,0.1,0.1,0.1
0,0,0.1,0.1,0.1
0,0,0.2,0.1,0.1
0,0,0.1,0.1,0.2
0,0,0.1,0.1,0.1
0,0,0.1,0.2,0.1
0,0,0.2,0.2,0.1
0,0,0.1,0.1,0.1
0,0,0.1,0.2,0.1
0,0,0.1,0.2,0.1
0,0,0.1,0.1,0.2
0,0,0.1,0.1,0.1
0,0,0.1,0.1,0.2
0,0,0.2,0.2,0.2
0,0,0.2,0.1,0.1
0,0,0.1,0.1,0.2
0,0,0.2,0.1,0.1
0,0,0.1,0.2,0.1
0,0,0.1,0.2,0.1
0,0,0.1,0.2,0.1
0,0,0.1,0.1,0.2
0,0,0.2,0.1,0.1
0,0,0.1,0.2,0.1
0,0,0.1,0.2,0.1
0,0,0.2,0.2,0.1
0,0,0.1,0.2,0.2
0,0,0.1,0.1,0.2
0,0,0.2,0.1,0.1
0,0,0.1,0.2,0.1
0,0,0.1,0.1,0.2
0,0,0.1,0.2,0.1
0,0,0.1,0.2,0.1
0,0,0.1,0.2,0.1
0,0,0.2,0.1,0.1
0,0,0.1,0.1,0.2
0,0,0.1,0.1,0.1
0,0,0.2,0.2,0.1
0,0,0.1,0.2,0.1
0,0,0.1,0.1,0.1
0,0,0.1,0.1,0.2
0,0,0.1,0.1,0.2
0,0,0.1,0.1,0.2
0,0,0.1,0.1,0.2
0,0,0.1,0.1,0.1
0,0,0.1,0.1,0.1
0,0,0.1,0.1,0.2
0,0,0.2,0.2,0.1
0,0,0.1,0.2,0.1
0,0,0.1,0.1,0.2
0,0,0.2,0.1,0.1
0,0,0.1,0.2,0.1
0,0,0.2,0.1,0.2
0,0,0.1,0.2,0.2
0,0,0.1,0.1,0.2
0,0,0.1,0.1,0.1
0,0,0.1,0.1,0.2
0,0,0.1,0.1,0.2
0,0,0.2,0.2,0.1
0,0,0.1,0.1,0.1
0,0,0.1,0.1,0.1
0,0,0.1,0.1,0.2
0,0,0.1,0.1,0.1
0,0,0.1,0.1,0.1
0,0,0.3,0.3,0.3
0,0,0.1,0.2,0.2
0,0,0.1,9.5,0.2
0,0,0.4,0.4,0.5
0,0,0.1,0.1,0.2
0,0,0.2,0.2,1.1
0,0,0.4,0.4,0.3
0,0,0.2,0.2,0.2
0,0,0.2,0.2,0.1
0,0,0.3,0.4,0.8
0,0,0.1,0.2,0.1
0,0,0.2,0.1,0.1
0,0,0.1,0.1,0.2
0,0,0.1,0.1,0.1
0,0,0.2,0.2,0.2
0,0,0.1,0.2,0.1
0,0,0.2,0.1,0.1
0,0,0.1,0.2,0.1
0,0,0.2,0.2,0.3
0,0,0.1,0.1,0.2
0,0,0.3,0.9,0.3
0,0,0.1,0.2,0.1
0,0,0.1,0.2,0.1
0,0,0.3,0.4,0.3
0,0,0.3,0.4,0.3
0,0,0.3,0.3,0.5
0,0,0.3,0.3,0.3
0,0,0.2,0.2,0.1
0,0,0.3,0.2,0.3
0,0,0.3,0.3,0.3
0,0,0.1,0.1,0.2
0,0,0.1,0.2,0.1
0,0,0.1,0.1,0.1
0,0,0.1,0.1,0.1
0,0,0.1,0.1,0.2
0,0,0.1,0.2,0.2
0,0,0.1,0.4,0.1
0,0,0.2,0.2,0.2
0,0,0.3,0.4,0.4
0,0,0.1,0.1,0.1
0,0,0.1,0.1,0.2
0,0,0.1,0.2,0.1
0,0,0.3,0.6,0.3
0,0,0.1,0.2,0.1
0,0,0.2,0.2,0.2
0,0,0.1,0.1,0.1
0,0,0.1,0.1,0.2
0,0,0.4,0.3,0.3
0,0,0.1,0.2,0.1
0,0,0.2,0.2,0.1
0,0,0.1,0.1,0.1
0,0,0.2,0.4,0.3
0,0,0.1,0.2,0.1
0,0,0.1,0.3,0.1
0,0,0.1,0.1,0.2
0,0,0.2,0.2,0.1
0,0,0.1,0.2,0.1
0,0,0.2,0.2,0.2
0,0,0.1,0.2,0.2
0,0,0.1,0.5,0.1
0,0,0.1,0.2,0.2
0,0,0.1,0.2,0.2
0,0,0.1,0.2,0.1
0,0,0.2,0.2,0.1
0,0,0.1,0.2,0.1
0,0,0.1,0.2,0.2
0,0,0.1,0.1,0.1
0,0,0.1,0.2,0.1
0,0,0.1,0.2,0.1
0,0,0.1,0.2,0.1
0,0,0.1,0.2,0.2
0,0,0.1,0.2,0.1
0,0,0.1,0.2,0.2
0,0,0.3,0.3,0.3
0,0,0.2,0.2,0.1
0,0,0.2,0.1,0.2
0,0,0.1,0.1,0.2
0,0,0.1,0.1,0.1
0,0,0.1,0.2,0.1
0,0,0.1,0.1,0.2
0,0,0.2,0.2,0.1
0,0,0.1,0.2,0.1
0,0,0.2,0.2,0.1
0,0,0.3,0.3,0.3
0,0,0.8,0.3,1.1
0,0,0.1,0.1,0.2
0,0,0.1,0.2,0.1
0,0,0.2,0.1,0.1
0,0,0.1,0.2,0.1
0,0,0.1,0.1,0.1
0,0,0.2,0.1,0.1
0,0,0.1,0.1,0.2
0,0,0.1,0.1,0.1
0,0,0.1,0.1,0.2
0,0,0.2,0.1,0.1
0,0,0.1,0.1,0.2
0,0,0.1,0.1,0.2
0,0,0.2,0.1,0.2
0,0,0.2,0.2,0.1
0,0,0.1,0.1,0.1
0,0,0.2,0.1,0.2
0,0,0.1,0.1,0.2
0,0,0.2,0.1,0.1
0,0,0.1,0.2,0.1
0,0,0.2,0.1,0.1
0,0,0.1,0.1,0.1
0,0,0.1,0.1,0.2
0,0,0.1,0.2,0.1
0,0,0.1,0.1,0.2
0,0,0.1,0.2,0.1
0,0,0.2,0.2,0.1
0,0,0.1,0.2,0.2
0,0,0.2,0.2,0.2
0,0,0.1,0.2,0.1
0,0,0.3,0.2,0.2
0,0,0.1,0.1,0.2
0,0,0.1,0.1,0.2
0,0,0.2,0.3,0.3
0,0,0.1,0.1,0.1
0,0,0.3,0.3,0.3
0,0,0.1,0.1,0.2
0,0,0.2,0.1,0.1
0,0,0.2,0.2,0.1
0,0,0.2,0.2,0.1
0,0,0.1,0.2,0.1
0,0,0.1,0.2,0.1
0,0,0.1,0.1,0.2
0,0,0.1,0.1,0.1
0,0,0.1,0.2,0.1
0,0,0.2,0.2,0.1
0,0,0.1,0.1,0.2
0,0,0.2,0.2,0.2
0,0,0.1,0.1,0.2
0,0,0.1,0.1,0.1
0,0,0.1,0.1,0.1
0,0,0.2,0.2,0.2
0,0,0.2,0.2,0.1
0,0,0.1,0.1,0.2
0,0,0.1,0.1,0.1
0,0,0.1,0.1,0.2
0,0,0.1,0.1,0.1
0,0,0.1,0.2,0.1
0,0,0.1,0.1,0.1
0,0,0.1,0.1,0.1
0,0,0.1,0.1,0.2
0,0,0.1,0.2,0.1
0,0,0.2,0.2,0.1
0,0,0.1,0.2,0.2
0,0,0.2,0.1,0.1
0,0,0.1,0.2,0.1
0,0,0.2,0.2,0.1
0,0,0.2,0.2,0.2
0,0,0.1,0.2,0.1
0,0,0.1,0.2,0.1
0,0,0.1,0.2,0.1
0,0,0.1,0.2,0.1
0,0,0.2,0.2,0.1
0,0,0.1,0.1,0.1
0,0,0.1,0.2,0.1
0,0,0.1,0.1,0.2
0,0,0.1,0.2,0.1
0,0,0.1,0.2,0.1
0,0,0.1,0.1,0.1
0,0,0.1,0.2,0.1
0,0,0.1,0.2,0.1
0,0,0.1,0.1,0.1
0,0,0.2,0.1,0.2
0,0,0.1,0.1,0.1
0,0,0.1,0.2,0.1
0,0,0.1,0.2,0.1
0,0,0.1,0.1,0.2
0,0,0.1,0.1,0.2
0,0,0.1,0.1,0.2
0,0,0.2,0.1,0.1
0,0,0.3,0.3,0.3
0,0,0.2,0.1,0.2
0,0,0.2,0.1,0.1
0,0,0.1,0.1,0.2
0,0,0.1,0.2,0.1
0,0,0.1,0.1,0.2
0,0,0.1,0.2,0.1
0,0,0.1,0.1,0.2
0,0,0.1,0.1,0.2
0,0,0.1,0.2,0.2
0,0,0.1,0.1,0.1
0,0,0.2,0.1,0.1
0,0,0.2,0.1,0.1
0,0,0.1,0.1,0.1
0,0,0.1,0.1,0.1
0,0,0.2,0.1,0.1
0,0,0.1,0.1,0.2
0,0,0.1,0.2,0.1
0,0,0.1,0.2,0.1
0,0,0.1,0.2,0.1
0,0,0.1,0.1,0.2
0,0,0.2,0.1,0.1
0,0,0.1,0.1,0.2
0,0,0.1,0.1,0.2
0,0,0.1,0.2,0.1
0,0,0.2,0.1,0.1
0,0,0.1,0.1,0.2
0,0,0.1,0.1,0.1
0,0,0.2,0.1,0.1
0,0,0.1,0.2,0.1
0,0,0.2,0.2,0.1
0,0,0.1,0.2,0.1
0,0,0.1,0.2,0.1
0,0,0.2,0.1,0.1
0,0,0.1,0.1,0.1
0,0,0.1,0.1,0.1
0,0,0.2,0.1,0.1
0,0,0.1,0.1,0.2
0,0,0.1,0.2,0.1
0,0,0.1,0.2,0.1
0,0,0.1,0.2,0.2
0,0,0.1,0.1,0.1
0,0,0.2,0.1,0.1
0,0,0.1,0.1,0.1
0,0,0.1,0.2,0.1
0,0,0.1,0.1,0.2
0,0,0.1,0.1,0.2
0,0,0.1,0.1,0.2
0,0,0.1,0.2,0.1
0,0,0.1,0.2,0.1
0,0,0.1,0.1,0.2
0,0,0.1,0.1,0.2
0,0,0.1,0.2,0.1
0,0,0.1,0.1,0.1
0,0,0.1,0.1,0.2
0,0,0.1,0.2,0.1
0,0,0.2,0.3,0.2
0,0,0.1,0.1,0.1
0,0,0.1,0.1,0.1
0,0,0.1,0.1,0.2
0,0,0.2,0.1,0.1
0,0,0.1,0.1,0.1
0,0,0.2,0.1,0.2
0,0,0.1,0.1,0.1
0,0,0.2,0.1,0.2
0,0,0.2,0.1,0.1
0,0,0.1,0.1,0.1
0,0,0.2,0.2,0.2
0,0,0.1,0.2,0.1
0,0,0.2,0.2,0.1
0,0,0.1,0.2,0.1
0,0,0.1,0.1,0.2
0,0,0.1,0.2,0.2
0,0,0.1,0.1,0.1
0,0,0.2,0.1,0.2
0,0,0.1,0.2,0.2
0,0,0.1,0.1,0.2
0,0,0.1,0.1,0.2
0,0,0.1,0.2,0.1
0,0,0.1,0.2,0.1
0,0,0.1,0.1,0.1
0,0,0.1,0.1,0.1
0,0,0.1,0.1,0.1
0,0,0.2,0.2,0.2
0,0,0.1,0.2,0.1
0,0,0.1,0.1,0.1
0,0,0.1,0.1,0.2
0,0,0.2,0.1,0.1
0,0,0.1,0.2,0.1
0,0,0.1,0.1,0.2
0,0,0.3,0.3,0.4
0,0,0.1,0.2,9.4
0,0,0.1,0.1,0.1
0,0,0.1,0.1,0.1
0,0,0.2,0.2,0.1
0,0,0.3,0.3,0.3
0,0,0.2,0.2,0.2
0,0,0.2,0.2,0.1
0,0,0.4,0.3,0.4
0,0,0.2,0.3,0.2
0,0,0.2,0.4,0.3
0,0,0.3,0.4,0.4
0,0,0.1,0.2,0.1
0,0,1.1,1.2,1
0,0,0.1,0.2,0.1
0,0,0.2,0.1,0.2
0,0,0.3,0.3,0.3
0,0,0.1,0.1,0.2
0,0,0.2,0.1,0.2
0,0,0.1,0.2,0.1
0,0,0.1,0.1,0.1
0,0,0.1,0.2,0.2
0,0,0.1,0.2,0.1
0,0,0.2,0.2,0.1
0,0,0.1,0.1,0.2
0,0,0.1,0.3,0.1
0,0,0.2,0.2,0.1
0,0,0.1,0.1,0.1
0,0,0.1,0.1,0.1
0,0,0.2,0.2,0.1
0,0,0.3,1,1.1
0,0,0.2,0.1,0.1
0,0,0.2,0.1,0.1
0,0,0.1,0.1,0.2
0,0,0.2,0.2,0.2
0,0,0.1,0.1,0.2
0,0,0.1,0.2,0.1
0,0,0.1,0.1,0.2
0,0,0.1,0.1,0.1
0,0,0.1,0.1,0.2
0,0,0.1,0.1,0.2
0,0,0.1,0.2,0.3
0,0,0.1,0.2,0.1
0,0,0.2,0.2,0.1
0,0,0.1,0.2,0.2
0,0,0.1,0.1,0.2
0,0,0.2,0.2,0.2
0,0,0.1,0.1,0.1
0,0,0.2,0.2,0.1
0,0,0.1,0.2,0.1
0,0,0.2,0.1,0.2
0,0,0.1,0.1,0.1
0,0,0.2,0.2,0.2
0,0,0.1,0.2,0.1
0,0,0.1,0.1,0.2
0,0,0.1,0.2,0.1
0,0,0.1,0.1,0.2
0,0,0.2,0.1,0.1
0,0,0.1,0.2,0.1
0,0,0.1,0.2,0.1
0,0,0.1,0.1,0.2
0,0,0.1,0.2,0.1
0,0,0.1,0.1,0.2
0,0,0.2,0.1,0.1
0,0,0.1,0.1,0.1
0,0,0.1,0.1,0.2
0,0,0.1,0.2,0.1
0,0,0.2,0.2,0.1
0,0,0.1,0.1,0.1
0,0,0.1,0.1,0.1
0,0,0.2,0.1,0.1
0,0,0.1,0.1,0.2
0,0,0.1,0.1,0.2
0,0,0.1,0.1,0.1
0,0,0.1,0.1,0.1
0,0,0.1,0.1,0.2
0,0,0.1,0.1,0.2
0,0,0.1,0.1,0.2
0,0,0.1,0.2,0.1
0,0,0.3,0.2,0.3
0,0,1,0.4,1.1
0,0,0.1,0.1,0.2
0,0,0.1,0.3,0.1
0,0,0.2,0.1,0.2
0,0,0.1,0.1,0.2
0,0,0.1,0.1,0.2
0,0,0.1,0.1,0.2
0,0,1.1,1.1,1.1
0,0,0.1,0.2,0.1
0,0,0.1,0.1,0.2
0,0,0.1,0.2,0.1
0,0,0.1,0.1,0.1
0,0,0.1,0.1,0.2
0,0,0.1,0.1,0.1
0,0,0.1,0.2,0.1
0,0,0.1,0.1,0.2
0,0,0.2,0.1,0.1
0,0,0.2,0.1,0.1
0,0,0.2,0.1,0.1
0,0,0.1,0.1,0.1
0,0,0.1,0.1,0.2
0,0,0.2,0.1,0.2
0,0,0.2,0.2,0.2
0,0,0.1,0.1,0.2
0,0,0.1,0.1,0.1
0,0,0.2,0.1,0.1
0,0,0.2,0.2,0.1
0,0,0.1,0.2,0.1
0,0,0.1,0.1,0.2
0,0,0.1,0.2,0.1
0,0,0.2,0.2,0.1
0,0,0.1,0.1,0.2
0,0,0.1,0.2,0.1
0,0,0.1,0.1,0.1
0,0,0.2,0.1,0.1
0,0,0.2,0.1,0.1
0,0,0.1,0.2,0.1
0,0,0.2,0.2,0.1
0,0,0.1,0.1,0.1
0,0,0.2,0.1,0.1
0,0,0.2,0.2,0.2
0,0,0.1,0.1,0.1
0,0,0.1,0.1,0.2
0,0,0.2,0.4,0.1
0,0,0.2,0.1,0.1
0,0,0.1,0.2,0.1
0,0,0.1,0.1,0.1
0,0,0.2,0.2,0.1
0,0,0.1,0.1,0.2
0,0,0.1,0.2,0.1
0,0,0.1,0.1,0.2
0,0,0.2,0.2,0.1
0,0,0.1,0.1,0.2
0,0,0.1,0.1,0.2
0,0,0.1,0.1,0.2
0,0,0.2,0.1,0.1
0,0,0.1,0.1,0.2
0,0,0.1,0.1,0.2
0,0,0.1,0.2,0.1
0,0,0.2,0.1,0.1
0,0,0.1,0.2,0.1
0,0,0.2,0.1,0.1
0,0,0.1,0.1,0.1
0,0,0.1,0.1,0.2
0,0,0.1,0.1,0.2
0,0,0.1,0.1,0.2
0,0,0.1,0.2,0.1
0,0,0.2,0.2,0.1
0,0,0.1,0.1,0.2
0,0,0.2,0.1,0.1
0,0,0.1,0.2,0.1
0,0,0.1,0.2,0.1
0,0,0.1,0.2,0.1
0,0,0.1,0.2,0.1
0,0,0.1,0.1,0.2
0,0,0.1,0.1,0.2
0,0,0.1,0.2,0.1
0,0,0.1,0.2,0.1
0,0,0.1,0.1,0.2
0,0,0.2,0.1,0.1
0,0,0.1,0.1,0.2
0,0,0.1,0.1,0.1
0,0,0.2,0.2,0.2
0,0,0.1,0.2,0.1
0,0,0.2,0.2,0.1
0,0,0.2,0.2,0.3
0,0,0.1,0.1,0.1
0,0,0.1,0.2,0.1
0,0,0.2,0.1,0.2
0,0,0.1,0.2,0.1
0,0,0.2,0.2,0.1
0,0,0.2,0.2,0.1
0,0,0.2,0.1,0.1
0,0,0.1,0.1,0.1
0,0,0.1,0.1,0.2
0,0,0.2,0.2,0.1
0,0,0.1,0.2,0.1
0,0,0.1,0.1,0.2
0,0,0.1,0.2,0.1
0,0,0.1,0.1,0.1
0,0,0.2,0.2,0.1
0,0,0.1,0.1,0.1
0,0,0.1,0.1,0.2
0,0,0.1,0.1,0.2
0,0,0.1,0.1,0.1
0,0,0.1,0.2,0.1
0,0,0.1,0.2,0.1
0,0,0.1,0.2,0.1
0,0,0.2,0.1,0.1
0,0,0.1,0.1,0.1
0,0,0.1,0.1,0.2
0,0,0.1,0.1,0.1
0,0,0.2,0.1,0.1
0,0,0.1,0.2,0.1
0,0,0.1,0.1,0.1
0,0,0.1,0.2,0.1
0,0,0.1,0.1,0.1
0,0,0.1,0.2,0.1
0,0,0.1,0.1,0.2
0,0,0.2,0.1,0.1
0,0,0.1,0.1,0.2
0,0,0.1,0.1,0.1
0,0,0.1,0.1,0.2
0,0,0.1,0.1,0.2
0,0,0.1,0.2,0.1
0,0,0.1,0.2,0.2
0,0,0.1,0.2,0.1
0,0,0.1,0.1,0.2
0,0,0.1,0.2,0.1
0,0,0.1,0.1,0.2
0,0,0.1,0.2,0.1
0,0,0.1,0.1,0.1
0,0,0.2,0.1,0.1
0,0,0.1,0.2,0.1
0,0,0.2,0.2,0.1
0,0,0.2,0.3,0.3
0,0,0.2,0.2,0.2
0,0,0.2,0.2,0.1
0,0,0.1,0.2,0.1
0,0,0.1,0.2,0.1
0,0,0.1,0.2,0.1
0,0,0.2,0.2,0.2
0,0,0.2,0.1,0.1
0,0,0.2,0.2,0.1
0,0,0.1,0.1,0.2
0,0,0.1,0.1,0.2
0,0,0.1,0.2,0.1
0,0,0.2,0.1,0.1
0,0,0.1,0.1,0.2
0,0,0.1,0.1,0.2
0,0,0.1,0.1,0.2
0,0,0.1,0.1,0.2
0,0,0.2,0.2,0.2
0,0,0.2,0.2,0.1
0,0,0.2,0.2,0.2
0,0,0.2,0.2,0.2
0,0,0.2,0.2,0.2
0,0,0.2,0.2,0.2
0,0,0.2,0.2,0.1
0,0,0.2,0.2,0.1
0,0,0.2,0.2,0.2
0,0,0.2,0.2,0.2
0,0,0.2,0.1,0.2
0,0,0.2,0.2,0.1
0,0,0.2,0.2,0.2
0,0,0.2,0.2,0.2
0,0,0.2,0.2,0.1
0,0,0.2,0.2,0.2
0,0,0.2,0.2,0.2
0,0,0.2,0.2,0.2
0,0,0.2,0.1,0.2
0,0,0.3,0.2,0.2
0,0,0.3,0.4,0.3
0,0,0.2,0.2,0.3
0,0,0.2,0.3,0.3
0,0,0.2,0.2,0.3
0,0,0.3,0.5,0.4
0,0,0.2,0.2,0.2
0,0,0.2,0.2,0.2
0,0,0.2,0.2,0.2
0,0,0.2,0.1,0.2
0,0,0.2,0.2,0.2
0,0,0.2,0.2,0.2
0,0,0.2,0.2,0.1
0,0,0.2,0.1,0.2
0,0,0.2,0.1,0.2
0,0,0.1,0.2,0.2
0,0,0.2,0.2,0.2
0,0,0.2,0.2,0.2
0,0,0.2,0.2,0.2
0,0,0.1,0.2,0.2
0,0,0.2,0.2,0.2
0,0,0.2,0.2,0.3
0,0,0.2,0.1,0.2
0,0,0.2,0.2,0.2
0,0,0.2,0.1,0.1
0,0,0.2,0.2,0.2
0,0,0.2,0.2,0.2
0,0,0.2,0.2,0.1
0,0,0.2,0.2,0.1
0,0,0.1,0.2,0.2
0,0,0.2,0.2,0.2
0,0,0.2,0.2,0.2
0,0,0.2,0.3,0.2
0,0,0.2,0.2,0.2
0,0,0.2,0.2,0.2
0,0,0.2,0.2,0.2
0,0,0.2,0.1,0.1
0,0,0.2,0.2,0.2
0,0,0.2,0.2,0.2
0,0,0.1,0.2,0.2
0,0,0.2,0.2,0.2
0,0,0.2,0.1,0.1
0,0,0.1,0.2,0.2
0,0,0.2,0.2,0.2
0,0,0.2,0.2,0.1
0,0,0.2,0.2,0.2
0,0,0.2,0.2,0.1
0,0,0.2,0.2,0.2
0,0,0.1,0.2,0.2
0,0,0.2,0.2,0.2
0,0,0.2,0.2,0.1
0,0,0.2,0.2,0.2
0,0,0.2,0.3,0.1
0,0,0.2,0.2,0.2
0,0,0.2,0.2,0.2
0,0,0.2,0.2,0.2
0,0,0.2,0.2,0.2
0,0,0.2,0.2,0.2
0,0,0.2,0.2,0.2
0,0,0.2,0.2,0.2
0,0,0.2,0.2,0.2
0,0,0.2,0.2,0.2
0,0,0.2,0.2,0.2
0,0,0.2,0.3,0.2
0,0,0.2,0.2,0.2
0,0,0.2,0.2,0.2
0,0,0.2,0.2,0.2
0,0,0.2,0.2,0.2
0,0,0.2,0.2,0.2
0,0,0.2,0.1,0.1
0,0,0.2,0.2,0.2
0,0,0.2,0.1,0.1
0,0,0.2,0.1,0.1
0,0,0.2,0.4,0.2
0,0,0.2,0.2,0.1
0,0,0.2,0.2,0.2
0,0,0.2,0.2,0.2
0,0,0.1,0.2,0.2
0,0,0.3,0.2,0.3
0,0,0.2,0.2,0.2
0,0,0.2,0.1,0.2
0,0,0.2,0.2,0.2
0,0,0.2,0.3,0.2
0,0,0.2,0.2,0.2
0,0,0.2,0.2,0.2
0,0,0.2,0.1,0.1
0,0,0.2,0.2,0.2
0,0,0.2,0.2,0.1
0,0,0.2,0.3,0.3
0,0,0.2,0.2,0.2
0,0,0.1,0.2,0.2
0,0,0.2,0.2,0.2
0,0,0.2,0.2,0.2
0,0,0.2,0.2,0.1
0,0,0.2,0.2,0.2
0,0,0.2,0.2,0.1
0,0,0.2,0.2,0.2
0,0,0.5,0.4,0.3
0,0,0.2,0.2,0.2
0,0,0.2,0.2,0.2
0,0,0.2,0.2,0.2
0,0,0.2,0.1,0.2
0,0,0.2,0.2,0.2
0,0,0.2,0.2,0.2
0,0,0.2,0.2,0.2
0,0,0.2,0.2,0.2
0,0,0.2,0.3,0.2
0,0,0.2,0.2,0.2
0,0,0.2,0.2,0.2
0,0,0.2,0.1,0.1
0,0,0.2,0.2,0.1
0,0,0.2,0.1,0.2
0,0,0.2,0.3,0.1
0,0,0.2,0.2,0.2
0,0,0.2,0.2,0.1
0,0,0.1,0.2,0.2
0,0,0.2,0.2,0.2
0,0,0.2,0.2,0.1
0,0,0.2,0.2,0.2
0,0,0.2,0.2,0.1
0,0,0.3,0.4,0.4
0,0,0.3,0.4,0.3
0,0,0.2,0.2,0.2
0,0,0.2,0.2,0.2
0,0,0.1,0.2,0.2
0,0,0.2,0.1,0.2
0,0,0.2,0.2,0.2
0,0,0.2,0.2,0.2
0,0,0.1,0.2,0.2
0,0,0.2,0.2,0.2
0,0,0.2,0.2,0.2
0,0,0.2,0.2,0.2
0,0,0.1,0.2,0.2
0,0,0.2,0.2,0.1
0,0,0.2,0.2,0.2
0,0,0.3,0.2,0.2
0,0,0.2,0.3,0.2
0,0,0.2,0.2,0.2
0,0,0.2,0.2,0.2
0,0,0.2,0.2,0.2
0,0,0.2,0.2,0.2
0,0,0.2,0.1,0.2
0,0,0.2,0.2,0.2
0,0,0.2,0.2,0.2
0,0,0.1,0.2,0.2
0,0,0.2,0.2,0.1
0,0,0.2,0.2,0.2
0,0,0.2,0.2,0.2
0,0,0.2,0.2,0.2
0,0,0.2,0.2,0.2
0,0,0.2,0.3,0.2
0,0,0.2,0.2,0.1
0,0,0.2,0.2,0.2
0,0,0.2,0.2,0.2
0,0,0.2,0.2,0.2
0,0,0.2,0.2,0.2
0,0,0.2,0.2,0.2
0,0,0.2,0.2,0.2
0,0,0.3,0.3,0.2
0,0,0.2,0.3,0.3
0,0,0.3,0.3,0.2
0,0,0.3,0.3,0.3
0,0,0.2,0.3,0.2
0,0,0.3,0.5,0.3
0,0,0.2,0.2,0.2
0,0,0.2,0.2,0.1
0,0,0.2,0.2,0.2
0,0,0.2,0.2,0.1
0,0,0.2,9.5,0.1
0,0,0.2,0.2,0.2
0,0,0.2,0.2,0.2
0,0,0.2,0.2,0.1
0,0,0.2,0.2,0.2
0,0,0.2,0.2,0.2
0,0,0.1,0.2,0.2
0,0,0.2,0.3,0.2
0,0,0.2,0.2,0.2
0,0,0.2,0.3,0.2
0,0,0.2,0.2,0.2
0,0,0.2,0.2,0.2
0,0,0.2,0.2,0.2
0,0,0.2,0.2,0.2
0,0,0.1,0.2,0.2
0,0,0.2,0.2,0.2
0,0,0.2,0.2,0.2
0,0,0.2,0.2,0.1
0,0,0.2,0.2,0.2
0,0,0.2,0.2,0.2
0,0,0.2,0.2,0.2
0,0,0.2,0.1,0.2
0,0,0.2,0.2,0.2
0,0,0.2,0.2,0.2
0,0,0.2,0.3,0.2
0,0,0.2,0.2,0.2
0,0,0.2,0.2,0.2
0,0,0.2,0.1,0.2
0,0,0.2,0.3,0.2
0,0,0.2,0.2,0.2
0,0,0.2,0.2,0.1
0,0,0.2,0.2,0.2
0,0,0.1,0.2,0.2
0,0,0.2,0.2,0.2
0,0,0.2,0.2,0.1
0,0,0.2,0.2,0.2
0,0,0.1,0.2,0.2
0,0,0.2,0.2,0.2
0,0,0.2,0.2,0.2
0,0,0.2,0.1,0.1
0,0,0.2,0.2,0.2
0,0,0.2,0.1,0.2
0,0,0.2,0.2,0.2
0,0,0.2,0.2,0.2
0,0,0.2,0.2,0.1
0,0,0.2,0.2,0.2
0,0,0.2,0.2,0.2
0,0,0.2,0.1,0.2
0,0,0.2,0.2,0.2
0,0,0.2,0.2,0.2
0,0,0.2,0.2,0.2
0,0,0.2,0.2,0.2
0,0,0.2,0.2,0.2
0,0,0.2,0.2,0.2
0,0,0.1,0.2,0.2
0,0,0.2,0.2,0.2
0,0,0.2,0.2,0.1
0,0,0.2,0.2,0.2
0,0,0.2,0.2,0.2
0,0,0.2,0.2,0.2
0,0,0.2,0.2,0.2
0,0,0.2,0.2,0.2
0,0,0.2,0.2,0.2
0,0,0.2,0.2,0.2
0,0,0.2,0.2,0.1
0,0,0.2,0.2,0.2
0,0,0.2,0.2,0.2
0,0,0.2,0.2,0.2
0,0,0.2,0.2,0.2
0,0,0.2,0.2,0.2
0,0,0.2,0.2,0.2
0,0,0.2,0.2,0.2
0,0,0.2,0.2,0.2
0,0,0.2,0.2,0.2
0,0,0.2,0.2,0.1
0,0,0.2,0.2,0.3
0,0,0.4,0.4,0.4
0,0,0.2,0.2,0.2
0,0,0.2,0.2,0.2
0,0,0.2,0.3,0.2
0,0,0.2,0.2,0.2
0,0,0.2,0.2,0.2
0,0,0.2,0.2,0.2
0,0,0.1,0.3,0.2
0,0,0.2,0.2,0.2
0,0,0.2,0.2,0.1
0,0,0.2,0.3,0.2
0,0,0.2,0.2,0.2
0,0,0.2,0.2,0.2
0,0,0.2,0.2,0.2
0,0,0.2,0.2,0.2
0,0,0.2,0.2,0.2
0,0,0.2,0.2,0.2
0,0,0.2,0.2,0.2
0,0,0.3,0.4,0.2
0,0,0.2,0.4,0.4
0,0,0.2,0.2,0.2
0,0,0.8,0.8,0.9
0,0,0.2,0.2,0.2
0,0,0.2,0.3,0.2
0,0,0.2,0.2,0.2
0,0,0.2,0.2,0.2
0,0,0.2,0.2,0.2
0,0,0.2,0.3,0.2
0,0,0.2,0.3,0.1
0,0,0.2,0.2,0.2
0,0,0.2,0.2,0.2
0,0,0.2,0.2,0.2
0,0,0.2,0.3,0.2
0,0,0.2,0.2,0.2
0,0,0.2,0.2,0.2
0,0,0.2,0.2,0.2
0,0,0.2,0.2,0.2
0,0,0.4,0.4,0.4
0,0,0.2,0.2,0.2
0,0,0.2,0.3,0.2
0,0,0.2,0.3,0.1
0,0,0.2,0.3,0.2
0,0,0.2,0.1,0.2
0,0,0.2,0.2,0.2
0,0,0.2,0.3,0.3
0,0,0.3,0.4,0.4
0,0,0.2,0.2,0.1
0,0,0.1,0.2,0.2
0,0,0.2,0.3,0.2
0,0,0.1,0.2,0.2
0,0,0.2,0.2,0.2
0,0,0.2,0.3,0.2
0,0,0.2,0.2,0.1
0,0,0.2,0.3,0.2
0,0,0.2,0.3,0.2
0,0,0.2,0.2,0.2
0,0,0.2,0.2,0.2
0,0,0.2,0.2,0.3
0,0,0.2,0.1,0.1
0,0,0.2,0.1,0.2
0,0,0.2,0.2,0.2
0,0,0.2,0.2,0.2
0,0,0.2,0.2,0.2
0,0,0.2,0.1,0.2
0,0,0.2,0.1,0.2
0,0,0.2,0.4,0.1
0,0,0.2,0.5,0.2
0,0,0.2,0.1,0.2
0,0,0.2,0.2,0.2
0,0,0.2,0.2,0.2
0,0,0.2,0.2,0.2
0,0,0.1,0.2,0.2
0,0,0.2,0.2,0.2
0,0,0.2,0.2,0.2
0,0,0.2,0.3,0.2
0,0,0.2,0.2,0.2
0,0,0.2,0.2,0.2
0,0,0.2,0.2,0.1
0,0,0.2,0.2,0.2
0,0,0.2,0.2,0.2
0,0,0.2,0.2,0.1
0,0,0.2,0.2,0.3
0,0,0.2,0.2,0.2
0,0,0.1,0.2,0.2
0,0,0.2,0.2,0.2
0,0,0.2,0.2,0.2
0,0,0.2,0.3,0.2
0,0,0.2,0.2,0.2
0,0,0.2,0.2,0.2
0,0,0.2,0.2,0.2
0,0,0.2,0.2,0.2
0,0,0.2,0.2,0.2
0,0,0.2,0.3,0.2
0,0,0.2,0.2,0.2
0,0,0.2,0.2,0.2
0,0,0.2,0.2,0.2
0,0,0.4,0.4,0.4
0,0,0.2,0.2,0.2
0,0,0.2,0.2,0.2
0,0,0.2,0.2,0.3
0,0,0.2,0.2,0.2
0,0,0.2,0.2,0.2
0,0,0.2,0.2,0.2
0,0,0.1,0.2,0.2
0,0,0.3,0.3,0.2
0,0,0.2,0.2,0.2
0,0,0.2,0.3,0.2
0,0,0.2,0.2,0.2
0,0,0.4,0.4,0.4
0,0,0.2,0.2,0.1
0,0,0.2,0.3,0.2
0,0,0.2,0.4,0.2
0,0,0.2,0.3,0.2
0,0,0.2,0.3,0.2
0,0,0.2,0.3,0.2
0,0,0.2,0.2,0.2
0,0,0.2,0.4,0.3
0,0,0.2,0.3,0.2
0,0,0.2,0.2,0.2
0,0,0.2,0.2,0.1
0,0,0.2,0.1,0.1
0,0,0.2,0.2,0.2
0,0,0.2,0.2,0.2
0,0,0.2,0.3,0.2
0,0,0.2,0.2,0.2
0,0,0.2,0.3,0.3
0,0,0.2,0.2,0.3
0,0,0.2,0.3,0.3
0,0,0.2,0.3,0.2
0,0,0.3,0.4,0.2
0,0,0.2,0.3,0.2
0,0,0.2,0.3,0.1
0,0,0.2,0.2,0.2
0,0,0.2,0.1,0.2
0,0,0.2,0.3,0.2
0,0,0.2,0.3,0.2
0,0,0.2,0.2,0.2
0,0,0.3,0.3,0.3
0,0,0.2,0.2,0.2
0,0,0.2,0.2,0.2
0,0,0.2,0.2,0.2
0,0,0.2,0.2,0.2
0,0,0.2,0.2,0.2
0,0,0.1,0.2,0.2
0,0,0.3,0.3,0.3
0,0,0.2,0.2,0.2
0,0,0.2,0.2,0.2
0,0,0.2,0.2,0.2
0,0,0.2,0.2,0.2
0,0,0.3,0.2,0.2
0,0,0.2,0.2,0.2
0,0,0.2,0.2,0.1
0,0,0.2,0.2,0.2
0,0,0.2,0.2,0.1
0,0,0.2,0.3,0.1
0,0,0.2,0.2,0.2
0,0,0.2,0.2,0.2
0,0,0.2,0.2,0.1
0,0,0.2,0.2,0.2
0,0,0.2,0.1,0.1
0,0,0.2,0.3,0.2
0,0,0.2,0.2,0.2
0,0,0.2,0.2,0.1
0,0,0.2,0.2,0.2
0,0,0.2,0.2,0.2
0,0,0.2,0.3,0.2
0,0,0.2,0.2,0.2
0,0,0.2,0.3,0.2
0,0,0.2,0.2,0.2
0,0,0.2,0.2,0.2
0,0,0.2,0.2,0.2
0,0,0.2,0.2,0.1
0,0,0.2,0.2,0.2
0,0,0.2,0.2,0.1
0,0,0.2,0.2,0.2
0,0,0.2,0.2,0.2
0,0,0.2,0.2,0.2
0,0,0.2,0.1,0.1
0,0,0.2,0.1,0.1
0,0,0.2,0.2,0.1
0,0,0.2,0.2,0.1
0,0,0.2,0.2,0.2
0,0,0.2,0.2,0.2
0,0,0.2,0.2,0.2
0,0,0.2,0.2,0.2
0,0,0.2,0.2,0.2
0,0,0.2,0.2,0.2
0,0,0.2,0.2,0.2
0,0,0.1,0.2,0.2
0,0,0.2,0.2,0.2
0,0,0.2,0.3,0.2
0,0,0.2,0.2,0.2
0,0,0.2,0.2,0.1
0,0,0.2,0.2,0.2
0,0,0.2,0.2,0.1
0,0,0.2,0.1,0.1
0,0,0.2,0.2,0.2
0,0,0.2,0.2,0.2
0,0,0.2,0.2,0.3
0,0,0.2,0.2,0.2
0,0,0.2,0.2,0.2
0,0,0.2,0.1,0.1
0,0,0.2,0.2,0.2
0,0,0.2,0.2,0.2
0,0,0.2,0.3,0.1
0,0,0.2,0.3,0.2
0,0,0.2,0.2,0.2
0,0,0.2,0.2,0.2
0,0,0.2,0.2,0.2
0,0,0.2,0.2,0.2
0,0,0.2,0.2,0.2
0,0,0.2,0.2,0.2
0,0,0.2,0.2,0.2
0,0,0.2,0.2,0.2
0,0,0.2,0.2,0.2
0,0,0.2,0.2,0.2
0,0,0.2,0.2,0.2
0,0,0.1,0.2,0.2
0,0,0.2,0.2,0.2
0,0,0.2,0.2,0.2
0,0,0.2,0.2,0.1
0,0,0.2,0.2,0.2
0,0,0.2,0.2,0.2
0,0,0.2,0.2,0.2
0,0,0.2,0.2,0.2
0,0,0.2,0.2,0.2
0,0,0.2,0.2,0.2
0,0,0.2,0.2,0.2
0,0,0.2,0.2,0.1
0,0,0.2,0.2,0.2
0,0,0.2,0.2,0.2
0,0,0.2,0.2,0.2
0,0,0.2,0.2,0.2
0,0,0.2,0.2,0.2
0,0,0.2,0.2,0.2
0,0,0.2,0.2,0.2
0,0,0.2,0.2,0.2
0,0,0.2,0.2,0.2
0,0,0.2,0.2,0.2
0,0,0.1,0.2,0.2
0,0,0.2,0.2,0.2
0,0,0.2,0.2,0.1
0,0,0.2,0.2,0.2
0,0,0.2,0.2,0.1
0,0,0.2,0.2,0.2
0,0,0.2,0.2,0.2
0,0,0.2,0.2,0.2
0,0,0.2,0.2,0.2
0,0,0.2,0.2,0.1
0,0,0.1,0.2,0.2
0,0,0.2,0.3,0.1
0,0,0.2,0.3,0.2
0,0,0.3,0.2,0.2
0,0,0.3,0.4,0.3
0,0,0.2,0.3,0.2
0,0,0.4,0.5,0.9
0,0,0.2,0.3,0.3
0,0,0.3,0.3,0.3
0,0,0.2,0.2,0.2
0,0,0.2,0.3,0.2
0,0,0.2,0.5,0.2
0,0,0.2,0.3,0.2
0,0,0.2,0.2,0.2
0,0,0.2,0.3,0.2
0,0,0.2,0.2,0.2
0,0,0.2,0.2,0.2
0,0,0.3,0.2,0.2
0,0,0.2,0.2,0.1
0,0,0.2,0.2,0.2
0,0,0.2,0.2,0.3
0,0,0.2,0.2,0.1
0,0,0.2,0.2,0.2
0,0,0.2,0.2,0.1
0,0,0.2,0.2,0.2
0,0,0.2,0.3,0.2
0,0,0.2,0.2,0.2
0,0,0.2,0.2,0.1
0,0,0.2,0.2,0.2
0,0,0.2,0.2,0.2
0,0,0.2,0.1,0.1
0,0,0.2,0.2,0.2
0,0,0.3,0.5,0.5
0,0,0.2,0.2,0.2
0,0,0.2,0.3,0.2
0,0,0.2,0.4,0.3
0,0,0.2,0.2,0.2
0,0,0.2,0.2,0.2
0,0,0.2,0.2,0.2
0,0,0.2,0.2,0.2
0,0,0.2,0.2,0.2
0,0,0.2,0.2,0.2
0,0,0.2,0.2,0.2
0,0,0.2,0.2,0.2
0,0,0.2,0.2,0.2
0,0,0.2,0.2,0.1
0,0,0.2,0.2,0.2
0,0,0.2,0.1,0.2
0,0,0.2,0.1,0.2
0,0,0.2,0.2,0.2
0,0,0.2,0.2,0.2
0,0,0.2,0.1,0.1
0,0,0.2,0.2,0.2
0,0,0.2,0.2,0.2
0,0,0.2,0.2,0.2
0,0,0.2,0.2,0.2
0,0,0.2,0.6,0.3
0,0,0.2,0.2,0.2
0,0,0.3,0.2,0.2
0,0,0.2,0.2,0.2
0,0,0.2,0.2,0.1
0,0,0.3,0.3,0.4
0,0,0.2,0.2,0.2
0,0,0.2,0.1,0.2
0,0,0.2,0.4,0.2
0,0,0.2,0.2,0.2
0,0,0.3,0.3,0.2
0,0,0.2,0.2,0.2
0,0,0.2,0.2,0.2
0,0,0.2,0.2,0.2
0,0,0.2,0.2,0.2
0,0,0.2,0.2,0.2
0,0,0.2,0.2,0.2
0,0,0.2,0.2,0.2
0,0,0.2,0.1,0.2
0,0,0.2,0.2,0.2
0,0,0.2,0.2,0.2
0,0,0.2,0.2,0.3
0,0,0.2,0.2,0.2
0,0,0.2,0.2,0.2
0,0,0.3,0.2,0.2
0,0,0.2,0.2,0.2
0,0,0.2,0.2,0.2
0,0,0.2,0.2,0.2
0,0,0.3,0.3,0.2
0,0,0.2,0.2,0.2
0,0,0.2,0.3,0.3
0,0,1.1,1.3,1.1
0,0,0.4,0.7,0.4
0,0,0.3,0.4,0.3
0,0,0.2,0.3,0.2
0,0,0.2,0.2,0.2
0,0,0.2,0.2,0.1
0,0,0.2,0.3,0.2
0,0,0.2,0.2,0.2
0,0,0.2,0.2,0.2
0,0,0.2,0.2,0.1
0,0,0.1,0.2,0.2
0,0,0.2,0.2,0.2
0,0,0.1,0.2,0.2
0,0,0.2,0.2,0.2
0,0,0.2,0.2,0.2
0,0,0.2,0.2,0.2
0,0,0.2,0.2,0.1
0,0,0.2,0.2,0.2
0,0,0.3,0.3,0.2
0,0,0.2,0.2,0.3
0,0,0.2,0.3,0.2
0,0,0.2,0.2,0.1
0,0,0.2,0.4,0.1
0,0,0.2,0.2,0.1
0,0,0.2,0.2,0.2
0,0,0.2,0.2,0.2
0,0,0.2,0.2,0.2
0,0,0.2,0.3,0.2
0,0,0.2,0.3,0.1
0,0,0.2,0.2,0.2
0,0,0.2,0.3,0.2
0,0,0.2,0.3,0.2
0,0,0.2,0.2,0.2
0,0,0.1,0.2,0.2
0,0,0.2,0.2,0.2
0,0,0.2,0.2,0.2
0,0,0.2,0.2,0.2
0,0,0.2,0.2,0.2
0,0,0.2,0.2,0.2
0,0,0.2,0.2,0.2
0,0,0.2,0.2,0.1
0,0,0.2,0.2,0.2
0,0,0.2,0.2,0.1
0,0,0.2,0.2,0.1
0,0,0.2,0.2,0.2
0,0,0.2,0.2,0.2
0,0,0.2,0.2,0.2
0,0,0.2,0.2,0.1
0,0,0.2,0.2,0.2
0,0,0.2,0.2,0.2
0,0,0.2,0.2,0.2
0,0,0.2,0.2,0.2
0,0,0.2,0.2,0.2
0,0,0.2,0.2,0.2
0,0,0.2,0.2,0.2
0,0,0.2,0.1,0.1
0,0,0.1,0.2,0.2
0,0,0.3,0.4,0.3
0,0,0.2,0.2,0.1
0,0,0.2,0.1,0.2
0,0,0.2,0.2,0.2
0,0,0.2,0.2,0.2
0,0,0.3,0.2,0.3
0,0,0.2,0.2,0.2
0,0,0.2,0.2,0.2
0,0,0.2,0.1,0.1
0,0,0.2,0.2,0.2
0,0,0.2,0.2,0.2
0,0,0.2,0.2,0.2
0,0,0.1,0.2,0.2
0,0,0.2,0.2,0.2
0,0,0.2,0.2,0.1
0,0,0.2,0.2,0.2
0,0,0.2,0.2,0.2
0,0,0.2,0.1,0.2
0,0,0.2,0.2,0.2
0,0,0.2,0.2,0.2
0,0,0.2,0.2,0.2
0,0,0.2,0.2,0.2
0,0,0.2,0.2,0.2
0,0,0.2,0.2,0.2
0,0,0.2,0.2,0.2
0,0,0.2,0.2,0.2
0,0,0.2,0.2,0.2
0,0,0.2,0.2,0.2
0,0,0.2,0.2,0.2
0,0,0.2,0.2,0.1
0,0,0.2,0.2,0.2
0,0,0.2,0.2,0.2
0,0,0.2,0.2,0.2
0,0,0.2,0.2,0.1
0,0,0.2,0.2,0.2
0,0,0.2,0.2,0.2
0,0,0.2,0.2,0.3
0,0,0.2,0.2,0.2
0,0,0.2,0.2,0.2
0,0,0.2,0.2,0.2
0,0,0.2,0.2,0.1
0,0,0.2,0.1,0.2
0,0,0.2,0.2,0.2
0,0,0.2,0.2,0.2
0,0,0.2,0.2,0.1
0,0,0.2,0.2,0.1
0,0,0.2,0.2,0.2
0,0,0.2,0.2,0.2
0,0,0.2,0.1,0.2
0,0,0.2,0.2,0.2
0,0,0.2,0.2,0.2
0,0,0.2,0.2,0.2
0,0,0.2,0.2,0.2
0,0,0.1,0.2,0.2
0,0,0.1,0.2,0.2
0,0,0.2,0.3,0.2
0,0,0.2,0.2,0.2
0,0,0.1,0.2,0.2
0,0,0.2,0.2,0.2
0,0,0.2,0.2,0.2
0,0,0.2,0.2,0.2
0,0,0.2,0.2,0.2
0,0,0.2,0.2,0.2
0,0,0.2,0.2,0.1
0,0,0.2,0.2,0.2
0,0,0.2,0.2,0.2
0,0,0.2,0.2,0.2
0,0,0.2,0.2,0.2
0,0,0.2,0.2,0.1
0,0,0.2,0.2,0.2
0,0,0.2,0.2,0.2
0,0,0.2,0.2,0.2
0,0,0.2,0.2,0.2
0,0,0.2,0.2,0.2
0,0,0.2,0.2,0.2
0,0,0.2,0.2,0.2
0,0,0.2,0.2,0.2
0,0,0.2,0.2,0.2
0,0,0.2,0.2,0.1
0,0,0.2,0.2,0.1
0,0,0.2,0.2,0.2
0,0,0.1,0.2,0.2
0,0,0.2,0.2,0.2
0,0,0.2,0.2,0.2
0,0,0.2,0.2,0.1
0,0,0.2,0.2,0.2
0,0,0.2,0.3,0.3
0,0,0.2,0.2,0.2
0,0,0.2,0.3,0.3
0,0,0.2,0.3,0.3
0,0,0.2,0.4,0.3
0,0,0.2,0.2,0.2
0,0,0.2,0.2,0.1
0,0,0.2,0.2,0.2
0,0,0.2,0.2,0.2
0,0,0.2,0.2,0.2
0,0,0.2,0.2,0.2
0,0,0.2,0.2,0.2
0,0,0.2,0.2,0.1
0,0,0.2,0.2,0.2
0,0,0.2,0.2,0.2
0,0,0.2,0.2,0.2
0,0,0.2,0.2,0.2
0,0,0.2,0.2,0.2
0,0,0.2,0.2,0.1
0,0,0.2,0.1,0.1
0,0,0.2,0.2,0.1
0,0,0.2,0.2,0.2
0,0,0.2,0.2,0.2
0,0,0.2,0.2,0.2
0,0,0.2,0.2,0.2
0,0,0.2,0.2,0.2
0,0,0.2,0.2,0.1
0,0,0.2,0.1,0.2
0,0,0.2,0.5,0.2
0,0,0.2,0.3,0.1
0,0,0.2,0.2,0.2
0,0,0.2,0.2,0.2
0,0,0.1,0.2,0.2
0,0,0.2,0.3,0.1
0,0,0.4,0.4,0.4
0,0,0.2,0.2,0.2
0,0,0.2,0.2,0.2
0,0,0.2,0.1,0.2
0,0,0.2,0.2,0.2
0,0,0.2,0.2,0.2
0,0,0.2,0.2,0.2
0,0,0.2,0.2,0.2
0,0,0.2,0.1,0.2
0,0,0.2,0.2,0.2
0,0,0.3,0.2,0.2
0,0,0.2,0.2,0.2
0,0,0.2,0.1,0.2
0,0,0.2,0.1,0.2
0,0,0.2,0.2,0.2
0,0,0.2,0.2,0.1
0,0,0.2,0.2,0.2
0,0,0.2,0.2,0.2
0,0,0.2,0.2,0.2
0,0,0.2,0.2,0.2
0,0,0.2,0.2,0.2
0,0,0.2,0.2,0.2
0,0,0.3,0.2,0.3
0,0,0.2,0.2,0.2
0,0,0.2,0.2,0.2
0,0,0.2,0.2,0.2
0,0,0.2,0.2,0.1
0,0,0.3,0.3,0.2
0,0,0.2,0.4,0.3
0,0,0.2,0.2,0.1
0,0,0.2,0.2,0.2
0,0,0.2,0.2,0.2
0,0,0.3,0.4,0.3
0,0,0.2,0.2,0.2
0,0,0.2,0.2,0.2
0,0,0.2,0.2,10.4
0,0,0.2,0.2,0.3
0,0,0.2,0.2,0.2
0,0,0.2,0.2,0.1
0,0,0.2,0.2,0.2
0,0,0.2,0.2,0.1
0,0,0.2,0.2,0.2
0,0,0.2,0.2,0.3
0,0,0.2,0.2,0.2
0,0,0.2,0.2,0.2
0,0,0.2,0.3,0.2
0,0,0.2,0.2,0.2
0,0,0.2,0.2,0.2
0,0,0.2,0.2,0.2
0,0,0.2,0.2,0.2
0,0,0.2,0.2,0.2
0,0,0.4,0.3,0.9
0,0,0.2,0.1,0.2
0,0,0.2,0.2,0.2
0,0,0.2,0.2,0.2
0,0,0.3,0.3,0.2
0,0,0.2,0.3,0.3
0,0,0.2,0.2,0.2
0,0,0.4,0.8,0.6
0,0,0.2,0.2,0.2
0,0,0.2,0.2,0.2
0,0,0.1,0.2,0.2
0,0,0.2,0.2,0.2
0,0,0.2,0.2,0.2
0,0,0.2,0.2,0.2
0,0,0.2,0.3,0.2
0,0,0.2,0.2,0.2
0,0,0.2,0.2,0.1
0,0,0.2,0.2,0.1
0,0,0.2,0.1,0.2
0,0,0.1,0.3,0.2
0,0,0.2,0.2,0.2
0,0,0.2,0.2,0.2
0,0,0.2,0.2,0.2
0,0,0.2,0.2,0.2
0,0,0.2,0.2,0.2
0,0,0.2,0.2,0.2
0,0,0.2,0.1,0.2
0,0,0.2,0.2,0.1
0,0,0.2,0.2,0.1
0,0,0.2,0.2,0.2
0,0,0.2,0.2,0.1
0,0,0.2,0.2,0.2
0,0,0.2,0.2,0.2
0,0,0.2,0.2,0.2
0,0,0.3,0.4,0.3
0,0,0.2,0.1,0.2
0,0,0.4,0.5,0.6
0,0,0.2,0.2,0.2
0,0,0.2,0.2,0.2
0,0,0.2,0.2,0.2
0,0,0.2,0.1,0.2
0,0,0.2,0.2,0.1
0,0,0.2,0.2,0.2
0,0,0.2,0.2,0.2
0,0,0.2,0.3,0.2
0,0,0.2,0.4,0.2
0,0,0.2,0.4,0.2
0,0,0.2,0.2,0.1
0,0,0.2,0.2,0.2
0,0,0.2,0.2,0.2
0,0,0.2,0.2,0.2
0,0,1.1,0.5,1.2
0,0,0.2,0.2,0.1
0,0,0.2,0.3,0.2
0,0,0.2,0.3,0.2
0,0,0.1,0.2,0.2
0,0,0.2,0.1,0.2
0,0,0.2,0.1,0.1
0,0,0.2,0.2,0.1
0,0,0.2,0.2,0.3
0,0,0.2,0.2,0.2
0,0,0.2,0.2,0.2
0,0,0.2,0.2,0.2
0,0,0.2,0.2,0.2
0,0,0.2,0.1,0.2
0,0,0.2,0.2,0.2
0,0,0.2,0.2,0.2
0,0,0.2,0.2,0.2
0,0,0.2,0.1,0.2
0,0,0.3,0.3,0.2
0,0,0.2,0.1,0.1
0,0,0.2,0.1,0.2
0,0,0.2,0.2,0.2
0,0,0.2,0.2,0.2
0,0,0.2,0.2,0.2
0,0,0.2,0.2,0.2
0,0,0.1,0.2,0.2
0,0,0.2,0.3,0.2
0,0,0.2,0.1,0.2
0,0,0.2,0.2,0.1
0,0,0.2,0.2,0.2
0,0,0.2,0.2,0.2
0,0,0.2,0.2,0.2
0,0,0.4,0.4,0.4
0,0,0.2,0.2,0.2
0,0,0.2,0.2,0.1
0,0,0.2,0.2,0.1
0,0,0.2,0.2,0.2
0,0,0.2,0.1,0.2
0,0,0.2,0.2,0.2
0,0,0.2,0.2,0.2
0,0,0.2,0.3,0.2
0,0,0.2,0.2,0.2
0,0,0.2,0.4,0.2
0,0,0.3,0.3,0.3
0,0,0.2,0.3,0.2
0,0,0.2,0.3,0.1
0,0,0.2,0.3,0.1
0,0,0.2,0.2,0.1
0,0,0.2,0.3,0.2
0,0,0.2,0.2,0.2
0,0,0.2,0.2,0.2
0,0,0.1,0.2,0.2
0,0,0.2,0.2,0.2
0,0,0.2,0.2,0.2
0,0,0.2,0.2,0.2
0,0,0.2,0.2,0.2
0,0,0.2,0.2,0.2
0,0,0.2,0.1,0.2
0,0,0.2,0.2,0.2
0,0,0.2,0.1,0.1
0,0,0.2,0.2,0.1
0,0,0.1,0.2,0.2
0,0,0.2,0.2,0.2
0,0,0.2,0.2,0.1
0,0,0.2,0.2,0.2
0,0,0.2,0.2,0.2
0,0,0.2,0.2,0.2
0,0,0.2,0.1,0.1
0,0,0.2,0.2,0.2
0,0,0.2,0.1,0.2
0,0,0.2,0.2,0.2
0,0,0.2,0.2,0.1
0,0,0.2,0.2,0.1
0,0,0.2,0.2,0.1
0,0,0.2,0.2,0.1
0,0,0.2,0.3,0.3
0,0,0.3,0.2,0.3
0,0,0.2,0.3,0.3
0,0,0.2,0.2,0.2
0,0,0.2,0.1,0.1
0,0,0.2,0.2,0.2
0,0,0.1,0.2,0.2
0,0,0.1,0.2,0.2
0,0,0.2,0.2,0.2
0,0,0.2,0.1,0.2
0,0,0.2,0.2,0.1
0,0,0.2,0.2,0.1
0,0,0.2,0.2,0.2
0,0,0.2,0.2,0.2
0,0,0.2,0.2,0.1
0,0,0.2,0.1,0.1
0,0,0.2,0.2,0.2
0,0,0.2,0.2,0.3
0,0,0.4,0.4,0.3
0,0,0.3,0.4,0.3
0,0,0.2,0.2,0.2
0,0,0.2,0.3,0.3
0,0,0.2,0.2,0.2
0,0,0.2,0.2,0.2
0,0,0.2,0.2,0.2
0,0,0.2,0.2,0.2
0,0,0.2,0.2,0.2
0,0,0.2,0.2,0.2
0,0,0.2,0.2,0.2
0,0,0.1,0.2,0.2
0,0,0.2,0.2,0.1
0,0,0.2,0.1,0.1
0,0,0.2,0.2,0.2
0,0,0.2,0.2,0.2
0,0,0.2,0.2,0.1
0,0,0.2,0.2,0.1
0,0,0.2,0.2,0.2
0,0,0.1,0.2,0.2
0,0,0.2,0.2,0.2
0,0,0.2,0.2,0.2
0,0,0.2,0.1,0.2
0,0,0.2,0.2,0.1
0,0,0.2,0.2,0.2
0,0,0.2,0.2,0.2
0,0,0.2,0.2,0.2
0,0,0.1,0.2,0.2
0,0,0.2,0.2,0.2
0,0,0.2,0.2,0.2
0,0,0.2,0.2,0.1
0,0,0.2,0.2,0.2
0,0,0.2,0.1,0.1
0,0,0.2,0.1,0.2
0,0,0.2,0.2,0.2
0,0,0.2,0.2,0.2
0,0,0.2,0.2,0.2
0,0,0.2,0.1,0.2
0,0,0.2,0.2,0.2
0,0,0.2,0.2,0.2
0,0,0.2,0.2,0.2
0,0,0.2,0.3,0.2
0,0,0.3,0.3,0.2
0,0,0.2,0.2,0.2
0,0,0.2,0.2,0.1
0,0,0.3,0.3,0.2
0,0,0.2,0.1,0.1
0,0,0.2,0.1,0.2
0,0,0.2,0.2,0.2
0,0,0.2,0.2,0.2
0,0,0.1,0.2,0.2
0,0,0.3,0.2,0.2
0,0,0.2,0.3,0.2
0,0,0.2,0.2,0.2
0,0,0.2,0.3,0.2
0,0,0.2,0.2,0.2
0,0,0.2,0.2,0.2
0,0,0.2,0.2,0.2
0,0,0.2,0.2,0.2
0,0,0.2,0.2,0.2
0,0,0.2,0.2,0.2
0,0,0.2,0.2,0.2
0,0,0.2,0.1,0.2
0,0,0.3,0.3,0.3
0,0,0.2,0.3,0.3
0,0,0.2,0.2,0.1
0,0,0.2,0.3,0.2
0,0,0.2,0.2,0.1
0,0,0.2,0.2,0.2
0,0,0.2,0.2,0.2
0,0,0.2,0.2,0.2
0,0,0.2,0.2,0.2
0,0,0.2,0.3,0.2
0,0,0.3,0.5,0.5
0,0,0.2,0.2,0.2
0,0,0.2,0.2,0.2
0,0,0.2,0.2,0.2
0,0,0.2,0.1,0.2
0,0,0.2,0.2,0.2
0,0,0.2,0.2,0.2
0,0,0.1,0.2,0.2
0,0,0.2,0.1,0.1
0,0,0.2,0.1,0.1
0,0,0.2,0.2,0.2
0,0,0.2,0.1,0.2
0,0,0.2,0.2,0.1
0,0,0.2,0.2,0.2
0,0,0.3,0.2,0.2
0,0,0.4,0.4,0.3
0,0,0.3,0.3,0.3
0,0,0.2,0.2,0.2
0,0,0.2,0.1,0.2
0,0,0.2,0.2,0.2
0,0,0.2,0.2,0.3
0,0,0.2,0.3,0.3
0,0,0.3,0.2,0.2
0,0,0.2,0.2,0.2
0,0,0.3,0.6,0.7
0,0,0.2,0.2,0.2
0,0,0.2,0.2,0.2
0,0,0.2,0.1,0.2
0,0,0.2,0.2,0.2
0,0,0.2,0.2,0.2
0,0,0.2,0.2,0.2
0,0,0.2,0.2,0.2
0,0,0.2,0.3,0.2
0,0,0.2,0.2,0.2
0,0,0.2,0.1,0.2
0,0,0.2,0.1,0.2
0,0,0.2,0.2,0.2
0,0,0.2,0.2,0.2
0,0,0.2,0.1,0.2
0,0,0.2,0.2,0.2
0,0,0.2,0.2,0.2
0,0,0.2,0.2,0.2
0,0,0.2,0.2,0.2
0,0,0.2,0.1,0.1
0,0,0.2,0.2,0.2
0,0,0.2,0.2,0.2
0,0,0.2,0.2,0.2
0,0,0.2,0.2,0.2
0,0,0.2,0.2,0.2
0,0,0.2,0.2,0.2
0,0,0.2,0.2,0.2
0,0,0.2,0.2,0.2
0,0,0.2,0.2,0.2
0,0,0.2,0.2,0.2
0,0,0.2,0.2,0.2
0,0,0.2,0.2,0.2
0,0,0.2,0.2,0.2
0,0,0.2,0.2,0.2
0,0,0.2,0.2,0.2
0,0,0.2,0.2,0.2
0,0,0.2,0.2,0.1
0,0,0.2,0.2,0.2
0,0,0.2,0.2,0.2
0,0,0.2,0.2,0.2
0,0,0.2,0.1,0.1
0,0,0.2,0.2,0.2
0,0,0.2,0.2,0.2
0,0,0.2,0.2,0.2
0,0,0.3,0.2,0.2
0,0,0.2,0.2,0.2
0,0,0.2,0.2,0.2
0,0,0.3,0.2,0.3
0,0,0.2,0.2,0.1
0,0,0.2,0.2,0.2
0,0,0.3,0.2,0.2
0,0,0.2,0.2,0.2
0,0,0.2,0.2,0.2
0,0,0.2,0.3,0.2
0,0,0.2,0.2,0.1
0,0,0.2,0.2,0.2
0,0,0.2,0.2,0.2
0,0,0.2,0.2,0.2
0,0,0.2,0.3,0.2
0,0,0.2,0.2,0.2
0,0,0.2,0.2,0.2
0,0,0.2,0.2,0.2
0,0,0.2,0.2,0.2
0,0,0.2,0.1,0.2
0,0,0.2,0.2,0.1
0,0,0.2,0.2,0.2
0,0,0.2,0.2,0.1
0,0,0.2,0.2,0.2
0,0,0.2,0.2,0.2
0,0,0.2,0.2,0.2
0,0,0.2,0.3,0.2
0,0,0.3,1,0.8
0,0,0.2,0.2,0.2
0,0,0.2,0.2,0.1
0,0,0.2,0.1,0.1
0,0,0.2,0.2,0.1
0,0,0.2,0.2,0.2
0,0,0.2,0.2,0.1
0,0,0.2,0.2,0.2
0,0,0.2,0.2,0.2
0,0,0.2,0.2,0.2
0,0,0.2,0.2,0.2
0,0,0.2,0.2,0.2
0,0,0.2,0.2,0.2
0,0,0.2,0.2,0.1
0,0,0.2,0.2,0.2
0,0,0.2,0.2,0.1
0,0,0.2,0.2,0.2
0,0,0.2,0.2,0.2
0,0,0.2,0.2,0.2
0,0,0.2,0.2,0.2
0,0,0.2,0.2,0.2
0,0,0.2,0.2,0.2
0,0,0.2,0.2,0.1
0,0,0.2,0.1,0.1
0,0,0.2,0.2,0.2
0,0,0.2,0.2,0.2
0,0,0.2,0.2,0.2
0,0,0.2,0.2,0.2
0,0,0.2,0.2,0.2
0,0,0.2,0.3,0.2
0,0,0.2,0.2,0.2
0,0,0.1,0.2,0.2
0,0,0.2,0.2,0.2
0,0,0.1,0.2,0.2
0,0,0.1,0.2,0.2
0,0,0.2,0.2,0.2
0,0,0.2,0.2,0.2
0,0,0.2,0.2,0.2
0,0,0.2,0.2,0.2
0,0,0.2,0.2,0.2
0,0,0.2,0.2,0.2
0,0,0.2,0.2,0.1
0,0,0.2,0.2,0.2
0,0,0.2,0.2,0.2
0,0,0.2,0.2,0.1
0,0,0.2,0.2,0.2
0,0,0.2,0.2,0.2
0,0,0.2,0.2,0.2
0,0,0.2,0.2,0.1
0,0,0.2,0.1,0.2
0,0,0.2,0.2,0.2
0,0,0.2,0.2,0.2
0,0,0.2,0.3,0.1
0,0,0.2,0.2,0.2
0,0,0.2,0.2,0.2
0,0,0.2,0.3,0.2
0,0,0.2,0.2,0.2
0,0,0.2,0.2,0.2
0,0,0.2,0.2,0.2
0,0,0.2,0.2,0.2
0,0,0.2,0.2,0.2
0,0,0.2,0.2,0.2
0,0,0.2,0.2,0.2
0,0,0.3,0.3,0.2
0,0,0.2,0.1,0.2
0,0,0.6,0.7,0.6
0,0,0.2,0.2,0.2
0,0,0.3,0.2,0.2
0,0,0.2,0.2,0.2
0,0,0.2,0.2,0.2
0,0,0.2,0.2,0.2
0,0,0.2,0.2,0.2
0,0,0.2,0.2,0.2
0,0,0.2,0.1,0.2
0,0,0.1,0.2,0.2
0,0,0.2,0.1,0.1
0,0,0.2,0.2,0.2
0,0,0.2,0.1,0.2
0,0,0.2,0.2,0.3
0,0,0.2,0.2,0.2
0,0,0.5,0.4,0.4
0,0,0.2,0.2,0.2
0,0,0.2,0.2,0.1
0,0,0.2,0.2,0.2
0,0,0.2,0.2,0.2
0,0,0.2,0.2,0.2
0,0,0.2,0.2,0.2
0,0,0.2,0.2,0.2
0,0,0.2,0.1,0.2
0,0,0.2,0.2,0.2
0,0,0.1,0.2,0.2
0,0,0.2,0.2,0.2
0,0,0.2,0.2,0.2
0,0,0.4,0.3,0.4
0,0,0.2,0.2,0.2
0,0,0.2,0.2,0.2
0,0,0.2,0.2,0.2
0,0,0.2,0.2,0.2
0,0,0.2,0.2,0.2
0,0,0.2,0.1,0.2
0,0,0.2,0.2,0.2
0,0,0.2,0.2,0.1
0,0,0.2,0.2,0.2
0,0,0.2,0.2,0.2
0,0,0.2,0.2,0.2
0,0,0.2,0.2,0.2
0,0,0.2,0.2,0.2
0,0,0.2,0.2,0.2
0,0,0.2,0.2,0.2
0,0,0.2,0.2,0.2
0,0,0.2,0.2,0.2
0,0,0.2,0.2,0.2
0,0,0.2,0.2,0.2
0,0,0.2,0.2,0.2
0,0,0.3,0.2,0.2
0,0,0.2,0.2,0.1
0,0,0.2,0.2,0.2
0,0,0.2,0.2,0.2
0,0,0.1,0.2,0.2
0,0,0.2,0.2,0.2
0,0,0.2,0.2,0.2
0,0,0.2,0.2,0.2
0,0,0.2,0.3,0.2
0,0,0.2,0.2,0.2
0,0,0.2,0.2,0.3
0,0,0.1,0.2,0.2
0,0,0.2,0.3,0.2
0,0,0.2,0.2,0.2
0,0,0.2,0.2,0.2
0,0,0.2,0.2,0.2
0,0,0.2,0.2,0.2
0,0,0.2,0.2,0.2
0,0,0.2,0.1,0.2
0,0,0.1,0.2,0.2
0,0,0.2,0.2,0.2
0,0,0.2,0.1,0.1
0,0,0.2,0.2,0.1
0,0,0.2,0.2,0.2
0,0,0.2,0.1,0.1
0,0,0.2,0.2,0.2
0,0,0.2,0.2,0.2
0,0,0.2,0.2,0.2
0,0,0.2,0.2,0.2
0,0,0.2,0.2,0.1
0,0,0.2,0.2,0.2
0,0,0.2,0.2,0.1
0,0,0.2,0.2,0.2
0,0,0.2,0.2,0.2
0,0,0.1,0.2,0.2
0,0,0.2,0.2,0.2
0,0,0.2,0.2,0.2
0,0,0.2,0.2,0.2
0,0,0.2,0.2,0.2
0,0,0.2,0.2,0.1
0,0,0.2,0.2,0.3
0,0,0.2,0.2,0.2
0,0,0.2,0.2,0.2
0,0,0.2,0.2,0.2
0,0,0.2,0.2,0.1
0,0,0.2,0.2,0.2
0,0,0.2,0.2,0.2
0,0,0.1,0.3,0.2
0,0,0.2,0.2,0.1
0,0,0.2,0.2,0.2
0,0,0.2,0.2,0.1
0,0,0.2,0.2,0.2
0,0,0.2,0.2,0.2
0,0,0.2,0.2,0.2
0,0,0.2,0.1,0.2
0,0,0.2,0.2,0.2
0,0,0.2,0.2,0.2
0,0,0.3,0.3,0.2
0,0,0.2,0.3,0.2
0,0,0.2,0.2,0.2
0,0,0.5,0.4,0.6
0,0,0.2,0.2,0.2
0,0,0.2,0.2,0.2
0,0,0.2,0.2,0.1
0,0,0.2,0.2,0.2
0,0,0.2,0.2,0.2
0,0,0.2,0.2,0.2
0,0,0.2,0.2,0.2
0,0,0.2,0.1,0.1
0,0,0.2,0.2,0.2
0,0,0.2,0.2,0.2
0,0,0.2,0.2,0.2
0,0,0.2,0.2,0.2
0,0,0.2,0.2,0.2
0,0,0.2,0.2,0.2
0,0,0.2,0.1,0.2
0,0,0.2,0.2,0.2
0,0,0.2,0.2,0.2
0,0,0.2,0.2,0.2
0,0,0.2,0.2,0.2
0,0,0.2,0.2,0.1
0,0,0.2,0.2,0.2
0,0,0.2,0.1,0.2
0,0,0.1,0.2,0.2
0,0,0.1,0.2,0.2
0,0,0.2,0.2,0.1
0,0,0.2,0.2,0.2
0,0,0.2,0.3,0.2
0,0,0.2,0.2,0.2
0,0,0.2,0.3,0.2
0,0,0.2,0.2,0.2
0,0,0.2,0.2,0.1
0,0,0.2,0.2,0.2
0,0,0.2,0.1,0.2
0,0,0.3,0.3,0.3
0,0,0.2,0.3,0.3
0,0,0.2,0.2,0.2
0,0,0.2,0.1,0.2
0,0,0.2,0.2,0.2
0,0,0.1,0.2,0.2
0,0,0.2,0.1,0.2
0,0,0.2,0.2,0.2
0,0,0.2,0.2,0.2
0,0,0.2,0.1,0.2
0,0,0.2,0.2,0.2
0,0,0.2,0.1,0.2
0,0,0.2,0.2,0.2
0,0,0.2,0.2,0.2
0,0,0.2,0.1,0.2
0,0,0.2,0.2,0.2
0,0,0.2,0.2,0.2
0,0,0.2,0.2,0.2
0,0,0.2,0.2,0.3
0,0,0.2,0.2,0.2
0,0,0.2,0.2,0.2
0,0,0.2,0.1,0.2
0,0,0.3,0.5,0.2
0,0,0.2,0.2,0.2
0,0,0.1,0.2,0.2
0,0,0.3,0.2,0.3
0,0,0.2,0.2,0.2
0,0,0.2,0.2,0.2
0,0,0.2,0.2,0.2
0,0,0.2,0.2,0.2
0,0,0.2,0.2,0.1
0,0,0.3,0.2,0.2
0,0,0.2,0.2,0.2
0,0,0.2,0.2,0.2
0,0,0.2,0.2,0.2
0,0,0.2,0.2,0.2
0,0,0.2,0.2,0.2
0,0,0.2,0.2,0.2
0,0,0.2,0.2,0.2
0,0,0.2,0.2,0.2
0,0,0.2,0.2,0.2
0,0,0.2,0.2,0.2
0,0,0.2,0.2,0.2
0,0,0.2,0.1,0.2
0,0,0.2,0.2,0.1
0,0,0.2,0.2,0.2
0,0,0.2,0.2,0.2
0,0,0.2,0.1,0.2
0,0,0.2,0.2,0.2
0,0,0.2,0.1,0.2
0,0,0.3,0.2,0.2
0,0,0.3,0.3,0.2
0,0,0.2,0.2,0.3
0,0,0.2,0.1,0.2
0,0,0.2,0.2,0.2
0,0,0.2,0.2,0.2
0,0,0.2,0.1,0.2
0,0,0.2,0.2,0.2
0,0,0.2,0.1,0.1
0,0,0.2,0.2,0.2
0,0,0.2,0.2,0.1
0,0,0.4,0.4,0.3
0,0,0.2,0.2,0.2
0,0,0.2,0.2,0.1
0,0,0.1,0.2,0.2
0,0,0.2,0.2,0.1
0,0,0.2,0.1,0.2
0,0,0.2,0.2,0.2
0,0,0.2,0.2,0.1
0,0,0.1,0.2,0.2
0,0,0.2,0.2,0.2
0,0,0.2,0.1,0.2
0,0,0.2,0.1,0.1
0,0,0.2,0.2,0.2
0,0,0.2,0.2,0.2
0,0,0.2,0.3,0.2
0,0,0.2,0.3,0.3
0,0,0.2,0.5,0.3
0,0,0.3,0.5,0.3
0,0,0.2,0.2,0.2
0,0,0.2,0.2,0.2
0,0,0.2,0.2,0.2
0,0,0.2,0.2,0.2
0,0,0.2,0.2,0.2
0,0,0.2,0.2,0.1
0,0,0.2,0.2,0.1
0,0,0.2,0.2,0.2
0,0,0.2,0.2,0.2
0,0,0.2,0.2,0.2
0,0,0.2,0.2,0.2
0,0,0.2,0.2,0.2
0,0,0.2,0.2,0.2
0,0,0.2,0.2,0.1
0,0,0.2,0.2,0.2
0,0,0.2,0.2,0.2
0,0,0.2,0.2,0.1
0,0,0.2,0.2,0.2
0,0,0.2,0.2,0.2
0,0,0.2,0.2,0.2
0,0,0.3,0.4,0.4
0,0,0.2,0.2,0.2
0,0,0.2,0.2,0.2
0,0,0.2,0.2,0.2
0,0,0.2,0.2,0.2
0,0,0.2,0.2,0.2
0,0,0.2,0.1,0.2
0,0,0.2,0.2,0.2
0,0,0.2,0.2,0.2
0,0,0.4,0.4,0.4
0,0,0.2,0.2,0.2
0,0,0.2,0.2,0.1
0,0,0.2,0.1,0.1
0,0,0.2,0.2,0.2
0,0,0.2,0.1,0.2
0,0,0.2,0.2,0.2
0,0,0.2,0.2,0.2
0,0,0.2,0.2,0.3
0,0,0.2,0.2,0.2
0,0,0.3,0.2,0.2
0,0,0.2,0.2,0.2
0,0,0.2,0.2,0.2
0,0,0.2,0.1,0.2
0,0,0.1,0.2,0.2
0,0,0.2,0.2,0.2
0,0,0.2,0.2,0.1
0,0,0.2,0.2,0.2
0,0,0.2,0.2,0.2
0,0,0.1,0.2,0.2
0,0,0.2,0.2,0.2
0,0,0.2,0.3,0.2
0,0,0.2,0.2,0.1
0,0,0.2,0.1,0.2
0,0,0.2,0.2,0.1
0,0,0.2,0.2,0.2
0,0,0.2,0.2,0.2
0,0,0.2,0.2,0.2
0,0,0.2,0.2,0.2
0,0,0.2,0.1,0.1
0,0,0.2,0.2,0.1
0,0,0.2,0.2,0.2
0,0,0.2,0.2,0.2
0,0,0.2,0.2,0.1
0,0,0.1,0.2,0.2
0,0,0.2,0.2,0.2
0,0,0.2,0.1,0.1
0,0,0.2,0.1,0.2
0,0,0.2,0.2,0.2
0,0,0.2,0.2,0.2
0,0,0.1,0.2,0.2
0,0,0.2,0.2,0.1
0,0,0.2,0.2,0.2
0,0,0.2,0.2,0.2
0,0,0.2,0.2,0.2
0,0,0.2,0.2,0.2
0,0,0.2,0.2,0.2
0,0,0.2,0.2,0.1
0,0,0.2,0.2,0.2
0,0,0.2,0.3,0.2
0,0,0.2,0.2,0.2
0,0,0.2,0.2,0.1
0,0,0.2,0.2,0.2
0,0,0.2,0.2,0.2
0,0,0.2,0.2,0.2
0,0,0.1,0.2,0.2
0,0,0.2,0.1,0.1
0,0,0.2,0.2,0.2
0,0,0.2,0.2,0.2
0,0,0.2,0.2,0.2
0,0,0.2,0.2,0.2
0,0,0.2,0.2,0.2
0,0,0.1,0.2,0.2
0,0,0.2,0.2,0.2
0,0,0.2,0.2,0.2
0,0,0.2,0.2,0.2
0,0,0.2,0.2,0.2
0,0,0.2,0.2,0.2
0,0,0.2,0.2,0.1
0,0,0.2,0.2,0.2
0,0,0.2,0.2,0.2
0,0,0.2,0.2,0.1
0,0,0.3,0.3,0.3
0,0,0.2,0.2,0.2
0,0,0.2,0.2,0.2
0,0,0.2,0.2,0.2
0,0,0.2,0.1,0.1
0,0,0.3,0.4,0.2
0,0,0.2,0.1,0.1
0,0,0.2,0.2,0.2
0,0,0.2,0.3,0.3
0,0,0.3,0.3,0.2
0,0,0.1,0.2,0.2
0,0,0.2,0.3,0.2
0,0,0.2,0.2,0.2
0,0,0.3,0.4,0.2
0,0,0.2,0.2,0.2
0,0,0.2,0.2,0.2
0,0,0.1,0.2,0.2
0,0,0.2,0.2,0.2
0,0,0.2,0.2,0.2
0,0,0.2,0.2,0.2
0,0,0.2,0.2,0.2
0,0,0.2,0.2,0.2
0,0,0.2,0.1,0.2
0,0,0.2,0.2,0.2
0,0,0.2,0.2,0.2
0,0,0.3,0.2,0.2
0,0,0.2,0.3,0.2
0,0,0.2,0.2,0.2
0,0,0.3,0.4,0.2
0,0,0.3,0.3,0.2
0,0,0.2,0.2,0.2
0,0,0.6,0.5,0.4
0,0,0.2,0.2,0.2
0,0,0.2,0.2,0.2
0,0,0.2,0.2,0.2
0,0,0.2,0.2,0.2
0,0,0.2,0.2,0.2
0,0,0.2,0.2,0.2
0,0,0.2,0.2,0.2
0,0,0.2,0.2,0.2
0,0,0.2,0.2,0.2
0,0,0.2,0.2,0.2
0,0,0.2,0.2,0.2
0,0,0.2,0.2,0.2
0,0,0.2,0.1,0.1
0,0,0.2,0.2,0.2
0,0,0.2,0.2,0.2
0,0,0.2,0.1,0.2
0,0,0.2,0.1,0.2
0,0,0.2,0.1,0.2
0,0,0.1,0.2,0.2
0,0,0.2,0.2,0.2
0,0,0.2,0.2,0.1
0,0,0.2,0.2,0.2
0,0,0.2,0.2,0.1
0,0,0.1,0.2,0.2
0,0,0.2,0.2,0.2
0,0,0.2,0.2,0.2
0,0,0.2,0.2,0.1
0,0,0.2,0.2,0.2
0,0,0.2,0.2,0.2
0,0,0.2,0.2,0.2
0,0,0.2,0.2,0.2
0,0,0.2,0.2,0.2
0,0,0.2,0.2,0.2
0,0,0.2,0.3,0.2
0,0,0.2,0.2,0.1
0,0,0.2,0.2,0.2
0,0,0.2,0.2,0.2
0,0,0.2,0.2,0.2
0,0,0.2,0.2,0.2
0,0,0.2,0.2,0.2
0,0,0.2,0.2,0.2
0,0,0.1,0.2,0.2
0,0,0.2,0.2,0.2
0,0,0.2,0.2,0.1
0,0,0.2,0.2,0.2
0,0,0.2,0.2,0.2
0,0,0.2,0.2,0.2
0,0,0.2,0.2,0.2
0,0,0.2,0.2,0.2
0,0,0.2,0.2,0.2
0,0,0.2,0.2,0.1
0,0,0.2,0.2,0.1
0,0,0.2,0.2,0.2
0,0,0.2,0.2,0.2
0,0,0.2,0.2,0.1
0,0,0.2,0.2,0.2
0,0,0.2,0.2,0.2
0,0,0.2,0.2,0.1
0,0,0.2,0.2,0.2
0,0,0.2,0.2,0.2
0,0,0.2,0.2,0.2
0,0,0.2,0.2,0.2
0,0,0.1,0.2,0.2
0,0,0.2,0.2,0.2
0,0,0.2,0.2,0.1
0,0,0.2,0.2,0.2
0,0,0.2,0.2,0.2
0,0,0.2,0.2,0.2
0,0,0.2,0.1,0.2
0,0,0.2,0.2,0.2
0,0,0.2,0.2,0.1
0,0,0.2,0.2,0.2
0,0,0.2,0.2,0.2
0,0,0.2,0.2,0.2
0,0,0.2,0.1,0.2
0,0,0.2,0.2,0.1
0,0,0.2,0.2,0.2
0,0,0.2,0.2,0.2
0,0,0.1,0.2,0.2
0,0,0.2,0.2,0.2
0,0,0.2,0.1,0.2
0,0,0.2,0.2,0.2
0,0,0.2,0.2,0.2
0,0,0.2,0.2,0.2
0,0,0.2,0.2,0.2
0,0,0.2,0.1,0.2
0,0,0.2,0.2,0.2
0,0,0.2,0.2,0.1
0,0,0.2,0.2,0.1
0,0,0.2,0.1,0.1
0,0,0.2,0.2,0.2
0,0,0.2,0.2,0.2
0,0,0.1,0.3,0.2
0,0,0.2,0.2,0.2
0,0,0.2,0.2,0.1
0,0,0.2,0.2,0.2
0,0,0.2,0.1,0.1
0,0,0.2,0.2,0.2
0,0,0.2,0.2,0.2
0,0,0.2,0.2,0.2
0,0,0.2,0.2,0.2
0,0,0.2,0.3,0.3
0,0,0.2,0.2,0.2
0,0,0.2,0.3,0.2
0,0,0.2,0.3,0.3
0,0,0.3,0.4,0.3
0,0,0.2,0.2,0.2
0,0,0.2,0.3,0.2
0,0,0.2,0.2,0.2
0,0,0.2,0.1,0.1
0,0,0.2,0.2,0.2
0,0,0.2,0.1,0.2
0,0,0.2,0.2,0.2
0,0,0.2,0.2,0.2
0,0,0.2,0.2,0.2
0,0,0.2,0.2,0.2
0,0,0.2,0.2,0.2
0,0,0.2,0.2,0.2
0,0,0.2,0.1,0.2
0,0,0.2,0.3,0.2
0,0,0.2,0.1,0.2
0,0,0.2,0.2,0.2
0,0,0.2,0.1,0.2
0,0,0.2,0.2,0.2
0,0,0.2,0.2,0.2
0,0,0.2,0.2,0.2
0,0,0.3,0.2,0.2
0,0,0.2,0.1,0.2
0,0,0.2,0.2,0.2
0,0,0.3,0.2,0.2
0,0,0.1,0.2,0.2
0,0,0.2,0.2,0.3
0,0,0.2,0.2,0.2
0,0,0.2,0.3,0.2
0,0,0.2,0.3,0.2
0,0,0.2,0.2,0.2
0,0,0.2,0.2,0.2
0,0,0.2,0.1,0.2
0,0,0.2,0.1,0.2
0,0,0.2,0.1,0.2
0,0,0.2,0.2,0.2
0,0,0.2,0.2,0.1
0,0,0.2,0.2,0.2
0,0,0.2,0.2,0.2
0,0,0.2,0.2,0.2
0,0,1.1,1.1,1.1
0,0,0.1,0.2,0.2
0,0,0.2,0.3,0.2
0,0,0.2,0.2,0.2
0,0,0.2,0.2,0.2
0,0,0.2,0.2,0.2
0,0,0.2,0.2,0.2
0,0,0.2,0.2,0.2
0,0,0.2,0.3,0.2
0,0,0.2,0.2,0.2
0,0,0.2,0.2,0.2
0,0,0.2,0.2,0.1
0,0,0.2,0.2,0.2
0,0,0.2,0.2,0.2
0,0,0.2,0.2,0.2
0,0,0.2,0.1,0.2
0,0,0.2,0.2,0.2
0,0,0.2,0.2,0.2
0,0,0.2,0.2,0.2
0,0,0.2,0.3,0.1
0,0,0.2,0.3,0.1
0,0,0.2,0.2,0.2
0,0,0.2,0.2,0.2
0,0,0.2,0.2,0.2
0,0,0.2,0.2,0.2
0,0,0.2,0.2,0.3
0,0,0.2,0.2,0.2
0,0,0.2,0.1,0.2
0,0,0.2,0.2,0.2
0,0,0.2,0.1,0.2
0,0,0.2,0.2,0.2
0,0,0.2,0.1,0.2
0,0,0.2,0.2,0.2
0,0,0.2,0.1,0.1
0,0,0.2,0.2,0.3
0,0,0.2,0.2,0.3
0,0,0.2,0.2,0.2
0,0,0.2,0.3,0.2
0,0,0.2,0.2,0.2
0,0,0.2,0.2,0.2
0,0,0.2,0.4,0.2
0,0,0.2,0.3,0.2
0,0,0.2,0.2,0.2
0,0,0.2,0.1,0.2
0,0,0.2,0.2,0.2
0,0,0.2,0.2,0.2
0,0,0.2,0.2,0.2
0,0,0.2,0.2,0.2
0,0,0.2,0.2,0.1
0,0,0.4,0.4,0.4
0,0,0.2,0.2,0.2
0,0,0.2,0.3,0.2
0,0,0.2,0.1,0.2
0,0,0.2,0.2,0.1
0,0,0.2,0.2,0.2
0,0,0.2,0.2,0.2
0,0,0.2,0.2,0.2
0,0,0.2,0.2,0.2
0,0,0.3,0.4,0.4
0,0,0.2,0.2,0.2
0,0,0.2,0.2,0.2
0,0,0.2,0.2,0.1
0,0,0.2,0.2,0.2
0,0,0.2,0.3,0.2
0,0,0.2,0.1,0.1
0,0,0.2,0.2,0.2
0,0,0.2,0.2,0.2
0,0,0.2,0.2,0.2
0,0,0.2,0.3,0.2
0,0,0.2,0.2,0.2
0,0,0.2,0.2,0.2
0,0,0.2,0.2,0.2
0,0,0.2,0.1,0.2
0,0,0.2,0.2,0.1
0,0,0.2,0.2,0.2
0,0,0.2,0.2,0.2
0,0,0.2,0.2,0.2
0,0,0.2,0.2,0.2
0,0,0.2,0.2,0.2
0,0,0.2,0.2,0.2
0,0,0.2,0.2,0.1
0,0,0.2,0.2,0.2
0,0,0.2,0.2,0.1
0,0,0.2,0.2,0.2
0,0,0.2,0.2,0.2
0,0,0.2,0.2,0.2
0,0,0.2,0.2,0.2
0,0,0.2,0.3,0.3
0,0,0.2,0.3,0.3
0,0,0.2,0.3,0.2
0,0,0.5,0.5,0.4
0,0,0.2,0.2,0.1
0,0,0.2,0.2,0.2
0,0,0.2,0.2,0.2
0,0,0.2,0.2,0.1
0,0,0.2,0.4,0.1
0,0,0.2,0.2,0.2
0,0,0.2,0.2,0.2
0,0,0.2,0.2,0.2
0,0,0.2,0.2,0.1
0,0,0.2,0.2,0.2
0,0,0.1,0.2,0.2
0,0,0.2,0.2,0.2
0,0,0.2,0.2,0.2
0,0,0.1,0.2,0.2
0,0,0.2,0.2,0.1
0,0,0.1,0.2,0.2
0,0,0.2,0.2,0.2
0,0,0.2,0.2,0.2
0,0,0.2,0.2,0.2
0,0,0.2,0.2,0.2
0,0,0.3,0.2,0.2
0,0,0.2,0.2,0.2
0,0,0.2,0.2,0.2
0,0,0.2,0.2,0.2
0,0,0.2,0.1,0.1
0,0,0.2,0.1,0.1
0,0,0.2,0.2,0.2
0,0,0.2,0.2,0.2
0,0,0.2,0.4,0.2
0,0,0.2,0.6,0.2
0,0,0.2,0.3,0.2
0,0,0.2,0.2,0.2
0,0,0.2,0.2,0.2
0,0,0.2,0.2,0.2
0,0,0.2,0.1,0.2
0,0,0.2,0.3,0.2
0,0,0.2,0.3,0.2
0,0,0.1,0.2,0.2
0,0,0.2,0.1,0.2
0,0,0.2,0.2,0.2
0,0,0.2,0.2,0.2
0,0,0.2,0.2,0.2
0,0,0.2,0.2,0.2
0,0,0.2,0.2,0.2
0,0,0.2,0.2,0.2
0,0,0.2,0.3,0.3
0,0,0.2,0.2,0.2
0,0,0.2,0.3,0.2
0,0,0.2,0.2,0.1
0,0,0.2,0.1,0.2
0,0,0.2,0.2,0.2
0,0,0.2,0.2,0.1
0,0,0.2,0.2,0.2
0,0,0.2,0.2,0.2
0,0,0.2,0.3,0.1
0,0,0.2,0.2,0.2
0,0,0.2,0.2,0.2
0,0,0.2,0.2,0.2
0,0,0.2,0.2,0.2
0,0,0.2,0.2,0.2
0,0,0.2,0.2,0.2
0,0,0.2,0.2,0.2
0,0,0.2,0.2,0.1
0,0,0.2,0.2,0.2
0,0,0.2,0.2,0.2
0,0,0.2,0.2,0.2
0,0,0.2,0.2,0.2
0,0,0.2,0.2,0.2
0,0,1.2,0.5,1.2
0,0,0.2,0.2,0.2
0,0,0.2,0.2,0.2
0,0,0.2,1.8,0.3
0,0,0.2,0.2,0.2
0,0,0.4,0.4,0.4
0,0,0.2,0.1,0.1
0,0,0.2,0.2,0.2
0,0,0.2,0.2,0.2
0,0,0.2,0.2,0.2
0,0,0.2,0.3,0.2
0,0,0.1,0.2,0.2
0,0,0.3,0.4,0.4
0,0,0.2,0.2,0.2
0,0,0.2,0.2,0.2
0,0,0.2,0.1,0.2
0,0,0.2,0.2,0.2
0,0,0.2,0.2,0.2
0,0,0.2,0.2,0.2
0,0,0.2,0.2,0.2
0,0,0.2,0.2,0.1
0,0,0.2,0.2,0.2
0,0,0.2,0.2,0.2
0,0,0.2,0.2,0.2
0,0,0.2,0.1,0.2
0,0,0.2,0.2,0.2
0,0,0.2,0.2,0.2
0,0,0.2,0.2,0.1
0,0,0.2,0.2,0.2
0,0,0.1,0.2,0.2
0,0,0.2,0.2,0.1
0,0,0.2,0.2,0.2
0,0,0.2,0.2,0.2
0,0,0.3,0.2,0.2
0,0,0.2,0.2,0.2
0,0,0.2,0.2,0.2
0,0,0.2,0.1,0.1
0,0,0.2,0.1,0.2
0,0,0.3,0.3,0.3
0,0,0.2,0.3,0.3
0,0,0.2,0.2,0.2
0,0,0.2,0.4,0.3
0,0,0.1,0.2,0.2
0,0,0.2,0.2,0.2
0,0,0.2,0.1,0.2
0,0,0.2,0.2,0.2
0,0,0.2,0.2,0.2
0,0,0.2,0.2,0.2
0,0,0.2,0.2,0.2
0,0,0.1,0.2,0.2
0,0,0.2,0.2,0.2
0,0,0.2,0.3,0.2
0,0,0.2,0.2,0.1
0,0,0.2,0.2,0.2
0,0,0.2,0.2,0.2
0,0,0.2,0.2,0.2
0,0,0.2,0.1,0.1
0,0,0.2,0.2,0.2
0,0,0.2,0.2,0.2
0,0,0.2,0.2,0.2
0,0,0.2,0.2,0.2
0,0,0.2,0.1,0.2
0,0,0.2,0.1,0.1
0,0,0.2,0.2,0.2
0,0,0.2,0.2,0.2
0,0,0.2,0.1,0.2
0,0,0.1,0.2,0.2
0,0,0.2,0.2,0.2
0,0,0.2,0.2,0.2
0,0,0.2,0.2,0.2
0,0,0.2,0.2,0.2
0,0,0.2,0.2,0.2
0,0,0.2,0.1,0.2
0,0,0.2,0.2,0.2
0,0,0.2,0.2,0.2
0,0,0.2,0.2,0.3
0,0,0.2,0.2,0.2
0,0,0.2,0.2,0.2
0,0,0.2,0.2,0.2
0,0,0.2,0.1,0.1
0,0,0.2,0.1,0.1
0,0,0.2,0.1,0.2
0,0,0.2,0.2,0.2
0,0,0.2,0.2,0.1
0,0,0.2,0.1,0.1
0,0,0.2,0.2,0.2
0,0,0.2,0.2,0.2
0,0,0.2,0.2,0.2
0,0,0.2,0.2,0.2
0,0,0.2,0.1,0.2
0,0,0.2,0.3,0.2
0,0,0.2,0.2,0.1
0,0,0.2,0.2,0.2
0,0,0.2,0.2,0.1
0,0,0.2,0.2,0.2
0,0,0.1,0.2,0.2
0,0,0.1,0.2,0.2
0,0,0.2,0.2,0.2
0,0,0.2,0.2,0.2
0,0,0.2,0.2,0.2
0,0,0.2,0.2,0.2
0,0,0.2,0.2,0.2
0,0,0.2,0.2,0.2
0,0,0.2,0.1,0.2
0,0,0.2,0.2,0.2
0,0,0.3,0.2,0.2
0,0,0.2,0.2,0.2
0,0,0.2,0.2,0.1
0,0,0.2,0.1,0.1
0,0,0.2,0.2,0.1
0,0,0.2,0.2,0.2
0,0,0.2,0.2,0.2
0,0,0.1,0.2,0.2
0,0,0.2,0.2,0.1
0,0,0.2,0.2,0.2
0,0,0.2,0.2,0.2
0,0,0.2,0.2,0.2
0,0,0.1,0.2,0.2
0,0,0.2,0.2,0.2
0,0,0.2,0.1,0.2
0,0,0.2,0.2,0.2
0,0,0.2,0.2,0.2
0,0,0.2,0.2,0.1
0,0,0.2,0.3,0.2
0,0,0.2,0.2,0.2
0,0,0.2,0.1,0.1
0,0,0.2,0.2,0.2
0,0,0.2,0.2,0.1
0,0,0.2,0.2,0.2
0,0,0.2,0.2,0.2
0,0,0.2,0.2,0.1
0,0,0.1,0.2,0.2
0,0,0.2,1.5,0.2
0,0,0.2,0.2,0.2
0,0,0.1,0.2,0.2
0,0,0.2,0.2,0.2
0,0,0.2,0.2,0.2
0,0,0.1,0.2,0.2
0,0,0.2,0.2,0.2
0,0,0.2,0.2,0.1
0,0,0.2,0.2,0.2
0,0,0.2,0.2,0.2
0,0,0.2,0.2,0.2
0,0,0.2,0.2,0.2
0,0,0.2,0.2,0.2
0,0,0.1,0.2,0.2
0,0,0.2,0.2,0.2
0,0,0.2,0.2,0.1
0,0,0.2,0.2,0.2
0,0,0.2,0.2,0.2
0,0,0.2,0.2,0.2
0,0,0.2,0.2,0.2
0,0,0.2,0.2,0.2
0,0,0.2,0.2,0.2
0,0,0.2,0.2,0.2
0,0,0.2,0.2,0.2
0,0,0.2,0.2,0.2
0,0,0.2,0.2,0.2
0,0,0.2,0.2,0.2
0,0,0.2,0.1,0.1
0,0,0.2,0.2,0.2
0,0,0.2,0.2,0.2
0,0,0.3,0.3,1.9
0,0,0.2,0.2,0.2
0,0,0.2,0.2,0.2
0,0,0.2,0.1,0.1
0,0,0.2,0.2,0.2
0,0,0.2,0.2,0.2
0,0,0.2,0.2,0.2
0,0,0.2,0.2,0.2
0,0,0.2,0.1,0.1
0,0,0.2,0.2,0.2
0,0,0.2,0.3,0.2
0,0,0.2,0.2,0.1
0,0,0.2,0.2,0.2
0,0,0.2,0.2,0.2
0,0,0.2,0.2,0.2
0,0,0.2,0.1,0.2
0,0,0.2,0.2,0.2
0,0,0.2,0.2,0.2
0,0,0.2,0.2,0.2
0,0,0.2,0.1,0.2
0,0,0.2,0.2,0.2
0,0,0.2,0.2,0.2
0,0,0.2,0.2,0.2
