49.4,0.1,0.2,0.2,0.1
67.9,0.1,0.2,0.1,0.1
46.9,0.1,0.2,0.2,0.1
52.2,0.1,0.2,0.1,0.1
47.7,0.1,0.2,0.1,0.1
47.1,10.4,0.1,0.1,0.2
85.5,0.1,0.2,0.2,0.1
48.4,0.2,0.1,0.1,0.2
47.6,0.1,0.1,0.2,0.1
48.1,0.1,0.2,0.2,0.1
46.6,0.1,0.1,0.2,0.1
47.2,0.1,0.2,0.2,0.1
48.6,0.2,0.2,0.1,0.1
46.3,0.2,0.1,0.1,0.1
46.3,0.2,0.1,0.1,0.2
47.1,0.1,0.1,0.1,0.1
49.5,0.1,0.1,0.2,0.1
47.6,0.1,0.1,0.2,0.1
47.2,0.1,0.1,0.1,0.1
52.4,0.1,0.1,0.1,0.1
51.7,0.1,0.2,0.2,0.1
50.9,0.1,0.1,0.2,0.1
60.5,0.1,0.1,0.2,0.1
52.9,0.1,0.1,0.1,0.1
50.2,0.1,0.2,0.2,0.1
70.2,0.1,0.1,0.1,0.2
53.8,0.1,0.2,0.2,0.1
52.7,0.1,0.1,0.1,0.2
51.4,0.1,0.2,0.1,0.1
61.8,0.2,0.1,0.2,0.1
65.9,0.1,0.1,0.2,0.1
47.4,0.1,0.1,0.1,0.1
48.1,0.1,0.2,0.1,0.1
403.1,0.2,0.1,0.1,0.1
85.4,0.1,0.1,0.1,0.2
47.2,0.1,0.1,0.1,0.1
46.8,0.1,0.1,0.1,0.1
48,0.1,0.1,0.1,0.2
47.9,0.1,0.1,0.2,0.1
47,0.2,0.1,0.1,0.2
46.3,0.1,0.1,0.2,0.1
49.8,0.2,0.2,0.2,0.1
59.9,0.1,0.1,0.1,0.1
48.5,0.1,0.1,0.2,0.1
53,0.2,0.1,0.2,0.1
75.9,0.1,0.2,0.1,0.2
49.4,0.1,0.1,0.2,0.1
48.2,0.1,0.2,0.2,0.1
49,0.1,0.1,0.1,0.2
57.4,0.1,0.1,0.2,0.1
48.8,0.1,0.1,0.1,0.1
47.8,0.1,0.2,0.1,0.1
53.1,0.1,0.1,0.1,0.1
89.1,0.2,0.1,0.1,0.1
48.4,0.1,0.1,0.1,0.2
46.1,0.2,0.1,0.1,0.1
100,0.1,0.1,0.1,0.2
53.5,0.1,0.1,0.2,0.1
47.2,0.1,0.1,0.1,0.2
51.4,0.1,0.2,0.1,0.1
53,0.1,0.1,0.1,0.2
58.9,0.1,0.2,0.1,0.1
47.6,0.1,0.1,0.2,0.1
84,0.1,0.1,0.1,0.1
49.5,0.1,0.1,0.1,0.2
52.9,0.1,0.1,0.1,0.2
49.3,0.1,0.1,0.1,0.1
50.2,0.1,0.1,0.2,0.1
92.6,0.1,0.1,0.1,0.1
53.1,0.1,0.1,0.1,0.1
54.7,0.2,0.1,0.1,0.1
75,0.1,0.1,0.1,0.1
351.1,0.1,0.2,0.1,0.1
54.7,0.1,0.1,0.2,0.2
60,0.1,0.2,0.2,0.1
51.1,0.1,0.1,0.1,0.1
50.8,0.1,0.2,0.1,0.1
72.8,0.2,0.2,0.3,0.2
61.8,0.1,0.2,0.1,0.1
63.9,0.2,0.1,0.2,0.1
49.8,0.2,0.1,0.1,0.1
68.1,0.1,0.1,0.1,0.2
103.4,0.1,0.1,0.2,0.1
73.6,0.1,0.2,0.2,0.1
60.8,0.1,0.1,0.1,0.2
47.7,0.1,0.1,0.2,0.1
46.9,0.1,0.2,0.2,0.1
47.6,0.1,0.1,0.1,0.1
101.6,0.1,0.1,0.1,0.1
47.4,0.1,0.2,0.2,0.1
47.6,0.2,0.2,0.1,0.1
48.8,0.2,0.1,0.1,0.1
49.4,0.1,0.2,0.1,0.1
46.3,0.1,0.1,0.1,0.1
46.9,0.2,0.1,0.1,0.1
47.6,0.1,0.1,0.2,0.1
48.7,0.1,0.1,0.1,0.1
46.4,0.1,0.1,0.2,0.1
46.7,0.1,0.2,0.1,0.1
118.6,0.1,0.1,0.1,0.1
59,0.3,0.3,0.2,0.3
91.4,0.1,0.2,0.2,0.1
71.7,0.1,0.1,0.1,0.2
51.7,0.1,0.2,0.2,0.1
63.1,0.1,0.1,0.1,0.2
68.1,0.1,0.2,0.2,0.1
57.8,0.1,0.2,0.2,0.1
51.5,0.1,0.1,0.1,0.1
49.2,0.2,0.1,0.1,0.2
75.1,0.1,0.1,0.1,0.1
52.8,0.1,0.2,0.1,0.1
50.9,0.1,0.2,0.2,0.1
72.7,0.1,0.2,0.1,0.1
49.3,0.1,0.2,0.2,0.1
60.2,0.1,0.1,0.2,0.1
49.8,0.1,0.2,0.2,0.1
81.8,0.1,0.1,0.1,0.2
70.4,0.2,0.1,0.1,0.1
62.9,0.2,0.1,0.1,0.2
49.3,0.1,0.1,0.1,0.1
91,0.1,0.1,0.1,0.2
73.6,0.1,0.2,0.2,0.1
49.4,0.1,0.1,0.1,0.1
54.7,0.1,0.1,0.1,0.1
51.1,0.1,0.2,0.2,0.1
49.6,0.1,0.1,0.1,0.1
78.8,0.1,0.1,0.1,0.1
319.3,0.1,0.1,0.1,0.2
85.8,0.2,0.1,0.1,0.1
59.8,0.1,0.1,0.2,0.1
48.9,0.1,0.1,0.2,0.1
69.1,0.2,0.1,0.1,0.1
50.1,0.2,0.1,0.1,0.2
50.5,0.1,0.2,0.1,0.1
79,0.2,0.1,0.1,0.1
95.4,0.1,0.1,0.1,0.1
89.1,0.1,0.2,0.2,0.1
62.8,0.1,0.2,0.2,0.1
53.3,0.2,0.2,0.1,0.1
50.2,0.1,0.1,0.1,0.1
49.1,0.1,0.1,0.2,0.1
49,0.1,0.2,0.2,0.1
54.5,0.1,0.1,0.2,0.1
75.8,0.1,0.1,0.1,0.1
54.8,0.1,0.1,0.1,0.1
49.6,0.1,0.1,0.2,0.1
80.6,0.2,0.1,0.1,0.2
60,0.2,0.1,0.1,0.1
51.4,0.2,0.2,0.2,0.1
52.1,0.2,0.1,0.1,0.1
49.7,0.1,0.1,0.1,0.1
51.1,0.1,0.1,0.2,0.1
70.1,0.1,0.1,0.2,0.1
82.8,0.1,0.1,0.1,0.1
52.9,0.1,0.1,0.1,0.1
51.4,0.2,0.2,0.2,0.1
50.6,0.2,0.1,0.1,0.2
50.6,0.2,0.2,0.1,0.1
50.6,0.1,0.1,0.2,0.1
88.4,0.1,0.1,0.1,0.2
66.7,0.2,0.1,0.1,0.1
54,0.1,0.1,0.1,0.2
70.3,0.2,0.1,0.1,0.1
49.1,0.1,0.1,0.1,0.2
54.2,0.2,0.1,0.1,0.1
51.5,0.1,0.1,0.1,0.1
55,0.1,0.1,0.2,0.1
49.7,0.1,0.2,0.2,0.1
51.2,0.2,0.2,0.2,0.2
51.3,0.1,0.2,0.2,0.1
49.8,0.1,0.2,0.1,0.1
79.4,0.1,0.1,0.1,0.1
69.6,0.1,0.1,0.1,0.1
59.3,0.2,0.1,0.1,0.2
49.4,0.1,0.2,0.2,0.1
49.9,0.1,0.1,0.1,0.1
81.6,0.1,0.1,0.1,0.2
50,0.2,0.1,0.1,0.2
49.4,0.1,0.1,0.2,0.1
371.4,0.2,0.1,0.1,0.1
50.7,0.2,0.1,0.1,0.1
49.4,0.2,0.2,0.1,0.1
79.2,0.1,0.2,0.2,0.1
61.2,0.3,0.2,0.2,0.2
50.3,0.2,0.2,0.2,0.1
49.5,0.1,0.2,0.1,0.1
49.3,0.1,0.1,0.1,0.2
79.3,0.1,0.2,0.1,0.1
59.3,0.1,0.1,0.1,0.2
54.6,0.1,0.1,0.1,0.2
49.6,0.2,0.1,0.1,0.1
50.6,0.1,0.1,0.1,0.1
50.5,0.1,0.1,0.1,0.1
49.3,0.1,0.1,0.1,0.1
52.8,0.1,0.2,0.2,0.1
69.3,0.1,0.1,0.2,0.1
59.3,0.2,0.1,0.1,0.1
49.7,0.1,0.1,0.2,0.1
55,0.1,0.1,0.2,0.1
51.3,0.1,0.2,0.1,0.1
46.4,0.1,0.1,0.2,0.1
47,0.1,0.1,0.2,0.1
81.6,0.1,0.1,0.1,0.1
47.1,0.2,0.2,0.1,0.1
46.1,0.1,0.1,0.1,0.1
52.3,0.2,0.1,0.2,0.1
47.3,0.1,0.1,0.2,0.1
78.8,0.1,0.2,0.1,0.1
51.2,0.2,0.1,0.1,0.1
46.1,0.1,0.1,0.1,0.2
52.8,0.1,0.2,0.2,0.1
58.1,0.1,0.1,0.2,0.1
47.2,0.1,0.1,0.2,0.1
47,0.1,0.1,0.1,0.1
47,0.2,0.1,0.1,0.1
53.9,0.2,0.1,0.1,0.2
48.4,0.1,0.1,0.2,0.1
47.2,0.1,0.2,0.2,0.1
53.6,0.1,0.1,0.1,0.2
50.2,0.1,0.2,0.1,0.1
48.3,0.2,0.1,0.2,0.1
47.7,0.1,0.2,0.1,0.1
48.7,0.1,0.2,0.2,0.2
47.4,0.1,0.1,0.2,0.1
47.4,0.1,0.1,0.1,0.2
47.7,0.1,0.2,0.1,0.1
48.6,0.1,0.1,0.1,0.1
65.2,0.1,0.1,0.2,0.1
50.6,0.1,0.1,0.2,0.1
46.5,0.1,0.1,0.1,0.1
47.7,0.1,0.1,0.2,0.1
47,0.1,0.2,0.2,0.1
46.9,0.2,0.1,0.1,0.1
46,0.1,0.2,0.1,0.1
52.3,0.2,0.1,0.1,0.2
47.9,0.1,0.2,0.1,0.1
46.6,0.1,0.1,0.1,0.1
77.2,0.1,0.2,0.2,0.1
47.8,0.1,0.1,0.1,0.2
47.6,0.1,0.1,0.2,0.1
54.3,0.1,0.2,0.2,0.1
46.3,0.1,0.1,0.1,0.1
47.5,0.1,0.1,0.2,0.1
51.9,0.1,0.1,0.1,0.1
47.3,0.1,0.2,0.2,0.1
46,0.1,0.1,0.1,0.1
49.5,0.1,0.1,0.2,0.1
47.8,0.1,0.1,0.1,0.2
51.9,0.1,0.2,0.2,0.1
48.5,0.1,0.1,0.2,0.1
48.1,0.1,0.2,0.2,0.1
57.5,0.2,0.1,0.2,0.1
47.9,0.2,0.1,0.1,0.1
64.2,0.1,0.2,0.2,0.1
49,0.1,0.2,0.2,0.1
52.6,0.1,0.1,0.1,0.2
240.4,0.1,0.2,0.1,0.1
234.3,0.1,0.2,0.2,0.1
267.4,0.1,0.2,0.2,0.1
93.5,0.1,0.1,0.2,0.1
248.1,0.1,0.1,0.1,0.1
229.6,0.2,0.2,0.3,0.1
261.2,0.1,0.2,0.1,0.2
834.4,0.1,0.1,0.2,0.1
1395,0.3,0.3,0.4,0.4
723.4,0.2,0.1,0.2,0.2
290,0.2,0.1,0.2,0.2
436.3,0.1,0.2,0.3,0.3
60,0.1,0.1,0.2,0.1
66.6,0.2,0.1,0.1,0.1
63.1,0.1,0.1,0.1,0.1
52.5,1.1,1,1.1,1.1
47.1,0.2,0.2,0.2,0.1
46.1,0.1,0.2,0.2,0.1
47.9,0.1,0.1,0.2,0.1
50.2,0.1,0.1,0.1,0.2
50.4,0.1,0.1,0.1,0.1
107.5,0.2,0.2,0.2,0.1
53.5,0.2,0.2,0.2,0.1
50.7,0.1,0.2,0.2,0.1
49.3,0.1,0.2,0.2,0.1
55.3,0.1,0.2,0.1,0.2
50.8,0.1,0.1,0.1,0.2
50.3,0.2,0.2,0.2,0.2
47.5,0.2,0.2,0.2,0.1
51.1,0.1,0.1,0.1,0.2
46.5,0.1,0.1,0.2,0.1
50.1,0.3,0.2,0.2,0.2
50.5,0.1,0.1,0.1,0.2
55.1,0.2,0.1,0.1,0.1
47.8,0.1,0.2,0.1,0.1
87.3,0.2,0.1,0.2,0.1
237,0.1,0.2,0.2,0.1
47.4,0.1,0.2,0.2,0.1
69.8,0.2,0.1,0.2,0.1
47.1,0.1,0.1,0.1,0.1
49.3,0.1,0.2,0.2,0.1
91.2,1.1,1.1,1,1.1
50.3,0.1,0.1,0.1,0.1
50.7,0.2,0.2,0.2,0.1
61.8,0.1,0.1,0.1,0.1
49.8,0.1,0.1,0.2,0.1
55,0.1,0.2,0.2,0.1
61.2,0.2,0.2,0.2,0.1
47.7,0.2,0.2,0.2,0.1
46.3,0.1,0.1,0.1,0.1
48.1,0.1,0.1,0.1,0.2
46.5,0.1,0.2,0.2,0.2
84,0.1,0.1,0.1,0.1
49.7,0.1,0.2,0.2,0.1
52,0.2,0.1,0.1,0.2
174.3,0.3,0.4,0.4,0.5
45.8,0.4,0.4,0.3,0.3
63,0.2,0.2,0.1,0.1
65.1,0.2,0.2,0.3,0.2
46,0.1,0.1,0.2,0.1
67.3,0.1,0.1,0.2,0.1
47.4,0.2,0.1,0.1,0.2
55.6,0.1,0.2,0.2,0.1
45.4,0.1,0.2,0.2,0.1
46.1,0.1,0.2,0.1,0.1
99.4,0.1,0.1,0.1,0.1
67.2,0.1,0.2,0.1,0.1
60.1,0.1,0.1,0.1,0.2
47.4,0.2,0.2,0.1,0.1
50.4,0.1,0.1,0.1,0.1
65.3,0.1,0.1,0.1,0.2
71.2,0.1,0.1,0.2,0.1
67.4,0.1,0.1,0.2,0.1
72,0.2,0.1,0.1,0.1
77.4,0.1,0.1,0.2,0.1
46.2,0.1,0.1,0.1,0.1
67.4,0.1,0.2,0.1,0.1
48.5,0.1,0.1,0.2,0.1
85.7,0.1,0.1,0.2,0.1
54.6,0.2,0.2,0.1,0.1
45,0.2,0.1,0.1,0.1
47.9,0.1,0.2,0.1,0.1
51.4,0.1,0.1,0.1,0.1
45.3,0.1,0.1,0.1,0.2
45.1,0.1,0.1,0.1,0.2
74.4,0.2,0.2,0.2,0.1
66.5,0.1,0.2,0.2,0.1
47.1,0.1,0.2,0.1,0.1
56.2,0.1,0.2,0.2,0.1
69.9,0.1,0.2,0.2,0.1
50.9,0.2,0.2,0.1,0.1
46.2,0.1,0.1,0.1,0.2
46.3,0.1,0.1,0.2,0.1
214.4,0.1,0.1,0.1,0.2
68.6,0.2,0.1,0.1,0.1
64.2,0.1,0.1,0.2,0.1
47.5,0.1,0.2,0.1,0.1
97.4,0.1,0.1,0.1,0.1
47.8,0.1,0.2,0.2,0.2
47.6,0.1,0.2,0.1,0.1
47.8,0.1,0.1,0.2,0.1
52.4,0.1,0.2,0.2,0.2
71,0.1,0.1,0.1,0.2
53.8,0.2,0.1,0.1,0.1
87,0.1,0.2,0.2,0.1
79.8,0.2,0.1,0.1,0.2
70.3,0.1,0.1,0.1,0.1
62.6,0.1,0.1,0.1,0.2
63.8,0.1,0.2,0.2,0.2
48.8,0.1,0.1,0.2,0.1
49.2,0.2,0.2,0.2,0.1
48.2,0.1,0.1,0.2,0.1
49.3,0.1,0.2,0.1,0.1
65.6,0.1,0.2,0.2,0.1
50,0.2,0.2,0.2,0.1
64.9,0.1,0.1,0.1,0.1
49.3,0.1,0.1,0.1,0.1
46.3,0.1,0.2,0.2,0.1
45.7,0.1,0.1,0.2,0.1
50.3,0.3,0.2,0.2,0.2
49.8,0.1,0.1,0.1,0.2
46.2,0.2,0.1,0.1,0.2
64.2,0.1,0.1,0.1,0.2
48.9,0.2,0.1,0.2,0.1
64.1,0.1,0.1,0.1,0.1
55.4,0.1,0.1,0.1,0.1
45.9,0.1,0.1,0.2,0.1
48.1,0.1,0.1,0.1,0.1
46.5,0.1,0.1,0.1,0.1
45.5,0.1,0.2,0.2,0.1
70.4,0.2,0.1,0.2,0.1
79.7,0.2,0.1,0.1,0.2
65.9,0.2,0.1,0.1,0.2
46.2,0.1,0.2,0.2,0.1
90,0.1,0.2,0.2,0.1
47.2,0.1,0.2,0.2,0.1
46.2,0.1,0.1,0.1,0.1
47.1,0.2,0.1,0.2,0.1
64.5,0.1,0.2,0.1,0.1
82.4,0.1,0.1,0.1,0.1
52,0.1,0.1,0.2,0.1
49.8,0.2,0.1,0.2,0.1
66.7,0.2,0.1,0.1,0.2
55.5,0.1,0.2,0.2,0.1
56,0.2,0.1,0.2,0.1
96.8,0.1,0.2,0.1,0.1
378.5,0.1,0.2,0.1,0.1
98.9,0.1,0.1,0.2,0.2
57,0.1,0.2,0.2,0.1
59.3,0.1,0.2,0.2,0.2
49.5,0.1,0.1,0.1,0.2
71.6,0.2,0.1,0.1,0.1
68.1,0.1,0.2,0.3,0.1
57.8,0.2,0.1,0.1,0.2
55.5,0.1,0.2,0.2,0.1
51.8,0.2,0.1,0.2,0.1
58.1,0.1,0.1,0.1,0.2
46.2,0.1,0.2,0.2,0.1
44.9,0.1,0.1,0.1,0.2
45.1,0.1,0.1,0.1,0.1
68.6,0.1,0.2,0.2,0.1
64.2,0.1,0.1,0.1,0.2
50.9,0.1,0.2,0.1,0.1
46.6,0.1,0.1,0.1,0.1
60.8,0.2,0.1,0.2,0.1
46.5,0.1,0.2,0.1,0.2
69.2,0.1,0.1,0.1,0.2
59,0.1,0.2,0.2,0.1
53,0.1,0.2,0.2,0.1
55.3,0.1,0.1,0.2,0.1
45.1,0.1,0.2,0.2,0.1
64.5,0.1,0.2,0.1,0.1
45.3,0.1,0.1,0.1,0.1
47.1,0.1,0.1,0.1,0.2
44.9,0.1,0.1,0.2,0.1
62.9,0.2,0.1,0.1,0.1
50.6,0.1,0.1,0.1,0.1
65.9,0.1,0.1,0.1,0.1
67.2,0.1,0.1,0.2,0.1
59,0.1,0.1,0.2,0.1
71,0.1,0.1,0.1,0.1
48.5,0.1,0.1,0.1,0.2
46.1,0.1,0.2,0.2,0.1
49.8,0.1,0.2,0.2,0.1
64.9,0.1,0.1,0.1,0.2
59.7,0.1,0.1,0.2,0.1
45.9,0.2,0.1,0.1,0.2
219.2,0.1,0.2,0.2,0.1
65.8,0.1,0.1,0.2,0.1
45.1,0.1,0.2,0.2,0.1
46.8,0.1,0.1,0.1,0.2
48.3,0.1,0.2,0.2,0.1
70.9,0.1,0.1,0.2,0.1
45.3,0.2,0.1,0.1,0.1
58.3,0.1,0.1,0.1,0.1
48.5,0.2,0.1,0.1,0.1
61.4,0.2,0.1,0.1,0.1
45.3,0.1,0.1,0.2,0.1
46,0.1,0.1,0.2,0.1
67.2,0.1,0.2,0.2,0.2
56.5,0.1,0.1,0.2,0.1
65.1,0.1,0.1,0.1,0.2
49.4,0.2,0.1,0.2,0.1
47.1,0.3,0.3,0.2,0.2
67.1,0.1,0.1,0.1,0.1
46,0.1,0.2,0.1,0.1
51.1,0.2,0.2,0.2,0.2
45,0.1,0.2,0.2,0.1
43.2,0.1,0.1,0.1,0.1
41.9,0.1,0.1,0.2,0.1
56.1,0.2,0.1,0.1,0.1
65.6,0.2,0.2,0.1,0.1
54.4,0.1,0.1,0.1,0.1
45.2,0.1,0.1,0.1,0.1
70.4,0.1,0.1,0.1,0.1
55.6,0.2,0.1,0.1,0.1
59,0.1,0.2,0.2,0.1
46.3,0.1,0.1,0.1,0.1
46.4,0.1,0.1,0.1,0.2
62,0.1,0.1,0.1,0.2
63.7,0.1,0.1,0.1,0.2
46.6,0.2,0.1,0.1,0.1
45.5,0.1,0.1,0.1,0.1
69.6,0.1,0.1,0.1,0.1
75,0.1,0.2,0.2,0.1
44.6,0.1,0.1,0.2,0.1
45.2,0.1,0.1,0.1,0.1
90.9,0.3,0.2,0.2,0.3
61.9,0.1,0.1,0.1,0.1
58.2,0.1,0.2,0.2,0.2
46.3,0.1,0.1,0.1,0.2
56.5,0.2,0.1,0.2,0.1
87.6,0.1,0.1,0.1,0.1
65.2,0.1,0.2,0.2,0.1
84.5,0.2,0.1,0.1,0.2
58.4,0.1,0.1,0.2,0.1
48,0.1,0.2,0.1,0.1
77.1,0.1,0.2,0.1,0.1
61.6,0.1,0.2,0.2,0.1
66.4,0.1,0.1,0.2,0.1
47.8,0.1,0.2,0.2,0.1
251.7,0.1,0.2,0.2,0.1
49.4,0.1,0.2,0.2,0.1
47.1,0.1,0.1,0.1,0.1
47.6,0.1,0.1,0.1,0.2
53,0.1,0.1,0.2,0.1
49.1,0.1,0.1,0.2,0.1
46.7,0.2,0.1,0.1,0.2
60,0.2,0.1,0.1,0.1
65.5,0.2,0.1,0.1,0.1
58.9,0.2,0.1,0.1,0.1
44.9,0.1,0.2,0.1,0.1
127.5,0.1,0.2,0.2,0.1
72.5,0.2,0.2,0.1,0.1
55,0.1,0.2,0.1,0.1
74.6,0.1,0.1,0.1,0.1
54.2,0.1,0.2,0.2,0.1
216,0.1,0.1,0.2,0.1
48.4,0.1,0.2,0.3,0.2
48.7,0.2,0.1,0.4,0.1
57.2,0.1,0.2,0.2,0.1
52.4,0.1,0.1,0.1,0.1
51.1,0.1,0.1,0.1,0.1
51.3,0.1,0.1,0.1,0.1
48.5,0.1,0.2,0.1,0.1
91.7,0.3,0.2,0.3,0.3
56.9,0.1,0.1,0.1,0.1
52.9,0.1,0.1,0.2,0.1
186.1,0.1,0.2,0.2,0.1
60.8,0.1,0.2,0.2,0.1
87.2,0.3,0.2,0.3,0.3
50.9,0.2,0.1,0.2,0.1
56.5,0.1,0.1,0.2,0.2
185.1,0.3,0.2,0.4,0.2
47.7,0.2,0.1,0.1,0.1
86.3,0.1,0.2,0.2,0.1
57.2,0.1,0.1,0.1,0.1
75.9,0.2,0.1,0.1,0.1
55.3,0.2,0.1,0.1,0.1
56.6,0.1,0.1,0.3,0.1
48.7,0.1,0.2,0.2,0.2
46.1,0.1,0.1,0.1,0.2
45.2,0.1,0.1,0.2,0.1
47.2,0.1,0.2,0.2,0.1
52.4,0.1,0.1,0.2,0.1
51.7,0.1,0.1,0.1,0.1
50.5,0.2,0.1,0.2,0.2
234.2,0.2,0.1,0.2,0.1
48.9,0.1,0.2,0.3,0.2
51.2,0.1,0.1,0.2,0.2
77.8,0.1,0.2,0.2,0.1
54.4,0.1,0.2,0.2,0.1
70.3,0.1,0.1,0.1,0.1
56.9,0.2,0.2,0.2,0.1
52.9,0.4,0.3,0.4,0.3
48,0.1,0.2,0.2,0.1
46.3,0.1,0.1,0.1,0.2
46.4,0.1,0.1,0.1,0.2
57.3,0.2,0.2,0.2,0.2
51.3,0.2,0.2,0.2,0.1
82.4,0.1,0.2,0.1,0.1
77.6,0.2,0.2,0.2,0.3
46.2,0.1,0.1,0.1,0.1
60.5,0.1,0.1,0.1,0.1
71.6,0.1,0.1,0.1,0.2
70.3,0.2,0.2,0.2,0.2
92.1,0.3,0.2,0.4,0.2
78.9,0.2,0.1,0.1,0.2
49.5,0.2,0.2,0.1,0.2
53.8,0.1,0.1,0.1,0.1
65.6,0.2,0.2,0.2,0.1
55.1,1.2,1.1,1.1,1
49.8,0.1,0.2,0.1,0.1
312.7,0.2,0.1,0.1,0.2
81.1,0.1,0.1,0.1,0.1
80.7,0.2,0.1,0.1,0.2
72.7,0.2,0.1,0.1,0.1
52.2,0.1,0.2,0.2,0.1
47,0.1,0.2,0.1,0.1
45.2,0.1,0.1,0.1,0.2
69,0.1,0.3,0.1,0.1
48,0.1,0.2,0.1,0.1
48.3,0.1,0.1,0.1,0.1
82.5,0.2,0.2,0.2,0.2
73,0.2,0.2,0.2,0.1
48.1,0.1,0.1,0.1,0.1
255.2,0.1,0.2,0.1,0.1
66.5,0.2,0.7,0.4,0.9
68.4,0.1,0.1,0.1,0.1
56.8,0.1,0.1,0.1,0.2
61.2,0.1,0.2,0.2,0.1
69.4,0.2,0.2,0.1,0.2
47,0.1,0.1,0.1,0.1
81.8,0.1,0.1,0.1,0.1
51.6,0.1,0.2,0.2,0.1
56,0.1,0.1,0.2,0.1
210.9,0.1,0.2,0.1,0.1
51.7,0.3,1.1,1.1,1
56.1,0.1,0.2,0.2,0.1
54.5,0.2,0.1,0.1,0.2
59.3,0.1,0.2,0.2,0.1
68.9,0.1,0.1,0.1,0.2
54.5,0.1,0.1,0.2,0.2
65.2,0.2,0.1,0.1,0.1
47.1,0.1,0.2,0.1,0.1
56.7,0.1,0.2,0.2,0.1
79.9,0.1,0.1,0.1,0.1
55,0.2,0.1,0.1,0.2
54,0.1,0.1,0.1,0.2
51.1,0.1,0.1,0.1,0.1
66.8,0.1,0.1,0.1,0.2
49.4,0.1,0.2,0.2,0.1
48.7,0.2,0.1,0.1,0.1
47.8,0.1,0.2,0.2,0.1
48.9,0.1,0.2,0.2,0.1
54.3,0.1,0.2,0.2,0.1
129.1,0.2,0.2,0.2,0.1
51.3,0.3,0.2,0.2,0.2
86.4,0.1,0.2,0.1,0.1
71.4,0.1,0.2,0.2,0.1
79.5,0.2,0.2,0.2,0.1
65.1,0.1,0.2,0.2,0.1
78.7,0.1,0.2,0.1,0.1
54.1,0.3,0.3,0.3,0.3
77.9,0.1,0.2,0.2,0.1
47,0.1,0.1,0.1,0.1
46.6,0.2,0.1,0.1,0.1
54.7,0.1,0.1,0.2,0.1
63.8,0.1,0.1,0.2,0.1
100,0.1,0.2,0.2,0.1
72.8,0.2,0.1,0.1,0.1
118.6,0.1,0.2,0.1,0.1
47.3,0.1,0.1,0.1,0.1
46.2,0.1,0.1,0.2,0.1
65.3,0.2,0.1,0.1,0.1
55.9,0.1,0.1,0.1,0.1
46.9,0.1,0.1,0.2,0.1
45.5,0.1,0.2,0.1,0.1
45.5,0.1,0.1,0.1,0.2
46.7,0.2,0.1,0.1,0.2
47,0.1,0.1,0.1,0.2
47,0.1,0.2,0.2,0.1
45.8,0.1,0.1,0.2,0.1
47.2,0.1,0.1,0.1,0.2
64.4,0.2,0.2,0.1,0.1
45.7,0.1,0.1,0.2,0.1
53.1,0.1,0.1,0.1,0.1
67.9,0.1,0.2,0.1,0.1
62.8,0.1,0.1,0.1,0.2
47.4,0.2,0.1,0.2,0.1
53.6,0.1,0.1,0.1,0.1
66.8,0.1,0.2,0.1,0.1
55.5,0.1,0.1,0.2,0.1
50.1,0.2,0.1,0.1,0.1
74.9,0.2,0.2,0.2,0.1
72,0.1,0.1,0.2,0.1
65.6,0.1,0.2,0.2,0.1
46.6,0.1,0.1,0.1,0.1
66.6,0.2,0.1,0.1,0.1
67.8,0.2,0.1,0.1,0.2
55.7,0.1,0.2,0.1,0.1
82.9,0.1,0.1,0.1,0.1
65.3,0.1,0.1,0.1,0.2
44,0.1,0.1,0.2,0.1
42.7,0.2,0.1,0.1,0.2
93.6,0.1,0.1,0.2,0.1
49.5,0.1,0.1,0.1,0.2
44.7,0.1,0.2,0.1,0.1
43.3,0.1,0.1,0.1,0.1
43.5,0.1,0.1,0.2,0.1
65,0.2,0.2,0.2,0.1
78.3,0.1,0.2,0.2,0.1
55.6,0.1,0.1,0.2,0.1
228.5,0.2,0.2,0.2,0.1
67.4,0.1,0.1,0.2,0.1
46.5,0.2,0.1,0.1,0.2
52.4,0.1,0.1,0.1,0.2
180,0.1,0.1,0.1,0.1
67.3,0.1,0.2,0.1,0.1
45.6,0.1,0.1,0.2,0.1
48.4,0.1,0.1,0.2,0.1
48.1,0.1,0.2,0.1,0.1
47.5,0.1,0.1,0.2,0.1
45.6,0.1,0.1,0.2,0.1
46.2,0.1,0.1,0.2,0.1
46.9,0.1,0.2,0.1,0.1
47.5,0.1,0.1,0.2,0.1
45.3,0.1,0.1,0.2,0.1
45.5,0.2,0.1,0.1,0.1
128.7,0.1,0.2,0.2,0.1
48.7,0.1,0.2,0.1,0.1
46.9,0.1,0.1,0.2,0.1
45.4,0.1,0.1,0.1,0.1
66,0.1,0.1,0.1,0.1
66.2,0.1,0.1,0.2,0.1
46.9,0.2,0.1,0.1,0.1
45.7,0.2,0.1,0.1,0.1
59.9,0.1,0.2,0.2,0.1
64.5,0.1,0.1,0.1,0.1
45.7,0.1,0.2,0.2,0.1
52.6,0.1,0.1,0.1,0.2
45.8,0.2,0.1,0.1,0.1
66,0.1,0.2,0.2,0.1
55.7,0.1,0.2,0.2,0.1
46.1,0.1,0.2,0.2,0.1
64.1,0.1,0.2,0.2,0.1
46.2,0.1,0.2,0.2,0.1
65.2,0.1,0.2,0.1,0.1
55.7,0.1,0.2,0.2,0.1
60.3,0.1,0.1,0.1,0.1
44.5,0.1,0.1,0.2,0.1
42.4,0.1,0.1,0.2,0.1
42.5,0.1,0.1,0.1,0.1
49.2,0.1,0.1,0.1,0.2
44.1,0.1,0.2,0.2,0.2
63.6,0.2,0.1,0.1,0.1
45.4,0.1,0.1,0.1,0.1
69.4,0.1,0.1,0.2,0.1
55.6,0.1,0.2,0.1,0.1
45.5,0.1,0.1,0.1,0.1
45.5,0.1,0.1,0.2,0.1
48.5,0.1,0.1,0.1,0.1
66.2,0.2,0.1,0.2,0.1
45.5,0.1,0.2,0.2,0.1
45.2,0.1,0.2,0.1,0.1
67.8,0.2,0.1,0.1,0.2
67.7,0.1,0.2,0.1,0.2
63.2,0.1,0.1,0.2,0.1
54.3,0.2,0.1,0.1,0.1
46.3,0.1,0.1,0.2,0.1
56.7,0.1,0.1,0.1,0.2
47.2,0.2,0.1,0.1,0.2
56.1,0.1,0.1,0.1,0.1
59.5,0.1,0.1,0.1,0.2
62.9,0.1,0.1,0.2,0.1
45.6,0.1,0.2,0.2,0.1
63.9,0.1,0.1,0.1,0.2
43.9,0.1,0.2,0.2,0.2
48.8,0.1,0.1,0.2,0.1
63.5,0.1,0.2,0.1,0.1
45.9,0.2,0.1,0.1,0.2
65.2,0.2,0.2,0.2,0.2
45.9,0.1,0.1,0.1,0.2
45.3,0.1,0.1,0.1,0.2
45.9,0.1,0.2,0.1,0.1
66.3,0.2,0.2,0.3,0.2
63.9,0.1,0.1,0.1,0.2
54.3,0.1,0.1,0.2,0.1
45.4,0.1,0.2,0.2,0.1
65.9,0.1,0.2,0.1,0.1
57.6,0.2,0.2,0.1,0.1
46.3,0.2,0.1,0.1,0.2
45.5,0.1,0.1,0.1,0.1
46.6,0.1,0.1,0.1,0.2
47.1,0.1,0.2,0.2,0.1
45.5,0.1,0.2,0.1,0.1
69.9,0.2,0.2,0.1,0.1
71.9,0.2,0.2,0.3,0.3
45.9,0.1,0.1,0.1,0.2
42.8,0.1,0.2,0.1,0.1
42.6,0.2,0.2,0.1,0.1
79.1,0.2,0.1,0.1,0.1
44.3,0.1,0.1,0.2,0.2
44.5,0.1,0.1,0.1,0.1
42.3,0.1,0.1,0.2,0.1
76.5,0.1,0.2,0.1,0.1
80.6,0.1,0.2,0.1,0.1
57.8,0.1,0.1,0.1,0.1
56.3,0.1,0.1,0.2,0.1
62.1,0.1,0.1,0.1,0.2
47.7,0.1,0.1,0.1,0.1
46.6,0.1,0.1,0.1,0.1
938.8,0.2,0.2,0.3,0.1
99.5,0.1,0.1,0.1,0.1
109.1,0.1,0.2,0.1,0.1
162.3,0.1,0.2,0.2,0.1
163.3,0.1,0.2,0.1,0.1
115.1,0.1,0.2,0.1,0.1
218,0.1,0.2,0.1,0.1
237.2,0.1,0.2,0.2,0.1
248.2,0.1,0.1,0.1,0.1
342.7,0.2,0.2,0.2,0.1
185.2,0.1,0.2,0.2,0.1
245.8,0.1,0.1,0.1,0.1
249.3,0.1,0.1,0.1,0.1
102.1,0.2,0.1,0.2,0.2
48.4,0.6,0.3,0.5,0.5
48.8,0.1,0.1,0.2,0.1
72.9,0.1,0.1,0.1,0.1
48.2,0.1,0.1,0.1,0.1
51.5,0.1,0.1,0.2,0.1
58.1,0.1,0.1,0.1,0.2
53.3,0.1,0.2,0.2,0.1
49.8,0.2,0.2,0.2,0.1
49.3,0.1,0.2,0.2,0.1
51.5,0.1,0.2,0.2,0.1
61.3,0.2,0.2,0.2,0.1
55.7,0.2,0.1,0.2,0.1
51.4,0.1,0.1,0.1,0.1
49.6,0.1,0.1,0.1,0.1
60.2,0.1,0.1,0.1,0.1
54.2,0.2,0.2,0.2,0.1
74.9,0.1,0.2,0.2,0.1
86.1,0.1,0.1,0.2,0.1
49.9,0.1,0.1,0.2,0.1
66.4,0.1,0.1,0.1,0.2
91.2,0.1,0.2,0.2,0.1
111.4,0.2,0.1,0.2,0.1
59.6,0.1,0.2,0.2,0.1
61.4,0.1,0.1,0.1,0.1
64.2,0.2,0.2,0.2,0.1
45.2,0.2,0.1,0.2,0.1
50,0.2,0.1,0.1,0.1
47,0.2,0.1,0.1,0.2
68.7,0.1,0.1,0.1,0.1
59.9,0.1,0.2,0.2,0.1
74.2,0.1,0.2,0.1,0.1
70.8,0.1,0.2,0.2,0.1
58.7,0.2,0.1,0.1,0.2
64,0.1,0.1,0.1,0.2
58.1,0.1,0.2,0.2,0.1
73,0.1,0.2,0.2,0.1
66.3,0.1,0.1,0.1,0.2
56.2,0.1,0.2,0.2,0.1
55.9,0.2,0.2,0.2,0.1
83.2,0.1,0.2,0.2,0.2
54.9,0.1,0.1,0.2,0.1
47,0.2,0.1,0.1,0.1
52.1,0.2,0.1,0.2,0.1
45.4,0.1,0.1,0.1,0.1
70.1,0.1,0.1,0.1,0.2
52.1,0.1,0.1,0.1,0.1
91.6,0.2,0.1,0.2,0.1
48.4,0.4,0.3,0.3,0.3
49.1,0.2,0.1,0.1,0.2
53.4,0.2,0.1,0.1,0.2
89.8,0.1,0.1,0.2,0.1
50.6,0.1,0.1,0.1,0.2
64.4,0.1,0.1,0.1,0.1
51.7,0.2,0.3,0.3,0.3
50.8,0.1,0.1,0.1,0.1
70.6,0.1,0.1,0.2,0.1
61,0.1,0.2,0.1,0.1
53.7,0.1,0.2,0.2,0.1
72.7,0.2,0.2,0.2,0.1
55.2,0.1,0.1,0.1,0.1
49.2,0.1,0.1,0.1,0.1
72.5,0.1,0.1,0.1,0.2
75.1,0.1,0.1,0.2,0.1
50.2,0.1,0.1,0.2,0.1
58.6,0.1,0.1,0.1,0.2
55.7,0.1,0.1,0.1,0.1
59.2,0.2,0.1,0.1,0.1
54.1,0.1,0.1,0.2,0.2
69.6,0.1,0.2,0.2,0.1
77.2,0.1,0.1,0.1,0.2
59.6,0.1,0.2,0.2,0.1
88.9,0.1,0.1,0.1,0.1
88.2,0.1,0.2,0.2,0.1
59.9,0.1,0.1,0.1,0.1
50.8,0.1,0.2,0.2,0.1
59.5,0.1,0.2,0.2,0.1
58.5,0.1,0.1,0.1,0.1
56.5,0.2,0.2,0.2,0.1
62.2,0.1,0.1,0.1,0.1
53.4,0.1,0.2,0.2,0.1
45.8,0.2,0.1,0.1,0.1
52,0.1,0.2,0.1,0.1
64.2,0.1,0.2,0.2,0.1
48,0.1,0.1,0.1,0.1
48.8,0.1,0.2,0.2,0.1
78.5,0.1,0.2,0.1,0.1
62,0.1,0.2,0.1,0.1
46.4,0.1,0.2,0.2,0.1
49.4,0.1,0.2,0.2,0.1
57.4,0.2,0.3,0.2,0.2
61.8,0.1,0.2,0.2,0.2
48.5,0.1,0.1,0.2,0.1
59.6,0.1,0.2,0.1,0.1
60.9,0.1,0.1,0.1,0.2
69.6,0.1,0.2,0.1,0.1
67.9,0.1,0.2,0.2,0.2
65.7,0.1,0.1,0.3,0.1
55.1,0.1,0.1,0.1,0.1
55.7,0.2,0.2,0.2,0.1
74.3,0.1,0.1,0.2,0.2
54.5,0.1,0.1,0.1,0.1
52.6,0.2,0.2,0.3,0.1
74.4,0.1,0.2,0.1,0.1
50.6,0.1,0.2,0.2,0.1
57.2,0.1,0.2,0.1,0.1
57.6,0.1,0.2,0.2,0.1
98.9,0.1,0.2,0.1,0.1
103.7,0.1,0.2,0.2,0.1
54.1,0.1,0.2,0.2,0.2
99,0.1,0.1,0.2,0.1
108.2,0.1,0.1,0.1,0.1
315.5,0.1,0.1,0.1,0.2
49.6,0.2,0.2,0.2,0.2
63.7,0.1,0.1,0.2,0.1
45.2,0.2,0.1,0.1,0.1
67.8,0.2,0.2,0.1,0.1
59.7,0.1,0.1,0.1,0.1
58.9,0.2,0.1,0.2,0.1
45.2,0.1,0.2,0.2,0.1
79.6,0.1,0.1,0.1,0.1
43.8,0.1,0.2,0.1,0.1
63.2,0.1,0.1,0.1,0.1
46.5,0.1,0.1,0.1,0.2
66.3,0.2,0.2,0.2,0.2
59.7,0.2,0.1,0.1,0.2
65.1,0.2,0.2,0.1,0.1
58.2,0.1,0.1,0.1,0.2
80.4,0.1,0.1,0.1,0.1
67.2,0.1,0.2,0.1,0.1
59.1,0.1,0.1,0.1,0.1
45.7,0.1,0.2,0.2,0.1
46.8,0.1,0.1,0.1,0.2
46.4,0.1,0.2,0.2,0.1
45.3,0.1,0.2,0.1,0.1
45.9,0.2,0.1,0.1,0.2
57.8,0.1,0.2,0.1,0.1
48,0.1,0.1,0.2,0.1
47.5,0.1,0.2,0.2,0.1
46.6,0.1,0.1,0.1,0.1
72.6,0.2,0.2,0.1,0.1
66.6,0.1,0.1,0.2,0.1
46.9,0.1,0.2,0.1,0.1
59.7,0.1,0.1,0.1,0.1
48.6,0.1,0.2,0.1,0.1
47.5,0.1,0.2,0.2,0.1
47.4,0.2,0.1,0.1,0.2
45.4,0.1,0.1,0.2,0.1
67.6,0.1,0.1,0.2,0.1
73.1,0.1,0.2,0.2,0.1
65.9,0.2,0.1,0.1,0.1
65.3,0.1,0.2,0.2,0.1
71,0.2,0.1,0.1,0.1
99.1,0.2,0.1,0.1,0.1
46,0.1,0.2,0.2,0.1
77.8,0.1,0.1,0.1,0.2
56.9,0.1,0.2,0.2,0.1
55.7,0.1,0.2,0.2,0.1
82.1,0.1,0.1,0.2,0.1
81.1,0.2,0.1,0.2,0.1
47.5,0.1,0.2,0.2,0.1
47.7,0.2,0.1,0.1,0.2
50.8,0.1,0.2,0.2,0.1
59,0.2,0.1,0.1,0.2
67,0.1,0.1,0.2,0.1
65.5,0.1,0.2,0.1,0.1
50.9,0.1,0.2,0.1,0.1
53.1,0.1,0.1,0.2,0.1
46.2,0.1,0.1,0.1,0.1
54.1,0.1,0.2,0.1,0.1
50.4,0.1,0.2,0.2,0.1
46.6,0.1,0.2,0.2,0.1
47.4,0.2,0.1,0.1,0.1
46.8,0.2,0.1,0.1,0.1
66.8,0.2,0.1,0.2,0.1
46.5,0.1,0.1,0.2,0.1
45.5,0.2,0.1,0.1,0.1
69.9,0.1,0.1,0.2,0.1
46.8,0.1,0.1,0.2,0.1
66.4,0.1,0.1,0.1,0.1
63.5,0.1,0.1,0.1,0.2
68.9,0.1,0.1,0.1,0.1
56.8,0.2,0.1,0.1,0.2
56.6,0.1,0.1,0.2,0.1
55.7,0.1,0.1,0.2,0.2
57.2,0.1,0.1,0.2,0.1
46.2,0.1,0.1,0.1,0.1
49.8,0.1,0.2,0.2,0.1
45.5,0.2,0.1,0.2,0.2
50.1,0.1,0.1,0.1,0.2
65.8,0.1,0.2,0.1,0.1
63.5,0.1,0.2,0.1,0.1
55.3,0.1,0.2,0.2,0.1
49.8,0.1,0.1,0.1,0.2
56.9,0.1,0.1,0.1,0.2
47.2,0.1,0.2,0.2,0.1
72.8,0.1,0.1,0.1,0.1
48.6,0.1,0.2,0.2,0.1
52.7,0.1,0.2,0.2,0.1
46.3,0.1,0.1,0.1,0.1
69.3,0.2,0.2,0.1,0.1
66.9,0.1,0.2,0.2,0.1
48,0.2,0.1,0.1,0.1
54.4,0.1,0.1,0.2,0.1
69,0.2,0.2,0.2,0.1
65.4,0.1,0.2,0.1,0.1
46.4,0.1,0.1,0.1,0.1
65.6,0.2,0.1,0.1,0.1
67.6,0.2,0.2,0.2,0.2
44.8,0.1,0.1,0.1,0.1
52.8,0.1,0.1,0.2,0.1
43.1,0.1,0.1,0.1,0.1
44.6,0.1,0.1,0.2,0.1
43,0.1,0.1,0.1,0.2
42.8,0.1,0.1,0.1,0.1
42.7,0.1,0.2,0.2,0.1
47.2,0.2,0.2,0.1,0.1
65.9,0.1,0.2,0.1,0.1
56.8,0.1,0.2,0.1,0.1
47.3,0.2,0.2,0.2,0.1
126,0.1,0.1,0.1,0.2
47.9,0.2,0.1,0.1,0.2
47,0.2,0.1,0.2,0.1
55.3,0.2,0.2,0.2,0.1
66.5,0.1,0.1,0.1,0.2
105.4,0.1,0.2,0.1,0.1
50.3,0.1,0.2,0.1,0.1
48.5,0.1,0.1,0.2,0.1
49.7,0.1,0.1,0.3,0.1
51.6,0.2,0.1,0.1,0.2
65.8,0.1,0.2,0.1,0.1
56.3,0.1,0.1,0.1,0.1
64.9,0.2,0.2,0.1,0.1
59.2,0.1,0.1,0.2,0.1
76.4,0.2,0.1,0.1,0.1
68.7,0.1,0.1,0.2,0.1
80.1,0.2,0.1,0.1,0.2
43.3,0.2,0.1,0.1,0.1
397.2,0.1,0.1,0.2,0.2
92.8,0.1,0.1,0.2,0.1
64.1,0.1,0.1,0.1,0.2
55.5,0.1,0.1,0.2,0.1
106,0.1,0.1,0.1,0.1
102.2,0.1,0.2,0.2,0.1
109.9,0.1,0.1,0.1,0.1
81.8,0.1,0.2,0.1,0.1
163.1,0.1,0.1,0.2,0.1
100.4,0.1,0.1,0.1,0.1
101.7,0.1,0.1,0.1,0.2
110.7,0.1,0.2,0.2,0.1
306.9,0.1,0.1,0.1,0.1
125.3,0.2,0.1,0.2,0.1
135.7,0.1,0.1,0.1,0.1
238.4,0.3,0.2,0.3,0.2
137.8,0.2,0.2,0.3,0.1
231.6,0.2,0.1,0.2,0.1
100.5,0.1,0.1,0.1,0.2
53.1,0.1,0.2,0.2,0.1
80.3,0.1,0.2,0.2,0.1
58.6,0.2,0.1,0.1,0.1
64.6,0.1,0.1,0.1,0.1
53,0.1,0.1,0.1,0.2
254.4,0.2,0.1,0.1,0.2
53.3,0.2,0.1,0.2,0.2
55,0.1,0.1,0.3,0.1
103.6,0.1,0.2,0.1,0.1
75.9,0.2,0.1,0.2,0.1
78.1,1.1,1,1.1,1
74.9,0.2,0.2,0.1,0.1
106,0.1,0.2,0.5,0.2
70.2,0.2,0.1,0.2,0.1
80.5,0.1,0.1,0.2,0.1
62.4,0.1,0.1,0.1,0.2
57.6,0.1,0.1,0.1,0.2
58.9,0.1,0.1,0.1,0.2
49.2,0.1,0.1,0.1,0.2
106.7,0.1,0.1,0.2,0.1
68.8,0.1,0.1,0.1,0.2
70.6,0.1,0.1,0.1,0.1
67.9,0.1,0.1,0.1,0.1
51,0.2,0.2,0.1,0.1
51.3,0.1,0.1,0.1,0.2
352.6,0.1,0.1,0.1,0.2
47,0.1,0.2,0.2,0.1
56,0.2,0.1,0.1,0.2
79.1,0.1,0.2,0.1,0.1
80.6,0.2,0.1,0.1,0.2
78.3,0.1,0.2,0.2,0.1
50.2,0.1,0.1,0.2,0.1
52.3,0.1,0.2,0.2,0.1
66.7,0.2,0.1,0.2,0.1
48.3,0.1,0.1,0.1,0.1
59.9,0.1,0.1,0.1,0.2
67.5,0.1,0.1,0.1,0.2
55.3,0.1,0.1,0.2,0.1
49.3,0.1,0.2,0.2,0.1
54.9,0.3,0.3,0.3,0.2
73.8,0.2,0.3,0.2,0.3
46.7,0.1,0.2,0.2,0.1
52.3,0.1,0.2,0.1,0.1
51.5,0.2,0.1,0.1,0.1
71.4,0.2,0.2,0.1,0.1
75.8,0.1,0.1,0.2,0.1
61.3,0.1,0.2,0.2,0.2
45.7,0.1,0.2,0.2,0.2
45.5,0.1,0.2,0.1,0.1
52.1,0.1,0.2,0.1,0.1
74.5,0.1,0.2,0.2,0.1
64.8,0.1,0.1,0.1,0.2
58.5,0.1,0.1,0.1,0.1
59.6,0.2,0.2,0.2,0.1
62.5,0.1,0.2,0.2,0.1
64.6,0.1,0.1,0.1,0.2
77.8,0.1,0.1,0.1,0.1
46.4,0.1,0.1,0.1,0.2
47.3,0.2,0.2,0.2,0.1
49.9,0.1,0.1,0.1,0.1
76.9,0.1,0.2,0.2,0.1
56.9,0.2,0.1,0.2,0.1
64.3,0.1,0.1,0.1,0.1
57.9,0.2,0.2,0.2,0.1
61.4,0.1,0.2,0.2,0.1
57.6,0.2,0.3,0.3,0.3
48.8,0.4,0.3,0.3,0.3
71.5,0.1,0.1,0.1,0.1
66.4,0.1,0.2,0.2,0.1
76.8,0.1,0.1,0.1,0.1
65.7,0.2,0.1,0.1,0.2
82.7,0.1,0.1,0.1,0.1
53.2,0.1,0.1,0.1,0.2
48,0.1,0.2,0.2,0.1
47.8,0.1,0.1,0.2,0.1
47,0.1,0.1,0.1,0.1
49.7,0.1,0.1,0.1,0.2
74.8,0.2,0.3,0.4,0.3
49.9,0.1,0.2,0.1,0.1
55.1,0.1,0.1,0.1,0.1
69.4,0.4,0.4,0.3,0.3
48.5,0.1,0.1,0.1,0.1
64.8,0.1,0.1,0.1,0.1
65.5,0.1,0.2,0.1,0.1
71.2,0.1,0.2,0.2,0.1
49.2,0.1,0.2,0.2,0.1
62.6,0.1,0.1,0.1,0.2
50.2,1.1,0.2,0.2,0.4
53.1,0.2,0.1,0.1,0.1
107.9,0.1,0.1,0.1,0.1
59.5,0.1,0.2,0.2,0.1
48.6,0.1,0.2,0.2,0.1
71.5,0.1,0.2,0.2,0.1
62.5,0.3,0.2,0.4,0.3
68.9,0.1,0.1,0.2,0.1
73.2,0.1,0.2,0.2,0.1
70.6,0.2,0.2,0.1,0.1
50.6,0.1,0.1,0.1,0.1
65.2,0.1,0.2,0.2,0.1
59,0.1,0.2,0.2,0.1
49.8,0.2,0.1,0.2,0.1
49.3,0.1,0.1,0.2,0.1
167.6,0.3,0.3,0.2,0.8
54.8,0.1,0.1,0.1,0.1
51,0.2,0.2,0.2,0.1
48.8,0.1,0.2,0.2,0.2
118,0.1,0.1,0.2,0.1
53.1,0.2,0.1,0.2,0.1
49.9,0.1,0.1,0.2,0.1
47.9,0.1,0.2,0.2,0.1
49.7,0.2,0.1,0.2,0.1
52,0.1,0.1,0.1,0.1
87.8,0.2,0.2,0.2,0.1
57.5,0.2,0.1,0.3,0.2
80.3,0.1,0.1,0.1,0.1
44.8,0.1,0.1,0.2,0.1
49.6,0.1,0.1,0.1,0.1
45.2,0.2,0.1,0.2,0.1
90,0.2,0.2,0.2,0.1
63.9,0.1,0.2,0.1,0.1
52.6,0.1,0.2,0.2,0.2
68.9,0.1,0.4,0.2,0.2
57.9,0.1,0.1,0.1,0.1
58.9,0.1,0.2,0.2,0.1
69.2,0.1,0.1,0.1,0.1
45.9,0.2,0.1,0.1,0.1
55.3,0.4,0.5,0.2,0.5
44.9,0.1,0.2,0.2,0.1
45.7,0.1,0.1,0.1,0.1
44.6,0.1,0.2,0.2,0.1
46.1,0.2,0.1,0.1,0.1
45.2,0.1,0.2,0.1,0.1
66,0.1,0.2,0.1,0.1
47.5,0.1,0.1,0.1,0.1
46.3,0.2,0.1,0.1,0.2
44.6,0.2,0.1,0.1,0.2
71.2,0.1,0.1,0.3,0.1
78.6,0.2,0.1,0.2,0.1
46.2,0.1,0.2,0.2,0.1
64.5,0.2,0.2,0.1,0.1
104,0.1,0.2,0.1,0.1
59.4,0.1,0.1,0.2,0.1
75.8,0.1,0.2,0.2,0.1
106.2,0.2,0.2,0.2,0.1
70.8,0.2,0.1,0.1,0.2
44.6,0.1,0.2,0.2,0.1
42.9,0.2,0.1,0.2,0.1
75.9,0.1,0.2,0.2,0.1
45.9,0.1,0.2,0.1,0.1
45.6,0.2,0.2,0.2,0.1
46.6,0.1,0.1,0.1,0.1
52.7,0.2,0.1,0.1,0.2
63.2,0.1,0.2,0.1,0.1
43.6,0.2,0.1,0.1,0.2
42.1,0.1,0.2,0.2,0.1
43,0.1,0.1,0.2,0.1
48,0.2,0.1,0.1,0.1
71.6,0.2,0.1,0.1,0.1
68.6,0.1,0.1,0.2,0.1
62.9,0.1,0.1,0.1,0.1
80.8,0.2,0.1,0.1,0.2
46.8,0.1,0.2,0.2,0.1
49.5,0.2,0.2,0.1,0.1
49.2,0.1,0.2,0.3,0.2
63.2,0.3,0.2,0.3,0.3
48.6,0.2,0.2,0.2,0.2
565.4,0.2,0.1,0.1,0.1
49.4,0.1,0.1,0.1,0.1
76.1,0.1,0.1,0.2,0.1
70.3,0.2,0.2,0.2,0.2
49.5,0.1,0.2,0.2,0.1
47,0.1,0.1,0.1,0.1
68.3,0.1,0.2,0.2,0.1
82.7,0.1,0.1,0.1,0.2
49.1,0.3,0.2,0.2,0.2
49.1,0.2,0.1,0.2,0.1
45.9,0.1,0.1,0.1,0.2
48.4,0.1,0.1,0.2,0.1
72.9,0.1,0.1,0.2,0.1
43.7,0.1,0.2,0.1,0.1
53.4,0.1,0.1,0.1,0.1
76.2,0.1,0.1,0.2,0.1
45.5,0.2,0.2,0.1,0.1
64.1,0.1,0.2,0.1,0.1
45.9,0.1,0.1,0.1,0.2
75.4,0.2,0.2,0.1,0.1
55,0.1,0.2,0.1,0.1
66.1,0.1,0.1,0.1,0.1
65.4,0.1,0.2,0.2,0.1
53.7,0.1,0.1,0.1,0.2
63.8,0.1,0.1,0.2,0.1
45.8,0.1,0.2,0.2,0.1
45.8,0.1,0.2,0.1,0.1
67.3,0.2,0.2,0.2,0.2
46.1,0.2,0.1,0.1,0.2
46.4,0.1,0.1,0.1,0.2
46.1,0.1,0.1,0.2,0.1
67.6,0.1,0.1,0.1,0.1
71.6,0.1,0.1,0.2,0.1
54.5,0.1,0.2,0.1,0.1
45,0.1,0.1,0.1,0.2
57.6,0.1,0.1,0.2,0.1
46,0.1,0.2,0.2,0.1
66.5,0.2,0.1,0.1,0.1
44.7,0.1,0.1,0.2,0.1
47.7,0.1,0.1,0.1,0.2
46.8,0.1,0.1,0.1,0.1
45.9,0.1,0.1,0.1,0.1
45.2,0.1,0.1,0.1,0.1
46.3,0.2,0.2,0.2,0.1
74.2,0.1,0.1,0.2,0.1
45.4,0.1,0.2,0.2,0.1
61.7,0.1,0.1,0.2,0.1
51,0.1,0.1,0.1,0.1
71.7,0.2,0.1,0.2,0.1
46.2,0.1,0.1,0.1,0.2
46.3,0.2,0.1,0.1,0.1
75.8,0.2,0.1,0.1,0.1
59.4,0.1,0.1,0.2,0.1
64.1,0.1,0.2,0.2,0.2
58.9,0.1,0.2,0.1,0.1
60.4,0.1,0.1,0.1,0.1
45.3,0.1,0.1,0.1,0.2
67.4,0.1,0.1,0.1,0.2
56.9,0.1,0.1,0.1,0.1
47,0.1,0.1,0.3,0.1
65.8,0.1,0.1,0.1,0.1
45,0.1,0.2,0.1,0.1
46.3,0.1,0.1,0.2,0.1
65.5,0.2,0.2,0.1,0.1
59,0.1,0.2,0.1,0.1
50.1,0.1,0.1,0.2,0.1
245.9,0.2,0.1,0.1,0.2
64.2,0.1,0.1,0.1,0.2
46.6,0.2,0.1,0.2,0.1
45.6,0.1,0.2,0.1,0.1
47.5,0.1,0.2,0.1,0.1
47.3,0.1,0.1,0.1,0.1
46.4,0.1,0.1,0.2,0.1
47.2,0.2,0.1,0.1,0.1
46.2,0.2,0.1,0.1,0.1
44.3,0.2,0.1,0.1,0.1
109.7,0.1,0.1,0.2,0.2
85.3,0.1,0.1,0.1,0.1
89.9,0.1,0.1,0.2,0.1
88.3,0.1,0.1,0.1,0.1
99.5,0.1,0.1,0.1,0.2
97.2,0.1,0.2,0.2,0.1
250.5,0.2,0.2,0.1,0.1
102.7,0.1,0.2,0.2,0.1
100.2,0.1,0.1,0.1,0.1
103.6,0.2,0.1,0.1,0.2
250.4,0.1,0.2,0.2,0.1
121.4,0.1,0.1,0.1,0.1
106.6,0.2,0.1,0.1,0.2
69.2,0.1,0.1,0.1,0.1
53.7,0.2,0.1,0.1,0.1
82.6,0.1,0.1,0.1,0.1
75.3,0.1,0.1,0.1,0.2
46.2,0.1,0.1,0.1,0.2
50.6,0.1,0.2,0.2,0.1
45.7,0.1,0.1,0.1,0.1
44.7,0.1,0.2,0.1,0.1
50.3,0.1,0.1,0.1,0.2
52.5,0.2,0.1,0.2,0.1
60.5,0.2,0.1,0.2,0.2
49.1,0.1,0.1,0.1,0.1
51.3,0.1,0.1,0.1,0.1
75.7,1.1,0.2,0.2,0.3
46.9,0.2,0.1,0.2,0.1
59.7,0.1,0.1,0.1,0.1
56.3,0.1,0.1,0.1,0.1
47.9,0.1,0.1,0.1,0.1
74.1,0.1,0.2,0.2,0.1
49.1,0.2,0.1,0.2,0.1
49.1,0.1,0.1,0.2,0.1
72,0.1,0.1,0.2,0.2
74.1,0.1,0.2,0.2,0.1
81.2,0.1,0.2,0.1,0.1
80.2,0.2,0.1,0.2,0.1
63.5,0.1,0.1,0.2,0.1
52.8,0.3,0.2,0.3,0.3
65.3,0.1,0.2,0.2,0.1
56,0.1,0.1,0.2,0.1
54.6,0.1,0.1,0.1,0.1
96.5,0.1,0.1,0.1,0.2
69.3,0.1,0.1,0.2,0.1
70.1,0.2,0.1,0.2,0.1
64.8,0.1,0.2,0.2,0.2
71.7,0.1,0.2,0.2,0.1
71.7,0.1,0.1,0.1,0.1
54.5,0.2,0.2,0.2,0.2
72.2,0.1,0.2,0.2,0.1
62.6,0.1,0.1,0.1,0.1
52.4,0.1,0.1,0.1,0.1
79.7,0.1,0.1,0.1,0.1
70.8,0.2,0.2,0.2,0.1
77.9,0.2,0.2,0.1,0.1
74.9,0.1,0.1,0.1,0.1
51.5,0.1,0.1,0.1,0.1
81.6,0.1,0.2,0.2,0.1
256.5,0.2,0.2,0.1,0.2
61.9,0.1,0.2,0.1,0.2
55.2,0.1,0.2,0.2,0.1
50.6,0.2,0.2,0.2,0.2
55.6,0.1,0.2,0.2,0.1
61.7,0.1,0.1,0.2,0.2
71.6,0.2,0.2,0.1,0.1
55,0.1,0.1,0.1,0.1
49.6,0.1,0.1,0.2,0.1
56,0.2,0.1,0.2,0.2
74.9,0.1,0.1,0.2,0.1
89.9,0.1,0.2,0.2,0.1
49.1,0.1,0.1,0.1,0.1
47,0.2,0.1,0.2,0.1
59.1,0.1,0.2,0.2,0.1
85.3,0.1,0.2,0.1,0.1
49.8,0.2,0.1,0.2,0.1
85.6,0.3,0.3,0.3,0.3
66,0.2,0.1,0.1,0.1
55,0.1,0.1,0.1,0.1
44.9,0.1,0.2,0.2,0.1
64.7,0.1,0.2,0.1,0.1
50.7,0.2,0.1,0.1,0.1
50.6,0.2,0.1,0.1,0.1
63.6,0.2,0.2,0.2,0.1
72.6,0.1,0.1,0.1,0.1
65.1,0.1,0.1,0.1,0.2
45,0.1,0.2,0.2,0.1
49.1,0.1,0.1,0.2,0.1
232.7,0.1,0.1,0.2,0.1
69.9,0.1,0.1,0.2,0.1
82.9,0.1,0.1,0.1,0.1
50.6,0.2,0.2,0.2,0.1
55.5,0.1,0.1,0.1,0.1
48.7,0.2,0.1,0.1,0.1
67.1,0.1,0.1,0.2,0.1
177.8,0.2,0.1,0.2,0.1
70.1,0.4,0.3,0.3,0.3
51.1,0.1,0.2,0.2,0.1
54.4,0.2,0.1,0.1,0.1
49.9,0.1,0.2,0.1,0.1
56.8,0.1,0.2,0.2,0.1
96.4,0.2,0.1,0.1,0.1
281.8,0.2,0.2,0.2,0.1
58.9,0.1,0.1,0.2,0.2
83.8,0.1,0.1,0.2,0.1
67.7,0.1,0.1,0.1,0.2
70.3,0.1,0.1,0.3,0.1
48.2,0.2,0.2,0.2,0.2
79.2,0.1,0.1,0.1,0.1
56,0.1,0.2,0.2,0.1
52.9,0.2,0.1,0.1,0.1
62.3,0.2,0.1,0.2,0.1
69.3,0.1,0.2,0.2,0.1
60.3,0.3,0.3,0.3,0.2
73.8,0.1,0.1,0.2,0.1
55.2,0.2,0.2,0.2,0.1
59.7,0.1,0.2,0.1,0.2
54.3,0.1,0.1,0.1,0.1
46.5,0.1,0.2,0.2,0.1
44.2,0.1,0.2,0.2,0.1
241.6,0.1,0.2,0.2,0.1
53.1,0.1,0.2,0.2,0.1
47,0.1,0.2,0.2,0.1
47.9,0.3,0.3,0.4,0.4
59.5,0.3,0.3,0.3,0.3
71.9,0.1,0.1,0.1,0.1
57.7,0.2,0.1,0.1,0.1
49.3,0.1,0.1,0.1,0.1
75.9,0.1,0.2,0.2,0.1
72.7,0.2,0.1,0.1,0.1
48.2,0.1,0.1,0.2,0.1
52.1,0.2,0.1,0.2,0.1
51.8,0.1,0.1,0.1,0.1
45.6,0.2,0.1,0.2,0.1
65,0.2,0.1,0.2,0.1
66.9,0.1,0.1,0.1,0.2
57.2,0.1,0.1,0.2,0.1
57.5,0.1,0.1,0.1,0.1
53.8,0.1,0.2,0.2,0.1
68.1,0.1,0.1,0.2,0.2
59.7,0.1,0.2,0.2,0.1
86.2,0.2,0.1,0.1,0.1
104.7,0.1,0.1,0.1,0.1
63.3,0.1,0.1,0.1,0.2
69.1,0.2,0.1,0.2,0.1
48.8,0.2,0.1,0.1,0.1
50.3,0.1,0.1,0.2,0.1
59.5,0.2,0.1,0.1,0.1
65,0.2,0.1,0.2,0.2
56.8,0.1,0.2,0.2,0.1
53.6,0.2,0.2,0.2,0.2
49.6,0.1,0.1,0.1,0.2
55.1,0.1,0.2,0.2,0.1
49,0.1,0.2,0.1,0.1
82.5,0.1,0.1,0.2,0.1
57.9,0.1,0.1,0.2,0.1
72.7,0.3,0.4,0.3,0.3
44.5,0.1,0.1,0.1,0.1
43.1,0.2,0.1,0.1,0.1
66.7,0.2,0.1,0.1,0.2
50.9,0.2,0.2,0.2,0.1
45.1,0.1,0.2,0.2,0.1
45,0.1,0.1,0.1,0.2
45.3,0.1,0.1,0.1,0.2
65.1,0.1,0.2,0.1,0.1
46.3,0.2,0.1,0.2,0.1
45.6,0.1,0.1,0.1,0.1
44.8,0.1,0.2,0.2,0.1
46.3,0.1,0.1,0.2,0.1
110.2,0.1,0.1,0.1,0.1
58.2,0.2,0.1,0.1,0.1
58.5,0.1,0.2,0.2,0.1
58.6,0.2,0.2,0.1,0.1
45.7,0.1,0.1,0.1,0.1
69.8,0.1,0.1,0.1,0.1
45,0.1,0.1,0.1,0.2
47.1,0.1,0.2,0.2,0.1
80.4,0.1,0.1,0.1,0.1
53.6,0.2,0.1,0.1,0.1
45,0.2,0.1,0.1,0.1
63.5,0.1,0.1,0.1,0.2
47.2,0.1,0.2,0.2,0.1
46.3,0.1,0.1,0.2,0.1
45,0.1,0.1,0.1,0.2
57.4,0.2,0.2,0.1,0.1
56.8,0.1,0.2,0.2,0.1
44.9,0.1,0.1,0.2,0.1
45.1,0.2,0.1,0.2,0.1
46.1,0.2,0.2,0.1,0.1
77.3,0.2,0.2,0.1,0.1
58.3,0.1,0.2,0.2,0.1
44.9,0.1,0.1,0.2,0.1
65.7,0.1,0.2,0.2,0.1
46.7,0.2,0.1,0.1,0.1
45.1,0.2,0.1,0.1,0.2
70,0.1,0.1,0.2,0.1
46.5,0.1,0.2,0.2,0.1
51.6,0.1,0.1,0.1,0.1
65.2,0.1,0.1,0.2,0.1
45.2,0.2,0.2,0.1,0.1
66.1,0.2,0.1,0.2,0.1
64.9,0.1,0.1,0.1,0.1
45.8,0.2,0.2,0.2,0.2
45.4,0.2,0.1,0.1,0.2
43.3,0.2,0.1,0.2,0.2
42.5,0.2,0.1,0.1,0.1
41.5,0.2,0.1,0.1,0.2
42.2,0.1,0.2,0.1,0.1
64.3,0.2,0.1,0.1,0.2
76.4,0.1,0.1,0.1,0.1
42.7,0.1,0.2,0.2,0.1
42,0.1,0.1,0.1,0.1
41.6,0.1,0.1,0.2,0.1
42.9,0.1,0.1,0.1,0.1
52.6,0.1,0.1,0.2,0.1
49.5,0.1,0.1,0.2,0.1
42.3,0.1,0.1,0.1,0.1
86.2,0.1,0.2,0.1,0.1
46.4,0.1,0.2,0.1,0.1
45.2,0.2,0.1,0.1,0.1
45.7,0.1,0.1,0.2,0.1
46.1,0.1,0.2,0.2,0.1
46.5,0.2,0.1,0.1,0.2
46.3,0.1,0.1,0.1,0.1
46.2,0.1,0.2,0.2,0.1
45.9,0.1,0.1,0.1,0.2
76.5,0.2,0.1,0.1,0.2
45.8,0.1,0.1,0.1,0.2
45.6,0.2,0.1,0.1,0.1
50.5,0.1,0.1,0.1,0.1
70.4,0.1,0.1,0.1,0.1
45.2,0.1,0.2,0.1,0.1
45,0.1,0.1,0.2,0.1
65.7,0.1,0.1,0.1,0.2
78.2,0.1,0.2,0.2,0.1
45.2,0.1,0.1,0.2,0.1
64.5,0.1,0.1,0.2,0.1
63.8,0.1,0.2,0.2,0.1
59.9,0.1,0.2,0.2,0.1
54.5,0.1,0.1,0.2,0.1
45.1,0.2,0.1,0.1,0.1
50.6,0.3,0.2,0.2,0.2
46.8,0.1,0.1,0.2,0.1
46.5,0.1,0.2,0.1,0.1
47.7,0.1,0.2,0.2,0.1
67.1,0.2,0.1,0.2,0.1
46.9,0.1,0.1,0.1,0.2
56.7,0.2,0.1,0.2,0.1
68,0.1,0.2,0.2,0.1
72.9,0.1,0.2,0.2,0.1
59.4,0.2,0.1,0.1,0.1
59.3,0.1,0.2,0.2,0.1
170.9,0.2,0.1,0.1,0.1
47.9,0.1,0.1,0.2,0.1
60.5,0.1,0.2,0.1,0.1
316.8,0.1,0.2,0.1,0.1
48.8,0.1,0.1,0.1,0.1
48.4,0.2,0.2,0.1,0.1
66.4,0.1,0.2,0.2,0.1
59.1,0.1,0.2,0.2,0.1
99.6,0.1,0.1,0.2,0.1
47.8,0.1,0.1,0.2,0.1
70.7,0.1,0.2,0.2,0.1
45.5,0.1,0.2,0.2,0.1
86.8,0.1,0.1,0.1,0.2
71,0.2,0.1,0.1,0.1
86.9,0.4,0.3,0.4,0.4
48.3,0.1,0.1,0.1,0.2
46.2,0.1,0.2,0.2,0.1
150.8,0.1,0.1,0.2,0.1
66.8,0.1,0.1,0.1,0.1
79.7,0.2,0.1,0.1,0.1
61.8,0.1,0.1,0.1,0.1
50.6,0.1,0.2,0.2,0.1
46.7,0.1,0.1,0.1,0.1
47,0.2,0.1,0.1,0.2
46.8,0.1,0.2,0.2,0.1
63.1,0.2,0.1,0.1,0.2
45.9,0.1,0.2,0.1,0.1
45.7,0.1,0.2,0.2,0.1
57.1,0.1,0.2,0.1,0.1
68.7,0.1,0.2,0.2,0.1
45.9,0.1,0.2,0.2,0.1
65.3,0.1,0.1,0.2,0.1
81.9,0.2,0.1,0.1,0.1
49.5,0.2,0.2,0.2,0.1
46.7,0.1,0.1,0.2,0.1
46.5,0.2,0.1,0.1,0.1
47.6,0.1,0.1,0.2,0.1
69,0.2,0.2,0.2,0.1
73.1,0.1,0.1,0.1,0.2
48.1,0.1,0.1,0.1,0.1
47.1,0.1,0.1,0.2,0.1
67.4,0.1,0.2,0.1,0.1
45.9,0.2,0.1,0.1,0.1
67.5,0.1,0.1,0.2,0.1
45.6,0.1,0.2,0.2,0.1
48.8,0.1,0.2,0.2,0.1
65.8,0.2,0.1,0.1,0.1
46.6,0.1,0.2,0.1,0.1
46.5,0.2,0.2,0.2,0.1
62.6,0.1,0.2,0.1,0.1
63.9,0.1,0.1,0.2,0.1
46.1,0.1,0.1,0.2,0.1
45.9,0.1,0.1,0.2,0.1
60.1,0.1,0.2,0.2,0.1
46,0.1,0.2,0.2,0.1
48.1,0.1,0.1,0.1,0.1
78,0.1,0.1,0.1,0.1
49.4,0.1,0.1,0.2,0.1
47.1,0.2,0.1,0.1,0.2
58.2,0.2,0.2,0.1,0.1
44.8,0.1,0.1,0.2,0.1
57.3,0.1,0.1,0.1,0.1
55.5,0.1,0.1,0.2,0.1
44.9,0.1,0.2,0.1,0.1
45,0.1,0.1,0.1,0.1
78.7,0.2,0.1,0.1,0.1
58.8,0.2,0.2,0.2,0.1
45,0.1,0.1,0.1,0.2
45,0.1,0.1,0.1,0.1
71.9,0.2,0.1,0.2,0.1
59.4,0.1,0.2,0.2,0.1
55,0.2,0.1,0.2,0.1
45,0.1,0.2,0.1,0.1
67.3,0.2,0.2,0.2,0.1
45.9,0.1,0.1,0.1,0.1
45.3,0.1,0.1,0.2,0.1
45.1,0.2,0.1,0.1,0.2
63.3,0.2,0.1,0.1,0.1
66.4,0.1,0.2,0.1,0.1
45,0.1,0.2,0.1,0.1
49.3,0.1,0.2,0.2,0.1
70.7,0.2,0.1,0.1,0.1
59.7,0.1,0.1,0.1,0.2
45.2,0.1,0.1,0.2,0.1
45.3,0.1,0.1,0.2,0.1
65.5,0.1,0.1,0.1,0.1
42.7,0.1,0.1,0.2,0.1
41.6,0.1,0.1,0.1,0.1
55.7,0.1,0.1,0.2,0.2
51.9,0.1,0.1,0.2,0.1
55.5,0.1,0.1,0.1,0.1
69.7,0.2,0.1,0.1,0.2
51.1,0.1,0.1,0.1,0.1
47.3,0.1,0.2,0.2,0.1
45.6,0.1,0.1,0.1,0.1
44.9,0.2,0.2,0.1,0.1
44.7,0.2,0.1,0.1,0.1
47.3,0.1,0.1,0.2,0.1
45.4,0.1,0.1,0.1,0.2
64.8,0.1,0.2,0.1,0.1
64.2,0.1,0.1,0.2,0.1
66.2,0.1,0.2,0.2,0.1
60.7,0.2,0.1,0.1,0.2
50.6,0.2,0.1,0.1,0.1
45.1,0.1,0.1,0.1,0.1
220.3,0.2,0.1,0.1,0.1
65.3,0.1,0.1,0.1,0.2
44.9,0.1,0.1,0.1,0.2
45.1,0.2,0.1,0.1,0.1
49,0.2,0.1,0.1,0.2
62.1,0.1,0.1,0.2,0.1
50.2,0.1,0.1,0.1,0.1
46.8,0.1,0.2,0.2,0.1
66.9,0.1,0.2,0.2,0.1
73.2,0.1,0.1,0.1,0.2
70.4,0.1,0.1,0.2,0.1
44.9,0.2,0.1,0.1,0.2
67,0.2,0.1,0.1,0.1
47.3,0.1,0.1,0.2,0.1
45.5,0.1,0.1,0.1,0.1
44.8,0.1,0.2,0.1,0.1
45.2,0.1,0.2,0.2,0.1
64,0.1,0.1,0.2,0.1
46.8,0.1,0.1,0.1,0.2
58.5,0.1,0.1,0.1,0.1
62.6,0.2,0.2,0.1,0.1
46.1,0.2,0.1,0.2,0.1
76.4,0.1,0.1,0.2,0.1
51.5,0.1,0.1,0.1,0.2
45.4,0.1,0.2,0.2,0.1
51.1,0.1,0.1,0.1,0.1
50.4,0.1,0.2,0.2,0.1
45.1,0.1,0.1,0.1,0.2
45.1,0.1,0.1,0.2,0.1
72.1,0.1,0.1,0.2,0.1
65,0.1,0.2,0.1,0.1
84.5,0.1,0.2,0.1,0.1
45.6,0.2,0.2,0.1,0.1
45.7,0.1,0.2,0.1,0.1
70.1,0.1,0.1,0.2,0.1
45.4,0.1,0.1,0.1,0.1
45.1,0.1,0.2,0.2,0.1
64.6,0.2,0.2,0.1,0.1
49.8,0.1,0.2,0.2,0.1
44.6,0.1,0.1,0.2,0.1
45.1,0.1,0.2,0.1,0.1
46.6,0.1,0.2,0.1,0.1
47.5,0.1,0.1,0.1,0.2
77.9,0.2,0.1,0.1,0.1
49.2,0.1,0.2,0.2,0.1
46.1,0.1,0.1,0.2,0.1
45.2,0.1,0.1,0.1,0.2
45.2,0.2,0.1,0.1,0.2
45.7,0.1,0.1,0.2,0.1
51.9,0.1,0.2,0.2,0.1
45.7,0.1,0.2,0.2,0.1
45.1,0.1,0.2,0.1,0.1
44.8,0.2,0.1,0.1,0.1
323.3,0.2,0.2,0.1,0.1
87,0.2,0.1,0.1,0.1
59.6,0.2,0.1,0.1,0.1
45.2,0.2,0.1,0.1,0.1
66.8,0.1,0.1,0.2,0.1
56.6,0.1,0.1,0.2,0.1
45,0.1,0.1,0.1,0.2
45.2,0.2,0.1,0.1,0.2
169.9,0.1,0.1,0.2,0.1
46.2,0.2,0.2,0.2,0.1
69.3,0.1,0.1,0.2,0.1
58.4,0.1,0.2,0.2,0.1
57,0.1,0.1,0.2,0.2
70.4,0.1,0.1,0.2,0.1
45.5,0.1,0.1,0.1,0.2
69.8,0.1,0.1,0.1,0.1
64.1,0.1,0.2,0.1,0.1
46,0.2,0.1,0.1,0.1
45,0.1,0.1,0.2,0.1
44.8,0.1,0.1,0.1,0.1
72.1,0.1,0.1,0.2,0.1
56.3,0.1,0.1,0.2,0.1
44.7,0.1,0.1,0.2,0.1
47.4,0.1,0.2,0.1,0.1
52.9,0.1,0.2,0.2,0.1
51,0.1,0.2,0.1,0.1
65.6,0.2,0.1,0.1,0.2
55.2,0.1,0.2,0.2,0.1
47.2,0.1,0.1,0.1,0.2
44,0.2,0.1,0.2,0.1
62.7,0.1,0.1,0.1,0.2
54.3,0.1,0.1,0.1,0.1
47.8,0.1,0.1,0.1,0.1
45.5,0.1,0.2,0.2,0.1
44.4,0.1,0.2,0.1,0.1
44.3,0.2,0.2,0.1,0.1
45.3,0.2,0.1,0.2,0.1
45,0.2,0.2,0.1,0.1
44.3,0.1,0.1,0.1,0.1
120.6,0.1,0.1,0.2,0.2
86.3,0.2,0.1,0.1,0.2
46.7,0.1,0.1,0.2,0.1
46.2,0.1,0.2,0.1,0.1
68,0.2,0.2,0.1,0.1
85.6,0.2,0.1,0.1,0.2
68.3,0.1,0.1,0.2,0.1
68.5,0.1,0.1,0.2,0.1
57.5,0.1,0.1,0.1,0.1
48.3,0.2,0.1,0.1,0.1
50,0.1,0.1,0.2,0.1
72.9,0.2,0.2,0.3,0.2
56.1,0.1,0.2,0.1,0.1
46.2,0.1,0.1,0.1,0.1
46.8,0.1,0.2,0.2,0.1
73,0.1,0.1,0.1,0.2
54.6,0.1,0.1,0.2,0.1
45.3,0.1,0.1,0.2,0.1
45.1,0.1,0.1,0.1,0.2
66.5,0.2,0.1,0.1,0.1
66.3,0.2,0.1,0.1,0.2
66.9,0.1,0.1,0.2,0.1
170.8,0.1,0.2,0.1,0.1
47.7,0.1,0.2,0.1,0.1
65.4,0.1,0.1,0.1,0.1
54.2,0.1,0.1,0.1,0.1
55.8,0.2,0.1,0.1,0.1
67.3,0.1,0.1,0.2,0.1
64.5,0.1,0.2,0.2,0.1
47,0.2,0.1,0.2,0.1
53,0.1,0.1,0.1,0.1
47.7,0.1,0.1,0.2,0.1
91.1,0.1,0.1,0.1,0.1
56.1,0.1,0.1,0.2,0.1
61.7,0.1,0.1,0.1,0.1
104.3,0.1,0.1,0.2,0.1
58.6,0.1,0.1,0.1,0.1
66.2,0.1,0.1,0.2,0.1
67.4,0.1,0.1,0.1,0.2
59.4,0.1,0.1,0.1,0.2
65.9,0.1,0.1,0.2,0.1
67.6,0.3,0.3,0.3,0.2
52.1,0.1,0.1,0.1,0.1
50.4,0.1,0.1,0.2,0.1
45,0.2,0.1,0.2,0.1
43,0.1,0.2,0.1,0.1
63.6,0.1,0.2,0.1,0.1
50,0.1,0.1,0.2,0.1
46.5,0.1,0.1,0.2,0.1
63.4,0.2,0.1,0.1,0.2
65.8,0.1,0.2,0.1,0.1
72,0.2,0.1,0.1,0.1
75.2,0.1,0.2,0.2,0.1
51.4,0.1,0.2,0.1,0.1
43.8,0.1,0.2,0.1,0.1
95.3,0.2,0.1,0.1,0.1
82.3,0.2,0.1,0.1,0.1
67.3,0.2,0.1,0.2,0.1
59.8,0.1,0.1,0.1,0.1
66.7,0.1,0.2,0.1,0.2
67.5,0.1,0.1,0.2,0.1
57.4,0.1,0.2,0.1,0.1
44.8,0.1,0.1,0.1,0.2
896.2,0.1,0.2,0.2,0.1
932.2,0.1,0.2,0.2,0.1
891.2,0.1,0.1,0.1,0.2
807.8,0.1,0.1,0.1,0.1
114.3,0.1,0.1,0.1,0.1
60.1,0.1,0.2,0.3,0.2
76,0.1,0.1,0.1,0.2
69.9,0.1,0.1,0.1,0.2
65,0.1,0.2,0.2,0.1
82.4,0.1,0.1,0.1,0.2
83.5,0.1,0.2,0.2,0.1
75.4,0.4,0.3,0.4,0.4
102.8,1.2,0.5,0.3,1
113.9,0.2,0.2,0.2,0.2
63.9,0.3,0.3,0.3,0.2
59.6,0.1,0.1,0.2,0.1
117.3,0.1,0.2,0.2,0.2
70.4,0.1,0.1,0.1,0.1
53.4,0.1,0.2,0.2,0.1
127.5,0.1,0.1,0.1,0.1
51.1,0.2,0.1,0.1,0.1
50.1,0.1,0.1,0.2,0.1
57.1,0.1,0.2,0.2,0.1
59.9,0.2,0.2,0.2,0.2
48.8,0.1,0.1,0.2,0.1
55.9,0.2,0.1,0.1,0.1
100.3,0.1,0.2,0.2,0.1
67.7,0.3,0.3,0.3,0.3
49.3,0.2,0.1,0.2,0.1
63.5,1.2,14.1,1.4,0.4
64.4,0.3,0.3,0.4,0.3
431.7,0.2,0.2,0.2,0.2
66.6,0.1,0.2,0.2,0.2
70,0.3,0.3,0.4,0.4
62.8,0.3,0.4,0.3,0.3
48.6,0.2,0.2,0.1,0.2
48.4,0.2,0.1,0.2,0.1
56.8,0.1,0.1,0.1,0.2
51.1,0.2,0.2,0.3,0.2
244.4,0.2,0.2,0.2,0.2
65.7,0.4,0.4,0.4,0.4
55.8,0.1,0.1,0.2,0.1
54,0.1,0.2,0.1,0.1
61.1,0.1,0.3,0.2,0.1
60.1,0.2,0.2,0.3,0.2
51.1,0.1,0.1,0.1,0.2
50.5,0.2,0.2,0.2,0.1
172.5,0.1,0.1,0.1,0.1
50.5,0.1,0.1,0.1,0.2
45.6,0.1,0.1,0.1,0.1
50,0.1,0.1,0.1,0.1
64.5,0.1,0.1,0.1,0.1
50.3,0.2,0.1,0.1,0.1
45.3,0.1,0.2,0.2,0.1
52,0.1,0.1,0.1,0.1
52.2,0.1,0.1,0.2,0.1
55.7,0.2,0.1,0.1,0.1
54.7,0.1,0.2,0.1,0.1
48.6,0.1,0.2,0.2,0.1
64.9,0.1,0.2,0.2,0.1
72.8,0.1,0.1,0.2,0.1
49.4,0.2,0.2,0.2,0.2
101.7,0.2,0.2,0.2,0.1
64.2,0.3,0.3,0.3,0.3
79.6,0.1,0.2,0.1,0.1
67.4,0.2,0.1,0.1,0.1
72.7,0.1,0.2,0.2,0.1
70.5,0.1,0.1,0.1,0.1
77,0.2,0.1,0.1,0.1
71.2,0.2,0.1,0.1,0.1
44.5,0.1,0.2,0.2,0.1
45.3,0.1,0.1,0.1,0.1
84.9,0.3,0.2,0.3,0.2
49,0.1,0.1,0.1,0.2
51.8,0.2,0.1,0.2,0.1
309.7,0.2,0.1,0.1,0.1
55.9,0.3,0.4,0.3,0.3
65.3,0.1,0.1,0.1,0.2
71.5,0.2,0.1,0.1,0.1
65.3,0.1,0.1,0.1,0.2
63.9,0.2,0.1,0.1,0.2
79.6,0.2,0.1,0.1,0.1
90.6,0.3,0.3,0.2,0.3
58.2,0.1,0.2,0.2,0.1
72.3,0.2,0.1,0.1,0.2
49.4,0.1,0.1,0.1,0.1
47.7,0.2,0.1,0.2,0.1
52.8,0.1,0.1,0.1,0.1
54.9,0.2,0.1,0.2,0.1
86.1,0.1,0.2,0.2,0.1
54,0.4,0.3,0.4,0.3
74.3,0.1,0.2,0.2,0.1
237.2,0.1,0.1,0.1,0.1
62.4,0.1,0.1,0.2,0.1
56,0.2,0.1,0.2,0.1
50.5,0.2,0.1,0.1,0.2
79.4,0.1,0.2,0.1,0.1
59.1,0.1,0.1,0.1,0.1
94.1,0.1,0.1,0.1,0.1
352.3,0.2,0.1,0.2,0.1
48.6,0.1,0.2,0.2,0.1
47.2,0.1,0.1,0.1,0.1
66.2,0.2,0.2,0.2,0.1
77.8,0.1,0.2,0.2,0.2
43.5,0.1,0.2,0.2,0.1
42.4,0.1,0.1,0.1,0.1
63.1,0.1,0.2,0.1,0.1
83.3,0.2,0.1,0.2,0.2
53.9,0.2,0.2,0.1,0.1
63,0.2,0.2,0.3,0.1
45.8,0.1,0.1,0.2,0.1
45.2,0.1,0.2,0.1,0.1
46.2,0.1,0.1,0.2,0.1
48.2,0.1,0.1,0.1,0.2
94.9,0.1,0.1,0.1,0.2
46.8,0.1,0.1,0.1,0.1
71.4,0.1,0.1,0.1,0.2
64.2,0.1,0.1,0.2,0.1
47.4,0.2,0.2,0.2,0.1
46.4,0.1,0.2,0.2,0.1
46.9,0.2,0.1,0.1,0.2
62.9,0.1,0.1,0.1,0.1
55.7,0.1,0.1,0.1,0.2
65.4,0.2,0.1,0.1,0.1
42.5,0.1,0.2,0.2,0.1
45.5,0.1,0.1,0.1,0.1
43.2,0.1,0.2,0.1,0.1
43,0.1,0.2,0.2,0.1
72.3,0.1,0.2,0.1,0.1
62.2,0.2,0.1,0.1,0.2
55.5,0.1,0.1,0.1,0.1
49.2,0.1,0.1,0.1,0.2
45,0.1,0.1,0.1,0.2
49.7,0.1,0.2,0.2,0.1
48.4,0.1,0.1,0.1,0.2
47.5,0.1,0.2,0.1,0.1
46.5,0.2,0.1,0.1,0.2
48,0.1,0.2,0.1,0.1
63.9,0.2,0.2,0.1,0.1
48,0.1,0.1,0.1,0.2
47.6,0.1,0.1,0.2,0.1
69.3,0.1,0.2,0.2,0.1
61.4,0.1,0.1,0.1,0.1
44.8,0.1,0.1,0.1,0.2
54.6,0.2,0.1,0.1,0.2
46.5,0.1,0.1,0.1,0.2
46.4,0.2,0.1,0.1,0.1
59.7,0.2,0.1,0.1,0.2
46.1,0.2,0.1,0.2,0.1
82.1,0.1,0.2,0.2,0.1
64.8,0.1,0.1,0.1,0.1
45.6,0.2,0.1,0.1,0.2
45.5,0.1,0.1,0.2,0.1
66.6,0.2,0.2,0.1,0.1
54.4,0.1,0.1,0.1,0.1
45.6,0.1,0.1,0.1,0.1
46.1,0.2,0.1,0.2,0.1
48.5,0.1,0.1,0.2,0.1
46.1,0.1,0.2,0.2,0.1
46.5,0.1,0.1,0.1,0.1
46,0.1,0.1,0.1,0.1
66.9,0.2,0.1,0.1,0.2
56.3,0.1,0.2,0.2,0.1
47.2,0.1,0.1,0.1,0.1
81.2,0.1,0.1,0.2,0.2
62.6,0.1,0.2,0.2,0.1
46.8,0.2,0.2,0.2,0.1
60.5,0.2,0.2,0.2,0.1
54.5,0.2,0.1,0.1,0.1
45.4,0.1,0.2,0.1,0.1
64.2,0.1,0.1,0.1,0.1
54.7,0.2,0.1,0.1,0.1
54,0.2,0.2,0.2,0.1
56.3,0.2,0.1,0.1,0.1
46.5,0.1,0.2,0.2,0.1
45.6,0.1,0.2,0.1,0.1
66.6,0.2,0.2,0.1,0.1
45,0.1,0.1,0.1,0.2
42.7,0.1,0.1,0.2,0.1
42.3,0.1,0.1,0.1,0.1
51.6,0.1,0.1,0.2,0.1
48.4,0.1,0.2,0.2,0.1
47,0.1,0.2,0.1,0.1
42.5,0.2,0.1,0.1,0.1
41.7,0.1,0.1,0.2,0.1
261.7,0.1,0.1,0.1,0.1
43.6,0.2,0.1,0.1,0.2
62.8,0.1,0.1,0.1,0.2
43.3,0.1,0.1,0.1,0.1
57.7,0.2,0.1,0.1,0.1
55.4,0.1,0.1,0.2,0.1
42.5,0.2,0.1,0.1,0.1
42.3,0.1,0.1,0.1,0.1
42.4,0.1,0.2,0.1,0.1
43.3,0.1,0.1,0.1,0.1
71.2,0.2,0.1,0.2,0.1
50.7,0.1,0.2,0.2,0.1
56.7,0.2,0.1,0.1,0.1
67.7,0.1,0.2,0.2,0.1
52.7,0.1,0.1,0.1,0.1
45.2,0.2,0.1,0.1,0.1
46.2,0.2,0.1,0.1,0.1
72,0.1,0.1,0.1,0.2
52.7,0.2,0.2,0.1,0.1
75.9,0.1,0.1,0.1,0.1
43.3,0.1,0.1,0.2,0.1
52,0.2,0.1,0.1,0.1
106.6,0.2,0.1,0.1,0.2
48.3,0.1,0.2,0.2,0.1
45.3,0.1,0.2,0.1,0.1
72.9,0.1,0.1,0.1,0.1
47.2,0.2,0.1,0.2,0.1
50.6,0.2,0.1,0.1,0.2
46.3,0.1,0.1,0.2,0.1
66.3,0.1,0.1,0.2,0.1
42.6,0.1,0.1,0.2,0.1
41.9,0.1,0.1,0.1,0.2
42.7,0.1,0.1,0.1,0.2
44.1,0.2,0.1,0.1,0.2
43.3,0.1,0.1,0.1,0.1
54.9,0.1,0.2,0.1,0.1
49.7,0.1,0.1,0.1,0.1
66.5,0.1,0.1,0.2,0.1
66.3,0.1,0.1,0.2,0.1
54.4,0.1,0.2,0.1,0.1
43.8,0.1,0.2,0.2,0.1
76.7,0.1,0.1,0.1,0.1
75.9,0.1,0.1,0.2,0.1
56.7,0.2,0.2,0.2,0.1
45.6,0.1,0.1,0.1,0.1
83.4,0.1,0.1,0.1,0.1
45.7,0.1,0.2,0.1,0.1
65.4,0.1,0.2,0.1,0.1
46.4,0.2,0.1,0.1,0.2
48.4,0.1,0.1,0.1,0.1
47.9,0.1,0.1,0.1,0.2
54.9,0.1,0.1,0.2,0.1
45.4,0.1,0.2,0.2,0.1
65.3,0.1,0.2,0.2,0.1
83.4,0.1,0.2,0.2,0.1
46.5,0.1,0.1,0.1,0.1
45.5,0.1,0.2,0.1,0.1
44.9,0.1,0.1,0.1,0.2
50.2,0.1,0.1,0.2,0.1
45.9,0.1,0.1,0.2,0.1
95.6,0.1,0.1,0.2,0.1
85.3,0.1,0.2,0.1,0.1
63.2,0.1,0.1,0.1,0.1
54.9,0.2,0.2,0.1,0.1
45.1,0.1,0.1,0.2,0.1
64.7,0.1,0.1,0.1,0.1
57.3,0.1,0.1,0.1,0.1
56.6,0.1,0.1,0.1,0.1
53.8,0.1,0.2,0.2,0.1
78.6,0.2,0.1,0.1,0.2
69.1,0.1,0.2,0.2,0.1
83.3,0.2,0.2,0.2,0.2
69.2,0.1,0.2,0.2,0.1
51.7,0.2,0.1,0.1,0.1
57.2,0.1,0.1,0.2,0.2
94.9,0.2,0.1,0.1,0.1
51.6,0.1,0.1,0.4,0.1
68.8,0.2,0.2,0.3,0.2
69.6,0.2,0.1,0.1,0.2
60.3,0.2,0.2,0.2,0.1
72.6,0.1,0.1,0.1,0.2
69.4,0.1,0.2,0.2,0.1
54.5,0.2,0.2,0.3,0.2
48.3,0.1,0.1,0.1,0.2
47.1,0.1,0.1,0.1,0.1
48.1,0.1,0.2,0.2,0.1
74.1,0.1,0.1,0.2,0.1
55.6,0.2,0.2,0.2,0.1
51.1,0.1,0.1,0.1,0.1
51,0.1,0.1,0.1,0.1
50.4,0.1,0.1,0.1,0.1
49.7,0.1,0.1,0.1,0.2
60.1,0.2,0.2,0.3,0.1
177,0.1,0.1,0.1,0.2
47.4,0.1,0.1,0.1,0.2
45.6,0.1,0.2,0.2,0.1
66.3,0.1,0.2,0.2,0.1
76.9,0.1,0.2,0.2,0.1
55.1,0.1,0.1,0.2,0.1
49.7,0.1,0.2,0.2,0.2
51.3,0.1,0.1,0.1,0.1
69.3,0.2,0.1,0.1,0.1
50.5,0.2,0.1,0.2,0.1
47.5,0.1,0.2,0.2,0.1
336.8,0.2,0.1,0.1,0.1
46.7,0.1,0.2,0.2,0.1
45.5,0.1,0.1,0.1,0.1
51.1,0.1,0.2,0.2,0.1
60.5,0.1,0.1,0.1,0.1
49.9,0.1,0.1,0.1,0.1
47.3,0.1,0.1,0.1,0.2
79.1,0.1,0.2,0.1,0.1
65.3,0.1,0.1,0.1,0.1
49.6,0.2,0.2,0.2,0.1
49.3,0.1,0.1,0.1,0.1
54.9,0.1,0.1,0.1,0.1
59.3,0.1,0.1,0.1,0.2
50.9,0.1,0.1,0.1,0.2
85.3,0.1,0.1,0.1,0.1
74.6,0.1,0.1,0.1,0.1
73.3,0.1,0.2,0.2,0.1
104.8,0.2,0.1,0.1,0.1
47.1,0.2,0.1,0.1,0.2
53.5,0.2,0.1,0.2,0.1
73.7,0.2,0.3,0.3,0.2
153.5,0.1,0.1,0.1,0.2
64.7,0.1,0.1,0.2,0.1
46,0.2,0.1,0.1,0.1
79.8,0.1,0.1,0.2,0.2
51.3,0.1,0.1,0.1,0.1
49.7,0.2,0.1,0.1,0.1
49.5,0.1,0.1,0.1,0.1
70.5,0.1,0.2,0.1,0.1
79.5,0.2,0.1,0.1,0.1
75,0.2,0.1,0.1,0.2
51.3,0.2,0.2,0.2,0.1
49.8,0.1,0.2,0.2,0.2
62.1,0.1,0.1,0.2,0.1
52,0.2,0.2,0.2,0.1
80.6,0.1,0.2,0.1,0.1
76.4,0.2,0.1,0.1,0.1
52.5,0.1,0.1,0.1,0.1
47.3,0.2,0.2,0.2,0.1
175.6,0.2,0.2,0.2,0.1
71.2,0.1,0.1,0.1,0.2
75.8,0.1,0.1,0.1,0.2
61.7,0.1,0.2,0.2,0.1
53,0.1,0.1,0.2,0.2
45.1,0.1,0.1,0.1,0.1
49.9,0.2,0.2,0.2,0.1
45.7,0.3,0.3,0.3,0.3
73.9,0.1,0.1,0.2,0.1
44.8,0.1,0.1,0.2,0.1
42.9,0.1,0.1,0.1,0.2
43.3,0.1,0.1,0.2,0.1
48.1,0.2,0.1,0.1,0.1
49,0.1,0.2,0.2,0.1
43.2,0.1,0.2,0.2,0.1
42.8,0.1,0.1,0.2,0.1
42.8,0.1,0.1,0.2,0.1
45.1,0.1,0.2,0.2,0.1
47.5,0.2,0.2,0.1,0.1
45.4,0.1,0.1,0.2,0.1
75.8,0.1,0.1,0.1,0.2
67.5,0.1,0.1,0.1,0.2
47.1,0.2,0.1,0.1,0.1
45.3,0.1,0.1,0.2,0.1
45,0.1,0.2,0.2,0.1
47.9,0.3,0.2,0.3,0.2
48.5,0.1,0.2,0.2,0.1
94.5,0.2,0.1,0.1,0.2
52.3,0.1,0.1,0.2,0.1
45.9,0.2,0.1,0.2,0.2
71.8,0.1,0.1,0.2,0.1
64.7,0.1,0.1,0.1,0.1
62.5,0.1,0.2,0.2,0.1
69.1,0.1,0.1,0.1,0.1
55.5,0.1,0.1,0.1,0.1
58.9,0.2,0.1,0.1,0.1
45.3,0.1,0.2,0.1,0.1
66,0.1,0.1,0.2,0.1
54.2,0.1,0.1,0.2,0.1
64.6,0.1,0.1,0.2,0.1
62.6,0.1,0.1,0.1,0.1
45.2,0.1,0.1,0.2,0.1
66.2,0.2,0.1,0.1,0.1
54.8,0.1,0.1,0.1,0.1
82.3,0.1,0.2,0.2,0.1
76.8,0.1,0.2,0.2,0.1
56.3,0.1,0.1,0.2,0.1
192.2,0.1,0.2,0.2,0.1
178.6,0.2,0.1,0.3,0.1
67.3,0.2,0.1,0.1,0.2
60.7,0.1,0.1,0.1,0.2
59.2,0.1,0.2,0.1,0.1
47,0.2,0.2,0.3,0.2
57.6,0.1,0.2,0.2,0.1
48.4,0.2,0.1,0.1,0.2
61.5,0.2,0.3,0.3,0.2
47.9,0.1,0.1,0.1,0.2
47.4,0.1,0.1,0.1,0.1
47.5,0.1,0.1,0.2,0.1
52.4,0.1,0.1,0.2,0.1
45.8,0.2,0.1,0.2,0.1
46,0.1,0.1,0.1,0.2
46,0.1,0.2,0.1,0.1
72.6,0.1,0.1,0.1,0.2
43,0.2,0.1,0.1,0.2
47.4,0.1,0.1,0.1,0.1
56.4,0.2,0.1,0.1,0.1
62,0.2,0.1,0.1,0.1
53.5,0.1,0.1,0.1,0.1
59.8,0.2,0.1,0.1,0.2
87.3,0.1,0.1,0.1,0.1
67.4,0.1,0.1,0.2,0.1
56.3,0.1,0.2,0.2,0.1
55.2,0.1,0.2,0.2,0.1
69.8,0.1,0.2,0.2,0.1
66.8,0.1,0.1,0.2,0.1
54.2,0.1,0.1,0.1,0.2
56.9,0.1,0.2,0.2,0.1
50.4,0.2,0.1,0.1,0.2
89.3,0.2,0.1,0.2,0.1
104.7,0.1,0.2,0.2,0.1
81.8,0.2,0.1,0.2,0.1
95.3,0.1,0.1,0.2,0.1
46.8,0.1,0.1,0.1,0.2
46.3,0.1,0.1,0.1,0.1
77.7,0.1,0.1,0.2,0.1
57.6,0.1,0.1,0.1,0.1
50.4,0.1,0.2,0.2,0.1
57.5,0.2,0.1,0.1,0.2
47,0.1,0.2,0.2,0.1
53.9,0.1,0.2,0.2,0.1
52.3,0.1,0.2,0.1,0.1
51.6,0.1,0.1,0.1,0.1
113.2,0.1,0.1,0.2,0.1
46.6,0.1,0.2,0.2,0.1
45.4,0.1,0.1,0.1,0.1
46.6,0.1,0.1,0.2,0.1
46.5,0.2,0.1,0.1,0.1
48.9,0.1,0.1,0.1,0.2
47.7,0.1,0.1,0.1,0.1
55.6,0.1,0.1,0.1,0.2
61.2,0.1,0.1,0.2,0.1
47.8,0.1,0.2,0.2,0.1
63.5,0.1,0.2,0.2,0.1
64.5,0.1,0.1,0.1,0.2
63.3,0.1,0.1,0.1,0.1
113.2,0.2,0.1,0.1,0.2
46.1,0.1,0.2,0.2,0.1
59.8,0.1,0.1,0.2,0.1
64.8,0.1,0.2,0.1,0.2
45.9,0.1,0.1,0.1,0.1
46.8,0.1,0.1,0.2,0.1
45.5,0.1,0.1,0.1,0.2
85.2,0.1,0.1,0.1,0.1
46.4,0.1,0.1,0.1,0.1
45.9,0.2,0.1,0.1,0.1
80.1,0.1,0.1,0.1,0.2
63.3,0.1,0.1,0.2,0.2
71.8,0.2,0.1,0.1,0.2
44.9,0.2,0.2,0.1,0.1
64.9,0.1,0.2,0.2,0.1
54.3,0.2,0.2,0.1,0.1
46,0.1,0.1,0.2,0.1
45.5,0.1,0.1,0.1,0.1
65.2,0.1,0.1,0.1,0.1
55.9,0.1,0.1,0.1,0.1
47.5,0.2,0.2,0.2,0.1
45.6,0.1,0.2,0.2,0.1
45,0.1,0.1,0.1,0.2
55.9,0.1,0.2,0.2,0.1
46,0.1,0.2,0.2,0.1
111.9,0.1,0.2,0.2,0.1
54.5,0.1,0.1,0.1,0.1
50.1,0.2,0.1,0.1,0.1
46.3,0.2,0.1,0.1,0.1
45.7,0.1,0.1,0.2,0.1
69.6,0.1,0.1,0.1,0.1
45.5,0.1,0.1,0.1,0.1
57.1,0.1,0.1,0.1,0.1
63.6,0.1,0.1,0.1,0.2
59.7,0.1,0.2,0.2,0.1
66.7,0.1,0.1,0.1,0.1
71.1,0.1,0.1,0.1,0.2
69.6,0.1,0.2,0.2,0.1
42.4,0.1,0.1,0.2,0.1
41.6,0.1,0.1,0.1,0.1
220.2,0.1,0.2,0.2,0.1
44,0.1,0.2,0.2,0.1
63.3,0.2,0.2,0.2,0.1
53.8,0.1,0.1,0.1,0.1
45.1,0.2,0.1,0.1,0.1
49.3,0.1,0.1,0.2,0.1
46.8,0.1,0.2,0.2,0.1
46.6,0.2,0.1,0.1,0.1
45.9,0.2,0.1,0.1,0.1
57,0.1,0.2,0.2,0.1
45,0.1,0.2,0.2,0.1
44.7,0.2,0.1,0.1,0.1
45.2,0.1,0.2,0.2,0.1
72.9,0.1,0.1,0.1,0.2
45.1,0.1,0.1,0.1,0.1
64.7,0.1,0.1,0.1,0.1
45,0.1,0.2,0.2,0.1
46.1,0.1,0.1,0.2,0.2
45.7,0.2,0.1,0.1,0.1
44.8,0.2,0.1,0.1,0.1
46.1,0.1,0.1,0.2,0.1
46.8,0.1,0.2,0.2,0.1
46.9,0.2,0.1,0.2,0.1
45.4,0.1,0.1,0.2,0.1
45.4,0.1,0.1,0.1,0.1
49.3,0.1,0.1,0.2,0.1
82.1,0.1,0.1,0.2,0.1
44.7,0.1,0.1,0.1,0.2
75.1,0.1,0.1,0.1,0.2
65.2,0.1,0.1,0.1,0.1
62,0.1,0.1,0.1,0.1
71.3,0.1,0.2,0.1,0.1
55,0.1,0.1,0.1,0.1
71.4,0.2,0.2,0.2,0.2
98.1,0.1,0.1,0.1,0.1
46.8,0.2,0.1,0.2,0.1
46.2,0.1,0.1,0.1,0.2
47.7,0.1,0.1,0.1,0.2
81.3,0.1,0.1,0.1,0.1
67.6,0.2,0.1,0.2,0.1
49.6,0.1,0.2,0.2,0.2
50.1,0.2,0.1,0.1,0.1
57.6,0.2,0.1,0.1,0.1
78.2,0.2,0.1,0.2,0.1
90.5,0.1,0.1,0.2,0.1
48.4,0.2,0.2,0.3,0.1
67.6,0.1,0.1,0.2,0.2
47.5,0.2,0.1,0.3,0.2
53,0.1,0.2,0.3,0.2
49.3,0.2,0.2,0.2,0.1
54.7,0.1,0.2,0.1,0.1
84.2,0.1,0.1,0.1,0.1
67.8,0.3,0.3,0.2,0.2
49.1,0.3,1.1,1.1,1.1
46.8,0.2,0.1,0.2,0.1
56.2,0.2,0.1,0.1,0.1
73.3,0.1,0.2,0.2,0.1
69.8,0.1,0.1,0.1,0.2
61.6,0.2,0.1,0.1,0.1
66.9,0.2,0.1,0.2,0.1
69.6,0.1,0.1,0.1,0.1
80.8,0.1,0.1,0.1,0.1
52.4,0.1,0.1,0.1,0.1
53.3,0.2,0.2,0.2,0.2
53.1,0.1,0.2,0.2,0.1
47,0.1,0.2,0.2,0.2
55.4,0.1,0.2,0.2,0.1
58.4,0.1,0.1,0.1,0.1
49.9,0.1,0.1,0.1,0.1
54.7,0.1,0.1,0.2,0.1
58.3,0.1,0.1,0.2,0.1
49,0.2,0.2,0.1,0.1
70.9,0.2,0.1,0.2,0.1
64.4,0.1,0.1,0.2,0.1
53.1,0.1,0.1,0.2,0.2
243.3,0.1,0.1,0.3,0.1
51,0.2,0.1,0.1,0.2
66.7,0.1,0.1,0.2,0.1
46.3,0.1,0.2,0.1,0.1
55.8,0.1,0.1,0.1,0.1
58.2,0.1,0.2,0.2,0.1
70,1,0.2,0.2,0.2
91.7,0.2,0.2,0.3,0.2
46.9,0.1,0.2,0.2,0.2
46.4,0.1,0.2,0.2,0.1
44.2,0.2,0.1,0.2,0.2
70.8,0.2,0.2,0.3,0.2
69.6,0.2,0.2,0.3,0.1
64.1,0.2,0.2,0.2,0.2
51.5,0.1,0.2,0.3,0.2
52.9,0.2,0.2,0.1,0.2
70.1,0.1,0.1,0.2,0.1
54,0.1,0.1,0.2,0.1
67.8,0.7,0.2,0.3,1
50.8,0.2,0.1,0.2,0.1
50.2,0.1,0.1,0.2,0.1
49.1,0.2,0.1,0.1,0.1
51.3,0.2,0.2,0.2,0.2
65.7,0.1,0.1,0.1,0.2
51.7,0.3,0.3,0.4,0.3
52,0.1,0.1,0.1,0.2
58.2,0.1,0.2,0.2,0.1
58.2,0.1,0.1,0.2,0.1
94.7,0.1,0.1,0.2,0.1
52.4,0.2,0.2,0.3,0.3
59.7,0.1,0.2,0.2,0.1
66.7,0.1,0.1,0.2,0.1
76.6,0.2,0.2,0.2,0.1
77.2,0.1,0.1,0.2,0.1
46.6,0.1,0.1,0.2,0.1
51.8,0.2,0.2,0.2,0.1
67.7,0.1,0.1,0.1,0.2
50.3,0.3,0.1,0.2,0.2
49.8,0.1,0.1,0.1,0.1
69,0.1,0.1,0.1,0.2
90.9,0.1,0.1,0.1,0.1
64.6,0.1,0.2,0.2,0.1
49.5,0.2,0.2,0.2,0.2
57.9,0.1,0.1,0.2,0.2
48.7,0.2,0.1,0.2,0.2
57,0.2,0.1,0.2,0.1
60.6,0.1,0.1,0.2,0.1
72.4,0.1,0.1,0.2,0.1
49.4,0.1,0.1,0.2,0.1
54.3,0.1,0.1,0.1,0.1
61.2,0.1,0.1,0.2,0.1
48.8,0.1,0.1,0.1,0.1
45.7,0.2,0.3,0.2,0.1
47.8,0.1,0.1,0.1,0.2
66.9,0.1,0.2,0.2,0.1
80.6,0.4,0.4,0.3,0.4
59.2,0.1,0.1,0.1,0.1
74.9,0.2,0.2,0.2,0.2
58.8,0.1,0.1,0.1,0.2
82.5,0.1,0.1,0.2,0.1
50.4,0.2,0.1,0.1,0.1
48.1,0.1,0.1,0.1,0.1
57,0.1,0.2,0.1,0.1
49.8,0.1,0.1,0.1,0.1
56.2,0.2,0.2,0.2,0.1
45.3,0.1,0.1,0.2,0.1
46,0.1,0.2,0.2,0.1
45.9,0.1,0.2,0.2,0.2
63.1,0.1,0.1,0.1,0.2
273.4,0.3,0.3,0.3,0.3
50.7,0.2,0.1,0.1,0.1
73.3,0.2,0.1,0.1,0.2
50.8,0.1,0.2,0.2,0.1
48.2,0.2,0.2,0.3,0.3
49,0.2,0.1,0.1,0.2
76.5,0.2,0.1,0.1,0.2
99.9,0.3,0.3,0.3,0.3
69.2,0.1,0.1,0.2,0.1
46.9,0.1,0.1,0.1,0.1
55,0.1,0.1,0.3,0.1
177.7,0.1,0.1,0.2,0.1
47.8,0.1,0.1,0.2,0.2
80.4,0.1,0.1,0.2,0.1
85.1,0.2,0.2,0.2,0.2
48.6,0.2,0.1,0.1,0.1
46.9,0.1,0.2,0.1,0.1
55.9,0.1,0.1,0.1,0.1
46.9,0.2,0.1,0.1,0.1
68.6,0.1,0.2,0.1,0.1
45.7,0.2,0.1,0.2,0.1
42.1,0.1,0.1,0.1,0.1
41.9,0.1,0.1,0.1,0.1
61,0.2,0.2,0.1,0.1
67.1,0.1,0.1,0.1,0.1
46.6,0.1,0.1,0.2,0.1
46.7,0.1,0.1,0.1,0.1
48,0.2,0.1,0.1,0.2
76.4,0.1,0.1,0.2,0.1
45.4,0.2,0.1,0.1,0.1
45.2,0.1,0.2,0.2,0.1
76.2,0.1,0.1,0.1,0.2
46.3,0.1,0.1,0.2,0.1
66,0.1,0.1,0.1,0.1
54.9,0.1,0.1,0.1,0.1
47.8,0.2,0.1,0.1,0.1
65.1,0.1,0.1,0.1,0.2
47.5,0.1,0.2,0.2,0.1
72.1,0.1,0.1,0.2,0.1
72.4,0.2,0.1,0.2,0.1
45.6,0.1,0.1,0.2,0.1
63.2,0.2,0.1,0.1,0.1
47.9,0.2,0.1,0.1,0.1
50.2,0.1,0.2,0.1,0.1
84.3,0.1,0.1,0.1,0.1
46.5,0.1,0.2,0.2,0.1
76.6,0.1,0.2,0.1,0.1
59.8,0.2,0.1,0.1,0.2
56.9,0.1,0.2,0.1,0.1
55.4,0.1,0.2,0.2,0.1
46.7,0.1,0.2,0.2,0.1
76.7,0.1,0.1,0.1,0.2
47.9,0.1,0.2,0.1,0.1
46.2,0.1,0.1,0.2,0.1
67.6,0.1,0.2,0.1,0.1
51.9,0.1,0.2,0.1,0.1
46.3,0.1,0.2,0.1,0.1
53.6,0.1,0.2,0.1,0.1
200.5,0.1,0.2,0.2,0.1
45.8,0.1,0.2,0.2,0.1
44,0.2,0.1,0.1,0.1
65.2,0.1,0.1,0.1,0.2
63.5,0.1,0.2,0.2,0.1
48.1,0.1,0.1,0.1,0.2
45.8,0.1,0.1,0.1,0.1
45,0.2,0.1,0.1,0.2
80.5,0.2,0.1,0.1,0.1
47.1,0.1,0.1,0.2,0.1
46.4,0.1,0.1,0.1,0.2
46.4,0.2,0.2,0.2,0.1
70.6,0.1,0.1,0.1,0.1
56.9,0.1,0.1,0.1,0.1
46.3,0.1,0.1,0.1,0.1
55.8,0.1,0.2,0.2,0.1
66.1,0.1,0.1,0.1,0.1
45.6,0.2,0.2,0.2,0.1
64.9,0.1,0.1,0.1,0.2
54.4,0.2,0.1,0.1,0.1
83.8,0.2,0.1,0.1,0.1
78.3,0.1,0.1,0.1,0.1
54.6,0.1,0.1,0.2,0.1
45.9,0.2,0.1,0.1,0.1
66,0.1,0.1,0.1,0.2
47.1,0.1,0.2,0.2,0.1
46.4,0.1,0.2,0.2,0.1
55.7,0.1,0.1,0.1,0.2
76.5,0.1,0.1,0.1,0.2
46.3,0.1,0.1,0.2,0.1
46.6,0.1,0.1,0.1,0.1
44.1,0.1,0.1,0.1,0.1
49.6,0.1,0.2,0.2,0.1
46.3,0.2,0.1,0.1,0.2
45.4,0.1,0.1,0.1,0.1
74.7,0.1,0.1,0.2,0.1
90.3,0.1,0.1,0.2,0.1
62.5,0.2,0.1,0.1,0.2
56.5,0.2,0.2,0.2,0.1
96.8,0.1,0.2,0.2,0.1
63.5,0.1,0.1,0.1,0.2
56.1,0.2,0.1,0.1,0.2
45.2,0.1,0.1,0.2,0.1
45.2,0.1,0.1,0.2,0.1
47.2,0.2,0.2,0.2,0.1
47,0.1,0.1,0.2,0.1
46.4,0.1,0.1,0.1,0.2
61.3,0.2,0.1,0.1,0.1
47.3,0.2,0.1,0.2,0.1
65.8,0.2,0.1,0.1,0.2
70.7,0.1,0.2,0.2,0.1
90.8,0.1,0.2,0.2,0.1
57.5,10.3,0.1,0.1,0.2
56,0.2,0.1,0.2,0.1
45.1,0.1,0.2,0.2,0.1
58.8,0.2,0.1,0.1,0.1
48.4,0.2,0.2,0.2,0.1
55.1,0.2,0.1,0.1,0.1
46.1,0.2,0.1,0.1,0.1
43.3,0.1,0.1,0.1,0.1
61.6,0.5,0.3,0.3,0.3
49.4,0.1,0.1,0.1,0.1
67.5,0.2,0.2,0.2,0.2
68.5,0.1,0.1,0.1,0.2
55.6,0.1,0.1,0.2,0.1
70.7,0.1,0.1,0.2,0.1
45.3,0.2,0.2,0.1,0.1
60.7,0.1,0.2,0.2,0.1
63.4,0.1,0.1,0.2,0.1
76.3,0.1,0.1,0.2,0.1
45,0.1,0.2,0.1,0.1
76.3,0.1,0.1,0.1,0.1
54.7,0.1,0.2,0.2,0.1
46.7,0.1,0.1,0.1,0.1
46.4,0.2,0.1,0.1,0.2
46.6,0.1,0.1,0.1,0.2
71.6,0.1,0.2,0.2,0.1
65,0.1,0.1,0.1,0.2
43.4,0.1,0.1,0.1,0.2
43.6,0.1,0.2,0.2,0.1
54.8,0.1,0.1,0.1,0.2
54.3,0.1,0.1,0.1,0.1
58.2,0.1,0.2,0.1,0.1
63.8,0.1,0.1,0.2,0.2
55.7,0.1,0.2,0.1,0.1
45.1,0.1,0.2,0.2,0.1
62.6,0.2,0.1,0.1,0.2
92.8,0.1,0.2,0.2,0.1
54.4,0.1,0.2,0.1,0.1
63.6,0.1,0.2,0.1,0.1
54.1,0.2,0.1,0.1,0.2
46.7,0.2,0.2,0.2,0.1
111.2,0.1,0.1,0.1,0.2
133.9,0.1,0.1,0.2,0.1
119.8,0.1,0.1,0.2,0.1
240.2,0.1,0.2,0.2,0.1
109,0.1,0.2,0.2,0.1
97.7,0.3,0.2,1.1,0.3
98.1,0.1,0.1,0.2,0.2
64.9,0.2,0.2,0.1,0.1
55.8,0.1,0.1,0.1,0.1
54.7,0.1,0.2,0.2,0.1
59.9,0.2,0.2,0.2,0.1
56.3,0.1,0.2,0.2,0.1
83.6,0.1,0.1,0.2,0.1
83.6,0.1,0.1,0.1,0.1
57.3,0.2,0.2,0.3,0.2
51,0.1,0.1,0.2,0.1
74.1,1.1,1.1,0.3,1.1
87.9,0.2,0.1,0.1,0.1
71.7,0.1,0.2,0.2,0.1
108.7,0.1,0.2,0.2,0.1
69.2,0.1,0.1,0.1,0.1
49.4,0.1,0.1,0.2,0.2
47.8,0.1,0.2,0.2,0.1
89.4,0.2,0.2,0.2,0.1
76.6,0.1,0.2,0.2,0.1
74.1,0.1,0.1,0.1,0.2
57.8,0.1,0.1,0.2,0.2
57.7,0.1,0.1,0.1,0.1
49.6,0.1,0.1,0.2,0.2
88.4,0.2,0.1,0.2,0.1
45.8,0.1,0.2,0.2,0.1
66.2,0.2,0.1,0.1,0.1
65.6,0.1,0.2,0.2,0.1
62.1,0.1,0.1,0.1,0.2
53.2,0.1,0.2,0.2,0.1
61.2,0.2,0.1,0.2,0.1
89.7,0.2,0.1,0.1,0.2
51.8,0.1,0.1,0.2,0.1
61.7,0.2,0.2,0.2,0.2
67.1,0.1,0.1,0.1,0.2
66.4,0.1,0.1,0.1,0.1
43.9,0.1,0.1,0.2,0.1
81.1,0.2,0.1,0.2,0.1
62.1,0.1,0.2,0.2,0.1
45.7,0.2,0.2,0.2,0.1
71.7,0.1,0.1,0.1,0.1
55.4,0.1,0.1,0.1,0.1
49.5,0.1,0.1,0.1,0.1
68.6,0.1,0.2,0.2,0.1
50,0.1,0.2,0.2,0.1
44.9,0.2,0.2,0.2,0.1
66.4,0.1,0.1,0.2,0.1
80,0.2,0.1,0.1,0.1
55,0.1,0.1,0.1,0.2
60.3,0.1,0.2,0.2,0.1
48.3,0.1,0.1,0.1,0.1
64.1,0.1,0.1,0.1,0.1
63.3,0.4,0.3,0.3,0.4
57.4,0.4,0.3,0.3,0.3
54.6,0.1,0.1,0.1,0.1
45.4,0.1,0.1,0.1,0.1
50.1,0.1,0.1,0.1,0.1
48.9,0.2,0.1,0.2,0.2
78.2,0.3,0.3,0.5,0.2
111.1,0.2,0.2,0.1,0.2
51.1,0.1,0.2,0.2,0.1
60.8,0.2,0.2,0.2,0.2
48.9,0.2,0.2,0.1,0.2
47.9,0.2,0.2,0.2,0.1
49.5,0.2,0.2,0.2,0.1
47.6,0.2,0.2,0.1,0.2
200.6,0.1,0.3,0.2,0.1
84.8,0.2,0.2,0.2,0.1
157.1,0.1,0.1,0.1,0.1
51.3,0.1,0.1,0.1,0.1
105.4,0.1,0.1,0.2,0.1
64.8,0.2,0.1,0.1,0.1
47.9,0.1,0.2,0.3,0.2
48.2,0.2,0.2,0.2,0.1
78.8,0.1,0.1,0.2,0.1
49.9,0.2,0.2,0.2,0.2
74.3,0.1,0.2,0.2,0.1
54.5,0.1,0.1,0.1,0.2
54.2,0.1,0.2,0.2,0.2
92.9,0.1,0.2,0.2,0.1
70.6,0.1,0.1,0.1,0.1
70.7,0.2,0.2,0.1,0.2
51,0.2,0.1,0.1,0.1
49.5,0.2,0.1,0.1,0.2
71.3,0.1,0.2,0.1,0.1
167,0.1,0.2,0.2,0.1
46.7,0.1,0.1,0.2,0.1
47.8,0.3,1,1.1,1
80.7,0.1,0.1,0.1,0.1
74.9,0.1,0.2,0.2,0.1
80.6,0.1,0.2,0.2,0.1
53.5,0.1,0.2,0.2,0.1
54.3,0.1,0.1,0.2,0.1
46.9,0.1,0.1,0.1,0.1
48.9,0.1,0.2,0.1,0.2
46.9,0.1,0.1,0.1,0.2
47.4,0.1,0.1,0.2,0.1
52.5,0.2,0.2,0.2,0.2
47.7,0.1,0.1,0.1,0.2
66.2,0.2,0.1,0.1,0.2
75.3,0.1,0.2,0.1,0.2
57.9,0.2,0.1,0.2,0.1
75.4,0.2,0.1,0.1,0.1
51.8,0.1,0.2,0.2,0.1
83.8,0.2,0.2,0.2,0.2
47.4,0.1,0.1,0.2,0.1
50.2,0.1,0.2,0.2,0.1
44.7,0.1,0.1,0.2,0.1
71.3,0.1,0.2,0.1,0.1
47.6,0.4,0.7,0.2,0.3
81.4,0.1,0.1,0.1,0.2
63.2,0.2,0.2,0.2,0.1
55.3,0.2,0.2,0.2,0.1
63.8,0.1,0.1,0.1,0.2
61.4,0.2,0.2,0.2,0.1
46.6,0.1,0.1,0.2,0.1
66.4,0.1,0.2,0.1,0.1
65.5,0.2,0.1,0.1,0.2
75.8,0.2,0.1,0.2,0.1
106.8,1.1,1.1,1,1.1
94.5,0.1,0.1,0.2,0.1
54.6,0.1,0.2,0.1,0.2
60.6,0.1,0.1,0.1,0.1
55.5,0.1,0.1,0.1,0.2
77,0.2,0.1,0.1,0.1
53.4,0.1,0.2,0.1,0.1
50,0.2,0.2,0.2,0.1
59.3,0.1,0.1,0.2,0.1
57.5,0.3,0.2,0.3,0.2
52.6,0.1,0.1,0.1,0.2
49.6,0.1,0.2,0.2,0.1
82.6,0.1,0.1,0.1,0.1
49.7,0.1,0.1,0.2,0.1
64.7,0.1,0.1,0.1,0.1
67.6,0.2,0.2,0.2,0.1
49.9,0.1,0.1,0.1,0.2
60.9,0.3,0.3,0.4,0.3
49.4,0.1,0.2,0.2,0.1
50.6,0.1,0.1,0.2,0.2
62.5,0.2,0.1,0.2,0.1
51.2,0.1,0.1,0.1,0.1
47.8,0.2,0.1,0.2,0.1
96.7,0.1,0.1,0.2,0.1
55,0.1,0.2,0.2,0.1
43.4,0.2,0.1,0.2,0.1
44.3,0.1,0.1,0.2,0.1
45.4,0.1,0.2,0.2,0.2
46.9,0.1,0.1,0.1,0.1
46.4,0.1,0.1,0.2,0.1
45.3,0.1,0.1,0.1,0.1
67.3,0.1,0.2,0.1,0.1
69.7,0.1,0.2,0.1,0.1
65.9,0.1,0.1,0.1,0.1
45.2,0.1,0.1,0.1,0.2
59.2,0.1,0.1,0.1,0.1
89.4,0.1,0.1,0.2,0.1
65.4,0.1,0.2,0.1,0.1
46,0.2,0.2,0.1,0.1
45.7,0.1,0.1,0.1,0.1
68.2,0.1,0.1,0.2,0.1
44.8,0.1,0.2,0.2,0.1
64.3,0.1,0.1,0.2,0.1
44.2,0.1,0.1,0.1,0.1
63.5,0.2,0.1,0.1,0.2
58.7,0.1,0.1,0.2,0.1
45.2,0.1,0.2,0.2,0.1
72.6,0.1,0.1,0.1,0.2
46.7,0.1,0.1,0.1,0.1
45.3,0.1,0.1,0.1,0.2
69.4,0.1,0.1,0.2,0.1
51.8,0.1,0.2,0.2,0.1
47,0.1,0.2,0.1,0.1
64.5,0.1,0.1,0.1,0.1
55.4,0.1,0.2,0.1,0.1
50.9,0.1,0.1,0.1,0.1
46.7,0.1,0.1,0.2,0.1
45.4,0.1,0.2,0.2,0.1
44.8,0.2,0.1,0.1,0.2
46.4,0.1,0.1,0.2,0.1
45.8,0.2,0.1,0.1,0.2
46.2,0.1,0.1,0.1,0.1
45.2,0.1,0.2,0.2,0.1
48.2,0.1,0.1,0.2,0.1
56.6,0.1,0.1,0.1,0.1
46.4,0.1,0.1,0.2,0.1
48,0.1,0.1,0.1,0.1
68,0.1,0.1,0.1,0.1
116.5,0.2,0.1,0.2,0.1
81.2,0.2,0.1,0.1,0.1
52.1,0.1,0.2,0.1,0.1
66.8,0.2,0.2,0.2,0.1
57.2,0.2,0.1,0.2,0.2
56.4,0.2,0.2,0.3,0.1
68.6,0.1,0.1,0.1,0.2
48.4,0.2,0.1,0.2,0.1
56.7,0.1,0.1,0.1,0.1
51.7,0.1,0.2,0.2,0.1
61.5,0.1,0.1,0.1,0.1
55.3,0.1,0.1,0.1,0.2
46.5,0.1,0.1,0.1,0.1
66.1,0.2,0.1,0.1,0.2
53.1,0.1,0.1,0.2,0.1
47.1,0.2,0.1,0.1,0.2
90,0.2,0.1,0.1,0.1
62.1,0.1,0.2,0.1,0.1
67.5,0.1,0.1,0.2,0.1
103,0.2,0.1,0.1,0.1
55.7,0.2,0.1,0.1,0.1
65.2,0.2,0.1,0.2,0.1
64.7,0.2,0.1,0.2,0.1
47.2,0.1,0.2,0.2,0.1
136.1,0.1,0.1,0.2,0.1
47.6,0.1,0.1,0.1,0.1
66.2,0.1,0.1,0.2,0.1
82.8,0.1,0.1,0.2,0.1
61.5,0.1,0.2,0.2,0.1
71,0.2,0.2,0.1,0.1
47.9,0.1,0.1,0.1,0.2
47.2,0.1,0.1,0.1,0.2
46.7,0.2,0.1,0.2,0.1
46.9,0.1,0.1,0.2,0.1
66.3,0.2,0.1,0.1,0.2
118.7,0.2,0.2,0.1,0.1
47.7,0.1,0.2,0.2,0.1
54.9,0.2,0.1,0.1,0.2
46,0.1,0.1,0.1,0.1
81.2,0.1,0.2,0.1,0.1
45.3,0.1,0.1,0.1,0.1
65,0.1,0.1,0.1,0.1
69.3,0.1,0.2,0.2,0.1
47.1,0.1,0.2,0.1,0.1
83.6,0.2,0.1,0.2,0.1
69.1,0.1,0.1,0.1,0.2
66.9,0.1,0.1,0.2,0.1
45.5,0.2,0.1,0.1,0.2
63.3,0.2,0.1,0.1,0.2
67.9,0.1,0.1,0.1,0.2
48.1,0.1,0.2,0.2,0.1
47.6,0.1,0.1,0.2,0.1
46.3,0.1,0.1,0.1,0.2
52.3,0.2,0.1,0.1,0.2
47.9,1.8,0.1,0.2,0.1
71.5,0.1,0.1,0.1,0.2
62.4,0.2,0.1,0.1,0.1
237.8,0.1,0.1,0.1,0.1
47.3,0.2,0.2,0.2,0.2
45.9,0.1,0.2,0.2,0.1
45.9,0.1,0.1,0.2,0.1
232.8,0.1,0.2,0.2,0.1
65.1,0.1,0.1,0.1,0.1
91.1,0.2,0.1,0.1,0.1
2314.9,0.1,0.1,0.1,0.2
1322.3,0.1,0.1,0.2,0.1
101.2,0.1,0.1,0.2,0.1
4907.2,0.1,0.2,0.1,0.1
106.2,0.1,0.2,0.2,0.1
74.5,0.1,0.1,0.2,0.1
112.4,0.1,0.2,0.2,0.1
60.6,0.1,0.1,0.1,0.2
64.6,0.2,0.1,0.2,0.1
73.6,0.1,0.1,0.1,0.2
67.3,0.3,0.2,0.3,0.2
47.5,0.1,0.2,0.2,0.1
48,0.1,0.2,0.1,0.1
48.6,0.1,0.1,0.2,0.1
84.3,0.1,0.1,0.1,0.1
103.1,0.1,0.2,0.1,0.1
47.1,0.3,11,1.2,1.1
50.8,0.1,0.1,0.1,0.1
81.7,0.2,0.1,0.2,0.1
78.7,0.3,0.4,0.4,0.3
70.1,0.1,0.2,0.2,0.1
70.5,0.7,1.1,0.2,1.1
68.1,0.3,0.2,0.3,0.6
47.2,0.1,0.2,0.2,0.1
61.8,0.1,0.2,0.2,0.1
73.9,0.5,0.3,0.4,0.8
60,0.1,0.1,0.1,0.1
69.7,0.1,0.2,0.1,0.1
60.5,0.2,0.1,0.1,0.1
507.2,0.1,0.1,0.1,0.1
62.7,0.1,0.2,0.2,0.1
69.2,0.1,0.1,0.1,0.1
70.3,0.3,0.3,0.2,0.3
67.6,0.2,0.2,0.2,0.1
91.6,0.2,0.2,0.2,0.2
109.1,0.2,0.1,0.1,0.1
80.8,0.2,1.1,2.3,0.3
54,0.1,0.1,0.1,0.2
90.3,0.1,0.2,0.2,0.1
74.9,0.6,0.3,0.4,0.4
68.7,0.4,0.5,0.6,0.3
109.2,0.4,0.4,0.4,0.3
49.4,0.3,0.3,0.4,0.3
52.5,0.1,0.2,0.2,0.1
70,0.3,0.2,0.3,0.3
56.4,0.1,0.1,0.1,0.1
54,0.2,0.2,0.2,0.1
58.9,0.3,0.2,0.3,0.3
52.8,0.2,0.2,0.3,0.2
52.7,0.1,0.1,0.2,0.1
180.2,0.1,0.1,0.1,0.1
48.6,0.2,0.1,0.2,0.2
52.8,0.2,0.2,0.3,0.2
50.7,0.2,0.2,0.2,0.2
52.7,0.6,0.3,0.4,0.4
55.8,0.2,0.1,0.4,0.2
48.5,0.2,0.2,0.2,0.1
74.5,0.1,0.1,0.1,0.1
64.6,0.3,0.3,0.5,0.3
207.6,0.1,0.2,0.2,0.1
59.9,0.1,0.2,0.1,0.2
47.8,0.1,0.2,0.2,0.1
48.3,0.1,0.1,0.1,0.1
176.3,0.4,0.3,0.4,0.2
51.4,0.2,0.2,0.2,0.1
63.6,0.1,0.1,0.1,0.1
83.6,0.1,0.1,0.1,0.1
63.8,0.3,0.3,0.3,0.3
50,0.1,0.2,0.3,0.2
47.9,0.2,0.2,0.3,0.2
54.5,0.2,0.1,0.3,0.2
50,0.2,0.2,0.2,0.2
62.8,0.2,0.2,0.2,0.1
90.1,0.2,0.2,0.2,0.2
74.4,0.1,0.2,0.3,0.2
57.9,0.2,0.1,0.5,0.1
56.6,0.2,0.2,0.2,0.2
63,0.2,0.1,0.2,0.1
306.3,0.2,0.2,0.3,0.2
66.4,0.1,0.1,0.1,0.1
62.8,0.1,0.1,0.1,0.1
98.3,0.1,0.1,0.1,0.1
53,0.1,0.1,0.1,0.1
56.1,0.2,0.2,0.2,0.2
71.6,0.1,0.1,0.2,0.1
69.9,0.2,0.2,0.3,0.1
60.2,0.1,0.2,0.1,0.1
53.7,0.1,0.2,0.1,0.1
46.8,0.2,0.2,0.2,0.1
55.5,0.2,0.1,0.4,0.1
50.7,0.1,0.1,0.1,0.2
58.7,0.1,0.1,0.1,0.1
174.1,0.1,0.1,0.1,0.2
52,0.4,0.3,0.3,0.3
49.6,0.1,0.2,0.2,0.1
59.8,0.1,0.1,0.2,0.1
55.3,0.2,0.1,0.1,0.2
73,0.2,0.2,0.2,0.1
51.4,0.1,0.1,0.1,0.1
159.9,0.2,0.2,0.2,0.2
74.2,0.4,0.3,1.1,0.3
70.8,0.1,0.1,0.1,0.1
129.3,0.2,0.1,0.1,0.2
48.9,0.1,0.2,0.2,0.1
61.1,0.1,0.1,0.1,0.1
49,0.2,0.1,0.2,0.1
73.8,0.1,0.2,0.2,0.1
57.6,0.1,0.2,0.1,0.1
50.1,0.1,0.2,0.2,0.1
92.1,0.2,0.1,0.2,0.1
49.5,0.1,0.2,0.2,0.1
79.5,0.1,0.1,0.1,0.1
69.4,0.1,0.2,0.1,0.1
100.6,0.1,0.2,0.2,0.1
70.9,0.1,0.1,0.1,0.1
68.8,0.1,0.1,0.1,0.2
71.2,0.1,0.2,0.3,0.2
63.3,0.1,0.2,0.2,0.1
46.1,0.1,0.1,0.1,0.1
57.8,0.1,0.1,0.2,0.1
55.9,0.1,0.1,0.1,0.1
46.3,0.1,0.1,0.1,0.1
69.5,0.2,0.1,0.2,0.1
68.4,0.1,0.1,0.1,0.2
49.5,0.2,0.2,0.2,0.1
85.8,0.1,0.2,0.1,0.1
83.3,0.1,0.1,0.1,0.2
72.7,0.2,0.1,0.2,0.1
65.6,0.2,0.2,0.3,0.2
58,0.1,0.2,0.2,0.1
81.2,0.2,0.2,0.3,0.2
54.6,0.2,0.1,0.2,0.1
47.1,0.1,0.1,0.2,0.1
140.6,0.2,0.2,0.3,0.2
57.1,0.1,0.2,0.2,0.1
69,0.3,0.3,0.3,0.3
74.6,0.1,0.1,0.1,0.1
66.7,0.1,0.2,0.2,0.1
79.4,0.2,0.1,0.1,0.2
52.8,0.2,0.2,0.1,0.2
74.3,0.1,0.2,10.5,0.1
64.5,0.1,0.1,0.3,0.1
55.4,0.1,0.1,0.1,0.1
64.1,0.1,0.2,0.2,0.1
54.2,0.1,0.1,0.2,0.1
54.9,0.1,0.2,0.2,0.1
58.9,0.1,0.1,0.1,0.2
50.7,0.2,0.2,0.2,0.2
54.2,0.2,0.1,0.1,0.1
78.3,0.1,0.1,0.1,0.2
69.1,0.1,0.1,0.1,0.2
47.9,0.1,0.2,0.2,0.1
71.4,0.1,0.2,0.2,0.1
81.5,0.1,0.1,0.1,0.1
66.6,0.2,0.2,0.2,0.1
43.8,0.1,0.2,0.2,0.1
43.9,0.2,0.1,0.1,0.2
55.5,0.1,0.2,0.2,0.1
46.2,0.2,0.1,0.1,0.2
42.6,0.1,0.1,0.1,0.1
59,0.1,0.2,0.2,0.1
45.4,0.1,0.1,0.2,0.1
81.9,0.1,0.2,0.2,0.1
45.2,0.1,0.1,0.2,0.1
45.3,0.2,0.1,0.2,0.1
45.1,0.1,0.2,0.2,0.1
54.5,0.1,0.2,0.2,0.1
50.8,0.1,0.2,0.2,0.1
46.3,0.1,0.2,0.2,0.1
45.6,0.1,0.1,0.1,0.1
56.6,0.1,0.2,0.2,0.1
47,0.1,0.2,0.1,0.1
45.4,0.1,0.1,0.2,0.1
49.7,0.2,0.1,0.1,0.1
82.5,0.2,0.1,0.1,0.1
46.3,0.1,0.1,0.1,0.2
79.6,0.1,0.1,0.1,0.1
45.4,0.1,0.1,0.2,0.1
62.6,0.1,0.1,0.1,0.1
55.5,0.1,0.1,0.2,0.1
45.7,0.1,0.1,0.1,0.1
47.7,0.1,0.2,0.1,0.1
46.3,0.1,0.1,0.1,0.1
66.1,0.1,0.1,0.1,0.2
46.9,0.1,0.2,0.2,0.1
46,0.2,0.1,0.1,0.2
62.9,0.2,0.1,0.2,0.1
63.8,0.2,0.1,0.1,0.1
54.7,0.2,0.1,0.1,0.1
45.2,0.1,0.1,0.2,0.1
65.8,0.1,0.1,0.1,0.1
46.5,0.1,0.2,0.2,0.1
49.5,0.1,0.2,0.1,0.1
46.9,0.1,0.1,0.2,0.1
66.8,0.2,0.1,0.2,0.1
56.1,0.1,0.1,0.1,0.1
59.1,0.1,0.1,0.1,0.1
63.8,0.1,0.2,0.2,0.1
68.9,0.1,0.1,0.2,0.1
46,0.1,0.2,0.1,0.1
45.1,0.1,0.2,0.1,0.1
45.4,0.2,0.1,0.1,0.1
45.7,0.2,0.1,0.1,0.1
56.4,0.1,0.2,0.1,0.1
68,0.2,0.1,0.2,0.1
45.6,0.2,0.1,0.2,0.1
66.2,0.1,0.2,0.2,0.1
46.2,0.1,0.2,0.1,0.1
46.7,0.1,0.2,0.1,0.1
46.9,0.1,0.1,0.2,0.1
49.1,0.2,0.1,0.1,0.2
46.9,0.1,0.1,0.1,0.1
46,0.1,0.2,0.1,0.1
45.7,0.1,0.1,0.1,0.1
48.2,0.1,0.2,0.1,0.1
65.7,0.1,0.1,0.2,0.2
54.2,0.1,0.1,0.1,0.1
45.7,0.1,0.2,0.2,0.1
46.6,0.1,0.1,0.1,0.1
46.3,0.1,0.2,0.2,0.1
56.3,0.1,0.1,0.2,0.1
57.6,0.1,0.1,0.2,0.1
45,0.1,0.1,0.1,0.1
45.4,0.1,0.2,0.1,0.1
207.4,0.1,0.1,0.2,0.2
84.1,0.1,0.2,0.1,0.1
60.8,0.1,0.1,0.1,0.1
42.2,0.2,0.1,0.1,0.1
260,0.1,0.2,0.1,0.1
44.9,0.2,0.1,0.2,0.1
86.9,0.2,0.2,0.2,0.1
55.7,0.1,0.2,0.1,0.1
67,0.1,0.2,0.1,0.1
64.6,0.2,0.2,0.2,0.1
55.2,0.1,0.1,0.2,0.1
45.1,0.1,0.1,0.2,0.1
67,0.2,0.2,0.1,0.1
64.9,0.1,0.2,0.2,0.1
63.8,0.1,0.1,0.2,0.1
54.2,0.1,0.1,0.1,0.2
42.1,0.1,0.1,0.2,0.1
44.8,0.1,0.1,0.1,0.2
42.5,0.2,0.1,0.1,0.2
42.7,0.2,0.1,0.1,0.1
41.5,0.1,0.1,0.2,0.1
44.4,0.2,0.2,0.2,0.1
64.2,0.1,0.2,0.1,0.1
63.8,0.1,0.2,0.1,0.1
90.5,0.2,0.1,0.2,0.1
59.3,0.1,0.1,0.1,0.1
51.7,0.1,0.1,0.2,0.1
96,0.1,0.1,0.1,0.2
45.7,0.1,0.1,0.2,0.2
46.3,0.1,0.1,0.2,0.1
45.9,0.2,0.1,0.1,0.2
45,0.1,0.2,0.1,0.1
110.2,0.1,0.1,0.1,0.2
105.2,0.2,0.2,0.2,0.2
106.3,0.1,0.1,0.1,0.1
108,0.1,0.1,0.1,0.1
118.4,0.2,0.1,0.1,0.2
98.9,0.1,0.2,0.2,0.1
148.1,0.1,0.2,0.1,0.1
111.4,0.2,0.2,0.2,0.5
110.1,0.1,0.1,0.2,0.1
280.7,0.1,0.1,0.1,0.1
62.3,0.1,0.2,0.2,0.1
69,0.1,0.1,0.1,0.2
59.7,0.2,0.2,0.2,0.1
69.4,0.2,0.1,0.2,0.1
58.1,0.1,0.1,0.1,0.1
58.1,0.4,0.3,0.4,0.3
69,0.2,0.1,0.1,0.1
63.3,0.1,0.1,0.2,0.2
56.8,0.1,0.1,0.1,0.2
46.4,0.2,0.1,0.1,0.1
48.1,0.2,0.1,0.1,0.1
55.5,0.2,0.2,0.2,0.1
49.9,0.1,0.1,0.1,0.2
72.6,0.1,0.2,0.1,0.1
90.8,0.3,0.3,0.4,0.3
108.7,0.2,0.1,0.2,0.1
46.8,0.1,0.2,0.2,0.1
56.2,0.2,0.2,0.3,0.1
46.2,0.2,0.1,0.2,0.1
170.8,0.3,0.2,0.3,0.3
104.8,0.1,0.1,0.1,0.2
50.9,0.1,0.2,0.1,0.1
55.3,0.3,0.4,0.4,0.3
64.1,0.3,0.4,0.4,0.3
356.8,0.1,0.1,0.3,0.1
60.8,0.3,0.3,0.4,0.3
56.1,0.1,0.1,0.1,0.1
51.6,0.3,1.1,1.2,1
54.7,0.2,0.1,0.1,0.1
48.6,0.1,0.2,0.2,0.1
57.6,0.3,0.2,0.3,0.2
63.8,0.3,0.2,0.2,0.2
62.3,0.1,0.1,0.2,0.1
292.7,0.1,0.1,0.1,0.2
50.4,0.1,0.2,0.1,0.1
55.4,0.1,0.1,0.1,0.2
70.3,0.1,0.1,0.2,0.1
72.6,0.2,0.1,0.1,0.1
49.6,10.3,0.1,0.1,0.1
59.3,0.1,0.1,0.1,0.1
77.5,0.2,0.2,0.2,0.2
48.1,0.2,0.2,0.2,0.1
48.2,0.2,0.2,0.2,0.1
45.1,0.2,0.2,0.2,0.1
56,0.2,0.2,0.2,0.1
54.1,0.1,0.2,0.2,0.1
69.4,0.2,0.1,0.2,0.1
51.8,0.2,0.1,0.2,0.1
50.8,0.1,0.1,0.1,0.1
48.3,0.1,0.2,0.1,0.2
68,0.1,0.2,0.2,0.1
200.9,0.1,0.1,0.1,0.2
66.8,0.1,0.1,0.1,0.2
65.9,0.1,0.1,0.2,0.1
57.5,0.1,0.1,0.1,0.2
73.7,0.1,0.2,0.2,0.2
52.3,0.2,0.1,0.2,0.1
46.6,0.1,0.1,0.2,0.1
59.7,0.1,0.1,0.2,0.1
68.5,0.1,0.1,0.2,0.1
48.6,0.1,0.1,0.1,0.2
49.3,0.1,0.1,0.1,0.1
81.4,0.1,0.1,0.2,0.1
49.4,0.2,0.1,0.1,0.2
66.7,0.1,0.1,0.1,0.2
46.9,0.2,0.1,0.1,0.1
56.2,0.1,0.2,0.2,0.1
51.7,0.1,0.2,0.2,0.1
49.5,0.2,0.1,0.1,0.2
52.9,0.1,0.1,0.1,0.1
51.7,0.2,0.2,0.2,0.1
81.4,0.1,0.2,0.1,0.1
48.1,0.2,0.1,0.1,0.1
68.9,0.2,0.1,0.1,0.1
77.4,0.1,0.1,0.1,0.1
74.5,0.1,0.1,0.2,0.1
73.8,0.1,0.1,0.1,0.1
55,0.1,0.1,0.1,0.1
48.6,0.1,0.1,0.1,0.1
96.9,0.1,0.2,0.2,0.1
175.9,0.1,0.2,0.2,0.1
61.6,0.2,0.1,0.2,0.2
49.3,0.1,0.2,0.2,0.1
53.7,0.1,0.2,0.1,0.1
57,0.1,0.2,0.2,0.1
56.2,0.1,0.1,0.2,0.1
80.2,0.1,0.2,0.2,0.1
98.3,0.1,0.1,0.1,0.1
50.8,0.1,0.2,0.1,0.1
50.3,0.1,0.1,0.2,0.1
55.3,0.2,0.1,0.1,0.2
81.8,0.1,0.1,0.2,0.1
63.8,0.1,0.1,0.1,0.1
59.4,0.3,0.5,0.4,0.4
50.2,0.3,0.2,0.4,0.3
82.1,0.1,0.2,0.2,0.1
58.5,0.1,0.2,0.1,0.1
75.6,0.1,0.2,0.2,0.1
50.5,0.1,0.1,0.1,0.2
53.1,0.1,0.1,0.2,0.1
47.4,0.1,0.1,0.1,0.2
49.6,0.1,0.1,0.1,0.1
45.8,0.1,0.1,0.1,0.2
46.5,0.1,0.1,0.2,0.1
44.5,0.1,0.2,0.1,0.1
69.4,0.2,0.1,0.1,0.2
49,0.1,0.1,0.1,0.1
50,0.1,0.1,0.2,0.1
63.2,0.1,0.1,0.1,0.1
52.9,0.1,0.1,0.2,0.1
79.9,0.1,0.2,0.2,0.1
76,0.2,0.2,0.2,0.1
52.6,0.2,0.1,0.1,0.1
48.8,0.2,0.1,0.1,0.1
47.8,0.1,0.1,0.2,0.1
76.3,0.2,0.2,0.2,0.1
120.6,0.1,0.1,0.1,0.1
63.4,0.1,0.1,0.1,0.1
51.3,0.1,0.1,0.2,0.1
49.3,0.2,0.1,0.2,0.1
89.2,0.1,0.1,0.1,0.2
52,0.1,0.2,0.2,0.1
68.2,0.1,0.1,0.2,0.1
57.4,0.2,0.1,0.2,0.1
48.5,0.1,0.1,0.1,0.1
48.4,0.3,0.2,0.3,0.3
56.6,0.2,0.1,0.1,0.2
67,0.1,0.1,0.1,0.1
63.8,0.1,0.2,0.1,0.1
64.6,0.1,0.2,0.2,0.1
53.8,0.1,0.1,0.2,0.1
51.5,0.1,0.2,0.2,0.1
53,0.1,0.1,0.1,0.1
50.9,0.1,0.2,0.2,0.1
72.8,0.2,0.1,0.2,0.2
48.8,0.2,0.1,0.1,0.2
60.6,0.2,0.1,0.1,0.2
50.1,0.1,0.1,0.2,0.2
50.1,0.1,0.1,0.1,0.1
68.6,0.1,0.2,0.2,0.1
103.9,0.1,0.2,0.1,0.1
43.8,0.2,0.1,0.1,0.2
43.5,0.1,0.2,0.2,0.1
43.2,0.1,0.1,0.1,0.1
42.9,0.1,0.2,0.2,0.1
66.3,0.1,0.1,0.2,0.1
46.8,0.2,0.1,0.1,0.1
55.8,0.1,0.1,0.1,0.1
43.5,0.2,0.1,0.2,0.1
53.6,0.1,0.1,0.2,0.1
42.9,0.1,0.1,0.2,0.1
43.1,0.2,0.2,0.2,0.1
43.1,0.1,0.1,0.1,0.2
44.6,0.1,0.2,0.1,0.1
65,0.1,0.1,0.2,0.1
69.1,0.2,0.1,0.1,0.1
53.1,0.1,0.2,0.2,0.1
84.7,0.1,0.2,0.1,0.2
50.4,0.2,0.1,0.1,0.1
56.3,0.2,0.2,0.2,0.1
44.9,0.1,0.2,0.1,0.1
64.6,0.1,0.2,0.2,0.1
59.1,0.1,0.1,0.2,0.1
54.3,0.1,0.2,0.2,0.1
78.4,0.2,0.1,0.1,0.2
123.3,0.1,0.1,0.2,0.1
59,0.2,0.1,0.1,0.1
45,0.2,0.1,0.1,0.2
63.9,0.2,0.1,0.1,0.1
51.5,0.2,0.1,0.1,0.1
62.5,0.1,0.1,0.2,0.1
46.7,0.1,0.1,0.1,0.2
195.7,0.1,0.2,0.2,0.1
48,0.1,0.2,0.1,0.1
67.3,0.1,0.1,0.1,0.1
57.3,0.2,0.1,0.1,0.1
50.3,0.1,0.1,0.1,0.2
47.2,0.1,0.1,0.1,0.1
79.5,0.1,0.2,0.1,0.1
77.5,0.2,0.1,0.3,0.2
67.5,0.2,0.1,0.1,0.2
66.7,0.2,0.1,0.2,0.1
48,0.2,0.2,0.2,0.1
47.3,0.1,0.1,0.2,0.1
56.9,0.1,0.1,0.2,0.1
46,0.2,0.1,0.1,0.1
123,0.1,0.1,0.1,0.2
46.3,0.1,0.1,0.2,0.1
48.7,0.1,0.1,0.1,0.1
46.1,0.2,0.1,0.1,0.1
46.7,0.1,0.1,0.1,0.1
45.7,0.1,0.1,0.2,0.1
46,0.1,0.2,0.1,0.1
69.6,0.1,0.1,0.2,0.1
65.9,0.1,0.1,0.2,0.1
46.9,0.1,0.1,0.2,0.2
69.9,0.1,0.2,0.2,0.1
54.9,0.1,0.1,0.2,0.1
58,0.1,0.1,0.1,0.2
46.4,0.1,0.2,0.1,0.1
45.5,0.1,0.1,0.2,0.1
183.9,0.2,0.1,0.1,0.2
66.1,0.2,0.2,0.1,0.1
61.9,0.1,0.1,0.2,0.1
54.4,0.2,0.1,0.1,0.1
48.5,0.1,0.2,0.2,0.1
71.3,0.1,0.1,0.1,0.1
45.6,0.2,0.1,0.1,0.2
45.1,0.1,0.1,0.2,0.1
229.4,0.2,0.2,0.2,0.1
48.3,0.1,0.2,0.2,0.1
48.6,0.1,0.1,0.1,0.2
45.5,0.1,0.2,0.2,0.1
66.8,0.1,0.1,0.2,0.1
66.8,0.1,0.1,0.2,0.1
63.5,0.1,0.1,0.1,0.2
58.8,0.1,0.1,0.2,0.1
79,0.1,0.1,0.1,0.1
54.7,0.1,0.1,0.1,0.1
79.7,0.2,0.1,0.1,0.1
55.6,0.2,0.1,0.1,0.1
54.7,0.1,0.1,0.2,0.1
46,0.2,0.1,0.2,0.1
44.7,0.1,0.1,0.1,0.1
65.1,0.1,0.2,0.2,0.1
82.6,0.2,0.1,0.1,0.1
46.6,0.1,0.1,0.1,0.1
96.1,0.1,0.1,0.2,0.1
57.5,0.2,0.1,0.2,0.1
62.1,0.1,0.2,0.1,0.1
68.9,0.1,0.2,0.1,0.1
73,0.2,0.1,0.2,0.1
49.1,0.1,0.1,0.1,0.1
55.5,0.1,0.1,0.2,0.1
53.4,0.1,0.1,0.1,0.1
43.6,0.1,0.1,0.2,0.1
48.7,0.1,0.1,0.1,0.1
65,0.1,0.2,0.2,0.1
46.4,0.1,0.2,0.2,0.1
64.4,0.1,0.1,0.2,0.1
47.8,0.2,0.1,0.1,0.1
47.3,0.1,0.1,0.2,0.1
55.4,0.1,0.2,0.2,0.1
46.3,0.1,0.2,0.2,0.1
49.3,0.1,0.1,0.1,0.1
58.5,0.1,0.2,0.2,0.1
