0,0.3,0.1,0.1,0.1
0,0.3,0.1,0.2,0.2
0,0.3,0.1,0.2,0.1
0,0.3,0.1,0.1,0.2
0,0.3,0.1,0.2,0.1
0,0.3,0.1,0.2,0.2
0,0.3,0.1,0.1,0.1
0,0.2,0.1,0.1,0.1
0,0.3,0.1,0.1,0.2
0,0.2,0.1,0.1,0.2
0,0.2,0.1,0.2,0.1
0,0.2,0.1,0.1,0.1
0,0.2,0.1,0.1,0.1
0,0.2,0.1,0.1,0.1
0,0.2,0.2,0.1,0.1
0,0.2,0.1,0.1,0.2
0,0.2,0.1,0.1,0.1
0,0.2,0.1,0.2,0.1
0,0.2,0.1,0.2,0.1
0,0.2,0.2,0.1,0.1
0,0.4,0.2,0.2,0.1
0,0.2,0.1,0.1,0.1
0,0.2,0.1,0.1,0.2
0,0.2,0.1,0.2,0.1
0,0.3,0.1,0.1,0.2
0,0.2,0.1,0.2,0.1
0,0.2,0.1,0.2,0.1
0,0.2,0.1,0.2,0.1
0,0.2,0.1,0.1,0.2
0,0.2,0.1,0.1,0.1
0,0.3,0.2,0.1,0.2
0,0.2,0.2,0.2,0.1
0,0.2,0.1,0.2,0.1
0,0.2,0.1,0.2,0.1
0,0.3,0.1,0.1,0.2
0,0.3,0.1,0.2,0.2
0,0.2,0.1,0.1,0.1
0,0.2,0.1,0.2,0.1
0,0.3,0.2,0.2,0.1
0,0.2,0.1,0.1,0.2
0,0.3,0.1,0.1,0.1
0,0.3,0.1,0.1,0.2
0,0.2,0.1,0.2,0.1
0,0.2,0.1,0.2,0.1
0,0.2,0.2,0.1,0.1
0,0.3,0.1,0.1,0.1
0,0.2,0.1,0.2,0.1
0,0.2,0.2,0.2,0.1
0,0.2,0.2,0.2,0.1
0,0.3,0.1,0.2,0.1
0,0.2,0.1,0.1,0.2
0,0.2,0.1,0.1,0.1
0,0.2,0.1,0.1,0.1
0,0.2,0.1,0.2,0.1
0,0.2,0.1,0.1,0.1
0,0.2,0.1,0.2,0.1
0,0.3,0.1,0.2,0.1
0,0.2,0.2,0.2,0.1
0,0.2,0.1,0.1,0.1
0,0.2,0.1,0.2,0.1
0,0.2,0.2,0.2,0.1
0,0.3,0.1,0.1,0.2
0,0.2,0.1,0.2,0.1
0,0.2,0.1,0.1,0.2
0,0.3,0.2,0.2,0.1
0,0.3,0.1,0.2,0.1
0,0.2,0.1,0.1,0.1
0,0.2,0.1,0.1,0.1
0,0.2,0.2,0.1,0.1
0,0.3,0.1,0.1,0.2
0,0.2,0.1,0.2,0.1
0,0.3,0.1,0.2,0.1
0,0.2,0.1,0.1,0.1
0,0.4,0.1,0.2,0.2
0,0.4,0.1,0.1,0.1
0,0.3,0.2,0.1,0.1
0,0.3,0.1,0.2,0.1
0,0.7,0.3,0.5,0.1
0,0.2,0.1,0.1,0.1
0,0.3,0.2,0.2,0.1
0,0.3,0.1,0.1,0.2
0,0.2,0.2,0.1,0.1
0,0.3,0.1,0.2,0.1
0,0.3,0.1,0.2,0.1
0,0.3,0.1,0.1,0.1
0,0.2,0.2,0.2,0.1
0,0.2,0.2,0.2,0.1
0,0.2,0.2,0.2,0.1
0,0.2,0.1,0.1,0.1
0,0.2,0.2,0.1,0.1
0,0.2,0.2,0.2,0.1
0,0.2,0.2,0.2,0.2
0,0.3,0.1,0.1,0.2
0,0.2,0.2,0.1,0.1
0,0.2,0.1,0.1,0.2
0,0.2,0.2,0.1,0.1
0,0.2,0.1,0.1,0.1
0,0.2,0.1,0.1,0.2
0,0.3,0.2,0.2,0.2
0,0.2,0.1,0.2,0.1
0,0.4,0.3,0.4,0.4
0,0.3,0.1,0.1,0.1
0,0.2,0.2,0.2,0.1
0,0.2,0.1,0.1,0.2
0,0.2,0.1,0.1,0.1
0,0.2,0.2,0.2,0.1
0,0.3,0.1,0.2,0.1
0,0.2,0.2,0.2,0.1
0,0.2,0.1,0.2,0.1
0,0.3,0.1,0.2,0.1
0,0.3,0.1,0.2,0.1
0,0.2,0.1,0.1,0.1
0,0.2,0.2,0.2,0.2
0,0.3,0.1,0.2,0.1
0,0.2,0.1,0.2,0.1
0,0.2,0.1,0.1,0.1
0,0.3,0.2,0.2,0.1
0,0.2,0.1,0.1,0.1
0,0.2,0.1,0.2,0.1
0,0.2,0.1,0.1,0.1
0,0.2,0.2,0.1,0.2
0,0.3,0.2,0.1,0.1
0,0.2,0.2,0.1,0.1
0,0.3,0.1,0.2,0.1
0,0.2,0.1,0.2,0.1
0,0.2,0.2,0.1,0.1
0,0.2,0.2,0.1,0.1
0,0.2,0.1,0.1,0.1
0,0.2,0.2,0.2,0.1
0,0.3,0.1,0.2,0.1
0,0.3,0.2,0.1,0.1
0,0.2,0.2,0.1,0.1
0,0.3,0.2,0.1,0.1
0,0.3,0.2,0.2,0.1
0,0.2,0.1,0.2,0.1
0,0.2,0.2,0.2,0.4
0,0.2,0.2,0.2,0.1
0,0.2,0.1,0.2,0.1
0,0.3,0.1,0.2,0.1
0,0.3,0.1,0.2,0.1
0,0.2,0.1,0.1,0.1
0,0.2,0.2,0.1,0.1
0,0.2,0.1,0.1,0.1
0,0.2,0.1,0.2,0.1
0,0.3,0.1,0.2,0.1
0,0.2,0.1,0.1,0.1
0,0.3,0.1,0.1,0.1
0,0.3,0.2,0.2,0.1
0,0.2,0.2,0.2,0.1
0,0.2,0.1,0.1,0.1
0,0.3,0.1,0.1,0.1
0,0.2,0.1,0.2,0.1
0,0.2,0.1,0.2,0.1
0,0.2,0.1,0.2,0.1
0,0.2,0.1,0.2,0.1
0,0.3,0.2,0.1,0.1
0,0.2,0.1,0.1,0.1
0,0.2,0.1,0.1,0.2
0,0.2,0.1,0.2,0.1
0,0.2,0.2,0.2,0.2
0,0.2,0.1,0.1,0.1
0,0.2,0.1,0.1,0.2
0,0.2,0.1,0.2,0.1
0,0.3,0.1,0.2,0.1
0,0.2,0.2,0.1,0.1
0,0.2,0.2,0.1,0.1
0,0.2,0.2,0.1,0.1
0,0.2,0.2,0.1,0.1
0,0.2,0.1,0.1,0.1
0,0.3,0.1,0.1,0.1
0,0.3,0.1,0.1,0.1
0,0.2,0.1,0.1,0.2
0,0.2,0.1,0.1,0.2
0,0.2,0.1,0.1,0.1
0,0.3,0.1,0.2,0.1
0,0.3,0.1,0.1,0.2
0,0.3,0.2,0.2,0.1
0,0.2,0.1,0.1,0.1
0,0.3,0.1,0.2,0.1
0,0.2,0.1,0.1,0.2
0,0.3,0.1,0.1,0.2
0,0.3,0.1,0.1,0.1
0,0.3,0.1,0.2,0.1
0,0.3,0.1,0.2,0.1
0,0.3,0.2,0.1,0.1
0,0.3,0.2,0.1,0.1
0,0.3,0.1,0.2,0.1
0,0.3,0.1,0.1,0.2
0,0.2,0.1,0.2,0.1
0,0.3,0.1,0.1,0.2
0,0.2,0.1,0.1,0.1
0,0.2,0.2,0.1,0.1
0,0.3,0.1,0.1,0.2
0,0.2,0.2,0.1,0.1
0,0.2,0.2,0.2,0.1
0,0.2,0.1,0.2,0.1
0,0.2,0.2,0.1,0.1
0,0.3,0.1,0.2,0.1
0,0.2,0.1,0.2,0.1
0,0.2,0.1,0.1,0.1
0,0.2,0.2,0.2,0.2
0,0.2,0.1,0.1,0.2
0,0.2,0.1,0.2,0.1
0,0.3,0.1,0.1,0.1
0,0.2,0.1,0.1,0.1
0,0.2,0.1,0.1,0.2
0,0.2,0.1,0.1,0.1
0,0.3,0.1,0.1,0.1
0,0.2,0.1,0.2,0.1
0,0.2,0.1,0.2,0.1
0,0.2,0.2,0.1,0.1
0,0.2,0.2,0.1,0.1
0,0.3,0.1,0.2,0.1
0,0.5,0.3,0.3,0.2
0,0.2,0.1,0.1,0.1
0,0.2,0.1,0.1,0.1
0,0.2,0.1,0.1,0.1
0,0.2,0.1,0.1,0.1
0,0.3,0.1,0.2,0.1
0,0.2,0.2,0.2,0.1
0,0.2,0.1,0.2,0.1
0,0.3,0.1,0.2,0.1
0,0.2,0.2,0.1,0.1
0,0.2,0.2,0.1,0.1
0,0.2,0.2,0.2,0.1
0,0.2,0.1,0.1,0.2
0,0.2,0.1,0.1,0.1
0,0.2,0.2,0.2,0.1
0,0.2,0.1,0.2,0.1
0,0.2,0.2,0.1,0.1
0,0.2,0.2,0.1,0.1
0,0.2,0.1,0.1,0.2
0,0.3,0.1,0.1,0.2
0,0.2,0.1,0.1,0.1
0,0.2,0.1,0.2,0.2
0,0.3,0.1,0.1,0.2
0,0.2,0.1,0.1,0.1
0,0.2,0.2,0.2,0.1
0,0.2,0.2,0.1,0.1
0,0.2,0.1,0.2,0.1
0,0.2,0.1,0.2,0.1
0,0.2,0.2,0.1,0.1
0,0.2,0.1,0.1,0.2
0,0.2,0.1,0.1,0.2
0,0.2,0.1,0.1,0.1
0,0.2,0.1,0.2,0.1
0,0.3,0.1,0.2,0.1
0,0.2,0.1,0.1,0.1
0,0.3,0.1,0.2,0.1
0,0.2,0.1,0.2,0.1
0,0.3,0.1,0.2,0.1
0,0.2,0.1,0.1,0.1
0,0.2,0.1,0.1,0.1
0,0.2,0.2,0.2,0.1
0,0.2,0.2,0.2,0.1
0,0.2,0.2,0.2,0.1
0,0.2,0.1,0.1,0.2
0,0.3,0.1,0.2,0.1
0,0.3,0.1,0.1,0.1
0,0.3,0.1,0.1,0.1
0,0.3,0.1,0.1,0.1
0,0.4,0.1,0.1,0.1
0,0.2,0.2,0.1,0.2
0,0.5,0.2,0.2,0.1
0,0.5,0.2,0.2,0.2
0,0.2,0.2,0.2,0.2
0,0.5,0.3,0.3,0.3
0,0.3,0.2,0.3,0.2
0,0.3,0.2,0.1,0.3
0,0.3,0.2,0.2,0.2
0,0.2,0.1,0.1,0.1
0,1.7,1.1,1.1,1.2
0,0.2,0.1,0.2,0.1
0,0.3,0.2,0.1,0.2
0,0.2,0.2,0.2,0.1
0,0.2,0.1,0.1,0.2
0,0.2,0.1,0.2,0.2
0,0.3,0.1,0.1,0.2
0,0.2,0.1,0.1,0.2
0,0.2,0.1,0.2,0.2
0,0.2,0.1,0.2,0.1
0,0.2,0.2,0.2,0.1
0,0.3,0.2,0.1,0.2
0,0.4,0.3,0.4,0.3
0,0.3,0.2,0.2,0.1
0,0.3,0.2,0.2,0.1
0,0.2,0.2,0.1,0.1
0,0.4,0.3,0.3,0.2
0,0.2,0.1,0.1,0.2
0,0.2,0.1,0.2,0.1
0,0.3,0.2,0.2,0.1
0,0.3,0.2,0.2,0.1
0,0.2,0.1,0.2,0.1
0,0.2,0.1,0.1,0.1
0,0.4,0.3,0.4,0.3
0,0.2,0.2,0.1,0.1
0,0.2,0.2,0.2,0.2
0,1.1,1,1.1,10.1
0,0.2,0.2,0.2,0.2
0,0.2,0.1,0.2,0.2
0,0.3,0.2,0.2,0.2
0,0.3,0.1,0.1,0.1
0,0.2,0.1,0.1,0.1
0,0.2,0.2,0.2,0.1
0,0.4,0.4,0.3,0.3
0,0.3,0.2,0.2,0.1
0,0.2,0.1,0.1,0.1
0,0.2,0.2,0.1,0.1
0,0.2,0.1,0.2,0.1
0,0.2,0.1,0.2,0.1
0,0.2,0.2,0.1,0.1
0,0.7,0.5,0.2,1
0,0.4,0.4,0.3,0.4
0,0.2,0.1,0.1,0.1
0,0.3,0.1,0.1,0.2
0,0.3,0.1,0.1,0.2
0,0.3,0.2,0.2,0.1
0,0.2,0.1,0.2,0.1
0,0.2,0.1,0.1,0.1
0,0.3,0.2,0.2,0.2
0,0.2,0.1,0.2,0.1
0,0.2,0.2,0.1,0.1
0,0.2,0.1,0.1,0.1
0,0.2,0.1,0.1,0.1
0,0.3,0.1,0.2,0.1
0,0.2,0.2,0.1,0.1
0,0.2,0.1,0.1,0.2
0,0.2,0.2,0.1,0.1
0,0.2,0.1,0.1,0.1
0,0.2,0.1,0.1,0.2
0,0.2,0.1,0.2,0.1
0,0.2,0.2,0.1,0.1
0,0.2,0.1,0.1,0.1
0,0.3,0.2,0.2,0.1
0,0.3,0.1,0.2,0.1
0,0.2,0.1,0.1,0.2
0,0.2,0.1,0.2,0.1
0,0.2,0.1,0.1,0.1
0,0.3,0.1,0.2,0.1
0,0.2,0.1,0.2,0.1
0,0.2,0.2,0.1,0.1
0,0.2,0.1,0.1,0.2
0,0.2,0.1,0.1,0.1
0,0.2,0.2,0.1,0.1
0,0.2,0.1,0.2,0.1
0,0.3,0.1,0.2,0.1
0,0.3,0.1,0.2,0.1
0,0.2,0.1,0.1,0.2
0,0.2,0.2,0.2,0.1
0,0.2,0.1,0.2,0.1
0,0.2,0.1,0.1,0.1
0,0.3,0.1,0.1,0.1
0,0.3,0.1,0.1,0.1
0,0.3,0.2,0.1,0.1
0,0.3,0.2,0.2,0.1
0,0.2,0.1,0.1,0.2
0,0.3,0.1,0.2,0.1
0,0.3,0.1,0.1,0.2
0,0.2,0.1,0.2,0.2
0,0.3,0.1,0.1,0.2
0,0.3,0.2,0.2,0.1
0,0.3,0.2,0.2,0.2
0,0.2,0.2,0.2,1.8
0,0.2,0.1,0.2,0.1
0,0.3,10.5,0.3,0.2
0,0.2,0.1,0.2,0.1
0,0.2,0.1,0.1,0.1
0,0.2,0.2,0.2,0.1
0,0.2,0.1,0.2,0.1
0,0.2,0.1,0.2,0.1
0,0.2,0.1,0.1,0.2
0,0.3,0.1,0.2,0.1
0,0.3,0.1,0.1,0.2
0,0.2,0.1,0.2,0.1
0,0.2,0.1,0.2,0.1
0,0.2,0.2,0.2,0.1
0,0.2,0.2,0.2,0.1
0,0.2,0.1,0.1,0.1
0,0.3,0.1,0.2,0.1
0,0.3,0.1,0.1,0.1
0,0.2,0.1,0.1,0.2
0,0.2,0.2,0.1,0.1
0,0.2,0.2,0.1,0.1
0,0.2,0.1,0.1,0.2
0,0.2,0.1,0.1,0.1
0,0.3,0.1,0.2,0.1
0,0.2,0.1,0.2,0.1
0,0.2,0.1,0.1,0.1
0,0.2,0.1,0.1,0.2
0,0.2,0.1,0.1,0.2
0,0.3,0.1,0.1,0.1
0,0.3,0.1,0.1,0.1
0,0.2,0.1,0.1,0.1
0,0.2,0.2,0.2,0.1
0,0.2,0.1,0.2,0.2
0,0.3,0.1,0.1,0.1
0,0.2,0.1,0.2,0.1
0,0.3,0.2,0.2,0.1
0,0.2,0.1,0.2,0.1
0,0.2,0.1,0.2,0.1
0,0.2,0.1,0.2,0.2
0,0.3,0.2,0.2,0.1
0,0.2,0.1,0.1,0.1
0,0.2,0.2,0.1,0.1
0,0.2,0.1,0.1,0.1
0,0.3,0.1,0.1,0.4
0,0.2,0.1,0.2,0.1
0,0.2,0.1,0.1,0.2
0,0.6,0.3,0.3,0.3
0,0.2,0.1,0.1,0.2
0,0.2,0.1,0.1,0.1
0,0.2,0.1,0.1,0.1
0,0.2,0.1,0.2,0.1
0,0.2,0.1,0.1,0.1
0,0.3,0.1,0.2,0.1
0,0.2,0.1,0.1,0.1
0,0.3,0.2,0.2,0.2
0,0.2,0.2,0.2,0.1
0,0.3,0.1,0.2,0.1
0,0.3,0.1,0.1,0.1
0,0.3,0.2,0.3,0.2
0,0.3,0.2,0.2,0.1
0,0.2,0.2,0.1,0.1
0,0.2,0.1,0.2,0.1
0,0.2,0.2,0.1,0.1
0,0.2,0.2,0.1,0.1
0,0.2,0.2,0.1,0.1
0,0.3,0.1,0.1,0.1
0,0.2,0.2,0.1,0.1
0,0.2,0.1,0.2,0.1
0,0.3,0.1,0.1,0.2
0,0.2,0.1,0.2,0.1
0,0.3,0.1,0.1,0.2
0,0.3,0.1,0.2,0.1
0,0.3,0.2,0.2,0.1
0,0.4,0.1,0.2,0.1
0,0.2,0.1,0.1,0.1
0,0.3,0.2,0.2,0.2
0,0.2,0.1,0.1,0.1
0,0.2,0.1,0.1,0.2
0,0.2,0.2,0.2,0.2
0,0.2,0.2,0.1,0.1
0,0.3,0.1,0.2,0.1
0,0.3,0.1,0.1,0.2
0,0.2,0.1,0.1,0.2
0,0.2,0.1,0.1,0.2
0,0.2,0.1,0.2,0.1
0,0.2,0.1,0.1,0.2
0,0.2,0.1,0.1,0.1
0,0.3,0.1,0.1,0.2
0,0.2,0.1,0.1,0.2
0,0.2,0.1,0.1,0.2
0,0.2,0.1,0.2,0.1
0,0.3,0.1,0.2,0.1
0,0.3,0.2,0.2,0.1
0,0.4,0.2,0.3,0.3
0,0.2,0.1,0.2,0.1
0,0.3,0.1,0.1,0.2
0,0.3,0.2,0.2,0.1
0,0.2,0.2,0.2,0.1
0,0.3,0.1,0.1,0.1
0,0.3,0.2,0.2,0.1
0,0.3,0.1,0.2,0.1
0,0.2,0.1,0.1,0.1
0,0.2,0.2,0.2,0.1
0,0.2,0.1,0.1,0.1
0,0.2,0.2,0.2,0.1
0,0.2,0.2,0.2,0.2
0,0.3,0.2,0.2,0.1
0,0.3,0.1,0.2,0.1
0,0.2,0.2,0.2,0.1
0,0.3,0.2,0.2,0.1
0,0.2,0.1,0.2,0.1
0,0.2,0.1,0.1,0.2
0,0.3,0.1,0.1,0.1
0,0.3,0.2,0.1,0.1
0,0.2,0.2,0.2,0.1
0,0.2,0.2,0.2,0.1
0,0.3,0.2,0.1,0.1
0,0.2,0.1,0.2,0.1
0,0.2,0.1,0.1,0.1
0,0.2,0.1,0.1,0.2
0,0.2,0.2,0.2,0.1
0,0.3,0.1,0.2,0.1
0,0.3,0.1,0.2,0.2
0,0.3,0.3,0.1,0.3
0,0.2,0.1,0.1,0.2
0,0.3,0.1,0.2,0.1
0,0.2,0.2,0.2,0.2
0,0.3,0.1,0.1,0.1
0,0.3,0.1,0.1,0.2
0,0.3,0.1,0.2,0.1
0,0.2,0.1,0.1,0.2
0,0.2,0.1,0.1,0.1
0,0.2,0.1,0.2,0.1
0,0.2,0.2,0.2,0.1
0,0.3,0.2,0.1,0.2
0,0.2,0.1,0.1,0.2
0,0.2,0.1,0.2,0.1
0,0.2,0.1,0.1,0.1
0,0.2,0.1,0.1,0.1
0,0.2,0.2,0.2,0.1
0,0.2,0.1,0.2,0.1
0,0.3,0.1,0.2,0.1
0,0.2,0.2,0.2,0.1
0,0.3,0.1,0.1,0.2
0,0.3,0.1,0.1,0.2
0,0.2,0.1,0.2,0.1
0,0.2,0.1,0.1,0.1
0,0.2,0.1,0.2,0.1
0,0.3,0.1,0.2,0.1
0,0.2,0.2,0.2,0.1
0,0.2,0.1,0.1,0.2
0,0.3,0.1,0.2,0.2
0,0.4,0.2,0.2,0.2
0,0.3,0.1,0.5,0.2
0,0.2,0.1,0.2,0.2
0,0.3,0.1,0.1,0.2
0,0.2,0.1,0.2,0.1
0,0.2,0.2,0.1,0.1
0,0.2,0.1,0.1,0.2
0,0.6,0.3,0.3,0.3
0,0.2,0.1,0.1,0.1
0,0.2,0.2,0.2,0.2
0,0.2,0.1,0.1,0.2
0,0.2,0.1,0.2,0.1
0,0.4,0.3,0.3,0.3
0,0.2,0.1,0.1,0.2
0,0.2,0.2,0.2,0.2
0,0.5,0.4,0.5,0.4
0,0.2,0.1,0.2,0.1
0,0.3,0.1,0.1,0.1
0,0.2,0.2,0.2,0.1
0,0.2,0.1,0.1,0.1
0,0.3,0.1,0.1,0.2
0,0.3,0.1,0.2,0.2
0,0.2,0.2,0.1,0.3
0,0.3,0.2,0.2,0.1
0,0.2,0.1,0.2,0.1
0,0.2,0.1,0.1,0.2
0,0.3,0.1,0.1,0.1
0,0.4,0.2,0.2,0.1
0,0.7,3,1.1,0.4
0,0.4,0.2,0.3,0.2
0,0.4,0.2,0.2,0.2
0,0.3,0.2,0.2,0.2
0,0.2,0.1,0.1,0.2
0,0.2,0.1,0.1,0.1
0,0.2,0.2,0.2,0.1
0,0.2,0.1,0.1,0.2
0,0.5,0.3,0.3,0.4
0,0.2,0.2,0.2,0.1
0,0.2,0.2,0.2,0.1
0,0.2,0.1,0.2,0.1
0,0.5,0.3,0.1,0.2
0,0.5,0.1,0.1,0.2
0,0.2,0.1,0.1,0.2
0,0.6,0.3,0.3,0.3
0,0.3,0.1,0.2,0.2
0,0.3,0.2,0.2,0.2
0,0.2,0.2,0.2,0.1
0,0.5,0.1,0.1,0.2
0,0.4,0.3,0.3,0.3
0,0.3,0.1,0.1,0.2
0,0.8,9.6,0.3,0.2
0,0.4,0.1,0.1,0.2
0,0.3,0.1,0.1,0.2
0,0.2,0.1,0.2,0.1
0,0.6,0.2,0.3,0.1
0,0.3,0.2,0.5,0.2
0,0.2,0.2,0.2,0.2
0,0.2,0.2,0.2,0.1
0,0.2,0.1,0.1,0.1
0,0.5,0.2,0.2,0.2
0,0.2,0.1,0.1,0.1
0,0.3,0.2,0.2,0.1
0,0.3,0.1,0.1,0.1
0,0.3,0.2,0.2,0.2
0,0.3,0.1,0.2,0.1
0,0.2,0.2,0.2,0.1
0,0.4,0.3,0.3,0.2
0,0.4,0.1,0.1,0.1
0,0.2,0.2,0.2,0.1
0,0.3,0.4,0.1,0.2
0,0.3,0.1,0.1,0.2
0,0.2,0.2,0.2,0.2
0,0.3,0.1,0.1,0.1
0,0.3,0.1,0.1,0.2
0,0.3,0.1,0.1,0.2
0,0.3,0.2,0.1,0.3
0,0.2,0.1,0.2,0.1
0,0.2,0.2,0.1,0.1
0,0.3,0.2,0.2,0.1
0,0.5,0.4,0.3,0.2
0,0.2,0.1,0.1,0.1
0,0.4,0.3,0.2,0.1
0,0.2,0.2,0.2,0.1
0,0.3,0.2,0.2,0.1
0,1.3,1.1,1.1,1.1
0,0.3,0.1,0.1,0.1
0,0.3,0.2,0.2,0.1
0,0.3,0.2,0.2,0.1
0,0.2,0.1,0.1,0.1
0,0.3,0.2,0.2,0.2
0,0.3,0.1,0.1,0.1
0,0.4,0.4,0.2,0.1
0,0.3,0.2,0.1,0.1
0,0.2,0.1,0.1,0.2
0,0.2,0.2,0.2,0.1
0,0.2,0.2,0.1,0.1
0,0.2,0.1,0.1,0.2
0,0.3,0.1,0.1,0.2
0,0.3,0.1,0.1,0.2
0,0.2,0.1,0.2,0.1
0,0.2,0.1,0.1,0.2
0,0.2,0.1,0.1,0.1
0,0.2,0.2,0.2,0.1
0,0.2,0.1,0.1,0.1
0,0.2,0.1,10.6,0.1
0,0.3,0.1,0.1,0.2
0,0.2,0.1,0.1,0.1
0,0.2,0.1,0.1,0.2
0,0.2,0.1,0.1,0.1
0,0.3,0.1,0.1,0.1
0,0.2,0.1,0.2,0.1
0,0.2,0.2,0.2,0.2
0,0.2,0.1,0.2,0.1
0,0.2,0.1,0.2,0.1
0,0.2,0.2,0.2,0.1
0,0.2,0.1,0.1,0.1
0,0.2,0.2,0.1,0.1
0,0.2,0.1,0.1,0.2
0,0.2,0.1,0.1,0.2
0,0.2,0.2,0.1,0.2
0,0.2,0.1,0.1,0.2
0,0.3,0.1,0.2,0.1
0,0.2,0.1,0.2,0.1
0,0.3,0.1,0.1,0.1
0,0.2,0.2,0.1,0.1
0,0.2,0.2,0.2,0.1
0,0.2,0.1,0.1,0.1
0,0.3,0.1,0.1,0.1
0,0.2,0.1,10.2,0.2
0,0.2,0.2,0.2,0.1
0,0.2,0.2,0.2,0.1
0,0.2,0.1,0.2,0.1
0,0.2,0.1,0.1,0.2
0,0.3,0.1,0.2,0.1
0,0.2,0.1,0.2,0.1
0,0.2,0.1,0.1,0.1
0,0.3,0.2,0.2,0.2
0,0.2,0.1,0.2,0.1
0,0.3,0.2,0.2,0.1
0,0.2,0.2,0.2,0.1
0,0.2,0.2,0.2,0.1
0,0.2,0.1,0.1,0.2
0,0.2,0.1,0.2,0.1
0,0.2,0.1,0.1,0.1
0,0.2,0.1,0.2,0.2
0,0.2,0.1,0.2,0.1
0,0.2,0.2,0.1,0.1
0,0.2,0.1,0.1,0.2
0,0.2,0.2,0.1,0.1
0,0.3,0.1,0.2,0.1
0,0.2,0.1,0.1,0.1
0,0.2,0.1,0.1,0.2
0,0.2,0.1,0.2,0.1
0,0.2,0.1,0.1,0.2
0,0.2,0.1,0.2,0.1
0,0.2,0.1,0.1,0.1
0,0.2,0.1,0.1,0.2
0,0.2,0.2,0.1,0.1
0,0.2,0.1,0.1,0.1
0,0.2,0.2,0.2,0.1
0,0.2,0.1,0.1,0.2
0,0.2,0.2,0.1,0.1
0,0.2,0.1,0.1,0.2
0,0.2,0.1,0.1,0.1
0,0.2,0.1,0.1,0.2
0,0.3,0.2,0.2,0.1
0,0.2,0.1,0.2,0.1
0,0.2,0.1,0.1,0.2
0,0.2,0.2,0.1,0.1
0,0.3,0.1,0.2,0.1
0,0.3,0.1,0.1,0.2
0,0.3,0.1,0.2,0.2
0,0.2,0.2,0.2,0.1
0,0.3,0.2,0.2,0.1
0,0.2,0.1,0.1,0.2
0,0.2,0.1,0.1,0.1
0,0.2,0.1,0.1,0.1
0,0.3,0.2,0.2,0.1
0,0.2,0.1,0.1,0.1
0,0.2,0.1,0.2,0.1
0,0.2,0.2,0.1,0.1
0,0.3,0.1,0.2,0.1
0,0.2,0.1,0.2,0.1
0,0.2,0.2,0.2,0.2
0,0.3,0.1,0.2,0.1
0,0.2,0.1,0.1,0.1
0,0.2,0.1,0.1,0.1
0,0.2,0.2,0.1,0.1
0,0.3,0.1,0.2,0.1
0,0.2,0.1,0.1,0.2
0,0.2,0.1,0.1,0.2
0,0.3,0.2,0.1,0.1
0,0.3,0.1,0.2,0.1
0,0.3,0.2,0.1,0.1
0,0.2,0.1,0.1,0.1
0,0.3,0.1,0.2,0.1
0,0.3,0.1,0.1,0.1
0,0.3,0.1,0.1,0.1
0,0.2,0.1,0.2,0.1
0,0.2,0.1,0.2,0.1
0,0.3,0.1,0.1,0.1
0,0.2,0.1,0.2,0.1
0,0.2,0.1,0.2,0.1
0,0.2,0.1,0.1,0.1
0,0.2,0.2,0.2,0.1
0,0.2,0.1,0.1,0.2
0,0.2,0.1,0.1,0.1
0,0.2,0.2,0.1,0.1
0,0.3,0.2,0.1,0.2
0,0.2,0.1,0.2,0.1
0,0.3,0.1,0.2,0.1
0,0.2,0.1,0.1,0.1
0,0.2,0.2,0.2,0.2
0,0.3,0.2,0.2,0.1
0,0.3,0.2,0.2,0.1
0,0.3,0.2,0.2,0.2
0,0.2,0.1,0.2,0.1
0,0.2,0.2,0.2,0.1
0,0.2,0.1,0.2,0.1
0,0.2,0.1,0.1,0.2
0,0.3,0.1,0.1,0.1
0,0.2,0.2,0.1,0.1
0,0.2,0.1,0.1,0.2
0,0.2,0.1,0.1,0.1
0,0.2,0.1,0.1,0.1
0,0.2,0.1,0.1,0.1
0,0.2,0.1,0.1,0.1
0,0.2,0.2,0.1,0.1
0,0.2,0.1,0.1,0.1
0,0.3,0.1,0.2,0.1
0,0.3,0.1,0.1,0.1
0,0.2,0.2,0.2,0.1
0,0.2,0.2,0.1,0.1
0,0.3,0.1,0.1,0.2
0,0.2,0.2,0.1,0.2
0,0.2,0.2,0.1,0.1
0,0.2,0.1,0.2,0.1
0,0.2,0.1,0.1,0.1
0,0.2,0.1,0.1,0.1
0,0.2,0.2,0.2,0.2
0,0.3,0.1,0.1,0.1
0,0.2,0.2,0.2,0.1
0,0.2,0.1,0.1,0.1
0,0.2,0.1,0.2,0.1
0,0.2,0.2,0.2,0.1
0,0.2,0.1,0.2,0.1
0,0.3,0.1,0.2,0.1
0,0.2,0.1,0.2,0.1
0,0.2,0.1,0.2,0.1
0,0.2,0.1,0.1,0.2
0,1.8,0.2,0.2,0.1
0,0.3,0.1,0.2,0.1
0,0.3,0.1,0.1,0.1
0,0.3,0.1,0.2,0.2
0,0.4,0.2,0.2,0.2
0,0.2,0.2,0.1,0.2
0,0.2,0.2,0.2,0.2
0,0.2,0.2,0.2,0.1
0,0.2,0.1,0.2,0.1
0,0.2,0.2,0.2,0.1
0,0.2,0.1,0.1,0.1
0,0.2,0.1,0.2,0.2
0,0.3,0.2,0.2,0.2
0,0.3,0.1,0.2,0.1
0,0.3,0.2,0.1,0.2
0,0.3,0.1,0.2,0.1
0,0.3,0.1,0.1,0.1
0,0.4,0.2,0.5,0.2
0,0.4,0.2,0.3,0.1
0,0.3,0.2,0.2,0.1
0,0.2,0.1,0.1,0.2
0,0.3,0.2,0.2,0.1
0,0.2,0.1,0.1,0.1
0,0.2,0.2,0.1,0.2
0,0.2,0.2,0.2,0.1
0,0.2,0.1,0.2,0.1
0,0.2,0.2,0.2,0.1
0,0.3,0.1,0.1,0.1
0,0.2,0.1,0.1,0.1
0,0.2,0.1,0.1,0.2
0,0.3,0.2,0.1,0.2
0,0.4,0.1,0.2,0.1
0,0.3,0.1,0.2,0.2
0,0.2,0.1,0.2,0.1
0,0.2,0.1,0.1,0.2
0,0.3,0.1,0.1,0.1
0,0.2,0.1,0.1,0.1
0,0.2,0.1,0.2,0.1
0,0.3,0.1,0.2,0.1
0,0.2,0.1,0.1,0.1
0,0.2,0.1,0.2,0.1
0,0.3,0.2,0.2,0.1
0,0.3,0.2,0.2,0.2
0,0.2,0.2,0.2,0.1
0,0.2,0.1,0.1,0.2
0,0.2,0.2,0.2,0.1
0,0.2,0.1,0.2,0.1
0,0.2,0.1,0.2,0.2
0,0.3,0.2,0.2,0.1
0,0.2,0.1,0.2,0.1
0,0.2,0.1,0.2,0.1
0,0.4,0.2,0.2,0.1
0,0.3,0.2,0.1,0.3
0,0.3,0.2,0.2,0.1
0,0.2,0.1,0.1,0.1
0,0.2,0.1,0.1,0.2
0,0.2,0.1,0.1,0.1
0,0.2,0.2,0.2,0.2
0,0.3,0.1,0.1,0.1
0,0.2,0.1,0.1,0.1
0,0.2,0.1,0.2,0.1
0,0.3,0.1,0.1,0.1
0,0.2,0.1,0.2,0.1
0,0.2,0.2,0.2,0.1
0,0.2,0.1,0.1,0.2
0,0.3,0.2,0.2,0.1
0,0.2,0.2,0.2,0.1
0,0.2,0.1,0.2,0.1
0,0.3,0.2,0.1,0.1
0,0.3,0.1,0.2,0.1
0,0.2,0.2,0.2,0.1
0,0.5,0.3,0.4,0.4
0,0.2,0.1,0.1,0.1
0,0.2,0.2,0.2,0.2
0,0.3,0.1,0.1,0.3
0,0.2,0.2,0.2,0.2
0,0.3,0.1,0.1,0.1
0,0.2,0.1,0.2,0.1
0,0.3,0.1,0.1,0.1
0,0.3,0.1,0.1,0.2
0,0.2,0.1,0.1,0.1
0,0.3,0.1,0.2,0.2
0,0.2,0.1,0.1,0.2
0,0.2,0.1,0.1,0.2
0,0.3,0.1,0.1,0.2
0,0.2,0.2,0.1,0.1
0,0.2,0.1,0.1,0.2
0,0.2,0.1,0.1,0.2
0,0.3,0.2,0.2,0.1
0,0.2,0.2,0.2,0.2
0,0.2,0.2,0.2,0.1
0,0.2,0.2,0.2,0.2
0,0.3,0.2,0.2,0.2
0,0.3,0.1,0.2,0.2
0,0.3,0.1,0.2,0.1
0,0.2,0.2,0.2,0.1
0,0.3,0.1,0.1,0.2
0,0.3,0.2,0.1,0.2
0,0.2,0.2,0.2,0.1
0,0.2,0.1,0.2,0.2
0,0.2,0.1,0.1,0.2
0,0.2,0.1,0.1,0.1
0,0.2,0.1,0.1,0.2
0,0.8,0.3,0.3,0.2
0,0.3,0.1,0.2,0.1
0,0.2,0.2,0.2,0.1
0,0.2,0.1,0.2,0.1
0,0.3,0.2,0.2,0.2
0,0.2,0.2,0.1,0.1
0,0.5,0.3,0.3,0.2
0,0.2,0.1,0.1,0.1
0,0.2,0.1,0.1,0.1
0,0.3,0.2,0.2,0.1
0,0.3,0.2,0.2,0.2
0,0.3,0.1,0.1,0.1
0,0.3,0.1,0.1,0.1
0,0.2,0.1,0.2,0.1
0,0.5,0.3,0.3,0.3
0,0.3,0.2,0.2,0.1
0,0.7,0.3,0.2,0.2
0,0.3,0.1,0.1,0.2
0,0.2,0.2,0.1,0.1
0,0.2,0.1,0.1,0.1
0,0.3,0.1,0.2,0.1
0,0.3,0.1,0.2,0.1
0,0.3,0.1,0.1,0.1
0,0.2,0.2,0.2,0.1
0,0.3,0.1,0.2,0.1
0,0.2,0.1,0.1,0.1
0,0.3,0.1,0.1,0.1
0,0.2,0.2,0.2,0.2
0,0.2,0.2,0.1,0.1
0,0.2,0.1,0.1,0.1
0,0.3,0.1,0.1,0.2
0,0.2,0.1,0.2,0.1
0,0.2,0.1,0.1,0.1
0,0.3,0.1,0.2,0.1
0,0.2,0.1,0.1,0.1
0,0.2,0.2,0.2,0.1
0,0.3,0.1,0.2,0.1
0,0.2,0.1,0.1,0.2
0,0.2,0.2,0.2,0.1
0,0.2,0.1,0.1,0.1
0,0.2,0.1,0.2,0.1
0,0.2,0.1,0.2,0.1
0,0.3,0.1,0.2,0.1
0,0.3,0.1,0.2,0.1
0,0.2,0.1,0.2,0.1
0,0.2,0.2,0.1,0.1
0,0.2,0.1,0.1,0.2
0,0.2,0.1,0.1,0.1
0,0.2,0.1,0.2,0.1
0,0.2,0.1,0.1,0.2
0,0.2,0.1,0.2,0.1
0,0.2,0.2,0.2,0.1
0,0.2,0.1,0.1,0.2
0,0.3,0.2,0.2,0.1
0,0.2,0.1,0.2,0.1
0,0.2,0.1,0.1,0.2
0,0.3,0.1,0.1,0.1
0,0.3,0.2,0.2,0.1
0,0.3,0.2,0.2,0.1
0,0.2,0.2,0.2,0.1
0,0.3,0.2,0.2,0.1
0,0.2,0.1,0.1,0.2
0,0.3,0.1,0.1,0.1
0,0.2,0.2,0.2,0.1
0,0.2,0.1,0.2,0.1
0,0.2,0.1,0.2,0.1
0,0.3,0.2,0.1,0.1
0,0.2,0.2,0.2,0.1
0,0.2,0.2,0.1,0.1
0,0.2,0.1,0.2,0.1
0,0.3,0.1,0.1,0.1
0,0.3,0.1,0.1,0.2
0,0.5,0.2,0.2,0.1
0,0.2,0.2,0.2,0.1
0,0.3,0.2,0.2,0.1
0,0.2,0.1,0.1,0.1
0,0.2,0.2,0.2,0.1
0,0.3,0.1,0.2,0.1
0,0.2,0.2,0.1,0.2
0,0.3,0.2,0.2,0.1
0,0.3,0.2,0.2,0.1
0,0.2,0.1,0.2,0.1
0,0.2,0.2,0.2,0.1
0,0.2,0.2,0.2,0.1
0,0.3,0.1,0.1,0.2
0,0.2,0.1,0.2,0.1
0,0.3,0.1,0.1,0.1
0,0.2,0.2,0.2,0.1
0,0.2,0.2,0.2,0.1
0,0.2,0.2,0.1,0.2
0,0.2,0.2,0.2,0.1
0,0.2,0.1,0.1,0.1
0,0.2,0.1,0.2,0.1
0,0.3,0.1,0.1,0.1
0,0.2,0.1,0.1,0.2
0,0.6,0.2,0.2,0.1
0,0.2,0.1,0.1,0.2
0,0.2,0.2,0.2,0.1
0,0.3,0.2,0.2,0.1
0,0.2,0.2,0.2,0.1
0,0.2,0.2,0.1,0.1
0,0.2,0.1,0.1,0.1
0,0.3,0.1,0.1,0.1
0,0.3,0.2,0.2,0.2
0,0.2,0.2,0.1,0.1
0,0.2,0.1,0.2,0.1
0,0.2,0.1,0.1,0.1
0,0.2,0.2,0.2,0.1
0,0.2,0.1,0.1,0.1
0,0.2,0.1,0.1,0.1
0,0.2,0.1,0.1,0.1
0,0.2,0.2,0.1,0.1
0,0.2,0.1,0.2,0.1
0,0.3,0.1,0.2,0.1
0,0.2,0.1,0.1,0.1
0,0.3,0.1,0.1,0.2
0,0.3,0.1,0.2,0.2
0,0.2,0.1,0.1,0.2
0,0.3,0.2,0.2,0.1
0,0.3,0.1,0.1,0.1
0,0.2,0.1,0.1,0.1
0,0.3,0.1,0.1,0.2
0,0.2,0.1,0.1,0.1
0,0.2,0.1,0.2,0.1
0,0.2,0.1,0.1,0.1
0,0.2,0.1,0.2,0.1
0,0.3,0.1,0.2,0.1
0,0.3,0.1,0.2,0.1
0,0.2,0.1,0.1,0.1
0,0.2,0.2,0.1,0.1
0,0.3,0.1,0.2,0.1
0,0.3,0.2,0.1,0.2
0,0.3,0.1,0.1,0.2
0,0.2,0.2,0.1,0.1
0,0.2,0.2,0.2,0.1
0,0.2,0.2,0.1,0.1
0,0.2,0.1,0.1,0.1
0,0.2,0.1,0.1,0.1
0,0.3,0.1,0.1,0.1
0,0.2,0.1,0.1,0.1
0,0.2,0.1,0.2,0.1
0,0.2,0.2,0.2,0.1
0,0.2,0.2,0.2,0.1
0,0.2,0.2,0.1,0.2
0,0.2,0.1,0.2,0.1
0,0.2,0.1,0.1,0.1
0,0.3,0.1,0.1,0.1
0,0.2,0.1,0.2,0.1
0,0.2,0.1,0.1,0.1
0,0.2,0.2,0.2,0.1
0,0.2,0.2,0.1,0.1
0,0.2,0.2,0.2,0.1
0,0.2,0.1,0.2,0.1
0,0.3,0.1,0.1,0.2
0,0.3,0.1,0.2,0.1
0,0.3,0.1,0.2,0.1
0,0.2,0.1,0.1,0.1
0,0.2,0.2,0.2,0.1
0,0.3,0.2,0.1,0.1
0,0.3,0.1,0.2,0.2
0,0.2,0.2,0.2,0.1
0,0.2,0.1,0.2,0.2
0,0.2,0.1,0.1,0.1
0,0.3,0.2,0.2,0.2
0,0.3,0.1,0.1,0.2
0,0.3,0.2,0.2,0.1
0,0.4,0.3,0.2,0.4
0,0.4,0.3,0.2,0.4
0,0.5,0.3,0.3,0.3
0,0.2,0.2,0.2,0.1
0,0.2,0.2,0.2,0.1
0,0.3,0.1,0.2,0.1
0,0.4,0.1,0.1,0.2
0,2.3,0.3,0.3,0.3
0,0.3,0.2,0.1,0.2
0,0.3,0.2,0.2,0.2
0,0.3,0.1,0.2,0.1
0,0.4,0.2,0.2,0.2
0,0.3,0.2,0.2,0.2
0,0.2,0.2,0.2,0.2
0,0.2,0.2,0.2,0.2
0,0.9,0.4,0.3,9.8
0,0.4,0.4,0.1,0.1
0,0.3,0.2,0.2,0.2
0,0.2,0.1,0.1,0.2
0,0.3,0.1,0.2,0.2
0,0.3,0.1,0.1,0.1
0,0.3,0.2,0.2,0.2
0,0.3,0.1,0.1,0.2
0,0.2,0.2,0.2,0.2
0,0.4,0.1,0.2,0.3
0,0.4,0.3,0.3,0.3
0,0.3,0.2,0.2,0.1
0,0.2,0.2,0.2,0.1
0,0.2,0.2,0.1,0.1
0,0.2,0.2,0.2,0.1
0,0.2,0.3,0.2,0.1
0,0.5,0.3,0.2,0.2
0,0.3,0.2,0.2,0.1
0,0.2,0.1,0.1,0.2
0,0.2,0.1,0.1,0.2
0,0.3,0.1,0.1,0.2
0,0.3,0.1,0.2,0.2
0,0.3,0.1,0.1,0.2
0,0.3,0.2,0.2,0.1
0,0.2,0.2,0.2,0.1
0,0.2,0.1,0.1,0.1
0,0.3,0.2,0.2,0.1
0,0.2,0.1,0.1,0.1
0,0.3,0.1,0.2,0.1
0,0.2,0.1,0.1,0.1
0,0.2,0.1,0.2,0.2
0,0.2,0.1,0.1,0.2
0,0.2,0.1,0.1,0.2
0,0.2,0.1,0.2,0.2
0,0.3,0.2,0.2,0.1
0,0.2,0.2,0.1,0.1
0,0.2,0.1,0.2,0.1
0,0.2,0.2,0.1,0.1
0,0.2,0.1,0.1,0.1
0,0.2,0.1,0.2,0.1
0,0.2,0.1,0.1,0.2
0,0.2,0.1,0.2,0.1
0,0.2,0.1,0.2,0.1
0,0.2,0.1,0.1,0.1
0,0.3,0.1,0.2,0.1
0,0.2,0.1,0.1,0.1
0,0.2,0.2,0.1,0.1
0,0.3,0.1,0.2,0.2
0,0.2,0.1,0.1,0.1
0,0.3,0.1,0.1,0.1
0,0.3,1.1,1.1,0.3
0,0.2,0.1,0.1,0.1
0,0.2,0.1,0.1,0.1
0,0.2,0.1,0.1,0.1
0,0.3,0.2,0.2,0.1
0,0.5,0.3,1,0.5
0,0.9,0.3,0.3,0.4
0,0.1,0.1,0.1,0.2
0,0.2,0.2,0.2,0.2
0,0.2,0.1,0.1,0.1
0,0.3,0.1,0.1,0.2
0,0.3,0.2,0.2,0.1
0,0.4,0.2,0.2,0.2
0,0.2,0.2,0.2,0.1
0,0.3,0.2,0.2,0.1
0,0.2,0.1,0.1,0.1
0,0.3,0.1,0.1,0.2
0,0.3,0.1,0.2,0.2
0,0.3,0.1,0.1,0.2
0,0.2,0.2,0.2,0.2
0,0.5,1.1,0.5,1.1
0,0.2,0.1,0.2,0.1
0,0.2,0.1,0.2,0.1
0,0.2,0.2,0.2,0.1
0,0.2,0.1,0.2,0.1
0,0.3,0.2,0.1,0.1
0,0.2,0.1,0.2,0.1
0,0.4,0.3,0.2,0.2
0,0.3,0.1,0.1,0.1
0,0.3,0.1,0.1,0.1
0,0.2,0.1,0.2,0.1
0,0.2,0.3,0.2,0.2
0,0.2,0.1,0.1,0.1
0,0.3,0.2,0.2,0.1
0,0.2,0.1,0.1,0.2
0,0.2,0.2,0.2,0.1
0,0.3,0.2,0.2,0.1
0,0.2,0.1,0.2,0.1
0,0.2,0.1,0.2,0.1
0,0.3,0.2,0.3,0.2
0,0.2,0.1,0.1,0.1
0,0.2,0.1,0.1,0.2
0,1.1,0.2,1,0.3
0,0.2,0.1,0.1,0.1
0,0.2,0.1,0.2,0.1
0,0.2,0.1,0.1,0.1
0,0.2,0.1,0.2,0.1
0,0.2,0.1,0.2,0.1
0,0.2,0.1,0.2,0.1
0,0.3,0.1,0.2,0.1
0,0.4,0.2,0.2,0.3
0,0.2,0.1,0.1,0.2
0,0.2,0.2,0.2,0.1
0,0.4,0.3,0.2,0.1
0,0.2,0.1,0.1,0.2
0,0.2,0.1,0.1,0.2
0,0.2,0.1,0.2,0.1
0,0.2,0.1,0.1,0.1
0,0.2,0.1,0.1,0.1
0,0.3,0.2,0.2,0.1
0,0.5,0.3,0.3,0.3
0,0.2,0.2,0.2,0.1
0,0.2,0.2,0.1,0.1
0,0.3,0.1,0.2,0.2
0,0.3,0.2,0.2,0.2
0,0.2,0.2,0.2,0.1
0,0.3,0.2,0.2,0.1
0,0.3,0.2,0.2,0.2
0,0.2,0.1,0.1,0.2
0,0.2,0.5,0.2,0.2
0,0.3,0.1,0.1,0.1
0,0.2,0.1,0.2,0.1
0,0.3,0.2,0.2,0.2
0,0.3,0.1,0.1,0.2
0,0.2,0.1,0.1,0.2
0,0.2,0.1,0.1,0.1
0,0.4,0.2,0.4,0.3
0,0.2,0.1,0.1,0.2
0,0.2,0.1,0.1,0.1
0,0.3,0.2,0.2,0.1
0,0.3,0.2,0.2,0.1
0,0.3,0.1,0.2,0.1
0,0.2,0.1,0.1,0.1
0,0.2,0.1,0.1,0.2
0,0.2,0.2,0.1,0.1
0,0.3,0.1,0.2,0.1
0,0.2,0.2,0.2,0.1
0,0.3,0.1,0.2,0.1
0,0.3,0.1,0.2,0.1
0,0.3,0.2,0.2,0.1
0,0.2,0.2,0.1,0.1
0,0.2,0.1,0.2,0.1
0,0.2,0.1,0.1,0.1
0,0.3,0.1,0.1,0.1
0,0.2,0.1,0.2,0.1
0,0.2,0.1,0.1,0.2
0,0.2,0.1,0.1,0.2
0,0.3,0.1,0.2,0.1
0,0.2,0.2,0.1,0.1
0,0.3,0.1,0.2,0.1
0,0.2,0.1,0.2,0.1
0,0.3,0.2,0.2,0.1
0,0.3,0.2,0.2,0.1
0,0.3,0.1,0.1,0.1
0,0.2,0.2,0.2,0.1
0,0.3,0.2,0.2,0.2
0,0.3,0.2,0.2,0.1
0,0.3,0.2,0.2,0.1
0,0.3,0.2,0.2,0.1
0,0.5,0.2,0.2,0.2
0,0.2,0.2,0.2,0.1
0,0.2,0.1,0.1,0.2
0,0.2,0.1,0.1,0.2
0,0.2,0.2,0.2,0.2
0,0.2,0.2,0.2,0.2
0,0.3,0.1,0.1,0.2
0,0.2,0.2,0.1,0.1
0,0.2,0.2,0.2,0.1
0,0.2,0.1,0.1,0.1
0,0.2,0.1,0.1,0.2
0,0.2,0.2,0.1,0.1
0,0.2,0.2,0.1,0.1
0,0.2,0.2,0.2,0.2
0,0.3,0.1,0.1,0.2
0,0.2,0.1,0.2,0.1
0,0.3,0.1,0.2,0.1
0,0.3,0.1,0.2,0.1
0,0.2,0.1,0.2,0.1
0,0.2,0.2,0.2,0.1
0,0.3,0.1,0.1,0.1
0,0.2,0.1,0.2,0.1
0,0.2,0.2,0.2,0.1
0,0.2,0.1,0.1,0.2
0,0.3,0.2,0.2,0.2
0,0.2,0.1,0.2,0.1
0,0.2,0.1,0.1,0.1
0,0.2,0.1,0.2,0.1
0,0.2,0.1,0.1,0.2
0,0.2,0.2,0.2,0.1
0,0.3,0.1,0.2,0.1
0,0.2,0.1,0.2,0.1
0,0.2,0.2,0.1,0.1
0,0.3,0.1,0.1,0.2
0,0.2,0.1,0.1,0.1
0,0.2,0.1,0.2,0.1
0,0.2,0.1,0.2,0.1
0,0.3,0.1,0.2,0.1
0,0.2,0.1,0.1,0.1
0,0.5,0.2,0.2,0.1
0,0.3,0.1,0.2,0.1
0,0.2,0.1,0.1,0.1
0,0.2,0.2,0.1,0.1
0,0.3,0.2,0.2,0.1
0,0.3,0.2,0.2,0.1
0,0.3,0.1,0.1,0.2
0,0.2,0.1,0.1,0.1
0,0.3,0.2,0.2,0.1
0,0.2,0.2,0.2,0.1
0,0.3,0.1,0.2,0.1
0,0.2,0.2,0.1,0.2
0,0.2,0.1,0.2,0.1
0,0.2,0.2,0.2,0.1
0,0.2,0.1,0.1,0.2
0,0.3,0.1,0.2,0.1
0,0.2,0.2,0.1,0.1
0,0.3,0.2,0.2,0.1
0,0.3,0.1,0.1,0.2
0,0.2,0.2,0.2,0.1
0,0.2,0.2,0.1,0.1
0,0.3,0.1,0.2,0.1
0,0.3,10.4,0.2,0.1
0,0.3,0.1,0.2,0.1
0,0.2,10.5,0.2,0.2
0,0.2,0.1,0.2,0.1
0,0.2,0.1,0.1,0.1
0,0.2,0.1,0.2,0.1
0,0.3,0.1,0.2,0.1
0,0.2,0.1,0.2,0.1
0,0.2,0.2,0.2,0.1
0,0.3,0.2,0.2,0.2
0,0.2,0.2,0.1,0.1
0,0.3,0.1,0.2,0.1
0,0.3,0.1,0.2,0.2
0,0.3,0.1,0.2,0.1
0,0.2,0.1,0.2,0.1
0,0.3,0.2,0.1,0.1
0,0.2,0.2,0.2,0.1
0,0.3,0.1,0.2,0.1
0,0.2,0.2,0.2,0.1
0,0.2,0.1,0.1,0.1
0,0.2,0.1,0.1,0.2
0,0.2,0.1,0.1,0.1
0,0.2,0.2,0.1,0.1
0,0.3,0.2,0.2,0.1
0,0.3,0.2,0.2,0.2
0,0.3,0.1,0.2,0.1
0,0.2,0.2,0.2,0.1
0,0.3,0.1,0.1,0.1
0,0.2,0.1,0.2,0.1
0,0.3,0.1,0.1,0.2
0,0.2,0.1,0.2,0.1
0,0.2,0.2,0.2,0.2
0,0.2,0.1,0.1,0.2
0,0.3,0.1,0.1,0.2
0,0.2,0.1,0.2,0.1
0,0.4,0.9,0.3,0.2
0,0.3,0.1,0.1,0.1
0,0.3,0.1,0.2,0.2
0,1.2,0.9,0.3,1.1
0,0.2,0.2,0.2,0.1
0,0.3,0.2,0.2,0.2
0,0.3,0.1,0.1,0.2
0,0.3,0.2,0.2,0.2
0,0.3,0.2,0.2,0.1
0,0.2,0.2,0.2,0.1
0,0.2,0.1,0.1,0.1
0,0.3,0.1,0.1,0.1
0,0.2,0.1,0.1,0.2
0,0.2,0.2,0.1,0.1
0,0.3,0.1,0.1,0.1
0,0.3,0.1,0.1,0.1
0,0.4,0.3,0.3,0.3
0,0.2,0.1,0.1,0.2
0,0.2,0.2,0.1,0.1
0,0.2,0.1,0.2,0.1
0,0.2,0.1,0.1,0.1
0,0.4,0.2,0.2,0.2
0,0.2,0.1,0.2,0.2
0,0.3,0.2,0.2,0.2
0,0.2,0.1,0.2,0.1
0,0.2,0.1,0.1,0.2
0,0.7,0.5,0.2,0.5
0,0.3,0.1,0.1,0.1
0,0.2,0.2,0.1,0.2
0,0.2,0.2,0.2,0.1
0,0.2,0.1,0.2,0.1
0,0.2,0.1,0.2,0.1
0,0.2,0.2,0.2,0.1
0,0.3,0.2,0.1,0.1
0,0.2,0.1,0.1,0.1
0,0.3,0.1,0.2,0.1
0,0.2,0.2,0.2,0.1
0,0.2,0.2,0.2,0.1
0,0.2,0.2,0.2,0.1
0,0.4,0.3,0.3,0.3
0,0.2,0.2,0.2,0.1
0,0.2,0.1,0.2,0.1
0,0.2,0.1,0.2,0.1
0,0.2,0.1,0.2,0.1
0,0.3,0.1,0.2,0.2
0,0.2,0.4,0.2,0.3
0,0.3,0.2,0.2,0.1
0,0.3,0.2,0.2,0.2
0,0.2,0.1,0.2,0.1
0,0.3,0.1,0.1,0.2
0,0.3,0.1,0.1,0.2
0,0.2,0.1,0.2,0.1
0,0.3,0.1,0.1,0.1
0,0.4,1.1,1,1.1
0,0.2,0.1,0.2,0.1
0,0.2,0.1,0.1,0.2
0,0.3,0.2,0.1,0.1
0,0.2,0.2,0.2,0.1
0,0.2,0.1,0.2,0.1
0,0.3,0.1,0.2,0.1
0,0.3,0.1,0.1,0.1
0,0.3,0.1,0.1,0.1
0,0.2,0.1,0.1,0.2
0,0.2,0.2,0.1,0.1
0,0.3,0.1,0.2,0.1
0,0.2,0.1,0.1,0.2
0,0.2,0.2,0.1,0.2
0,0.3,0.2,0.2,0.2
0,0.2,0.1,0.2,0.1
0,0.2,0.1,0.2,0.1
0,0.2,0.1,0.1,0.1
0,0.2,0.1,0.1,0.2
0,0.3,0.1,0.1,0.2
0,0.5,0.3,0.3,0.4
0,0.2,0.2,0.1,0.1
0,0.2,0.2,0.2,0.1
0,0.3,0.2,0.1,0.2
0,0.3,0.2,0.1,0.1
0,0.3,0.2,0.1,0.1
0,0.2,0.2,0.2,0.1
0,0.2,0.2,0.2,0.2
0,0.2,0.1,0.1,0.1
0,0.2,0.2,0.2,0.1
0,0.3,0.3,0.2,0.3
0,0.2,0.1,0.1,0.1
0,0.3,0.2,0.2,0.1
0,0.2,0.1,0.2,0.1
0,0.2,0.2,0.1,0.1
0,0.3,0.1,0.2,0.1
0,0.3,0.1,0.1,0.2
0,0.4,0.2,0.2,0.2
0,0.2,0.1,0.2,0.1
0,0.2,0.1,0.1,0.2
0,0.2,0.1,0.1,0.1
0,0.2,0.2,0.2,0.2
0,0.2,0.1,0.1,0.1
0,0.2,0.1,0.2,0.1
0,0.2,0.1,0.1,0.1
0,0.2,0.1,0.1,0.2
0,0.2,0.2,0.2,0.2
0,0.3,0.1,0.2,0.1
0,0.3,0.2,0.1,0.2
0,0.2,0.1,0.1,0.2
0,0.2,0.2,0.2,0.1
0,0.3,0.2,0.2,0.1
0,0.2,0.1,0.1,0.1
0,0.2,0.1,0.1,0.2
0,0.2,0.1,0.1,0.2
0,0.2,0.1,0.2,0.1
0,0.2,0.1,0.1,0.1
0,0.2,0.1,0.1,0.2
0,0.2,0.1,0.1,0.2
0,0.2,0.2,0.2,0.1
0,0.2,0.1,0.2,0.1
0,0.2,0.2,0.2,0.1
0,0.3,0.1,0.1,0.1
0,0.3,0.2,0.2,0.1
0,0.2,0.2,0.1,0.2
0,0.3,0.2,0.2,0.1
0,0.2,0.2,0.2,0.1
0,0.3,0.2,0.2,0.2
0,0.2,0.1,0.2,0.1
0,0.2,0.1,0.1,0.2
0,0.2,0.1,0.1,0.2
0,0.2,0.1,0.1,0.2
0,0.2,0.2,0.2,0.1
0,0.3,0.1,0.2,0.1
0,0.4,1,0.3,1
0,0.2,0.2,0.1,0.2
0,0.2,0.1,0.1,0.1
0,0.2,0.1,0.1,0.1
0,0.3,0.1,0.3,0.1
0,0.2,0.1,0.1,0.2
0,0.5,0.4,0.4,0.3
0,0.2,0.2,0.2,0.1
0,0.2,0.1,0.1,0.2
0,0.2,0.1,0.1,0.2
0,0.2,0.1,0.1,0.2
0,0.2,0.1,0.1,0.2
0,0.2,0.2,0.1,0.1
0,0.2,0.1,0.1,0.2
0,0.3,0.1,0.2,0.1
0,0.3,0.1,0.1,0.2
0,0.2,0.1,0.1,0.2
0,0.2,0.2,0.1,0.1
0,0.2,0.1,0.2,0.1
0,0.2,0.1,0.2,0.1
0,0.3,0.1,0.2,0.1
0,0.3,0.1,0.2,0.1
0,0.2,0.1,0.1,0.2
0,0.2,0.2,0.1,0.1
0,0.2,0.1,0.1,0.2
0,0.2,0.2,0.1,0.1
0,0.2,0.1,0.2,0.1
0,0.2,0.1,0.2,0.1
0,0.2,0.2,0.2,0.1
0,0.3,0.2,0.2,0.1
0,0.3,0.1,0.1,0.2
0,0.2,0.1,0.1,0.2
0,0.2,0.1,0.1,0.2
0,0.2,0.2,0.1,0.1
0,0.2,0.2,0.2,0.1
0,0.2,0.2,0.2,0.1
0,0.3,0.2,0.2,0.1
0,0.2,0.1,0.2,0.1
0,0.2,0.1,0.1,0.2
0,0.2,0.1,0.1,0.2
0,0.2,0.1,0.2,0.1
0,0.2,0.1,0.1,0.2
0,0.3,0.2,0.1,0.1
0,0.2,0.2,0.1,0.1
0,0.2,0.1,0.1,0.1
0,0.2,0.1,0.1,0.1
0,0.3,0.1,0.1,0.2
0,0.2,0.1,0.1,0.2
0,0.3,0.1,0.2,0.1
0,0.2,0.2,0.1,0.1
0,0.2,0.2,0.2,0.1
0,0.2,0.2,0.2,0.2
0,0.3,0.1,0.1,0.2
0,0.2,0.1,0.1,0.1
0,0.3,0.2,0.2,0.2
0,0.2,0.1,0.1,0.1
0,0.3,0.1,0.1,0.1
0,0.2,0.2,0.2,0.1
0,0.2,0.1,0.1,0.1
0,0.2,0.2,0.1,0.1
0,0.2,0.1,0.1,0.2
0,0.2,0.1,0.2,0.1
0,0.3,0.1,0.1,0.1
0,0.3,0.1,0.2,0.1
0,0.2,0.1,0.1,0.1
0,0.2,0.1,0.1,0.1
0,0.2,0.1,0.1,0.2
0,0.3,0.1,0.1,0.2
0,0.2,0.1,0.1,0.2
0,0.2,0.1,0.2,0.1
0,0.2,0.1,0.2,0.1
0,0.2,0.2,0.2,0.1
0,0.2,0.1,0.1,0.1
0,0.2,0.1,0.1,0.1
0,0.2,0.2,0.2,0.1
0,0.3,0.1,0.2,0.1
0,0.3,0.1,0.2,0.1
0,0.3,0.1,0.1,0.1
0,0.2,0.1,0.2,0.1
0,0.2,0.2,0.2,0.1
0,0.2,0.1,0.1,0.1
0,0.2,0.1,0.1,0.2
0,0.3,0.1,0.1,0.1
0,0.2,0.2,0.2,0.1
0,0.2,0.1,0.1,0.1
0,0.2,0.1,0.1,0.2
0,0.2,0.1,0.2,0.1
0,0.3,0.2,0.2,0.1
0,0.3,0.1,0.1,0.2
0,0.2,0.2,0.1,0.1
0,0.3,0.2,0.1,0.1
0,0.2,0.1,0.1,0.2
0,0.3,0.1,0.1,0.1
0,0.2,0.1,0.1,0.1
0,0.3,0.2,0.1,0.1
0,0.3,0.1,0.1,0.2
0,0.3,0.1,0.1,0.2
0,0.3,0.1,0.2,0.1
0,0.3,0.1,0.1,0.2
0,0.3,0.1,0.1,0.1
0,0.3,0.2,0.2,0.1
0,0.2,0.1,0.1,0.1
0,0.2,0.2,0.1,0.1
0,0.2,0.2,0.2,0.1
0,0.2,0.1,0.1,0.2
0,0.3,0.1,0.1,0.1
0,0.2,0.2,0.2,0.1
0,0.2,0.2,0.2,0.1
0,0.3,0.1,0.1,0.2
0,0.2,0.1,0.1,0.2
0,0.3,0.2,0.2,0.2
0,0.2,0.1,0.2,0.1
0,0.2,0.1,0.1,0.2
0,0.2,0.1,0.2,0.1
0,0.3,0.1,0.2,0.1
0,0.2,0.1,0.2,0.2
0,0.5,1.1,0.5,0.4
0,0.2,0.2,0.1,0.1
0,0.2,0.2,0.2,0.1
0,0.2,0.2,0.1,0.1
0,0.2,0.1,0.1,0.2
0,0.2,0.3,0.1,0.2
0,0.2,0.1,0.1,0.2
0,0.2,0.2,0.1,0.1
0,0.3,0.1,0.2,0.1
0,0.2,0.1,0.1,0.2
0,0.3,0.1,0.2,0.1
0,0.2,0.1,0.1,0.1
0,0.2,0.1,0.2,0.1
0,0.3,0.1,0.1,0.1
0,0.2,0.1,0.1,0.1
0,0.2,0.1,0.1,0.1
0,0.2,0.1,0.1,0.1
0,0.2,0.1,0.2,0.1
0,0.2,0.2,0.1,0.1
0,0.2,0.2,0.2,0.1
0,0.2,0.1,0.1,0.1
0,0.2,0.2,0.1,0.1
0,0.2,0.1,0.1,0.2
0,0.2,0.1,0.2,0.1
0,0.2,0.1,0.1,0.2
0,0.3,0.1,0.1,0.2
0,0.2,0.2,0.1,0.1
0,0.2,0.1,0.2,0.1
0,0.2,0.2,0.1,0.1
0,0.3,0.2,0.2,0.1
0,0.2,0.1,0.2,0.1
0,0.2,0.1,0.2,0.1
0,0.2,0.2,0.2,0.1
0,0.2,0.1,0.1,0.1
0,0.2,0.2,0.2,0.1
0,0.3,0.2,0.2,0.1
0,0.3,0.1,0.1,0.1
0,0.2,0.1,0.1,0.2
0,0.2,0.1,0.1,0.1
0,0.2,0.2,0.1,0.1
0,0.3,0.1,0.2,0.1
0,0.3,0.2,0.2,0.1
0,0.2,0.1,0.2,0.1
0,0.3,0.2,0.2,0.1
0,0.2,0.1,0.1,0.2
0,0.3,0.1,0.1,0.2
0,0.2,0.2,0.2,0.1
0,0.2,0.1,0.2,0.1
0,0.2,0.2,0.1,0.2
0,0.3,0.1,0.1,0.1
0,0.2,0.1,0.1,0.1
0,0.2,0.2,0.2,0.1
0,0.3,0.1,0.1,0.1
0,0.2,0.2,0.2,0.1
0,0.2,0.1,0.1,0.1
0,0.2,0.2,0.2,0.1
0,0.2,0.1,0.2,0.1
0,0.3,0.1,0.1,0.1
0,0.2,0.1,0.2,0.1
0,0.2,0.1,0.1,0.1
0,0.3,0.1,0.2,0.1
0,0.2,0.1,0.2,0.1
0,0.3,0.1,0.1,0.2
0,0.2,0.1,0.1,0.2
0,0.3,0.1,0.1,0.1
0,0.2,0.2,0.2,0.1
0,0.2,0.2,0.1,0.1
0,0.3,0.1,0.1,0.2
0,0.2,0.1,0.2,0.1
0,0.2,0.1,0.2,0.1
0,0.2,0.2,0.1,0.1
0,0.2,0.1,0.1,0.2
0,0.3,0.1,0.2,0.1
0,0.2,0.2,0.1,0.1
0,0.2,0.1,0.1,0.2
0,0.3,0.1,0.2,0.1
0,0.2,0.1,0.2,0.1
0,0.2,0.2,0.1,0.2
0,0.3,0.1,0.2,0.1
0,0.2,0.1,0.2,0.1
0,0.2,0.1,0.2,0.1
0,0.3,0.1,0.2,0.1
0,0.2,0.1,0.2,0.1
0,0.2,0.1,0.2,0.1
0,0.2,0.2,0.2,0.1
0,0.2,0.1,0.2,0.1
0,0.2,0.2,0.2,0.1
0,0.3,0.2,0.2,0.1
0,0.2,0.1,0.1,0.1
0,0.3,0.1,0.2,0.1
0,0.2,0.1,0.2,0.1
0,0.2,0.1,0.1,0.2
0,0.2,0.2,0.2,0.1
0,0.3,0.1,0.2,0.1
0,0.2,0.1,0.2,0.1
0,0.3,0.2,0.1,0.1
0,0.3,0.1,0.2,0.1
0,0.2,0.1,0.2,0.1
0,0.2,0.1,0.1,0.2
0,0.2,0.2,0.1,0.1
0,0.2,0.2,0.1,0.1
0,0.2,0.1,0.1,0.1
0,0.2,0.2,0.2,0.1
0,0.3,0.1,0.2,0.1
0,0.2,0.1,0.2,0.1
0,0.2,0.2,0.1,0.1
0,0.2,0.1,0.1,0.1
0,0.2,0.1,0.2,0.1
0,0.3,0.1,0.1,0.1
0,0.2,0.1,0.1,0.2
0,0.2,0.2,0.2,0.1
0,0.2,0.1,0.2,0.2
0,0.2,0.2,0.2,0.1
0,0.3,0.1,0.2,0.1
0,0.2,0.1,0.1,0.1
0,0.3,0.1,0.1,0.1
0,0.3,0.1,0.2,0.1
0,0.2,0.1,0.2,0.2
0,0.2,0.1,0.1,0.2
0,0.2,0.1,0.2,0.1
0,0.3,0.2,0.2,0.1
0,0.3,0.1,0.2,0.1
0,0.2,0.1,0.2,0.1
0,0.2,0.1,0.1,0.1
0,0.2,0.1,0.2,0.1
0,0.2,0.2,0.1,0.1
0,0.2,0.1,0.1,0.2
0,0.2,0.1,0.1,0.2
0,0.2,0.2,0.2,0.2
0,0.2,0.1,0.1,0.2
0,0.2,0.1,0.1,0.2
0,0.4,0.1,0.1,0.2
0,0.2,0.2,0.3,0.1
0,0.2,0.2,0.2,0.1
0,0.2,0.2,0.1,0.1
0,0.2,0.1,0.1,0.1
0,0.2,0.1,0.1,0.2
0,0.2,0.1,0.1,0.2
0,0.2,0.2,0.1,0.1
0,0.3,0.1,0.1,0.2
0,0.2,0.1,0.1,0.1
0,0.2,0.2,0.1,0.1
0,0.2,0.1,0.1,0.1
0,0.2,0.1,0.1,0.1
0,0.2,0.1,0.1,0.2
0,0.3,0.1,0.1,0.1
0,0.3,0.2,0.2,0.1
0,0.2,0.1,0.1,0.1
0,0.3,0.1,0.2,0.2
0,0.2,0.1,0.1,0.2
0,0.2,0.2,0.1,0.1
0,0.2,0.1,0.1,0.2
0,0.2,0.1,0.2,0.1
0,0.2,0.1,0.2,0.1
0,0.2,0.1,0.1,0.1
0,0.2,0.1,0.1,0.1
0,0.2,0.1,0.1,0.2
0,0.2,0.2,0.1,0.1
0,0.2,0.1,0.1,0.2
0,0.2,0.2,0.1,0.1
0,0.2,0.1,0.1,0.1
0,0.2,0.1,0.2,0.1
0,0.2,0.1,0.2,0.1
0,0.2,0.1,0.1,0.2
0,0.2,0.1,0.2,0.1
0,0.2,0.1,0.1,0.1
0,0.2,0.1,0.2,0.1
0,0.2,0.1,0.1,0.1
0,0.2,0.2,0.2,0.1
0,0.2,0.1,0.1,0.1
0,0.2,0.1,0.1,0.1
0,0.2,0.1,0.1,0.1
0,0.2,0.1,0.2,0.1
0,0.2,0.2,0.2,0.2
0,0.2,0.1,0.2,0.1
0,0.2,0.1,0.1,0.1
0,0.2,0.1,0.2,0.1
0,0.2,0.1,0.1,0.1
0,0.3,0.2,0.2,0.1
0,0.2,0.2,0.1,0.1
0,0.2,0.2,0.2,0.2
0,0.2,0.1,0.1,0.1
0,0.3,0.1,0.1,0.1
0,0.2,0.2,0.2,0.1
0,0.3,0.2,0.2,0.1
0,0.2,0.1,0.1,0.2
0,0.2,0.1,0.1,0.1
0,0.2,0.1,0.1,0.2
0,0.3,0.1,0.2,0.1
0,0.2,0.1,0.1,0.1
0,0.2,0.1,0.2,0.1
0,0.3,0.2,0.2,0.2
0,0.2,0.2,0.2,0.1
0,0.1,0.1,0.2,0.1
0,0.6,0.3,0.2,0.2
0,0.2,0.1,0.1,0.1
0,0.2,0.2,0.1,0.1
0,0.2,0.1,0.2,0.1
0,0.3,0.1,0.2,0.1
0,0.3,0.1,0.2,0.1
0,0.3,0.1,0.2,0.1
0,0.2,0.2,0.2,0.1
0,0.3,0.1,0.1,0.2
0,0.2,0.1,0.2,0.1
0,0.2,0.1,0.1,0.1
0,0.3,0.1,0.2,0.1
0,0.2,0.3,0.2,0.1
0,0.2,0.1,0.2,0.1
0,0.2,0.2,0.1,0.2
0,0.3,0.2,0.2,0.1
0,0.2,0.2,0.1,0.1
0,0.3,0.1,0.2,0.1
0,0.2,0.1,0.1,0.2
0,0.2,0.1,0.1,0.2
0,0.2,0.1,0.1,0.1
0,0.2,0.2,0.2,0.1
0,0.2,0.2,0.1,0.1
0,0.3,0.1,0.1,0.1
0,0.2,0.2,0.1,0.1
0,0.2,0.1,0.1,0.1
0,0.3,0.1,0.2,0.1
0,0.2,0.1,0.2,0.1
0,0.2,0.2,0.2,0.1
0,10.4,0.2,0.1,0.1
0,0.2,0.1,0.1,0.1
0,0.3,0.1,0.1,0.1
0,0.2,0.1,0.1,0.2
0,0.3,0.1,0.1,0.1
0,0.2,0.2,0.1,0.1
0,0.2,0.1,0.2,0.1
0,0.3,0.1,0.1,0.1
0,0.3,0.2,0.2,0.1
0,0.2,0.2,0.2,0.1
0,0.2,0.1,0.1,0.2
0,0.3,0.1,0.2,0.1
0,0.2,0.1,0.1,0.2
0,0.3,0.1,0.2,0.1
0,0.2,0.1,0.1,0.2
0,0.3,0.1,0.2,0.1
0,0.3,0.1,0.2,0.1
0,0.2,0.1,0.1,0.1
0,0.3,0.2,0.1,0.1
0,0.3,0.2,0.1,0.1
0,0.2,0.1,0.1,0.1
0,0.3,0.2,0.2,0.1
0,0.2,0.1,0.2,0.1
0,0.8,0.5,0.3,0.2
0,0.2,0.1,0.1,0.1
0,0.2,0.2,0.2,0.2
0,0.3,0.1,0.2,0.1
0,0.2,0.4,0.2,0.1
0,0.4,0.2,0.2,0.2
0,0.4,0.3,0.3,0.2
0,0.2,0.1,0.2,0.1
0,0.3,0.1,0.1,0.1
0,0.3,0.2,0.2,0.2
0,0.3,0.2,0.2,0.2
0,0.8,0.4,0.4,0.4
0,0.8,1.2,1.2,1.2
0,0.4,0.1,0.3,0.1
0,0.5,0.2,0.2,0.2
0,0.2,0.2,0.2,0.1
0,0.2,0.2,0.2,0.1
0,0.2,0.1,0.2,0.2
0,0.4,0.4,0.3,0.4
0,0.3,0.2,0.2,0.2
0,0.3,0.2,0.2,0.1
0,0.3,0.1,0.1,0.2
0,0.2,0.1,0.1,0.1
0,0.4,0.3,0.3,0.2
0,0.2,0.1,0.1,0.1
0,0.2,0.2,0.2,0.2
0,0.3,0.1,0.1,0.1
0,1.6,0.3,0.4,0.6
0,0.6,0.6,0.4,0.3
0,0.4,0.3,0.2,0.2
0,0.5,0.3,0.3,0.3
0,0.2,0.1,0.1,0.2
0,0.2,0.2,0.2,0.2
0,0.4,0.3,0.4,0.3
0,0.5,0.3,0.4,0.4
0,0.4,0.1,0.2,0.1
0,0.4,0.2,0.2,0.2
0,0.2,0.1,0.1,0.2
0,0.3,0.1,0.3,0.2
0,0.3,0.2,0.2,0.2
0,0.6,0.4,0.5,0.4
0,0.2,0.1,0.1,0.1
0,0.2,0.1,0.2,0.1
0,0.2,0.2,0.2,0.1
0,1.2,0.5,0.5,0.4
0,0.3,0.2,0.2,0.1
0,0.2,0.1,0.2,0.1
0,0.2,0.1,0.1,0.2
0,0.2,0.1,0.1,0.1
0,0.2,0.1,0.1,0.2
0,0.2,0.1,0.2,0.1
0,0.2,0.1,0.1,0.1
0,0.3,0.1,0.1,0.1
0,0.3,0.1,0.1,0.2
0,0.3,0.1,0.1,0.2
0,0.5,0.1,0.2,0.1
0,0.3,0.2,0.3,0.1
0,0.4,0.2,0.3,0.3
0,0.2,0.2,0.1,0.1
0,0.2,0.2,0.1,0.2
0,0.3,0.1,0.1,0.2
0,0.2,0.2,0.2,0.1
0,0.3,0.1,0.2,0.2
0,0.4,0.3,0.3,0.3
0,0.2,0.1,0.1,0.2
0,0.2,0.1,0.2,0.1
0,0.2,0.1,0.2,0.1
0,0.2,0.2,0.1,0.1
0,0.2,0.1,0.1,0.1
0,0.3,0.2,0.2,0.1
0,0.3,0.2,0.2,0.1
0,0.2,0.1,0.2,0.1
0,0.5,0.4,0.3,0.3
0,0.3,0.1,0.1,0.2
0,0.2,0.1,0.1,0.2
0,0.2,0.1,0.1,0.1
0,0.5,0.3,0.2,0.3
0,0.3,0.1,0.2,0.1
0,0.2,0.1,0.1,0.2
0,0.3,0.1,0.2,0.1
0,0.3,0.1,0.1,0.2
0,0.3,0.1,0.2,0.1
0,0.3,0.1,0.2,0.1
0,0.3,0.1,0.1,0.2
0,0.3,0.2,0.2,0.1
0,0.2,0.1,0.2,0.1
0,0.3,0.1,0.1,0.1
0,0.3,0.2,0.1,0.1
0,0.2,0.1,0.1,0.1
0,0.3,0.1,0.1,0.1
0,0.4,0.3,0.3,0.2
0,0.3,0.1,0.1,0.2
0,0.2,0.1,0.2,0.1
0,0.2,0.2,0.2,0.1
0,0.2,0.1,0.1,0.2
0,0.2,0.1,0.2,0.1
0,0.2,0.1,0.2,0.2
0,0.2,0.1,0.1,0.2
0,0.3,0.1,0.2,0.1
0,0.3,0.2,0.2,0.2
0,0.2,0.1,0.2,0.1
0,0.2,0.1,0.1,0.1
0,0.2,0.1,0.1,0.1
0,0.6,0.3,0.4,0.3
0,0.2,0.2,0.2,0.1
0,0.2,0.1,0.1,0.1
0,0.2,0.2,0.2,0.1
0,0.3,0.3,0.3,0.3
0,0.2,0.2,0.1,0.1
0,0.3,0.2,0.2,0.1
0,0.3,0.1,0.2,0.1
0,0.3,0.1,0.1,0.2
0,0.2,0.2,0.1,0.1
0,0.2,0.2,0.1,0.2
0,0.2,0.2,0.1,0.1
0,0.3,0.2,0.2,0.1
0,0.3,0.2,0.2,0.1
0,0.3,0.2,0.2,0.1
0,0.2,0.1,0.2,0.1
0,0.2,0.2,0.2,0.1
0,0.2,0.2,0.2,0.1
0,0.2,0.2,0.2,0.1
0,0.2,0.1,0.2,0.1
0,0.3,0.1,0.2,0.1
0,0.2,0.1,0.2,0.1
0,0.2,0.1,0.1,0.1
0,0.2,0.1,0.2,0.1
0,0.2,0.1,0.1,0.2
0,0.3,0.1,0.1,0.1
0,0.2,0.2,0.2,0.1
0,0.2,0.1,0.1,0.1
0,0.2,0.1,0.2,0.1
0,0.2,0.1,0.1,0.2
0,0.2,0.1,0.2,0.1
0,0.2,0.1,0.1,0.1
0,0.2,0.1,0.1,0.1
0,0.2,0.2,0.1,0.1
0,0.2,0.1,0.1,0.2
0,0.2,0.1,0.1,0.1
0,0.3,0.1,0.2,0.1
0,0.3,0.1,0.2,0.1
0,0.3,0.1,0.2,0.1
0,0.2,0.1,0.1,0.2
0,0.3,0.2,0.2,0.1
0,0.2,0.1,0.1,0.1
0,0.2,0.2,0.1,0.1
0,0.3,0.1,0.2,0.1
0,0.3,0.1,0.2,0.1
0,0.2,0.1,0.2,0.1
0,0.2,0.1,0.1,0.2
0,0.3,0.1,0.1,0.2
0,0.2,0.1,0.1,0.1
0,0.2,0.2,0.2,0.1
0,0.2,0.1,0.2,0.1
0,0.2,0.2,0.1,0.1
0,0.3,0.1,0.2,0.1
0,0.3,0.2,0.2,0.1
0,0.3,0.2,0.1,0.1
0,0.2,0.1,0.1,0.2
0,0.2,0.1,0.2,0.1
0,0.3,0.1,0.2,0.1
0,0.2,0.2,0.1,0.2
0,0.3,0.1,0.2,0.1
0,0.2,0.1,0.1,0.1
0,0.3,0.1,0.1,0.1
0,0.2,0.2,0.2,0.1
0,0.3,0.1,0.1,0.2
0,0.2,0.1,0.1,0.1
0,0.2,0.2,0.1,0.1
0,0.3,0.2,0.2,0.1
0,0.3,0.1,0.1,0.2
0,0.2,0.1,0.1,0.1
0,0.2,0.1,0.1,0.2
0,0.2,0.2,0.1,0.1
0,0.3,0.1,0.1,0.2
0,0.3,0.1,0.1,0.2
0,0.4,0.3,0.3,0.4
0,0.2,0.2,0.2,0.1
0,0.2,0.1,0.1,0.1
0,10.5,0.1,0.2,0.1
0,0.2,0.1,0.1,0.2
0,0.3,0.2,0.2,0.1
0,0.2,0.2,0.1,0.1
0,0.2,0.2,0.1,0.2
0,0.2,0.1,0.2,0.1
0,0.3,0.1,0.1,0.2
0,0.2,0.1,0.2,0.1
0,0.2,0.1,0.1,0.1
0,0.2,0.1,0.1,0.2
0,0.3,0.2,0.2,0.2
0,0.3,0.1,0.1,0.1
0,0.3,0.1,0.2,0.1
0,0.3,0.1,0.1,0.1
0,0.2,0.2,0.2,0.1
0,0.2,0.1,0.2,0.1
0,0.2,0.1,0.1,0.1
0,0.2,0.2,0.1,0.1
0,0.2,0.1,0.1,0.1
0,0.2,0.1,0.1,0.1
0,0.2,0.1,0.1,0.1
0,0.2,0.1,0.2,0.1
0,0.2,0.1,0.1,0.2
0,0.2,0.1,0.1,0.2
0,0.3,0.1,0.1,0.1
0,0.2,0.1,0.2,0.1
0,0.2,0.1,0.1,0.1
0,0.3,0.1,0.2,0.1
0,0.3,0.1,0.1,0.2
0,0.2,0.1,0.1,0.2
0,0.2,0.2,0.2,0.1
0,0.2,0.1,0.1,0.2
0,0.2,0.1,0.1,0.1
0,0.2,0.1,0.2,0.1
0,0.2,0.2,0.2,0.1
0,0.3,0.2,0.2,0.1
0,0.3,0.2,0.2,0.1
0,0.2,0.1,0.2,0.1
0,0.2,0.2,0.2,0.1
0,0.2,0.2,0.1,0.1
0,0.2,0.2,0.1,0.1
0,0.2,0.1,0.2,0.1
0,0.3,0.1,0.2,0.1
0,0.2,0.1,0.2,0.1
0,0.3,0.1,0.2,0.1
0,0.2,0.2,0.1,0.1
0,0.2,0.1,0.1,0.2
0,0.3,0.1,0.2,0.1
0,0.2,0.1,0.1,0.2
0,0.3,0.2,0.2,0.1
0,0.2,0.1,0.1,0.2
0,0.2,0.1,0.2,0.1
0,0.2,0.1,0.1,0.2
0,0.3,0.2,0.2,0.1
0,0.3,0.2,0.2,0.1
0,0.2,0.1,0.1,0.1
0,0.2,0.1,0.1,0.2
0,0.2,0.1,0.2,0.1
0,0.2,0.2,0.2,0.1
0,0.2,0.2,0.1,0.1
0,0.3,0.1,0.2,0.2
0,0.2,0.1,0.1,0.1
0,0.2,0.1,0.1,0.2
0,0.2,0.1,0.2,0.1
0,0.2,0.1,0.2,0.1
0,0.2,0.1,0.2,0.1
0,0.3,0.1,0.2,0.1
0,0.2,0.2,0.1,0.1
0,0.3,0.1,0.1,0.2
0,0.2,0.1,0.1,0.1
0,0.3,0.1,0.1,0.1
0,0.2,0.1,0.2,0.1
0,0.3,0.1,0.1,0.1
0,0.3,0.1,0.1,0.1
0,0.3,0.2,0.2,0.1
0,0.2,0.1,0.2,0.1
0,0.3,0.1,0.1,0.2
0,0.7,0.2,0.3,0.1
0,0.2,0.2,0.2,0.1
0,0.2,0.1,0.2,0.1
0,0.3,0.1,0.1,0.2
0,0.3,0.2,0.2,0.1
0,0.4,0.3,0.4,0.2
0,0.6,0.4,0.4,0.4
0,0.4,0.2,0.3,0.2
0,0.3,0.1,0.1,0.1
0,0.3,0.1,0.1,0.1
0,0.2,0.2,0.1,0.2
0,0.3,0.1,0.2,0.2
0,0.3,0.1,0.2,0.1
0,0.2,0.1,0.1,0.1
0,0.2,0.1,0.2,0.1
0,0.2,0.2,0.2,0.2
0,0.2,0.1,0.1,0.1
0,0.3,0.1,0.1,0.2
0,0.2,0.1,0.1,0.2
0,0.3,0.1,0.1,0.2
0,0.2,0.1,0.1,0.1
0,0.2,0.1,0.1,0.2
0,0.3,0.1,0.1,0.1
0,0.2,0.1,0.1,0.1
0,0.3,0.1,0.2,0.2
0,0.2,0.1,0.2,0.1
0,0.2,0.1,0.1,0.1
0,0.2,0.1,0.1,0.2
0,0.2,0.1,0.1,0.2
0,0.2,0.1,0.1,0.1
0,0.3,0.1,0.1,0.1
0,0.2,0.1,0.1,0.1
0,0.2,0.1,0.1,0.1
0,0.2,0.1,0.1,0.1
0,0.2,0.2,0.1,0.1
0,0.2,0.1,0.1,0.2
0,0.2,0.1,0.1,0.2
0,0.2,0.1,0.1,0.1
0,0.3,0.1,0.1,0.2
0,0.3,0.2,0.2,0.2
0,0.2,0.1,0.1,0.2
0,0.2,0.4,0.2,0.1
0,0.3,0.1,0.1,0.2
0,0.3,0.1,0.1,0.1
0,0.7,0.4,0.4,0.6
0,0.2,0.2,0.2,0.1
0,0.3,0.2,0.2,0.1
0,0.3,0.2,0.2,0.2
0,0.3,0.1,0.1,0.1
0,0.2,0.2,0.2,0.2
0,0.2,0.1,0.1,0.1
0,0.2,0.2,0.2,0.1
0,0.3,0.1,0.1,0.2
0,0.4,0.3,0.2,0.3
0,0.2,0.2,0.2,0.2
0,0.3,0.1,0.1,0.1
0,0.3,0.2,0.2,0.1
0,0.2,0.1,0.1,0.2
0,0.3,0.1,0.1,0.1
0,0.2,0.1,0.1,0.2
0,0.2,0.2,0.2,0.1
0,0.2,0.1,0.1,0.2
0,0.2,0.1,0.2,0.1
0,0.3,0.2,0.3,0.2
0,0.3,0.1,0.1,0.2
0,0.3,0.2,0.2,0.2
0,0.2,0.1,0.1,0.1
0,0.2,0.1,0.2,0.1
0,0.2,0.2,0.2,0.2
0,0.3,0.1,0.2,0.2
0,0.2,0.1,0.1,0.1
0,0.2,0.1,0.1,0.1
0,0.2,0.1,0.1,0.2
0,0.3,0.1,0.1,0.2
0,0.2,0.1,0.1,0.1
0,0.3,0.1,0.2,0.1
0,0.2,0.1,0.2,0.1
0,0.3,0.1,0.1,0.1
0,0.2,0.1,0.1,0.1
0,0.4,0.3,0.3,0.3
0,0.2,0.1,0.2,0.1
0,0.2,0.2,0.2,0.1
0,0.3,0.1,0.2,0.1
0,0.2,0.2,0.1,0.1
0,0.2,0.1,0.1,0.1
0,0.2,0.1,0.1,0.1
0,0.2,0.1,0.1,0.2
0,0.2,0.1,0.2,0.1
0,0.3,0.1,0.2,0.1
0,0.2,0.1,0.1,0.1
0,0.2,0.2,0.2,0.2
0,0.2,0.1,0.1,0.2
0,0.2,0.2,0.2,0.1
0,0.2,0.2,0.1,0.1
0,0.2,0.2,0.1,0.1
0,0.2,0.1,0.1,0.1
0,0.2,0.2,0.1,0.1
0,0.2,0.1,0.1,0.2
0,0.2,0.2,0.2,0.1
0,0.3,0.2,0.2,0.1
0,0.2,0.1,0.1,0.2
0,0.6,0.2,0.3,0.2
0,0.2,0.2,0.2,0.2
0,0.2,0.2,0.1,0.1
0,0.3,0.1,0.1,0.1
0,0.2,0.1,0.2,0.1
0,0.2,0.2,0.2,0.1
0,0.2,0.2,0.1,0.1
0,0.2,0.1,0.2,0.1
0,0.2,0.1,0.1,0.2
0,0.2,0.2,0.2,0.1
0,0.2,0.1,0.2,0.1
0,0.2,0.2,0.2,0.1
0,0.2,0.1,0.1,0.1
0,0.2,0.1,0.2,0.1
0,0.2,0.1,0.1,0.1
0,0.2,0.2,0.1,0.1
0,0.2,0.1,0.1,0.2
0,0.2,0.2,0.2,0.1
0,0.2,0.2,0.2,0.1
0,0.3,0.1,0.2,0.2
0,10.3,0.1,0.2,0.4
0,0.2,0.2,0.1,0.2
0,0.2,0.2,0.2,0.1
0,0.8,0.5,0.3,0.2
0,0.3,0.1,0.1,0.2
0,0.2,0.1,0.2,0.1
0,0.3,0.1,0.2,0.1
0,0.2,0.1,0.1,0.1
0,0.2,0.1,0.1,0.1
0,0.3,0.1,0.1,0.1
0,0.3,0.1,0.1,0.2
0,0.2,0.1,0.1,0.2
0,0.2,10,0.2,0.1
0,0.2,0.1,0.1,0.2
0,0.2,0.1,0.1,0.1
0,0.3,0.1,0.2,0.2
0,0.3,0.2,0.2,0.2
0,0.2,0.2,0.2,0.1
0,0.2,0.1,0.2,0.1
0,0.2,0.1,0.1,0.1
0,0.2,0.1,0.1,0.2
0,0.2,0.1,0.1,0.1
0,0.2,0.1,0.2,0.1
0,0.2,0.2,0.2,0.1
0,0.3,0.2,0.2,0.1
0,0.2,0.1,0.1,0.2
0,0.2,0.1,0.2,0.1
0,0.2,0.1,0.2,0.1
0,0.3,0.2,0.2,0.1
0,0.2,0.1,0.1,0.3
0,0.2,0.2,0.2,0.1
0,0.2,0.2,0.2,0.1
0,0.3,0.1,0.2,0.1
0,0.2,0.1,0.1,0.2
0,0.2,0.2,0.1,0.1
0,0.3,0.2,0.2,0.1
0,0.2,0.1,0.1,0.1
0,0.3,0.1,0.2,0.1
0,0.3,0.2,0.2,0.1
0,0.3,0.2,0.1,0.1
0,0.3,0.1,0.1,0.1
0,0.2,0.2,0.1,0.2
0,0.3,0.2,0.2,0.1
0,0.3,0.1,0.1,0.1
0,0.3,0.1,0.2,0.1
0,0.3,0.1,0.1,0.2
0,0.2,0.1,0.1,0.1
0,0.3,0.1,0.1,0.2
0,0.3,0.1,0.1,0.2
0,0.2,0.2,0.2,0.1
0,0.2,0.1,0.1,0.1
0,0.2,0.1,0.2,0.1
0,0.2,0.2,0.1,0.2
0,0.3,0.1,0.2,0.1
0,0.3,0.1,0.2,0.1
0,0.2,0.1,0.1,0.2
0,0.2,0.1,0.2,0.1
0,0.2,0.1,0.2,0.1
0,0.2,0.2,0.1,0.1
0,0.3,0.2,0.1,0.1
0,0.2,0.1,0.2,0.1
0,0.3,0.1,0.2,0.1
0,0.2,0.2,0.2,0.1
0,0.2,0.1,0.2,0.1
0,0.2,0.1,0.1,0.2
0,0.2,0.1,0.1,0.2
0,0.3,0.1,0.1,0.2
0,0.2,0.1,0.1,0.2
0,0.2,0.1,0.1,0.1
0,0.2,0.1,0.1,0.2
0,0.2,0.1,0.1,0.1
0,0.2,0.1,0.1,0.1
0,0.2,0.1,0.1,0.2
0,0.2,0.1,0.1,0.2
0,0.3,0.1,0.1,0.2
0,0.2,0.2,0.1,0.1
0,0.2,0.1,0.2,0.1
0,0.3,0.2,0.1,0.2
0,0.2,0.2,0.2,0.1
0,0.2,0.2,0.2,0.1
0,0.2,0.2,0.2,0.1
0,0.2,0.2,0.1,0.2
0,0.2,0.1,0.1,0.1
0,0.3,0.2,0.2,0.1
0,0.3,0.1,0.2,0.1
0,0.2,0.1,0.2,0.1
0,0.2,0.2,0.1,0.1
0,0.2,0.2,0.1,0.1
0,0.2,0.1,0.1,0.2
0,0.2,0.1,0.1,0.2
0,0.3,0.1,0.1,0.2
0,0.2,0.1,0.1,0.2
0,0.3,0.1,0.1,0.2
0,0.2,0.1,0.2,0.2
0,0.2,0.1,0.2,0.1
0,0.3,0.2,0.2,0.1
0,0.2,0.1,0.2,0.1
0,0.2,0.1,0.2,0.1
0,0.2,0.2,0.1,0.1
0,0.2,0.1,0.1,0.1
0,0.3,0.1,0.2,0.1
0,0.2,0.1,0.1,0.1
0,0.2,0.1,0.1,0.2
0,0.3,0.1,0.1,0.1
0,0.3,0.1,0.2,0.1
0,0.3,0.1,0.1,0.1
0,0.3,0.2,0.1,0.1
0,0.2,0.1,0.1,0.1
0,0.2,0.1,0.1,0.2
0,0.2,0.2,0.1,0.1
0,0.2,0.1,0.1,0.2
0,0.2,0.2,0.1,0.1
0,0.3,0.1,0.1,0.2
0,0.2,0.1,0.2,0.1
0,0.3,0.3,0.2,0.2
0,0.2,0.1,0.2,0.1
0,0.3,0.1,0.1,0.1
0,0.2,0.1,0.1,0.1
0,0.2,0.2,0.2,0.1
0,0.2,0.2,0.2,0.1
0,0.2,0.1,0.2,0.1
0,0.2,0.1,0.1,0.1
0,0.3,0.1,0.2,0.1
0,0.2,0.2,0.2,0.2
0,0.2,0.2,0.2,0.1
0,0.2,0.1,0.2,0.1
0,0.2,0.2,0.2,0.1
0,0.2,0.1,0.1,0.1
0,0.2,0.1,0.2,0.1
0,0.2,0.1,0.1,0.1
0,0.2,0.1,0.1,0.1
0,0.3,0.2,0.2,0.2
0,0.2,0.1,0.2,0.1
0,0.2,0.1,0.1,0.1
0,0.2,0.1,0.2,0.1
0,0.2,0.1,0.1,0.2
0,0.2,0.1,0.1,0.1
0,0.3,0.1,0.2,0.2
0,0.3,0.1,0.1,0.2
0,0.3,0.1,0.1,0.2
0,0.2,0.1,0.2,0.1
0,0.2,0.2,0.2,0.1
0,0.4,0.2,0.3,0.5
0,0.4,0.1,0.2,0.2
0,0.4,0.2,0.2,0.2
0,0.5,0.1,0.2,0.4
0,0.2,0.1,0.2,0.1
0,0.4,0.4,0.3,0.5
0,0.3,0.1,0.1,0.1
0,0.3,0.4,0.3,0.3
0,0.4,0.3,0.7,0.3
0,0.2,0.1,0.2,0.1
0,0.3,0.1,0.2,0.1
0,0.3,0.2,0.2,0.1
0,0.3,0.1,0.1,0.1
0,0.4,0.3,0.3,0.2
0,0.3,0.1,0.1,0.2
0,0.2,0.1,0.2,0.1
0,0.2,0.1,0.2,0.1
0,0.2,0.1,0.2,0.1
0,0.3,0.2,0.3,0.2
0,0.2,0.1,0.2,0.1
0,0.3,1.6,0.2,0.1
0,0.3,0.1,0.1,0.2
0,0.3,0.2,0.2,0.1
0,0.4,0.2,0.2,0.1
0,0.2,0.2,0.2,0.1
0,0.2,0.1,0.1,0.1
0,0.3,0.2,0.2,0.1
0,0.2,0.2,0.2,0.1
0,0.3,0.1,0.1,0.1
0,0.5,0.3,0.4,0.3
0,0.3,0.1,0.1,0.2
0,0.6,0.3,0.3,0.3
0,0.2,0.1,0.2,0.2
0,0.3,0.2,0.2,0.1
0,0.3,0.2,0.1,0.2
0,0.2,0.2,0.3,0.2
0,0.2,0.1,0.2,0.1
0,0.7,0.2,0.2,0.2
0,0.2,0.1,0.2,0.1
0,0.2,0.2,0.2,0.1
0,0.3,0.2,0.2,0.1
0,0.4,0.1,0.3,0.2
0,0.2,0.2,0.2,0.2
0,0.3,0.2,0.2,0.2
0,0.4,0.2,0.4,0.3
0,0.4,0.2,0.2,0.2
0,0.3,0.1,0.1,0.1
0,0.2,0.1,0.2,0.1
0,0.3,0.1,0.1,0.1
0,0.2,0.1,0.2,0.1
0,0.2,0.2,0.2,0.1
0,0.3,0.2,0.2,0.2
0,0.3,0.2,0.2,0.2
0,0.3,0.2,0.2,0.1
0,0.5,0.3,0.2,0.3
0,0.3,0.2,0.1,0.1
0,0.2,0.1,0.1,0.1
0,0.3,0.2,0.2,0.2
0,0.2,0.1,0.1,0.1
0,0.5,0.3,0.3,0.2
0,0.2,0.1,0.1,0.2
0,0.2,0.1,0.1,0.2
0,0.6,0.3,0.3,0.2
0,0.2,0.1,0.1,0.2
0,0.3,0.2,0.2,0.1
0,0.3,0.2,0.2,0.1
0,0.3,0.1,0.1,0.1
0,0.4,0.3,0.3,0.2
0,0.2,0.2,0.2,0.1
0,0.2,0.1,0.1,0.2
0,0.2,0.1,0.2,0.1
0,0.3,0.1,0.1,0.2
0,0.3,0.2,0.1,0.2
0,0.3,0.1,0.3,0.2
0,0.2,0.2,0.2,0.2
0,0.4,0.2,0.2,0.2
0,0.2,0.1,0.1,0.1
0,0.2,0.2,0.1,0.1
0,0.2,0.1,0.2,0.1
0,0.2,0.1,0.2,0.1
0,0.3,0.1,0.1,0.1
0,0.2,0.2,0.2,0.1
0,0.3,0.2,0.2,0.1
0,0.2,0.1,0.2,0.1
0,0.3,0.2,0.2,0.1
0,0.3,0.2,0.2,0.1
0,0.2,0.1,0.1,0.1
0,0.3,0.1,0.1,0.1
0,0.2,0.1,0.2,0.1
0,0.3,0.1,0.2,0.2
0,0.2,0.1,0.1,0.2
0,0.3,0.1,0.1,0.2
0,0.3,0.2,0.2,0.1
0,10.4,0.3,0.3,0.3
0,0.3,0.2,0.2,0.1
0,0.2,0.2,0.2,0.1
0,0.2,0.1,0.1,0.1
0,0.2,0.1,0.1,0.2
0,0.2,0.2,0.2,0.1
0,0.6,0.3,0.3,0.4
0,0.2,0.1,0.1,0.1
0,0.3,0.1,0.1,0.2
0,0.2,0.1,0.1,0.1
0,0.3,0.2,0.2,0.2
0,0.2,0.1,0.2,0.1
0,0.2,0.1,0.1,0.2
0,0.3,0.1,0.2,0.2
0,0.2,0.1,0.1,0.1
0,0.2,0.1,0.2,0.2
0,0.2,0.1,0.1,0.3
0,0.3,0.2,0.2,0.1
0,0.2,0.2,0.2,0.1
0,0.2,0.1,0.2,0.1
0,0.2,0.1,0.1,0.1
0,0.2,0.2,0.2,0.1
0,0.2,0.1,0.2,0.1
0,0.3,0.1,0.2,0.1
0,0.2,0.1,0.1,0.2
0,0.3,0.3,0.3,0.2
0,0.2,0.1,0.1,0.2
0,0.2,0.1,0.2,0.1
0,0.3,0.1,0.1,0.2
0,0.3,0.2,0.3,0.3
0,0.2,0.1,0.2,0.1
0,0.2,0.2,0.2,0.1
0,0.2,0.1,0.2,0.1
0,0.2,0.1,0.1,0.1
0,0.2,0.2,0.1,0.2
0,0.2,0.2,0.1,0.1
0,0.2,0.2,0.2,0.1
0,0.9,0.3,0.3,0.2
0,0.3,0.2,0.3,0.1
0,0.2,0.2,0.2,0.1
0,0.2,0.2,0.2,0.2
0,0.2,0.1,0.2,0.1
0,0.3,0.2,0.2,0.1
0,0.2,0.1,0.2,0.1
0,0.2,0.2,0.1,0.2
0,0.2,0.1,0.1,0.2
0,0.3,0.1,0.2,0.1
0,0.2,0.1,0.1,0.2
0,0.3,0.1,0.1,0.2
0,0.2,0.2,0.2,0.1
0,0.3,0.1,0.2,0.1
0,0.2,0.1,0.1,0.1
0,0.2,0.1,0.1,0.2
0,0.2,0.2,0.2,0.1
0,0.3,0.2,0.2,0.1
0,0.2,0.2,0.2,0.2
0,0.2,0.1,0.1,0.1
0,0.2,0.1,0.1,0.1
0,0.2,0.1,0.2,0.1
0,0.2,0.1,0.1,0.1
0,0.3,0.1,0.1,0.2
0,0.3,0.1,0.1,0.1
0,0.2,0.1,0.1,0.1
0,0.2,0.1,0.1,0.1
0,0.3,0.2,0.2,0.1
0,0.3,0.1,0.1,0.1
0,0.2,0.1,0.2,0.1
0,0.3,0.1,0.1,0.1
0,0.2,0.1,0.2,0.1
0,0.2,0.2,0.1,0.1
0,0.3,0.1,0.1,0.1
0,0.2,0.1,0.2,0.1
0,0.3,0.1,0.2,0.1
0,0.2,0.1,0.1,0.1
0,0.3,0.1,0.2,0.1
0,0.3,0.1,0.2,0.1
0,0.2,0.1,0.1,0.1
0,0.2,0.2,0.1,0.1
0,0.2,0.1,0.1,0.1
0,0.2,0.1,0.1,0.1
0,0.2,0.1,0.2,0.1
0,0.3,0.1,0.2,0.1
0,0.2,0.2,0.1,0.1
0,0.3,0.1,0.2,0.1
0,0.2,0.2,0.1,0.1
0,0.2,0.1,0.1,0.2
0,0.2,0.2,0.2,0.1
0,0.2,0.1,0.2,0.1
0,0.3,0.2,0.2,0.1
0,0.3,0.1,0.2,0.1
0,0.3,0.2,0.2,0.1
0,0.2,0.1,0.2,0.1
0,0.2,0.2,0.2,0.1
0,0.3,0.1,0.2,0.1
0,0.2,0.2,0.2,0.1
0,0.3,0.2,0.2,0.1
0,0.2,0.1,0.2,0.1
0,0.3,0.2,0.2,0.1
0,0.2,0.1,0.2,0.1
0,0.2,0.2,0.1,0.1
0,0.2,0.1,0.1,0.1
0,0.3,0.2,0.2,0.2
0,0.2,0.1,0.2,0.1
0,0.2,0.1,0.1,0.1
0,0.3,0.2,0.2,0.2
0,0.3,0.2,0.1,0.1
0,0.2,0.1,0.2,0.1
0,0.2,0.2,0.2,0.1
0,0.2,0.1,0.1,0.1
0,0.2,0.2,0.2,0.1
0,0.2,0.1,0.1,0.2
0,0.2,0.1,0.2,0.1
0,0.2,0.2,0.2,0.1
0,0.2,0.2,0.2,0.1
0,0.3,0.2,0.2,0.1
0,0.3,0.1,0.2,0.1
0,0.3,0.1,0.2,0.1
0,0.3,0.1,0.1,0.1
0,0.3,0.2,0.2,0.1
0,0.3,0.2,0.2,0.1
0,0.4,0.1,0.3,0.3
0,0.2,0.1,0.2,0.1
0,0.2,0.1,0.1,0.1
0,0.3,0.1,0.2,0.1
0,0.6,0.4,0.4,0.4
0,0.2,0.1,0.1,0.2
0,0.8,0.2,0.3,0.2
0,0.3,0.1,0.1,0.1
0,0.3,0.2,0.2,0.1
0,0.2,0.1,0.1,0.2
0,0.3,0.1,0.1,0.1
0,0.2,0.1,0.1,0.2
0,0.2,0.1,0.1,0.2
0,0.3,0.2,0.1,0.1
0,0.2,0.1,0.2,0.1
0,0.2,0.1,0.2,0.2
0,0.3,0.1,0.1,0.2
0,0.3,0.2,0.2,0.1
0,0.3,0.1,0.2,0.1
0,0.2,0.2,0.1,0.1
0,0.2,0.1,0.1,0.1
0,0.2,0.2,0.1,0.1
0,0.2,0.1,0.1,0.1
0,0.3,0.2,0.2,0.1
0,0.2,0.1,0.1,0.2
0,0.2,0.1,0.1,0.1
0,0.2,0.2,0.1,0.1
0,0.4,0.2,0.3,0.3
0,0.2,0.1,0.1,0.2
0,0.3,0.1,0.1,0.1
0,0.3,0.1,0.1,0.2
0,0.3,0.1,0.1,0.2
0,0.2,0.2,0.2,0.1
0,0.2,0.2,0.1,0.2
0,0.2,0.1,0.1,0.1
0,0.3,0.1,0.1,0.1
0,0.2,0.1,0.1,0.2
0,0.2,0.1,0.1,0.2
0,0.2,0.1,0.1,0.2
0,0.2,0.2,0.2,0.1
0,0.2,0.1,0.1,0.2
0,1.2,1.1,1.1,1.1
0,0.3,0.2,0.1,0.2
0,2.5,1,1,0.2
0,0.2,0.2,0.2,0.1
0,0.3,0.1,0.2,0.1
0,0.3,0.2,0.2,0.2
0,0.2,0.2,0.2,0.1
0,0.2,0.2,0.2,0.2
0,0.3,0.1,0.2,0.1
0,0.2,0.1,0.1,0.2
0,0.2,0.1,0.1,0.2
0,0.4,0.9,1.1,1.1
0,0.3,0.1,0.1,0.1
0,0.2,0.1,0.2,0.1
0,0.3,0.2,0.2,0.1
0,0.2,0.2,0.2,0.1
0,0.2,0.2,0.2,0.1
0,0.2,0.2,0.2,0.1
0,0.2,0.1,0.2,0.1
0,0.2,0.1,0.1,0.2
0,0.2,0.2,0.1,0.1
0,0.3,0.2,0.2,0.1
0,0.2,0.1,0.2,0.2
0,0.3,0.2,0.1,0.2
0,0.2,0.1,0.1,0.1
0,0.2,0.2,0.2,0.1
0,0.2,0.1,0.2,0.1
0,0.2,0.2,0.2,0.1
0,0.2,0.2,0.2,0.1
0,0.3,0.2,0.2,0.4
0,0.2,0.1,0.2,0.1
0,0.2,0.2,0.2,0.1
0,0.2,0.1,0.1,0.1
0,0.2,0.2,0.2,0.1
0,0.2,0.1,0.3,0.1
0,0.3,0.1,0.1,0.2
0,0.2,0.1,0.1,0.1
0,0.2,0.2,0.1,0.1
0,0.2,0.2,0.2,0.1
0,0.2,0.1,0.1,0.1
0,0.2,0.1,0.1,0.2
0,0.3,0.2,0.2,0.1
0,0.3,0.1,0.2,0.1
0,0.2,0.2,0.2,0.2
0,0.3,0.1,0.2,0.1
0,0.2,0.1,0.1,0.1
0,0.3,0.2,0.2,0.1
0,0.2,0.2,0.2,0.1
0,0.2,0.1,0.1,0.1
0,0.3,0.1,0.1,0.2
0,0.2,0.2,0.2,0.2
0,0.2,0.1,0.1,0.1
0,0.5,0.3,0.3,0.2
0,0.5,0.3,0.3,0.3
0,0.3,0.2,0.2,0.2
0,0.3,0.2,0.2,0.1
0,0.2,0.1,0.2,0.1
0,0.2,0.1,0.3,0.1
0,0.4,0.2,0.3,0.2
0,0.2,0.2,0.2,0.1
0,0.2,0.2,0.2,10.4
0,0.3,0.1,0.1,0.1
0,0.7,0.3,0.4,0.2
0,0.2,0.1,0.2,0.1
0,0.2,0.1,0.1,0.1
0,0.3,0.1,0.2,0.2
0,0.2,0.2,0.2,0.1
0,0.6,0.1,0.2,0.1
0,0.2,0.1,0.1,0.2
0,0.3,0.2,0.2,0.1
0,0.5,0.3,0.4,0.3
0,0.3,0.1,0.2,0.4
0,0.9,0.3,0.3,0.2
0,0.3,0.1,0.1,0.2
0,0.2,0.1,0.1,0.1
0,0.5,0.2,0.2,0.2
0,0.2,0.1,0.1,0.2
0,0.2,0.2,0.1,0.1
0,0.3,0.1,0.3,0.1
0,0.2,0.1,0.1,0.1
0,0.3,0.2,0.2,0.2
0,0.3,0.2,0.2,0.2
0,0.2,0.1,0.1,0.2
0,0.2,0.1,0.1,0.1
0,0.3,0.1,0.2,0.1
0,0.2,0.1,0.2,0.1
0,0.2,0.1,0.1,0.2
0,1.2,1.1,1,1
0,0.2,0.1,0.1,0.1
0,0.2,0.1,0.1,0.1
0,0.2,0.1,0.2,0.1
0,0.2,0.1,0.1,0.1
0,0.2,0.1,0.1,0.2
0,0.3,0.2,0.2,0.1
0,0.5,0.3,0.3,0.2
0,0.2,0.2,0.2,0.1
0,0.3,0.2,0.2,0.2
0,0.5,0.3,0.3,0.3
0,0.2,0.2,0.2,0.2
0,0.1,0.1,0.1,0.1
0,0.2,0.1,0.1,0.2
0,0.2,0.1,0.1,0.1
0,0.2,0.1,0.1,0.1
0,0.2,0.1,0.1,0.2
0,0.2,0.2,0.2,0.2
0,0.3,0.1,0.1,0.2
0,0.3,0.1,0.2,0.1
0,0.2,0.1,0.1,0.1
0,0.3,0.1,0.1,0.2
0,0.5,0.2,0.2,1
0,0.4,0.2,0.2,0.2
0,0.2,0.2,0.2,0.1
0,0.2,0.1,0.2,0.1
0,0.2,0.1,0.1,0.1
0,0.3,0.1,0.1,0.1
0,0.3,0.1,0.1,0.1
0,0.2,0.2,0.2,0.2
0,0.4,0.1,0.1,0.2
0,0.2,0.2,0.1,0.1
0,0.4,0.3,0.3,0.2
0,0.3,0.1,0.1,0.2
0,0.3,0.2,0.2,0.2
0,0.2,0.2,0.2,0.1
0,0.2,0.1,0.1,0.1
0,0.3,0.1,0.1,0.2
0,0.2,0.1,0.1,0.1
0,0.2,0.1,0.1,0.2
0,0.2,0.1,0.1,0.1
0,0.2,0.1,0.1,0.2
0,0.2,0.2,0.2,0.1
0,0.6,0.4,0.4,0.3
0,0.3,0.2,0.3,0.3
0,0.2,0.2,0.1,0.1
0,0.2,0.1,0.1,0.1
0,0.2,0.1,0.1,0.1
0,0.3,0.2,0.1,0.1
0,0.3,0.1,0.1,0.2
0,0.2,0.1,0.1,0.1
0,0.2,0.1,0.1,0.1
0,0.2,0.1,0.1,0.1
0,0.3,0.1,0.1,0.2
0,0.2,0.1,0.2,0.1
0,0.2,0.1,0.1,0.1
0,0.2,0.1,0.1,0.1
0,0.2,0.2,0.2,0.1
0,0.2,0.1,0.1,0.2
0,0.2,0.1,0.1,0.1
0,0.2,0.2,0.2,0.1
0,0.2,0.1,0.2,0.1
0,0.2,0.1,0.1,0.2
0,0.2,0.2,0.1,0.1
0,0.3,0.1,0.2,0.1
0,0.2,0.1,0.1,0.2
0,0.2,0.1,0.2,0.1
0,0.2,0.1,0.1,0.2
0,0.2,0.1,0.1,0.2
0,0.2,0.2,0.2,0.1
0,0.2,0.1,0.2,0.1
0,0.2,0.2,0.2,0.1
0,0.2,0.2,0.1,0.1
0,0.2,0.2,0.1,0.1
0,0.2,0.1,0.2,0.1
0,0.2,0.1,0.1,0.1
0,0.2,0.1,0.2,0.1
0,0.2,0.1,0.2,0.1
0,0.2,0.1,0.2,0.1
0,0.2,0.2,0.2,0.1
0,0.3,0.1,0.1,0.1
0,0.2,0.1,0.1,0.2
0,0.2,0.1,0.1,0.1
0,0.2,0.1,0.2,0.1
0,0.3,0.2,0.2,0.1
0,0.3,0.1,0.1,0.1
0,0.3,0.1,0.2,0.1
0,0.2,0.1,0.1,0.2
0,0.2,0.2,0.2,0.1
0,0.2,0.1,0.2,0.1
0,0.2,0.2,0.2,0.1
0,0.2,0.1,0.2,0.1
0,0.3,0.2,0.2,0.1
0,0.3,0.1,0.1,0.2
0,0.3,0.1,0.2,0.2
0,0.3,0.1,0.2,0.1
0,0.2,0.1,0.2,0.1
0,0.2,0.2,0.1,0.1
0,0.2,0.2,0.2,0.2
0,0.2,0.2,0.2,0.1
0,0.3,0.1,0.2,0.1
0,0.3,0.1,0.1,0.1
0,0.2,0.1,0.1,0.1
0,0.5,0.3,0.3,0.3
0,0.2,0.1,0.1,0.1
0,0.3,0.1,0.2,0.2
0,0.3,0.1,0.1,0.1
0,0.2,0.2,0.2,0.1
0,0.2,0.1,0.1,0.2
0,0.2,0.1,0.2,0.1
0,0.2,0.2,0.2,0.1
0,0.3,0.1,0.2,0.1
0,0.2,0.1,0.2,0.1
0,0.2,0.1,0.1,0.2
0,0.2,0.1,0.1,0.1
0,0.2,0.2,0.2,0.1
0,0.2,0.1,0.2,0.1
0,0.3,0.2,0.2,0.1
0,0.2,0.2,0.1,0.1
0,0.2,0.2,0.2,0.1
0,0.2,0.1,0.1,0.1
0,0.3,0.1,0.2,0.1
0,0.2,0.1,0.1,0.1
0,0.2,0.1,0.1,0.2
0,0.2,0.1,0.1,0.2
0,0.2,0.1,0.2,0.1
0,0.3,0.2,0.2,0.1
0,0.2,0.1,0.2,0.1
0,0.3,0.2,0.2,0.1
0,0.2,0.1,0.1,0.2
0,0.2,0.1,0.1,0.2
0,0.2,0.1,0.1,0.1
0,0.2,0.1,0.1,0.1
0,0.2,0.1,0.2,0.1
0,0.2,0.1,0.1,0.2
0,0.2,0.1,0.1,0.1
0,0.2,0.1,0.1,0.1
0,0.2,0.2,0.1,0.1
0,0.2,0.1,0.1,0.2
0,0.2,0.1,0.2,0.1
0,0.2,0.2,0.1,0.1
0,0.2,0.2,0.1,0.2
0,0.2,0.1,0.1,0.1
0,0.3,0.1,0.1,0.2
0,0.2,0.1,0.1,0.2
0,0.2,0.2,0.2,0.1
0,0.3,0.1,0.1,0.1
0,0.2,0.1,0.1,0.1
0,0.2,0.1,0.1,0.2
0,0.2,0.2,0.2,0.1
0,0.2,0.2,0.2,0.1
0,0.2,0.1,0.1,0.1
0,0.2,0.2,0.2,0.2
0,0.3,0.1,0.2,0.1
0,0.2,0.2,0.2,0.1
0,0.2,0.1,0.1,0.2
0,0.3,0.1,0.2,0.1
0,0.3,0.1,0.2,0.1
0,0.2,0.1,0.1,0.1
0,0.2,0.2,0.1,0.1
0,0.2,0.1,0.2,0.1
0,0.3,0.1,0.2,0.1
0,0.2,0.1,0.1,0.1
0,0.2,0.2,0.2,0.1
0,0.3,0.1,0.3,0.2
0,0.2,0.2,0.2,0.1
0,0.2,0.1,0.1,0.1
0,0.3,0.2,0.2,0.1
0,0.2,0.2,0.2,0.1
0,0.2,0.1,0.1,0.2
0,0.2,0.1,0.2,0.1
0,0.3,0.1,0.2,0.1
0,0.2,0.1,0.1,0.1
0,0.3,0.1,0.1,0.2
0,0.3,0.2,0.2,0.1
0,0.3,0.2,0.2,0.2
0,0.3,0.2,0.2,0.2
0,0.3,0.1,0.2,0.1
0,0.2,0.1,0.2,0.1
0,0.3,0.1,0.1,0.2
0,0.6,0.4,0.4,0.3
0,0.2,0.1,0.1,0.1
0,0.2,0.1,0.2,0.1
0,0.5,0.2,0.2,0.2
0,0.3,0.1,0.2,0.1
0,0.4,0.3,1.1,1.1
0,0.5,0.3,0.3,0.3
0,0.3,0.1,0.1,0.2
0,0.2,0.2,0.2,0.1
0,1.1,0.4,0.4,0.3
0,0.2,0.1,0.1,0.2
0,0.3,0.2,0.1,0.1
0,0.2,0.1,0.1,0.1
0,0.2,0.1,0.1,0.1
0,0.2,0.1,0.1,0.2
0,0.2,0.1,0.1,0.1
0,0.4,0.1,0.1,0.1
0,0.6,0.2,0.2,0.3
0,0.4,0.2,0.3,0.3
0,0.2,0.2,0.2,0.1
0,0.5,0.3,0.2,0.3
0,0.3,0.1,0.1,0.1
0,0.2,0.2,0.2,0.1
0,0.4,0.4,0.3,0.2
0,0.5,0.3,0.3,0.4
0,0.6,0.3,0.4,0.4
0,0.5,0.4,0.4,0.3
0,0.2,0.1,0.1,0.1
0,0.4,0.2,0.3,0.3
0,0.3,0.1,0.1,0.1
0,0.3,0.2,0.2,0.1
0,0.2,0.1,0.1,0.1
0,0.4,0.1,0.2,0.2
0,0.4,0.1,0.2,0.2
0,0.3,0.2,0.2,0.1
0,0.4,0.1,0.3,0.2
0,0.3,0.1,0.3,0.3
0,0.4,0.3,0.3,0.2
0,0.7,0.4,0.4,0.3
0,0.3,0.2,0.3,0.2
0,0.3,0.1,0.1,0.1
0,0.2,0.1,0.1,0.2
0,0.7,0.3,0.4,0.4
0,0.3,0.1,0.1,0.1
0,0.3,0.1,0.2,0.1
0,0.2,0.2,0.2,0.1
0,0.2,0.1,0.2,0.2
0,0.5,0.3,0.3,0.3
0,0.3,0.1,0.1,0.2
0,0.2,0.2,0.2,0.1
0,0.3,0.2,0.2,0.1
0,0.4,0.3,0.3,0.3
0,0.6,0.2,0.2,0.2
0,0.2,0.2,0.2,0.2
0,0.7,0.2,0.2,0.2
0,0.3,0.1,0.2,0.2
0,0.2,0.1,0.1,0.1
0,0.3,0.2,0.3,0.1
0,0.4,0.3,0.3,0.2
0,0.3,0.3,0.2,0.3
0,0.3,0.1,0.3,0.2
0,0.3,0.1,0.3,0.2
0,0.4,0.2,0.3,0.2
0,0.3,0.2,0.2,0.1
0,0.5,0.3,0.3,0.3
0,0.7,0.3,0.3,0.3
0,0.3,0.2,0.2,0.3
0,0.3,0.2,0.2,0.2
0,0.3,0.1,0.1,0.2
0,0.5,0.2,0.3,0.2
0,0.3,0.1,0.1,0.2
0,0.2,0.1,0.2,0.1
0,0.2,0.2,0.2,0.1
0,0.5,0.3,0.2,0.3
0,0.2,0.2,0.2,0.1
0,0.2,0.1,0.2,0.1
0,0.2,0.1,0.1,0.1
0,0.2,0.2,0.2,0.1
0,0.3,0.2,0.2,0.1
0,0.2,0.2,0.2,0.1
0,0.3,0.2,0.1,0.1
0,0.2,0.1,0.1,0.1
0,0.3,0.1,0.1,0.1
0,0.4,0.1,0.2,0.2
0,1.2,1.1,1.1,1.2
0,0.3,0.1,0.2,0.2
0,0.2,0.1,0.2,0.1
0,0.2,0.2,0.2,0.1
0,0.2,0.1,0.1,0.2
0,0.3,0.2,0.2,0.2
0,0.2,0.2,0.1,0.1
0,0.2,0.2,0.1,0.1
0,0.2,0.1,0.2,0.1
0,0.2,0.1,0.1,0.1
0,0.2,0.1,0.1,0.1
0,0.2,0.1,0.1,0.2
0,0.2,0.1,0.2,0.1
0,0.2,0.1,0.2,0.1
0,0.4,0.3,0.3,0.4
0,0.2,0.1,0.1,0.1
0,0.4,0.3,0.3,0.3
0,0.3,0.2,0.2,0.1
0,0.2,0.2,0.2,0.2
0,0.2,0.3,0.2,0.1
0,0.2,0.2,0.2,0.1
0,0.3,0.1,0.1,0.2
0,0.3,0.1,0.1,0.2
0,0.2,0.2,0.1,0.1
0,0.2,0.1,0.1,0.1
0,0.3,0.2,0.1,0.2
0,0.3,0.2,0.2,0.1
0,0.3,0.2,0.2,0.2
0,0.3,0.1,0.3,0.1
0,0.3,0.2,0.2,0.1
0,1.3,1.3,1.1,1.2
0,0.3,0.2,0.2,0.1
0,0.5,0.3,0.3,0.2
0,1,0.4,0.3,1.1
0,0.2,0.2,0.1,0.5
0,0.4,0.3,0.3,0.3
0,0.2,0.1,0.1,0.2
0,0.2,0.1,0.2,0.1
0,0.3,0.2,0.2,0.2
0,0.4,0.1,0.3,0.2
0,0.2,0.2,0.1,0.1
0,0.2,0.2,0.1,0.1
0,0.2,0.2,0.2,0.1
0,0.2,0.2,0.2,0.1
0,0.2,0.1,0.1,0.1
0,0.3,0.1,0.2,0.1
0,0.3,0.1,0.1,0.1
0,0.2,0.1,0.2,0.1
0,0.3,0.2,0.2,0.1
0,0.2,0.1,0.2,0.1
0,0.3,0.1,0.1,0.2
0,0.2,0.1,0.1,0.2
0,0.2,0.1,0.1,0.2
0,0.2,0.1,0.1,0.1
0,0.2,0.2,0.2,0.1
0,0.2,0.1,0.1,0.2
0,0.2,0.1,0.1,0.2
0,0.2,0.1,0.2,0.1
0,0.2,0.1,0.1,0.2
0,0.2,0.1,0.1,0.2
0,0.2,0.2,0.1,0.1
0,0.2,0.2,0.1,0.1
0,0.2,0.1,0.2,0.1
0,0.2,0.2,0.2,0.1
0,0.3,0.1,0.1,0.1
0,0.2,0.2,0.2,0.1
0,0.2,0.1,0.2,0.1
0,0.2,0.1,0.1,0.1
0,0.2,0.1,0.2,0.1
0,0.2,0.2,0.2,0.1
0,0.4,0.4,0.3,0.3
0,0.3,0.2,0.2,0.1
0,0.2,0.1,0.1,0.2
0,0.2,0.2,0.2,0.1
0,0.2,0.2,0.1,0.2
0,0.2,0.1,0.1,0.2
0,0.2,0.1,0.2,0.1
0,0.2,0.2,0.1,0.1
0,0.4,0.3,0.3,0.3
0,0.3,0.1,0.2,0.1
0,0.2,0.1,0.2,0.1
0,0.2,0.1,0.1,0.1
0,0.2,0.1,0.2,0.1
0,0.2,0.2,0.1,0.1
0,0.2,0.2,0.2,0.1
0,0.2,0.2,0.2,0.2
0,0.3,0.2,0.2,0.1
0,0.3,0.2,0.2,0.1
0,0.2,0.2,0.1,0.1
0,0.2,0.1,0.1,0.2
0,0.2,0.2,0.2,0.1
0,0.3,0.1,0.1,0.2
0,0.3,0.2,0.1,0.1
0,0.2,0.1,0.1,0.2
0,0.3,0.1,0.1,0.1
0,0.2,0.2,0.2,0.1
0,0.2,0.1,0.2,0.1
0,0.2,0.2,0.1,0.1
0,0.2,0.1,0.2,0.1
0,0.3,0.1,0.2,0.1
0,0.2,0.1,0.2,0.1
0,0.2,0.2,0.1,0.1
0,0.2,0.1,0.2,0.1
0,0.2,0.2,0.1,0.1
0,0.3,0.1,0.2,0.1
0,0.2,0.1,0.2,0.1
0,0.2,0.2,0.2,0.2
0,0.2,0.1,0.2,0.1
0,0.2,0.2,0.2,0.1
0,0.3,0.1,0.2,0.1
0,0.2,0.1,0.1,0.2
0,0.2,0.1,0.2,0.1
0,0.2,0.1,0.1,0.2
0,0.3,0.2,0.2,0.1
0,0.2,0.1,0.1,0.1
0,0.3,0.1,0.1,0.2
0,0.2,0.2,0.2,0.1
0,0.2,0.2,0.1,0.1
0,0.2,0.1,0.1,0.1
0,0.3,0.1,0.2,0.1
0,0.2,0.1,0.1,0.1
0,0.2,0.1,0.2,0.1
0,0.2,0.1,0.1,0.2
0,0.2,0.1,0.2,0.1
0,0.2,0.2,0.1,0.1
0,0.2,0.1,0.1,0.2
0,0.2,0.1,0.2,0.1
0,0.2,0.1,0.1,0.1
0,0.1,0.1,0.2,0.1
0,0.4,0.1,0.1,0.2
0,0.2,0.1,0.1,0.2
0,0.2,0.1,0.1,0.1
0,0.3,0.1,0.2,0.2
0,0.2,0.1,0.2,0.1
0,0.2,0.2,0.1,0.1
0,0.2,0.1,0.1,0.2
0,0.3,0.1,0.2,0.1
0,0.3,0.1,0.2,0.1
0,0.2,0.1,0.1,0.2
0,0.2,0.1,0.1,0.2
0,0.2,0.1,0.1,0.1
0,0.2,0.1,0.1,0.2
0,0.2,0.2,0.1,0.1
0,0.2,0.1,0.2,0.1
0,0.2,0.1,0.1,0.2
0,0.2,0.1,0.1,0.2
0,0.2,0.1,0.1,0.2
0,0.2,0.1,0.2,0.1
0,0.3,0.2,0.1,0.2
0,0.2,0.1,0.1,0.1
0,0.3,0.1,0.1,0.2
0,0.2,0.1,0.2,0.1
0,0.2,0.1,0.1,0.2
0,0.2,0.1,0.1,0.2
0,0.2,0.1,0.1,0.1
0,0.2,0.1,0.2,0.1
0,0.2,0.1,0.1,0.2
0,0.2,0.2,0.2,0.2
0,0.2,0.1,0.2,0.1
0,0.2,0.1,0.1,0.2
0,0.3,0.1,0.2,0.1
0,0.2,0.1,0.2,0.1
0,0.3,0.1,0.1,0.2
0,0.3,0.2,0.2,0.2
0,0.2,0.1,0.2,0.1
0,0.2,0.1,0.2,0.1
0,0.2,0.2,0.1,0.2
0,0.2,0.1,0.1,0.2
0,0.2,0.1,0.2,0.1
0,0.2,0.2,0.2,0.1
0,0.2,0.1,0.2,0.2
0,0.2,0.3,0.2,0.2
0,0.2,0.2,0.1,0.1
0,0.3,0.3,0.3,0.2
0,0.2,0.1,0.2,0.1
0,0.2,0.1,0.2,0.2
0,0.2,0.1,0.1,0.2
0,0.3,0.1,0.1,0.2
0,0.3,0.1,0.1,0.1
0,0.2,0.1,0.1,0.2
0,0.4,0.2,0.3,0.2
0,0.4,0.2,0.3,0.2
0,0.2,0.1,0.1,0.2
0,0.2,0.1,0.2,0.2
0,0.2,0.2,0.1,0.1
0,0.3,1,0.3,0.3
0,0.2,0.1,0.1,0.2
0,0.2,0.2,0.2,0.2
0,1.1,0.3,0.4,0.4
0,0.6,0.3,0.3,0.4
0,0.4,0.2,0.2,0.2
0,1.6,0.4,0.4,0.2
0,0.3,0.1,0.2,0.2
0,0.4,0.2,0.2,0.1
0,0.4,0.1,0.2,0.2
0,0.3,0.1,0.1,0.1
0,0.5,0.3,0.2,0.3
0,0.2,0.1,0.2,0.1
0,0.2,0.2,0.2,0.1
0,0.3,0.2,0.2,0.2
0,0.3,0.1,0.1,0.1
0,0.3,0.1,0.1,0.1
0,0.2,0.1,0.1,0.1
0,0.5,0.1,0.1,0.2
0,0.3,0.1,0.2,0.1
0,0.4,0.1,0.1,0.1
0,0.3,0.2,0.1,0.2
0,0.3,0.2,0.2,0.1
0,0.3,0.2,0.2,0.1
0,0.2,0.1,0.1,0.1
0,0.3,0.3,0.2,0.1
0,0.2,0.2,0.2,0.1
0,0.2,0.1,0.1,0.2
0,0.3,0.1,0.1,0.1
0,0.2,0.2,0.2,0.1
0,0.2,0.2,0.2,0.1
0,0.3,0.2,0.2,0.2
0,0.2,0.1,0.2,0.1
0,0.3,0.1,0.2,0.2
0,0.2,0.1,0.1,0.2
0,0.2,0.1,0.1,0.1
0,0.3,0.1,0.2,0.1
0,0.2,0.2,0.2,0.2
0,0.3,0.1,0.2,0.1
0,0.2,0.2,0.1,0.2
0,0.2,0.1,0.1,0.2
0,0.3,0.2,0.1,0.2
0,0.4,0.2,0.1,0.2
0,0.2,0.1,0.1,0.1
0,0.2,0.2,0.1,0.2
0,0.2,0.1,0.2,0.1
0,0.2,0.1,0.1,0.1
0,0.3,0.1,0.2,0.1
0,0.2,0.1,0.2,0.1
0,0.2,0.2,0.2,0.1
0,0.2,0.2,0.2,0.1
0,0.2,0.2,0.2,0.1
0,0.2,0.2,0.2,0.1
0,0.3,0.2,0.1,0.1
0,0.2,0.1,0.2,0.1
0,0.2,0.1,0.1,0.1
0,0.1,0.1,0.1,0.2
0,0.3,0.1,0.1,0.1
0,0.3,0.1,0.1,0.2
0,0.2,0.1,0.1,0.2
0,0.3,0.2,0.2,0.1
0,0.2,0.2,0.2,0.1
0,0.2,0.1,0.1,0.1
0,0.3,0.2,0.1,0.2
0,0.2,0.2,0.1,0.2
0,0.2,0.2,0.2,0.1
0,0.2,0.1,0.1,0.2
0,0.3,0.2,0.2,0.1
0,0.2,0.2,0.2,0.1
0,0.2,0.1,0.1,0.2
0,0.3,0.2,0.2,0.2
0,0.2,0.1,0.1,0.2
0,0.3,0.1,0.1,0.2
0,0.3,0.1,0.2,0.1
0,0.3,0.2,0.2,0.1
0,1.1,1.4,0.3,1.2
0,0.2,0.1,0.2,0.1
0,0.2,0.1,0.1,0.1
0,0.2,0.2,0.2,0.2
0,0.2,0.1,0.2,0.1
0,0.2,0.1,0.1,0.1
0,0.2,0.1,0.1,0.1
0,0.3,0.2,0.1,0.2
0,0.3,0.1,0.1,0.2
0,0.2,0.2,0.2,0.1
0,0.2,0.1,0.1,0.1
0,0.3,0.1,0.1,0.2
0,0.2,0.1,0.2,0.1
0,0.3,0.2,0.2,0.1
0,0.2,0.2,0.2,0.1
0,0.2,0.1,0.1,0.1
0,0.2,0.1,0.1,0.2
0,0.2,0.2,0.2,0.2
0,0.3,0.1,0.1,0.2
0,0.4,0.2,0.2,0.1
0,0.2,0.2,0.2,0.1
0,0.4,0.2,0.1,0.2
0,0.7,0.3,0.3,0.2
0,0.3,0.1,0.3,0.1
0,0.2,0.1,0.1,0.2
0,0.3,0.2,0.2,0.1
0,0.2,0.1,0.1,0.1
0,0.2,0.4,0.1,0.2
0,0.2,0.2,0.2,0.1
0,0.3,0.2,0.2,0.1
0,0.3,0.2,0.2,0.1
0,0.2,0.1,0.1,0.2
0,0.2,0.2,0.2,0.1
0,0.2,0.1,0.1,0.1
0,0.2,0.1,0.1,0.2
0,0.2,0.1,0.1,0.1
0,0.2,0.1,0.1,0.1
0,0.3,0.2,0.2,0.1
0,0.2,0.2,0.2,0.1
0,0.2,0.2,0.2,0.1
0,0.3,0.2,0.2,0.2
0,0.2,0.1,0.1,0.2
0,0.3,0.2,0.3,0.2
0,0.3,0.1,0.2,0.1
0,0.3,0.1,0.2,0.1
0,0.3,0.2,0.2,0.1
0,0.3,0.3,0.2,0.3
0,0.1,0.1,0.2,0.1
0,0.2,0.1,0.1,0.2
0,0.2,0.2,0.1,0.1
0,0.2,0.1,0.1,0.1
0,0.3,0.1,0.1,0.1
0,0.3,0.2,0.2,0.1
0,0.2,0.2,0.1,0.2
0,0.2,0.2,0.1,0.1
0,0.2,0.1,0.1,0.2
0,0.2,0.1,0.1,0.1
0,0.2,0.1,0.2,0.1
0,0.2,0.1,0.2,0.1
0,0.3,0.1,0.2,0.1
0,0.2,0.2,0.1,0.1
0,0.2,0.2,0.1,0.1
0,0.2,0.1,0.2,0.1
0,0.2,0.2,0.2,0.1
0,0.2,0.1,0.2,0.1
0,0.2,0.2,0.1,0.2
0,0.2,0.2,0.2,0.1
0,0.2,0.2,0.1,0.1
0,0.2,0.2,0.1,0.1
0,0.2,0.1,0.1,0.1
0,0.3,0.1,0.2,0.1
0,0.2,0.1,0.2,0.1
0,0.3,0.1,0.2,0.1
0,0.3,0.2,0.1,0.2
0,0.4,0.3,0.3,0.5
0,0.3,0.1,0.1,0.1
0,0.2,0.2,0.2,0.1
0,0.3,0.1,0.1,0.2
0,0.3,0.1,0.1,0.2
0,0.3,0.1,0.2,0.2
0,0.3,0.1,0.2,0.2
0,0.2,0.1,0.1,0.1
0,0.4,0.2,0.2,0.2
0,0.2,0.1,0.1,0.1
0,0.4,0.2,0.2,0.2
0,0.7,0.3,0.3,0.3
0,0.3,0.2,0.2,0.1
0,0.2,0.2,0.1,0.1
0,0.2,0.1,0.1,0.1
0,0.2,0.2,0.2,0.1
0,0.3,0.2,0.1,0.1
0,0.2,0.1,0.1,0.2
0,0.3,0.2,0.2,0.1
0,0.2,0.1,0.2,0.1
0,0.2,0.1,0.2,0.1
0,0.2,0.1,0.1,0.2
0,0.2,0.1,0.2,0.1
0,0.2,0.1,0.1,0.2
0,0.2,0.1,0.2,0.1
0,0.2,0.1,0.1,0.2
0,0.2,0.1,0.1,0.1
0,0.3,0.2,0.2,0.2
0,0.3,0.1,0.1,0.2
0,0.2,0.1,0.1,0.1
0,0.2,0.1,0.1,0.2
0,0.3,0.2,0.2,0.1
0,0.2,0.1,0.1,0.1
0,0.2,0.1,0.1,0.1
0,0.2,0.2,0.1,0.2
0,0.2,0.2,0.1,0.1
0,0.3,0.1,0.2,0.1
0,0.2,0.1,0.1,0.2
0,0.2,0.1,0.1,0.1
0,0.2,0.2,0.1,0.1
0,0.3,0.2,0.1,0.1
0,0.2,0.1,0.1,0.1
0,0.2,0.2,0.2,0.1
0,0.3,0.1,0.1,0.1
0,0.2,0.1,0.1,0.2
0,0.2,0.1,0.2,0.1
0,0.2,0.2,0.2,0.1
0,0.3,0.1,0.1,0.2
0,0.2,0.1,0.1,0.1
0,0.3,0.2,0.1,0.1
0,0.2,0.1,0.1,0.1
0,0.2,0.2,0.2,0.2
0,0.2,0.1,0.1,0.2
0,0.2,0.1,0.1,0.1
0,0.3,0.2,0.1,0.2
0,0.2,0.2,0.2,0.2
0,0.2,0.2,0.2,0.2
0,0.2,0.2,0.2,0.1
0,0.3,0.1,0.1,0.1
0,0.2,0.2,0.2,0.2
0,0.2,0.1,0.1,0.1
0,0.3,0.1,0.1,0.1
0,0.2,0.1,0.1,0.1
0,0.2,0.1,0.1,0.2
0,0.2,0.1,0.2,0.2
0,0.2,0.1,0.1,0.2
0,0.2,0.1,0.1,0.2
0,0.2,0.1,0.2,0.1
0,0.3,0.2,0.1,0.1
0,0.3,0.1,0.2,0.1
0,0.3,0.2,0.1,0.2
0,0.2,0.2,0.2,0.1
0,0.2,0.2,0.2,0.1
0,0.3,0.1,0.2,0.1
0,0.3,0.1,0.2,0.1
0,0.3,0.1,0.2,0.1
0,0.3,0.1,0.1,0.1
0,0.2,0.1,0.2,0.1
